<?xml version="1.0" encoding="UTF-8"?>
<testsuite xmlns:xsi="http://www.w3.org/2001/XMLSchema-instance" xsi:noNamespaceSchemaLocation="https://maven.apache.org/surefire/maven-surefire-plugin/xsd/surefire-test-report-3.0.xsd" version="3.0" name="TestSuite" time="47.597" tests="13" errors="0" skipped="0" failures="0">
  <properties>
    <property name="java.specification.version" value="17"/>
    <property name="webdriver.chrome.driver" value="C:\Users\k.shmana\.cache\selenium\chromedriver\win32\114.0.5735.90\chromedriver.exe"/>
    <property name="sun.cpu.isalist" value="amd64"/>
    <property name="sun.jnu.encoding" value="Cp1251"/>
    <property name="java.class.path" value="C:\Users\k.shmana\Desktop\r_d\Kanboard\target\test-classes;C:\Users\k.shmana\Desktop\r_d\Kanboard\target\classes;C:\Users\k.shmana\.m2\repository\org\testng\testng\7.7.1\testng-7.7.1.jar;C:\Users\k.shmana\.m2\repository\com\beust\jcommander\1.82\jcommander-1.82.jar;C:\Users\k.shmana\.m2\repository\org\webjars\jquery\3.6.1\jquery-3.6.1.jar;C:\Users\k.shmana\.m2\repository\io\qameta\allure\allure-testng\2.22.0\allure-testng-2.22.0.jar;C:\Users\k.shmana\.m2\repository\io\qameta\allure\allure-java-commons\2.22.0\allure-java-commons-2.22.0.jar;C:\Users\k.shmana\.m2\repository\io\qameta\allure\allure-model\2.22.0\allure-model-2.22.0.jar;C:\Users\k.shmana\.m2\repository\io\qameta\allure\allure-test-filter\2.22.0\allure-test-filter-2.22.0.jar;C:\Users\k.shmana\.m2\repository\org\seleniumhq\selenium\selenium-java\4.9.1\selenium-java-4.9.1.jar;C:\Users\k.shmana\.m2\repository\org\seleniumhq\selenium\selenium-api\4.9.1\selenium-api-4.9.1.jar;C:\Users\k.shmana\.m2\repository\org\seleniumhq\selenium\selenium-chrome-driver\4.9.1\selenium-chrome-driver-4.9.1.jar;C:\Users\k.shmana\.m2\repository\com\google\auto\service\auto-service-annotations\1.0.1\auto-service-annotations-1.0.1.jar;C:\Users\k.shmana\.m2\repository\com\google\auto\service\auto-service\1.0.1\auto-service-1.0.1.jar;C:\Users\k.shmana\.m2\repository\com\google\auto\auto-common\1.2\auto-common-1.2.jar;C:\Users\k.shmana\.m2\repository\org\seleniumhq\selenium\selenium-chromium-driver\4.9.1\selenium-chromium-driver-4.9.1.jar;C:\Users\k.shmana\.m2\repository\org\seleniumhq\selenium\selenium-json\4.9.1\selenium-json-4.9.1.jar;C:\Users\k.shmana\.m2\repository\org\seleniumhq\selenium\selenium-manager\4.9.1\selenium-manager-4.9.1.jar;C:\Users\k.shmana\.m2\repository\org\seleniumhq\selenium\selenium-devtools-v111\4.9.1\selenium-devtools-v111-4.9.1.jar;C:\Users\k.shmana\.m2\repository\org\seleniumhq\selenium\selenium-devtools-v112\4.9.1\selenium-devtools-v112-4.9.1.jar;C:\Users\k.shmana\.m2\repository\org\seleniumhq\selenium\selenium-devtools-v113\4.9.1\selenium-devtools-v113-4.9.1.jar;C:\Users\k.shmana\.m2\repository\org\seleniumhq\selenium\selenium-devtools-v85\4.9.1\selenium-devtools-v85-4.9.1.jar;C:\Users\k.shmana\.m2\repository\org\seleniumhq\selenium\selenium-edge-driver\4.9.1\selenium-edge-driver-4.9.1.jar;C:\Users\k.shmana\.m2\repository\org\seleniumhq\selenium\selenium-firefox-driver\4.9.1\selenium-firefox-driver-4.9.1.jar;C:\Users\k.shmana\.m2\repository\org\seleniumhq\selenium\selenium-http\4.9.1\selenium-http-4.9.1.jar;C:\Users\k.shmana\.m2\repository\dev\failsafe\failsafe\3.3.1\failsafe-3.3.1.jar;C:\Users\k.shmana\.m2\repository\org\seleniumhq\selenium\selenium-ie-driver\4.9.1\selenium-ie-driver-4.9.1.jar;C:\Users\k.shmana\.m2\repository\org\seleniumhq\selenium\selenium-remote-driver\4.9.1\selenium-remote-driver-4.9.1.jar;C:\Users\k.shmana\.m2\repository\io\netty\netty-buffer\4.1.91.Final\netty-buffer-4.1.91.Final.jar;C:\Users\k.shmana\.m2\repository\io\netty\netty-codec-http\4.1.91.Final\netty-codec-http-4.1.91.Final.jar;C:\Users\k.shmana\.m2\repository\io\netty\netty-codec\4.1.91.Final\netty-codec-4.1.91.Final.jar;C:\Users\k.shmana\.m2\repository\io\netty\netty-handler\4.1.91.Final\netty-handler-4.1.91.Final.jar;C:\Users\k.shmana\.m2\repository\io\netty\netty-common\4.1.91.Final\netty-common-4.1.91.Final.jar;C:\Users\k.shmana\.m2\repository\io\netty\netty-transport-classes-epoll\4.1.91.Final\netty-transport-classes-epoll-4.1.91.Final.jar;C:\Users\k.shmana\.m2\repository\io\netty\netty-transport-classes-kqueue\4.1.91.Final\netty-transport-classes-kqueue-4.1.91.Final.jar;C:\Users\k.shmana\.m2\repository\io\netty\netty-transport-native-epoll\4.1.91.Final\netty-transport-native-epoll-4.1.91.Final.jar;C:\Users\k.shmana\.m2\repository\io\netty\netty-transport-native-kqueue\4.1.91.Final\netty-transport-native-kqueue-4.1.91.Final.jar;C:\Users\k.shmana\.m2\repository\io\netty\netty-transport-native-unix-common\4.1.91.Final\netty-transport-native-unix-common-4.1.91.Final.jar;C:\Users\k.shmana\.m2\repository\io\netty\netty-transport\4.1.91.Final\netty-transport-4.1.91.Final.jar;C:\Users\k.shmana\.m2\repository\io\netty\netty-resolver\4.1.91.Final\netty-resolver-4.1.91.Final.jar;C:\Users\k.shmana\.m2\repository\io\opentelemetry\opentelemetry-api\1.25.0\opentelemetry-api-1.25.0.jar;C:\Users\k.shmana\.m2\repository\io\opentelemetry\opentelemetry-context\1.25.0\opentelemetry-context-1.25.0.jar;C:\Users\k.shmana\.m2\repository\io\opentelemetry\opentelemetry-exporter-logging\1.25.0\opentelemetry-exporter-logging-1.25.0.jar;C:\Users\k.shmana\.m2\repository\io\opentelemetry\opentelemetry-sdk-metrics\1.25.0\opentelemetry-sdk-metrics-1.25.0.jar;C:\Users\k.shmana\.m2\repository\io\opentelemetry\opentelemetry-sdk-logs\1.25.0-alpha\opentelemetry-sdk-logs-1.25.0-alpha.jar;C:\Users\k.shmana\.m2\repository\io\opentelemetry\opentelemetry-api-logs\1.25.0-alpha\opentelemetry-api-logs-1.25.0-alpha.jar;C:\Users\k.shmana\.m2\repository\io\opentelemetry\opentelemetry-api-events\1.25.0-alpha\opentelemetry-api-events-1.25.0-alpha.jar;C:\Users\k.shmana\.m2\repository\io\opentelemetry\opentelemetry-sdk-common\1.25.0\opentelemetry-sdk-common-1.25.0.jar;C:\Users\k.shmana\.m2\repository\io\opentelemetry\opentelemetry-sdk-extension-autoconfigure-spi\1.25.0\opentelemetry-sdk-extension-autoconfigure-spi-1.25.0.jar;C:\Users\k.shmana\.m2\repository\io\opentelemetry\opentelemetry-sdk-extension-autoconfigure\1.25.0-alpha\opentelemetry-sdk-extension-autoconfigure-1.25.0-alpha.jar;C:\Users\k.shmana\.m2\repository\io\opentelemetry\opentelemetry-sdk-trace\1.25.0\opentelemetry-sdk-trace-1.25.0.jar;C:\Users\k.shmana\.m2\repository\io\opentelemetry\opentelemetry-sdk\1.25.0\opentelemetry-sdk-1.25.0.jar;C:\Users\k.shmana\.m2\repository\io\opentelemetry\opentelemetry-semconv\1.25.0-alpha\opentelemetry-semconv-1.25.0-alpha.jar;C:\Users\k.shmana\.m2\repository\io\ous\jtoml\2.0.0\jtoml-2.0.0.jar;C:\Users\k.shmana\.m2\repository\net\bytebuddy\byte-buddy\1.14.4\byte-buddy-1.14.4.jar;C:\Users\k.shmana\.m2\repository\org\apache\commons\commons-exec\1.3\commons-exec-1.3.jar;C:\Users\k.shmana\.m2\repository\org\asynchttpclient\async-http-client\2.12.3\async-http-client-2.12.3.jar;C:\Users\k.shmana\.m2\repository\org\asynchttpclient\async-http-client-netty-utils\2.12.3\async-http-client-netty-utils-2.12.3.jar;C:\Users\k.shmana\.m2\repository\io\netty\netty-codec-socks\4.1.60.Final\netty-codec-socks-4.1.60.Final.jar;C:\Users\k.shmana\.m2\repository\io\netty\netty-handler-proxy\4.1.60.Final\netty-handler-proxy-4.1.60.Final.jar;C:\Users\k.shmana\.m2\repository\io\netty\netty-transport-native-epoll\4.1.60.Final\netty-transport-native-epoll-4.1.60.Final-linux-x86_64.jar;C:\Users\k.shmana\.m2\repository\io\netty\netty-transport-native-kqueue\4.1.60.Final\netty-transport-native-kqueue-4.1.60.Final-osx-x86_64.jar;C:\Users\k.shmana\.m2\repository\org\reactivestreams\reactive-streams\1.0.3\reactive-streams-1.0.3.jar;C:\Users\k.shmana\.m2\repository\com\typesafe\netty\netty-reactive-streams\2.0.4\netty-reactive-streams-2.0.4.jar;C:\Users\k.shmana\.m2\repository\com\sun\activation\jakarta.activation\1.2.2\jakarta.activation-1.2.2.jar;C:\Users\k.shmana\.m2\repository\org\seleniumhq\selenium\selenium-safari-driver\4.9.1\selenium-safari-driver-4.9.1.jar;C:\Users\k.shmana\.m2\repository\org\seleniumhq\selenium\selenium-support\4.9.1\selenium-support-4.9.1.jar;C:\Users\k.shmana\.m2\repository\io\github\bonigarcia\webdrivermanager\5.3.3\webdrivermanager-5.3.3.jar;C:\Users\k.shmana\.m2\repository\com\google\code\gson\gson\2.10.1\gson-2.10.1.jar;C:\Users\k.shmana\.m2\repository\com\github\docker-java\docker-java\3.3.0\docker-java-3.3.0.jar;C:\Users\k.shmana\.m2\repository\com\github\docker-java\docker-java-core\3.3.0\docker-java-core-3.3.0.jar;C:\Users\k.shmana\.m2\repository\com\github\docker-java\docker-java-api\3.3.0\docker-java-api-3.3.0.jar;C:\Users\k.shmana\.m2\repository\org\bouncycastle\bcpkix-jdk15on\1.64\bcpkix-jdk15on-1.64.jar;C:\Users\k.shmana\.m2\repository\org\bouncycastle\bcprov-jdk15on\1.64\bcprov-jdk15on-1.64.jar;C:\Users\k.shmana\.m2\repository\org\slf4j\jcl-over-slf4j\1.7.30\jcl-over-slf4j-1.7.30.jar;C:\Users\k.shmana\.m2\repository\com\github\docker-java\docker-java-transport-httpclient5\3.3.0\docker-java-transport-httpclient5-3.3.0.jar;C:\Users\k.shmana\.m2\repository\com\github\docker-java\docker-java-transport\3.3.0\docker-java-transport-3.3.0.jar;C:\Users\k.shmana\.m2\repository\net\java\dev\jna\jna\5.12.1\jna-5.12.1.jar;C:\Users\k.shmana\.m2\repository\org\brotli\dec\0.1.2\dec-0.1.2.jar;C:\Users\k.shmana\.m2\repository\org\apache\commons\commons-lang3\3.12.0\commons-lang3-3.12.0.jar;C:\Users\k.shmana\.m2\repository\org\apache\httpcomponents\client5\httpclient5\5.2.1\httpclient5-5.2.1.jar;C:\Users\k.shmana\.m2\repository\org\apache\httpcomponents\core5\httpcore5\5.2\httpcore5-5.2.jar;C:\Users\k.shmana\.m2\repository\org\apache\httpcomponents\core5\httpcore5-h2\5.2\httpcore5-h2-5.2.jar;C:\Users\k.shmana\.m2\repository\com\github\javafaker\javafaker\1.0.2\javafaker-1.0.2.jar;C:\Users\k.shmana\.m2\repository\org\yaml\snakeyaml\1.23\snakeyaml-1.23-android.jar;C:\Users\k.shmana\.m2\repository\com\github\mifmif\generex\1.0.2\generex-1.0.2.jar;C:\Users\k.shmana\.m2\repository\dk\brics\automaton\automaton\1.11-8\automaton-1.11-8.jar;C:\Users\k.shmana\.m2\repository\com\codeborne\selenide\6.15.0\selenide-6.15.0.jar;C:\Users\k.shmana\.m2\repository\com\codeborne\selenide-core\6.15.0\selenide-core-6.15.0.jar;C:\Users\k.shmana\.m2\repository\org\opentest4j\opentest4j\1.2.0\opentest4j-1.2.0.jar;C:\Users\k.shmana\.m2\repository\org\apache\commons\commons-compress\1.23.0\commons-compress-1.23.0.jar;C:\Users\k.shmana\.m2\repository\com\google\guava\guava\31.1-jre\guava-31.1-jre.jar;C:\Users\k.shmana\.m2\repository\com\google\guava\failureaccess\1.0.1\failureaccess-1.0.1.jar;C:\Users\k.shmana\.m2\repository\com\google\guava\listenablefuture\9999.0-empty-to-avoid-conflict-with-guava\listenablefuture-9999.0-empty-to-avoid-conflict-with-guava.jar;C:\Users\k.shmana\.m2\repository\com\google\code\findbugs\jsr305\3.0.2\jsr305-3.0.2.jar;C:\Users\k.shmana\.m2\repository\org\checkerframework\checker-qual\3.12.0\checker-qual-3.12.0.jar;C:\Users\k.shmana\.m2\repository\com\google\errorprone\error_prone_annotations\2.11.0\error_prone_annotations-2.11.0.jar;C:\Users\k.shmana\.m2\repository\com\google\j2objc\j2objc-annotations\1.3\j2objc-annotations-1.3.jar;C:\Users\k.shmana\.m2\repository\commons-io\commons-io\2.12.0\commons-io-2.12.0.jar;C:\Users\k.shmana\.m2\repository\org\json\json\20220320\json-20220320.jar;C:\Users\k.shmana\.m2\repository\com\fasterxml\jackson\core\jackson-databind\2.15.2\jackson-databind-2.15.2.jar;C:\Users\k.shmana\.m2\repository\com\fasterxml\jackson\core\jackson-annotations\2.15.2\jackson-annotations-2.15.2.jar;C:\Users\k.shmana\.m2\repository\com\fasterxml\jackson\core\jackson-core\2.15.2\jackson-core-2.15.2.jar;C:\Users\k.shmana\.m2\repository\io\rest-assured\rest-assured\5.3.0\rest-assured-5.3.0.jar;C:\Users\k.shmana\.m2\repository\org\apache\groovy\groovy\4.0.6\groovy-4.0.6.jar;C:\Users\k.shmana\.m2\repository\org\apache\groovy\groovy-xml\4.0.6\groovy-xml-4.0.6.jar;C:\Users\k.shmana\.m2\repository\org\apache\httpcomponents\httpclient\4.5.13\httpclient-4.5.13.jar;C:\Users\k.shmana\.m2\repository\org\apache\httpcomponents\httpcore\4.4.13\httpcore-4.4.13.jar;C:\Users\k.shmana\.m2\repository\commons-logging\commons-logging\1.2\commons-logging-1.2.jar;C:\Users\k.shmana\.m2\repository\commons-codec\commons-codec\1.11\commons-codec-1.11.jar;C:\Users\k.shmana\.m2\repository\org\apache\httpcomponents\httpmime\4.5.13\httpmime-4.5.13.jar;C:\Users\k.shmana\.m2\repository\org\hamcrest\hamcrest\2.1\hamcrest-2.1.jar;C:\Users\k.shmana\.m2\repository\org\ccil\cowan\tagsoup\tagsoup\1.2.1\tagsoup-1.2.1.jar;C:\Users\k.shmana\.m2\repository\io\rest-assured\json-path\5.3.0\json-path-5.3.0.jar;C:\Users\k.shmana\.m2\repository\org\apache\groovy\groovy-json\4.0.6\groovy-json-4.0.6.jar;C:\Users\k.shmana\.m2\repository\io\rest-assured\rest-assured-common\5.3.0\rest-assured-common-5.3.0.jar;C:\Users\k.shmana\.m2\repository\io\rest-assured\xml-path\5.3.0\xml-path-5.3.0.jar;C:\Users\k.shmana\.m2\repository\io\rest-assured\json-schema-validator\5.3.0\json-schema-validator-5.3.0.jar;C:\Users\k.shmana\.m2\repository\com\github\java-json-tools\json-schema-validator\2.2.14\json-schema-validator-2.2.14.jar;C:\Users\k.shmana\.m2\repository\com\github\java-json-tools\jackson-coreutils-equivalence\1.0\jackson-coreutils-equivalence-1.0.jar;C:\Users\k.shmana\.m2\repository\com\github\java-json-tools\jackson-coreutils\2.0\jackson-coreutils-2.0.jar;C:\Users\k.shmana\.m2\repository\com\github\java-json-tools\msg-simple\1.2\msg-simple-1.2.jar;C:\Users\k.shmana\.m2\repository\com\github\java-json-tools\btf\1.3\btf-1.3.jar;C:\Users\k.shmana\.m2\repository\com\github\java-json-tools\json-schema-core\1.2.14\json-schema-core-1.2.14.jar;C:\Users\k.shmana\.m2\repository\com\github\java-json-tools\uri-template\0.10\uri-template-0.10.jar;C:\Users\k.shmana\.m2\repository\org\mozilla\rhino\1.7.7.2\rhino-1.7.7.2.jar;C:\Users\k.shmana\.m2\repository\com\sun\mail\mailapi\1.6.2\mailapi-1.6.2.jar;C:\Users\k.shmana\.m2\repository\joda-time\joda-time\2.10.5\joda-time-2.10.5.jar;C:\Users\k.shmana\.m2\repository\com\googlecode\libphonenumber\libphonenumber\8.11.1\libphonenumber-8.11.1.jar;C:\Users\k.shmana\.m2\repository\net\sf\jopt-simple\jopt-simple\5.0.4\jopt-simple-5.0.4.jar;C:\Users\k.shmana\.m2\repository\org\projectlombok\lombok\1.18.28\lombok-1.18.28.jar;C:\Users\k.shmana\.m2\repository\com\fasterxml\jackson\datatype\jackson-datatype-jsr310\2.15.2\jackson-datatype-jsr310-2.15.2.jar;C:\Users\k.shmana\.m2\repository\org\slf4j\slf4j-api\1.7.36\slf4j-api-1.7.36.jar;C:\Users\k.shmana\.m2\repository\ch\qos\logback\logback-classic\1.2.6\logback-classic-1.2.6.jar;C:\Users\k.shmana\.m2\repository\ch\qos\logback\logback-core\1.2.6\logback-core-1.2.6.jar;"/>
    <property name="java.vm.vendor" value="Oracle Corporation"/>
    <property name="sun.arch.data.model" value="64"/>
    <property name="user.variant" value=""/>
    <property name="java.vendor.url" value="https://java.oracle.com/"/>
    <property name="user.timezone" value="Europe/Kiev"/>
    <property name="os.name" value="Windows 10"/>
    <property name="java.vm.specification.version" value="17"/>
    <property name="sun.java.launcher" value="SUN_STANDARD"/>
    <property name="user.country" value="RU"/>
    <property name="sun.boot.library.path" value="C:\Program Files\Java\jdk-17\bin"/>
    <property name="sun.java.command" value="C:\Users\k.shmana\AppData\Local\Temp\surefire7112827739334775997\surefirebooter-20230725174130604_3.jar C:\Users\k.shmana\AppData\Local\Temp\surefire7112827739334775997 2023-07-25T17-41-30_073-jvmRun1 surefire-20230725174130604_1tmp surefire_0-20230725174130604_2tmp"/>
    <property name="jdk.debug" value="release"/>
    <property name="surefire.test.class.path" value="C:\Users\k.shmana\Desktop\r_d\Kanboard\target\test-classes;C:\Users\k.shmana\Desktop\r_d\Kanboard\target\classes;C:\Users\k.shmana\.m2\repository\org\testng\testng\7.7.1\testng-7.7.1.jar;C:\Users\k.shmana\.m2\repository\com\beust\jcommander\1.82\jcommander-1.82.jar;C:\Users\k.shmana\.m2\repository\org\webjars\jquery\3.6.1\jquery-3.6.1.jar;C:\Users\k.shmana\.m2\repository\io\qameta\allure\allure-testng\2.22.0\allure-testng-2.22.0.jar;C:\Users\k.shmana\.m2\repository\io\qameta\allure\allure-java-commons\2.22.0\allure-java-commons-2.22.0.jar;C:\Users\k.shmana\.m2\repository\io\qameta\allure\allure-model\2.22.0\allure-model-2.22.0.jar;C:\Users\k.shmana\.m2\repository\io\qameta\allure\allure-test-filter\2.22.0\allure-test-filter-2.22.0.jar;C:\Users\k.shmana\.m2\repository\org\seleniumhq\selenium\selenium-java\4.9.1\selenium-java-4.9.1.jar;C:\Users\k.shmana\.m2\repository\org\seleniumhq\selenium\selenium-api\4.9.1\selenium-api-4.9.1.jar;C:\Users\k.shmana\.m2\repository\org\seleniumhq\selenium\selenium-chrome-driver\4.9.1\selenium-chrome-driver-4.9.1.jar;C:\Users\k.shmana\.m2\repository\com\google\auto\service\auto-service-annotations\1.0.1\auto-service-annotations-1.0.1.jar;C:\Users\k.shmana\.m2\repository\com\google\auto\service\auto-service\1.0.1\auto-service-1.0.1.jar;C:\Users\k.shmana\.m2\repository\com\google\auto\auto-common\1.2\auto-common-1.2.jar;C:\Users\k.shmana\.m2\repository\org\seleniumhq\selenium\selenium-chromium-driver\4.9.1\selenium-chromium-driver-4.9.1.jar;C:\Users\k.shmana\.m2\repository\org\seleniumhq\selenium\selenium-json\4.9.1\selenium-json-4.9.1.jar;C:\Users\k.shmana\.m2\repository\org\seleniumhq\selenium\selenium-manager\4.9.1\selenium-manager-4.9.1.jar;C:\Users\k.shmana\.m2\repository\org\seleniumhq\selenium\selenium-devtools-v111\4.9.1\selenium-devtools-v111-4.9.1.jar;C:\Users\k.shmana\.m2\repository\org\seleniumhq\selenium\selenium-devtools-v112\4.9.1\selenium-devtools-v112-4.9.1.jar;C:\Users\k.shmana\.m2\repository\org\seleniumhq\selenium\selenium-devtools-v113\4.9.1\selenium-devtools-v113-4.9.1.jar;C:\Users\k.shmana\.m2\repository\org\seleniumhq\selenium\selenium-devtools-v85\4.9.1\selenium-devtools-v85-4.9.1.jar;C:\Users\k.shmana\.m2\repository\org\seleniumhq\selenium\selenium-edge-driver\4.9.1\selenium-edge-driver-4.9.1.jar;C:\Users\k.shmana\.m2\repository\org\seleniumhq\selenium\selenium-firefox-driver\4.9.1\selenium-firefox-driver-4.9.1.jar;C:\Users\k.shmana\.m2\repository\org\seleniumhq\selenium\selenium-http\4.9.1\selenium-http-4.9.1.jar;C:\Users\k.shmana\.m2\repository\dev\failsafe\failsafe\3.3.1\failsafe-3.3.1.jar;C:\Users\k.shmana\.m2\repository\org\seleniumhq\selenium\selenium-ie-driver\4.9.1\selenium-ie-driver-4.9.1.jar;C:\Users\k.shmana\.m2\repository\org\seleniumhq\selenium\selenium-remote-driver\4.9.1\selenium-remote-driver-4.9.1.jar;C:\Users\k.shmana\.m2\repository\io\netty\netty-buffer\4.1.91.Final\netty-buffer-4.1.91.Final.jar;C:\Users\k.shmana\.m2\repository\io\netty\netty-codec-http\4.1.91.Final\netty-codec-http-4.1.91.Final.jar;C:\Users\k.shmana\.m2\repository\io\netty\netty-codec\4.1.91.Final\netty-codec-4.1.91.Final.jar;C:\Users\k.shmana\.m2\repository\io\netty\netty-handler\4.1.91.Final\netty-handler-4.1.91.Final.jar;C:\Users\k.shmana\.m2\repository\io\netty\netty-common\4.1.91.Final\netty-common-4.1.91.Final.jar;C:\Users\k.shmana\.m2\repository\io\netty\netty-transport-classes-epoll\4.1.91.Final\netty-transport-classes-epoll-4.1.91.Final.jar;C:\Users\k.shmana\.m2\repository\io\netty\netty-transport-classes-kqueue\4.1.91.Final\netty-transport-classes-kqueue-4.1.91.Final.jar;C:\Users\k.shmana\.m2\repository\io\netty\netty-transport-native-epoll\4.1.91.Final\netty-transport-native-epoll-4.1.91.Final.jar;C:\Users\k.shmana\.m2\repository\io\netty\netty-transport-native-kqueue\4.1.91.Final\netty-transport-native-kqueue-4.1.91.Final.jar;C:\Users\k.shmana\.m2\repository\io\netty\netty-transport-native-unix-common\4.1.91.Final\netty-transport-native-unix-common-4.1.91.Final.jar;C:\Users\k.shmana\.m2\repository\io\netty\netty-transport\4.1.91.Final\netty-transport-4.1.91.Final.jar;C:\Users\k.shmana\.m2\repository\io\netty\netty-resolver\4.1.91.Final\netty-resolver-4.1.91.Final.jar;C:\Users\k.shmana\.m2\repository\io\opentelemetry\opentelemetry-api\1.25.0\opentelemetry-api-1.25.0.jar;C:\Users\k.shmana\.m2\repository\io\opentelemetry\opentelemetry-context\1.25.0\opentelemetry-context-1.25.0.jar;C:\Users\k.shmana\.m2\repository\io\opentelemetry\opentelemetry-exporter-logging\1.25.0\opentelemetry-exporter-logging-1.25.0.jar;C:\Users\k.shmana\.m2\repository\io\opentelemetry\opentelemetry-sdk-metrics\1.25.0\opentelemetry-sdk-metrics-1.25.0.jar;C:\Users\k.shmana\.m2\repository\io\opentelemetry\opentelemetry-sdk-logs\1.25.0-alpha\opentelemetry-sdk-logs-1.25.0-alpha.jar;C:\Users\k.shmana\.m2\repository\io\opentelemetry\opentelemetry-api-logs\1.25.0-alpha\opentelemetry-api-logs-1.25.0-alpha.jar;C:\Users\k.shmana\.m2\repository\io\opentelemetry\opentelemetry-api-events\1.25.0-alpha\opentelemetry-api-events-1.25.0-alpha.jar;C:\Users\k.shmana\.m2\repository\io\opentelemetry\opentelemetry-sdk-common\1.25.0\opentelemetry-sdk-common-1.25.0.jar;C:\Users\k.shmana\.m2\repository\io\opentelemetry\opentelemetry-sdk-extension-autoconfigure-spi\1.25.0\opentelemetry-sdk-extension-autoconfigure-spi-1.25.0.jar;C:\Users\k.shmana\.m2\repository\io\opentelemetry\opentelemetry-sdk-extension-autoconfigure\1.25.0-alpha\opentelemetry-sdk-extension-autoconfigure-1.25.0-alpha.jar;C:\Users\k.shmana\.m2\repository\io\opentelemetry\opentelemetry-sdk-trace\1.25.0\opentelemetry-sdk-trace-1.25.0.jar;C:\Users\k.shmana\.m2\repository\io\opentelemetry\opentelemetry-sdk\1.25.0\opentelemetry-sdk-1.25.0.jar;C:\Users\k.shmana\.m2\repository\io\opentelemetry\opentelemetry-semconv\1.25.0-alpha\opentelemetry-semconv-1.25.0-alpha.jar;C:\Users\k.shmana\.m2\repository\io\ous\jtoml\2.0.0\jtoml-2.0.0.jar;C:\Users\k.shmana\.m2\repository\net\bytebuddy\byte-buddy\1.14.4\byte-buddy-1.14.4.jar;C:\Users\k.shmana\.m2\repository\org\apache\commons\commons-exec\1.3\commons-exec-1.3.jar;C:\Users\k.shmana\.m2\repository\org\asynchttpclient\async-http-client\2.12.3\async-http-client-2.12.3.jar;C:\Users\k.shmana\.m2\repository\org\asynchttpclient\async-http-client-netty-utils\2.12.3\async-http-client-netty-utils-2.12.3.jar;C:\Users\k.shmana\.m2\repository\io\netty\netty-codec-socks\4.1.60.Final\netty-codec-socks-4.1.60.Final.jar;C:\Users\k.shmana\.m2\repository\io\netty\netty-handler-proxy\4.1.60.Final\netty-handler-proxy-4.1.60.Final.jar;C:\Users\k.shmana\.m2\repository\io\netty\netty-transport-native-epoll\4.1.60.Final\netty-transport-native-epoll-4.1.60.Final-linux-x86_64.jar;C:\Users\k.shmana\.m2\repository\io\netty\netty-transport-native-kqueue\4.1.60.Final\netty-transport-native-kqueue-4.1.60.Final-osx-x86_64.jar;C:\Users\k.shmana\.m2\repository\org\reactivestreams\reactive-streams\1.0.3\reactive-streams-1.0.3.jar;C:\Users\k.shmana\.m2\repository\com\typesafe\netty\netty-reactive-streams\2.0.4\netty-reactive-streams-2.0.4.jar;C:\Users\k.shmana\.m2\repository\com\sun\activation\jakarta.activation\1.2.2\jakarta.activation-1.2.2.jar;C:\Users\k.shmana\.m2\repository\org\seleniumhq\selenium\selenium-safari-driver\4.9.1\selenium-safari-driver-4.9.1.jar;C:\Users\k.shmana\.m2\repository\org\seleniumhq\selenium\selenium-support\4.9.1\selenium-support-4.9.1.jar;C:\Users\k.shmana\.m2\repository\io\github\bonigarcia\webdrivermanager\5.3.3\webdrivermanager-5.3.3.jar;C:\Users\k.shmana\.m2\repository\com\google\code\gson\gson\2.10.1\gson-2.10.1.jar;C:\Users\k.shmana\.m2\repository\com\github\docker-java\docker-java\3.3.0\docker-java-3.3.0.jar;C:\Users\k.shmana\.m2\repository\com\github\docker-java\docker-java-core\3.3.0\docker-java-core-3.3.0.jar;C:\Users\k.shmana\.m2\repository\com\github\docker-java\docker-java-api\3.3.0\docker-java-api-3.3.0.jar;C:\Users\k.shmana\.m2\repository\org\bouncycastle\bcpkix-jdk15on\1.64\bcpkix-jdk15on-1.64.jar;C:\Users\k.shmana\.m2\repository\org\bouncycastle\bcprov-jdk15on\1.64\bcprov-jdk15on-1.64.jar;C:\Users\k.shmana\.m2\repository\org\slf4j\jcl-over-slf4j\1.7.30\jcl-over-slf4j-1.7.30.jar;C:\Users\k.shmana\.m2\repository\com\github\docker-java\docker-java-transport-httpclient5\3.3.0\docker-java-transport-httpclient5-3.3.0.jar;C:\Users\k.shmana\.m2\repository\com\github\docker-java\docker-java-transport\3.3.0\docker-java-transport-3.3.0.jar;C:\Users\k.shmana\.m2\repository\net\java\dev\jna\jna\5.12.1\jna-5.12.1.jar;C:\Users\k.shmana\.m2\repository\org\brotli\dec\0.1.2\dec-0.1.2.jar;C:\Users\k.shmana\.m2\repository\org\apache\commons\commons-lang3\3.12.0\commons-lang3-3.12.0.jar;C:\Users\k.shmana\.m2\repository\org\apache\httpcomponents\client5\httpclient5\5.2.1\httpclient5-5.2.1.jar;C:\Users\k.shmana\.m2\repository\org\apache\httpcomponents\core5\httpcore5\5.2\httpcore5-5.2.jar;C:\Users\k.shmana\.m2\repository\org\apache\httpcomponents\core5\httpcore5-h2\5.2\httpcore5-h2-5.2.jar;C:\Users\k.shmana\.m2\repository\com\github\javafaker\javafaker\1.0.2\javafaker-1.0.2.jar;C:\Users\k.shmana\.m2\repository\org\yaml\snakeyaml\1.23\snakeyaml-1.23-android.jar;C:\Users\k.shmana\.m2\repository\com\github\mifmif\generex\1.0.2\generex-1.0.2.jar;C:\Users\k.shmana\.m2\repository\dk\brics\automaton\automaton\1.11-8\automaton-1.11-8.jar;C:\Users\k.shmana\.m2\repository\com\codeborne\selenide\6.15.0\selenide-6.15.0.jar;C:\Users\k.shmana\.m2\repository\com\codeborne\selenide-core\6.15.0\selenide-core-6.15.0.jar;C:\Users\k.shmana\.m2\repository\org\opentest4j\opentest4j\1.2.0\opentest4j-1.2.0.jar;C:\Users\k.shmana\.m2\repository\org\apache\commons\commons-compress\1.23.0\commons-compress-1.23.0.jar;C:\Users\k.shmana\.m2\repository\com\google\guava\guava\31.1-jre\guava-31.1-jre.jar;C:\Users\k.shmana\.m2\repository\com\google\guava\failureaccess\1.0.1\failureaccess-1.0.1.jar;C:\Users\k.shmana\.m2\repository\com\google\guava\listenablefuture\9999.0-empty-to-avoid-conflict-with-guava\listenablefuture-9999.0-empty-to-avoid-conflict-with-guava.jar;C:\Users\k.shmana\.m2\repository\com\google\code\findbugs\jsr305\3.0.2\jsr305-3.0.2.jar;C:\Users\k.shmana\.m2\repository\org\checkerframework\checker-qual\3.12.0\checker-qual-3.12.0.jar;C:\Users\k.shmana\.m2\repository\com\google\errorprone\error_prone_annotations\2.11.0\error_prone_annotations-2.11.0.jar;C:\Users\k.shmana\.m2\repository\com\google\j2objc\j2objc-annotations\1.3\j2objc-annotations-1.3.jar;C:\Users\k.shmana\.m2\repository\commons-io\commons-io\2.12.0\commons-io-2.12.0.jar;C:\Users\k.shmana\.m2\repository\org\json\json\20220320\json-20220320.jar;C:\Users\k.shmana\.m2\repository\com\fasterxml\jackson\core\jackson-databind\2.15.2\jackson-databind-2.15.2.jar;C:\Users\k.shmana\.m2\repository\com\fasterxml\jackson\core\jackson-annotations\2.15.2\jackson-annotations-2.15.2.jar;C:\Users\k.shmana\.m2\repository\com\fasterxml\jackson\core\jackson-core\2.15.2\jackson-core-2.15.2.jar;C:\Users\k.shmana\.m2\repository\io\rest-assured\rest-assured\5.3.0\rest-assured-5.3.0.jar;C:\Users\k.shmana\.m2\repository\org\apache\groovy\groovy\4.0.6\groovy-4.0.6.jar;C:\Users\k.shmana\.m2\repository\org\apache\groovy\groovy-xml\4.0.6\groovy-xml-4.0.6.jar;C:\Users\k.shmana\.m2\repository\org\apache\httpcomponents\httpclient\4.5.13\httpclient-4.5.13.jar;C:\Users\k.shmana\.m2\repository\org\apache\httpcomponents\httpcore\4.4.13\httpcore-4.4.13.jar;C:\Users\k.shmana\.m2\repository\commons-logging\commons-logging\1.2\commons-logging-1.2.jar;C:\Users\k.shmana\.m2\repository\commons-codec\commons-codec\1.11\commons-codec-1.11.jar;C:\Users\k.shmana\.m2\repository\org\apache\httpcomponents\httpmime\4.5.13\httpmime-4.5.13.jar;C:\Users\k.shmana\.m2\repository\org\hamcrest\hamcrest\2.1\hamcrest-2.1.jar;C:\Users\k.shmana\.m2\repository\org\ccil\cowan\tagsoup\tagsoup\1.2.1\tagsoup-1.2.1.jar;C:\Users\k.shmana\.m2\repository\io\rest-assured\json-path\5.3.0\json-path-5.3.0.jar;C:\Users\k.shmana\.m2\repository\org\apache\groovy\groovy-json\4.0.6\groovy-json-4.0.6.jar;C:\Users\k.shmana\.m2\repository\io\rest-assured\rest-assured-common\5.3.0\rest-assured-common-5.3.0.jar;C:\Users\k.shmana\.m2\repository\io\rest-assured\xml-path\5.3.0\xml-path-5.3.0.jar;C:\Users\k.shmana\.m2\repository\io\rest-assured\json-schema-validator\5.3.0\json-schema-validator-5.3.0.jar;C:\Users\k.shmana\.m2\repository\com\github\java-json-tools\json-schema-validator\2.2.14\json-schema-validator-2.2.14.jar;C:\Users\k.shmana\.m2\repository\com\github\java-json-tools\jackson-coreutils-equivalence\1.0\jackson-coreutils-equivalence-1.0.jar;C:\Users\k.shmana\.m2\repository\com\github\java-json-tools\jackson-coreutils\2.0\jackson-coreutils-2.0.jar;C:\Users\k.shmana\.m2\repository\com\github\java-json-tools\msg-simple\1.2\msg-simple-1.2.jar;C:\Users\k.shmana\.m2\repository\com\github\java-json-tools\btf\1.3\btf-1.3.jar;C:\Users\k.shmana\.m2\repository\com\github\java-json-tools\json-schema-core\1.2.14\json-schema-core-1.2.14.jar;C:\Users\k.shmana\.m2\repository\com\github\java-json-tools\uri-template\0.10\uri-template-0.10.jar;C:\Users\k.shmana\.m2\repository\org\mozilla\rhino\1.7.7.2\rhino-1.7.7.2.jar;C:\Users\k.shmana\.m2\repository\com\sun\mail\mailapi\1.6.2\mailapi-1.6.2.jar;C:\Users\k.shmana\.m2\repository\joda-time\joda-time\2.10.5\joda-time-2.10.5.jar;C:\Users\k.shmana\.m2\repository\com\googlecode\libphonenumber\libphonenumber\8.11.1\libphonenumber-8.11.1.jar;C:\Users\k.shmana\.m2\repository\net\sf\jopt-simple\jopt-simple\5.0.4\jopt-simple-5.0.4.jar;C:\Users\k.shmana\.m2\repository\org\projectlombok\lombok\1.18.28\lombok-1.18.28.jar;C:\Users\k.shmana\.m2\repository\com\fasterxml\jackson\datatype\jackson-datatype-jsr310\2.15.2\jackson-datatype-jsr310-2.15.2.jar;C:\Users\k.shmana\.m2\repository\org\slf4j\slf4j-api\1.7.36\slf4j-api-1.7.36.jar;C:\Users\k.shmana\.m2\repository\ch\qos\logback\logback-classic\1.2.6\logback-classic-1.2.6.jar;C:\Users\k.shmana\.m2\repository\ch\qos\logback\logback-core\1.2.6\logback-core-1.2.6.jar;"/>
    <property name="allure.results.directory" value="target/allure-results"/>
    <property name="sun.cpu.endian" value="little"/>
    <property name="user.home" value="C:\Users\k.shmana"/>
    <property name="user.language" value="ru"/>
    <property name="java.specification.vendor" value="Oracle Corporation"/>
    <property name="java.version.date" value="2021-09-14"/>
    <property name="java.home" value="C:\Program Files\Java\jdk-17"/>
    <property name="file.separator" value="\"/>
    <property name="basedir" value="C:\Users\k.shmana\Desktop\r_d\Kanboard"/>
    <property name="java.vm.compressedOopsMode" value="32-bit"/>
    <property name="line.separator" value="&#10;"/>
    <property name="java.vm.specification.vendor" value="Oracle Corporation"/>
    <property name="java.specification.name" value="Java Platform API Specification"/>
    <property name="surefire.real.class.path" value="C:\Users\k.shmana\AppData\Local\Temp\surefire7112827739334775997\surefirebooter-20230725174130604_3.jar"/>
    <property name="user.script" value=""/>
    <property name="sun.management.compiler" value="HotSpot 64-Bit Tiered Compilers"/>
    <property name="java.runtime.version" value="17+35-LTS-2724"/>
    <property name="user.name" value="k.shmana"/>
    <property name="path.separator" value=";"/>
    <property name="os.version" value="10.0"/>
    <property name="java.runtime.name" value="Java(TM) SE Runtime Environment"/>
    <property name="file.encoding" value="Cp1251"/>
    <property name="java.vm.name" value="Java HotSpot(TM) 64-Bit Server VM"/>
    <property name="localRepository" value="C:\Users\k.shmana\.m2\repository"/>
    <property name="java.vendor.url.bug" value="https://bugreport.java.com/bugreport/"/>
    <property name="java.io.tmpdir" value="C:\Users\KFA24~1.SHM\AppData\Local\Temp\"/>
    <property name="java.version" value="17"/>
    <property name="user.dir" value="C:\Users\k.shmana\Desktop\r_d\Kanboard"/>
    <property name="os.arch" value="amd64"/>
    <property name="java.vm.specification.name" value="Java Virtual Machine Specification"/>
    <property name="sun.os.patch.level" value=""/>
    <property name="native.encoding" value="Cp1251"/>
    <property name="java.library.path" value="C:\Program Files\Java\jdk-17\bin;C:\Windows\Sun\Java\bin;C:\Windows\system32;C:\Windows;C:\Program Files\Common Files\Oracle\Java\javapath;C:\Program Files (x86)\Common Files\Oracle\Java\javapath;C:\Windows\system32;C:\Windows;C:\Windows\System32\Wbem;C:\Windows\System32\WindowsPowerShell\v1.0\;C:\Windows\System32\OpenSSH\;C:\Program Files\Microsoft\Web Platform Installer\;C:\Program Files (x86)\Microsoft ASP.NET\ASP.NET Web Pages\v1.0\;C:\Program Files (x86)\Windows Kits\8.0\Windows Performance Toolkit\;C:\Program Files\Microsoft SQL Server\110\Tools\Binn\;C:\Program Files (x86)\Microsoft SQL Server\Client SDK\ODBC\110\Tools\Binn\;C:\Program Files (x86)\Microsoft SQL Server\120\Tools\Binn\ManagementStudio\;C:\Program Files (x86)\Microsoft SQL Server\120\Tools\Binn\;C:\Program Files (x86)\Microsoft SQL Server\120\DTS\Binn\;C:\Program Files\Git\cmd;C:\Program Files\Java\jdk-17\bin;C:\Program Files\apache-maven-3.8.3\bin;C:\strawberry\c\bin;C:\strawberry\perl\bin;C:\Program Files\allure-2.21.0\bin;;C:\Program Files\Docker\Docker\resources\bin;C:\Program Files\MySQL\MySQL Shell 8.0\bin\;C:\Users\k.shmana\AppData\Local\Microsoft\WindowsApps;;C:\Program Files\JetBrains\IntelliJ IDEA Community Edition 2021.2.2\bin;;."/>
    <property name="java.vm.info" value="mixed mode, sharing"/>
    <property name="java.vendor" value="Oracle Corporation"/>
    <property name="java.vm.version" value="17+35-LTS-2724"/>
    <property name="sun.io.unicode.encoding" value="UnicodeLittle"/>
    <property name="java.class.version" value="61.0"/>
    <property name="webdriver.http.factory" value="selenide-netty-client-factory"/>
  </properties>
  <testcase name="createUserValid" classname="API.tests.CreateUserTest" time="3.524">
    <system-out><![CDATA[17:41:32.492 [main] DEBUG org.testng.TestNG - suiteXmlPath: "C:\Users\k.shmana\Desktop\r_d\Kanboard\src\test\resources\regression.xml"
17:41:32.549 [main] WARN org.testng.xml.TestNGContentHandler - It is strongly recommended to add "<!DOCTYPE suite SYSTEM "https://testng.org/testng-1.0.dtd" >" at the top of the suite file [C:\Users\k.shmana\Desktop\r_d\Kanboard\src\test\resources\regression.xml] otherwise TestNG may fail or not work as expected.
17:41:34.031 [main] WARN org.testng.internal.Configuration - Detected a static method [API.tests.BaseTest.createUser()]. Static configuration methods can cause  unexpected behavior.
17:41:34.037 [main] WARN org.testng.internal.Configuration - Detected a static method [API.tests.BaseTest.createUser()]. Static configuration methods can cause  unexpected behavior.
Request method:	POST
Request URI:	http://localhost:81/jsonrpc.php
Proxy:			<none>
Request params:	<none>
Query params:	<none>
Form params:	<none>
Path params:	<none>
Headers:		Accept=*/*
				Content-Type=text/plain; charset=ISO-8859-1
Cookies:		<none>
Multiparts:		<none>
Body:
{"jsonrpc":"2.0","method":"createUser","id":123123,"params":{"username":"kyryloAPITestLogin","password":"kyryloAPITestPassword","name":"kyrylo","email":"kyryloAPITest@mail.com","role":"app-manager"}}
17:41:37.736 [main] DEBUG org.apache.http.impl.conn.BasicClientConnectionManager - Get connection for route {}->http://localhost:81
17:41:37.816 [main] DEBUG org.apache.http.impl.conn.DefaultClientConnectionOperator - Connecting to localhost:81
17:41:37.857 [main] DEBUG org.apache.http.client.protocol.RequestAddCookies - CookieSpec selected: ignoreCookies
17:41:37.859 [main] DEBUG org.apache.http.client.protocol.RequestAuthCache - Auth cache not set in the context
17:41:37.859 [main] DEBUG org.apache.http.client.protocol.RequestTargetAuthentication - Target auth state: UNCHALLENGED
17:41:37.860 [main] DEBUG org.apache.http.client.protocol.RequestProxyAuthentication - Proxy auth state: UNCHALLENGED
17:41:37.860 [main] DEBUG org.apache.http.impl.client.DefaultHttpClient - Attempt 1 to execute request
17:41:37.860 [main] DEBUG org.apache.http.impl.conn.DefaultClientConnection - Sending request: POST /jsonrpc.php HTTP/1.1
17:41:37.860 [main] DEBUG org.apache.http.wire -  >> "POST /jsonrpc.php HTTP/1.1[\r][\n]"
17:41:37.861 [main] DEBUG org.apache.http.wire -  >> "Accept: */*[\r][\n]"
17:41:37.862 [main] DEBUG org.apache.http.wire -  >> "Content-Type: text/plain; charset=ISO-8859-1[\r][\n]"
17:41:37.862 [main] DEBUG org.apache.http.wire -  >> "Content-Length: 199[\r][\n]"
17:41:37.862 [main] DEBUG org.apache.http.wire -  >> "Host: localhost:81[\r][\n]"
17:41:37.862 [main] DEBUG org.apache.http.wire -  >> "Connection: Keep-Alive[\r][\n]"
17:41:37.862 [main] DEBUG org.apache.http.wire -  >> "User-Agent: Apache-HttpClient/4.5.13 (Java/17)[\r][\n]"
17:41:37.862 [main] DEBUG org.apache.http.wire -  >> "Accept-Encoding: gzip,deflate[\r][\n]"
17:41:37.862 [main] DEBUG org.apache.http.wire -  >> "[\r][\n]"
17:41:37.862 [main] DEBUG org.apache.http.headers - >> POST /jsonrpc.php HTTP/1.1
17:41:37.862 [main] DEBUG org.apache.http.headers - >> Accept: */*
17:41:37.862 [main] DEBUG org.apache.http.headers - >> Content-Type: text/plain; charset=ISO-8859-1
17:41:37.862 [main] DEBUG org.apache.http.headers - >> Content-Length: 199
17:41:37.862 [main] DEBUG org.apache.http.headers - >> Host: localhost:81
17:41:37.862 [main] DEBUG org.apache.http.headers - >> Connection: Keep-Alive
17:41:37.862 [main] DEBUG org.apache.http.headers - >> User-Agent: Apache-HttpClient/4.5.13 (Java/17)
17:41:37.862 [main] DEBUG org.apache.http.headers - >> Accept-Encoding: gzip,deflate
17:41:37.863 [main] DEBUG org.apache.http.wire -  >> "{"jsonrpc":"2.0","method":"createUser","id":123123,"params":{"username":"kyryloAPITestLogin","password":"kyryloAPITestPassword","name":"kyrylo","email":"kyryloAPITest@mail.com","role":"app-manager"}}"
17:41:37.873 [main] DEBUG org.apache.http.wire -  << "HTTP/1.1 401 Unauthorized[\r][\n]"
17:41:37.875 [main] DEBUG org.apache.http.wire -  << "Server: nginx[\r][\n]"
17:41:37.875 [main] DEBUG org.apache.http.wire -  << "Date: Tue, 25 Jul 2023 14:41:37 GMT[\r][\n]"
17:41:37.875 [main] DEBUG org.apache.http.wire -  << "Content-Type: application/json[\r][\n]"
17:41:37.875 [main] DEBUG org.apache.http.wire -  << "Transfer-Encoding: chunked[\r][\n]"
17:41:37.875 [main] DEBUG org.apache.http.wire -  << "Connection: keep-alive[\r][\n]"
17:41:37.875 [main] DEBUG org.apache.http.wire -  << "WWW-Authenticate: Basic realm="JsonRPC"[\r][\n]"
17:41:37.875 [main] DEBUG org.apache.http.wire -  << "[\r][\n]"
17:41:37.876 [main] DEBUG org.apache.http.impl.conn.DefaultClientConnection - Receiving response: HTTP/1.1 401 Unauthorized
17:41:37.876 [main] DEBUG org.apache.http.headers - << HTTP/1.1 401 Unauthorized
17:41:37.876 [main] DEBUG org.apache.http.headers - << Server: nginx
17:41:37.876 [main] DEBUG org.apache.http.headers - << Date: Tue, 25 Jul 2023 14:41:37 GMT
17:41:37.876 [main] DEBUG org.apache.http.headers - << Content-Type: application/json
17:41:37.876 [main] DEBUG org.apache.http.headers - << Transfer-Encoding: chunked
17:41:37.876 [main] DEBUG org.apache.http.headers - << Connection: keep-alive
17:41:37.877 [main] DEBUG org.apache.http.headers - << WWW-Authenticate: Basic realm="JsonRPC"
17:41:37.882 [main] DEBUG org.apache.http.impl.client.DefaultHttpClient - Connection can be kept alive indefinitely
17:41:37.883 [main] DEBUG org.apache.http.impl.client.DefaultHttpClient - Authentication required
17:41:37.884 [main] DEBUG org.apache.http.impl.client.DefaultHttpClient - localhost:81 requested authentication
17:41:37.884 [main] DEBUG org.apache.http.impl.client.TargetAuthenticationStrategy - Authentication schemes in the order of preference: [Negotiate, Kerberos, NTLM, CredSSP, Digest, Basic]
17:41:37.884 [main] DEBUG org.apache.http.impl.client.TargetAuthenticationStrategy - Challenge for Negotiate authentication scheme not available
17:41:37.884 [main] DEBUG org.apache.http.impl.client.TargetAuthenticationStrategy - Challenge for Kerberos authentication scheme not available
17:41:37.884 [main] DEBUG org.apache.http.impl.client.TargetAuthenticationStrategy - Challenge for NTLM authentication scheme not available
17:41:37.884 [main] DEBUG org.apache.http.impl.client.TargetAuthenticationStrategy - Challenge for CredSSP authentication scheme not available
17:41:37.885 [main] DEBUG org.apache.http.impl.client.TargetAuthenticationStrategy - Challenge for Digest authentication scheme not available
17:41:37.889 [main] DEBUG org.apache.http.impl.client.DefaultHttpClient - Selected authentication options: [BASIC [complete=true]]
17:41:37.891 [main] DEBUG org.apache.http.wire -  << "49[\r][\n]"
17:41:37.891 [main] DEBUG org.apache.http.wire -  << "{"jsonrpc":"2.0","error":{"code":401,"message":"Unauthorized"},"id":null}"
17:41:37.891 [main] DEBUG org.apache.http.wire -  << "[\r][\n]"
17:41:37.891 [main] DEBUG org.apache.http.wire -  << "0[\r][\n]"
17:41:37.891 [main] DEBUG org.apache.http.wire -  << "[\r][\n]"
17:41:37.892 [main] DEBUG org.apache.http.client.protocol.RequestAddCookies - CookieSpec selected: ignoreCookies
17:41:37.892 [main] DEBUG org.apache.http.client.protocol.RequestAuthCache - Auth cache not set in the context
17:41:37.892 [main] DEBUG org.apache.http.client.protocol.RequestTargetAuthentication - Target auth state: CHALLENGED
17:41:37.892 [main] DEBUG org.apache.http.client.protocol.RequestTargetAuthentication - Generating response to an authentication challenge using basic scheme
17:41:37.901 [main] DEBUG org.apache.http.client.protocol.RequestProxyAuthentication - Proxy auth state: UNCHALLENGED
17:41:37.901 [main] DEBUG org.apache.http.impl.client.DefaultHttpClient - Attempt 2 to execute request
17:41:37.901 [main] DEBUG org.apache.http.impl.conn.DefaultClientConnection - Sending request: POST /jsonrpc.php HTTP/1.1
17:41:37.901 [main] DEBUG org.apache.http.wire -  >> "POST /jsonrpc.php HTTP/1.1[\r][\n]"
17:41:37.901 [main] DEBUG org.apache.http.wire -  >> "Accept: */*[\r][\n]"
17:41:37.901 [main] DEBUG org.apache.http.wire -  >> "Content-Type: text/plain; charset=ISO-8859-1[\r][\n]"
17:41:37.901 [main] DEBUG org.apache.http.wire -  >> "Content-Length: 199[\r][\n]"
17:41:37.901 [main] DEBUG org.apache.http.wire -  >> "Host: localhost:81[\r][\n]"
17:41:37.902 [main] DEBUG org.apache.http.wire -  >> "Connection: Keep-Alive[\r][\n]"
17:41:37.902 [main] DEBUG org.apache.http.wire -  >> "User-Agent: Apache-HttpClient/4.5.13 (Java/17)[\r][\n]"
17:41:37.902 [main] DEBUG org.apache.http.wire -  >> "Authorization: Basic YWRtaW46YWRtaW4=[\r][\n]"
17:41:37.902 [main] DEBUG org.apache.http.wire -  >> "Accept-Encoding: gzip,deflate[\r][\n]"
17:41:37.902 [main] DEBUG org.apache.http.wire -  >> "[\r][\n]"
17:41:37.902 [main] DEBUG org.apache.http.headers - >> POST /jsonrpc.php HTTP/1.1
17:41:37.902 [main] DEBUG org.apache.http.headers - >> Accept: */*
17:41:37.902 [main] DEBUG org.apache.http.headers - >> Content-Type: text/plain; charset=ISO-8859-1
17:41:37.902 [main] DEBUG org.apache.http.headers - >> Content-Length: 199
17:41:37.902 [main] DEBUG org.apache.http.headers - >> Host: localhost:81
17:41:37.902 [main] DEBUG org.apache.http.headers - >> Connection: Keep-Alive
17:41:37.902 [main] DEBUG org.apache.http.headers - >> User-Agent: Apache-HttpClient/4.5.13 (Java/17)
17:41:37.902 [main] DEBUG org.apache.http.headers - >> Authorization: Basic YWRtaW46YWRtaW4=
17:41:37.903 [main] DEBUG org.apache.http.headers - >> Accept-Encoding: gzip,deflate
17:41:37.903 [main] DEBUG org.apache.http.wire -  >> "{"jsonrpc":"2.0","method":"createUser","id":123123,"params":{"username":"kyryloAPITestLogin","password":"kyryloAPITestPassword","name":"kyrylo","email":"kyryloAPITest@mail.com","role":"app-manager"}}"
17:41:38.193 [main] DEBUG org.apache.http.wire -  << "HTTP/1.1 200 OK[\r][\n]"
17:41:38.193 [main] DEBUG org.apache.http.wire -  << "Server: nginx[\r][\n]"
17:41:38.193 [main] DEBUG org.apache.http.wire -  << "Date: Tue, 25 Jul 2023 14:41:38 GMT[\r][\n]"
17:41:38.193 [main] DEBUG org.apache.http.wire -  << "Content-Type: application/json[\r][\n]"
17:41:38.193 [main] DEBUG org.apache.http.wire -  << "Transfer-Encoding: chunked[\r][\n]"
17:41:38.193 [main] DEBUG org.apache.http.wire -  << "Connection: keep-alive[\r][\n]"
17:41:38.194 [main] DEBUG org.apache.http.wire -  << "Vary: Accept-Encoding[\r][\n]"
17:41:38.194 [main] DEBUG org.apache.http.wire -  << "Content-Encoding: gzip[\r][\n]"
17:41:38.194 [main] DEBUG org.apache.http.wire -  << "[\r][\n]"
17:41:38.194 [main] DEBUG org.apache.http.impl.conn.DefaultClientConnection - Receiving response: HTTP/1.1 200 OK
17:41:38.194 [main] DEBUG org.apache.http.headers - << HTTP/1.1 200 OK
17:41:38.194 [main] DEBUG org.apache.http.headers - << Server: nginx
17:41:38.194 [main] DEBUG org.apache.http.headers - << Date: Tue, 25 Jul 2023 14:41:38 GMT
17:41:38.194 [main] DEBUG org.apache.http.headers - << Content-Type: application/json
17:41:38.194 [main] DEBUG org.apache.http.headers - << Transfer-Encoding: chunked
17:41:38.194 [main] DEBUG org.apache.http.headers - << Connection: keep-alive
17:41:38.194 [main] DEBUG org.apache.http.headers - << Vary: Accept-Encoding
17:41:38.194 [main] DEBUG org.apache.http.headers - << Content-Encoding: gzip
17:41:38.196 [main] DEBUG org.apache.http.impl.client.DefaultHttpClient - Connection can be kept alive indefinitely
17:41:38.196 [main] DEBUG org.apache.http.impl.client.DefaultHttpClient - Authentication succeeded
17:41:38.199 [main] DEBUG org.apache.http.impl.client.TargetAuthenticationStrategy - Caching 'basic' auth scheme for http://localhost:81
17:41:38.225 [main] DEBUG io.restassured.internal.RestAssuredHttpBuilder - Parsing response as: application/json
17:41:38.227 [main] DEBUG org.apache.http.wire -  << "3c[\r][\n]"
17:41:38.228 [main] DEBUG org.apache.http.wire -  << "[0x1f][0x8b][0x8][0x0][0x0][0x0][0x0][0x0][0x0][0x3][0xab]V[0xca]*[0xce][0xcf]+*HV[0xb2]R2[0xd2]3P[0xd2]Q*J-.[0xcd])Q[0xb2]261[0xd7]Q[0xca]LQ[0xb2]242[0x6][0xa2]Z[0x0][0xf9]w[0xb9][0x1e]*[0x0][0x0][0x0]"
17:41:38.228 [main] DEBUG org.apache.http.wire -  << "[\r][\n]"
17:41:38.228 [main] DEBUG org.apache.http.wire -  << "0[\r][\n]"
17:41:38.228 [main] DEBUG org.apache.http.wire -  << "[\r][\n]"
17:41:38.229 [main] DEBUG io.restassured.internal.RestAssuredHttpBuilder - Parsed data to instance of: class org.apache.http.conn.EofSensorInputStream
17:41:38.364 [main] DEBUG org.apache.http.impl.conn.BasicClientConnectionManager - Releasing connection org.apache.http.impl.conn.ManagedClientConnectionImpl@7ef3aa21
17:41:38.364 [main] DEBUG org.apache.http.impl.conn.BasicClientConnectionManager - Connection can be kept alive indefinitely
{
    "jsonrpc": "2.0",
    "result": 347,
    "id": 123123
}
Request method:	GET
Request URI:	http://localhost:81/jsonrpc.php
Proxy:			<none>
Request params:	<none>
Query params:	<none>
Form params:	<none>
Path params:	<none>
Headers:		Accept=*/*
				Content-Type=text/plain; charset=ISO-8859-1
Cookies:		<none>
Multiparts:		<none>
Body:
{"jsonrpc":"2.0","method":"getUser","id":123,"params":{"user_id":347}}
17:41:38.605 [main] DEBUG org.apache.http.impl.conn.BasicClientConnectionManager - Get connection for route {}->http://localhost:81
17:41:38.605 [main] DEBUG org.apache.http.impl.conn.DefaultClientConnectionOperator - Connecting to localhost:81
17:41:38.606 [main] DEBUG org.apache.http.client.protocol.RequestAddCookies - CookieSpec selected: ignoreCookies
17:41:38.607 [main] DEBUG org.apache.http.client.protocol.RequestAuthCache - Auth cache not set in the context
17:41:38.607 [main] DEBUG org.apache.http.client.protocol.RequestTargetAuthentication - Target auth state: UNCHALLENGED
17:41:38.607 [main] DEBUG org.apache.http.client.protocol.RequestProxyAuthentication - Proxy auth state: UNCHALLENGED
17:41:38.607 [main] DEBUG org.apache.http.impl.client.DefaultHttpClient - Attempt 1 to execute request
17:41:38.607 [main] DEBUG org.apache.http.impl.conn.DefaultClientConnection - Sending request: GET /jsonrpc.php HTTP/1.1
17:41:38.608 [main] DEBUG org.apache.http.wire -  >> "GET /jsonrpc.php HTTP/1.1[\r][\n]"
17:41:38.608 [main] DEBUG org.apache.http.wire -  >> "Accept: */*[\r][\n]"
17:41:38.608 [main] DEBUG org.apache.http.wire -  >> "Content-Type: text/plain; charset=ISO-8859-1[\r][\n]"
17:41:38.608 [main] DEBUG org.apache.http.wire -  >> "Content-Length: 70[\r][\n]"
17:41:38.608 [main] DEBUG org.apache.http.wire -  >> "Host: localhost:81[\r][\n]"
17:41:38.608 [main] DEBUG org.apache.http.wire -  >> "Connection: Keep-Alive[\r][\n]"
17:41:38.608 [main] DEBUG org.apache.http.wire -  >> "User-Agent: Apache-HttpClient/4.5.13 (Java/17)[\r][\n]"
17:41:38.608 [main] DEBUG org.apache.http.wire -  >> "Accept-Encoding: gzip,deflate[\r][\n]"
17:41:38.608 [main] DEBUG org.apache.http.wire -  >> "[\r][\n]"
17:41:38.608 [main] DEBUG org.apache.http.headers - >> GET /jsonrpc.php HTTP/1.1
17:41:38.608 [main] DEBUG org.apache.http.headers - >> Accept: */*
17:41:38.608 [main] DEBUG org.apache.http.headers - >> Content-Type: text/plain; charset=ISO-8859-1
17:41:38.608 [main] DEBUG org.apache.http.headers - >> Content-Length: 70
17:41:38.608 [main] DEBUG org.apache.http.headers - >> Host: localhost:81
17:41:38.608 [main] DEBUG org.apache.http.headers - >> Connection: Keep-Alive
17:41:38.608 [main] DEBUG org.apache.http.headers - >> User-Agent: Apache-HttpClient/4.5.13 (Java/17)
17:41:38.609 [main] DEBUG org.apache.http.headers - >> Accept-Encoding: gzip,deflate
17:41:38.609 [main] DEBUG org.apache.http.wire -  >> "{"jsonrpc":"2.0","method":"getUser","id":123,"params":{"user_id":347}}"
17:41:38.619 [main] DEBUG org.apache.http.wire -  << "HTTP/1.1 401 Unauthorized[\r][\n]"
17:41:38.619 [main] DEBUG org.apache.http.wire -  << "Server: nginx[\r][\n]"
17:41:38.619 [main] DEBUG org.apache.http.wire -  << "Date: Tue, 25 Jul 2023 14:41:38 GMT[\r][\n]"
17:41:38.619 [main] DEBUG org.apache.http.wire -  << "Content-Type: application/json[\r][\n]"
17:41:38.619 [main] DEBUG org.apache.http.wire -  << "Transfer-Encoding: chunked[\r][\n]"
17:41:38.619 [main] DEBUG org.apache.http.wire -  << "Connection: keep-alive[\r][\n]"
17:41:38.619 [main] DEBUG org.apache.http.wire -  << "WWW-Authenticate: Basic realm="JsonRPC"[\r][\n]"
17:41:38.619 [main] DEBUG org.apache.http.wire -  << "[\r][\n]"
17:41:38.619 [main] DEBUG org.apache.http.impl.conn.DefaultClientConnection - Receiving response: HTTP/1.1 401 Unauthorized
17:41:38.619 [main] DEBUG org.apache.http.headers - << HTTP/1.1 401 Unauthorized
17:41:38.619 [main] DEBUG org.apache.http.headers - << Server: nginx
17:41:38.620 [main] DEBUG org.apache.http.headers - << Date: Tue, 25 Jul 2023 14:41:38 GMT
17:41:38.620 [main] DEBUG org.apache.http.headers - << Content-Type: application/json
17:41:38.620 [main] DEBUG org.apache.http.headers - << Transfer-Encoding: chunked
17:41:38.620 [main] DEBUG org.apache.http.headers - << Connection: keep-alive
17:41:38.620 [main] DEBUG org.apache.http.headers - << WWW-Authenticate: Basic realm="JsonRPC"
17:41:38.620 [main] DEBUG org.apache.http.impl.client.DefaultHttpClient - Connection can be kept alive indefinitely
17:41:38.620 [main] DEBUG org.apache.http.impl.client.DefaultHttpClient - Authentication required
17:41:38.620 [main] DEBUG org.apache.http.impl.client.DefaultHttpClient - localhost:81 requested authentication
17:41:38.621 [main] DEBUG org.apache.http.impl.client.TargetAuthenticationStrategy - Authentication schemes in the order of preference: [Negotiate, Kerberos, NTLM, CredSSP, Digest, Basic]
17:41:38.621 [main] DEBUG org.apache.http.impl.client.TargetAuthenticationStrategy - Challenge for Negotiate authentication scheme not available
17:41:38.621 [main] DEBUG org.apache.http.impl.client.TargetAuthenticationStrategy - Challenge for Kerberos authentication scheme not available
17:41:38.621 [main] DEBUG org.apache.http.impl.client.TargetAuthenticationStrategy - Challenge for NTLM authentication scheme not available
17:41:38.621 [main] DEBUG org.apache.http.impl.client.TargetAuthenticationStrategy - Challenge for CredSSP authentication scheme not available
17:41:38.621 [main] DEBUG org.apache.http.impl.client.TargetAuthenticationStrategy - Challenge for Digest authentication scheme not available
17:41:38.621 [main] DEBUG org.apache.http.impl.client.DefaultHttpClient - Selected authentication options: [BASIC [complete=true]]
17:41:38.621 [main] DEBUG org.apache.http.wire -  << "49[\r][\n]"
17:41:38.621 [main] DEBUG org.apache.http.wire -  << "{"jsonrpc":"2.0","error":{"code":401,"message":"Unauthorized"},"id":null}"
17:41:38.621 [main] DEBUG org.apache.http.wire -  << "[\r][\n]"
17:41:38.621 [main] DEBUG org.apache.http.wire -  << "0[\r][\n]"
17:41:38.621 [main] DEBUG org.apache.http.wire -  << "[\r][\n]"
17:41:38.621 [main] DEBUG org.apache.http.client.protocol.RequestAddCookies - CookieSpec selected: ignoreCookies
17:41:38.622 [main] DEBUG org.apache.http.client.protocol.RequestAuthCache - Auth cache not set in the context
17:41:38.622 [main] DEBUG org.apache.http.client.protocol.RequestTargetAuthentication - Target auth state: CHALLENGED
17:41:38.622 [main] DEBUG org.apache.http.client.protocol.RequestTargetAuthentication - Generating response to an authentication challenge using basic scheme
17:41:38.622 [main] DEBUG org.apache.http.client.protocol.RequestProxyAuthentication - Proxy auth state: UNCHALLENGED
17:41:38.622 [main] DEBUG org.apache.http.impl.client.DefaultHttpClient - Attempt 2 to execute request
17:41:38.622 [main] DEBUG org.apache.http.impl.conn.DefaultClientConnection - Sending request: GET /jsonrpc.php HTTP/1.1
17:41:38.622 [main] DEBUG org.apache.http.wire -  >> "GET /jsonrpc.php HTTP/1.1[\r][\n]"
17:41:38.622 [main] DEBUG org.apache.http.wire -  >> "Accept: */*[\r][\n]"
17:41:38.622 [main] DEBUG org.apache.http.wire -  >> "Content-Type: text/plain; charset=ISO-8859-1[\r][\n]"
17:41:38.622 [main] DEBUG org.apache.http.wire -  >> "Content-Length: 70[\r][\n]"
17:41:38.622 [main] DEBUG org.apache.http.wire -  >> "Host: localhost:81[\r][\n]"
17:41:38.622 [main] DEBUG org.apache.http.wire -  >> "Connection: Keep-Alive[\r][\n]"
17:41:38.622 [main] DEBUG org.apache.http.wire -  >> "User-Agent: Apache-HttpClient/4.5.13 (Java/17)[\r][\n]"
17:41:38.622 [main] DEBUG org.apache.http.wire -  >> "Authorization: Basic YWRtaW46YWRtaW4=[\r][\n]"
17:41:38.622 [main] DEBUG org.apache.http.wire -  >> "Accept-Encoding: gzip,deflate[\r][\n]"
17:41:38.622 [main] DEBUG org.apache.http.wire -  >> "[\r][\n]"
17:41:38.623 [main] DEBUG org.apache.http.headers - >> GET /jsonrpc.php HTTP/1.1
17:41:38.623 [main] DEBUG org.apache.http.headers - >> Accept: */*
17:41:38.623 [main] DEBUG org.apache.http.headers - >> Content-Type: text/plain; charset=ISO-8859-1
17:41:38.623 [main] DEBUG org.apache.http.headers - >> Content-Length: 70
17:41:38.623 [main] DEBUG org.apache.http.headers - >> Host: localhost:81
17:41:38.623 [main] DEBUG org.apache.http.headers - >> Connection: Keep-Alive
17:41:38.623 [main] DEBUG org.apache.http.headers - >> User-Agent: Apache-HttpClient/4.5.13 (Java/17)
17:41:38.623 [main] DEBUG org.apache.http.headers - >> Authorization: Basic YWRtaW46YWRtaW4=
17:41:38.623 [main] DEBUG org.apache.http.headers - >> Accept-Encoding: gzip,deflate
17:41:38.623 [main] DEBUG org.apache.http.wire -  >> "{"jsonrpc":"2.0","method":"getUser","id":123,"params":{"user_id":347}}"
17:41:38.719 [main] DEBUG org.apache.http.wire -  << "HTTP/1.1 200 OK[\r][\n]"
17:41:38.720 [main] DEBUG org.apache.http.wire -  << "Server: nginx[\r][\n]"
17:41:38.720 [main] DEBUG org.apache.http.wire -  << "Date: Tue, 25 Jul 2023 14:41:38 GMT[\r][\n]"
17:41:38.720 [main] DEBUG org.apache.http.wire -  << "Content-Type: application/json[\r][\n]"
17:41:38.720 [main] DEBUG org.apache.http.wire -  << "Transfer-Encoding: chunked[\r][\n]"
17:41:38.720 [main] DEBUG org.apache.http.wire -  << "Connection: keep-alive[\r][\n]"
17:41:38.720 [main] DEBUG org.apache.http.wire -  << "Vary: Accept-Encoding[\r][\n]"
17:41:38.720 [main] DEBUG org.apache.http.wire -  << "Content-Encoding: gzip[\r][\n]"
17:41:38.720 [main] DEBUG org.apache.http.wire -  << "[\r][\n]"
17:41:38.720 [main] DEBUG org.apache.http.impl.conn.DefaultClientConnection - Receiving response: HTTP/1.1 200 OK
17:41:38.720 [main] DEBUG org.apache.http.headers - << HTTP/1.1 200 OK
17:41:38.720 [main] DEBUG org.apache.http.headers - << Server: nginx
17:41:38.720 [main] DEBUG org.apache.http.headers - << Date: Tue, 25 Jul 2023 14:41:38 GMT
17:41:38.720 [main] DEBUG org.apache.http.headers - << Content-Type: application/json
17:41:38.720 [main] DEBUG org.apache.http.headers - << Transfer-Encoding: chunked
17:41:38.720 [main] DEBUG org.apache.http.headers - << Connection: keep-alive
17:41:38.720 [main] DEBUG org.apache.http.headers - << Vary: Accept-Encoding
17:41:38.720 [main] DEBUG org.apache.http.headers - << Content-Encoding: gzip
17:41:38.721 [main] DEBUG org.apache.http.impl.client.DefaultHttpClient - Connection can be kept alive indefinitely
17:41:38.721 [main] DEBUG org.apache.http.impl.client.DefaultHttpClient - Authentication succeeded
17:41:38.721 [main] DEBUG org.apache.http.impl.client.TargetAuthenticationStrategy - Caching 'basic' auth scheme for http://localhost:81
17:41:38.722 [main] DEBUG io.restassured.internal.RestAssuredHttpBuilder - Parsing response as: application/json
17:41:38.722 [main] DEBUG org.apache.http.wire -  << "171[\r][\n]"
17:41:38.722 [main] DEBUG org.apache.http.wire -  << "[0x1f][0x8b][0x8][0x0][0x0][0x0][0x0][0x0][0x0][0x3]][0x91]oO[0xc2]0[0x10][0xc6][0xbf]K[0xc3]K[0x1c][0x86]Q[0xf7]J[0x89][0x92][0xa0][0x82][0x88]F[0x13][0xdf]4[0xc7]v[0x1b][0x95][0xae]7[0xda]ND[0xc2]w[0xf7][0xc6][0x84][0x80]o[0x9a][0xf4][0xfa][0xdc]=[0xbf][0xe7][0xba][0x11][0x9f][0x8e][0x8c]-b[0x11][0x89]n[0xd0][0x16]Ma[0xd1][0x95][0xda][0x8b]h#T"[0xa2][0xb0]w[0xd1][0x14][0xa5]Ck G[0xd6],[0xd6]v[0xad][0xe9]f2|E[0xe7][0x1f])S[0x86][[\n]"
17:41:38.722 [main] DEBUG org.apache.http.wire -  << "pnE[0x96][0xe5][0xa2][0xd1]]7:[0xed][0xc6][0xe5]{[0xd8]k[0xbd]ee[0x90][0xde][0xf6][[0xf7][0xd3][0xab][0xc9][0xcb]x0[\n]"
17:41:38.722 [main] DEBUG org.apache.http.wire -  << "[0x6][0xed]@-[0x3][\n]"
17:41:38.722 [main] DEBUG org.apache.http.wire -  << "[0xb2])[0x86][0xd3]u[0xd7][0x9d]c[0xf9]|7[0x1c][0x85][0xdf][0xe3][0x8f][0x87][0xf8][0x89]')'u[0x2][0x85][0xac][0x1c]E[0xd4]n[0x8a][0x13][[0x16]`[0xe]J[0xff][0xe7][0xb8][0xae][0x8a]AL9[0xb]2[0xa2]L[0xa3][0xac][0xd8]M[0xa9]5[0x17][0x94][0x9f][0x97][0xb3][0xa3][0x82]![0xaf]R[0x15][0x83]Wd[0x9c]D[0x3]3[0x8d][0xac]f3[0xaf]r[0xfc]![0xc3]9[0xeb]V[\r]&+!;[0xdc][0x13][0xe5]*[0xb1][0xd4]Un[0x99][0x92][0xcd][0xeb][0xb6][0x15][0xa5][0x10]{[0xb2][0x92]O[0xf5][0x5]~?[0xee]Pw[0x18][[0xe4][0x9d][0xd6]c=-[0xd0]p[0x6][0xa6]=eI[0x95][0xf6]U[0xee][0x1e]?[0xcc]d[0xca][0xa1]0[0xa9][0xcd]v>[0x9a][0xe2][0x85][0xc4][0xef]B[0xd9][0x1d][0xbb]L[0xd8][0xe9]([0xa5][0x86][0xe3][0x94][0x96]t[0xf5]_P[0x14]g9[0x18][0xe]a[0xeb][0xf5][0xee][0x10][0xf9][0xa5][0xd3][0x14][0xc0][0xa8]`e[0x1]~[0xbe][0x1f][0x3][0x85]bE[0x8c][0xce][0xc9]?[0xca][0x1a]yOV[0xdd][0xb6]<[0x87][0xf7][0xd5][0xe9][0x86][0xdb]_@[0x14]B[0xd2]>[0x2][0x0][0x0]"
17:41:38.722 [main] DEBUG org.apache.http.wire -  << "[\r][\n]"
17:41:38.722 [main] DEBUG org.apache.http.wire -  << "0[\r][\n]"
17:41:38.722 [main] DEBUG org.apache.http.wire -  << "[\r][\n]"
17:41:38.722 [main] DEBUG io.restassured.internal.RestAssuredHttpBuilder - Parsed data to instance of: class org.apache.http.conn.EofSensorInputStream
17:41:38.724 [main] DEBUG org.apache.http.impl.conn.BasicClientConnectionManager - Releasing connection org.apache.http.impl.conn.ManagedClientConnectionImpl@79f59e0e
17:41:38.724 [main] DEBUG org.apache.http.impl.conn.BasicClientConnectionManager - Connection can be kept alive indefinitely
{
    "jsonrpc": "2.0",
    "result": {
        "id": 347,
        "username": "kyryloAPITestLogin",
        "password": "$2y$10$8W34/Vgu.fDB/JR9PSNFM.F0.iq.o.gRe3Ry2s5eBqQEIM3xNZKcO",
        "is_ldap_user": 0,
        "name": "kyrylo",
        "email": "kyryloAPITest@mail.com",
        "google_id": null,
        "github_id": null,
        "notifications_enabled": 0,
        "timezone": null,
        "language": null,
        "disable_login_form": 0,
        "twofactor_activated": 0,
        "twofactor_secret": null,
        "token": "",
        "notifications_filter": 4,
        "nb_failed_login": 0,
        "lock_expiration_date": null,
        "gitlab_id": null,
        "role": "app-manager",
        "is_active": 1,
        "avatar_path": null,
        "api_access_token": null,
        "filter": null
    },
    "id": 123
}
]]></system-out>
  </testcase>
  <testcase name="deleteUserTest" classname="API.tests.DeleteUserTest" time="0.529">
    <system-out><![CDATA[Request method:	DELETE
Request URI:	http://localhost:81/jsonrpc.php
Proxy:			<none>
Request params:	<none>
Query params:	<none>
Form params:	<none>
Path params:	<none>
Headers:		Accept=*/*
				Content-Type=text/plain; charset=ISO-8859-1
Cookies:		<none>
Multiparts:		<none>
Body:
{"jsonrpc":"2.0","method":"removeUser","id":234,"params":{"user_id":347}}
17:41:38.814 [main] DEBUG org.apache.http.impl.conn.BasicClientConnectionManager - Get connection for route {}->http://localhost:81
17:41:38.814 [main] DEBUG org.apache.http.impl.conn.DefaultClientConnectionOperator - Connecting to localhost:81
17:41:38.815 [main] DEBUG org.apache.http.client.protocol.RequestAddCookies - CookieSpec selected: ignoreCookies
17:41:38.816 [main] DEBUG org.apache.http.client.protocol.RequestAuthCache - Auth cache not set in the context
17:41:38.817 [main] DEBUG org.apache.http.client.protocol.RequestTargetAuthentication - Target auth state: UNCHALLENGED
17:41:38.817 [main] DEBUG org.apache.http.client.protocol.RequestProxyAuthentication - Proxy auth state: UNCHALLENGED
17:41:38.817 [main] DEBUG org.apache.http.impl.client.DefaultHttpClient - Attempt 1 to execute request
17:41:38.817 [main] DEBUG org.apache.http.impl.conn.DefaultClientConnection - Sending request: DELETE /jsonrpc.php HTTP/1.1
17:41:38.818 [main] DEBUG org.apache.http.wire -  >> "DELETE /jsonrpc.php HTTP/1.1[\r][\n]"
17:41:38.818 [main] DEBUG org.apache.http.wire -  >> "Accept: */*[\r][\n]"
17:41:38.818 [main] DEBUG org.apache.http.wire -  >> "Content-Type: text/plain; charset=ISO-8859-1[\r][\n]"
17:41:38.818 [main] DEBUG org.apache.http.wire -  >> "Content-Length: 73[\r][\n]"
17:41:38.818 [main] DEBUG org.apache.http.wire -  >> "Host: localhost:81[\r][\n]"
17:41:38.818 [main] DEBUG org.apache.http.wire -  >> "Connection: Keep-Alive[\r][\n]"
17:41:38.819 [main] DEBUG org.apache.http.wire -  >> "User-Agent: Apache-HttpClient/4.5.13 (Java/17)[\r][\n]"
17:41:38.819 [main] DEBUG org.apache.http.wire -  >> "Accept-Encoding: gzip,deflate[\r][\n]"
17:41:38.819 [main] DEBUG org.apache.http.wire -  >> "[\r][\n]"
17:41:38.819 [main] DEBUG org.apache.http.headers - >> DELETE /jsonrpc.php HTTP/1.1
17:41:38.819 [main] DEBUG org.apache.http.headers - >> Accept: */*
17:41:38.819 [main] DEBUG org.apache.http.headers - >> Content-Type: text/plain; charset=ISO-8859-1
17:41:38.819 [main] DEBUG org.apache.http.headers - >> Content-Length: 73
17:41:38.819 [main] DEBUG org.apache.http.headers - >> Host: localhost:81
17:41:38.819 [main] DEBUG org.apache.http.headers - >> Connection: Keep-Alive
17:41:38.819 [main] DEBUG org.apache.http.headers - >> User-Agent: Apache-HttpClient/4.5.13 (Java/17)
17:41:38.820 [main] DEBUG org.apache.http.headers - >> Accept-Encoding: gzip,deflate
17:41:38.820 [main] DEBUG org.apache.http.wire -  >> "{"jsonrpc":"2.0","method":"removeUser","id":234,"params":{"user_id":347}}"
17:41:38.833 [main] DEBUG org.apache.http.wire -  << "HTTP/1.1 401 Unauthorized[\r][\n]"
17:41:38.834 [main] DEBUG org.apache.http.wire -  << "Server: nginx[\r][\n]"
17:41:38.834 [main] DEBUG org.apache.http.wire -  << "Date: Tue, 25 Jul 2023 14:41:38 GMT[\r][\n]"
17:41:38.834 [main] DEBUG org.apache.http.wire -  << "Content-Type: application/json[\r][\n]"
17:41:38.834 [main] DEBUG org.apache.http.wire -  << "Transfer-Encoding: chunked[\r][\n]"
17:41:38.834 [main] DEBUG org.apache.http.wire -  << "Connection: keep-alive[\r][\n]"
17:41:38.834 [main] DEBUG org.apache.http.wire -  << "WWW-Authenticate: Basic realm="JsonRPC"[\r][\n]"
17:41:38.834 [main] DEBUG org.apache.http.wire -  << "[\r][\n]"
17:41:38.834 [main] DEBUG org.apache.http.impl.conn.DefaultClientConnection - Receiving response: HTTP/1.1 401 Unauthorized
17:41:38.834 [main] DEBUG org.apache.http.headers - << HTTP/1.1 401 Unauthorized
17:41:38.834 [main] DEBUG org.apache.http.headers - << Server: nginx
17:41:38.834 [main] DEBUG org.apache.http.headers - << Date: Tue, 25 Jul 2023 14:41:38 GMT
17:41:38.834 [main] DEBUG org.apache.http.headers - << Content-Type: application/json
17:41:38.834 [main] DEBUG org.apache.http.headers - << Transfer-Encoding: chunked
17:41:38.834 [main] DEBUG org.apache.http.headers - << Connection: keep-alive
17:41:38.834 [main] DEBUG org.apache.http.headers - << WWW-Authenticate: Basic realm="JsonRPC"
17:41:38.834 [main] DEBUG org.apache.http.impl.client.DefaultHttpClient - Connection can be kept alive indefinitely
17:41:38.834 [main] DEBUG org.apache.http.impl.client.DefaultHttpClient - Authentication required
17:41:38.834 [main] DEBUG org.apache.http.impl.client.DefaultHttpClient - localhost:81 requested authentication
17:41:38.834 [main] DEBUG org.apache.http.impl.client.TargetAuthenticationStrategy - Authentication schemes in the order of preference: [Negotiate, Kerberos, NTLM, CredSSP, Digest, Basic]
17:41:38.835 [main] DEBUG org.apache.http.impl.client.TargetAuthenticationStrategy - Challenge for Negotiate authentication scheme not available
17:41:38.835 [main] DEBUG org.apache.http.impl.client.TargetAuthenticationStrategy - Challenge for Kerberos authentication scheme not available
17:41:38.835 [main] DEBUG org.apache.http.impl.client.TargetAuthenticationStrategy - Challenge for NTLM authentication scheme not available
17:41:38.835 [main] DEBUG org.apache.http.impl.client.TargetAuthenticationStrategy - Challenge for CredSSP authentication scheme not available
17:41:38.835 [main] DEBUG org.apache.http.impl.client.TargetAuthenticationStrategy - Challenge for Digest authentication scheme not available
17:41:38.835 [main] DEBUG org.apache.http.impl.client.DefaultHttpClient - Selected authentication options: [BASIC [complete=true]]
17:41:38.835 [main] DEBUG org.apache.http.wire -  << "49[\r][\n]"
17:41:38.835 [main] DEBUG org.apache.http.wire -  << "{"jsonrpc":"2.0","error":{"code":401,"message":"Unauthorized"},"id":null}"
17:41:38.835 [main] DEBUG org.apache.http.wire -  << "[\r][\n]"
17:41:38.835 [main] DEBUG org.apache.http.wire -  << "0[\r][\n]"
17:41:38.835 [main] DEBUG org.apache.http.wire -  << "[\r][\n]"
17:41:38.835 [main] DEBUG org.apache.http.client.protocol.RequestAddCookies - CookieSpec selected: ignoreCookies
17:41:38.835 [main] DEBUG org.apache.http.client.protocol.RequestAuthCache - Auth cache not set in the context
17:41:38.835 [main] DEBUG org.apache.http.client.protocol.RequestTargetAuthentication - Target auth state: CHALLENGED
17:41:38.835 [main] DEBUG org.apache.http.client.protocol.RequestTargetAuthentication - Generating response to an authentication challenge using basic scheme
17:41:38.836 [main] DEBUG org.apache.http.client.protocol.RequestProxyAuthentication - Proxy auth state: UNCHALLENGED
17:41:38.836 [main] DEBUG org.apache.http.impl.client.DefaultHttpClient - Attempt 2 to execute request
17:41:38.836 [main] DEBUG org.apache.http.impl.conn.DefaultClientConnection - Sending request: DELETE /jsonrpc.php HTTP/1.1
17:41:38.836 [main] DEBUG org.apache.http.wire -  >> "DELETE /jsonrpc.php HTTP/1.1[\r][\n]"
17:41:38.836 [main] DEBUG org.apache.http.wire -  >> "Accept: */*[\r][\n]"
17:41:38.836 [main] DEBUG org.apache.http.wire -  >> "Content-Type: text/plain; charset=ISO-8859-1[\r][\n]"
17:41:38.836 [main] DEBUG org.apache.http.wire -  >> "Content-Length: 73[\r][\n]"
17:41:38.836 [main] DEBUG org.apache.http.wire -  >> "Host: localhost:81[\r][\n]"
17:41:38.836 [main] DEBUG org.apache.http.wire -  >> "Connection: Keep-Alive[\r][\n]"
17:41:38.836 [main] DEBUG org.apache.http.wire -  >> "User-Agent: Apache-HttpClient/4.5.13 (Java/17)[\r][\n]"
17:41:38.836 [main] DEBUG org.apache.http.wire -  >> "Authorization: Basic YWRtaW46YWRtaW4=[\r][\n]"
17:41:38.836 [main] DEBUG org.apache.http.wire -  >> "Accept-Encoding: gzip,deflate[\r][\n]"
17:41:38.836 [main] DEBUG org.apache.http.wire -  >> "[\r][\n]"
17:41:38.836 [main] DEBUG org.apache.http.headers - >> DELETE /jsonrpc.php HTTP/1.1
17:41:38.836 [main] DEBUG org.apache.http.headers - >> Accept: */*
17:41:38.837 [main] DEBUG org.apache.http.headers - >> Content-Type: text/plain; charset=ISO-8859-1
17:41:38.837 [main] DEBUG org.apache.http.headers - >> Content-Length: 73
17:41:38.837 [main] DEBUG org.apache.http.headers - >> Host: localhost:81
17:41:38.837 [main] DEBUG org.apache.http.headers - >> Connection: Keep-Alive
17:41:38.837 [main] DEBUG org.apache.http.headers - >> User-Agent: Apache-HttpClient/4.5.13 (Java/17)
17:41:38.837 [main] DEBUG org.apache.http.headers - >> Authorization: Basic YWRtaW46YWRtaW4=
17:41:38.837 [main] DEBUG org.apache.http.headers - >> Accept-Encoding: gzip,deflate
17:41:38.837 [main] DEBUG org.apache.http.wire -  >> "{"jsonrpc":"2.0","method":"removeUser","id":234,"params":{"user_id":347}}"
17:41:38.940 [main] DEBUG org.apache.http.wire -  << "HTTP/1.1 200 OK[\r][\n]"
17:41:38.941 [main] DEBUG org.apache.http.wire -  << "Server: nginx[\r][\n]"
17:41:38.941 [main] DEBUG org.apache.http.wire -  << "Date: Tue, 25 Jul 2023 14:41:38 GMT[\r][\n]"
17:41:38.941 [main] DEBUG org.apache.http.wire -  << "Content-Type: application/json[\r][\n]"
17:41:38.941 [main] DEBUG org.apache.http.wire -  << "Transfer-Encoding: chunked[\r][\n]"
17:41:38.941 [main] DEBUG org.apache.http.wire -  << "Connection: keep-alive[\r][\n]"
17:41:38.941 [main] DEBUG org.apache.http.wire -  << "Vary: Accept-Encoding[\r][\n]"
17:41:38.941 [main] DEBUG org.apache.http.wire -  << "Content-Encoding: gzip[\r][\n]"
17:41:38.941 [main] DEBUG org.apache.http.wire -  << "[\r][\n]"
17:41:38.941 [main] DEBUG org.apache.http.impl.conn.DefaultClientConnection - Receiving response: HTTP/1.1 200 OK
17:41:38.941 [main] DEBUG org.apache.http.headers - << HTTP/1.1 200 OK
17:41:38.941 [main] DEBUG org.apache.http.headers - << Server: nginx
17:41:38.941 [main] DEBUG org.apache.http.headers - << Date: Tue, 25 Jul 2023 14:41:38 GMT
17:41:38.941 [main] DEBUG org.apache.http.headers - << Content-Type: application/json
17:41:38.941 [main] DEBUG org.apache.http.headers - << Transfer-Encoding: chunked
17:41:38.941 [main] DEBUG org.apache.http.headers - << Connection: keep-alive
17:41:38.941 [main] DEBUG org.apache.http.headers - << Vary: Accept-Encoding
17:41:38.941 [main] DEBUG org.apache.http.headers - << Content-Encoding: gzip
17:41:38.942 [main] DEBUG org.apache.http.impl.client.DefaultHttpClient - Connection can be kept alive indefinitely
17:41:38.942 [main] DEBUG org.apache.http.impl.client.DefaultHttpClient - Authentication succeeded
17:41:38.942 [main] DEBUG org.apache.http.impl.client.TargetAuthenticationStrategy - Caching 'basic' auth scheme for http://localhost:81
17:41:38.942 [main] DEBUG io.restassured.internal.RestAssuredHttpBuilder - Parsing response as: application/json
17:41:38.942 [main] DEBUG org.apache.http.wire -  << "3c[\r][\n]"
17:41:38.942 [main] DEBUG org.apache.http.wire -  << "[0x1f][0x8b][0x8][0x0][0x0][0x0][0x0][0x0][0x0][0x3][0xab]V[0xca]*[0xce][0xcf]+*HV[0xb2]R2[0xd2]3P[0xd2]Q*J-.[0xcd])Q[0xb2]*)*M[0xd5]Q[0xca]LQ[0xb2]226[0xa9][0x5][0x0]q~[0x7][0xe8]([0x0][0x0][0x0]"
17:41:38.942 [main] DEBUG org.apache.http.wire -  << "[\r][\n]"
17:41:38.942 [main] DEBUG org.apache.http.wire -  << "0[\r][\n]"
17:41:38.942 [main] DEBUG org.apache.http.wire -  << "[\r][\n]"
17:41:38.943 [main] DEBUG io.restassured.internal.RestAssuredHttpBuilder - Parsed data to instance of: class org.apache.http.conn.EofSensorInputStream
17:41:38.945 [main] DEBUG org.apache.http.impl.conn.BasicClientConnectionManager - Releasing connection org.apache.http.impl.conn.ManagedClientConnectionImpl@2f03fdc0
17:41:38.945 [main] DEBUG org.apache.http.impl.conn.BasicClientConnectionManager - Connection can be kept alive indefinitely
{
    "jsonrpc": "2.0",
    "result": true,
    "id": 234
}
Request method:	POST
Request URI:	http://localhost:81/jsonrpc.php
Proxy:			<none>
Request params:	<none>
Query params:	<none>
Form params:	<none>
Path params:	<none>
Headers:		Accept=*/*
				Content-Type=text/plain; charset=ISO-8859-1
Cookies:		<none>
Multiparts:		<none>
Body:
{"jsonrpc":"2.0","method":"createUser","id":123123,"params":{"username":"kyryloAPITestLogin","password":"kyryloAPITestPassword","name":"kyrylo","email":"kyryloAPITest@mail.com","role":"app-manager"}}
17:41:38.979 [main] DEBUG org.apache.http.impl.conn.BasicClientConnectionManager - Get connection for route {}->http://localhost:81
17:41:38.980 [main] DEBUG org.apache.http.impl.conn.DefaultClientConnectionOperator - Connecting to localhost:81
17:41:38.981 [main] DEBUG org.apache.http.client.protocol.RequestAddCookies - CookieSpec selected: ignoreCookies
17:41:38.981 [main] DEBUG org.apache.http.client.protocol.RequestAuthCache - Auth cache not set in the context
17:41:38.981 [main] DEBUG org.apache.http.client.protocol.RequestTargetAuthentication - Target auth state: UNCHALLENGED
17:41:38.981 [main] DEBUG org.apache.http.client.protocol.RequestProxyAuthentication - Proxy auth state: UNCHALLENGED
17:41:38.981 [main] DEBUG org.apache.http.impl.client.DefaultHttpClient - Attempt 1 to execute request
17:41:38.982 [main] DEBUG org.apache.http.impl.conn.DefaultClientConnection - Sending request: POST /jsonrpc.php HTTP/1.1
17:41:38.982 [main] DEBUG org.apache.http.wire -  >> "POST /jsonrpc.php HTTP/1.1[\r][\n]"
17:41:38.982 [main] DEBUG org.apache.http.wire -  >> "Accept: */*[\r][\n]"
17:41:38.982 [main] DEBUG org.apache.http.wire -  >> "Content-Type: text/plain; charset=ISO-8859-1[\r][\n]"
17:41:38.982 [main] DEBUG org.apache.http.wire -  >> "Content-Length: 199[\r][\n]"
17:41:38.982 [main] DEBUG org.apache.http.wire -  >> "Host: localhost:81[\r][\n]"
17:41:38.982 [main] DEBUG org.apache.http.wire -  >> "Connection: Keep-Alive[\r][\n]"
17:41:38.982 [main] DEBUG org.apache.http.wire -  >> "User-Agent: Apache-HttpClient/4.5.13 (Java/17)[\r][\n]"
17:41:38.982 [main] DEBUG org.apache.http.wire -  >> "Accept-Encoding: gzip,deflate[\r][\n]"
17:41:38.982 [main] DEBUG org.apache.http.wire -  >> "[\r][\n]"
17:41:38.982 [main] DEBUG org.apache.http.headers - >> POST /jsonrpc.php HTTP/1.1
17:41:38.982 [main] DEBUG org.apache.http.headers - >> Accept: */*
17:41:38.982 [main] DEBUG org.apache.http.headers - >> Content-Type: text/plain; charset=ISO-8859-1
17:41:38.982 [main] DEBUG org.apache.http.headers - >> Content-Length: 199
17:41:38.982 [main] DEBUG org.apache.http.headers - >> Host: localhost:81
17:41:38.982 [main] DEBUG org.apache.http.headers - >> Connection: Keep-Alive
17:41:38.982 [main] DEBUG org.apache.http.headers - >> User-Agent: Apache-HttpClient/4.5.13 (Java/17)
17:41:38.982 [main] DEBUG org.apache.http.headers - >> Accept-Encoding: gzip,deflate
17:41:38.983 [main] DEBUG org.apache.http.wire -  >> "{"jsonrpc":"2.0","method":"createUser","id":123123,"params":{"username":"kyryloAPITestLogin","password":"kyryloAPITestPassword","name":"kyrylo","email":"kyryloAPITest@mail.com","role":"app-manager"}}"
17:41:38.992 [main] DEBUG org.apache.http.wire -  << "HTTP/1.1 401 Unauthorized[\r][\n]"
17:41:38.992 [main] DEBUG org.apache.http.wire -  << "Server: nginx[\r][\n]"
17:41:38.992 [main] DEBUG org.apache.http.wire -  << "Date: Tue, 25 Jul 2023 14:41:38 GMT[\r][\n]"
17:41:38.992 [main] DEBUG org.apache.http.wire -  << "Content-Type: application/json[\r][\n]"
17:41:38.992 [main] DEBUG org.apache.http.wire -  << "Transfer-Encoding: chunked[\r][\n]"
17:41:38.992 [main] DEBUG org.apache.http.wire -  << "Connection: keep-alive[\r][\n]"
17:41:38.992 [main] DEBUG org.apache.http.wire -  << "WWW-Authenticate: Basic realm="JsonRPC"[\r][\n]"
17:41:38.992 [main] DEBUG org.apache.http.wire -  << "[\r][\n]"
17:41:38.992 [main] DEBUG org.apache.http.impl.conn.DefaultClientConnection - Receiving response: HTTP/1.1 401 Unauthorized
17:41:38.992 [main] DEBUG org.apache.http.headers - << HTTP/1.1 401 Unauthorized
17:41:38.992 [main] DEBUG org.apache.http.headers - << Server: nginx
17:41:38.992 [main] DEBUG org.apache.http.headers - << Date: Tue, 25 Jul 2023 14:41:38 GMT
17:41:38.992 [main] DEBUG org.apache.http.headers - << Content-Type: application/json
17:41:38.993 [main] DEBUG org.apache.http.headers - << Transfer-Encoding: chunked
17:41:38.993 [main] DEBUG org.apache.http.headers - << Connection: keep-alive
17:41:38.993 [main] DEBUG org.apache.http.headers - << WWW-Authenticate: Basic realm="JsonRPC"
17:41:38.993 [main] DEBUG org.apache.http.impl.client.DefaultHttpClient - Connection can be kept alive indefinitely
17:41:38.993 [main] DEBUG org.apache.http.impl.client.DefaultHttpClient - Authentication required
17:41:38.993 [main] DEBUG org.apache.http.impl.client.DefaultHttpClient - localhost:81 requested authentication
17:41:38.993 [main] DEBUG org.apache.http.impl.client.TargetAuthenticationStrategy - Authentication schemes in the order of preference: [Negotiate, Kerberos, NTLM, CredSSP, Digest, Basic]
17:41:38.993 [main] DEBUG org.apache.http.impl.client.TargetAuthenticationStrategy - Challenge for Negotiate authentication scheme not available
17:41:38.993 [main] DEBUG org.apache.http.impl.client.TargetAuthenticationStrategy - Challenge for Kerberos authentication scheme not available
17:41:38.993 [main] DEBUG org.apache.http.impl.client.TargetAuthenticationStrategy - Challenge for NTLM authentication scheme not available
17:41:38.993 [main] DEBUG org.apache.http.impl.client.TargetAuthenticationStrategy - Challenge for CredSSP authentication scheme not available
17:41:38.993 [main] DEBUG org.apache.http.impl.client.TargetAuthenticationStrategy - Challenge for Digest authentication scheme not available
17:41:38.993 [main] DEBUG org.apache.http.impl.client.DefaultHttpClient - Selected authentication options: [BASIC [complete=true]]
17:41:38.993 [main] DEBUG org.apache.http.wire -  << "49[\r][\n]"
17:41:38.993 [main] DEBUG org.apache.http.wire -  << "{"jsonrpc":"2.0","error":{"code":401,"message":"Unauthorized"},"id":null}"
17:41:38.993 [main] DEBUG org.apache.http.wire -  << "[\r][\n]"
17:41:38.993 [main] DEBUG org.apache.http.wire -  << "0[\r][\n]"
17:41:38.993 [main] DEBUG org.apache.http.wire -  << "[\r][\n]"
17:41:38.993 [main] DEBUG org.apache.http.client.protocol.RequestAddCookies - CookieSpec selected: ignoreCookies
17:41:38.993 [main] DEBUG org.apache.http.client.protocol.RequestAuthCache - Auth cache not set in the context
17:41:38.993 [main] DEBUG org.apache.http.client.protocol.RequestTargetAuthentication - Target auth state: CHALLENGED
17:41:38.993 [main] DEBUG org.apache.http.client.protocol.RequestTargetAuthentication - Generating response to an authentication challenge using basic scheme
17:41:38.993 [main] DEBUG org.apache.http.client.protocol.RequestProxyAuthentication - Proxy auth state: UNCHALLENGED
17:41:38.993 [main] DEBUG org.apache.http.impl.client.DefaultHttpClient - Attempt 2 to execute request
17:41:38.994 [main] DEBUG org.apache.http.impl.conn.DefaultClientConnection - Sending request: POST /jsonrpc.php HTTP/1.1
17:41:38.994 [main] DEBUG org.apache.http.wire -  >> "POST /jsonrpc.php HTTP/1.1[\r][\n]"
17:41:38.994 [main] DEBUG org.apache.http.wire -  >> "Accept: */*[\r][\n]"
17:41:38.994 [main] DEBUG org.apache.http.wire -  >> "Content-Type: text/plain; charset=ISO-8859-1[\r][\n]"
17:41:38.994 [main] DEBUG org.apache.http.wire -  >> "Content-Length: 199[\r][\n]"
17:41:38.994 [main] DEBUG org.apache.http.wire -  >> "Host: localhost:81[\r][\n]"
17:41:38.994 [main] DEBUG org.apache.http.wire -  >> "Connection: Keep-Alive[\r][\n]"
17:41:38.994 [main] DEBUG org.apache.http.wire -  >> "User-Agent: Apache-HttpClient/4.5.13 (Java/17)[\r][\n]"
17:41:38.994 [main] DEBUG org.apache.http.wire -  >> "Authorization: Basic YWRtaW46YWRtaW4=[\r][\n]"
17:41:38.994 [main] DEBUG org.apache.http.wire -  >> "Accept-Encoding: gzip,deflate[\r][\n]"
17:41:38.994 [main] DEBUG org.apache.http.wire -  >> "[\r][\n]"
17:41:38.994 [main] DEBUG org.apache.http.headers - >> POST /jsonrpc.php HTTP/1.1
17:41:38.994 [main] DEBUG org.apache.http.headers - >> Accept: */*
17:41:38.994 [main] DEBUG org.apache.http.headers - >> Content-Type: text/plain; charset=ISO-8859-1
17:41:38.994 [main] DEBUG org.apache.http.headers - >> Content-Length: 199
17:41:38.994 [main] DEBUG org.apache.http.headers - >> Host: localhost:81
17:41:38.994 [main] DEBUG org.apache.http.headers - >> Connection: Keep-Alive
17:41:38.994 [main] DEBUG org.apache.http.headers - >> User-Agent: Apache-HttpClient/4.5.13 (Java/17)
17:41:38.994 [main] DEBUG org.apache.http.headers - >> Authorization: Basic YWRtaW46YWRtaW4=
17:41:38.994 [main] DEBUG org.apache.http.headers - >> Accept-Encoding: gzip,deflate
17:41:38.994 [main] DEBUG org.apache.http.wire -  >> "{"jsonrpc":"2.0","method":"createUser","id":123123,"params":{"username":"kyryloAPITestLogin","password":"kyryloAPITestPassword","name":"kyrylo","email":"kyryloAPITest@mail.com","role":"app-manager"}}"
17:41:39.311 [main] DEBUG org.apache.http.wire -  << "HTTP/1.1 200 OK[\r][\n]"
17:41:39.311 [main] DEBUG org.apache.http.wire -  << "Server: nginx[\r][\n]"
17:41:39.311 [main] DEBUG org.apache.http.wire -  << "Date: Tue, 25 Jul 2023 14:41:39 GMT[\r][\n]"
17:41:39.311 [main] DEBUG org.apache.http.wire -  << "Content-Type: application/json[\r][\n]"
17:41:39.311 [main] DEBUG org.apache.http.wire -  << "Transfer-Encoding: chunked[\r][\n]"
17:41:39.311 [main] DEBUG org.apache.http.wire -  << "Connection: keep-alive[\r][\n]"
17:41:39.311 [main] DEBUG org.apache.http.wire -  << "Vary: Accept-Encoding[\r][\n]"
17:41:39.311 [main] DEBUG org.apache.http.wire -  << "Content-Encoding: gzip[\r][\n]"
17:41:39.311 [main] DEBUG org.apache.http.wire -  << "[\r][\n]"
17:41:39.312 [main] DEBUG org.apache.http.impl.conn.DefaultClientConnection - Receiving response: HTTP/1.1 200 OK
17:41:39.312 [main] DEBUG org.apache.http.headers - << HTTP/1.1 200 OK
17:41:39.312 [main] DEBUG org.apache.http.headers - << Server: nginx
17:41:39.312 [main] DEBUG org.apache.http.headers - << Date: Tue, 25 Jul 2023 14:41:39 GMT
17:41:39.312 [main] DEBUG org.apache.http.headers - << Content-Type: application/json
17:41:39.312 [main] DEBUG org.apache.http.headers - << Transfer-Encoding: chunked
17:41:39.312 [main] DEBUG org.apache.http.headers - << Connection: keep-alive
17:41:39.312 [main] DEBUG org.apache.http.headers - << Vary: Accept-Encoding
17:41:39.312 [main] DEBUG org.apache.http.headers - << Content-Encoding: gzip
17:41:39.312 [main] DEBUG org.apache.http.impl.client.DefaultHttpClient - Connection can be kept alive indefinitely
17:41:39.312 [main] DEBUG org.apache.http.impl.client.DefaultHttpClient - Authentication succeeded
17:41:39.312 [main] DEBUG org.apache.http.impl.client.TargetAuthenticationStrategy - Caching 'basic' auth scheme for http://localhost:81
17:41:39.313 [main] DEBUG io.restassured.internal.RestAssuredHttpBuilder - Parsing response as: application/json
17:41:39.313 [main] DEBUG org.apache.http.wire -  << "3c[\r][\n]"
17:41:39.313 [main] DEBUG org.apache.http.wire -  << "[0x1f][0x8b][0x8][0x0][0x0][0x0][0x0][0x0][0x0][0x3][0xab]V[0xca]*[0xce][0xcf]+*HV[0xb2]R2[0xd2]3P[0xd2]Q*J-.[0xcd])Q[0xb2]26[0xb1][0xd0]Q[0xca]LQ[0xb2]242[0x6][0xa2]Z[0x0][0xf][0xc3]-H*[0x0][0x0][0x0]"
17:41:39.313 [main] DEBUG org.apache.http.wire -  << "[\r][\n]"
17:41:39.313 [main] DEBUG org.apache.http.wire -  << "0[\r][\n]"
17:41:39.313 [main] DEBUG org.apache.http.wire -  << "[\r][\n]"
17:41:39.313 [main] DEBUG io.restassured.internal.RestAssuredHttpBuilder - Parsed data to instance of: class org.apache.http.conn.EofSensorInputStream
17:41:39.315 [main] DEBUG org.apache.http.impl.conn.BasicClientConnectionManager - Releasing connection org.apache.http.impl.conn.ManagedClientConnectionImpl@3ce2c5f6
17:41:39.315 [main] DEBUG org.apache.http.impl.conn.BasicClientConnectionManager - Connection can be kept alive indefinitely
{
    "jsonrpc": "2.0",
    "result": 348,
    "id": 123123
}
Request method:	DELETE
Request URI:	http://localhost:81/jsonrpc.php
Proxy:			<none>
Request params:	<none>
Query params:	<none>
Form params:	<none>
Path params:	<none>
Headers:		Accept=*/*
				Content-Type=text/plain; charset=ISO-8859-1
Cookies:		<none>
Multiparts:		<none>
Body:
{"jsonrpc":"2.0","method":"removeUser","id":234,"params":{"user_id":348}}
17:41:39.331 [main] DEBUG org.apache.http.impl.conn.BasicClientConnectionManager - Get connection for route {}->http://localhost:81
17:41:39.331 [main] DEBUG org.apache.http.impl.conn.DefaultClientConnectionOperator - Connecting to localhost:81
17:41:39.333 [main] DEBUG org.apache.http.client.protocol.RequestAddCookies - CookieSpec selected: ignoreCookies
17:41:39.333 [main] DEBUG org.apache.http.client.protocol.RequestAuthCache - Auth cache not set in the context
17:41:39.333 [main] DEBUG org.apache.http.client.protocol.RequestTargetAuthentication - Target auth state: UNCHALLENGED
17:41:39.333 [main] DEBUG org.apache.http.client.protocol.RequestProxyAuthentication - Proxy auth state: UNCHALLENGED
17:41:39.333 [main] DEBUG org.apache.http.impl.client.DefaultHttpClient - Attempt 1 to execute request
17:41:39.333 [main] DEBUG org.apache.http.impl.conn.DefaultClientConnection - Sending request: DELETE /jsonrpc.php HTTP/1.1
17:41:39.333 [main] DEBUG org.apache.http.wire -  >> "DELETE /jsonrpc.php HTTP/1.1[\r][\n]"
17:41:39.333 [main] DEBUG org.apache.http.wire -  >> "Accept: */*[\r][\n]"
17:41:39.333 [main] DEBUG org.apache.http.wire -  >> "Content-Type: text/plain; charset=ISO-8859-1[\r][\n]"
17:41:39.333 [main] DEBUG org.apache.http.wire -  >> "Content-Length: 73[\r][\n]"
17:41:39.333 [main] DEBUG org.apache.http.wire -  >> "Host: localhost:81[\r][\n]"
17:41:39.333 [main] DEBUG org.apache.http.wire -  >> "Connection: Keep-Alive[\r][\n]"
17:41:39.333 [main] DEBUG org.apache.http.wire -  >> "User-Agent: Apache-HttpClient/4.5.13 (Java/17)[\r][\n]"
17:41:39.333 [main] DEBUG org.apache.http.wire -  >> "Accept-Encoding: gzip,deflate[\r][\n]"
17:41:39.333 [main] DEBUG org.apache.http.wire -  >> "[\r][\n]"
17:41:39.333 [main] DEBUG org.apache.http.headers - >> DELETE /jsonrpc.php HTTP/1.1
17:41:39.333 [main] DEBUG org.apache.http.headers - >> Accept: */*
17:41:39.333 [main] DEBUG org.apache.http.headers - >> Content-Type: text/plain; charset=ISO-8859-1
17:41:39.333 [main] DEBUG org.apache.http.headers - >> Content-Length: 73
17:41:39.333 [main] DEBUG org.apache.http.headers - >> Host: localhost:81
17:41:39.333 [main] DEBUG org.apache.http.headers - >> Connection: Keep-Alive
17:41:39.334 [main] DEBUG org.apache.http.headers - >> User-Agent: Apache-HttpClient/4.5.13 (Java/17)
17:41:39.334 [main] DEBUG org.apache.http.headers - >> Accept-Encoding: gzip,deflate
17:41:39.334 [main] DEBUG org.apache.http.wire -  >> "{"jsonrpc":"2.0","method":"removeUser","id":234,"params":{"user_id":348}}"
17:41:39.344 [main] DEBUG org.apache.http.wire -  << "HTTP/1.1 401 Unauthorized[\r][\n]"
17:41:39.344 [main] DEBUG org.apache.http.wire -  << "Server: nginx[\r][\n]"
17:41:39.344 [main] DEBUG org.apache.http.wire -  << "Date: Tue, 25 Jul 2023 14:41:39 GMT[\r][\n]"
17:41:39.344 [main] DEBUG org.apache.http.wire -  << "Content-Type: application/json[\r][\n]"
17:41:39.344 [main] DEBUG org.apache.http.wire -  << "Transfer-Encoding: chunked[\r][\n]"
17:41:39.344 [main] DEBUG org.apache.http.wire -  << "Connection: keep-alive[\r][\n]"
17:41:39.344 [main] DEBUG org.apache.http.wire -  << "WWW-Authenticate: Basic realm="JsonRPC"[\r][\n]"
17:41:39.344 [main] DEBUG org.apache.http.wire -  << "[\r][\n]"
17:41:39.344 [main] DEBUG org.apache.http.impl.conn.DefaultClientConnection - Receiving response: HTTP/1.1 401 Unauthorized
17:41:39.344 [main] DEBUG org.apache.http.headers - << HTTP/1.1 401 Unauthorized
17:41:39.344 [main] DEBUG org.apache.http.headers - << Server: nginx
17:41:39.344 [main] DEBUG org.apache.http.headers - << Date: Tue, 25 Jul 2023 14:41:39 GMT
17:41:39.344 [main] DEBUG org.apache.http.headers - << Content-Type: application/json
17:41:39.344 [main] DEBUG org.apache.http.headers - << Transfer-Encoding: chunked
17:41:39.344 [main] DEBUG org.apache.http.headers - << Connection: keep-alive
17:41:39.344 [main] DEBUG org.apache.http.headers - << WWW-Authenticate: Basic realm="JsonRPC"
17:41:39.344 [main] DEBUG org.apache.http.impl.client.DefaultHttpClient - Connection can be kept alive indefinitely
17:41:39.344 [main] DEBUG org.apache.http.impl.client.DefaultHttpClient - Authentication required
17:41:39.344 [main] DEBUG org.apache.http.impl.client.DefaultHttpClient - localhost:81 requested authentication
17:41:39.344 [main] DEBUG org.apache.http.impl.client.TargetAuthenticationStrategy - Authentication schemes in the order of preference: [Negotiate, Kerberos, NTLM, CredSSP, Digest, Basic]
17:41:39.344 [main] DEBUG org.apache.http.impl.client.TargetAuthenticationStrategy - Challenge for Negotiate authentication scheme not available
17:41:39.344 [main] DEBUG org.apache.http.impl.client.TargetAuthenticationStrategy - Challenge for Kerberos authentication scheme not available
17:41:39.345 [main] DEBUG org.apache.http.impl.client.TargetAuthenticationStrategy - Challenge for NTLM authentication scheme not available
17:41:39.345 [main] DEBUG org.apache.http.impl.client.TargetAuthenticationStrategy - Challenge for CredSSP authentication scheme not available
17:41:39.345 [main] DEBUG org.apache.http.impl.client.TargetAuthenticationStrategy - Challenge for Digest authentication scheme not available
17:41:39.345 [main] DEBUG org.apache.http.impl.client.DefaultHttpClient - Selected authentication options: [BASIC [complete=true]]
17:41:39.345 [main] DEBUG org.apache.http.wire -  << "49[\r][\n]"
17:41:39.345 [main] DEBUG org.apache.http.wire -  << "{"jsonrpc":"2.0","error":{"code":401,"message":"Unauthorized"},"id":null}"
17:41:39.345 [main] DEBUG org.apache.http.wire -  << "[\r][\n]"
17:41:39.345 [main] DEBUG org.apache.http.wire -  << "0[\r][\n]"
17:41:39.345 [main] DEBUG org.apache.http.wire -  << "[\r][\n]"
17:41:39.345 [main] DEBUG org.apache.http.client.protocol.RequestAddCookies - CookieSpec selected: ignoreCookies
17:41:39.345 [main] DEBUG org.apache.http.client.protocol.RequestAuthCache - Auth cache not set in the context
17:41:39.345 [main] DEBUG org.apache.http.client.protocol.RequestTargetAuthentication - Target auth state: CHALLENGED
17:41:39.345 [main] DEBUG org.apache.http.client.protocol.RequestTargetAuthentication - Generating response to an authentication challenge using basic scheme
17:41:39.345 [main] DEBUG org.apache.http.client.protocol.RequestProxyAuthentication - Proxy auth state: UNCHALLENGED
17:41:39.345 [main] DEBUG org.apache.http.impl.client.DefaultHttpClient - Attempt 2 to execute request
17:41:39.346 [main] DEBUG org.apache.http.impl.conn.DefaultClientConnection - Sending request: DELETE /jsonrpc.php HTTP/1.1
17:41:39.346 [main] DEBUG org.apache.http.wire -  >> "DELETE /jsonrpc.php HTTP/1.1[\r][\n]"
17:41:39.346 [main] DEBUG org.apache.http.wire -  >> "Accept: */*[\r][\n]"
17:41:39.346 [main] DEBUG org.apache.http.wire -  >> "Content-Type: text/plain; charset=ISO-8859-1[\r][\n]"
17:41:39.346 [main] DEBUG org.apache.http.wire -  >> "Content-Length: 73[\r][\n]"
17:41:39.346 [main] DEBUG org.apache.http.wire -  >> "Host: localhost:81[\r][\n]"
17:41:39.346 [main] DEBUG org.apache.http.wire -  >> "Connection: Keep-Alive[\r][\n]"
17:41:39.346 [main] DEBUG org.apache.http.wire -  >> "User-Agent: Apache-HttpClient/4.5.13 (Java/17)[\r][\n]"
17:41:39.346 [main] DEBUG org.apache.http.wire -  >> "Authorization: Basic YWRtaW46YWRtaW4=[\r][\n]"
17:41:39.346 [main] DEBUG org.apache.http.wire -  >> "Accept-Encoding: gzip,deflate[\r][\n]"
17:41:39.346 [main] DEBUG org.apache.http.wire -  >> "[\r][\n]"
17:41:39.346 [main] DEBUG org.apache.http.headers - >> DELETE /jsonrpc.php HTTP/1.1
17:41:39.346 [main] DEBUG org.apache.http.headers - >> Accept: */*
17:41:39.346 [main] DEBUG org.apache.http.headers - >> Content-Type: text/plain; charset=ISO-8859-1
17:41:39.346 [main] DEBUG org.apache.http.headers - >> Content-Length: 73
17:41:39.346 [main] DEBUG org.apache.http.headers - >> Host: localhost:81
17:41:39.346 [main] DEBUG org.apache.http.headers - >> Connection: Keep-Alive
17:41:39.346 [main] DEBUG org.apache.http.headers - >> User-Agent: Apache-HttpClient/4.5.13 (Java/17)
17:41:39.346 [main] DEBUG org.apache.http.headers - >> Authorization: Basic YWRtaW46YWRtaW4=
17:41:39.346 [main] DEBUG org.apache.http.headers - >> Accept-Encoding: gzip,deflate
17:41:39.346 [main] DEBUG org.apache.http.wire -  >> "{"jsonrpc":"2.0","method":"removeUser","id":234,"params":{"user_id":348}}"
17:41:39.478 [main] DEBUG org.apache.http.wire -  << "HTTP/1.1 200 OK[\r][\n]"
17:41:39.479 [main] DEBUG org.apache.http.wire -  << "Server: nginx[\r][\n]"
17:41:39.479 [main] DEBUG org.apache.http.wire -  << "Date: Tue, 25 Jul 2023 14:41:39 GMT[\r][\n]"
17:41:39.479 [main] DEBUG org.apache.http.wire -  << "Content-Type: application/json[\r][\n]"
17:41:39.479 [main] DEBUG org.apache.http.wire -  << "Transfer-Encoding: chunked[\r][\n]"
17:41:39.479 [main] DEBUG org.apache.http.wire -  << "Connection: keep-alive[\r][\n]"
17:41:39.479 [main] DEBUG org.apache.http.wire -  << "Vary: Accept-Encoding[\r][\n]"
17:41:39.479 [main] DEBUG org.apache.http.wire -  << "Content-Encoding: gzip[\r][\n]"
17:41:39.479 [main] DEBUG org.apache.http.wire -  << "[\r][\n]"
17:41:39.479 [main] DEBUG org.apache.http.impl.conn.DefaultClientConnection - Receiving response: HTTP/1.1 200 OK
17:41:39.479 [main] DEBUG org.apache.http.headers - << HTTP/1.1 200 OK
17:41:39.479 [main] DEBUG org.apache.http.headers - << Server: nginx
17:41:39.479 [main] DEBUG org.apache.http.headers - << Date: Tue, 25 Jul 2023 14:41:39 GMT
17:41:39.479 [main] DEBUG org.apache.http.headers - << Content-Type: application/json
17:41:39.479 [main] DEBUG org.apache.http.headers - << Transfer-Encoding: chunked
17:41:39.479 [main] DEBUG org.apache.http.headers - << Connection: keep-alive
17:41:39.479 [main] DEBUG org.apache.http.headers - << Vary: Accept-Encoding
17:41:39.479 [main] DEBUG org.apache.http.headers - << Content-Encoding: gzip
17:41:39.480 [main] DEBUG org.apache.http.impl.client.DefaultHttpClient - Connection can be kept alive indefinitely
17:41:39.480 [main] DEBUG org.apache.http.impl.client.DefaultHttpClient - Authentication succeeded
17:41:39.480 [main] DEBUG org.apache.http.impl.client.TargetAuthenticationStrategy - Caching 'basic' auth scheme for http://localhost:81
17:41:39.481 [main] DEBUG io.restassured.internal.RestAssuredHttpBuilder - Parsing response as: application/json
17:41:39.481 [main] DEBUG org.apache.http.wire -  << "3c[\r][\n]"
17:41:39.481 [main] DEBUG org.apache.http.wire -  << "[0x1f][0x8b][0x8][0x0][0x0][0x0][0x0][0x0][0x0][0x3][0xab]V[0xca]*[0xce][0xcf]+*HV[0xb2]R2[0xd2]3P[0xd2]Q*J-.[0xcd])Q[0xb2]*)*M[0xd5]Q[0xca]LQ[0xb2]226[0xa9][0x5][0x0]q~[0x7][0xe8]([0x0][0x0][0x0]"
17:41:39.481 [main] DEBUG org.apache.http.wire -  << "[\r][\n]"
17:41:39.481 [main] DEBUG org.apache.http.wire -  << "0[\r][\n]"
17:41:39.481 [main] DEBUG org.apache.http.wire -  << "[\r][\n]"
17:41:39.481 [main] DEBUG io.restassured.internal.RestAssuredHttpBuilder - Parsed data to instance of: class org.apache.http.conn.EofSensorInputStream
17:41:39.483 [main] DEBUG org.apache.http.impl.conn.BasicClientConnectionManager - Releasing connection org.apache.http.impl.conn.ManagedClientConnectionImpl@49bc1f6c
17:41:39.483 [main] DEBUG org.apache.http.impl.conn.BasicClientConnectionManager - Connection can be kept alive indefinitely
{
    "jsonrpc": "2.0",
    "result": true,
    "id": 234
}
]]></system-out>
  </testcase>
  <testcase name="createProjectValid" classname="API.tests.ProjectTest" time="0.387">
    <system-out><![CDATA[Request method:	POST
Request URI:	http://localhost:81/jsonrpc.php
Proxy:			<none>
Request params:	<none>
Query params:	<none>
Form params:	<none>
Path params:	<none>
Headers:		Accept=*/*
				Content-Type=text/plain; charset=ISO-8859-1
Cookies:		<none>
Multiparts:		<none>
Body:
{"jsonrpc":"2.0","method":"createUser","id":123123,"params":{"username":"kyryloAPITestLogin","password":"kyryloAPITestPassword","name":"kyrylo","email":"kyryloAPITest@mail.com","role":"app-manager"}}
17:41:39.500 [main] DEBUG org.apache.http.impl.conn.BasicClientConnectionManager - Get connection for route {}->http://localhost:81
17:41:39.500 [main] DEBUG org.apache.http.impl.conn.DefaultClientConnectionOperator - Connecting to localhost:81
17:41:39.502 [main] DEBUG org.apache.http.client.protocol.RequestAddCookies - CookieSpec selected: ignoreCookies
17:41:39.502 [main] DEBUG org.apache.http.client.protocol.RequestAuthCache - Auth cache not set in the context
17:41:39.502 [main] DEBUG org.apache.http.client.protocol.RequestTargetAuthentication - Target auth state: UNCHALLENGED
17:41:39.502 [main] DEBUG org.apache.http.client.protocol.RequestProxyAuthentication - Proxy auth state: UNCHALLENGED
17:41:39.502 [main] DEBUG org.apache.http.impl.client.DefaultHttpClient - Attempt 1 to execute request
17:41:39.502 [main] DEBUG org.apache.http.impl.conn.DefaultClientConnection - Sending request: POST /jsonrpc.php HTTP/1.1
17:41:39.502 [main] DEBUG org.apache.http.wire -  >> "POST /jsonrpc.php HTTP/1.1[\r][\n]"
17:41:39.502 [main] DEBUG org.apache.http.wire -  >> "Accept: */*[\r][\n]"
17:41:39.502 [main] DEBUG org.apache.http.wire -  >> "Content-Type: text/plain; charset=ISO-8859-1[\r][\n]"
17:41:39.502 [main] DEBUG org.apache.http.wire -  >> "Content-Length: 199[\r][\n]"
17:41:39.502 [main] DEBUG org.apache.http.wire -  >> "Host: localhost:81[\r][\n]"
17:41:39.502 [main] DEBUG org.apache.http.wire -  >> "Connection: Keep-Alive[\r][\n]"
17:41:39.502 [main] DEBUG org.apache.http.wire -  >> "User-Agent: Apache-HttpClient/4.5.13 (Java/17)[\r][\n]"
17:41:39.502 [main] DEBUG org.apache.http.wire -  >> "Accept-Encoding: gzip,deflate[\r][\n]"
17:41:39.502 [main] DEBUG org.apache.http.wire -  >> "[\r][\n]"
17:41:39.502 [main] DEBUG org.apache.http.headers - >> POST /jsonrpc.php HTTP/1.1
17:41:39.502 [main] DEBUG org.apache.http.headers - >> Accept: */*
17:41:39.502 [main] DEBUG org.apache.http.headers - >> Content-Type: text/plain; charset=ISO-8859-1
17:41:39.502 [main] DEBUG org.apache.http.headers - >> Content-Length: 199
17:41:39.502 [main] DEBUG org.apache.http.headers - >> Host: localhost:81
17:41:39.502 [main] DEBUG org.apache.http.headers - >> Connection: Keep-Alive
17:41:39.502 [main] DEBUG org.apache.http.headers - >> User-Agent: Apache-HttpClient/4.5.13 (Java/17)
17:41:39.502 [main] DEBUG org.apache.http.headers - >> Accept-Encoding: gzip,deflate
17:41:39.503 [main] DEBUG org.apache.http.wire -  >> "{"jsonrpc":"2.0","method":"createUser","id":123123,"params":{"username":"kyryloAPITestLogin","password":"kyryloAPITestPassword","name":"kyrylo","email":"kyryloAPITest@mail.com","role":"app-manager"}}"
17:41:39.513 [main] DEBUG org.apache.http.wire -  << "HTTP/1.1 401 Unauthorized[\r][\n]"
17:41:39.513 [main] DEBUG org.apache.http.wire -  << "Server: nginx[\r][\n]"
17:41:39.513 [main] DEBUG org.apache.http.wire -  << "Date: Tue, 25 Jul 2023 14:41:39 GMT[\r][\n]"
17:41:39.513 [main] DEBUG org.apache.http.wire -  << "Content-Type: application/json[\r][\n]"
17:41:39.513 [main] DEBUG org.apache.http.wire -  << "Transfer-Encoding: chunked[\r][\n]"
17:41:39.513 [main] DEBUG org.apache.http.wire -  << "Connection: keep-alive[\r][\n]"
17:41:39.513 [main] DEBUG org.apache.http.wire -  << "WWW-Authenticate: Basic realm="JsonRPC"[\r][\n]"
17:41:39.513 [main] DEBUG org.apache.http.wire -  << "[\r][\n]"
17:41:39.513 [main] DEBUG org.apache.http.impl.conn.DefaultClientConnection - Receiving response: HTTP/1.1 401 Unauthorized
17:41:39.513 [main] DEBUG org.apache.http.headers - << HTTP/1.1 401 Unauthorized
17:41:39.513 [main] DEBUG org.apache.http.headers - << Server: nginx
17:41:39.513 [main] DEBUG org.apache.http.headers - << Date: Tue, 25 Jul 2023 14:41:39 GMT
17:41:39.513 [main] DEBUG org.apache.http.headers - << Content-Type: application/json
17:41:39.513 [main] DEBUG org.apache.http.headers - << Transfer-Encoding: chunked
17:41:39.513 [main] DEBUG org.apache.http.headers - << Connection: keep-alive
17:41:39.514 [main] DEBUG org.apache.http.headers - << WWW-Authenticate: Basic realm="JsonRPC"
17:41:39.514 [main] DEBUG org.apache.http.impl.client.DefaultHttpClient - Connection can be kept alive indefinitely
17:41:39.514 [main] DEBUG org.apache.http.impl.client.DefaultHttpClient - Authentication required
17:41:39.514 [main] DEBUG org.apache.http.impl.client.DefaultHttpClient - localhost:81 requested authentication
17:41:39.514 [main] DEBUG org.apache.http.impl.client.TargetAuthenticationStrategy - Authentication schemes in the order of preference: [Negotiate, Kerberos, NTLM, CredSSP, Digest, Basic]
17:41:39.514 [main] DEBUG org.apache.http.impl.client.TargetAuthenticationStrategy - Challenge for Negotiate authentication scheme not available
17:41:39.514 [main] DEBUG org.apache.http.impl.client.TargetAuthenticationStrategy - Challenge for Kerberos authentication scheme not available
17:41:39.514 [main] DEBUG org.apache.http.impl.client.TargetAuthenticationStrategy - Challenge for NTLM authentication scheme not available
17:41:39.514 [main] DEBUG org.apache.http.impl.client.TargetAuthenticationStrategy - Challenge for CredSSP authentication scheme not available
17:41:39.514 [main] DEBUG org.apache.http.impl.client.TargetAuthenticationStrategy - Challenge for Digest authentication scheme not available
17:41:39.514 [main] DEBUG org.apache.http.impl.client.DefaultHttpClient - Selected authentication options: [BASIC [complete=true]]
17:41:39.514 [main] DEBUG org.apache.http.wire -  << "49[\r][\n]"
17:41:39.514 [main] DEBUG org.apache.http.wire -  << "{"jsonrpc":"2.0","error":{"code":401,"message":"Unauthorized"},"id":null}"
17:41:39.514 [main] DEBUG org.apache.http.wire -  << "[\r][\n]"
17:41:39.514 [main] DEBUG org.apache.http.wire -  << "0[\r][\n]"
17:41:39.514 [main] DEBUG org.apache.http.wire -  << "[\r][\n]"
17:41:39.514 [main] DEBUG org.apache.http.client.protocol.RequestAddCookies - CookieSpec selected: ignoreCookies
17:41:39.514 [main] DEBUG org.apache.http.client.protocol.RequestAuthCache - Auth cache not set in the context
17:41:39.514 [main] DEBUG org.apache.http.client.protocol.RequestTargetAuthentication - Target auth state: CHALLENGED
17:41:39.514 [main] DEBUG org.apache.http.client.protocol.RequestTargetAuthentication - Generating response to an authentication challenge using basic scheme
17:41:39.514 [main] DEBUG org.apache.http.client.protocol.RequestProxyAuthentication - Proxy auth state: UNCHALLENGED
17:41:39.514 [main] DEBUG org.apache.http.impl.client.DefaultHttpClient - Attempt 2 to execute request
17:41:39.515 [main] DEBUG org.apache.http.impl.conn.DefaultClientConnection - Sending request: POST /jsonrpc.php HTTP/1.1
17:41:39.515 [main] DEBUG org.apache.http.wire -  >> "POST /jsonrpc.php HTTP/1.1[\r][\n]"
17:41:39.515 [main] DEBUG org.apache.http.wire -  >> "Accept: */*[\r][\n]"
17:41:39.515 [main] DEBUG org.apache.http.wire -  >> "Content-Type: text/plain; charset=ISO-8859-1[\r][\n]"
17:41:39.515 [main] DEBUG org.apache.http.wire -  >> "Content-Length: 199[\r][\n]"
17:41:39.515 [main] DEBUG org.apache.http.wire -  >> "Host: localhost:81[\r][\n]"
17:41:39.515 [main] DEBUG org.apache.http.wire -  >> "Connection: Keep-Alive[\r][\n]"
17:41:39.515 [main] DEBUG org.apache.http.wire -  >> "User-Agent: Apache-HttpClient/4.5.13 (Java/17)[\r][\n]"
17:41:39.515 [main] DEBUG org.apache.http.wire -  >> "Authorization: Basic YWRtaW46YWRtaW4=[\r][\n]"
17:41:39.515 [main] DEBUG org.apache.http.wire -  >> "Accept-Encoding: gzip,deflate[\r][\n]"
17:41:39.515 [main] DEBUG org.apache.http.wire -  >> "[\r][\n]"
17:41:39.515 [main] DEBUG org.apache.http.headers - >> POST /jsonrpc.php HTTP/1.1
17:41:39.515 [main] DEBUG org.apache.http.headers - >> Accept: */*
17:41:39.515 [main] DEBUG org.apache.http.headers - >> Content-Type: text/plain; charset=ISO-8859-1
17:41:39.515 [main] DEBUG org.apache.http.headers - >> Content-Length: 199
17:41:39.515 [main] DEBUG org.apache.http.headers - >> Host: localhost:81
17:41:39.515 [main] DEBUG org.apache.http.headers - >> Connection: Keep-Alive
17:41:39.515 [main] DEBUG org.apache.http.headers - >> User-Agent: Apache-HttpClient/4.5.13 (Java/17)
17:41:39.515 [main] DEBUG org.apache.http.headers - >> Authorization: Basic YWRtaW46YWRtaW4=
17:41:39.515 [main] DEBUG org.apache.http.headers - >> Accept-Encoding: gzip,deflate
17:41:39.515 [main] DEBUG org.apache.http.wire -  >> "{"jsonrpc":"2.0","method":"createUser","id":123123,"params":{"username":"kyryloAPITestLogin","password":"kyryloAPITestPassword","name":"kyrylo","email":"kyryloAPITest@mail.com","role":"app-manager"}}"
17:41:39.688 [main] DEBUG org.apache.http.wire -  << "HTTP/1.1 200 OK[\r][\n]"
17:41:39.688 [main] DEBUG org.apache.http.wire -  << "Server: nginx[\r][\n]"
17:41:39.688 [main] DEBUG org.apache.http.wire -  << "Date: Tue, 25 Jul 2023 14:41:39 GMT[\r][\n]"
17:41:39.688 [main] DEBUG org.apache.http.wire -  << "Content-Type: application/json[\r][\n]"
17:41:39.688 [main] DEBUG org.apache.http.wire -  << "Transfer-Encoding: chunked[\r][\n]"
17:41:39.688 [main] DEBUG org.apache.http.wire -  << "Connection: keep-alive[\r][\n]"
17:41:39.688 [main] DEBUG org.apache.http.wire -  << "Vary: Accept-Encoding[\r][\n]"
17:41:39.688 [main] DEBUG org.apache.http.wire -  << "Content-Encoding: gzip[\r][\n]"
17:41:39.688 [main] DEBUG org.apache.http.wire -  << "[\r][\n]"
17:41:39.688 [main] DEBUG org.apache.http.impl.conn.DefaultClientConnection - Receiving response: HTTP/1.1 200 OK
17:41:39.688 [main] DEBUG org.apache.http.headers - << HTTP/1.1 200 OK
17:41:39.688 [main] DEBUG org.apache.http.headers - << Server: nginx
17:41:39.688 [main] DEBUG org.apache.http.headers - << Date: Tue, 25 Jul 2023 14:41:39 GMT
17:41:39.688 [main] DEBUG org.apache.http.headers - << Content-Type: application/json
17:41:39.688 [main] DEBUG org.apache.http.headers - << Transfer-Encoding: chunked
17:41:39.689 [main] DEBUG org.apache.http.headers - << Connection: keep-alive
17:41:39.689 [main] DEBUG org.apache.http.headers - << Vary: Accept-Encoding
17:41:39.689 [main] DEBUG org.apache.http.headers - << Content-Encoding: gzip
17:41:39.689 [main] DEBUG org.apache.http.impl.client.DefaultHttpClient - Connection can be kept alive indefinitely
17:41:39.689 [main] DEBUG org.apache.http.impl.client.DefaultHttpClient - Authentication succeeded
17:41:39.689 [main] DEBUG org.apache.http.impl.client.TargetAuthenticationStrategy - Caching 'basic' auth scheme for http://localhost:81
17:41:39.689 [main] DEBUG io.restassured.internal.RestAssuredHttpBuilder - Parsing response as: application/json
17:41:39.689 [main] DEBUG org.apache.http.wire -  << "3c[\r][\n]"
17:41:39.689 [main] DEBUG org.apache.http.wire -  << "[0x1f][0x8b][0x8][0x0][0x0][0x0][0x0][0x0][0x0][0x3][0xab]V[0xca]*[0xce][0xcf]+*HV[0xb2]R2[0xd2]3P[0xd2]Q*J-.[0xcd])Q[0xb2]26[0xb1][0xd4]Q[0xca]LQ[0xb2]242[0x6][0xa2]Z[0x0]y""[0xd5]*[0x0][0x0][0x0]"
17:41:39.689 [main] DEBUG org.apache.http.wire -  << "[\r][\n]"
17:41:39.689 [main] DEBUG org.apache.http.wire -  << "0[\r][\n]"
17:41:39.689 [main] DEBUG org.apache.http.wire -  << "[\r][\n]"
17:41:39.690 [main] DEBUG io.restassured.internal.RestAssuredHttpBuilder - Parsed data to instance of: class org.apache.http.conn.EofSensorInputStream
17:41:39.691 [main] DEBUG org.apache.http.impl.conn.BasicClientConnectionManager - Releasing connection org.apache.http.impl.conn.ManagedClientConnectionImpl@1c7fd2e0
17:41:39.691 [main] DEBUG org.apache.http.impl.conn.BasicClientConnectionManager - Connection can be kept alive indefinitely
{
    "jsonrpc": "2.0",
    "result": 349,
    "id": 123123
}
Request method:	POST
Request URI:	http://localhost:81/jsonrpc.php
Proxy:			<none>
Request params:	<none>
Query params:	<none>
Form params:	<none>
Path params:	<none>
Headers:		Accept=*/*
				Content-Type=text/plain; charset=ISO-8859-1
Cookies:		<none>
Multiparts:		<none>
Body:
{"jsonrpc":"2.0","method":"createProject","id":345,"params":{"name":"API_Project","description":"API_Project Description","owner_id":349}}
17:41:39.712 [main] DEBUG org.apache.http.impl.conn.BasicClientConnectionManager - Get connection for route {}->http://localhost:81
17:41:39.712 [main] DEBUG org.apache.http.impl.conn.DefaultClientConnectionOperator - Connecting to localhost:81
17:41:39.713 [main] DEBUG org.apache.http.client.protocol.RequestAddCookies - CookieSpec selected: ignoreCookies
17:41:39.713 [main] DEBUG org.apache.http.client.protocol.RequestAuthCache - Auth cache not set in the context
17:41:39.713 [main] DEBUG org.apache.http.client.protocol.RequestTargetAuthentication - Target auth state: UNCHALLENGED
17:41:39.713 [main] DEBUG org.apache.http.client.protocol.RequestProxyAuthentication - Proxy auth state: UNCHALLENGED
17:41:39.713 [main] DEBUG org.apache.http.impl.client.DefaultHttpClient - Attempt 1 to execute request
17:41:39.713 [main] DEBUG org.apache.http.impl.conn.DefaultClientConnection - Sending request: POST /jsonrpc.php HTTP/1.1
17:41:39.713 [main] DEBUG org.apache.http.wire -  >> "POST /jsonrpc.php HTTP/1.1[\r][\n]"
17:41:39.713 [main] DEBUG org.apache.http.wire -  >> "Accept: */*[\r][\n]"
17:41:39.713 [main] DEBUG org.apache.http.wire -  >> "Content-Type: text/plain; charset=ISO-8859-1[\r][\n]"
17:41:39.713 [main] DEBUG org.apache.http.wire -  >> "Content-Length: 138[\r][\n]"
17:41:39.713 [main] DEBUG org.apache.http.wire -  >> "Host: localhost:81[\r][\n]"
17:41:39.713 [main] DEBUG org.apache.http.wire -  >> "Connection: Keep-Alive[\r][\n]"
17:41:39.713 [main] DEBUG org.apache.http.wire -  >> "User-Agent: Apache-HttpClient/4.5.13 (Java/17)[\r][\n]"
17:41:39.713 [main] DEBUG org.apache.http.wire -  >> "Accept-Encoding: gzip,deflate[\r][\n]"
17:41:39.713 [main] DEBUG org.apache.http.wire -  >> "[\r][\n]"
17:41:39.713 [main] DEBUG org.apache.http.headers - >> POST /jsonrpc.php HTTP/1.1
17:41:39.713 [main] DEBUG org.apache.http.headers - >> Accept: */*
17:41:39.713 [main] DEBUG org.apache.http.headers - >> Content-Type: text/plain; charset=ISO-8859-1
17:41:39.713 [main] DEBUG org.apache.http.headers - >> Content-Length: 138
17:41:39.713 [main] DEBUG org.apache.http.headers - >> Host: localhost:81
17:41:39.713 [main] DEBUG org.apache.http.headers - >> Connection: Keep-Alive
17:41:39.713 [main] DEBUG org.apache.http.headers - >> User-Agent: Apache-HttpClient/4.5.13 (Java/17)
17:41:39.713 [main] DEBUG org.apache.http.headers - >> Accept-Encoding: gzip,deflate
17:41:39.714 [main] DEBUG org.apache.http.wire -  >> "{"jsonrpc":"2.0","method":"createProject","id":345,"params":{"name":"API_Project","description":"API_Project Description","owner_id":349}}"
17:41:39.724 [main] DEBUG org.apache.http.wire -  << "HTTP/1.1 401 Unauthorized[\r][\n]"
17:41:39.724 [main] DEBUG org.apache.http.wire -  << "Server: nginx[\r][\n]"
17:41:39.724 [main] DEBUG org.apache.http.wire -  << "Date: Tue, 25 Jul 2023 14:41:39 GMT[\r][\n]"
17:41:39.724 [main] DEBUG org.apache.http.wire -  << "Content-Type: application/json[\r][\n]"
17:41:39.724 [main] DEBUG org.apache.http.wire -  << "Transfer-Encoding: chunked[\r][\n]"
17:41:39.724 [main] DEBUG org.apache.http.wire -  << "Connection: keep-alive[\r][\n]"
17:41:39.724 [main] DEBUG org.apache.http.wire -  << "WWW-Authenticate: Basic realm="JsonRPC"[\r][\n]"
17:41:39.724 [main] DEBUG org.apache.http.wire -  << "[\r][\n]"
17:41:39.724 [main] DEBUG org.apache.http.impl.conn.DefaultClientConnection - Receiving response: HTTP/1.1 401 Unauthorized
17:41:39.724 [main] DEBUG org.apache.http.headers - << HTTP/1.1 401 Unauthorized
17:41:39.724 [main] DEBUG org.apache.http.headers - << Server: nginx
17:41:39.724 [main] DEBUG org.apache.http.headers - << Date: Tue, 25 Jul 2023 14:41:39 GMT
17:41:39.724 [main] DEBUG org.apache.http.headers - << Content-Type: application/json
17:41:39.724 [main] DEBUG org.apache.http.headers - << Transfer-Encoding: chunked
17:41:39.724 [main] DEBUG org.apache.http.headers - << Connection: keep-alive
17:41:39.724 [main] DEBUG org.apache.http.headers - << WWW-Authenticate: Basic realm="JsonRPC"
17:41:39.724 [main] DEBUG org.apache.http.impl.client.DefaultHttpClient - Connection can be kept alive indefinitely
17:41:39.724 [main] DEBUG org.apache.http.impl.client.DefaultHttpClient - Authentication required
17:41:39.724 [main] DEBUG org.apache.http.impl.client.DefaultHttpClient - localhost:81 requested authentication
17:41:39.724 [main] DEBUG org.apache.http.impl.client.TargetAuthenticationStrategy - Authentication schemes in the order of preference: [Negotiate, Kerberos, NTLM, CredSSP, Digest, Basic]
17:41:39.724 [main] DEBUG org.apache.http.impl.client.TargetAuthenticationStrategy - Challenge for Negotiate authentication scheme not available
17:41:39.724 [main] DEBUG org.apache.http.impl.client.TargetAuthenticationStrategy - Challenge for Kerberos authentication scheme not available
17:41:39.724 [main] DEBUG org.apache.http.impl.client.TargetAuthenticationStrategy - Challenge for NTLM authentication scheme not available
17:41:39.724 [main] DEBUG org.apache.http.impl.client.TargetAuthenticationStrategy - Challenge for CredSSP authentication scheme not available
17:41:39.724 [main] DEBUG org.apache.http.impl.client.TargetAuthenticationStrategy - Challenge for Digest authentication scheme not available
17:41:39.724 [main] DEBUG org.apache.http.impl.client.DefaultHttpClient - Selected authentication options: [BASIC [complete=true]]
17:41:39.724 [main] DEBUG org.apache.http.wire -  << "49[\r][\n]"
17:41:39.724 [main] DEBUG org.apache.http.wire -  << "{"jsonrpc":"2.0","error":{"code":401,"message":"Unauthorized"},"id":null}"
17:41:39.724 [main] DEBUG org.apache.http.wire -  << "[\r][\n]"
17:41:39.724 [main] DEBUG org.apache.http.wire -  << "0[\r][\n]"
17:41:39.724 [main] DEBUG org.apache.http.wire -  << "[\r][\n]"
17:41:39.724 [main] DEBUG org.apache.http.client.protocol.RequestAddCookies - CookieSpec selected: ignoreCookies
17:41:39.725 [main] DEBUG org.apache.http.client.protocol.RequestAuthCache - Auth cache not set in the context
17:41:39.725 [main] DEBUG org.apache.http.client.protocol.RequestTargetAuthentication - Target auth state: CHALLENGED
17:41:39.725 [main] DEBUG org.apache.http.client.protocol.RequestTargetAuthentication - Generating response to an authentication challenge using basic scheme
17:41:39.725 [main] DEBUG org.apache.http.client.protocol.RequestProxyAuthentication - Proxy auth state: UNCHALLENGED
17:41:39.725 [main] DEBUG org.apache.http.impl.client.DefaultHttpClient - Attempt 2 to execute request
17:41:39.725 [main] DEBUG org.apache.http.impl.conn.DefaultClientConnection - Sending request: POST /jsonrpc.php HTTP/1.1
17:41:39.725 [main] DEBUG org.apache.http.wire -  >> "POST /jsonrpc.php HTTP/1.1[\r][\n]"
17:41:39.725 [main] DEBUG org.apache.http.wire -  >> "Accept: */*[\r][\n]"
17:41:39.725 [main] DEBUG org.apache.http.wire -  >> "Content-Type: text/plain; charset=ISO-8859-1[\r][\n]"
17:41:39.725 [main] DEBUG org.apache.http.wire -  >> "Content-Length: 138[\r][\n]"
17:41:39.725 [main] DEBUG org.apache.http.wire -  >> "Host: localhost:81[\r][\n]"
17:41:39.725 [main] DEBUG org.apache.http.wire -  >> "Connection: Keep-Alive[\r][\n]"
17:41:39.725 [main] DEBUG org.apache.http.wire -  >> "User-Agent: Apache-HttpClient/4.5.13 (Java/17)[\r][\n]"
17:41:39.725 [main] DEBUG org.apache.http.wire -  >> "Authorization: Basic a3lyeWxvQVBJVGVzdExvZ2luOmt5cnlsb0FQSVRlc3RQYXNzd29yZA==[\r][\n]"
17:41:39.725 [main] DEBUG org.apache.http.wire -  >> "Accept-Encoding: gzip,deflate[\r][\n]"
17:41:39.725 [main] DEBUG org.apache.http.wire -  >> "[\r][\n]"
17:41:39.725 [main] DEBUG org.apache.http.headers - >> POST /jsonrpc.php HTTP/1.1
17:41:39.725 [main] DEBUG org.apache.http.headers - >> Accept: */*
17:41:39.725 [main] DEBUG org.apache.http.headers - >> Content-Type: text/plain; charset=ISO-8859-1
17:41:39.725 [main] DEBUG org.apache.http.headers - >> Content-Length: 138
17:41:39.725 [main] DEBUG org.apache.http.headers - >> Host: localhost:81
17:41:39.725 [main] DEBUG org.apache.http.headers - >> Connection: Keep-Alive
17:41:39.725 [main] DEBUG org.apache.http.headers - >> User-Agent: Apache-HttpClient/4.5.13 (Java/17)
17:41:39.725 [main] DEBUG org.apache.http.headers - >> Authorization: Basic a3lyeWxvQVBJVGVzdExvZ2luOmt5cnlsb0FQSVRlc3RQYXNzd29yZA==
17:41:39.725 [main] DEBUG org.apache.http.headers - >> Accept-Encoding: gzip,deflate
17:41:39.725 [main] DEBUG org.apache.http.wire -  >> "{"jsonrpc":"2.0","method":"createProject","id":345,"params":{"name":"API_Project","description":"API_Project Description","owner_id":349}}"
17:41:39.862 [main] DEBUG org.apache.http.wire -  << "HTTP/1.1 200 OK[\r][\n]"
17:41:39.864 [main] DEBUG org.apache.http.wire -  << "Server: nginx[\r][\n]"
17:41:39.864 [main] DEBUG org.apache.http.wire -  << "Date: Tue, 25 Jul 2023 14:41:39 GMT[\r][\n]"
17:41:39.864 [main] DEBUG org.apache.http.wire -  << "Content-Type: application/json[\r][\n]"
17:41:39.864 [main] DEBUG org.apache.http.wire -  << "Transfer-Encoding: chunked[\r][\n]"
17:41:39.864 [main] DEBUG org.apache.http.wire -  << "Connection: keep-alive[\r][\n]"
17:41:39.864 [main] DEBUG org.apache.http.wire -  << "Vary: Accept-Encoding[\r][\n]"
17:41:39.864 [main] DEBUG org.apache.http.wire -  << "Content-Encoding: gzip[\r][\n]"
17:41:39.864 [main] DEBUG org.apache.http.wire -  << "[\r][\n]"
17:41:39.864 [main] DEBUG org.apache.http.impl.conn.DefaultClientConnection - Receiving response: HTTP/1.1 200 OK
17:41:39.864 [main] DEBUG org.apache.http.headers - << HTTP/1.1 200 OK
17:41:39.864 [main] DEBUG org.apache.http.headers - << Server: nginx
17:41:39.864 [main] DEBUG org.apache.http.headers - << Date: Tue, 25 Jul 2023 14:41:39 GMT
17:41:39.864 [main] DEBUG org.apache.http.headers - << Content-Type: application/json
17:41:39.864 [main] DEBUG org.apache.http.headers - << Transfer-Encoding: chunked
17:41:39.864 [main] DEBUG org.apache.http.headers - << Connection: keep-alive
17:41:39.864 [main] DEBUG org.apache.http.headers - << Vary: Accept-Encoding
17:41:39.864 [main] DEBUG org.apache.http.headers - << Content-Encoding: gzip
17:41:39.864 [main] DEBUG org.apache.http.impl.client.DefaultHttpClient - Connection can be kept alive indefinitely
17:41:39.864 [main] DEBUG org.apache.http.impl.client.DefaultHttpClient - Authentication succeeded
17:41:39.864 [main] DEBUG org.apache.http.impl.client.TargetAuthenticationStrategy - Caching 'basic' auth scheme for http://localhost:81
17:41:39.865 [main] DEBUG io.restassured.internal.RestAssuredHttpBuilder - Parsing response as: application/json
17:41:39.865 [main] DEBUG org.apache.http.wire -  << "3b[\r][\n]"
17:41:39.865 [main] DEBUG org.apache.http.wire -  << "[0x1f][0x8b][0x8][0x0][0x0][0x0][0x0][0x0][0x0][0x3][0xab]V[0xca]*[0xce][0xcf]+*HV[0xb2]R2[0xd2]3P[0xd2]Q*J-.[0xcd])Q[0xb2]221[0xd0]Q[0xca]LQ[0xb2]261[0xad][0x5][0x0][0xec][0xcb][0xea][0xc3]'[0x0][0x0][0x0]"
17:41:39.865 [main] DEBUG org.apache.http.wire -  << "[\r][\n]"
17:41:39.865 [main] DEBUG org.apache.http.wire -  << "0[\r][\n]"
17:41:39.865 [main] DEBUG org.apache.http.wire -  << "[\r][\n]"
17:41:39.865 [main] DEBUG io.restassured.internal.RestAssuredHttpBuilder - Parsed data to instance of: class org.apache.http.conn.EofSensorInputStream
17:41:39.866 [main] DEBUG org.apache.http.impl.conn.BasicClientConnectionManager - Releasing connection org.apache.http.impl.conn.ManagedClientConnectionImpl@5df7ae0a
17:41:39.866 [main] DEBUG org.apache.http.impl.conn.BasicClientConnectionManager - Connection can be kept alive indefinitely
{
    "jsonrpc": "2.0",
    "result": 240,
    "id": 345
}
Request method:	GET
Request URI:	http://localhost:81/jsonrpc.php
Proxy:			<none>
Request params:	<none>
Query params:	<none>
Form params:	<none>
Path params:	<none>
Headers:		Accept=*/*
				Content-Type=text/plain; charset=ISO-8859-1
Cookies:		<none>
Multiparts:		<none>
Body:
{"jsonrpc":"2.0","method":"getProjectById","id":456,"params":{"project_id":240}}
17:41:39.895 [main] DEBUG org.apache.http.impl.conn.BasicClientConnectionManager - Get connection for route {}->http://localhost:81
17:41:39.895 [main] DEBUG org.apache.http.impl.conn.DefaultClientConnectionOperator - Connecting to localhost:81
17:41:39.896 [main] DEBUG org.apache.http.client.protocol.RequestAddCookies - CookieSpec selected: ignoreCookies
17:41:39.896 [main] DEBUG org.apache.http.client.protocol.RequestAuthCache - Auth cache not set in the context
17:41:39.896 [main] DEBUG org.apache.http.client.protocol.RequestTargetAuthentication - Target auth state: UNCHALLENGED
17:41:39.896 [main] DEBUG org.apache.http.client.protocol.RequestProxyAuthentication - Proxy auth state: UNCHALLENGED
17:41:39.896 [main] DEBUG org.apache.http.impl.client.DefaultHttpClient - Attempt 1 to execute request
17:41:39.896 [main] DEBUG org.apache.http.impl.conn.DefaultClientConnection - Sending request: GET /jsonrpc.php HTTP/1.1
17:41:39.896 [main] DEBUG org.apache.http.wire -  >> "GET /jsonrpc.php HTTP/1.1[\r][\n]"
17:41:39.896 [main] DEBUG org.apache.http.wire -  >> "Accept: */*[\r][\n]"
17:41:39.896 [main] DEBUG org.apache.http.wire -  >> "Content-Type: text/plain; charset=ISO-8859-1[\r][\n]"
17:41:39.896 [main] DEBUG org.apache.http.wire -  >> "Content-Length: 80[\r][\n]"
17:41:39.896 [main] DEBUG org.apache.http.wire -  >> "Host: localhost:81[\r][\n]"
17:41:39.896 [main] DEBUG org.apache.http.wire -  >> "Connection: Keep-Alive[\r][\n]"
17:41:39.896 [main] DEBUG org.apache.http.wire -  >> "User-Agent: Apache-HttpClient/4.5.13 (Java/17)[\r][\n]"
17:41:39.896 [main] DEBUG org.apache.http.wire -  >> "Accept-Encoding: gzip,deflate[\r][\n]"
17:41:39.896 [main] DEBUG org.apache.http.wire -  >> "[\r][\n]"
17:41:39.896 [main] DEBUG org.apache.http.headers - >> GET /jsonrpc.php HTTP/1.1
17:41:39.896 [main] DEBUG org.apache.http.headers - >> Accept: */*
17:41:39.896 [main] DEBUG org.apache.http.headers - >> Content-Type: text/plain; charset=ISO-8859-1
17:41:39.896 [main] DEBUG org.apache.http.headers - >> Content-Length: 80
17:41:39.896 [main] DEBUG org.apache.http.headers - >> Host: localhost:81
17:41:39.896 [main] DEBUG org.apache.http.headers - >> Connection: Keep-Alive
17:41:39.896 [main] DEBUG org.apache.http.headers - >> User-Agent: Apache-HttpClient/4.5.13 (Java/17)
17:41:39.896 [main] DEBUG org.apache.http.headers - >> Accept-Encoding: gzip,deflate
17:41:39.896 [main] DEBUG org.apache.http.wire -  >> "{"jsonrpc":"2.0","method":"getProjectById","id":456,"params":{"project_id":240}}"
17:41:39.906 [main] DEBUG org.apache.http.wire -  << "HTTP/1.1 401 Unauthorized[\r][\n]"
17:41:39.907 [main] DEBUG org.apache.http.wire -  << "Server: nginx[\r][\n]"
17:41:39.907 [main] DEBUG org.apache.http.wire -  << "Date: Tue, 25 Jul 2023 14:41:39 GMT[\r][\n]"
17:41:39.907 [main] DEBUG org.apache.http.wire -  << "Content-Type: application/json[\r][\n]"
17:41:39.907 [main] DEBUG org.apache.http.wire -  << "Transfer-Encoding: chunked[\r][\n]"
17:41:39.907 [main] DEBUG org.apache.http.wire -  << "Connection: keep-alive[\r][\n]"
17:41:39.907 [main] DEBUG org.apache.http.wire -  << "WWW-Authenticate: Basic realm="JsonRPC"[\r][\n]"
17:41:39.907 [main] DEBUG org.apache.http.wire -  << "[\r][\n]"
17:41:39.907 [main] DEBUG org.apache.http.impl.conn.DefaultClientConnection - Receiving response: HTTP/1.1 401 Unauthorized
17:41:39.907 [main] DEBUG org.apache.http.headers - << HTTP/1.1 401 Unauthorized
17:41:39.907 [main] DEBUG org.apache.http.headers - << Server: nginx
17:41:39.907 [main] DEBUG org.apache.http.headers - << Date: Tue, 25 Jul 2023 14:41:39 GMT
17:41:39.907 [main] DEBUG org.apache.http.headers - << Content-Type: application/json
17:41:39.907 [main] DEBUG org.apache.http.headers - << Transfer-Encoding: chunked
17:41:39.907 [main] DEBUG org.apache.http.headers - << Connection: keep-alive
17:41:39.907 [main] DEBUG org.apache.http.headers - << WWW-Authenticate: Basic realm="JsonRPC"
17:41:39.907 [main] DEBUG org.apache.http.impl.client.DefaultHttpClient - Connection can be kept alive indefinitely
17:41:39.907 [main] DEBUG org.apache.http.impl.client.DefaultHttpClient - Authentication required
17:41:39.907 [main] DEBUG org.apache.http.impl.client.DefaultHttpClient - localhost:81 requested authentication
17:41:39.907 [main] DEBUG org.apache.http.impl.client.TargetAuthenticationStrategy - Authentication schemes in the order of preference: [Negotiate, Kerberos, NTLM, CredSSP, Digest, Basic]
17:41:39.907 [main] DEBUG org.apache.http.impl.client.TargetAuthenticationStrategy - Challenge for Negotiate authentication scheme not available
17:41:39.907 [main] DEBUG org.apache.http.impl.client.TargetAuthenticationStrategy - Challenge for Kerberos authentication scheme not available
17:41:39.907 [main] DEBUG org.apache.http.impl.client.TargetAuthenticationStrategy - Challenge for NTLM authentication scheme not available
17:41:39.907 [main] DEBUG org.apache.http.impl.client.TargetAuthenticationStrategy - Challenge for CredSSP authentication scheme not available
17:41:39.907 [main] DEBUG org.apache.http.impl.client.TargetAuthenticationStrategy - Challenge for Digest authentication scheme not available
17:41:39.907 [main] DEBUG org.apache.http.impl.client.DefaultHttpClient - Selected authentication options: [BASIC [complete=true]]
17:41:39.907 [main] DEBUG org.apache.http.wire -  << "49[\r][\n]"
17:41:39.907 [main] DEBUG org.apache.http.wire -  << "{"jsonrpc":"2.0","error":{"code":401,"message":"Unauthorized"},"id":null}"
17:41:39.907 [main] DEBUG org.apache.http.wire -  << "[\r][\n]"
17:41:39.907 [main] DEBUG org.apache.http.wire -  << "0[\r][\n]"
17:41:39.907 [main] DEBUG org.apache.http.wire -  << "[\r][\n]"
17:41:39.907 [main] DEBUG org.apache.http.client.protocol.RequestAddCookies - CookieSpec selected: ignoreCookies
17:41:39.907 [main] DEBUG org.apache.http.client.protocol.RequestAuthCache - Auth cache not set in the context
17:41:39.907 [main] DEBUG org.apache.http.client.protocol.RequestTargetAuthentication - Target auth state: CHALLENGED
17:41:39.907 [main] DEBUG org.apache.http.client.protocol.RequestTargetAuthentication - Generating response to an authentication challenge using basic scheme
17:41:39.908 [main] DEBUG org.apache.http.client.protocol.RequestProxyAuthentication - Proxy auth state: UNCHALLENGED
17:41:39.908 [main] DEBUG org.apache.http.impl.client.DefaultHttpClient - Attempt 2 to execute request
17:41:39.908 [main] DEBUG org.apache.http.impl.conn.DefaultClientConnection - Sending request: GET /jsonrpc.php HTTP/1.1
17:41:39.908 [main] DEBUG org.apache.http.wire -  >> "GET /jsonrpc.php HTTP/1.1[\r][\n]"
17:41:39.908 [main] DEBUG org.apache.http.wire -  >> "Accept: */*[\r][\n]"
17:41:39.908 [main] DEBUG org.apache.http.wire -  >> "Content-Type: text/plain; charset=ISO-8859-1[\r][\n]"
17:41:39.908 [main] DEBUG org.apache.http.wire -  >> "Content-Length: 80[\r][\n]"
17:41:39.908 [main] DEBUG org.apache.http.wire -  >> "Host: localhost:81[\r][\n]"
17:41:39.908 [main] DEBUG org.apache.http.wire -  >> "Connection: Keep-Alive[\r][\n]"
17:41:39.908 [main] DEBUG org.apache.http.wire -  >> "User-Agent: Apache-HttpClient/4.5.13 (Java/17)[\r][\n]"
17:41:39.908 [main] DEBUG org.apache.http.wire -  >> "Authorization: Basic a3lyeWxvQVBJVGVzdExvZ2luOmt5cnlsb0FQSVRlc3RQYXNzd29yZA==[\r][\n]"
17:41:39.908 [main] DEBUG org.apache.http.wire -  >> "Accept-Encoding: gzip,deflate[\r][\n]"
17:41:39.908 [main] DEBUG org.apache.http.wire -  >> "[\r][\n]"
17:41:39.908 [main] DEBUG org.apache.http.headers - >> GET /jsonrpc.php HTTP/1.1
17:41:39.908 [main] DEBUG org.apache.http.headers - >> Accept: */*
17:41:39.908 [main] DEBUG org.apache.http.headers - >> Content-Type: text/plain; charset=ISO-8859-1
17:41:39.908 [main] DEBUG org.apache.http.headers - >> Content-Length: 80
17:41:39.908 [main] DEBUG org.apache.http.headers - >> Host: localhost:81
17:41:39.908 [main] DEBUG org.apache.http.headers - >> Connection: Keep-Alive
17:41:39.908 [main] DEBUG org.apache.http.headers - >> User-Agent: Apache-HttpClient/4.5.13 (Java/17)
17:41:39.908 [main] DEBUG org.apache.http.headers - >> Authorization: Basic a3lyeWxvQVBJVGVzdExvZ2luOmt5cnlsb0FQSVRlc3RQYXNzd29yZA==
17:41:39.908 [main] DEBUG org.apache.http.headers - >> Accept-Encoding: gzip,deflate
17:41:39.908 [main] DEBUG org.apache.http.wire -  >> "{"jsonrpc":"2.0","method":"getProjectById","id":456,"params":{"project_id":240}}"
17:41:40.059 [main] DEBUG org.apache.http.wire -  << "HTTP/1.1 200 OK[\r][\n]"
17:41:40.059 [main] DEBUG org.apache.http.wire -  << "Server: nginx[\r][\n]"
17:41:40.059 [main] DEBUG org.apache.http.wire -  << "Date: Tue, 25 Jul 2023 14:41:40 GMT[\r][\n]"
17:41:40.059 [main] DEBUG org.apache.http.wire -  << "Content-Type: application/json[\r][\n]"
17:41:40.059 [main] DEBUG org.apache.http.wire -  << "Transfer-Encoding: chunked[\r][\n]"
17:41:40.059 [main] DEBUG org.apache.http.wire -  << "Connection: keep-alive[\r][\n]"
17:41:40.059 [main] DEBUG org.apache.http.wire -  << "Vary: Accept-Encoding[\r][\n]"
17:41:40.059 [main] DEBUG org.apache.http.wire -  << "Content-Encoding: gzip[\r][\n]"
17:41:40.059 [main] DEBUG org.apache.http.wire -  << "[\r][\n]"
17:41:40.059 [main] DEBUG org.apache.http.impl.conn.DefaultClientConnection - Receiving response: HTTP/1.1 200 OK
17:41:40.059 [main] DEBUG org.apache.http.headers - << HTTP/1.1 200 OK
17:41:40.059 [main] DEBUG org.apache.http.headers - << Server: nginx
17:41:40.059 [main] DEBUG org.apache.http.headers - << Date: Tue, 25 Jul 2023 14:41:40 GMT
17:41:40.059 [main] DEBUG org.apache.http.headers - << Content-Type: application/json
17:41:40.059 [main] DEBUG org.apache.http.headers - << Transfer-Encoding: chunked
17:41:40.059 [main] DEBUG org.apache.http.headers - << Connection: keep-alive
17:41:40.059 [main] DEBUG org.apache.http.headers - << Vary: Accept-Encoding
17:41:40.059 [main] DEBUG org.apache.http.headers - << Content-Encoding: gzip
17:41:40.060 [main] DEBUG org.apache.http.impl.client.DefaultHttpClient - Connection can be kept alive indefinitely
17:41:40.060 [main] DEBUG org.apache.http.impl.client.DefaultHttpClient - Authentication succeeded
17:41:40.060 [main] DEBUG org.apache.http.impl.client.TargetAuthenticationStrategy - Caching 'basic' auth scheme for http://localhost:81
17:41:40.060 [main] DEBUG io.restassured.internal.RestAssuredHttpBuilder - Parsing response as: application/json
17:41:40.060 [main] DEBUG org.apache.http.wire -  << "131[\r][\n]"
17:41:40.060 [main] DEBUG org.apache.http.wire -  << "[0x1f][0x8b][0x8][0x0][0x0][0x0][0x0][0x0][0x0][0x3]eQ[0xcb]n[0xc2]0[0x10][0xfc][0x95]j[0xcf][0xa8]I)E"[0xb7]J[0xbd][0xf4][0xc6][0x1f]XN[0xbc][0xc0][0x82]cG[0xf6][0x6]T![0xfe][0xbd]cW[0xa2]T=[0xce][0xce]k[0xbd][0xbe][0xd2]1[0xc7][0x90][0xa6][0x81]:Z>[0xb7][0xb4][0xa0][0xc4]y[0xf6]J[0xdd][0x95][0xc4]Q[0xb7]\[0xb5][0xb][\n]"
17:41:40.060 [main] DEBUG org.apache.http.wire -  << "vd[0xf0][0xef][0xdb]O[0xb3]M[0xf1][0xc8][0x83]B'[0xd9][0xd8]A[0xe5][0xc][0xe6]eA[0x1a]O[0x1c][0xa0][0x1][0xe1]mV3F';a$[0xbc][0xac]7[0xed]r[0xb3]n7[0x9b][0xea][0x99][0xe6][0xde][0xb][0xda][0x10][P[0x92][0xb3]UD[0x0]:[0xce]C[0x92]I%[0x96][0xa0][0x87][0xb2][0xa7][0x8f][0x7][0x6]6[0xc7]AKx[0xfa][0xe9][0xcb]j[0x93][0x1a]Wc[\n]"
17:41:40.060 [main] DEBUG org.apache.http.wire -  << "[0xe6][0xe0][0x1e]P[0xbc][0x4]N[0xa6]<[0xe5]u[0x85][\r]P[0x18][0x93][0xe8][0x97]q[0xbc][0xb3][0xf5][0x9d]h[0xbe][0xf]k[0xd4][0xdf][0x11][0xd2]`E[0xea]h[0xc5]S[0x17]f[0xef][0x8b][0x81][0xe1][0x97][0xc0][0xce][0xd4][0xb9][0xc9]s_[0xce][0x92][0xef][0x2]t[0xe6][0x8b][0x8c][0xde][0x6]6j[0xf3][0xc9]x[0x19][0xa5][0xf0][0xa8][0xfb][0xc5][0x15]r[0xb0][0xbd]g[0xb3][0xf7][0xb1][0xb7][0x1e][0xe2]=T[0xb8][0xe8][0x9c]Pw[0xa5]>[0xda][0x84][\r][0xe8][0xa0]:uM[0xe3][0xe3]`[0xfd]!fm*[0xd1][0xe0][0xca][0xc9]%c[0xed][0xff][0x9a]2[0xaf][0x92][0xdb][0xad][0xdc][0x8d][0xba][0xd5][0xdb][0xfa][0xf6][\r][0xf7]Fq[0xc8][0xf3][0x1][0x0][0x0]"
17:41:40.060 [main] DEBUG org.apache.http.wire -  << "[\r][\n]"
17:41:40.060 [main] DEBUG org.apache.http.wire -  << "0[\r][\n]"
17:41:40.060 [main] DEBUG org.apache.http.wire -  << "[\r][\n]"
17:41:40.060 [main] DEBUG io.restassured.internal.RestAssuredHttpBuilder - Parsed data to instance of: class org.apache.http.conn.EofSensorInputStream
17:41:40.064 [main] DEBUG org.apache.http.impl.conn.BasicClientConnectionManager - Releasing connection org.apache.http.impl.conn.ManagedClientConnectionImpl@39921410
17:41:40.064 [main] DEBUG org.apache.http.impl.conn.BasicClientConnectionManager - Connection can be kept alive indefinitely
{
    "jsonrpc": "2.0",
    "result": {
        "id": 240,
        "name": "API_Project",
        "is_active": 1,
        "token": "",
        "last_modified": 1690296099,
        "is_public": 0,
        "is_private": 0,
        "description": "API_Project Description",
        "identifier": "",
        "start_date": "",
        "end_date": "",
        "owner_id": 349,
        "priority_default": 0,
        "priority_start": 0,
        "priority_end": 3,
        "email": null,
        "predefined_email_subjects": null,
        "per_swimlane_task_limits": 0,
        "task_limit": 0,
        "enable_global_tags": 1,
        "url": {
            "board": "http://localhost/board/240",
            "list": "http://localhost/list/240"
        }
    },
    "id": 456
}
]]></system-out>
  </testcase>
  <testcase name="deleteProjectValid" classname="API.tests.ProjectTest" time="0.49">
    <system-out><![CDATA[Request method:	DELETE
Request URI:	http://localhost:81/jsonrpc.php
Proxy:			<none>
Request params:	<none>
Query params:	<none>
Form params:	<none>
Path params:	<none>
Headers:		Accept=*/*
				Content-Type=text/plain; charset=ISO-8859-1
Cookies:		<none>
Multiparts:		<none>
Body:
{"jsonrpc":"2.0","method":"removeUser","id":234,"params":{"user_id":349}}
17:41:40.091 [main] DEBUG org.apache.http.impl.conn.BasicClientConnectionManager - Get connection for route {}->http://localhost:81
17:41:40.091 [main] DEBUG org.apache.http.impl.conn.DefaultClientConnectionOperator - Connecting to localhost:81
17:41:40.092 [main] DEBUG org.apache.http.client.protocol.RequestAddCookies - CookieSpec selected: ignoreCookies
17:41:40.092 [main] DEBUG org.apache.http.client.protocol.RequestAuthCache - Auth cache not set in the context
17:41:40.092 [main] DEBUG org.apache.http.client.protocol.RequestTargetAuthentication - Target auth state: UNCHALLENGED
17:41:40.092 [main] DEBUG org.apache.http.client.protocol.RequestProxyAuthentication - Proxy auth state: UNCHALLENGED
17:41:40.092 [main] DEBUG org.apache.http.impl.client.DefaultHttpClient - Attempt 1 to execute request
17:41:40.092 [main] DEBUG org.apache.http.impl.conn.DefaultClientConnection - Sending request: DELETE /jsonrpc.php HTTP/1.1
17:41:40.092 [main] DEBUG org.apache.http.wire -  >> "DELETE /jsonrpc.php HTTP/1.1[\r][\n]"
17:41:40.093 [main] DEBUG org.apache.http.wire -  >> "Accept: */*[\r][\n]"
17:41:40.093 [main] DEBUG org.apache.http.wire -  >> "Content-Type: text/plain; charset=ISO-8859-1[\r][\n]"
17:41:40.093 [main] DEBUG org.apache.http.wire -  >> "Content-Length: 73[\r][\n]"
17:41:40.093 [main] DEBUG org.apache.http.wire -  >> "Host: localhost:81[\r][\n]"
17:41:40.093 [main] DEBUG org.apache.http.wire -  >> "Connection: Keep-Alive[\r][\n]"
17:41:40.093 [main] DEBUG org.apache.http.wire -  >> "User-Agent: Apache-HttpClient/4.5.13 (Java/17)[\r][\n]"
17:41:40.093 [main] DEBUG org.apache.http.wire -  >> "Accept-Encoding: gzip,deflate[\r][\n]"
17:41:40.093 [main] DEBUG org.apache.http.wire -  >> "[\r][\n]"
17:41:40.093 [main] DEBUG org.apache.http.headers - >> DELETE /jsonrpc.php HTTP/1.1
17:41:40.093 [main] DEBUG org.apache.http.headers - >> Accept: */*
17:41:40.093 [main] DEBUG org.apache.http.headers - >> Content-Type: text/plain; charset=ISO-8859-1
17:41:40.093 [main] DEBUG org.apache.http.headers - >> Content-Length: 73
17:41:40.093 [main] DEBUG org.apache.http.headers - >> Host: localhost:81
17:41:40.093 [main] DEBUG org.apache.http.headers - >> Connection: Keep-Alive
17:41:40.093 [main] DEBUG org.apache.http.headers - >> User-Agent: Apache-HttpClient/4.5.13 (Java/17)
17:41:40.093 [main] DEBUG org.apache.http.headers - >> Accept-Encoding: gzip,deflate
17:41:40.093 [main] DEBUG org.apache.http.wire -  >> "{"jsonrpc":"2.0","method":"removeUser","id":234,"params":{"user_id":349}}"
17:41:40.104 [main] DEBUG org.apache.http.wire -  << "HTTP/1.1 401 Unauthorized[\r][\n]"
17:41:40.104 [main] DEBUG org.apache.http.wire -  << "Server: nginx[\r][\n]"
17:41:40.104 [main] DEBUG org.apache.http.wire -  << "Date: Tue, 25 Jul 2023 14:41:40 GMT[\r][\n]"
17:41:40.104 [main] DEBUG org.apache.http.wire -  << "Content-Type: application/json[\r][\n]"
17:41:40.104 [main] DEBUG org.apache.http.wire -  << "Transfer-Encoding: chunked[\r][\n]"
17:41:40.104 [main] DEBUG org.apache.http.wire -  << "Connection: keep-alive[\r][\n]"
17:41:40.104 [main] DEBUG org.apache.http.wire -  << "WWW-Authenticate: Basic realm="JsonRPC"[\r][\n]"
17:41:40.104 [main] DEBUG org.apache.http.wire -  << "[\r][\n]"
17:41:40.104 [main] DEBUG org.apache.http.impl.conn.DefaultClientConnection - Receiving response: HTTP/1.1 401 Unauthorized
17:41:40.104 [main] DEBUG org.apache.http.headers - << HTTP/1.1 401 Unauthorized
17:41:40.104 [main] DEBUG org.apache.http.headers - << Server: nginx
17:41:40.104 [main] DEBUG org.apache.http.headers - << Date: Tue, 25 Jul 2023 14:41:40 GMT
17:41:40.104 [main] DEBUG org.apache.http.headers - << Content-Type: application/json
17:41:40.104 [main] DEBUG org.apache.http.headers - << Transfer-Encoding: chunked
17:41:40.104 [main] DEBUG org.apache.http.headers - << Connection: keep-alive
17:41:40.104 [main] DEBUG org.apache.http.headers - << WWW-Authenticate: Basic realm="JsonRPC"
17:41:40.104 [main] DEBUG org.apache.http.impl.client.DefaultHttpClient - Connection can be kept alive indefinitely
17:41:40.104 [main] DEBUG org.apache.http.impl.client.DefaultHttpClient - Authentication required
17:41:40.104 [main] DEBUG org.apache.http.impl.client.DefaultHttpClient - localhost:81 requested authentication
17:41:40.104 [main] DEBUG org.apache.http.impl.client.TargetAuthenticationStrategy - Authentication schemes in the order of preference: [Negotiate, Kerberos, NTLM, CredSSP, Digest, Basic]
17:41:40.104 [main] DEBUG org.apache.http.impl.client.TargetAuthenticationStrategy - Challenge for Negotiate authentication scheme not available
17:41:40.104 [main] DEBUG org.apache.http.impl.client.TargetAuthenticationStrategy - Challenge for Kerberos authentication scheme not available
17:41:40.104 [main] DEBUG org.apache.http.impl.client.TargetAuthenticationStrategy - Challenge for NTLM authentication scheme not available
17:41:40.104 [main] DEBUG org.apache.http.impl.client.TargetAuthenticationStrategy - Challenge for CredSSP authentication scheme not available
17:41:40.104 [main] DEBUG org.apache.http.impl.client.TargetAuthenticationStrategy - Challenge for Digest authentication scheme not available
17:41:40.104 [main] DEBUG org.apache.http.impl.client.DefaultHttpClient - Selected authentication options: [BASIC [complete=true]]
17:41:40.104 [main] DEBUG org.apache.http.wire -  << "49[\r][\n]"
17:41:40.104 [main] DEBUG org.apache.http.wire -  << "{"jsonrpc":"2.0","error":{"code":401,"message":"Unauthorized"},"id":null}"
17:41:40.104 [main] DEBUG org.apache.http.wire -  << "[\r][\n]"
17:41:40.104 [main] DEBUG org.apache.http.wire -  << "0[\r][\n]"
17:41:40.104 [main] DEBUG org.apache.http.wire -  << "[\r][\n]"
17:41:40.104 [main] DEBUG org.apache.http.client.protocol.RequestAddCookies - CookieSpec selected: ignoreCookies
17:41:40.104 [main] DEBUG org.apache.http.client.protocol.RequestAuthCache - Auth cache not set in the context
17:41:40.104 [main] DEBUG org.apache.http.client.protocol.RequestTargetAuthentication - Target auth state: CHALLENGED
17:41:40.104 [main] DEBUG org.apache.http.client.protocol.RequestTargetAuthentication - Generating response to an authentication challenge using basic scheme
17:41:40.104 [main] DEBUG org.apache.http.client.protocol.RequestProxyAuthentication - Proxy auth state: UNCHALLENGED
17:41:40.104 [main] DEBUG org.apache.http.impl.client.DefaultHttpClient - Attempt 2 to execute request
17:41:40.104 [main] DEBUG org.apache.http.impl.conn.DefaultClientConnection - Sending request: DELETE /jsonrpc.php HTTP/1.1
17:41:40.104 [main] DEBUG org.apache.http.wire -  >> "DELETE /jsonrpc.php HTTP/1.1[\r][\n]"
17:41:40.104 [main] DEBUG org.apache.http.wire -  >> "Accept: */*[\r][\n]"
17:41:40.104 [main] DEBUG org.apache.http.wire -  >> "Content-Type: text/plain; charset=ISO-8859-1[\r][\n]"
17:41:40.105 [main] DEBUG org.apache.http.wire -  >> "Content-Length: 73[\r][\n]"
17:41:40.105 [main] DEBUG org.apache.http.wire -  >> "Host: localhost:81[\r][\n]"
17:41:40.105 [main] DEBUG org.apache.http.wire -  >> "Connection: Keep-Alive[\r][\n]"
17:41:40.105 [main] DEBUG org.apache.http.wire -  >> "User-Agent: Apache-HttpClient/4.5.13 (Java/17)[\r][\n]"
17:41:40.105 [main] DEBUG org.apache.http.wire -  >> "Authorization: Basic YWRtaW46YWRtaW4=[\r][\n]"
17:41:40.105 [main] DEBUG org.apache.http.wire -  >> "Accept-Encoding: gzip,deflate[\r][\n]"
17:41:40.105 [main] DEBUG org.apache.http.wire -  >> "[\r][\n]"
17:41:40.105 [main] DEBUG org.apache.http.headers - >> DELETE /jsonrpc.php HTTP/1.1
17:41:40.105 [main] DEBUG org.apache.http.headers - >> Accept: */*
17:41:40.105 [main] DEBUG org.apache.http.headers - >> Content-Type: text/plain; charset=ISO-8859-1
17:41:40.105 [main] DEBUG org.apache.http.headers - >> Content-Length: 73
17:41:40.105 [main] DEBUG org.apache.http.headers - >> Host: localhost:81
17:41:40.105 [main] DEBUG org.apache.http.headers - >> Connection: Keep-Alive
17:41:40.105 [main] DEBUG org.apache.http.headers - >> User-Agent: Apache-HttpClient/4.5.13 (Java/17)
17:41:40.105 [main] DEBUG org.apache.http.headers - >> Authorization: Basic YWRtaW46YWRtaW4=
17:41:40.105 [main] DEBUG org.apache.http.headers - >> Accept-Encoding: gzip,deflate
17:41:40.105 [main] DEBUG org.apache.http.wire -  >> "{"jsonrpc":"2.0","method":"removeUser","id":234,"params":{"user_id":349}}"
17:41:40.210 [main] DEBUG org.apache.http.wire -  << "HTTP/1.1 200 OK[\r][\n]"
17:41:40.210 [main] DEBUG org.apache.http.wire -  << "Server: nginx[\r][\n]"
17:41:40.211 [main] DEBUG org.apache.http.wire -  << "Date: Tue, 25 Jul 2023 14:41:40 GMT[\r][\n]"
17:41:40.211 [main] DEBUG org.apache.http.wire -  << "Content-Type: application/json[\r][\n]"
17:41:40.211 [main] DEBUG org.apache.http.wire -  << "Transfer-Encoding: chunked[\r][\n]"
17:41:40.211 [main] DEBUG org.apache.http.wire -  << "Connection: keep-alive[\r][\n]"
17:41:40.211 [main] DEBUG org.apache.http.wire -  << "Vary: Accept-Encoding[\r][\n]"
17:41:40.211 [main] DEBUG org.apache.http.wire -  << "Content-Encoding: gzip[\r][\n]"
17:41:40.211 [main] DEBUG org.apache.http.wire -  << "[\r][\n]"
17:41:40.211 [main] DEBUG org.apache.http.impl.conn.DefaultClientConnection - Receiving response: HTTP/1.1 200 OK
17:41:40.211 [main] DEBUG org.apache.http.headers - << HTTP/1.1 200 OK
17:41:40.211 [main] DEBUG org.apache.http.headers - << Server: nginx
17:41:40.211 [main] DEBUG org.apache.http.headers - << Date: Tue, 25 Jul 2023 14:41:40 GMT
17:41:40.211 [main] DEBUG org.apache.http.headers - << Content-Type: application/json
17:41:40.211 [main] DEBUG org.apache.http.headers - << Transfer-Encoding: chunked
17:41:40.211 [main] DEBUG org.apache.http.headers - << Connection: keep-alive
17:41:40.211 [main] DEBUG org.apache.http.headers - << Vary: Accept-Encoding
17:41:40.211 [main] DEBUG org.apache.http.headers - << Content-Encoding: gzip
17:41:40.211 [main] DEBUG org.apache.http.impl.client.DefaultHttpClient - Connection can be kept alive indefinitely
17:41:40.211 [main] DEBUG org.apache.http.impl.client.DefaultHttpClient - Authentication succeeded
17:41:40.211 [main] DEBUG org.apache.http.impl.client.TargetAuthenticationStrategy - Caching 'basic' auth scheme for http://localhost:81
17:41:40.211 [main] DEBUG io.restassured.internal.RestAssuredHttpBuilder - Parsing response as: application/json
17:41:40.211 [main] DEBUG org.apache.http.wire -  << "3c[\r][\n]"
17:41:40.211 [main] DEBUG org.apache.http.wire -  << "[0x1f][0x8b][0x8][0x0][0x0][0x0][0x0][0x0][0x0][0x3][0xab]V[0xca]*[0xce][0xcf]+*HV[0xb2]R2[0xd2]3P[0xd2]Q*J-.[0xcd])Q[0xb2]*)*M[0xd5]Q[0xca]LQ[0xb2]226[0xa9][0x5][0x0]q~[0x7][0xe8]([0x0][0x0][0x0]"
17:41:40.211 [main] DEBUG org.apache.http.wire -  << "[\r][\n]"
17:41:40.211 [main] DEBUG org.apache.http.wire -  << "0[\r][\n]"
17:41:40.211 [main] DEBUG org.apache.http.wire -  << "[\r][\n]"
17:41:40.211 [main] DEBUG io.restassured.internal.RestAssuredHttpBuilder - Parsed data to instance of: class org.apache.http.conn.EofSensorInputStream
17:41:40.212 [main] DEBUG org.apache.http.impl.conn.BasicClientConnectionManager - Releasing connection org.apache.http.impl.conn.ManagedClientConnectionImpl@1be3a294
17:41:40.212 [main] DEBUG org.apache.http.impl.conn.BasicClientConnectionManager - Connection can be kept alive indefinitely
{
    "jsonrpc": "2.0",
    "result": true,
    "id": 234
}
Request method:	POST
Request URI:	http://localhost:81/jsonrpc.php
Proxy:			<none>
Request params:	<none>
Query params:	<none>
Form params:	<none>
Path params:	<none>
Headers:		Accept=*/*
				Content-Type=text/plain; charset=ISO-8859-1
Cookies:		<none>
Multiparts:		<none>
Body:
{"jsonrpc":"2.0","method":"createUser","id":123123,"params":{"username":"kyryloAPITestLogin","password":"kyryloAPITestPassword","name":"kyrylo","email":"kyryloAPITest@mail.com","role":"app-manager"}}
17:41:40.231 [main] DEBUG org.apache.http.impl.conn.BasicClientConnectionManager - Get connection for route {}->http://localhost:81
17:41:40.231 [main] DEBUG org.apache.http.impl.conn.DefaultClientConnectionOperator - Connecting to localhost:81
17:41:40.233 [main] DEBUG org.apache.http.client.protocol.RequestAddCookies - CookieSpec selected: ignoreCookies
17:41:40.233 [main] DEBUG org.apache.http.client.protocol.RequestAuthCache - Auth cache not set in the context
17:41:40.233 [main] DEBUG org.apache.http.client.protocol.RequestTargetAuthentication - Target auth state: UNCHALLENGED
17:41:40.233 [main] DEBUG org.apache.http.client.protocol.RequestProxyAuthentication - Proxy auth state: UNCHALLENGED
17:41:40.233 [main] DEBUG org.apache.http.impl.client.DefaultHttpClient - Attempt 1 to execute request
17:41:40.233 [main] DEBUG org.apache.http.impl.conn.DefaultClientConnection - Sending request: POST /jsonrpc.php HTTP/1.1
17:41:40.233 [main] DEBUG org.apache.http.wire -  >> "POST /jsonrpc.php HTTP/1.1[\r][\n]"
17:41:40.233 [main] DEBUG org.apache.http.wire -  >> "Accept: */*[\r][\n]"
17:41:40.233 [main] DEBUG org.apache.http.wire -  >> "Content-Type: text/plain; charset=ISO-8859-1[\r][\n]"
17:41:40.233 [main] DEBUG org.apache.http.wire -  >> "Content-Length: 199[\r][\n]"
17:41:40.233 [main] DEBUG org.apache.http.wire -  >> "Host: localhost:81[\r][\n]"
17:41:40.233 [main] DEBUG org.apache.http.wire -  >> "Connection: Keep-Alive[\r][\n]"
17:41:40.233 [main] DEBUG org.apache.http.wire -  >> "User-Agent: Apache-HttpClient/4.5.13 (Java/17)[\r][\n]"
17:41:40.233 [main] DEBUG org.apache.http.wire -  >> "Accept-Encoding: gzip,deflate[\r][\n]"
17:41:40.233 [main] DEBUG org.apache.http.wire -  >> "[\r][\n]"
17:41:40.233 [main] DEBUG org.apache.http.headers - >> POST /jsonrpc.php HTTP/1.1
17:41:40.233 [main] DEBUG org.apache.http.headers - >> Accept: */*
17:41:40.233 [main] DEBUG org.apache.http.headers - >> Content-Type: text/plain; charset=ISO-8859-1
17:41:40.233 [main] DEBUG org.apache.http.headers - >> Content-Length: 199
17:41:40.233 [main] DEBUG org.apache.http.headers - >> Host: localhost:81
17:41:40.233 [main] DEBUG org.apache.http.headers - >> Connection: Keep-Alive
17:41:40.233 [main] DEBUG org.apache.http.headers - >> User-Agent: Apache-HttpClient/4.5.13 (Java/17)
17:41:40.233 [main] DEBUG org.apache.http.headers - >> Accept-Encoding: gzip,deflate
17:41:40.233 [main] DEBUG org.apache.http.wire -  >> "{"jsonrpc":"2.0","method":"createUser","id":123123,"params":{"username":"kyryloAPITestLogin","password":"kyryloAPITestPassword","name":"kyrylo","email":"kyryloAPITest@mail.com","role":"app-manager"}}"
17:41:40.243 [main] DEBUG org.apache.http.wire -  << "HTTP/1.1 401 Unauthorized[\r][\n]"
17:41:40.243 [main] DEBUG org.apache.http.wire -  << "Server: nginx[\r][\n]"
17:41:40.243 [main] DEBUG org.apache.http.wire -  << "Date: Tue, 25 Jul 2023 14:41:40 GMT[\r][\n]"
17:41:40.243 [main] DEBUG org.apache.http.wire -  << "Content-Type: application/json[\r][\n]"
17:41:40.243 [main] DEBUG org.apache.http.wire -  << "Transfer-Encoding: chunked[\r][\n]"
17:41:40.243 [main] DEBUG org.apache.http.wire -  << "Connection: keep-alive[\r][\n]"
17:41:40.243 [main] DEBUG org.apache.http.wire -  << "WWW-Authenticate: Basic realm="JsonRPC"[\r][\n]"
17:41:40.243 [main] DEBUG org.apache.http.wire -  << "[\r][\n]"
17:41:40.243 [main] DEBUG org.apache.http.impl.conn.DefaultClientConnection - Receiving response: HTTP/1.1 401 Unauthorized
17:41:40.243 [main] DEBUG org.apache.http.headers - << HTTP/1.1 401 Unauthorized
17:41:40.243 [main] DEBUG org.apache.http.headers - << Server: nginx
17:41:40.243 [main] DEBUG org.apache.http.headers - << Date: Tue, 25 Jul 2023 14:41:40 GMT
17:41:40.243 [main] DEBUG org.apache.http.headers - << Content-Type: application/json
17:41:40.243 [main] DEBUG org.apache.http.headers - << Transfer-Encoding: chunked
17:41:40.243 [main] DEBUG org.apache.http.headers - << Connection: keep-alive
17:41:40.243 [main] DEBUG org.apache.http.headers - << WWW-Authenticate: Basic realm="JsonRPC"
17:41:40.243 [main] DEBUG org.apache.http.impl.client.DefaultHttpClient - Connection can be kept alive indefinitely
17:41:40.244 [main] DEBUG org.apache.http.impl.client.DefaultHttpClient - Authentication required
17:41:40.244 [main] DEBUG org.apache.http.impl.client.DefaultHttpClient - localhost:81 requested authentication
17:41:40.244 [main] DEBUG org.apache.http.impl.client.TargetAuthenticationStrategy - Authentication schemes in the order of preference: [Negotiate, Kerberos, NTLM, CredSSP, Digest, Basic]
17:41:40.244 [main] DEBUG org.apache.http.impl.client.TargetAuthenticationStrategy - Challenge for Negotiate authentication scheme not available
17:41:40.244 [main] DEBUG org.apache.http.impl.client.TargetAuthenticationStrategy - Challenge for Kerberos authentication scheme not available
17:41:40.244 [main] DEBUG org.apache.http.impl.client.TargetAuthenticationStrategy - Challenge for NTLM authentication scheme not available
17:41:40.244 [main] DEBUG org.apache.http.impl.client.TargetAuthenticationStrategy - Challenge for CredSSP authentication scheme not available
17:41:40.244 [main] DEBUG org.apache.http.impl.client.TargetAuthenticationStrategy - Challenge for Digest authentication scheme not available
17:41:40.244 [main] DEBUG org.apache.http.impl.client.DefaultHttpClient - Selected authentication options: [BASIC [complete=true]]
17:41:40.244 [main] DEBUG org.apache.http.wire -  << "49[\r][\n]"
17:41:40.244 [main] DEBUG org.apache.http.wire -  << "{"jsonrpc":"2.0","error":{"code":401,"message":"Unauthorized"},"id":null}"
17:41:40.244 [main] DEBUG org.apache.http.wire -  << "[\r][\n]"
17:41:40.244 [main] DEBUG org.apache.http.wire -  << "0[\r][\n]"
17:41:40.244 [main] DEBUG org.apache.http.wire -  << "[\r][\n]"
17:41:40.244 [main] DEBUG org.apache.http.client.protocol.RequestAddCookies - CookieSpec selected: ignoreCookies
17:41:40.244 [main] DEBUG org.apache.http.client.protocol.RequestAuthCache - Auth cache not set in the context
17:41:40.244 [main] DEBUG org.apache.http.client.protocol.RequestTargetAuthentication - Target auth state: CHALLENGED
17:41:40.244 [main] DEBUG org.apache.http.client.protocol.RequestTargetAuthentication - Generating response to an authentication challenge using basic scheme
17:41:40.244 [main] DEBUG org.apache.http.client.protocol.RequestProxyAuthentication - Proxy auth state: UNCHALLENGED
17:41:40.244 [main] DEBUG org.apache.http.impl.client.DefaultHttpClient - Attempt 2 to execute request
17:41:40.244 [main] DEBUG org.apache.http.impl.conn.DefaultClientConnection - Sending request: POST /jsonrpc.php HTTP/1.1
17:41:40.244 [main] DEBUG org.apache.http.wire -  >> "POST /jsonrpc.php HTTP/1.1[\r][\n]"
17:41:40.244 [main] DEBUG org.apache.http.wire -  >> "Accept: */*[\r][\n]"
17:41:40.244 [main] DEBUG org.apache.http.wire -  >> "Content-Type: text/plain; charset=ISO-8859-1[\r][\n]"
17:41:40.244 [main] DEBUG org.apache.http.wire -  >> "Content-Length: 199[\r][\n]"
17:41:40.244 [main] DEBUG org.apache.http.wire -  >> "Host: localhost:81[\r][\n]"
17:41:40.244 [main] DEBUG org.apache.http.wire -  >> "Connection: Keep-Alive[\r][\n]"
17:41:40.244 [main] DEBUG org.apache.http.wire -  >> "User-Agent: Apache-HttpClient/4.5.13 (Java/17)[\r][\n]"
17:41:40.244 [main] DEBUG org.apache.http.wire -  >> "Authorization: Basic YWRtaW46YWRtaW4=[\r][\n]"
17:41:40.244 [main] DEBUG org.apache.http.wire -  >> "Accept-Encoding: gzip,deflate[\r][\n]"
17:41:40.244 [main] DEBUG org.apache.http.wire -  >> "[\r][\n]"
17:41:40.244 [main] DEBUG org.apache.http.headers - >> POST /jsonrpc.php HTTP/1.1
17:41:40.244 [main] DEBUG org.apache.http.headers - >> Accept: */*
17:41:40.244 [main] DEBUG org.apache.http.headers - >> Content-Type: text/plain; charset=ISO-8859-1
17:41:40.244 [main] DEBUG org.apache.http.headers - >> Content-Length: 199
17:41:40.244 [main] DEBUG org.apache.http.headers - >> Host: localhost:81
17:41:40.244 [main] DEBUG org.apache.http.headers - >> Connection: Keep-Alive
17:41:40.244 [main] DEBUG org.apache.http.headers - >> User-Agent: Apache-HttpClient/4.5.13 (Java/17)
17:41:40.244 [main] DEBUG org.apache.http.headers - >> Authorization: Basic YWRtaW46YWRtaW4=
17:41:40.244 [main] DEBUG org.apache.http.headers - >> Accept-Encoding: gzip,deflate
17:41:40.244 [main] DEBUG org.apache.http.wire -  >> "{"jsonrpc":"2.0","method":"createUser","id":123123,"params":{"username":"kyryloAPITestLogin","password":"kyryloAPITestPassword","name":"kyrylo","email":"kyryloAPITest@mail.com","role":"app-manager"}}"
17:41:40.431 [main] DEBUG org.apache.http.wire -  << "HTTP/1.1 200 OK[\r][\n]"
17:41:40.432 [main] DEBUG org.apache.http.wire -  << "Server: nginx[\r][\n]"
17:41:40.432 [main] DEBUG org.apache.http.wire -  << "Date: Tue, 25 Jul 2023 14:41:40 GMT[\r][\n]"
17:41:40.432 [main] DEBUG org.apache.http.wire -  << "Content-Type: application/json[\r][\n]"
17:41:40.432 [main] DEBUG org.apache.http.wire -  << "Transfer-Encoding: chunked[\r][\n]"
17:41:40.432 [main] DEBUG org.apache.http.wire -  << "Connection: keep-alive[\r][\n]"
17:41:40.432 [main] DEBUG org.apache.http.wire -  << "Vary: Accept-Encoding[\r][\n]"
17:41:40.432 [main] DEBUG org.apache.http.wire -  << "Content-Encoding: gzip[\r][\n]"
17:41:40.432 [main] DEBUG org.apache.http.wire -  << "[\r][\n]"
17:41:40.432 [main] DEBUG org.apache.http.impl.conn.DefaultClientConnection - Receiving response: HTTP/1.1 200 OK
17:41:40.432 [main] DEBUG org.apache.http.headers - << HTTP/1.1 200 OK
17:41:40.432 [main] DEBUG org.apache.http.headers - << Server: nginx
17:41:40.432 [main] DEBUG org.apache.http.headers - << Date: Tue, 25 Jul 2023 14:41:40 GMT
17:41:40.432 [main] DEBUG org.apache.http.headers - << Content-Type: application/json
17:41:40.432 [main] DEBUG org.apache.http.headers - << Transfer-Encoding: chunked
17:41:40.432 [main] DEBUG org.apache.http.headers - << Connection: keep-alive
17:41:40.432 [main] DEBUG org.apache.http.headers - << Vary: Accept-Encoding
17:41:40.432 [main] DEBUG org.apache.http.headers - << Content-Encoding: gzip
17:41:40.432 [main] DEBUG org.apache.http.impl.client.DefaultHttpClient - Connection can be kept alive indefinitely
17:41:40.432 [main] DEBUG org.apache.http.impl.client.DefaultHttpClient - Authentication succeeded
17:41:40.432 [main] DEBUG org.apache.http.impl.client.TargetAuthenticationStrategy - Caching 'basic' auth scheme for http://localhost:81
17:41:40.432 [main] DEBUG io.restassured.internal.RestAssuredHttpBuilder - Parsing response as: application/json
17:41:40.432 [main] DEBUG org.apache.http.wire -  << "3c[\r][\n]"
17:41:40.432 [main] DEBUG org.apache.http.wire -  << "[0x1f][0x8b][0x8][0x0][0x0][0x0][0x0][0x0][0x0][0x3][0xab]V[0xca]*[0xce][0xcf]+*HV[0xb2]R2[0xd2]3P[0xd2]Q*J-.[0xcd])Q[0xb2]265[0xd0]Q[0xca]LQ[0xb2]242[0x6][0xa2]Z[0x0][0xd1][0x6][0x8f][0xc2]*[0x0][0x0][0x0]"
17:41:40.432 [main] DEBUG org.apache.http.wire -  << "[\r][\n]"
17:41:40.432 [main] DEBUG org.apache.http.wire -  << "0[\r][\n]"
17:41:40.432 [main] DEBUG org.apache.http.wire -  << "[\r][\n]"
17:41:40.432 [main] DEBUG io.restassured.internal.RestAssuredHttpBuilder - Parsed data to instance of: class org.apache.http.conn.EofSensorInputStream
17:41:40.433 [main] DEBUG org.apache.http.impl.conn.BasicClientConnectionManager - Releasing connection org.apache.http.impl.conn.ManagedClientConnectionImpl@1372696b
17:41:40.433 [main] DEBUG org.apache.http.impl.conn.BasicClientConnectionManager - Connection can be kept alive indefinitely
{
    "jsonrpc": "2.0",
    "result": 350,
    "id": 123123
}
Request method:	POST
Request URI:	http://localhost:81/jsonrpc.php
Proxy:			<none>
Request params:	<none>
Query params:	<none>
Form params:	<none>
Path params:	<none>
Headers:		Accept=*/*
				Content-Type=text/plain; charset=ISO-8859-1
Cookies:		<none>
Multiparts:		<none>
Body:
{"jsonrpc":"2.0","method":"createProject","id":345,"params":{"name":"API_Project","description":"API_Project Description","owner_id":350}}
17:41:40.451 [main] DEBUG org.apache.http.impl.conn.BasicClientConnectionManager - Get connection for route {}->http://localhost:81
17:41:40.451 [main] DEBUG org.apache.http.impl.conn.DefaultClientConnectionOperator - Connecting to localhost:81
17:41:40.453 [main] DEBUG org.apache.http.client.protocol.RequestAddCookies - CookieSpec selected: ignoreCookies
17:41:40.453 [main] DEBUG org.apache.http.client.protocol.RequestAuthCache - Auth cache not set in the context
17:41:40.453 [main] DEBUG org.apache.http.client.protocol.RequestTargetAuthentication - Target auth state: UNCHALLENGED
17:41:40.453 [main] DEBUG org.apache.http.client.protocol.RequestProxyAuthentication - Proxy auth state: UNCHALLENGED
17:41:40.453 [main] DEBUG org.apache.http.impl.client.DefaultHttpClient - Attempt 1 to execute request
17:41:40.453 [main] DEBUG org.apache.http.impl.conn.DefaultClientConnection - Sending request: POST /jsonrpc.php HTTP/1.1
17:41:40.453 [main] DEBUG org.apache.http.wire -  >> "POST /jsonrpc.php HTTP/1.1[\r][\n]"
17:41:40.453 [main] DEBUG org.apache.http.wire -  >> "Accept: */*[\r][\n]"
17:41:40.453 [main] DEBUG org.apache.http.wire -  >> "Content-Type: text/plain; charset=ISO-8859-1[\r][\n]"
17:41:40.453 [main] DEBUG org.apache.http.wire -  >> "Content-Length: 138[\r][\n]"
17:41:40.453 [main] DEBUG org.apache.http.wire -  >> "Host: localhost:81[\r][\n]"
17:41:40.453 [main] DEBUG org.apache.http.wire -  >> "Connection: Keep-Alive[\r][\n]"
17:41:40.453 [main] DEBUG org.apache.http.wire -  >> "User-Agent: Apache-HttpClient/4.5.13 (Java/17)[\r][\n]"
17:41:40.453 [main] DEBUG org.apache.http.wire -  >> "Accept-Encoding: gzip,deflate[\r][\n]"
17:41:40.453 [main] DEBUG org.apache.http.wire -  >> "[\r][\n]"
17:41:40.453 [main] DEBUG org.apache.http.headers - >> POST /jsonrpc.php HTTP/1.1
17:41:40.453 [main] DEBUG org.apache.http.headers - >> Accept: */*
17:41:40.453 [main] DEBUG org.apache.http.headers - >> Content-Type: text/plain; charset=ISO-8859-1
17:41:40.453 [main] DEBUG org.apache.http.headers - >> Content-Length: 138
17:41:40.453 [main] DEBUG org.apache.http.headers - >> Host: localhost:81
17:41:40.453 [main] DEBUG org.apache.http.headers - >> Connection: Keep-Alive
17:41:40.453 [main] DEBUG org.apache.http.headers - >> User-Agent: Apache-HttpClient/4.5.13 (Java/17)
17:41:40.453 [main] DEBUG org.apache.http.headers - >> Accept-Encoding: gzip,deflate
17:41:40.454 [main] DEBUG org.apache.http.wire -  >> "{"jsonrpc":"2.0","method":"createProject","id":345,"params":{"name":"API_Project","description":"API_Project Description","owner_id":350}}"
17:41:40.461 [main] DEBUG org.apache.http.wire -  << "HTTP/1.1 401 Unauthorized[\r][\n]"
17:41:40.461 [main] DEBUG org.apache.http.wire -  << "Server: nginx[\r][\n]"
17:41:40.461 [main] DEBUG org.apache.http.wire -  << "Date: Tue, 25 Jul 2023 14:41:40 GMT[\r][\n]"
17:41:40.461 [main] DEBUG org.apache.http.wire -  << "Content-Type: application/json[\r][\n]"
17:41:40.461 [main] DEBUG org.apache.http.wire -  << "Transfer-Encoding: chunked[\r][\n]"
17:41:40.461 [main] DEBUG org.apache.http.wire -  << "Connection: keep-alive[\r][\n]"
17:41:40.461 [main] DEBUG org.apache.http.wire -  << "WWW-Authenticate: Basic realm="JsonRPC"[\r][\n]"
17:41:40.461 [main] DEBUG org.apache.http.wire -  << "[\r][\n]"
17:41:40.462 [main] DEBUG org.apache.http.impl.conn.DefaultClientConnection - Receiving response: HTTP/1.1 401 Unauthorized
17:41:40.462 [main] DEBUG org.apache.http.headers - << HTTP/1.1 401 Unauthorized
17:41:40.462 [main] DEBUG org.apache.http.headers - << Server: nginx
17:41:40.462 [main] DEBUG org.apache.http.headers - << Date: Tue, 25 Jul 2023 14:41:40 GMT
17:41:40.462 [main] DEBUG org.apache.http.headers - << Content-Type: application/json
17:41:40.462 [main] DEBUG org.apache.http.headers - << Transfer-Encoding: chunked
17:41:40.462 [main] DEBUG org.apache.http.headers - << Connection: keep-alive
17:41:40.462 [main] DEBUG org.apache.http.headers - << WWW-Authenticate: Basic realm="JsonRPC"
17:41:40.462 [main] DEBUG org.apache.http.impl.client.DefaultHttpClient - Connection can be kept alive indefinitely
17:41:40.462 [main] DEBUG org.apache.http.impl.client.DefaultHttpClient - Authentication required
17:41:40.462 [main] DEBUG org.apache.http.impl.client.DefaultHttpClient - localhost:81 requested authentication
17:41:40.462 [main] DEBUG org.apache.http.impl.client.TargetAuthenticationStrategy - Authentication schemes in the order of preference: [Negotiate, Kerberos, NTLM, CredSSP, Digest, Basic]
17:41:40.462 [main] DEBUG org.apache.http.impl.client.TargetAuthenticationStrategy - Challenge for Negotiate authentication scheme not available
17:41:40.462 [main] DEBUG org.apache.http.impl.client.TargetAuthenticationStrategy - Challenge for Kerberos authentication scheme not available
17:41:40.462 [main] DEBUG org.apache.http.impl.client.TargetAuthenticationStrategy - Challenge for NTLM authentication scheme not available
17:41:40.462 [main] DEBUG org.apache.http.impl.client.TargetAuthenticationStrategy - Challenge for CredSSP authentication scheme not available
17:41:40.462 [main] DEBUG org.apache.http.impl.client.TargetAuthenticationStrategy - Challenge for Digest authentication scheme not available
17:41:40.462 [main] DEBUG org.apache.http.impl.client.DefaultHttpClient - Selected authentication options: [BASIC [complete=true]]
17:41:40.462 [main] DEBUG org.apache.http.wire -  << "49[\r][\n]"
17:41:40.462 [main] DEBUG org.apache.http.wire -  << "{"jsonrpc":"2.0","error":{"code":401,"message":"Unauthorized"},"id":null}"
17:41:40.462 [main] DEBUG org.apache.http.wire -  << "[\r][\n]"
17:41:40.462 [main] DEBUG org.apache.http.wire -  << "0[\r][\n]"
17:41:40.462 [main] DEBUG org.apache.http.wire -  << "[\r][\n]"
17:41:40.462 [main] DEBUG org.apache.http.client.protocol.RequestAddCookies - CookieSpec selected: ignoreCookies
17:41:40.462 [main] DEBUG org.apache.http.client.protocol.RequestAuthCache - Auth cache not set in the context
17:41:40.462 [main] DEBUG org.apache.http.client.protocol.RequestTargetAuthentication - Target auth state: CHALLENGED
17:41:40.462 [main] DEBUG org.apache.http.client.protocol.RequestTargetAuthentication - Generating response to an authentication challenge using basic scheme
17:41:40.462 [main] DEBUG org.apache.http.client.protocol.RequestProxyAuthentication - Proxy auth state: UNCHALLENGED
17:41:40.463 [main] DEBUG org.apache.http.impl.client.DefaultHttpClient - Attempt 2 to execute request
17:41:40.463 [main] DEBUG org.apache.http.impl.conn.DefaultClientConnection - Sending request: POST /jsonrpc.php HTTP/1.1
17:41:40.463 [main] DEBUG org.apache.http.wire -  >> "POST /jsonrpc.php HTTP/1.1[\r][\n]"
17:41:40.463 [main] DEBUG org.apache.http.wire -  >> "Accept: */*[\r][\n]"
17:41:40.463 [main] DEBUG org.apache.http.wire -  >> "Content-Type: text/plain; charset=ISO-8859-1[\r][\n]"
17:41:40.463 [main] DEBUG org.apache.http.wire -  >> "Content-Length: 138[\r][\n]"
17:41:40.463 [main] DEBUG org.apache.http.wire -  >> "Host: localhost:81[\r][\n]"
17:41:40.463 [main] DEBUG org.apache.http.wire -  >> "Connection: Keep-Alive[\r][\n]"
17:41:40.463 [main] DEBUG org.apache.http.wire -  >> "User-Agent: Apache-HttpClient/4.5.13 (Java/17)[\r][\n]"
17:41:40.463 [main] DEBUG org.apache.http.wire -  >> "Authorization: Basic a3lyeWxvQVBJVGVzdExvZ2luOmt5cnlsb0FQSVRlc3RQYXNzd29yZA==[\r][\n]"
17:41:40.463 [main] DEBUG org.apache.http.wire -  >> "Accept-Encoding: gzip,deflate[\r][\n]"
17:41:40.463 [main] DEBUG org.apache.http.wire -  >> "[\r][\n]"
17:41:40.463 [main] DEBUG org.apache.http.headers - >> POST /jsonrpc.php HTTP/1.1
17:41:40.463 [main] DEBUG org.apache.http.headers - >> Accept: */*
17:41:40.463 [main] DEBUG org.apache.http.headers - >> Content-Type: text/plain; charset=ISO-8859-1
17:41:40.463 [main] DEBUG org.apache.http.headers - >> Content-Length: 138
17:41:40.463 [main] DEBUG org.apache.http.headers - >> Host: localhost:81
17:41:40.463 [main] DEBUG org.apache.http.headers - >> Connection: Keep-Alive
17:41:40.463 [main] DEBUG org.apache.http.headers - >> User-Agent: Apache-HttpClient/4.5.13 (Java/17)
17:41:40.463 [main] DEBUG org.apache.http.headers - >> Authorization: Basic a3lyeWxvQVBJVGVzdExvZ2luOmt5cnlsb0FQSVRlc3RQYXNzd29yZA==
17:41:40.463 [main] DEBUG org.apache.http.headers - >> Accept-Encoding: gzip,deflate
17:41:40.463 [main] DEBUG org.apache.http.wire -  >> "{"jsonrpc":"2.0","method":"createProject","id":345,"params":{"name":"API_Project","description":"API_Project Description","owner_id":350}}"
17:41:40.606 [main] DEBUG org.apache.http.wire -  << "HTTP/1.1 200 OK[\r][\n]"
17:41:40.607 [main] DEBUG org.apache.http.wire -  << "Server: nginx[\r][\n]"
17:41:40.607 [main] DEBUG org.apache.http.wire -  << "Date: Tue, 25 Jul 2023 14:41:40 GMT[\r][\n]"
17:41:40.607 [main] DEBUG org.apache.http.wire -  << "Content-Type: application/json[\r][\n]"
17:41:40.607 [main] DEBUG org.apache.http.wire -  << "Transfer-Encoding: chunked[\r][\n]"
17:41:40.607 [main] DEBUG org.apache.http.wire -  << "Connection: keep-alive[\r][\n]"
17:41:40.607 [main] DEBUG org.apache.http.wire -  << "Vary: Accept-Encoding[\r][\n]"
17:41:40.607 [main] DEBUG org.apache.http.wire -  << "Content-Encoding: gzip[\r][\n]"
17:41:40.607 [main] DEBUG org.apache.http.wire -  << "[\r][\n]"
17:41:40.607 [main] DEBUG org.apache.http.impl.conn.DefaultClientConnection - Receiving response: HTTP/1.1 200 OK
17:41:40.607 [main] DEBUG org.apache.http.headers - << HTTP/1.1 200 OK
17:41:40.607 [main] DEBUG org.apache.http.headers - << Server: nginx
17:41:40.607 [main] DEBUG org.apache.http.headers - << Date: Tue, 25 Jul 2023 14:41:40 GMT
17:41:40.607 [main] DEBUG org.apache.http.headers - << Content-Type: application/json
17:41:40.607 [main] DEBUG org.apache.http.headers - << Transfer-Encoding: chunked
17:41:40.607 [main] DEBUG org.apache.http.headers - << Connection: keep-alive
17:41:40.607 [main] DEBUG org.apache.http.headers - << Vary: Accept-Encoding
17:41:40.607 [main] DEBUG org.apache.http.headers - << Content-Encoding: gzip
17:41:40.607 [main] DEBUG org.apache.http.impl.client.DefaultHttpClient - Connection can be kept alive indefinitely
17:41:40.607 [main] DEBUG org.apache.http.impl.client.DefaultHttpClient - Authentication succeeded
17:41:40.607 [main] DEBUG org.apache.http.impl.client.TargetAuthenticationStrategy - Caching 'basic' auth scheme for http://localhost:81
17:41:40.608 [main] DEBUG io.restassured.internal.RestAssuredHttpBuilder - Parsing response as: application/json
17:41:40.608 [main] DEBUG org.apache.http.wire -  << "3b[\r][\n]"
17:41:40.608 [main] DEBUG org.apache.http.wire -  << "[0x1f][0x8b][0x8][0x0][0x0][0x0][0x0][0x0][0x0][0x3][0xab]V[0xca]*[0xce][0xcf]+*HV[0xb2]R2[0xd2]3P[0xd2]Q*J-.[0xcd])Q[0xb2]221[0xd4]Q[0xca]LQ[0xb2]261[0xad][0x5][0x0],[0x14]d[0x2]'[0x0][0x0][0x0]"
17:41:40.608 [main] DEBUG org.apache.http.wire -  << "[\r][\n]"
17:41:40.608 [main] DEBUG org.apache.http.wire -  << "0[\r][\n]"
17:41:40.608 [main] DEBUG org.apache.http.wire -  << "[\r][\n]"
17:41:40.608 [main] DEBUG io.restassured.internal.RestAssuredHttpBuilder - Parsed data to instance of: class org.apache.http.conn.EofSensorInputStream
17:41:40.610 [main] DEBUG org.apache.http.impl.conn.BasicClientConnectionManager - Releasing connection org.apache.http.impl.conn.ManagedClientConnectionImpl@2ba4b32b
17:41:40.610 [main] DEBUG org.apache.http.impl.conn.BasicClientConnectionManager - Connection can be kept alive indefinitely
{
    "jsonrpc": "2.0",
    "result": 241,
    "id": 345
}
Request method:	DELETE
Request URI:	http://localhost:81/jsonrpc.php
Proxy:			<none>
Request params:	<none>
Query params:	<none>
Form params:	<none>
Path params:	<none>
Headers:		Accept=*/*
				Content-Type=text/plain; charset=ISO-8859-1
Cookies:		<none>
Multiparts:		<none>
Body:
{"jsonrpc":"2.0","method":"removeProject","id":567,"params":{"project_id":241}}
17:41:40.641 [main] DEBUG org.apache.http.impl.conn.BasicClientConnectionManager - Get connection for route {}->http://localhost:81
17:41:40.641 [main] DEBUG org.apache.http.impl.conn.DefaultClientConnectionOperator - Connecting to localhost:81
17:41:40.642 [main] DEBUG org.apache.http.client.protocol.RequestAddCookies - CookieSpec selected: ignoreCookies
17:41:40.642 [main] DEBUG org.apache.http.client.protocol.RequestAuthCache - Auth cache not set in the context
17:41:40.642 [main] DEBUG org.apache.http.client.protocol.RequestTargetAuthentication - Target auth state: UNCHALLENGED
17:41:40.642 [main] DEBUG org.apache.http.client.protocol.RequestProxyAuthentication - Proxy auth state: UNCHALLENGED
17:41:40.642 [main] DEBUG org.apache.http.impl.client.DefaultHttpClient - Attempt 1 to execute request
17:41:40.642 [main] DEBUG org.apache.http.impl.conn.DefaultClientConnection - Sending request: DELETE /jsonrpc.php HTTP/1.1
17:41:40.642 [main] DEBUG org.apache.http.wire -  >> "DELETE /jsonrpc.php HTTP/1.1[\r][\n]"
17:41:40.642 [main] DEBUG org.apache.http.wire -  >> "Accept: */*[\r][\n]"
17:41:40.642 [main] DEBUG org.apache.http.wire -  >> "Content-Type: text/plain; charset=ISO-8859-1[\r][\n]"
17:41:40.642 [main] DEBUG org.apache.http.wire -  >> "Content-Length: 79[\r][\n]"
17:41:40.642 [main] DEBUG org.apache.http.wire -  >> "Host: localhost:81[\r][\n]"
17:41:40.642 [main] DEBUG org.apache.http.wire -  >> "Connection: Keep-Alive[\r][\n]"
17:41:40.642 [main] DEBUG org.apache.http.wire -  >> "User-Agent: Apache-HttpClient/4.5.13 (Java/17)[\r][\n]"
17:41:40.642 [main] DEBUG org.apache.http.wire -  >> "Accept-Encoding: gzip,deflate[\r][\n]"
17:41:40.642 [main] DEBUG org.apache.http.wire -  >> "[\r][\n]"
17:41:40.642 [main] DEBUG org.apache.http.headers - >> DELETE /jsonrpc.php HTTP/1.1
17:41:40.642 [main] DEBUG org.apache.http.headers - >> Accept: */*
17:41:40.642 [main] DEBUG org.apache.http.headers - >> Content-Type: text/plain; charset=ISO-8859-1
17:41:40.642 [main] DEBUG org.apache.http.headers - >> Content-Length: 79
17:41:40.642 [main] DEBUG org.apache.http.headers - >> Host: localhost:81
17:41:40.642 [main] DEBUG org.apache.http.headers - >> Connection: Keep-Alive
17:41:40.642 [main] DEBUG org.apache.http.headers - >> User-Agent: Apache-HttpClient/4.5.13 (Java/17)
17:41:40.642 [main] DEBUG org.apache.http.headers - >> Accept-Encoding: gzip,deflate
17:41:40.642 [main] DEBUG org.apache.http.wire -  >> "{"jsonrpc":"2.0","method":"removeProject","id":567,"params":{"project_id":241}}"
17:41:40.657 [main] DEBUG org.apache.http.wire -  << "HTTP/1.1 401 Unauthorized[\r][\n]"
17:41:40.657 [main] DEBUG org.apache.http.wire -  << "Server: nginx[\r][\n]"
17:41:40.658 [main] DEBUG org.apache.http.wire -  << "Date: Tue, 25 Jul 2023 14:41:40 GMT[\r][\n]"
17:41:40.658 [main] DEBUG org.apache.http.wire -  << "Content-Type: application/json[\r][\n]"
17:41:40.658 [main] DEBUG org.apache.http.wire -  << "Transfer-Encoding: chunked[\r][\n]"
17:41:40.658 [main] DEBUG org.apache.http.wire -  << "Connection: keep-alive[\r][\n]"
17:41:40.658 [main] DEBUG org.apache.http.wire -  << "WWW-Authenticate: Basic realm="JsonRPC"[\r][\n]"
17:41:40.658 [main] DEBUG org.apache.http.wire -  << "[\r][\n]"
17:41:40.658 [main] DEBUG org.apache.http.impl.conn.DefaultClientConnection - Receiving response: HTTP/1.1 401 Unauthorized
17:41:40.658 [main] DEBUG org.apache.http.headers - << HTTP/1.1 401 Unauthorized
17:41:40.658 [main] DEBUG org.apache.http.headers - << Server: nginx
17:41:40.658 [main] DEBUG org.apache.http.headers - << Date: Tue, 25 Jul 2023 14:41:40 GMT
17:41:40.658 [main] DEBUG org.apache.http.headers - << Content-Type: application/json
17:41:40.658 [main] DEBUG org.apache.http.headers - << Transfer-Encoding: chunked
17:41:40.658 [main] DEBUG org.apache.http.headers - << Connection: keep-alive
17:41:40.658 [main] DEBUG org.apache.http.headers - << WWW-Authenticate: Basic realm="JsonRPC"
17:41:40.658 [main] DEBUG org.apache.http.impl.client.DefaultHttpClient - Connection can be kept alive indefinitely
17:41:40.658 [main] DEBUG org.apache.http.impl.client.DefaultHttpClient - Authentication required
17:41:40.658 [main] DEBUG org.apache.http.impl.client.DefaultHttpClient - localhost:81 requested authentication
17:41:40.658 [main] DEBUG org.apache.http.impl.client.TargetAuthenticationStrategy - Authentication schemes in the order of preference: [Negotiate, Kerberos, NTLM, CredSSP, Digest, Basic]
17:41:40.658 [main] DEBUG org.apache.http.impl.client.TargetAuthenticationStrategy - Challenge for Negotiate authentication scheme not available
17:41:40.658 [main] DEBUG org.apache.http.impl.client.TargetAuthenticationStrategy - Challenge for Kerberos authentication scheme not available
17:41:40.658 [main] DEBUG org.apache.http.impl.client.TargetAuthenticationStrategy - Challenge for NTLM authentication scheme not available
17:41:40.658 [main] DEBUG org.apache.http.impl.client.TargetAuthenticationStrategy - Challenge for CredSSP authentication scheme not available
17:41:40.658 [main] DEBUG org.apache.http.impl.client.TargetAuthenticationStrategy - Challenge for Digest authentication scheme not available
17:41:40.658 [main] DEBUG org.apache.http.impl.client.DefaultHttpClient - Selected authentication options: [BASIC [complete=true]]
17:41:40.658 [main] DEBUG org.apache.http.wire -  << "49[\r][\n]"
17:41:40.658 [main] DEBUG org.apache.http.wire -  << "{"jsonrpc":"2.0","error":{"code":401,"message":"Unauthorized"},"id":null}"
17:41:40.658 [main] DEBUG org.apache.http.wire -  << "[\r][\n]"
17:41:40.658 [main] DEBUG org.apache.http.wire -  << "0[\r][\n]"
17:41:40.658 [main] DEBUG org.apache.http.wire -  << "[\r][\n]"
17:41:40.658 [main] DEBUG org.apache.http.client.protocol.RequestAddCookies - CookieSpec selected: ignoreCookies
17:41:40.658 [main] DEBUG org.apache.http.client.protocol.RequestAuthCache - Auth cache not set in the context
17:41:40.658 [main] DEBUG org.apache.http.client.protocol.RequestTargetAuthentication - Target auth state: CHALLENGED
17:41:40.658 [main] DEBUG org.apache.http.client.protocol.RequestTargetAuthentication - Generating response to an authentication challenge using basic scheme
17:41:40.658 [main] DEBUG org.apache.http.client.protocol.RequestProxyAuthentication - Proxy auth state: UNCHALLENGED
17:41:40.658 [main] DEBUG org.apache.http.impl.client.DefaultHttpClient - Attempt 2 to execute request
17:41:40.658 [main] DEBUG org.apache.http.impl.conn.DefaultClientConnection - Sending request: DELETE /jsonrpc.php HTTP/1.1
17:41:40.659 [main] DEBUG org.apache.http.wire -  >> "DELETE /jsonrpc.php HTTP/1.1[\r][\n]"
17:41:40.659 [main] DEBUG org.apache.http.wire -  >> "Accept: */*[\r][\n]"
17:41:40.659 [main] DEBUG org.apache.http.wire -  >> "Content-Type: text/plain; charset=ISO-8859-1[\r][\n]"
17:41:40.659 [main] DEBUG org.apache.http.wire -  >> "Content-Length: 79[\r][\n]"
17:41:40.659 [main] DEBUG org.apache.http.wire -  >> "Host: localhost:81[\r][\n]"
17:41:40.659 [main] DEBUG org.apache.http.wire -  >> "Connection: Keep-Alive[\r][\n]"
17:41:40.659 [main] DEBUG org.apache.http.wire -  >> "User-Agent: Apache-HttpClient/4.5.13 (Java/17)[\r][\n]"
17:41:40.659 [main] DEBUG org.apache.http.wire -  >> "Authorization: Basic a3lyeWxvQVBJVGVzdExvZ2luOmt5cnlsb0FQSVRlc3RQYXNzd29yZA==[\r][\n]"
17:41:40.659 [main] DEBUG org.apache.http.wire -  >> "Accept-Encoding: gzip,deflate[\r][\n]"
17:41:40.659 [main] DEBUG org.apache.http.wire -  >> "[\r][\n]"
17:41:40.659 [main] DEBUG org.apache.http.headers - >> DELETE /jsonrpc.php HTTP/1.1
17:41:40.659 [main] DEBUG org.apache.http.headers - >> Accept: */*
17:41:40.659 [main] DEBUG org.apache.http.headers - >> Content-Type: text/plain; charset=ISO-8859-1
17:41:40.659 [main] DEBUG org.apache.http.headers - >> Content-Length: 79
17:41:40.659 [main] DEBUG org.apache.http.headers - >> Host: localhost:81
17:41:40.659 [main] DEBUG org.apache.http.headers - >> Connection: Keep-Alive
17:41:40.659 [main] DEBUG org.apache.http.headers - >> User-Agent: Apache-HttpClient/4.5.13 (Java/17)
17:41:40.659 [main] DEBUG org.apache.http.headers - >> Authorization: Basic a3lyeWxvQVBJVGVzdExvZ2luOmt5cnlsb0FQSVRlc3RQYXNzd29yZA==
17:41:40.659 [main] DEBUG org.apache.http.headers - >> Accept-Encoding: gzip,deflate
17:41:40.659 [main] DEBUG org.apache.http.wire -  >> "{"jsonrpc":"2.0","method":"removeProject","id":567,"params":{"project_id":241}}"
17:41:40.910 [main] DEBUG org.apache.http.wire -  << "HTTP/1.1 200 OK[\r][\n]"
17:41:40.910 [main] DEBUG org.apache.http.wire -  << "Server: nginx[\r][\n]"
17:41:40.910 [main] DEBUG org.apache.http.wire -  << "Date: Tue, 25 Jul 2023 14:41:40 GMT[\r][\n]"
17:41:40.910 [main] DEBUG org.apache.http.wire -  << "Content-Type: application/json[\r][\n]"
17:41:40.910 [main] DEBUG org.apache.http.wire -  << "Transfer-Encoding: chunked[\r][\n]"
17:41:40.910 [main] DEBUG org.apache.http.wire -  << "Connection: keep-alive[\r][\n]"
17:41:40.910 [main] DEBUG org.apache.http.wire -  << "Vary: Accept-Encoding[\r][\n]"
17:41:40.910 [main] DEBUG org.apache.http.wire -  << "Content-Encoding: gzip[\r][\n]"
17:41:40.910 [main] DEBUG org.apache.http.wire -  << "[\r][\n]"
17:41:40.910 [main] DEBUG org.apache.http.impl.conn.DefaultClientConnection - Receiving response: HTTP/1.1 200 OK
17:41:40.910 [main] DEBUG org.apache.http.headers - << HTTP/1.1 200 OK
17:41:40.910 [main] DEBUG org.apache.http.headers - << Server: nginx
17:41:40.910 [main] DEBUG org.apache.http.headers - << Date: Tue, 25 Jul 2023 14:41:40 GMT
17:41:40.910 [main] DEBUG org.apache.http.headers - << Content-Type: application/json
17:41:40.910 [main] DEBUG org.apache.http.headers - << Transfer-Encoding: chunked
17:41:40.910 [main] DEBUG org.apache.http.headers - << Connection: keep-alive
17:41:40.910 [main] DEBUG org.apache.http.headers - << Vary: Accept-Encoding
17:41:40.910 [main] DEBUG org.apache.http.headers - << Content-Encoding: gzip
17:41:40.910 [main] DEBUG org.apache.http.impl.client.DefaultHttpClient - Connection can be kept alive indefinitely
17:41:40.910 [main] DEBUG org.apache.http.impl.client.DefaultHttpClient - Authentication succeeded
17:41:40.910 [main] DEBUG org.apache.http.impl.client.TargetAuthenticationStrategy - Caching 'basic' auth scheme for http://localhost:81
17:41:40.911 [main] DEBUG io.restassured.internal.RestAssuredHttpBuilder - Parsing response as: application/json
17:41:40.911 [main] DEBUG org.apache.http.wire -  << "3c[\r][\n]"
17:41:40.911 [main] DEBUG org.apache.http.wire -  << "[0x1f][0x8b][0x8][0x0][0x0][0x0][0x0][0x0][0x0][0x3][0xab]V[0xca]*[0xce][0xcf]+*HV[0xb2]R2[0xd2]3P[0xd2]Q*J-.[0xcd])Q[0xb2]*)*M[0xd5]Q[0xca]LQ[0xb2]253[0xaf][0x5][0x0][0xe0][0xd7]6X([0x0][0x0][0x0]"
17:41:40.911 [main] DEBUG org.apache.http.wire -  << "[\r][\n]"
17:41:40.911 [main] DEBUG org.apache.http.wire -  << "0[\r][\n]"
17:41:40.911 [main] DEBUG org.apache.http.wire -  << "[\r][\n]"
17:41:40.911 [main] DEBUG io.restassured.internal.RestAssuredHttpBuilder - Parsed data to instance of: class org.apache.http.conn.EofSensorInputStream
17:41:40.913 [main] DEBUG org.apache.http.impl.conn.BasicClientConnectionManager - Releasing connection org.apache.http.impl.conn.ManagedClientConnectionImpl@755033c5
17:41:40.913 [main] DEBUG org.apache.http.impl.conn.BasicClientConnectionManager - Connection can be kept alive indefinitely
{
    "jsonrpc": "2.0",
    "result": true,
    "id": 567
}
]]></system-out>
  </testcase>
  <testcase name="createTaskValid" classname="API.tests.TaskTest" time="0.669">
    <system-out><![CDATA[Request method:	DELETE
Request URI:	http://localhost:81/jsonrpc.php
Proxy:			<none>
Request params:	<none>
Query params:	<none>
Form params:	<none>
Path params:	<none>
Headers:		Accept=*/*
				Content-Type=text/plain; charset=ISO-8859-1
Cookies:		<none>
Multiparts:		<none>
Body:
{"jsonrpc":"2.0","method":"removeUser","id":234,"params":{"user_id":350}}
17:41:40.944 [main] DEBUG org.apache.http.impl.conn.BasicClientConnectionManager - Get connection for route {}->http://localhost:81
17:41:40.945 [main] DEBUG org.apache.http.impl.conn.DefaultClientConnectionOperator - Connecting to localhost:81
17:41:40.946 [main] DEBUG org.apache.http.client.protocol.RequestAddCookies - CookieSpec selected: ignoreCookies
17:41:40.946 [main] DEBUG org.apache.http.client.protocol.RequestAuthCache - Auth cache not set in the context
17:41:40.946 [main] DEBUG org.apache.http.client.protocol.RequestTargetAuthentication - Target auth state: UNCHALLENGED
17:41:40.946 [main] DEBUG org.apache.http.client.protocol.RequestProxyAuthentication - Proxy auth state: UNCHALLENGED
17:41:40.947 [main] DEBUG org.apache.http.impl.client.DefaultHttpClient - Attempt 1 to execute request
17:41:40.947 [main] DEBUG org.apache.http.impl.conn.DefaultClientConnection - Sending request: DELETE /jsonrpc.php HTTP/1.1
17:41:40.947 [main] DEBUG org.apache.http.wire -  >> "DELETE /jsonrpc.php HTTP/1.1[\r][\n]"
17:41:40.947 [main] DEBUG org.apache.http.wire -  >> "Accept: */*[\r][\n]"
17:41:40.947 [main] DEBUG org.apache.http.wire -  >> "Content-Type: text/plain; charset=ISO-8859-1[\r][\n]"
17:41:40.947 [main] DEBUG org.apache.http.wire -  >> "Content-Length: 73[\r][\n]"
17:41:40.947 [main] DEBUG org.apache.http.wire -  >> "Host: localhost:81[\r][\n]"
17:41:40.947 [main] DEBUG org.apache.http.wire -  >> "Connection: Keep-Alive[\r][\n]"
17:41:40.947 [main] DEBUG org.apache.http.wire -  >> "User-Agent: Apache-HttpClient/4.5.13 (Java/17)[\r][\n]"
17:41:40.947 [main] DEBUG org.apache.http.wire -  >> "Accept-Encoding: gzip,deflate[\r][\n]"
17:41:40.947 [main] DEBUG org.apache.http.wire -  >> "[\r][\n]"
17:41:40.947 [main] DEBUG org.apache.http.headers - >> DELETE /jsonrpc.php HTTP/1.1
17:41:40.947 [main] DEBUG org.apache.http.headers - >> Accept: */*
17:41:40.947 [main] DEBUG org.apache.http.headers - >> Content-Type: text/plain; charset=ISO-8859-1
17:41:40.947 [main] DEBUG org.apache.http.headers - >> Content-Length: 73
17:41:40.947 [main] DEBUG org.apache.http.headers - >> Host: localhost:81
17:41:40.947 [main] DEBUG org.apache.http.headers - >> Connection: Keep-Alive
17:41:40.947 [main] DEBUG org.apache.http.headers - >> User-Agent: Apache-HttpClient/4.5.13 (Java/17)
17:41:40.947 [main] DEBUG org.apache.http.headers - >> Accept-Encoding: gzip,deflate
17:41:40.947 [main] DEBUG org.apache.http.wire -  >> "{"jsonrpc":"2.0","method":"removeUser","id":234,"params":{"user_id":350}}"
17:41:40.961 [main] DEBUG org.apache.http.wire -  << "HTTP/1.1 401 Unauthorized[\r][\n]"
17:41:40.961 [main] DEBUG org.apache.http.wire -  << "Server: nginx[\r][\n]"
17:41:40.961 [main] DEBUG org.apache.http.wire -  << "Date: Tue, 25 Jul 2023 14:41:40 GMT[\r][\n]"
17:41:40.961 [main] DEBUG org.apache.http.wire -  << "Content-Type: application/json[\r][\n]"
17:41:40.961 [main] DEBUG org.apache.http.wire -  << "Transfer-Encoding: chunked[\r][\n]"
17:41:40.961 [main] DEBUG org.apache.http.wire -  << "Connection: keep-alive[\r][\n]"
17:41:40.961 [main] DEBUG org.apache.http.wire -  << "WWW-Authenticate: Basic realm="JsonRPC"[\r][\n]"
17:41:40.961 [main] DEBUG org.apache.http.wire -  << "[\r][\n]"
17:41:40.961 [main] DEBUG org.apache.http.impl.conn.DefaultClientConnection - Receiving response: HTTP/1.1 401 Unauthorized
17:41:40.962 [main] DEBUG org.apache.http.headers - << HTTP/1.1 401 Unauthorized
17:41:40.962 [main] DEBUG org.apache.http.headers - << Server: nginx
17:41:40.962 [main] DEBUG org.apache.http.headers - << Date: Tue, 25 Jul 2023 14:41:40 GMT
17:41:40.962 [main] DEBUG org.apache.http.headers - << Content-Type: application/json
17:41:40.962 [main] DEBUG org.apache.http.headers - << Transfer-Encoding: chunked
17:41:40.962 [main] DEBUG org.apache.http.headers - << Connection: keep-alive
17:41:40.962 [main] DEBUG org.apache.http.headers - << WWW-Authenticate: Basic realm="JsonRPC"
17:41:40.962 [main] DEBUG org.apache.http.impl.client.DefaultHttpClient - Connection can be kept alive indefinitely
17:41:40.962 [main] DEBUG org.apache.http.impl.client.DefaultHttpClient - Authentication required
17:41:40.962 [main] DEBUG org.apache.http.impl.client.DefaultHttpClient - localhost:81 requested authentication
17:41:40.962 [main] DEBUG org.apache.http.impl.client.TargetAuthenticationStrategy - Authentication schemes in the order of preference: [Negotiate, Kerberos, NTLM, CredSSP, Digest, Basic]
17:41:40.962 [main] DEBUG org.apache.http.impl.client.TargetAuthenticationStrategy - Challenge for Negotiate authentication scheme not available
17:41:40.962 [main] DEBUG org.apache.http.impl.client.TargetAuthenticationStrategy - Challenge for Kerberos authentication scheme not available
17:41:40.962 [main] DEBUG org.apache.http.impl.client.TargetAuthenticationStrategy - Challenge for NTLM authentication scheme not available
17:41:40.962 [main] DEBUG org.apache.http.impl.client.TargetAuthenticationStrategy - Challenge for CredSSP authentication scheme not available
17:41:40.962 [main] DEBUG org.apache.http.impl.client.TargetAuthenticationStrategy - Challenge for Digest authentication scheme not available
17:41:40.962 [main] DEBUG org.apache.http.impl.client.DefaultHttpClient - Selected authentication options: [BASIC [complete=true]]
17:41:40.962 [main] DEBUG org.apache.http.wire -  << "49[\r][\n]"
17:41:40.962 [main] DEBUG org.apache.http.wire -  << "{"jsonrpc":"2.0","error":{"code":401,"message":"Unauthorized"},"id":null}"
17:41:40.962 [main] DEBUG org.apache.http.wire -  << "[\r][\n]"
17:41:40.962 [main] DEBUG org.apache.http.wire -  << "0[\r][\n]"
17:41:40.962 [main] DEBUG org.apache.http.wire -  << "[\r][\n]"
17:41:40.963 [main] DEBUG org.apache.http.client.protocol.RequestAddCookies - CookieSpec selected: ignoreCookies
17:41:40.963 [main] DEBUG org.apache.http.client.protocol.RequestAuthCache - Auth cache not set in the context
17:41:40.963 [main] DEBUG org.apache.http.client.protocol.RequestTargetAuthentication - Target auth state: CHALLENGED
17:41:40.963 [main] DEBUG org.apache.http.client.protocol.RequestTargetAuthentication - Generating response to an authentication challenge using basic scheme
17:41:40.963 [main] DEBUG org.apache.http.client.protocol.RequestProxyAuthentication - Proxy auth state: UNCHALLENGED
17:41:40.963 [main] DEBUG org.apache.http.impl.client.DefaultHttpClient - Attempt 2 to execute request
17:41:40.963 [main] DEBUG org.apache.http.impl.conn.DefaultClientConnection - Sending request: DELETE /jsonrpc.php HTTP/1.1
17:41:40.963 [main] DEBUG org.apache.http.wire -  >> "DELETE /jsonrpc.php HTTP/1.1[\r][\n]"
17:41:40.963 [main] DEBUG org.apache.http.wire -  >> "Accept: */*[\r][\n]"
17:41:40.963 [main] DEBUG org.apache.http.wire -  >> "Content-Type: text/plain; charset=ISO-8859-1[\r][\n]"
17:41:40.963 [main] DEBUG org.apache.http.wire -  >> "Content-Length: 73[\r][\n]"
17:41:40.963 [main] DEBUG org.apache.http.wire -  >> "Host: localhost:81[\r][\n]"
17:41:40.963 [main] DEBUG org.apache.http.wire -  >> "Connection: Keep-Alive[\r][\n]"
17:41:40.963 [main] DEBUG org.apache.http.wire -  >> "User-Agent: Apache-HttpClient/4.5.13 (Java/17)[\r][\n]"
17:41:40.963 [main] DEBUG org.apache.http.wire -  >> "Authorization: Basic YWRtaW46YWRtaW4=[\r][\n]"
17:41:40.963 [main] DEBUG org.apache.http.wire -  >> "Accept-Encoding: gzip,deflate[\r][\n]"
17:41:40.963 [main] DEBUG org.apache.http.wire -  >> "[\r][\n]"
17:41:40.963 [main] DEBUG org.apache.http.headers - >> DELETE /jsonrpc.php HTTP/1.1
17:41:40.963 [main] DEBUG org.apache.http.headers - >> Accept: */*
17:41:40.963 [main] DEBUG org.apache.http.headers - >> Content-Type: text/plain; charset=ISO-8859-1
17:41:40.963 [main] DEBUG org.apache.http.headers - >> Content-Length: 73
17:41:40.963 [main] DEBUG org.apache.http.headers - >> Host: localhost:81
17:41:40.963 [main] DEBUG org.apache.http.headers - >> Connection: Keep-Alive
17:41:40.963 [main] DEBUG org.apache.http.headers - >> User-Agent: Apache-HttpClient/4.5.13 (Java/17)
17:41:40.963 [main] DEBUG org.apache.http.headers - >> Authorization: Basic YWRtaW46YWRtaW4=
17:41:40.963 [main] DEBUG org.apache.http.headers - >> Accept-Encoding: gzip,deflate
17:41:40.963 [main] DEBUG org.apache.http.wire -  >> "{"jsonrpc":"2.0","method":"removeUser","id":234,"params":{"user_id":350}}"
17:41:41.106 [main] DEBUG org.apache.http.wire -  << "HTTP/1.1 200 OK[\r][\n]"
17:41:41.106 [main] DEBUG org.apache.http.wire -  << "Server: nginx[\r][\n]"
17:41:41.106 [main] DEBUG org.apache.http.wire -  << "Date: Tue, 25 Jul 2023 14:41:41 GMT[\r][\n]"
17:41:41.106 [main] DEBUG org.apache.http.wire -  << "Content-Type: application/json[\r][\n]"
17:41:41.106 [main] DEBUG org.apache.http.wire -  << "Transfer-Encoding: chunked[\r][\n]"
17:41:41.106 [main] DEBUG org.apache.http.wire -  << "Connection: keep-alive[\r][\n]"
17:41:41.106 [main] DEBUG org.apache.http.wire -  << "Vary: Accept-Encoding[\r][\n]"
17:41:41.106 [main] DEBUG org.apache.http.wire -  << "Content-Encoding: gzip[\r][\n]"
17:41:41.106 [main] DEBUG org.apache.http.wire -  << "[\r][\n]"
17:41:41.106 [main] DEBUG org.apache.http.impl.conn.DefaultClientConnection - Receiving response: HTTP/1.1 200 OK
17:41:41.106 [main] DEBUG org.apache.http.headers - << HTTP/1.1 200 OK
17:41:41.106 [main] DEBUG org.apache.http.headers - << Server: nginx
17:41:41.106 [main] DEBUG org.apache.http.headers - << Date: Tue, 25 Jul 2023 14:41:41 GMT
17:41:41.106 [main] DEBUG org.apache.http.headers - << Content-Type: application/json
17:41:41.106 [main] DEBUG org.apache.http.headers - << Transfer-Encoding: chunked
17:41:41.106 [main] DEBUG org.apache.http.headers - << Connection: keep-alive
17:41:41.106 [main] DEBUG org.apache.http.headers - << Vary: Accept-Encoding
17:41:41.106 [main] DEBUG org.apache.http.headers - << Content-Encoding: gzip
17:41:41.106 [main] DEBUG org.apache.http.impl.client.DefaultHttpClient - Connection can be kept alive indefinitely
17:41:41.106 [main] DEBUG org.apache.http.impl.client.DefaultHttpClient - Authentication succeeded
17:41:41.106 [main] DEBUG org.apache.http.impl.client.TargetAuthenticationStrategy - Caching 'basic' auth scheme for http://localhost:81
17:41:41.107 [main] DEBUG io.restassured.internal.RestAssuredHttpBuilder - Parsing response as: application/json
17:41:41.107 [main] DEBUG org.apache.http.wire -  << "3c[\r][\n]"
17:41:41.107 [main] DEBUG org.apache.http.wire -  << "[0x1f][0x8b][0x8][0x0][0x0][0x0][0x0][0x0][0x0][0x3][0xab]V[0xca]*[0xce][0xcf]+*HV[0xb2]R2[0xd2]3P[0xd2]Q*J-.[0xcd])Q[0xb2]*)*M[0xd5]Q[0xca]LQ[0xb2]226[0xa9][0x5][0x0]q~[0x7][0xe8]([0x0][0x0][0x0]"
17:41:41.107 [main] DEBUG org.apache.http.wire -  << "[\r][\n]"
17:41:41.107 [main] DEBUG org.apache.http.wire -  << "0[\r][\n]"
17:41:41.107 [main] DEBUG org.apache.http.wire -  << "[\r][\n]"
17:41:41.107 [main] DEBUG io.restassured.internal.RestAssuredHttpBuilder - Parsed data to instance of: class org.apache.http.conn.EofSensorInputStream
17:41:41.109 [main] DEBUG org.apache.http.impl.conn.BasicClientConnectionManager - Releasing connection org.apache.http.impl.conn.ManagedClientConnectionImpl@da5b46f
17:41:41.109 [main] DEBUG org.apache.http.impl.conn.BasicClientConnectionManager - Connection can be kept alive indefinitely
{
    "jsonrpc": "2.0",
    "result": true,
    "id": 234
}
Request method:	POST
Request URI:	http://localhost:81/jsonrpc.php
Proxy:			<none>
Request params:	<none>
Query params:	<none>
Form params:	<none>
Path params:	<none>
Headers:		Accept=*/*
				Content-Type=text/plain; charset=ISO-8859-1
Cookies:		<none>
Multiparts:		<none>
Body:
{"jsonrpc":"2.0","method":"createUser","id":123123,"params":{"username":"kyryloAPITestLogin","password":"kyryloAPITestPassword","name":"kyrylo","email":"kyryloAPITest@mail.com","role":"app-manager"}}
17:41:41.134 [main] DEBUG org.apache.http.impl.conn.BasicClientConnectionManager - Get connection for route {}->http://localhost:81
17:41:41.134 [main] DEBUG org.apache.http.impl.conn.DefaultClientConnectionOperator - Connecting to localhost:81
17:41:41.136 [main] DEBUG org.apache.http.client.protocol.RequestAddCookies - CookieSpec selected: ignoreCookies
17:41:41.136 [main] DEBUG org.apache.http.client.protocol.RequestAuthCache - Auth cache not set in the context
17:41:41.136 [main] DEBUG org.apache.http.client.protocol.RequestTargetAuthentication - Target auth state: UNCHALLENGED
17:41:41.136 [main] DEBUG org.apache.http.client.protocol.RequestProxyAuthentication - Proxy auth state: UNCHALLENGED
17:41:41.136 [main] DEBUG org.apache.http.impl.client.DefaultHttpClient - Attempt 1 to execute request
17:41:41.136 [main] DEBUG org.apache.http.impl.conn.DefaultClientConnection - Sending request: POST /jsonrpc.php HTTP/1.1
17:41:41.136 [main] DEBUG org.apache.http.wire -  >> "POST /jsonrpc.php HTTP/1.1[\r][\n]"
17:41:41.136 [main] DEBUG org.apache.http.wire -  >> "Accept: */*[\r][\n]"
17:41:41.136 [main] DEBUG org.apache.http.wire -  >> "Content-Type: text/plain; charset=ISO-8859-1[\r][\n]"
17:41:41.136 [main] DEBUG org.apache.http.wire -  >> "Content-Length: 199[\r][\n]"
17:41:41.136 [main] DEBUG org.apache.http.wire -  >> "Host: localhost:81[\r][\n]"
17:41:41.136 [main] DEBUG org.apache.http.wire -  >> "Connection: Keep-Alive[\r][\n]"
17:41:41.136 [main] DEBUG org.apache.http.wire -  >> "User-Agent: Apache-HttpClient/4.5.13 (Java/17)[\r][\n]"
17:41:41.136 [main] DEBUG org.apache.http.wire -  >> "Accept-Encoding: gzip,deflate[\r][\n]"
17:41:41.136 [main] DEBUG org.apache.http.wire -  >> "[\r][\n]"
17:41:41.136 [main] DEBUG org.apache.http.headers - >> POST /jsonrpc.php HTTP/1.1
17:41:41.136 [main] DEBUG org.apache.http.headers - >> Accept: */*
17:41:41.136 [main] DEBUG org.apache.http.headers - >> Content-Type: text/plain; charset=ISO-8859-1
17:41:41.136 [main] DEBUG org.apache.http.headers - >> Content-Length: 199
17:41:41.136 [main] DEBUG org.apache.http.headers - >> Host: localhost:81
17:41:41.136 [main] DEBUG org.apache.http.headers - >> Connection: Keep-Alive
17:41:41.136 [main] DEBUG org.apache.http.headers - >> User-Agent: Apache-HttpClient/4.5.13 (Java/17)
17:41:41.136 [main] DEBUG org.apache.http.headers - >> Accept-Encoding: gzip,deflate
17:41:41.136 [main] DEBUG org.apache.http.wire -  >> "{"jsonrpc":"2.0","method":"createUser","id":123123,"params":{"username":"kyryloAPITestLogin","password":"kyryloAPITestPassword","name":"kyrylo","email":"kyryloAPITest@mail.com","role":"app-manager"}}"
17:41:41.150 [main] DEBUG org.apache.http.wire -  << "HTTP/1.1 401 Unauthorized[\r][\n]"
17:41:41.150 [main] DEBUG org.apache.http.wire -  << "Server: nginx[\r][\n]"
17:41:41.150 [main] DEBUG org.apache.http.wire -  << "Date: Tue, 25 Jul 2023 14:41:41 GMT[\r][\n]"
17:41:41.150 [main] DEBUG org.apache.http.wire -  << "Content-Type: application/json[\r][\n]"
17:41:41.150 [main] DEBUG org.apache.http.wire -  << "Transfer-Encoding: chunked[\r][\n]"
17:41:41.150 [main] DEBUG org.apache.http.wire -  << "Connection: keep-alive[\r][\n]"
17:41:41.150 [main] DEBUG org.apache.http.wire -  << "WWW-Authenticate: Basic realm="JsonRPC"[\r][\n]"
17:41:41.150 [main] DEBUG org.apache.http.wire -  << "[\r][\n]"
17:41:41.150 [main] DEBUG org.apache.http.impl.conn.DefaultClientConnection - Receiving response: HTTP/1.1 401 Unauthorized
17:41:41.150 [main] DEBUG org.apache.http.headers - << HTTP/1.1 401 Unauthorized
17:41:41.150 [main] DEBUG org.apache.http.headers - << Server: nginx
17:41:41.150 [main] DEBUG org.apache.http.headers - << Date: Tue, 25 Jul 2023 14:41:41 GMT
17:41:41.150 [main] DEBUG org.apache.http.headers - << Content-Type: application/json
17:41:41.150 [main] DEBUG org.apache.http.headers - << Transfer-Encoding: chunked
17:41:41.150 [main] DEBUG org.apache.http.headers - << Connection: keep-alive
17:41:41.150 [main] DEBUG org.apache.http.headers - << WWW-Authenticate: Basic realm="JsonRPC"
17:41:41.151 [main] DEBUG org.apache.http.impl.client.DefaultHttpClient - Connection can be kept alive indefinitely
17:41:41.151 [main] DEBUG org.apache.http.impl.client.DefaultHttpClient - Authentication required
17:41:41.151 [main] DEBUG org.apache.http.impl.client.DefaultHttpClient - localhost:81 requested authentication
17:41:41.151 [main] DEBUG org.apache.http.impl.client.TargetAuthenticationStrategy - Authentication schemes in the order of preference: [Negotiate, Kerberos, NTLM, CredSSP, Digest, Basic]
17:41:41.151 [main] DEBUG org.apache.http.impl.client.TargetAuthenticationStrategy - Challenge for Negotiate authentication scheme not available
17:41:41.151 [main] DEBUG org.apache.http.impl.client.TargetAuthenticationStrategy - Challenge for Kerberos authentication scheme not available
17:41:41.151 [main] DEBUG org.apache.http.impl.client.TargetAuthenticationStrategy - Challenge for NTLM authentication scheme not available
17:41:41.151 [main] DEBUG org.apache.http.impl.client.TargetAuthenticationStrategy - Challenge for CredSSP authentication scheme not available
17:41:41.151 [main] DEBUG org.apache.http.impl.client.TargetAuthenticationStrategy - Challenge for Digest authentication scheme not available
17:41:41.151 [main] DEBUG org.apache.http.impl.client.DefaultHttpClient - Selected authentication options: [BASIC [complete=true]]
17:41:41.151 [main] DEBUG org.apache.http.wire -  << "49[\r][\n]"
17:41:41.151 [main] DEBUG org.apache.http.wire -  << "{"jsonrpc":"2.0","error":{"code":401,"message":"Unauthorized"},"id":null}"
17:41:41.151 [main] DEBUG org.apache.http.wire -  << "[\r][\n]"
17:41:41.151 [main] DEBUG org.apache.http.wire -  << "0[\r][\n]"
17:41:41.151 [main] DEBUG org.apache.http.wire -  << "[\r][\n]"
17:41:41.151 [main] DEBUG org.apache.http.client.protocol.RequestAddCookies - CookieSpec selected: ignoreCookies
17:41:41.151 [main] DEBUG org.apache.http.client.protocol.RequestAuthCache - Auth cache not set in the context
17:41:41.151 [main] DEBUG org.apache.http.client.protocol.RequestTargetAuthentication - Target auth state: CHALLENGED
17:41:41.151 [main] DEBUG org.apache.http.client.protocol.RequestTargetAuthentication - Generating response to an authentication challenge using basic scheme
17:41:41.151 [main] DEBUG org.apache.http.client.protocol.RequestProxyAuthentication - Proxy auth state: UNCHALLENGED
17:41:41.151 [main] DEBUG org.apache.http.impl.client.DefaultHttpClient - Attempt 2 to execute request
17:41:41.151 [main] DEBUG org.apache.http.impl.conn.DefaultClientConnection - Sending request: POST /jsonrpc.php HTTP/1.1
17:41:41.151 [main] DEBUG org.apache.http.wire -  >> "POST /jsonrpc.php HTTP/1.1[\r][\n]"
17:41:41.152 [main] DEBUG org.apache.http.wire -  >> "Accept: */*[\r][\n]"
17:41:41.152 [main] DEBUG org.apache.http.wire -  >> "Content-Type: text/plain; charset=ISO-8859-1[\r][\n]"
17:41:41.152 [main] DEBUG org.apache.http.wire -  >> "Content-Length: 199[\r][\n]"
17:41:41.152 [main] DEBUG org.apache.http.wire -  >> "Host: localhost:81[\r][\n]"
17:41:41.152 [main] DEBUG org.apache.http.wire -  >> "Connection: Keep-Alive[\r][\n]"
17:41:41.152 [main] DEBUG org.apache.http.wire -  >> "User-Agent: Apache-HttpClient/4.5.13 (Java/17)[\r][\n]"
17:41:41.152 [main] DEBUG org.apache.http.wire -  >> "Authorization: Basic YWRtaW46YWRtaW4=[\r][\n]"
17:41:41.152 [main] DEBUG org.apache.http.wire -  >> "Accept-Encoding: gzip,deflate[\r][\n]"
17:41:41.152 [main] DEBUG org.apache.http.wire -  >> "[\r][\n]"
17:41:41.152 [main] DEBUG org.apache.http.headers - >> POST /jsonrpc.php HTTP/1.1
17:41:41.152 [main] DEBUG org.apache.http.headers - >> Accept: */*
17:41:41.152 [main] DEBUG org.apache.http.headers - >> Content-Type: text/plain; charset=ISO-8859-1
17:41:41.152 [main] DEBUG org.apache.http.headers - >> Content-Length: 199
17:41:41.152 [main] DEBUG org.apache.http.headers - >> Host: localhost:81
17:41:41.152 [main] DEBUG org.apache.http.headers - >> Connection: Keep-Alive
17:41:41.152 [main] DEBUG org.apache.http.headers - >> User-Agent: Apache-HttpClient/4.5.13 (Java/17)
17:41:41.152 [main] DEBUG org.apache.http.headers - >> Authorization: Basic YWRtaW46YWRtaW4=
17:41:41.152 [main] DEBUG org.apache.http.headers - >> Accept-Encoding: gzip,deflate
17:41:41.152 [main] DEBUG org.apache.http.wire -  >> "{"jsonrpc":"2.0","method":"createUser","id":123123,"params":{"username":"kyryloAPITestLogin","password":"kyryloAPITestPassword","name":"kyrylo","email":"kyryloAPITest@mail.com","role":"app-manager"}}"
17:41:41.361 [main] DEBUG org.apache.http.wire -  << "HTTP/1.1 200 OK[\r][\n]"
17:41:41.361 [main] DEBUG org.apache.http.wire -  << "Server: nginx[\r][\n]"
17:41:41.361 [main] DEBUG org.apache.http.wire -  << "Date: Tue, 25 Jul 2023 14:41:41 GMT[\r][\n]"
17:41:41.361 [main] DEBUG org.apache.http.wire -  << "Content-Type: application/json[\r][\n]"
17:41:41.361 [main] DEBUG org.apache.http.wire -  << "Transfer-Encoding: chunked[\r][\n]"
17:41:41.361 [main] DEBUG org.apache.http.wire -  << "Connection: keep-alive[\r][\n]"
17:41:41.361 [main] DEBUG org.apache.http.wire -  << "Vary: Accept-Encoding[\r][\n]"
17:41:41.361 [main] DEBUG org.apache.http.wire -  << "Content-Encoding: gzip[\r][\n]"
17:41:41.361 [main] DEBUG org.apache.http.wire -  << "[\r][\n]"
17:41:41.362 [main] DEBUG org.apache.http.impl.conn.DefaultClientConnection - Receiving response: HTTP/1.1 200 OK
17:41:41.362 [main] DEBUG org.apache.http.headers - << HTTP/1.1 200 OK
17:41:41.362 [main] DEBUG org.apache.http.headers - << Server: nginx
17:41:41.362 [main] DEBUG org.apache.http.headers - << Date: Tue, 25 Jul 2023 14:41:41 GMT
17:41:41.362 [main] DEBUG org.apache.http.headers - << Content-Type: application/json
17:41:41.362 [main] DEBUG org.apache.http.headers - << Transfer-Encoding: chunked
17:41:41.362 [main] DEBUG org.apache.http.headers - << Connection: keep-alive
17:41:41.362 [main] DEBUG org.apache.http.headers - << Vary: Accept-Encoding
17:41:41.362 [main] DEBUG org.apache.http.headers - << Content-Encoding: gzip
17:41:41.362 [main] DEBUG org.apache.http.impl.client.DefaultHttpClient - Connection can be kept alive indefinitely
17:41:41.362 [main] DEBUG org.apache.http.impl.client.DefaultHttpClient - Authentication succeeded
17:41:41.362 [main] DEBUG org.apache.http.impl.client.TargetAuthenticationStrategy - Caching 'basic' auth scheme for http://localhost:81
17:41:41.362 [main] DEBUG io.restassured.internal.RestAssuredHttpBuilder - Parsing response as: application/json
17:41:41.362 [main] DEBUG org.apache.http.wire -  << "3c[\r][\n]"
17:41:41.362 [main] DEBUG org.apache.http.wire -  << "[0x1f][0x8b][0x8][0x0][0x0][0x0][0x0][0x0][0x0][0x3][0xab]V[0xca]*[0xce][0xcf]+*HV[0xb2]R2[0xd2]3P[0xd2]Q*J-.[0xcd])Q[0xb2]265[0xd4]Q[0xca]LQ[0xb2]242[0x6][0xa2]Z[0x0][0xa7][0xe7][0x80]_*[0x0][0x0][0x0]"
17:41:41.362 [main] DEBUG org.apache.http.wire -  << "[\r][\n]"
17:41:41.362 [main] DEBUG org.apache.http.wire -  << "0[\r][\n]"
17:41:41.362 [main] DEBUG org.apache.http.wire -  << "[\r][\n]"
17:41:41.363 [main] DEBUG io.restassured.internal.RestAssuredHttpBuilder - Parsed data to instance of: class org.apache.http.conn.EofSensorInputStream
17:41:41.363 [main] DEBUG org.apache.http.impl.conn.BasicClientConnectionManager - Releasing connection org.apache.http.impl.conn.ManagedClientConnectionImpl@5cb32140
17:41:41.363 [main] DEBUG org.apache.http.impl.conn.BasicClientConnectionManager - Connection can be kept alive indefinitely
{
    "jsonrpc": "2.0",
    "result": 351,
    "id": 123123
}
Request method:	POST
Request URI:	http://localhost:81/jsonrpc.php
Proxy:			<none>
Request params:	<none>
Query params:	<none>
Form params:	<none>
Path params:	<none>
Headers:		Accept=*/*
				Content-Type=text/plain; charset=ISO-8859-1
Cookies:		<none>
Multiparts:		<none>
Body:
{"jsonrpc":"2.0","method":"createProject","id":345,"params":{"name":"API_Project","description":"API_Project Description","owner_id":351}}
17:41:41.380 [main] DEBUG org.apache.http.impl.conn.BasicClientConnectionManager - Get connection for route {}->http://localhost:81
17:41:41.380 [main] DEBUG org.apache.http.impl.conn.DefaultClientConnectionOperator - Connecting to localhost:81
17:41:41.380 [main] DEBUG org.apache.http.client.protocol.RequestAddCookies - CookieSpec selected: ignoreCookies
17:41:41.381 [main] DEBUG org.apache.http.client.protocol.RequestAuthCache - Auth cache not set in the context
17:41:41.381 [main] DEBUG org.apache.http.client.protocol.RequestTargetAuthentication - Target auth state: UNCHALLENGED
17:41:41.381 [main] DEBUG org.apache.http.client.protocol.RequestProxyAuthentication - Proxy auth state: UNCHALLENGED
17:41:41.381 [main] DEBUG org.apache.http.impl.client.DefaultHttpClient - Attempt 1 to execute request
17:41:41.381 [main] DEBUG org.apache.http.impl.conn.DefaultClientConnection - Sending request: POST /jsonrpc.php HTTP/1.1
17:41:41.381 [main] DEBUG org.apache.http.wire -  >> "POST /jsonrpc.php HTTP/1.1[\r][\n]"
17:41:41.381 [main] DEBUG org.apache.http.wire -  >> "Accept: */*[\r][\n]"
17:41:41.381 [main] DEBUG org.apache.http.wire -  >> "Content-Type: text/plain; charset=ISO-8859-1[\r][\n]"
17:41:41.381 [main] DEBUG org.apache.http.wire -  >> "Content-Length: 138[\r][\n]"
17:41:41.381 [main] DEBUG org.apache.http.wire -  >> "Host: localhost:81[\r][\n]"
17:41:41.381 [main] DEBUG org.apache.http.wire -  >> "Connection: Keep-Alive[\r][\n]"
17:41:41.381 [main] DEBUG org.apache.http.wire -  >> "User-Agent: Apache-HttpClient/4.5.13 (Java/17)[\r][\n]"
17:41:41.381 [main] DEBUG org.apache.http.wire -  >> "Accept-Encoding: gzip,deflate[\r][\n]"
17:41:41.381 [main] DEBUG org.apache.http.wire -  >> "[\r][\n]"
17:41:41.381 [main] DEBUG org.apache.http.headers - >> POST /jsonrpc.php HTTP/1.1
17:41:41.381 [main] DEBUG org.apache.http.headers - >> Accept: */*
17:41:41.381 [main] DEBUG org.apache.http.headers - >> Content-Type: text/plain; charset=ISO-8859-1
17:41:41.381 [main] DEBUG org.apache.http.headers - >> Content-Length: 138
17:41:41.381 [main] DEBUG org.apache.http.headers - >> Host: localhost:81
17:41:41.381 [main] DEBUG org.apache.http.headers - >> Connection: Keep-Alive
17:41:41.381 [main] DEBUG org.apache.http.headers - >> User-Agent: Apache-HttpClient/4.5.13 (Java/17)
17:41:41.381 [main] DEBUG org.apache.http.headers - >> Accept-Encoding: gzip,deflate
17:41:41.381 [main] DEBUG org.apache.http.wire -  >> "{"jsonrpc":"2.0","method":"createProject","id":345,"params":{"name":"API_Project","description":"API_Project Description","owner_id":351}}"
17:41:41.390 [main] DEBUG org.apache.http.wire -  << "HTTP/1.1 401 Unauthorized[\r][\n]"
17:41:41.390 [main] DEBUG org.apache.http.wire -  << "Server: nginx[\r][\n]"
17:41:41.390 [main] DEBUG org.apache.http.wire -  << "Date: Tue, 25 Jul 2023 14:41:41 GMT[\r][\n]"
17:41:41.390 [main] DEBUG org.apache.http.wire -  << "Content-Type: application/json[\r][\n]"
17:41:41.390 [main] DEBUG org.apache.http.wire -  << "Transfer-Encoding: chunked[\r][\n]"
17:41:41.390 [main] DEBUG org.apache.http.wire -  << "Connection: keep-alive[\r][\n]"
17:41:41.390 [main] DEBUG org.apache.http.wire -  << "WWW-Authenticate: Basic realm="JsonRPC"[\r][\n]"
17:41:41.390 [main] DEBUG org.apache.http.wire -  << "[\r][\n]"
17:41:41.390 [main] DEBUG org.apache.http.impl.conn.DefaultClientConnection - Receiving response: HTTP/1.1 401 Unauthorized
17:41:41.390 [main] DEBUG org.apache.http.headers - << HTTP/1.1 401 Unauthorized
17:41:41.390 [main] DEBUG org.apache.http.headers - << Server: nginx
17:41:41.390 [main] DEBUG org.apache.http.headers - << Date: Tue, 25 Jul 2023 14:41:41 GMT
17:41:41.390 [main] DEBUG org.apache.http.headers - << Content-Type: application/json
17:41:41.390 [main] DEBUG org.apache.http.headers - << Transfer-Encoding: chunked
17:41:41.391 [main] DEBUG org.apache.http.headers - << Connection: keep-alive
17:41:41.391 [main] DEBUG org.apache.http.headers - << WWW-Authenticate: Basic realm="JsonRPC"
17:41:41.391 [main] DEBUG org.apache.http.impl.client.DefaultHttpClient - Connection can be kept alive indefinitely
17:41:41.391 [main] DEBUG org.apache.http.impl.client.DefaultHttpClient - Authentication required
17:41:41.391 [main] DEBUG org.apache.http.impl.client.DefaultHttpClient - localhost:81 requested authentication
17:41:41.391 [main] DEBUG org.apache.http.impl.client.TargetAuthenticationStrategy - Authentication schemes in the order of preference: [Negotiate, Kerberos, NTLM, CredSSP, Digest, Basic]
17:41:41.391 [main] DEBUG org.apache.http.impl.client.TargetAuthenticationStrategy - Challenge for Negotiate authentication scheme not available
17:41:41.391 [main] DEBUG org.apache.http.impl.client.TargetAuthenticationStrategy - Challenge for Kerberos authentication scheme not available
17:41:41.391 [main] DEBUG org.apache.http.impl.client.TargetAuthenticationStrategy - Challenge for NTLM authentication scheme not available
17:41:41.391 [main] DEBUG org.apache.http.impl.client.TargetAuthenticationStrategy - Challenge for CredSSP authentication scheme not available
17:41:41.391 [main] DEBUG org.apache.http.impl.client.TargetAuthenticationStrategy - Challenge for Digest authentication scheme not available
17:41:41.391 [main] DEBUG org.apache.http.impl.client.DefaultHttpClient - Selected authentication options: [BASIC [complete=true]]
17:41:41.391 [main] DEBUG org.apache.http.wire -  << "49[\r][\n]"
17:41:41.391 [main] DEBUG org.apache.http.wire -  << "{"jsonrpc":"2.0","error":{"code":401,"message":"Unauthorized"},"id":null}"
17:41:41.391 [main] DEBUG org.apache.http.wire -  << "[\r][\n]"
17:41:41.391 [main] DEBUG org.apache.http.wire -  << "0[\r][\n]"
17:41:41.391 [main] DEBUG org.apache.http.wire -  << "[\r][\n]"
17:41:41.391 [main] DEBUG org.apache.http.client.protocol.RequestAddCookies - CookieSpec selected: ignoreCookies
17:41:41.391 [main] DEBUG org.apache.http.client.protocol.RequestAuthCache - Auth cache not set in the context
17:41:41.391 [main] DEBUG org.apache.http.client.protocol.RequestTargetAuthentication - Target auth state: CHALLENGED
17:41:41.391 [main] DEBUG org.apache.http.client.protocol.RequestTargetAuthentication - Generating response to an authentication challenge using basic scheme
17:41:41.391 [main] DEBUG org.apache.http.client.protocol.RequestProxyAuthentication - Proxy auth state: UNCHALLENGED
17:41:41.391 [main] DEBUG org.apache.http.impl.client.DefaultHttpClient - Attempt 2 to execute request
17:41:41.391 [main] DEBUG org.apache.http.impl.conn.DefaultClientConnection - Sending request: POST /jsonrpc.php HTTP/1.1
17:41:41.391 [main] DEBUG org.apache.http.wire -  >> "POST /jsonrpc.php HTTP/1.1[\r][\n]"
17:41:41.391 [main] DEBUG org.apache.http.wire -  >> "Accept: */*[\r][\n]"
17:41:41.391 [main] DEBUG org.apache.http.wire -  >> "Content-Type: text/plain; charset=ISO-8859-1[\r][\n]"
17:41:41.391 [main] DEBUG org.apache.http.wire -  >> "Content-Length: 138[\r][\n]"
17:41:41.391 [main] DEBUG org.apache.http.wire -  >> "Host: localhost:81[\r][\n]"
17:41:41.391 [main] DEBUG org.apache.http.wire -  >> "Connection: Keep-Alive[\r][\n]"
17:41:41.391 [main] DEBUG org.apache.http.wire -  >> "User-Agent: Apache-HttpClient/4.5.13 (Java/17)[\r][\n]"
17:41:41.391 [main] DEBUG org.apache.http.wire -  >> "Authorization: Basic a3lyeWxvQVBJVGVzdExvZ2luOmt5cnlsb0FQSVRlc3RQYXNzd29yZA==[\r][\n]"
17:41:41.391 [main] DEBUG org.apache.http.wire -  >> "Accept-Encoding: gzip,deflate[\r][\n]"
17:41:41.391 [main] DEBUG org.apache.http.wire -  >> "[\r][\n]"
17:41:41.391 [main] DEBUG org.apache.http.headers - >> POST /jsonrpc.php HTTP/1.1
17:41:41.391 [main] DEBUG org.apache.http.headers - >> Accept: */*
17:41:41.391 [main] DEBUG org.apache.http.headers - >> Content-Type: text/plain; charset=ISO-8859-1
17:41:41.391 [main] DEBUG org.apache.http.headers - >> Content-Length: 138
17:41:41.391 [main] DEBUG org.apache.http.headers - >> Host: localhost:81
17:41:41.391 [main] DEBUG org.apache.http.headers - >> Connection: Keep-Alive
17:41:41.391 [main] DEBUG org.apache.http.headers - >> User-Agent: Apache-HttpClient/4.5.13 (Java/17)
17:41:41.391 [main] DEBUG org.apache.http.headers - >> Authorization: Basic a3lyeWxvQVBJVGVzdExvZ2luOmt5cnlsb0FQSVRlc3RQYXNzd29yZA==
17:41:41.391 [main] DEBUG org.apache.http.headers - >> Accept-Encoding: gzip,deflate
17:41:41.391 [main] DEBUG org.apache.http.wire -  >> "{"jsonrpc":"2.0","method":"createProject","id":345,"params":{"name":"API_Project","description":"API_Project Description","owner_id":351}}"
17:41:41.566 [main] DEBUG org.apache.http.wire -  << "HTTP/1.1 200 OK[\r][\n]"
17:41:41.566 [main] DEBUG org.apache.http.wire -  << "Server: nginx[\r][\n]"
17:41:41.566 [main] DEBUG org.apache.http.wire -  << "Date: Tue, 25 Jul 2023 14:41:41 GMT[\r][\n]"
17:41:41.566 [main] DEBUG org.apache.http.wire -  << "Content-Type: application/json[\r][\n]"
17:41:41.566 [main] DEBUG org.apache.http.wire -  << "Transfer-Encoding: chunked[\r][\n]"
17:41:41.567 [main] DEBUG org.apache.http.wire -  << "Connection: keep-alive[\r][\n]"
17:41:41.567 [main] DEBUG org.apache.http.wire -  << "Vary: Accept-Encoding[\r][\n]"
17:41:41.567 [main] DEBUG org.apache.http.wire -  << "Content-Encoding: gzip[\r][\n]"
17:41:41.567 [main] DEBUG org.apache.http.wire -  << "[\r][\n]"
17:41:41.567 [main] DEBUG org.apache.http.impl.conn.DefaultClientConnection - Receiving response: HTTP/1.1 200 OK
17:41:41.567 [main] DEBUG org.apache.http.headers - << HTTP/1.1 200 OK
17:41:41.567 [main] DEBUG org.apache.http.headers - << Server: nginx
17:41:41.567 [main] DEBUG org.apache.http.headers - << Date: Tue, 25 Jul 2023 14:41:41 GMT
17:41:41.567 [main] DEBUG org.apache.http.headers - << Content-Type: application/json
17:41:41.567 [main] DEBUG org.apache.http.headers - << Transfer-Encoding: chunked
17:41:41.567 [main] DEBUG org.apache.http.headers - << Connection: keep-alive
17:41:41.567 [main] DEBUG org.apache.http.headers - << Vary: Accept-Encoding
17:41:41.567 [main] DEBUG org.apache.http.headers - << Content-Encoding: gzip
17:41:41.567 [main] DEBUG org.apache.http.impl.client.DefaultHttpClient - Connection can be kept alive indefinitely
17:41:41.567 [main] DEBUG org.apache.http.impl.client.DefaultHttpClient - Authentication succeeded
17:41:41.567 [main] DEBUG org.apache.http.impl.client.TargetAuthenticationStrategy - Caching 'basic' auth scheme for http://localhost:81
17:41:41.567 [main] DEBUG io.restassured.internal.RestAssuredHttpBuilder - Parsing response as: application/json
17:41:41.567 [main] DEBUG org.apache.http.wire -  << "3b[\r][\n]"
17:41:41.567 [main] DEBUG org.apache.http.wire -  << "[0x1f][0x8b][0x8][0x0][0x0][0x0][0x0][0x0][0x0][0x3][0xab]V[0xca]*[0xce][0xcf]+*HV[0xb2]R2[0xd2]3P[0xd2]Q*J-.[0xcd])Q[0xb2]221[0xd2]Q[0xca]LQ[0xb2]261[0xad][0x5][0x0]-r[0x86][0x9b]'[0x0][0x0][0x0]"
17:41:41.567 [main] DEBUG org.apache.http.wire -  << "[\r][\n]"
17:41:41.567 [main] DEBUG org.apache.http.wire -  << "0[\r][\n]"
17:41:41.567 [main] DEBUG org.apache.http.wire -  << "[\r][\n]"
17:41:41.567 [main] DEBUG io.restassured.internal.RestAssuredHttpBuilder - Parsed data to instance of: class org.apache.http.conn.EofSensorInputStream
17:41:41.569 [main] DEBUG org.apache.http.impl.conn.BasicClientConnectionManager - Releasing connection org.apache.http.impl.conn.ManagedClientConnectionImpl@1e12fdcf
17:41:41.569 [main] DEBUG org.apache.http.impl.conn.BasicClientConnectionManager - Connection can be kept alive indefinitely
{
    "jsonrpc": "2.0",
    "result": 242,
    "id": 345
}
Request method:	POST
Request URI:	http://localhost:81/jsonrpc.php
Proxy:			<none>
Request params:	<none>
Query params:	<none>
Form params:	<none>
Path params:	<none>
Headers:		Accept=*/*
				Content-Type=text/plain; charset=ISO-8859-1
Cookies:		<none>
Multiparts:		<none>
Body:
{"jsonrpc":"2.0","method":"createTask","id":678,"params":{"title":"API_TASK","description":"API_DESCRIPTION","color_id":"green","owner_id":351,"column_id":54,"priority":1,"project_id":242}}
17:41:41.618 [main] DEBUG org.apache.http.impl.conn.BasicClientConnectionManager - Get connection for route {}->http://localhost:81
17:41:41.618 [main] DEBUG org.apache.http.impl.conn.DefaultClientConnectionOperator - Connecting to localhost:81
17:41:41.619 [main] DEBUG org.apache.http.client.protocol.RequestAddCookies - CookieSpec selected: ignoreCookies
17:41:41.619 [main] DEBUG org.apache.http.client.protocol.RequestAuthCache - Auth cache not set in the context
17:41:41.619 [main] DEBUG org.apache.http.client.protocol.RequestTargetAuthentication - Target auth state: UNCHALLENGED
17:41:41.619 [main] DEBUG org.apache.http.client.protocol.RequestProxyAuthentication - Proxy auth state: UNCHALLENGED
17:41:41.619 [main] DEBUG org.apache.http.impl.client.DefaultHttpClient - Attempt 1 to execute request
17:41:41.619 [main] DEBUG org.apache.http.impl.conn.DefaultClientConnection - Sending request: POST /jsonrpc.php HTTP/1.1
17:41:41.619 [main] DEBUG org.apache.http.wire -  >> "POST /jsonrpc.php HTTP/1.1[\r][\n]"
17:41:41.619 [main] DEBUG org.apache.http.wire -  >> "Accept: */*[\r][\n]"
17:41:41.619 [main] DEBUG org.apache.http.wire -  >> "Content-Type: text/plain; charset=ISO-8859-1[\r][\n]"
17:41:41.619 [main] DEBUG org.apache.http.wire -  >> "Content-Length: 189[\r][\n]"
17:41:41.619 [main] DEBUG org.apache.http.wire -  >> "Host: localhost:81[\r][\n]"
17:41:41.619 [main] DEBUG org.apache.http.wire -  >> "Connection: Keep-Alive[\r][\n]"
17:41:41.619 [main] DEBUG org.apache.http.wire -  >> "User-Agent: Apache-HttpClient/4.5.13 (Java/17)[\r][\n]"
17:41:41.619 [main] DEBUG org.apache.http.wire -  >> "Accept-Encoding: gzip,deflate[\r][\n]"
17:41:41.619 [main] DEBUG org.apache.http.wire -  >> "[\r][\n]"
17:41:41.619 [main] DEBUG org.apache.http.headers - >> POST /jsonrpc.php HTTP/1.1
17:41:41.619 [main] DEBUG org.apache.http.headers - >> Accept: */*
17:41:41.619 [main] DEBUG org.apache.http.headers - >> Content-Type: text/plain; charset=ISO-8859-1
17:41:41.619 [main] DEBUG org.apache.http.headers - >> Content-Length: 189
17:41:41.619 [main] DEBUG org.apache.http.headers - >> Host: localhost:81
17:41:41.619 [main] DEBUG org.apache.http.headers - >> Connection: Keep-Alive
17:41:41.619 [main] DEBUG org.apache.http.headers - >> User-Agent: Apache-HttpClient/4.5.13 (Java/17)
17:41:41.619 [main] DEBUG org.apache.http.headers - >> Accept-Encoding: gzip,deflate
17:41:41.619 [main] DEBUG org.apache.http.wire -  >> "{"jsonrpc":"2.0","method":"createTask","id":678,"params":{"title":"API_TASK","description":"API_DESCRIPTION","color_id":"green","owner_id":351,"column_id":54,"priority":1,"project_id":242}}"
17:41:41.630 [main] DEBUG org.apache.http.wire -  << "HTTP/1.1 401 Unauthorized[\r][\n]"
17:41:41.630 [main] DEBUG org.apache.http.wire -  << "Server: nginx[\r][\n]"
17:41:41.630 [main] DEBUG org.apache.http.wire -  << "Date: Tue, 25 Jul 2023 14:41:41 GMT[\r][\n]"
17:41:41.630 [main] DEBUG org.apache.http.wire -  << "Content-Type: application/json[\r][\n]"
17:41:41.630 [main] DEBUG org.apache.http.wire -  << "Transfer-Encoding: chunked[\r][\n]"
17:41:41.630 [main] DEBUG org.apache.http.wire -  << "Connection: keep-alive[\r][\n]"
17:41:41.630 [main] DEBUG org.apache.http.wire -  << "WWW-Authenticate: Basic realm="JsonRPC"[\r][\n]"
17:41:41.630 [main] DEBUG org.apache.http.wire -  << "[\r][\n]"
17:41:41.630 [main] DEBUG org.apache.http.impl.conn.DefaultClientConnection - Receiving response: HTTP/1.1 401 Unauthorized
17:41:41.630 [main] DEBUG org.apache.http.headers - << HTTP/1.1 401 Unauthorized
17:41:41.630 [main] DEBUG org.apache.http.headers - << Server: nginx
17:41:41.630 [main] DEBUG org.apache.http.headers - << Date: Tue, 25 Jul 2023 14:41:41 GMT
17:41:41.630 [main] DEBUG org.apache.http.headers - << Content-Type: application/json
17:41:41.630 [main] DEBUG org.apache.http.headers - << Transfer-Encoding: chunked
17:41:41.630 [main] DEBUG org.apache.http.headers - << Connection: keep-alive
17:41:41.630 [main] DEBUG org.apache.http.headers - << WWW-Authenticate: Basic realm="JsonRPC"
17:41:41.630 [main] DEBUG org.apache.http.impl.client.DefaultHttpClient - Connection can be kept alive indefinitely
17:41:41.630 [main] DEBUG org.apache.http.impl.client.DefaultHttpClient - Authentication required
17:41:41.630 [main] DEBUG org.apache.http.impl.client.DefaultHttpClient - localhost:81 requested authentication
17:41:41.630 [main] DEBUG org.apache.http.impl.client.TargetAuthenticationStrategy - Authentication schemes in the order of preference: [Negotiate, Kerberos, NTLM, CredSSP, Digest, Basic]
17:41:41.630 [main] DEBUG org.apache.http.impl.client.TargetAuthenticationStrategy - Challenge for Negotiate authentication scheme not available
17:41:41.630 [main] DEBUG org.apache.http.impl.client.TargetAuthenticationStrategy - Challenge for Kerberos authentication scheme not available
17:41:41.630 [main] DEBUG org.apache.http.impl.client.TargetAuthenticationStrategy - Challenge for NTLM authentication scheme not available
17:41:41.630 [main] DEBUG org.apache.http.impl.client.TargetAuthenticationStrategy - Challenge for CredSSP authentication scheme not available
17:41:41.630 [main] DEBUG org.apache.http.impl.client.TargetAuthenticationStrategy - Challenge for Digest authentication scheme not available
17:41:41.630 [main] DEBUG org.apache.http.impl.client.DefaultHttpClient - Selected authentication options: [BASIC [complete=true]]
17:41:41.630 [main] DEBUG org.apache.http.wire -  << "49[\r][\n]"
17:41:41.630 [main] DEBUG org.apache.http.wire -  << "{"jsonrpc":"2.0","error":{"code":401,"message":"Unauthorized"},"id":null}"
17:41:41.630 [main] DEBUG org.apache.http.wire -  << "[\r][\n]"
17:41:41.630 [main] DEBUG org.apache.http.wire -  << "0[\r][\n]"
17:41:41.630 [main] DEBUG org.apache.http.wire -  << "[\r][\n]"
17:41:41.630 [main] DEBUG org.apache.http.client.protocol.RequestAddCookies - CookieSpec selected: ignoreCookies
17:41:41.630 [main] DEBUG org.apache.http.client.protocol.RequestAuthCache - Auth cache not set in the context
17:41:41.630 [main] DEBUG org.apache.http.client.protocol.RequestTargetAuthentication - Target auth state: CHALLENGED
17:41:41.630 [main] DEBUG org.apache.http.client.protocol.RequestTargetAuthentication - Generating response to an authentication challenge using basic scheme
17:41:41.630 [main] DEBUG org.apache.http.client.protocol.RequestProxyAuthentication - Proxy auth state: UNCHALLENGED
17:41:41.631 [main] DEBUG org.apache.http.impl.client.DefaultHttpClient - Attempt 2 to execute request
17:41:41.631 [main] DEBUG org.apache.http.impl.conn.DefaultClientConnection - Sending request: POST /jsonrpc.php HTTP/1.1
17:41:41.631 [main] DEBUG org.apache.http.wire -  >> "POST /jsonrpc.php HTTP/1.1[\r][\n]"
17:41:41.631 [main] DEBUG org.apache.http.wire -  >> "Accept: */*[\r][\n]"
17:41:41.631 [main] DEBUG org.apache.http.wire -  >> "Content-Type: text/plain; charset=ISO-8859-1[\r][\n]"
17:41:41.631 [main] DEBUG org.apache.http.wire -  >> "Content-Length: 189[\r][\n]"
17:41:41.631 [main] DEBUG org.apache.http.wire -  >> "Host: localhost:81[\r][\n]"
17:41:41.631 [main] DEBUG org.apache.http.wire -  >> "Connection: Keep-Alive[\r][\n]"
17:41:41.631 [main] DEBUG org.apache.http.wire -  >> "User-Agent: Apache-HttpClient/4.5.13 (Java/17)[\r][\n]"
17:41:41.631 [main] DEBUG org.apache.http.wire -  >> "Authorization: Basic a3lyeWxvQVBJVGVzdExvZ2luOmt5cnlsb0FQSVRlc3RQYXNzd29yZA==[\r][\n]"
17:41:41.631 [main] DEBUG org.apache.http.wire -  >> "Accept-Encoding: gzip,deflate[\r][\n]"
17:41:41.631 [main] DEBUG org.apache.http.wire -  >> "[\r][\n]"
17:41:41.631 [main] DEBUG org.apache.http.headers - >> POST /jsonrpc.php HTTP/1.1
17:41:41.631 [main] DEBUG org.apache.http.headers - >> Accept: */*
17:41:41.631 [main] DEBUG org.apache.http.headers - >> Content-Type: text/plain; charset=ISO-8859-1
17:41:41.631 [main] DEBUG org.apache.http.headers - >> Content-Length: 189
17:41:41.631 [main] DEBUG org.apache.http.headers - >> Host: localhost:81
17:41:41.631 [main] DEBUG org.apache.http.headers - >> Connection: Keep-Alive
17:41:41.631 [main] DEBUG org.apache.http.headers - >> User-Agent: Apache-HttpClient/4.5.13 (Java/17)
17:41:41.631 [main] DEBUG org.apache.http.headers - >> Authorization: Basic a3lyeWxvQVBJVGVzdExvZ2luOmt5cnlsb0FQSVRlc3RQYXNzd29yZA==
17:41:41.631 [main] DEBUG org.apache.http.headers - >> Accept-Encoding: gzip,deflate
17:41:41.631 [main] DEBUG org.apache.http.wire -  >> "{"jsonrpc":"2.0","method":"createTask","id":678,"params":{"title":"API_TASK","description":"API_DESCRIPTION","color_id":"green","owner_id":351,"column_id":54,"priority":1,"project_id":242}}"
17:41:41.891 [main] DEBUG org.apache.http.wire -  << "HTTP/1.1 200 OK[\r][\n]"
17:41:41.891 [main] DEBUG org.apache.http.wire -  << "Server: nginx[\r][\n]"
17:41:41.891 [main] DEBUG org.apache.http.wire -  << "Date: Tue, 25 Jul 2023 14:41:41 GMT[\r][\n]"
17:41:41.891 [main] DEBUG org.apache.http.wire -  << "Content-Type: application/json[\r][\n]"
17:41:41.891 [main] DEBUG org.apache.http.wire -  << "Transfer-Encoding: chunked[\r][\n]"
17:41:41.891 [main] DEBUG org.apache.http.wire -  << "Connection: keep-alive[\r][\n]"
17:41:41.891 [main] DEBUG org.apache.http.wire -  << "Vary: Accept-Encoding[\r][\n]"
17:41:41.891 [main] DEBUG org.apache.http.wire -  << "Content-Encoding: gzip[\r][\n]"
17:41:41.891 [main] DEBUG org.apache.http.wire -  << "[\r][\n]"
17:41:41.891 [main] DEBUG org.apache.http.impl.conn.DefaultClientConnection - Receiving response: HTTP/1.1 200 OK
17:41:41.891 [main] DEBUG org.apache.http.headers - << HTTP/1.1 200 OK
17:41:41.891 [main] DEBUG org.apache.http.headers - << Server: nginx
17:41:41.891 [main] DEBUG org.apache.http.headers - << Date: Tue, 25 Jul 2023 14:41:41 GMT
17:41:41.891 [main] DEBUG org.apache.http.headers - << Content-Type: application/json
17:41:41.891 [main] DEBUG org.apache.http.headers - << Transfer-Encoding: chunked
17:41:41.891 [main] DEBUG org.apache.http.headers - << Connection: keep-alive
17:41:41.891 [main] DEBUG org.apache.http.headers - << Vary: Accept-Encoding
17:41:41.891 [main] DEBUG org.apache.http.headers - << Content-Encoding: gzip
17:41:41.891 [main] DEBUG org.apache.http.impl.client.DefaultHttpClient - Connection can be kept alive indefinitely
17:41:41.891 [main] DEBUG org.apache.http.impl.client.DefaultHttpClient - Authentication succeeded
17:41:41.891 [main] DEBUG org.apache.http.impl.client.TargetAuthenticationStrategy - Caching 'basic' auth scheme for http://localhost:81
17:41:41.893 [main] DEBUG io.restassured.internal.RestAssuredHttpBuilder - Parsing response as: application/json
17:41:41.893 [main] DEBUG org.apache.http.wire -  << "3b[\r][\n]"
17:41:41.893 [main] DEBUG org.apache.http.wire -  << "[0x1f][0x8b][0x8][0x0][0x0][0x0][0x0][0x0][0x0][0x3][0xab]V[0xca]*[0xce][0xcf]+*HV[0xb2]R2[0xd2]3P[0xd2]Q*J-.[0xcd])Q[0xb2]245[0xd1]Q[0xca]LQ[0xb2]23[0xb7][0xa8][0x5][0x0][0xe9][0xa8]j[0xd5]'[0x0][0x0][0x0]"
17:41:41.893 [main] DEBUG org.apache.http.wire -  << "[\r][\n]"
17:41:41.893 [main] DEBUG org.apache.http.wire -  << "0[\r][\n]"
17:41:41.893 [main] DEBUG org.apache.http.wire -  << "[\r][\n]"
17:41:41.893 [main] DEBUG io.restassured.internal.RestAssuredHttpBuilder - Parsed data to instance of: class org.apache.http.conn.EofSensorInputStream
17:41:41.896 [main] DEBUG org.apache.http.impl.conn.BasicClientConnectionManager - Releasing connection org.apache.http.impl.conn.ManagedClientConnectionImpl@659e003e
17:41:41.897 [main] DEBUG org.apache.http.impl.conn.BasicClientConnectionManager - Connection can be kept alive indefinitely
{
    "jsonrpc": "2.0",
    "result": 154,
    "id": 678
}
Request method:	GET
Request URI:	http://localhost:81/jsonrpc.php
Proxy:			<none>
Request params:	<none>
Query params:	<none>
Form params:	<none>
Path params:	<none>
Headers:		Accept=*/*
				Content-Type=text/plain; charset=ISO-8859-1
Cookies:		<none>
Multiparts:		<none>
Body:
{"jsonrpc":"2.0","method":"getTask","id":789,"params":{"task_id":154}}
17:41:41.925 [main] DEBUG org.apache.http.impl.conn.BasicClientConnectionManager - Get connection for route {}->http://localhost:81
17:41:41.925 [main] DEBUG org.apache.http.impl.conn.DefaultClientConnectionOperator - Connecting to localhost:81
17:41:41.925 [main] DEBUG org.apache.http.client.protocol.RequestAddCookies - CookieSpec selected: ignoreCookies
17:41:41.925 [main] DEBUG org.apache.http.client.protocol.RequestAuthCache - Auth cache not set in the context
17:41:41.926 [main] DEBUG org.apache.http.client.protocol.RequestTargetAuthentication - Target auth state: UNCHALLENGED
17:41:41.926 [main] DEBUG org.apache.http.client.protocol.RequestProxyAuthentication - Proxy auth state: UNCHALLENGED
17:41:41.926 [main] DEBUG org.apache.http.impl.client.DefaultHttpClient - Attempt 1 to execute request
17:41:41.926 [main] DEBUG org.apache.http.impl.conn.DefaultClientConnection - Sending request: GET /jsonrpc.php HTTP/1.1
17:41:41.926 [main] DEBUG org.apache.http.wire -  >> "GET /jsonrpc.php HTTP/1.1[\r][\n]"
17:41:41.926 [main] DEBUG org.apache.http.wire -  >> "Accept: */*[\r][\n]"
17:41:41.926 [main] DEBUG org.apache.http.wire -  >> "Content-Type: text/plain; charset=ISO-8859-1[\r][\n]"
17:41:41.926 [main] DEBUG org.apache.http.wire -  >> "Content-Length: 70[\r][\n]"
17:41:41.926 [main] DEBUG org.apache.http.wire -  >> "Host: localhost:81[\r][\n]"
17:41:41.926 [main] DEBUG org.apache.http.wire -  >> "Connection: Keep-Alive[\r][\n]"
17:41:41.926 [main] DEBUG org.apache.http.wire -  >> "User-Agent: Apache-HttpClient/4.5.13 (Java/17)[\r][\n]"
17:41:41.926 [main] DEBUG org.apache.http.wire -  >> "Accept-Encoding: gzip,deflate[\r][\n]"
17:41:41.926 [main] DEBUG org.apache.http.wire -  >> "[\r][\n]"
17:41:41.926 [main] DEBUG org.apache.http.headers - >> GET /jsonrpc.php HTTP/1.1
17:41:41.926 [main] DEBUG org.apache.http.headers - >> Accept: */*
17:41:41.926 [main] DEBUG org.apache.http.headers - >> Content-Type: text/plain; charset=ISO-8859-1
17:41:41.926 [main] DEBUG org.apache.http.headers - >> Content-Length: 70
17:41:41.926 [main] DEBUG org.apache.http.headers - >> Host: localhost:81
17:41:41.926 [main] DEBUG org.apache.http.headers - >> Connection: Keep-Alive
17:41:41.926 [main] DEBUG org.apache.http.headers - >> User-Agent: Apache-HttpClient/4.5.13 (Java/17)
17:41:41.926 [main] DEBUG org.apache.http.headers - >> Accept-Encoding: gzip,deflate
17:41:41.926 [main] DEBUG org.apache.http.wire -  >> "{"jsonrpc":"2.0","method":"getTask","id":789,"params":{"task_id":154}}"
17:41:41.936 [main] DEBUG org.apache.http.wire -  << "HTTP/1.1 401 Unauthorized[\r][\n]"
17:41:41.936 [main] DEBUG org.apache.http.wire -  << "Server: nginx[\r][\n]"
17:41:41.936 [main] DEBUG org.apache.http.wire -  << "Date: Tue, 25 Jul 2023 14:41:41 GMT[\r][\n]"
17:41:41.936 [main] DEBUG org.apache.http.wire -  << "Content-Type: application/json[\r][\n]"
17:41:41.936 [main] DEBUG org.apache.http.wire -  << "Transfer-Encoding: chunked[\r][\n]"
17:41:41.936 [main] DEBUG org.apache.http.wire -  << "Connection: keep-alive[\r][\n]"
17:41:41.936 [main] DEBUG org.apache.http.wire -  << "WWW-Authenticate: Basic realm="JsonRPC"[\r][\n]"
17:41:41.936 [main] DEBUG org.apache.http.wire -  << "[\r][\n]"
17:41:41.936 [main] DEBUG org.apache.http.impl.conn.DefaultClientConnection - Receiving response: HTTP/1.1 401 Unauthorized
17:41:41.936 [main] DEBUG org.apache.http.headers - << HTTP/1.1 401 Unauthorized
17:41:41.936 [main] DEBUG org.apache.http.headers - << Server: nginx
17:41:41.936 [main] DEBUG org.apache.http.headers - << Date: Tue, 25 Jul 2023 14:41:41 GMT
17:41:41.936 [main] DEBUG org.apache.http.headers - << Content-Type: application/json
17:41:41.936 [main] DEBUG org.apache.http.headers - << Transfer-Encoding: chunked
17:41:41.936 [main] DEBUG org.apache.http.headers - << Connection: keep-alive
17:41:41.936 [main] DEBUG org.apache.http.headers - << WWW-Authenticate: Basic realm="JsonRPC"
17:41:41.936 [main] DEBUG org.apache.http.impl.client.DefaultHttpClient - Connection can be kept alive indefinitely
17:41:41.936 [main] DEBUG org.apache.http.impl.client.DefaultHttpClient - Authentication required
17:41:41.936 [main] DEBUG org.apache.http.impl.client.DefaultHttpClient - localhost:81 requested authentication
17:41:41.936 [main] DEBUG org.apache.http.impl.client.TargetAuthenticationStrategy - Authentication schemes in the order of preference: [Negotiate, Kerberos, NTLM, CredSSP, Digest, Basic]
17:41:41.936 [main] DEBUG org.apache.http.impl.client.TargetAuthenticationStrategy - Challenge for Negotiate authentication scheme not available
17:41:41.936 [main] DEBUG org.apache.http.impl.client.TargetAuthenticationStrategy - Challenge for Kerberos authentication scheme not available
17:41:41.936 [main] DEBUG org.apache.http.impl.client.TargetAuthenticationStrategy - Challenge for NTLM authentication scheme not available
17:41:41.936 [main] DEBUG org.apache.http.impl.client.TargetAuthenticationStrategy - Challenge for CredSSP authentication scheme not available
17:41:41.936 [main] DEBUG org.apache.http.impl.client.TargetAuthenticationStrategy - Challenge for Digest authentication scheme not available
17:41:41.936 [main] DEBUG org.apache.http.impl.client.DefaultHttpClient - Selected authentication options: [BASIC [complete=true]]
17:41:41.936 [main] DEBUG org.apache.http.wire -  << "49[\r][\n]"
17:41:41.936 [main] DEBUG org.apache.http.wire -  << "{"jsonrpc":"2.0","error":{"code":401,"message":"Unauthorized"},"id":null}"
17:41:41.936 [main] DEBUG org.apache.http.wire -  << "[\r][\n]"
17:41:41.936 [main] DEBUG org.apache.http.wire -  << "0[\r][\n]"
17:41:41.936 [main] DEBUG org.apache.http.wire -  << "[\r][\n]"
17:41:41.936 [main] DEBUG org.apache.http.client.protocol.RequestAddCookies - CookieSpec selected: ignoreCookies
17:41:41.936 [main] DEBUG org.apache.http.client.protocol.RequestAuthCache - Auth cache not set in the context
17:41:41.936 [main] DEBUG org.apache.http.client.protocol.RequestTargetAuthentication - Target auth state: CHALLENGED
17:41:41.936 [main] DEBUG org.apache.http.client.protocol.RequestTargetAuthentication - Generating response to an authentication challenge using basic scheme
17:41:41.937 [main] DEBUG org.apache.http.client.protocol.RequestProxyAuthentication - Proxy auth state: UNCHALLENGED
17:41:41.937 [main] DEBUG org.apache.http.impl.client.DefaultHttpClient - Attempt 2 to execute request
17:41:41.937 [main] DEBUG org.apache.http.impl.conn.DefaultClientConnection - Sending request: GET /jsonrpc.php HTTP/1.1
17:41:41.937 [main] DEBUG org.apache.http.wire -  >> "GET /jsonrpc.php HTTP/1.1[\r][\n]"
17:41:41.937 [main] DEBUG org.apache.http.wire -  >> "Accept: */*[\r][\n]"
17:41:41.937 [main] DEBUG org.apache.http.wire -  >> "Content-Type: text/plain; charset=ISO-8859-1[\r][\n]"
17:41:41.937 [main] DEBUG org.apache.http.wire -  >> "Content-Length: 70[\r][\n]"
17:41:41.937 [main] DEBUG org.apache.http.wire -  >> "Host: localhost:81[\r][\n]"
17:41:41.937 [main] DEBUG org.apache.http.wire -  >> "Connection: Keep-Alive[\r][\n]"
17:41:41.937 [main] DEBUG org.apache.http.wire -  >> "User-Agent: Apache-HttpClient/4.5.13 (Java/17)[\r][\n]"
17:41:41.937 [main] DEBUG org.apache.http.wire -  >> "Authorization: Basic a3lyeWxvQVBJVGVzdExvZ2luOmt5cnlsb0FQSVRlc3RQYXNzd29yZA==[\r][\n]"
17:41:41.937 [main] DEBUG org.apache.http.wire -  >> "Accept-Encoding: gzip,deflate[\r][\n]"
17:41:41.937 [main] DEBUG org.apache.http.wire -  >> "[\r][\n]"
17:41:41.937 [main] DEBUG org.apache.http.headers - >> GET /jsonrpc.php HTTP/1.1
17:41:41.937 [main] DEBUG org.apache.http.headers - >> Accept: */*
17:41:41.937 [main] DEBUG org.apache.http.headers - >> Content-Type: text/plain; charset=ISO-8859-1
17:41:41.937 [main] DEBUG org.apache.http.headers - >> Content-Length: 70
17:41:41.937 [main] DEBUG org.apache.http.headers - >> Host: localhost:81
17:41:41.937 [main] DEBUG org.apache.http.headers - >> Connection: Keep-Alive
17:41:41.937 [main] DEBUG org.apache.http.headers - >> User-Agent: Apache-HttpClient/4.5.13 (Java/17)
17:41:41.937 [main] DEBUG org.apache.http.headers - >> Authorization: Basic a3lyeWxvQVBJVGVzdExvZ2luOmt5cnlsb0FQSVRlc3RQYXNzd29yZA==
17:41:41.937 [main] DEBUG org.apache.http.headers - >> Accept-Encoding: gzip,deflate
17:41:41.937 [main] DEBUG org.apache.http.wire -  >> "{"jsonrpc":"2.0","method":"getTask","id":789,"params":{"task_id":154}}"
17:41:42.023 [main] DEBUG org.apache.http.wire -  << "HTTP/1.1 200 OK[\r][\n]"
17:41:42.023 [main] DEBUG org.apache.http.wire -  << "Server: nginx[\r][\n]"
17:41:42.023 [main] DEBUG org.apache.http.wire -  << "Date: Tue, 25 Jul 2023 14:41:42 GMT[\r][\n]"
17:41:42.023 [main] DEBUG org.apache.http.wire -  << "Content-Type: application/json[\r][\n]"
17:41:42.023 [main] DEBUG org.apache.http.wire -  << "Transfer-Encoding: chunked[\r][\n]"
17:41:42.023 [main] DEBUG org.apache.http.wire -  << "Connection: keep-alive[\r][\n]"
17:41:42.023 [main] DEBUG org.apache.http.wire -  << "Vary: Accept-Encoding[\r][\n]"
17:41:42.023 [main] DEBUG org.apache.http.wire -  << "Content-Encoding: gzip[\r][\n]"
17:41:42.024 [main] DEBUG org.apache.http.wire -  << "[\r][\n]"
17:41:42.024 [main] DEBUG org.apache.http.impl.conn.DefaultClientConnection - Receiving response: HTTP/1.1 200 OK
17:41:42.024 [main] DEBUG org.apache.http.headers - << HTTP/1.1 200 OK
17:41:42.024 [main] DEBUG org.apache.http.headers - << Server: nginx
17:41:42.024 [main] DEBUG org.apache.http.headers - << Date: Tue, 25 Jul 2023 14:41:42 GMT
17:41:42.024 [main] DEBUG org.apache.http.headers - << Content-Type: application/json
17:41:42.024 [main] DEBUG org.apache.http.headers - << Transfer-Encoding: chunked
17:41:42.024 [main] DEBUG org.apache.http.headers - << Connection: keep-alive
17:41:42.024 [main] DEBUG org.apache.http.headers - << Vary: Accept-Encoding
17:41:42.024 [main] DEBUG org.apache.http.headers - << Content-Encoding: gzip
17:41:42.024 [main] DEBUG org.apache.http.impl.client.DefaultHttpClient - Connection can be kept alive indefinitely
17:41:42.024 [main] DEBUG org.apache.http.impl.client.DefaultHttpClient - Authentication succeeded
17:41:42.024 [main] DEBUG org.apache.http.impl.client.TargetAuthenticationStrategy - Caching 'basic' auth scheme for http://localhost:81
17:41:42.024 [main] DEBUG io.restassured.internal.RestAssuredHttpBuilder - Parsing response as: application/json
17:41:42.024 [main] DEBUG org.apache.http.wire -  << "1b5[\r][\n]"
17:41:42.024 [main] DEBUG org.apache.http.wire -  << "[0x1f][0x8b][0x8][0x0][0x0][0x0][0x0][0x0][0x0][0x3]eR[0xdb]N[0xe3]0[0x10][0xfd][0x15][0xe4][0xa7]])[0xda]&[0xa1]P[0xda]7[0x4][0x8]UH,Zx[0x8f]\g[0x9a][0xba]ulk<.[0x8b]P[0xff]}[0xc7]N[0xda][0xad][0xe0]%Q[0xce]\[0xce]%[0xf3])[0xb6][0xc1]Y[0xf4]J,D[0xfd][0xab][0x14][0x85]@[0x8][0xd1][0x90]X|[\n]"
17:41:42.024 [main] DEBUG org.apache.http.wire -  << "[0xdd][0x8a]Eu5-[0x4]i2[0xc0][\r][0xb7]/[0xcb][0xe6][0xed][0xf6][0xf5][0x89][0xbb]Z[0x8][\n]"
17:41:42.024 [main] DEBUG org.apache.http.wire -  << "[0xb5]'[0xed][0xec]X[0xb8]x[0xbd][0xfb][0xb3]|y[[0xfe]~NuI[0xd0]([0x4]9tT[0xd7][0xf3][0xb2][0x9e]_Weu,[0xb9][0xde][0x1b] `[\n]"
17:41:42.024 [main] DEBUG org.apache.http.wire -  << "[0x1b][0x8d][0x19][0xd1]62MY[0x8][0xe5][0x8c][0xc3]&[0xf1][0x8b][0xe][0x1],/[0xf4][0xe8][0xb6][0xa0]([0x83][0xf5][0xb4][0xce]=[0xb1][0xb7][0xf9];it[0xef][0x16][0x86][0x91][0xcb]+&[0xf1].[0xe8][0x91][0xba][0x10]A9[0x1c][0x16][0xeb][0xd0]HEz[0xcf]_[0xdc][0xa4]Xd[0xe7][0xf0]#[0x8f]%[0xda][0xa4]w$[0xce][[0xb2][0x8b][0xde][0xb5]z[0xad][0xb9][0xf7][0x9b][0x13][0x84]5 X[0x95][0xb2]9z[0xe]$1[0xdb][0xe2]}[0xa4]{h[0x82][0x7][0xcb]q[0xe].3[0x2][0x81]_[0xbc][0xf9][0xe4]=[0xbc][0xeb][0xde]H[0xb][0xff][0xcd][0x8d][0xc4][0xfb][0xd4]s[0x9e][0x1d][0x82][0x8a][0x98])[0x1b]&[0xa2][0x18]2[0xcf][0x19]J[0xa8][0xbb][0xe][0xf0]+[0xbc]f[0xd7][0xee][0x1b][0x9a][0xd4][0xac]Q[0xf6]C6g[V2@[0x92][0xf0][0x15][0xf7][0x92][0xb9]Of[0xce][0x6][0xd4]F[0x9b][0x93][0x1d][0x8f][0xda][0xa1][0xa6][0x8f][0x9c]1[0xfc]%@+M[0xc3]?p[0xaf][0xdb]$m[0x88][0xe2]T[0x88][0xa8][0x8f]XD[0xc3]Qn[0x88][0xfc]b21NI[0xb3]q[0x81]&$[0xc3]n[0xc2][0x97][0xc8][0x19][0xe7][0xcb]H[0xc7]i[0xb3]l[0xf1]8[0x9e][0xc7]J[0xaa]][0x87].[0xda]t3[0xd8][0xad]~T7[0xf3][0xe2][0xa2][0x9e]N[0xf9]Q^[0xfe][0xe4][0xc9][0x95][0xc3][0xcc][0x9e][0xab][0xb3][0x84][0xd7][0xb3][0xe2][0xa2][0xaa][0xb8]x8[0xf0]e[0xf0][0xe0][0xec]f~[0xf8][0x7][0xf6][0xab]BY[0x11][0x3][0x0][0x0]"
17:41:42.024 [main] DEBUG org.apache.http.wire -  << "[\r][\n]"
17:41:42.024 [main] DEBUG org.apache.http.wire -  << "0[\r][\n]"
17:41:42.024 [main] DEBUG org.apache.http.wire -  << "[\r][\n]"
17:41:42.024 [main] DEBUG io.restassured.internal.RestAssuredHttpBuilder - Parsed data to instance of: class org.apache.http.conn.EofSensorInputStream
17:41:42.025 [main] DEBUG org.apache.http.impl.conn.BasicClientConnectionManager - Releasing connection org.apache.http.impl.conn.ManagedClientConnectionImpl@752fecbf
17:41:42.025 [main] DEBUG org.apache.http.impl.conn.BasicClientConnectionManager - Connection can be kept alive indefinitely
{
    "jsonrpc": "2.0",
    "result": {
        "id": 154,
        "title": "API_TASK",
        "description": "API_DESCRIPTION",
        "date_creation": 1690296101,
        "date_completed": null,
        "date_due": 0,
        "color_id": "green",
        "project_id": 242,
        "column_id": 54,
        "owner_id": 351,
        "position": 1,
        "score": 0,
        "is_active": 1,
        "category_id": 0,
        "creator_id": 351,
        "date_modification": 1690296101,
        "reference": "",
        "date_started": 0,
        "time_spent": null,
        "time_estimated": null,
        "swimlane_id": 242,
        "date_moved": 1690296101,
        "recurrence_status": 0,
        "recurrence_trigger": 0,
        "recurrence_factor": 0,
        "recurrence_timeframe": 0,
        "recurrence_basedate": 0,
        "recurrence_parent": null,
        "recurrence_child": null,
        "priority": 1,
        "external_provider": null,
        "external_uri": null,
        "url": "http://localhost/task/154",
        "color": {
            "name": "Green",
            "background": "rgb(189, 244, 203)",
            "border": "rgb(74, 227, 113)"
        }
    },
    "id": 789
}
]]></system-out>
  </testcase>
  <testcase name="deleteTaskValid" classname="API.tests.TaskTest" time="0.463">
    <system-out><![CDATA[Request method:	DELETE
Request URI:	http://localhost:81/jsonrpc.php
Proxy:			<none>
Request params:	<none>
Query params:	<none>
Form params:	<none>
Path params:	<none>
Headers:		Accept=*/*
				Content-Type=text/plain; charset=ISO-8859-1
Cookies:		<none>
Multiparts:		<none>
Body:
{"jsonrpc":"2.0","method":"removeUser","id":234,"params":{"user_id":351}}
17:41:42.050 [main] DEBUG org.apache.http.impl.conn.BasicClientConnectionManager - Get connection for route {}->http://localhost:81
17:41:42.050 [main] DEBUG org.apache.http.impl.conn.DefaultClientConnectionOperator - Connecting to localhost:81
17:41:42.051 [main] DEBUG org.apache.http.client.protocol.RequestAddCookies - CookieSpec selected: ignoreCookies
17:41:42.051 [main] DEBUG org.apache.http.client.protocol.RequestAuthCache - Auth cache not set in the context
17:41:42.051 [main] DEBUG org.apache.http.client.protocol.RequestTargetAuthentication - Target auth state: UNCHALLENGED
17:41:42.051 [main] DEBUG org.apache.http.client.protocol.RequestProxyAuthentication - Proxy auth state: UNCHALLENGED
17:41:42.051 [main] DEBUG org.apache.http.impl.client.DefaultHttpClient - Attempt 1 to execute request
17:41:42.051 [main] DEBUG org.apache.http.impl.conn.DefaultClientConnection - Sending request: DELETE /jsonrpc.php HTTP/1.1
17:41:42.051 [main] DEBUG org.apache.http.wire -  >> "DELETE /jsonrpc.php HTTP/1.1[\r][\n]"
17:41:42.051 [main] DEBUG org.apache.http.wire -  >> "Accept: */*[\r][\n]"
17:41:42.051 [main] DEBUG org.apache.http.wire -  >> "Content-Type: text/plain; charset=ISO-8859-1[\r][\n]"
17:41:42.051 [main] DEBUG org.apache.http.wire -  >> "Content-Length: 73[\r][\n]"
17:41:42.051 [main] DEBUG org.apache.http.wire -  >> "Host: localhost:81[\r][\n]"
17:41:42.051 [main] DEBUG org.apache.http.wire -  >> "Connection: Keep-Alive[\r][\n]"
17:41:42.051 [main] DEBUG org.apache.http.wire -  >> "User-Agent: Apache-HttpClient/4.5.13 (Java/17)[\r][\n]"
17:41:42.051 [main] DEBUG org.apache.http.wire -  >> "Accept-Encoding: gzip,deflate[\r][\n]"
17:41:42.051 [main] DEBUG org.apache.http.wire -  >> "[\r][\n]"
17:41:42.051 [main] DEBUG org.apache.http.headers - >> DELETE /jsonrpc.php HTTP/1.1
17:41:42.051 [main] DEBUG org.apache.http.headers - >> Accept: */*
17:41:42.051 [main] DEBUG org.apache.http.headers - >> Content-Type: text/plain; charset=ISO-8859-1
17:41:42.051 [main] DEBUG org.apache.http.headers - >> Content-Length: 73
17:41:42.051 [main] DEBUG org.apache.http.headers - >> Host: localhost:81
17:41:42.051 [main] DEBUG org.apache.http.headers - >> Connection: Keep-Alive
17:41:42.051 [main] DEBUG org.apache.http.headers - >> User-Agent: Apache-HttpClient/4.5.13 (Java/17)
17:41:42.051 [main] DEBUG org.apache.http.headers - >> Accept-Encoding: gzip,deflate
17:41:42.052 [main] DEBUG org.apache.http.wire -  >> "{"jsonrpc":"2.0","method":"removeUser","id":234,"params":{"user_id":351}}"
17:41:42.061 [main] DEBUG org.apache.http.wire -  << "HTTP/1.1 401 Unauthorized[\r][\n]"
17:41:42.062 [main] DEBUG org.apache.http.wire -  << "Server: nginx[\r][\n]"
17:41:42.062 [main] DEBUG org.apache.http.wire -  << "Date: Tue, 25 Jul 2023 14:41:42 GMT[\r][\n]"
17:41:42.062 [main] DEBUG org.apache.http.wire -  << "Content-Type: application/json[\r][\n]"
17:41:42.062 [main] DEBUG org.apache.http.wire -  << "Transfer-Encoding: chunked[\r][\n]"
17:41:42.062 [main] DEBUG org.apache.http.wire -  << "Connection: keep-alive[\r][\n]"
17:41:42.062 [main] DEBUG org.apache.http.wire -  << "WWW-Authenticate: Basic realm="JsonRPC"[\r][\n]"
17:41:42.062 [main] DEBUG org.apache.http.wire -  << "[\r][\n]"
17:41:42.062 [main] DEBUG org.apache.http.impl.conn.DefaultClientConnection - Receiving response: HTTP/1.1 401 Unauthorized
17:41:42.062 [main] DEBUG org.apache.http.headers - << HTTP/1.1 401 Unauthorized
17:41:42.062 [main] DEBUG org.apache.http.headers - << Server: nginx
17:41:42.062 [main] DEBUG org.apache.http.headers - << Date: Tue, 25 Jul 2023 14:41:42 GMT
17:41:42.062 [main] DEBUG org.apache.http.headers - << Content-Type: application/json
17:41:42.062 [main] DEBUG org.apache.http.headers - << Transfer-Encoding: chunked
17:41:42.062 [main] DEBUG org.apache.http.headers - << Connection: keep-alive
17:41:42.062 [main] DEBUG org.apache.http.headers - << WWW-Authenticate: Basic realm="JsonRPC"
17:41:42.062 [main] DEBUG org.apache.http.impl.client.DefaultHttpClient - Connection can be kept alive indefinitely
17:41:42.062 [main] DEBUG org.apache.http.impl.client.DefaultHttpClient - Authentication required
17:41:42.062 [main] DEBUG org.apache.http.impl.client.DefaultHttpClient - localhost:81 requested authentication
17:41:42.062 [main] DEBUG org.apache.http.impl.client.TargetAuthenticationStrategy - Authentication schemes in the order of preference: [Negotiate, Kerberos, NTLM, CredSSP, Digest, Basic]
17:41:42.062 [main] DEBUG org.apache.http.impl.client.TargetAuthenticationStrategy - Challenge for Negotiate authentication scheme not available
17:41:42.062 [main] DEBUG org.apache.http.impl.client.TargetAuthenticationStrategy - Challenge for Kerberos authentication scheme not available
17:41:42.062 [main] DEBUG org.apache.http.impl.client.TargetAuthenticationStrategy - Challenge for NTLM authentication scheme not available
17:41:42.062 [main] DEBUG org.apache.http.impl.client.TargetAuthenticationStrategy - Challenge for CredSSP authentication scheme not available
17:41:42.062 [main] DEBUG org.apache.http.impl.client.TargetAuthenticationStrategy - Challenge for Digest authentication scheme not available
17:41:42.062 [main] DEBUG org.apache.http.impl.client.DefaultHttpClient - Selected authentication options: [BASIC [complete=true]]
17:41:42.062 [main] DEBUG org.apache.http.wire -  << "49[\r][\n]"
17:41:42.062 [main] DEBUG org.apache.http.wire -  << "{"jsonrpc":"2.0","error":{"code":401,"message":"Unauthorized"},"id":null}"
17:41:42.062 [main] DEBUG org.apache.http.wire -  << "[\r][\n]"
17:41:42.062 [main] DEBUG org.apache.http.wire -  << "0[\r][\n]"
17:41:42.062 [main] DEBUG org.apache.http.wire -  << "[\r][\n]"
17:41:42.062 [main] DEBUG org.apache.http.client.protocol.RequestAddCookies - CookieSpec selected: ignoreCookies
17:41:42.062 [main] DEBUG org.apache.http.client.protocol.RequestAuthCache - Auth cache not set in the context
17:41:42.062 [main] DEBUG org.apache.http.client.protocol.RequestTargetAuthentication - Target auth state: CHALLENGED
17:41:42.062 [main] DEBUG org.apache.http.client.protocol.RequestTargetAuthentication - Generating response to an authentication challenge using basic scheme
17:41:42.062 [main] DEBUG org.apache.http.client.protocol.RequestProxyAuthentication - Proxy auth state: UNCHALLENGED
17:41:42.062 [main] DEBUG org.apache.http.impl.client.DefaultHttpClient - Attempt 2 to execute request
17:41:42.062 [main] DEBUG org.apache.http.impl.conn.DefaultClientConnection - Sending request: DELETE /jsonrpc.php HTTP/1.1
17:41:42.062 [main] DEBUG org.apache.http.wire -  >> "DELETE /jsonrpc.php HTTP/1.1[\r][\n]"
17:41:42.062 [main] DEBUG org.apache.http.wire -  >> "Accept: */*[\r][\n]"
17:41:42.062 [main] DEBUG org.apache.http.wire -  >> "Content-Type: text/plain; charset=ISO-8859-1[\r][\n]"
17:41:42.062 [main] DEBUG org.apache.http.wire -  >> "Content-Length: 73[\r][\n]"
17:41:42.062 [main] DEBUG org.apache.http.wire -  >> "Host: localhost:81[\r][\n]"
17:41:42.062 [main] DEBUG org.apache.http.wire -  >> "Connection: Keep-Alive[\r][\n]"
17:41:42.062 [main] DEBUG org.apache.http.wire -  >> "User-Agent: Apache-HttpClient/4.5.13 (Java/17)[\r][\n]"
17:41:42.062 [main] DEBUG org.apache.http.wire -  >> "Authorization: Basic YWRtaW46YWRtaW4=[\r][\n]"
17:41:42.062 [main] DEBUG org.apache.http.wire -  >> "Accept-Encoding: gzip,deflate[\r][\n]"
17:41:42.062 [main] DEBUG org.apache.http.wire -  >> "[\r][\n]"
17:41:42.062 [main] DEBUG org.apache.http.headers - >> DELETE /jsonrpc.php HTTP/1.1
17:41:42.062 [main] DEBUG org.apache.http.headers - >> Accept: */*
17:41:42.062 [main] DEBUG org.apache.http.headers - >> Content-Type: text/plain; charset=ISO-8859-1
17:41:42.062 [main] DEBUG org.apache.http.headers - >> Content-Length: 73
17:41:42.062 [main] DEBUG org.apache.http.headers - >> Host: localhost:81
17:41:42.062 [main] DEBUG org.apache.http.headers - >> Connection: Keep-Alive
17:41:42.062 [main] DEBUG org.apache.http.headers - >> User-Agent: Apache-HttpClient/4.5.13 (Java/17)
17:41:42.062 [main] DEBUG org.apache.http.headers - >> Authorization: Basic YWRtaW46YWRtaW4=
17:41:42.062 [main] DEBUG org.apache.http.headers - >> Accept-Encoding: gzip,deflate
17:41:42.063 [main] DEBUG org.apache.http.wire -  >> "{"jsonrpc":"2.0","method":"removeUser","id":234,"params":{"user_id":351}}"
17:41:42.150 [main] DEBUG org.apache.http.wire -  << "HTTP/1.1 200 OK[\r][\n]"
17:41:42.151 [main] DEBUG org.apache.http.wire -  << "Server: nginx[\r][\n]"
17:41:42.151 [main] DEBUG org.apache.http.wire -  << "Date: Tue, 25 Jul 2023 14:41:42 GMT[\r][\n]"
17:41:42.151 [main] DEBUG org.apache.http.wire -  << "Content-Type: application/json[\r][\n]"
17:41:42.151 [main] DEBUG org.apache.http.wire -  << "Transfer-Encoding: chunked[\r][\n]"
17:41:42.151 [main] DEBUG org.apache.http.wire -  << "Connection: keep-alive[\r][\n]"
17:41:42.151 [main] DEBUG org.apache.http.wire -  << "Vary: Accept-Encoding[\r][\n]"
17:41:42.151 [main] DEBUG org.apache.http.wire -  << "Content-Encoding: gzip[\r][\n]"
17:41:42.151 [main] DEBUG org.apache.http.wire -  << "[\r][\n]"
17:41:42.151 [main] DEBUG org.apache.http.impl.conn.DefaultClientConnection - Receiving response: HTTP/1.1 200 OK
17:41:42.151 [main] DEBUG org.apache.http.headers - << HTTP/1.1 200 OK
17:41:42.151 [main] DEBUG org.apache.http.headers - << Server: nginx
17:41:42.151 [main] DEBUG org.apache.http.headers - << Date: Tue, 25 Jul 2023 14:41:42 GMT
17:41:42.151 [main] DEBUG org.apache.http.headers - << Content-Type: application/json
17:41:42.151 [main] DEBUG org.apache.http.headers - << Transfer-Encoding: chunked
17:41:42.151 [main] DEBUG org.apache.http.headers - << Connection: keep-alive
17:41:42.151 [main] DEBUG org.apache.http.headers - << Vary: Accept-Encoding
17:41:42.151 [main] DEBUG org.apache.http.headers - << Content-Encoding: gzip
17:41:42.151 [main] DEBUG org.apache.http.impl.client.DefaultHttpClient - Connection can be kept alive indefinitely
17:41:42.151 [main] DEBUG org.apache.http.impl.client.DefaultHttpClient - Authentication succeeded
17:41:42.151 [main] DEBUG org.apache.http.impl.client.TargetAuthenticationStrategy - Caching 'basic' auth scheme for http://localhost:81
17:41:42.151 [main] DEBUG io.restassured.internal.RestAssuredHttpBuilder - Parsing response as: application/json
17:41:42.151 [main] DEBUG org.apache.http.wire -  << "3c[\r][\n]"
17:41:42.151 [main] DEBUG org.apache.http.wire -  << "[0x1f][0x8b][0x8][0x0][0x0][0x0][0x0][0x0][0x0][0x3][0xab]V[0xca]*[0xce][0xcf]+*HV[0xb2]R2[0xd2]3P[0xd2]Q*J-.[0xcd])Q[0xb2]*)*M[0xd5]Q[0xca]LQ[0xb2]226[0xa9][0x5][0x0]q~[0x7][0xe8]([0x0][0x0][0x0]"
17:41:42.151 [main] DEBUG org.apache.http.wire -  << "[\r][\n]"
17:41:42.151 [main] DEBUG org.apache.http.wire -  << "0[\r][\n]"
17:41:42.151 [main] DEBUG org.apache.http.wire -  << "[\r][\n]"
17:41:42.151 [main] DEBUG io.restassured.internal.RestAssuredHttpBuilder - Parsed data to instance of: class org.apache.http.conn.EofSensorInputStream
17:41:42.152 [main] DEBUG org.apache.http.impl.conn.BasicClientConnectionManager - Releasing connection org.apache.http.impl.conn.ManagedClientConnectionImpl@41736818
17:41:42.152 [main] DEBUG org.apache.http.impl.conn.BasicClientConnectionManager - Connection can be kept alive indefinitely
{
    "jsonrpc": "2.0",
    "result": true,
    "id": 234
}
Request method:	POST
Request URI:	http://localhost:81/jsonrpc.php
Proxy:			<none>
Request params:	<none>
Query params:	<none>
Form params:	<none>
Path params:	<none>
Headers:		Accept=*/*
				Content-Type=text/plain; charset=ISO-8859-1
Cookies:		<none>
Multiparts:		<none>
Body:
{"jsonrpc":"2.0","method":"createUser","id":123123,"params":{"username":"kyryloAPITestLogin","password":"kyryloAPITestPassword","name":"kyrylo","email":"kyryloAPITest@mail.com","role":"app-manager"}}
17:41:42.163 [main] DEBUG org.apache.http.impl.conn.BasicClientConnectionManager - Get connection for route {}->http://localhost:81
17:41:42.163 [main] DEBUG org.apache.http.impl.conn.DefaultClientConnectionOperator - Connecting to localhost:81
17:41:42.164 [main] DEBUG org.apache.http.client.protocol.RequestAddCookies - CookieSpec selected: ignoreCookies
17:41:42.164 [main] DEBUG org.apache.http.client.protocol.RequestAuthCache - Auth cache not set in the context
17:41:42.164 [main] DEBUG org.apache.http.client.protocol.RequestTargetAuthentication - Target auth state: UNCHALLENGED
17:41:42.164 [main] DEBUG org.apache.http.client.protocol.RequestProxyAuthentication - Proxy auth state: UNCHALLENGED
17:41:42.164 [main] DEBUG org.apache.http.impl.client.DefaultHttpClient - Attempt 1 to execute request
17:41:42.164 [main] DEBUG org.apache.http.impl.conn.DefaultClientConnection - Sending request: POST /jsonrpc.php HTTP/1.1
17:41:42.164 [main] DEBUG org.apache.http.wire -  >> "POST /jsonrpc.php HTTP/1.1[\r][\n]"
17:41:42.164 [main] DEBUG org.apache.http.wire -  >> "Accept: */*[\r][\n]"
17:41:42.164 [main] DEBUG org.apache.http.wire -  >> "Content-Type: text/plain; charset=ISO-8859-1[\r][\n]"
17:41:42.164 [main] DEBUG org.apache.http.wire -  >> "Content-Length: 199[\r][\n]"
17:41:42.164 [main] DEBUG org.apache.http.wire -  >> "Host: localhost:81[\r][\n]"
17:41:42.164 [main] DEBUG org.apache.http.wire -  >> "Connection: Keep-Alive[\r][\n]"
17:41:42.164 [main] DEBUG org.apache.http.wire -  >> "User-Agent: Apache-HttpClient/4.5.13 (Java/17)[\r][\n]"
17:41:42.164 [main] DEBUG org.apache.http.wire -  >> "Accept-Encoding: gzip,deflate[\r][\n]"
17:41:42.164 [main] DEBUG org.apache.http.wire -  >> "[\r][\n]"
17:41:42.164 [main] DEBUG org.apache.http.headers - >> POST /jsonrpc.php HTTP/1.1
17:41:42.164 [main] DEBUG org.apache.http.headers - >> Accept: */*
17:41:42.164 [main] DEBUG org.apache.http.headers - >> Content-Type: text/plain; charset=ISO-8859-1
17:41:42.164 [main] DEBUG org.apache.http.headers - >> Content-Length: 199
17:41:42.164 [main] DEBUG org.apache.http.headers - >> Host: localhost:81
17:41:42.164 [main] DEBUG org.apache.http.headers - >> Connection: Keep-Alive
17:41:42.164 [main] DEBUG org.apache.http.headers - >> User-Agent: Apache-HttpClient/4.5.13 (Java/17)
17:41:42.164 [main] DEBUG org.apache.http.headers - >> Accept-Encoding: gzip,deflate
17:41:42.164 [main] DEBUG org.apache.http.wire -  >> "{"jsonrpc":"2.0","method":"createUser","id":123123,"params":{"username":"kyryloAPITestLogin","password":"kyryloAPITestPassword","name":"kyrylo","email":"kyryloAPITest@mail.com","role":"app-manager"}}"
17:41:42.174 [main] DEBUG org.apache.http.wire -  << "HTTP/1.1 401 Unauthorized[\r][\n]"
17:41:42.174 [main] DEBUG org.apache.http.wire -  << "Server: nginx[\r][\n]"
17:41:42.174 [main] DEBUG org.apache.http.wire -  << "Date: Tue, 25 Jul 2023 14:41:42 GMT[\r][\n]"
17:41:42.174 [main] DEBUG org.apache.http.wire -  << "Content-Type: application/json[\r][\n]"
17:41:42.174 [main] DEBUG org.apache.http.wire -  << "Transfer-Encoding: chunked[\r][\n]"
17:41:42.174 [main] DEBUG org.apache.http.wire -  << "Connection: keep-alive[\r][\n]"
17:41:42.174 [main] DEBUG org.apache.http.wire -  << "WWW-Authenticate: Basic realm="JsonRPC"[\r][\n]"
17:41:42.174 [main] DEBUG org.apache.http.wire -  << "[\r][\n]"
17:41:42.175 [main] DEBUG org.apache.http.impl.conn.DefaultClientConnection - Receiving response: HTTP/1.1 401 Unauthorized
17:41:42.175 [main] DEBUG org.apache.http.headers - << HTTP/1.1 401 Unauthorized
17:41:42.175 [main] DEBUG org.apache.http.headers - << Server: nginx
17:41:42.175 [main] DEBUG org.apache.http.headers - << Date: Tue, 25 Jul 2023 14:41:42 GMT
17:41:42.175 [main] DEBUG org.apache.http.headers - << Content-Type: application/json
17:41:42.175 [main] DEBUG org.apache.http.headers - << Transfer-Encoding: chunked
17:41:42.175 [main] DEBUG org.apache.http.headers - << Connection: keep-alive
17:41:42.175 [main] DEBUG org.apache.http.headers - << WWW-Authenticate: Basic realm="JsonRPC"
17:41:42.175 [main] DEBUG org.apache.http.impl.client.DefaultHttpClient - Connection can be kept alive indefinitely
17:41:42.175 [main] DEBUG org.apache.http.impl.client.DefaultHttpClient - Authentication required
17:41:42.175 [main] DEBUG org.apache.http.impl.client.DefaultHttpClient - localhost:81 requested authentication
17:41:42.175 [main] DEBUG org.apache.http.impl.client.TargetAuthenticationStrategy - Authentication schemes in the order of preference: [Negotiate, Kerberos, NTLM, CredSSP, Digest, Basic]
17:41:42.175 [main] DEBUG org.apache.http.impl.client.TargetAuthenticationStrategy - Challenge for Negotiate authentication scheme not available
17:41:42.175 [main] DEBUG org.apache.http.impl.client.TargetAuthenticationStrategy - Challenge for Kerberos authentication scheme not available
17:41:42.175 [main] DEBUG org.apache.http.impl.client.TargetAuthenticationStrategy - Challenge for NTLM authentication scheme not available
17:41:42.175 [main] DEBUG org.apache.http.impl.client.TargetAuthenticationStrategy - Challenge for CredSSP authentication scheme not available
17:41:42.175 [main] DEBUG org.apache.http.impl.client.TargetAuthenticationStrategy - Challenge for Digest authentication scheme not available
17:41:42.175 [main] DEBUG org.apache.http.impl.client.DefaultHttpClient - Selected authentication options: [BASIC [complete=true]]
17:41:42.175 [main] DEBUG org.apache.http.wire -  << "49[\r][\n]"
17:41:42.175 [main] DEBUG org.apache.http.wire -  << "{"jsonrpc":"2.0","error":{"code":401,"message":"Unauthorized"},"id":null}"
17:41:42.175 [main] DEBUG org.apache.http.wire -  << "[\r][\n]"
17:41:42.175 [main] DEBUG org.apache.http.wire -  << "0[\r][\n]"
17:41:42.175 [main] DEBUG org.apache.http.wire -  << "[\r][\n]"
17:41:42.175 [main] DEBUG org.apache.http.client.protocol.RequestAddCookies - CookieSpec selected: ignoreCookies
17:41:42.175 [main] DEBUG org.apache.http.client.protocol.RequestAuthCache - Auth cache not set in the context
17:41:42.175 [main] DEBUG org.apache.http.client.protocol.RequestTargetAuthentication - Target auth state: CHALLENGED
17:41:42.175 [main] DEBUG org.apache.http.client.protocol.RequestTargetAuthentication - Generating response to an authentication challenge using basic scheme
17:41:42.175 [main] DEBUG org.apache.http.client.protocol.RequestProxyAuthentication - Proxy auth state: UNCHALLENGED
17:41:42.175 [main] DEBUG org.apache.http.impl.client.DefaultHttpClient - Attempt 2 to execute request
17:41:42.175 [main] DEBUG org.apache.http.impl.conn.DefaultClientConnection - Sending request: POST /jsonrpc.php HTTP/1.1
17:41:42.175 [main] DEBUG org.apache.http.wire -  >> "POST /jsonrpc.php HTTP/1.1[\r][\n]"
17:41:42.175 [main] DEBUG org.apache.http.wire -  >> "Accept: */*[\r][\n]"
17:41:42.175 [main] DEBUG org.apache.http.wire -  >> "Content-Type: text/plain; charset=ISO-8859-1[\r][\n]"
17:41:42.175 [main] DEBUG org.apache.http.wire -  >> "Content-Length: 199[\r][\n]"
17:41:42.175 [main] DEBUG org.apache.http.wire -  >> "Host: localhost:81[\r][\n]"
17:41:42.175 [main] DEBUG org.apache.http.wire -  >> "Connection: Keep-Alive[\r][\n]"
17:41:42.175 [main] DEBUG org.apache.http.wire -  >> "User-Agent: Apache-HttpClient/4.5.13 (Java/17)[\r][\n]"
17:41:42.175 [main] DEBUG org.apache.http.wire -  >> "Authorization: Basic YWRtaW46YWRtaW4=[\r][\n]"
17:41:42.175 [main] DEBUG org.apache.http.wire -  >> "Accept-Encoding: gzip,deflate[\r][\n]"
17:41:42.175 [main] DEBUG org.apache.http.wire -  >> "[\r][\n]"
17:41:42.175 [main] DEBUG org.apache.http.headers - >> POST /jsonrpc.php HTTP/1.1
17:41:42.175 [main] DEBUG org.apache.http.headers - >> Accept: */*
17:41:42.175 [main] DEBUG org.apache.http.headers - >> Content-Type: text/plain; charset=ISO-8859-1
17:41:42.175 [main] DEBUG org.apache.http.headers - >> Content-Length: 199
17:41:42.175 [main] DEBUG org.apache.http.headers - >> Host: localhost:81
17:41:42.175 [main] DEBUG org.apache.http.headers - >> Connection: Keep-Alive
17:41:42.175 [main] DEBUG org.apache.http.headers - >> User-Agent: Apache-HttpClient/4.5.13 (Java/17)
17:41:42.175 [main] DEBUG org.apache.http.headers - >> Authorization: Basic YWRtaW46YWRtaW4=
17:41:42.175 [main] DEBUG org.apache.http.headers - >> Accept-Encoding: gzip,deflate
17:41:42.175 [main] DEBUG org.apache.http.wire -  >> "{"jsonrpc":"2.0","method":"createUser","id":123123,"params":{"username":"kyryloAPITestLogin","password":"kyryloAPITestPassword","name":"kyrylo","email":"kyryloAPITest@mail.com","role":"app-manager"}}"
17:41:42.388 [main] DEBUG org.apache.http.wire -  << "HTTP/1.1 200 OK[\r][\n]"
17:41:42.388 [main] DEBUG org.apache.http.wire -  << "Server: nginx[\r][\n]"
17:41:42.388 [main] DEBUG org.apache.http.wire -  << "Date: Tue, 25 Jul 2023 14:41:42 GMT[\r][\n]"
17:41:42.388 [main] DEBUG org.apache.http.wire -  << "Content-Type: application/json[\r][\n]"
17:41:42.388 [main] DEBUG org.apache.http.wire -  << "Transfer-Encoding: chunked[\r][\n]"
17:41:42.388 [main] DEBUG org.apache.http.wire -  << "Connection: keep-alive[\r][\n]"
17:41:42.388 [main] DEBUG org.apache.http.wire -  << "Vary: Accept-Encoding[\r][\n]"
17:41:42.388 [main] DEBUG org.apache.http.wire -  << "Content-Encoding: gzip[\r][\n]"
17:41:42.388 [main] DEBUG org.apache.http.wire -  << "[\r][\n]"
17:41:42.388 [main] DEBUG org.apache.http.impl.conn.DefaultClientConnection - Receiving response: HTTP/1.1 200 OK
17:41:42.388 [main] DEBUG org.apache.http.headers - << HTTP/1.1 200 OK
17:41:42.388 [main] DEBUG org.apache.http.headers - << Server: nginx
17:41:42.388 [main] DEBUG org.apache.http.headers - << Date: Tue, 25 Jul 2023 14:41:42 GMT
17:41:42.388 [main] DEBUG org.apache.http.headers - << Content-Type: application/json
17:41:42.388 [main] DEBUG org.apache.http.headers - << Transfer-Encoding: chunked
17:41:42.388 [main] DEBUG org.apache.http.headers - << Connection: keep-alive
17:41:42.388 [main] DEBUG org.apache.http.headers - << Vary: Accept-Encoding
17:41:42.388 [main] DEBUG org.apache.http.headers - << Content-Encoding: gzip
17:41:42.388 [main] DEBUG org.apache.http.impl.client.DefaultHttpClient - Connection can be kept alive indefinitely
17:41:42.388 [main] DEBUG org.apache.http.impl.client.DefaultHttpClient - Authentication succeeded
17:41:42.388 [main] DEBUG org.apache.http.impl.client.TargetAuthenticationStrategy - Caching 'basic' auth scheme for http://localhost:81
17:41:42.389 [main] DEBUG io.restassured.internal.RestAssuredHttpBuilder - Parsing response as: application/json
17:41:42.389 [main] DEBUG org.apache.http.wire -  << "3c[\r][\n]"
17:41:42.389 [main] DEBUG org.apache.http.wire -  << "[0x1f][0x8b][0x8][0x0][0x0][0x0][0x0][0x0][0x0][0x3][0xab]V[0xca]*[0xce][0xcf]+*HV[0xb2]R2[0xd2]3P[0xd2]Q*J-.[0xcd])Q[0xb2]265[0xd2]Q[0xca]LQ[0xb2]242[0x6][0xa2]Z[0x0]|[0xc2][0xe1]#*[0x0][0x0][0x0]"
17:41:42.389 [main] DEBUG org.apache.http.wire -  << "[\r][\n]"
17:41:42.389 [main] DEBUG org.apache.http.wire -  << "0[\r][\n]"
17:41:42.389 [main] DEBUG org.apache.http.wire -  << "[\r][\n]"
17:41:42.389 [main] DEBUG io.restassured.internal.RestAssuredHttpBuilder - Parsed data to instance of: class org.apache.http.conn.EofSensorInputStream
17:41:42.389 [main] DEBUG org.apache.http.impl.conn.BasicClientConnectionManager - Releasing connection org.apache.http.impl.conn.ManagedClientConnectionImpl@535b4dbf
17:41:42.389 [main] DEBUG org.apache.http.impl.conn.BasicClientConnectionManager - Connection can be kept alive indefinitely
{
    "jsonrpc": "2.0",
    "result": 352,
    "id": 123123
}
Request method:	POST
Request URI:	http://localhost:81/jsonrpc.php
Proxy:			<none>
Request params:	<none>
Query params:	<none>
Form params:	<none>
Path params:	<none>
Headers:		Accept=*/*
				Content-Type=text/plain; charset=ISO-8859-1
Cookies:		<none>
Multiparts:		<none>
Body:
{"jsonrpc":"2.0","method":"createProject","id":345,"params":{"name":"API_Project","description":"API_Project Description","owner_id":352}}
17:41:42.403 [main] DEBUG org.apache.http.impl.conn.BasicClientConnectionManager - Get connection for route {}->http://localhost:81
17:41:42.404 [main] DEBUG org.apache.http.impl.conn.DefaultClientConnectionOperator - Connecting to localhost:81
17:41:42.405 [main] DEBUG org.apache.http.client.protocol.RequestAddCookies - CookieSpec selected: ignoreCookies
17:41:42.405 [main] DEBUG org.apache.http.client.protocol.RequestAuthCache - Auth cache not set in the context
17:41:42.405 [main] DEBUG org.apache.http.client.protocol.RequestTargetAuthentication - Target auth state: UNCHALLENGED
17:41:42.405 [main] DEBUG org.apache.http.client.protocol.RequestProxyAuthentication - Proxy auth state: UNCHALLENGED
17:41:42.405 [main] DEBUG org.apache.http.impl.client.DefaultHttpClient - Attempt 1 to execute request
17:41:42.405 [main] DEBUG org.apache.http.impl.conn.DefaultClientConnection - Sending request: POST /jsonrpc.php HTTP/1.1
17:41:42.405 [main] DEBUG org.apache.http.wire -  >> "POST /jsonrpc.php HTTP/1.1[\r][\n]"
17:41:42.405 [main] DEBUG org.apache.http.wire -  >> "Accept: */*[\r][\n]"
17:41:42.405 [main] DEBUG org.apache.http.wire -  >> "Content-Type: text/plain; charset=ISO-8859-1[\r][\n]"
17:41:42.405 [main] DEBUG org.apache.http.wire -  >> "Content-Length: 138[\r][\n]"
17:41:42.405 [main] DEBUG org.apache.http.wire -  >> "Host: localhost:81[\r][\n]"
17:41:42.405 [main] DEBUG org.apache.http.wire -  >> "Connection: Keep-Alive[\r][\n]"
17:41:42.405 [main] DEBUG org.apache.http.wire -  >> "User-Agent: Apache-HttpClient/4.5.13 (Java/17)[\r][\n]"
17:41:42.405 [main] DEBUG org.apache.http.wire -  >> "Accept-Encoding: gzip,deflate[\r][\n]"
17:41:42.405 [main] DEBUG org.apache.http.wire -  >> "[\r][\n]"
17:41:42.405 [main] DEBUG org.apache.http.headers - >> POST /jsonrpc.php HTTP/1.1
17:41:42.405 [main] DEBUG org.apache.http.headers - >> Accept: */*
17:41:42.405 [main] DEBUG org.apache.http.headers - >> Content-Type: text/plain; charset=ISO-8859-1
17:41:42.405 [main] DEBUG org.apache.http.headers - >> Content-Length: 138
17:41:42.405 [main] DEBUG org.apache.http.headers - >> Host: localhost:81
17:41:42.405 [main] DEBUG org.apache.http.headers - >> Connection: Keep-Alive
17:41:42.405 [main] DEBUG org.apache.http.headers - >> User-Agent: Apache-HttpClient/4.5.13 (Java/17)
17:41:42.405 [main] DEBUG org.apache.http.headers - >> Accept-Encoding: gzip,deflate
17:41:42.405 [main] DEBUG org.apache.http.wire -  >> "{"jsonrpc":"2.0","method":"createProject","id":345,"params":{"name":"API_Project","description":"API_Project Description","owner_id":352}}"
17:41:42.414 [main] DEBUG org.apache.http.wire -  << "HTTP/1.1 401 Unauthorized[\r][\n]"
17:41:42.414 [main] DEBUG org.apache.http.wire -  << "Server: nginx[\r][\n]"
17:41:42.414 [main] DEBUG org.apache.http.wire -  << "Date: Tue, 25 Jul 2023 14:41:42 GMT[\r][\n]"
17:41:42.414 [main] DEBUG org.apache.http.wire -  << "Content-Type: application/json[\r][\n]"
17:41:42.414 [main] DEBUG org.apache.http.wire -  << "Transfer-Encoding: chunked[\r][\n]"
17:41:42.414 [main] DEBUG org.apache.http.wire -  << "Connection: keep-alive[\r][\n]"
17:41:42.414 [main] DEBUG org.apache.http.wire -  << "WWW-Authenticate: Basic realm="JsonRPC"[\r][\n]"
17:41:42.414 [main] DEBUG org.apache.http.wire -  << "[\r][\n]"
17:41:42.414 [main] DEBUG org.apache.http.impl.conn.DefaultClientConnection - Receiving response: HTTP/1.1 401 Unauthorized
17:41:42.414 [main] DEBUG org.apache.http.headers - << HTTP/1.1 401 Unauthorized
17:41:42.414 [main] DEBUG org.apache.http.headers - << Server: nginx
17:41:42.414 [main] DEBUG org.apache.http.headers - << Date: Tue, 25 Jul 2023 14:41:42 GMT
17:41:42.414 [main] DEBUG org.apache.http.headers - << Content-Type: application/json
17:41:42.414 [main] DEBUG org.apache.http.headers - << Transfer-Encoding: chunked
17:41:42.414 [main] DEBUG org.apache.http.headers - << Connection: keep-alive
17:41:42.414 [main] DEBUG org.apache.http.headers - << WWW-Authenticate: Basic realm="JsonRPC"
17:41:42.414 [main] DEBUG org.apache.http.impl.client.DefaultHttpClient - Connection can be kept alive indefinitely
17:41:42.414 [main] DEBUG org.apache.http.impl.client.DefaultHttpClient - Authentication required
17:41:42.414 [main] DEBUG org.apache.http.impl.client.DefaultHttpClient - localhost:81 requested authentication
17:41:42.414 [main] DEBUG org.apache.http.impl.client.TargetAuthenticationStrategy - Authentication schemes in the order of preference: [Negotiate, Kerberos, NTLM, CredSSP, Digest, Basic]
17:41:42.414 [main] DEBUG org.apache.http.impl.client.TargetAuthenticationStrategy - Challenge for Negotiate authentication scheme not available
17:41:42.414 [main] DEBUG org.apache.http.impl.client.TargetAuthenticationStrategy - Challenge for Kerberos authentication scheme not available
17:41:42.414 [main] DEBUG org.apache.http.impl.client.TargetAuthenticationStrategy - Challenge for NTLM authentication scheme not available
17:41:42.414 [main] DEBUG org.apache.http.impl.client.TargetAuthenticationStrategy - Challenge for CredSSP authentication scheme not available
17:41:42.414 [main] DEBUG org.apache.http.impl.client.TargetAuthenticationStrategy - Challenge for Digest authentication scheme not available
17:41:42.414 [main] DEBUG org.apache.http.impl.client.DefaultHttpClient - Selected authentication options: [BASIC [complete=true]]
17:41:42.414 [main] DEBUG org.apache.http.wire -  << "49[\r][\n]"
17:41:42.414 [main] DEBUG org.apache.http.wire -  << "{"jsonrpc":"2.0","error":{"code":401,"message":"Unauthorized"},"id":null}"
17:41:42.414 [main] DEBUG org.apache.http.wire -  << "[\r][\n]"
17:41:42.414 [main] DEBUG org.apache.http.wire -  << "0[\r][\n]"
17:41:42.414 [main] DEBUG org.apache.http.wire -  << "[\r][\n]"
17:41:42.414 [main] DEBUG org.apache.http.client.protocol.RequestAddCookies - CookieSpec selected: ignoreCookies
17:41:42.414 [main] DEBUG org.apache.http.client.protocol.RequestAuthCache - Auth cache not set in the context
17:41:42.414 [main] DEBUG org.apache.http.client.protocol.RequestTargetAuthentication - Target auth state: CHALLENGED
17:41:42.415 [main] DEBUG org.apache.http.client.protocol.RequestTargetAuthentication - Generating response to an authentication challenge using basic scheme
17:41:42.415 [main] DEBUG org.apache.http.client.protocol.RequestProxyAuthentication - Proxy auth state: UNCHALLENGED
17:41:42.415 [main] DEBUG org.apache.http.impl.client.DefaultHttpClient - Attempt 2 to execute request
17:41:42.415 [main] DEBUG org.apache.http.impl.conn.DefaultClientConnection - Sending request: POST /jsonrpc.php HTTP/1.1
17:41:42.415 [main] DEBUG org.apache.http.wire -  >> "POST /jsonrpc.php HTTP/1.1[\r][\n]"
17:41:42.415 [main] DEBUG org.apache.http.wire -  >> "Accept: */*[\r][\n]"
17:41:42.415 [main] DEBUG org.apache.http.wire -  >> "Content-Type: text/plain; charset=ISO-8859-1[\r][\n]"
17:41:42.415 [main] DEBUG org.apache.http.wire -  >> "Content-Length: 138[\r][\n]"
17:41:42.415 [main] DEBUG org.apache.http.wire -  >> "Host: localhost:81[\r][\n]"
17:41:42.415 [main] DEBUG org.apache.http.wire -  >> "Connection: Keep-Alive[\r][\n]"
17:41:42.415 [main] DEBUG org.apache.http.wire -  >> "User-Agent: Apache-HttpClient/4.5.13 (Java/17)[\r][\n]"
17:41:42.415 [main] DEBUG org.apache.http.wire -  >> "Authorization: Basic a3lyeWxvQVBJVGVzdExvZ2luOmt5cnlsb0FQSVRlc3RQYXNzd29yZA==[\r][\n]"
17:41:42.415 [main] DEBUG org.apache.http.wire -  >> "Accept-Encoding: gzip,deflate[\r][\n]"
17:41:42.415 [main] DEBUG org.apache.http.wire -  >> "[\r][\n]"
17:41:42.415 [main] DEBUG org.apache.http.headers - >> POST /jsonrpc.php HTTP/1.1
17:41:42.415 [main] DEBUG org.apache.http.headers - >> Accept: */*
17:41:42.415 [main] DEBUG org.apache.http.headers - >> Content-Type: text/plain; charset=ISO-8859-1
17:41:42.415 [main] DEBUG org.apache.http.headers - >> Content-Length: 138
17:41:42.415 [main] DEBUG org.apache.http.headers - >> Host: localhost:81
17:41:42.415 [main] DEBUG org.apache.http.headers - >> Connection: Keep-Alive
17:41:42.415 [main] DEBUG org.apache.http.headers - >> User-Agent: Apache-HttpClient/4.5.13 (Java/17)
17:41:42.415 [main] DEBUG org.apache.http.headers - >> Authorization: Basic a3lyeWxvQVBJVGVzdExvZ2luOmt5cnlsb0FQSVRlc3RQYXNzd29yZA==
17:41:42.415 [main] DEBUG org.apache.http.headers - >> Accept-Encoding: gzip,deflate
17:41:42.415 [main] DEBUG org.apache.http.wire -  >> "{"jsonrpc":"2.0","method":"createProject","id":345,"params":{"name":"API_Project","description":"API_Project Description","owner_id":352}}"
17:41:42.515 [main] DEBUG org.apache.http.wire -  << "HTTP/1.1 200 OK[\r][\n]"
17:41:42.515 [main] DEBUG org.apache.http.wire -  << "Server: nginx[\r][\n]"
17:41:42.515 [main] DEBUG org.apache.http.wire -  << "Date: Tue, 25 Jul 2023 14:41:42 GMT[\r][\n]"
17:41:42.515 [main] DEBUG org.apache.http.wire -  << "Content-Type: application/json[\r][\n]"
17:41:42.515 [main] DEBUG org.apache.http.wire -  << "Transfer-Encoding: chunked[\r][\n]"
17:41:42.515 [main] DEBUG org.apache.http.wire -  << "Connection: keep-alive[\r][\n]"
17:41:42.515 [main] DEBUG org.apache.http.wire -  << "Vary: Accept-Encoding[\r][\n]"
17:41:42.515 [main] DEBUG org.apache.http.wire -  << "Content-Encoding: gzip[\r][\n]"
17:41:42.515 [main] DEBUG org.apache.http.wire -  << "[\r][\n]"
17:41:42.515 [main] DEBUG org.apache.http.impl.conn.DefaultClientConnection - Receiving response: HTTP/1.1 200 OK
17:41:42.515 [main] DEBUG org.apache.http.headers - << HTTP/1.1 200 OK
17:41:42.515 [main] DEBUG org.apache.http.headers - << Server: nginx
17:41:42.515 [main] DEBUG org.apache.http.headers - << Date: Tue, 25 Jul 2023 14:41:42 GMT
17:41:42.515 [main] DEBUG org.apache.http.headers - << Content-Type: application/json
17:41:42.515 [main] DEBUG org.apache.http.headers - << Transfer-Encoding: chunked
17:41:42.515 [main] DEBUG org.apache.http.headers - << Connection: keep-alive
17:41:42.515 [main] DEBUG org.apache.http.headers - << Vary: Accept-Encoding
17:41:42.515 [main] DEBUG org.apache.http.headers - << Content-Encoding: gzip
17:41:42.515 [main] DEBUG org.apache.http.impl.client.DefaultHttpClient - Connection can be kept alive indefinitely
17:41:42.515 [main] DEBUG org.apache.http.impl.client.DefaultHttpClient - Authentication succeeded
17:41:42.515 [main] DEBUG org.apache.http.impl.client.TargetAuthenticationStrategy - Caching 'basic' auth scheme for http://localhost:81
17:41:42.516 [main] DEBUG io.restassured.internal.RestAssuredHttpBuilder - Parsing response as: application/json
17:41:42.516 [main] DEBUG org.apache.http.wire -  << "3b[\r][\n]"
17:41:42.516 [main] DEBUG org.apache.http.wire -  << "[0x1f][0x8b][0x8][0x0][0x0][0x0][0x0][0x0][0x0][0x3][0xab]V[0xca]*[0xce][0xcf]+*HV[0xb2]R2[0xd2]3P[0xd2]Q*J-.[0xcd])Q[0xb2]221[0xd6]Q[0xca]LQ[0xb2]261[0xad][0x5][0x0][0xed][0xad][0x8]Z'[0x0][0x0][0x0]"
17:41:42.516 [main] DEBUG org.apache.http.wire -  << "[\r][\n]"
17:41:42.516 [main] DEBUG org.apache.http.wire -  << "0[\r][\n]"
17:41:42.516 [main] DEBUG org.apache.http.wire -  << "[\r][\n]"
17:41:42.516 [main] DEBUG io.restassured.internal.RestAssuredHttpBuilder - Parsed data to instance of: class org.apache.http.conn.EofSensorInputStream
17:41:42.516 [main] DEBUG org.apache.http.impl.conn.BasicClientConnectionManager - Releasing connection org.apache.http.impl.conn.ManagedClientConnectionImpl@304704ae
17:41:42.516 [main] DEBUG org.apache.http.impl.conn.BasicClientConnectionManager - Connection can be kept alive indefinitely
{
    "jsonrpc": "2.0",
    "result": 243,
    "id": 345
}
Request method:	POST
Request URI:	http://localhost:81/jsonrpc.php
Proxy:			<none>
Request params:	<none>
Query params:	<none>
Form params:	<none>
Path params:	<none>
Headers:		Accept=*/*
				Content-Type=text/plain; charset=ISO-8859-1
Cookies:		<none>
Multiparts:		<none>
Body:
{"jsonrpc":"2.0","method":"createTask","id":678,"params":{"title":"API_TASK","description":"API_DESCRIPTION","color_id":"green","owner_id":352,"column_id":54,"priority":1,"project_id":243}}
17:41:42.525 [main] DEBUG org.apache.http.impl.conn.BasicClientConnectionManager - Get connection for route {}->http://localhost:81
17:41:42.525 [main] DEBUG org.apache.http.impl.conn.DefaultClientConnectionOperator - Connecting to localhost:81
17:41:42.527 [main] DEBUG org.apache.http.client.protocol.RequestAddCookies - CookieSpec selected: ignoreCookies
17:41:42.527 [main] DEBUG org.apache.http.client.protocol.RequestAuthCache - Auth cache not set in the context
17:41:42.527 [main] DEBUG org.apache.http.client.protocol.RequestTargetAuthentication - Target auth state: UNCHALLENGED
17:41:42.527 [main] DEBUG org.apache.http.client.protocol.RequestProxyAuthentication - Proxy auth state: UNCHALLENGED
17:41:42.527 [main] DEBUG org.apache.http.impl.client.DefaultHttpClient - Attempt 1 to execute request
17:41:42.527 [main] DEBUG org.apache.http.impl.conn.DefaultClientConnection - Sending request: POST /jsonrpc.php HTTP/1.1
17:41:42.527 [main] DEBUG org.apache.http.wire -  >> "POST /jsonrpc.php HTTP/1.1[\r][\n]"
17:41:42.527 [main] DEBUG org.apache.http.wire -  >> "Accept: */*[\r][\n]"
17:41:42.527 [main] DEBUG org.apache.http.wire -  >> "Content-Type: text/plain; charset=ISO-8859-1[\r][\n]"
17:41:42.527 [main] DEBUG org.apache.http.wire -  >> "Content-Length: 189[\r][\n]"
17:41:42.527 [main] DEBUG org.apache.http.wire -  >> "Host: localhost:81[\r][\n]"
17:41:42.527 [main] DEBUG org.apache.http.wire -  >> "Connection: Keep-Alive[\r][\n]"
17:41:42.527 [main] DEBUG org.apache.http.wire -  >> "User-Agent: Apache-HttpClient/4.5.13 (Java/17)[\r][\n]"
17:41:42.527 [main] DEBUG org.apache.http.wire -  >> "Accept-Encoding: gzip,deflate[\r][\n]"
17:41:42.527 [main] DEBUG org.apache.http.wire -  >> "[\r][\n]"
17:41:42.527 [main] DEBUG org.apache.http.headers - >> POST /jsonrpc.php HTTP/1.1
17:41:42.527 [main] DEBUG org.apache.http.headers - >> Accept: */*
17:41:42.527 [main] DEBUG org.apache.http.headers - >> Content-Type: text/plain; charset=ISO-8859-1
17:41:42.527 [main] DEBUG org.apache.http.headers - >> Content-Length: 189
17:41:42.527 [main] DEBUG org.apache.http.headers - >> Host: localhost:81
17:41:42.527 [main] DEBUG org.apache.http.headers - >> Connection: Keep-Alive
17:41:42.527 [main] DEBUG org.apache.http.headers - >> User-Agent: Apache-HttpClient/4.5.13 (Java/17)
17:41:42.527 [main] DEBUG org.apache.http.headers - >> Accept-Encoding: gzip,deflate
17:41:42.527 [main] DEBUG org.apache.http.wire -  >> "{"jsonrpc":"2.0","method":"createTask","id":678,"params":{"title":"API_TASK","description":"API_DESCRIPTION","color_id":"green","owner_id":352,"column_id":54,"priority":1,"project_id":243}}"
17:41:42.536 [main] DEBUG org.apache.http.wire -  << "HTTP/1.1 401 Unauthorized[\r][\n]"
17:41:42.537 [main] DEBUG org.apache.http.wire -  << "Server: nginx[\r][\n]"
17:41:42.537 [main] DEBUG org.apache.http.wire -  << "Date: Tue, 25 Jul 2023 14:41:42 GMT[\r][\n]"
17:41:42.537 [main] DEBUG org.apache.http.wire -  << "Content-Type: application/json[\r][\n]"
17:41:42.537 [main] DEBUG org.apache.http.wire -  << "Transfer-Encoding: chunked[\r][\n]"
17:41:42.537 [main] DEBUG org.apache.http.wire -  << "Connection: keep-alive[\r][\n]"
17:41:42.537 [main] DEBUG org.apache.http.wire -  << "WWW-Authenticate: Basic realm="JsonRPC"[\r][\n]"
17:41:42.537 [main] DEBUG org.apache.http.wire -  << "[\r][\n]"
17:41:42.537 [main] DEBUG org.apache.http.impl.conn.DefaultClientConnection - Receiving response: HTTP/1.1 401 Unauthorized
17:41:42.537 [main] DEBUG org.apache.http.headers - << HTTP/1.1 401 Unauthorized
17:41:42.537 [main] DEBUG org.apache.http.headers - << Server: nginx
17:41:42.537 [main] DEBUG org.apache.http.headers - << Date: Tue, 25 Jul 2023 14:41:42 GMT
17:41:42.537 [main] DEBUG org.apache.http.headers - << Content-Type: application/json
17:41:42.537 [main] DEBUG org.apache.http.headers - << Transfer-Encoding: chunked
17:41:42.537 [main] DEBUG org.apache.http.headers - << Connection: keep-alive
17:41:42.537 [main] DEBUG org.apache.http.headers - << WWW-Authenticate: Basic realm="JsonRPC"
17:41:42.537 [main] DEBUG org.apache.http.impl.client.DefaultHttpClient - Connection can be kept alive indefinitely
17:41:42.537 [main] DEBUG org.apache.http.impl.client.DefaultHttpClient - Authentication required
17:41:42.537 [main] DEBUG org.apache.http.impl.client.DefaultHttpClient - localhost:81 requested authentication
17:41:42.537 [main] DEBUG org.apache.http.impl.client.TargetAuthenticationStrategy - Authentication schemes in the order of preference: [Negotiate, Kerberos, NTLM, CredSSP, Digest, Basic]
17:41:42.537 [main] DEBUG org.apache.http.impl.client.TargetAuthenticationStrategy - Challenge for Negotiate authentication scheme not available
17:41:42.537 [main] DEBUG org.apache.http.impl.client.TargetAuthenticationStrategy - Challenge for Kerberos authentication scheme not available
17:41:42.537 [main] DEBUG org.apache.http.impl.client.TargetAuthenticationStrategy - Challenge for NTLM authentication scheme not available
17:41:42.537 [main] DEBUG org.apache.http.impl.client.TargetAuthenticationStrategy - Challenge for CredSSP authentication scheme not available
17:41:42.537 [main] DEBUG org.apache.http.impl.client.TargetAuthenticationStrategy - Challenge for Digest authentication scheme not available
17:41:42.537 [main] DEBUG org.apache.http.impl.client.DefaultHttpClient - Selected authentication options: [BASIC [complete=true]]
17:41:42.537 [main] DEBUG org.apache.http.wire -  << "49[\r][\n]"
17:41:42.537 [main] DEBUG org.apache.http.wire -  << "{"jsonrpc":"2.0","error":{"code":401,"message":"Unauthorized"},"id":null}"
17:41:42.537 [main] DEBUG org.apache.http.wire -  << "[\r][\n]"
17:41:42.537 [main] DEBUG org.apache.http.wire -  << "0[\r][\n]"
17:41:42.537 [main] DEBUG org.apache.http.wire -  << "[\r][\n]"
17:41:42.537 [main] DEBUG org.apache.http.client.protocol.RequestAddCookies - CookieSpec selected: ignoreCookies
17:41:42.537 [main] DEBUG org.apache.http.client.protocol.RequestAuthCache - Auth cache not set in the context
17:41:42.537 [main] DEBUG org.apache.http.client.protocol.RequestTargetAuthentication - Target auth state: CHALLENGED
17:41:42.537 [main] DEBUG org.apache.http.client.protocol.RequestTargetAuthentication - Generating response to an authentication challenge using basic scheme
17:41:42.537 [main] DEBUG org.apache.http.client.protocol.RequestProxyAuthentication - Proxy auth state: UNCHALLENGED
17:41:42.537 [main] DEBUG org.apache.http.impl.client.DefaultHttpClient - Attempt 2 to execute request
17:41:42.537 [main] DEBUG org.apache.http.impl.conn.DefaultClientConnection - Sending request: POST /jsonrpc.php HTTP/1.1
17:41:42.537 [main] DEBUG org.apache.http.wire -  >> "POST /jsonrpc.php HTTP/1.1[\r][\n]"
17:41:42.537 [main] DEBUG org.apache.http.wire -  >> "Accept: */*[\r][\n]"
17:41:42.537 [main] DEBUG org.apache.http.wire -  >> "Content-Type: text/plain; charset=ISO-8859-1[\r][\n]"
17:41:42.537 [main] DEBUG org.apache.http.wire -  >> "Content-Length: 189[\r][\n]"
17:41:42.537 [main] DEBUG org.apache.http.wire -  >> "Host: localhost:81[\r][\n]"
17:41:42.537 [main] DEBUG org.apache.http.wire -  >> "Connection: Keep-Alive[\r][\n]"
17:41:42.537 [main] DEBUG org.apache.http.wire -  >> "User-Agent: Apache-HttpClient/4.5.13 (Java/17)[\r][\n]"
17:41:42.537 [main] DEBUG org.apache.http.wire -  >> "Authorization: Basic a3lyeWxvQVBJVGVzdExvZ2luOmt5cnlsb0FQSVRlc3RQYXNzd29yZA==[\r][\n]"
17:41:42.537 [main] DEBUG org.apache.http.wire -  >> "Accept-Encoding: gzip,deflate[\r][\n]"
17:41:42.537 [main] DEBUG org.apache.http.wire -  >> "[\r][\n]"
17:41:42.537 [main] DEBUG org.apache.http.headers - >> POST /jsonrpc.php HTTP/1.1
17:41:42.537 [main] DEBUG org.apache.http.headers - >> Accept: */*
17:41:42.537 [main] DEBUG org.apache.http.headers - >> Content-Type: text/plain; charset=ISO-8859-1
17:41:42.537 [main] DEBUG org.apache.http.headers - >> Content-Length: 189
17:41:42.537 [main] DEBUG org.apache.http.headers - >> Host: localhost:81
17:41:42.537 [main] DEBUG org.apache.http.headers - >> Connection: Keep-Alive
17:41:42.537 [main] DEBUG org.apache.http.headers - >> User-Agent: Apache-HttpClient/4.5.13 (Java/17)
17:41:42.537 [main] DEBUG org.apache.http.headers - >> Authorization: Basic a3lyeWxvQVBJVGVzdExvZ2luOmt5cnlsb0FQSVRlc3RQYXNzd29yZA==
17:41:42.537 [main] DEBUG org.apache.http.headers - >> Accept-Encoding: gzip,deflate
17:41:42.537 [main] DEBUG org.apache.http.wire -  >> "{"jsonrpc":"2.0","method":"createTask","id":678,"params":{"title":"API_TASK","description":"API_DESCRIPTION","color_id":"green","owner_id":352,"column_id":54,"priority":1,"project_id":243}}"
17:41:42.662 [main] DEBUG org.apache.http.wire -  << "HTTP/1.1 200 OK[\r][\n]"
17:41:42.662 [main] DEBUG org.apache.http.wire -  << "Server: nginx[\r][\n]"
17:41:42.662 [main] DEBUG org.apache.http.wire -  << "Date: Tue, 25 Jul 2023 14:41:42 GMT[\r][\n]"
17:41:42.662 [main] DEBUG org.apache.http.wire -  << "Content-Type: application/json[\r][\n]"
17:41:42.662 [main] DEBUG org.apache.http.wire -  << "Transfer-Encoding: chunked[\r][\n]"
17:41:42.662 [main] DEBUG org.apache.http.wire -  << "Connection: keep-alive[\r][\n]"
17:41:42.662 [main] DEBUG org.apache.http.wire -  << "Vary: Accept-Encoding[\r][\n]"
17:41:42.662 [main] DEBUG org.apache.http.wire -  << "Content-Encoding: gzip[\r][\n]"
17:41:42.662 [main] DEBUG org.apache.http.wire -  << "[\r][\n]"
17:41:42.662 [main] DEBUG org.apache.http.impl.conn.DefaultClientConnection - Receiving response: HTTP/1.1 200 OK
17:41:42.662 [main] DEBUG org.apache.http.headers - << HTTP/1.1 200 OK
17:41:42.662 [main] DEBUG org.apache.http.headers - << Server: nginx
17:41:42.662 [main] DEBUG org.apache.http.headers - << Date: Tue, 25 Jul 2023 14:41:42 GMT
17:41:42.662 [main] DEBUG org.apache.http.headers - << Content-Type: application/json
17:41:42.662 [main] DEBUG org.apache.http.headers - << Transfer-Encoding: chunked
17:41:42.662 [main] DEBUG org.apache.http.headers - << Connection: keep-alive
17:41:42.662 [main] DEBUG org.apache.http.headers - << Vary: Accept-Encoding
17:41:42.662 [main] DEBUG org.apache.http.headers - << Content-Encoding: gzip
17:41:42.662 [main] DEBUG org.apache.http.impl.client.DefaultHttpClient - Connection can be kept alive indefinitely
17:41:42.662 [main] DEBUG org.apache.http.impl.client.DefaultHttpClient - Authentication succeeded
17:41:42.662 [main] DEBUG org.apache.http.impl.client.TargetAuthenticationStrategy - Caching 'basic' auth scheme for http://localhost:81
17:41:42.663 [main] DEBUG io.restassured.internal.RestAssuredHttpBuilder - Parsing response as: application/json
17:41:42.663 [main] DEBUG org.apache.http.wire -  << "3b[\r][\n]"
17:41:42.663 [main] DEBUG org.apache.http.wire -  << "[0x1f][0x8b][0x8][0x0][0x0][0x0][0x0][0x0][0x0][0x3][0xab]V[0xca]*[0xce][0xcf]+*HV[0xb2]R2[0xd2]3P[0xd2]Q*J-.[0xcd])Q[0xb2]245[0xd5]Q[0xca]LQ[0xb2]23[0xb7][0xa8][0x5][0x0])w[0xe4][0x14]'[0x0][0x0][0x0]"
17:41:42.663 [main] DEBUG org.apache.http.wire -  << "[\r][\n]"
17:41:42.663 [main] DEBUG org.apache.http.wire -  << "0[\r][\n]"
17:41:42.663 [main] DEBUG org.apache.http.wire -  << "[\r][\n]"
17:41:42.663 [main] DEBUG io.restassured.internal.RestAssuredHttpBuilder - Parsed data to instance of: class org.apache.http.conn.EofSensorInputStream
17:41:42.663 [main] DEBUG org.apache.http.impl.conn.BasicClientConnectionManager - Releasing connection org.apache.http.impl.conn.ManagedClientConnectionImpl@27422187
17:41:42.664 [main] DEBUG org.apache.http.impl.conn.BasicClientConnectionManager - Connection can be kept alive indefinitely
{
    "jsonrpc": "2.0",
    "result": 155,
    "id": 678
}
Request method:	DELETE
Request URI:	http://localhost:81/jsonrpc.php
Proxy:			<none>
Request params:	<none>
Query params:	<none>
Form params:	<none>
Path params:	<none>
Headers:		Accept=*/*
				Content-Type=text/plain; charset=ISO-8859-1
Cookies:		<none>
Multiparts:		<none>
Body:
{"jsonrpc":"2.0","method":"removeTask","id":890,"params":{"task_id":155}}
17:41:42.679 [main] DEBUG org.apache.http.impl.conn.BasicClientConnectionManager - Get connection for route {}->http://localhost:81
17:41:42.680 [main] DEBUG org.apache.http.impl.conn.DefaultClientConnectionOperator - Connecting to localhost:81
17:41:42.681 [main] DEBUG org.apache.http.client.protocol.RequestAddCookies - CookieSpec selected: ignoreCookies
17:41:42.681 [main] DEBUG org.apache.http.client.protocol.RequestAuthCache - Auth cache not set in the context
17:41:42.681 [main] DEBUG org.apache.http.client.protocol.RequestTargetAuthentication - Target auth state: UNCHALLENGED
17:41:42.681 [main] DEBUG org.apache.http.client.protocol.RequestProxyAuthentication - Proxy auth state: UNCHALLENGED
17:41:42.681 [main] DEBUG org.apache.http.impl.client.DefaultHttpClient - Attempt 1 to execute request
17:41:42.681 [main] DEBUG org.apache.http.impl.conn.DefaultClientConnection - Sending request: DELETE /jsonrpc.php HTTP/1.1
17:41:42.681 [main] DEBUG org.apache.http.wire -  >> "DELETE /jsonrpc.php HTTP/1.1[\r][\n]"
17:41:42.681 [main] DEBUG org.apache.http.wire -  >> "Accept: */*[\r][\n]"
17:41:42.681 [main] DEBUG org.apache.http.wire -  >> "Content-Type: text/plain; charset=ISO-8859-1[\r][\n]"
17:41:42.681 [main] DEBUG org.apache.http.wire -  >> "Content-Length: 73[\r][\n]"
17:41:42.681 [main] DEBUG org.apache.http.wire -  >> "Host: localhost:81[\r][\n]"
17:41:42.681 [main] DEBUG org.apache.http.wire -  >> "Connection: Keep-Alive[\r][\n]"
17:41:42.681 [main] DEBUG org.apache.http.wire -  >> "User-Agent: Apache-HttpClient/4.5.13 (Java/17)[\r][\n]"
17:41:42.681 [main] DEBUG org.apache.http.wire -  >> "Accept-Encoding: gzip,deflate[\r][\n]"
17:41:42.681 [main] DEBUG org.apache.http.wire -  >> "[\r][\n]"
17:41:42.681 [main] DEBUG org.apache.http.headers - >> DELETE /jsonrpc.php HTTP/1.1
17:41:42.681 [main] DEBUG org.apache.http.headers - >> Accept: */*
17:41:42.681 [main] DEBUG org.apache.http.headers - >> Content-Type: text/plain; charset=ISO-8859-1
17:41:42.681 [main] DEBUG org.apache.http.headers - >> Content-Length: 73
17:41:42.681 [main] DEBUG org.apache.http.headers - >> Host: localhost:81
17:41:42.681 [main] DEBUG org.apache.http.headers - >> Connection: Keep-Alive
17:41:42.681 [main] DEBUG org.apache.http.headers - >> User-Agent: Apache-HttpClient/4.5.13 (Java/17)
17:41:42.681 [main] DEBUG org.apache.http.headers - >> Accept-Encoding: gzip,deflate
17:41:42.681 [main] DEBUG org.apache.http.wire -  >> "{"jsonrpc":"2.0","method":"removeTask","id":890,"params":{"task_id":155}}"
17:41:42.694 [main] DEBUG org.apache.http.wire -  << "HTTP/1.1 401 Unauthorized[\r][\n]"
17:41:42.694 [main] DEBUG org.apache.http.wire -  << "Server: nginx[\r][\n]"
17:41:42.694 [main] DEBUG org.apache.http.wire -  << "Date: Tue, 25 Jul 2023 14:41:42 GMT[\r][\n]"
17:41:42.694 [main] DEBUG org.apache.http.wire -  << "Content-Type: application/json[\r][\n]"
17:41:42.694 [main] DEBUG org.apache.http.wire -  << "Transfer-Encoding: chunked[\r][\n]"
17:41:42.694 [main] DEBUG org.apache.http.wire -  << "Connection: keep-alive[\r][\n]"
17:41:42.694 [main] DEBUG org.apache.http.wire -  << "WWW-Authenticate: Basic realm="JsonRPC"[\r][\n]"
17:41:42.694 [main] DEBUG org.apache.http.wire -  << "[\r][\n]"
17:41:42.694 [main] DEBUG org.apache.http.impl.conn.DefaultClientConnection - Receiving response: HTTP/1.1 401 Unauthorized
17:41:42.694 [main] DEBUG org.apache.http.headers - << HTTP/1.1 401 Unauthorized
17:41:42.694 [main] DEBUG org.apache.http.headers - << Server: nginx
17:41:42.694 [main] DEBUG org.apache.http.headers - << Date: Tue, 25 Jul 2023 14:41:42 GMT
17:41:42.694 [main] DEBUG org.apache.http.headers - << Content-Type: application/json
17:41:42.694 [main] DEBUG org.apache.http.headers - << Transfer-Encoding: chunked
17:41:42.694 [main] DEBUG org.apache.http.headers - << Connection: keep-alive
17:41:42.694 [main] DEBUG org.apache.http.headers - << WWW-Authenticate: Basic realm="JsonRPC"
17:41:42.694 [main] DEBUG org.apache.http.impl.client.DefaultHttpClient - Connection can be kept alive indefinitely
17:41:42.694 [main] DEBUG org.apache.http.impl.client.DefaultHttpClient - Authentication required
17:41:42.694 [main] DEBUG org.apache.http.impl.client.DefaultHttpClient - localhost:81 requested authentication
17:41:42.694 [main] DEBUG org.apache.http.impl.client.TargetAuthenticationStrategy - Authentication schemes in the order of preference: [Negotiate, Kerberos, NTLM, CredSSP, Digest, Basic]
17:41:42.694 [main] DEBUG org.apache.http.impl.client.TargetAuthenticationStrategy - Challenge for Negotiate authentication scheme not available
17:41:42.694 [main] DEBUG org.apache.http.impl.client.TargetAuthenticationStrategy - Challenge for Kerberos authentication scheme not available
17:41:42.694 [main] DEBUG org.apache.http.impl.client.TargetAuthenticationStrategy - Challenge for NTLM authentication scheme not available
17:41:42.694 [main] DEBUG org.apache.http.impl.client.TargetAuthenticationStrategy - Challenge for CredSSP authentication scheme not available
17:41:42.694 [main] DEBUG org.apache.http.impl.client.TargetAuthenticationStrategy - Challenge for Digest authentication scheme not available
17:41:42.694 [main] DEBUG org.apache.http.impl.client.DefaultHttpClient - Selected authentication options: [BASIC [complete=true]]
17:41:42.694 [main] DEBUG org.apache.http.wire -  << "49[\r][\n]"
17:41:42.694 [main] DEBUG org.apache.http.wire -  << "{"jsonrpc":"2.0","error":{"code":401,"message":"Unauthorized"},"id":null}"
17:41:42.694 [main] DEBUG org.apache.http.wire -  << "[\r][\n]"
17:41:42.694 [main] DEBUG org.apache.http.wire -  << "0[\r][\n]"
17:41:42.694 [main] DEBUG org.apache.http.wire -  << "[\r][\n]"
17:41:42.694 [main] DEBUG org.apache.http.client.protocol.RequestAddCookies - CookieSpec selected: ignoreCookies
17:41:42.694 [main] DEBUG org.apache.http.client.protocol.RequestAuthCache - Auth cache not set in the context
17:41:42.694 [main] DEBUG org.apache.http.client.protocol.RequestTargetAuthentication - Target auth state: CHALLENGED
17:41:42.694 [main] DEBUG org.apache.http.client.protocol.RequestTargetAuthentication - Generating response to an authentication challenge using basic scheme
17:41:42.694 [main] DEBUG org.apache.http.client.protocol.RequestProxyAuthentication - Proxy auth state: UNCHALLENGED
17:41:42.694 [main] DEBUG org.apache.http.impl.client.DefaultHttpClient - Attempt 2 to execute request
17:41:42.694 [main] DEBUG org.apache.http.impl.conn.DefaultClientConnection - Sending request: DELETE /jsonrpc.php HTTP/1.1
17:41:42.694 [main] DEBUG org.apache.http.wire -  >> "DELETE /jsonrpc.php HTTP/1.1[\r][\n]"
17:41:42.694 [main] DEBUG org.apache.http.wire -  >> "Accept: */*[\r][\n]"
17:41:42.694 [main] DEBUG org.apache.http.wire -  >> "Content-Type: text/plain; charset=ISO-8859-1[\r][\n]"
17:41:42.694 [main] DEBUG org.apache.http.wire -  >> "Content-Length: 73[\r][\n]"
17:41:42.694 [main] DEBUG org.apache.http.wire -  >> "Host: localhost:81[\r][\n]"
17:41:42.694 [main] DEBUG org.apache.http.wire -  >> "Connection: Keep-Alive[\r][\n]"
17:41:42.694 [main] DEBUG org.apache.http.wire -  >> "User-Agent: Apache-HttpClient/4.5.13 (Java/17)[\r][\n]"
17:41:42.694 [main] DEBUG org.apache.http.wire -  >> "Authorization: Basic a3lyeWxvQVBJVGVzdExvZ2luOmt5cnlsb0FQSVRlc3RQYXNzd29yZA==[\r][\n]"
17:41:42.694 [main] DEBUG org.apache.http.wire -  >> "Accept-Encoding: gzip,deflate[\r][\n]"
17:41:42.694 [main] DEBUG org.apache.http.wire -  >> "[\r][\n]"
17:41:42.694 [main] DEBUG org.apache.http.headers - >> DELETE /jsonrpc.php HTTP/1.1
17:41:42.694 [main] DEBUG org.apache.http.headers - >> Accept: */*
17:41:42.694 [main] DEBUG org.apache.http.headers - >> Content-Type: text/plain; charset=ISO-8859-1
17:41:42.694 [main] DEBUG org.apache.http.headers - >> Content-Length: 73
17:41:42.694 [main] DEBUG org.apache.http.headers - >> Host: localhost:81
17:41:42.694 [main] DEBUG org.apache.http.headers - >> Connection: Keep-Alive
17:41:42.694 [main] DEBUG org.apache.http.headers - >> User-Agent: Apache-HttpClient/4.5.13 (Java/17)
17:41:42.694 [main] DEBUG org.apache.http.headers - >> Authorization: Basic a3lyeWxvQVBJVGVzdExvZ2luOmt5cnlsb0FQSVRlc3RQYXNzd29yZA==
17:41:42.694 [main] DEBUG org.apache.http.headers - >> Accept-Encoding: gzip,deflate
17:41:42.694 [main] DEBUG org.apache.http.wire -  >> "{"jsonrpc":"2.0","method":"removeTask","id":890,"params":{"task_id":155}}"
17:41:42.819 [main] DEBUG org.apache.http.wire -  << "HTTP/1.1 200 OK[\r][\n]"
17:41:42.819 [main] DEBUG org.apache.http.wire -  << "Server: nginx[\r][\n]"
17:41:42.819 [main] DEBUG org.apache.http.wire -  << "Date: Tue, 25 Jul 2023 14:41:42 GMT[\r][\n]"
17:41:42.819 [main] DEBUG org.apache.http.wire -  << "Content-Type: application/json[\r][\n]"
17:41:42.819 [main] DEBUG org.apache.http.wire -  << "Transfer-Encoding: chunked[\r][\n]"
17:41:42.819 [main] DEBUG org.apache.http.wire -  << "Connection: keep-alive[\r][\n]"
17:41:42.819 [main] DEBUG org.apache.http.wire -  << "Vary: Accept-Encoding[\r][\n]"
17:41:42.819 [main] DEBUG org.apache.http.wire -  << "Content-Encoding: gzip[\r][\n]"
17:41:42.819 [main] DEBUG org.apache.http.wire -  << "[\r][\n]"
17:41:42.819 [main] DEBUG org.apache.http.impl.conn.DefaultClientConnection - Receiving response: HTTP/1.1 200 OK
17:41:42.819 [main] DEBUG org.apache.http.headers - << HTTP/1.1 200 OK
17:41:42.819 [main] DEBUG org.apache.http.headers - << Server: nginx
17:41:42.819 [main] DEBUG org.apache.http.headers - << Date: Tue, 25 Jul 2023 14:41:42 GMT
17:41:42.819 [main] DEBUG org.apache.http.headers - << Content-Type: application/json
17:41:42.819 [main] DEBUG org.apache.http.headers - << Transfer-Encoding: chunked
17:41:42.819 [main] DEBUG org.apache.http.headers - << Connection: keep-alive
17:41:42.819 [main] DEBUG org.apache.http.headers - << Vary: Accept-Encoding
17:41:42.819 [main] DEBUG org.apache.http.headers - << Content-Encoding: gzip
17:41:42.819 [main] DEBUG org.apache.http.impl.client.DefaultHttpClient - Connection can be kept alive indefinitely
17:41:42.820 [main] DEBUG org.apache.http.impl.client.DefaultHttpClient - Authentication succeeded
17:41:42.820 [main] DEBUG org.apache.http.impl.client.TargetAuthenticationStrategy - Caching 'basic' auth scheme for http://localhost:81
17:41:42.820 [main] DEBUG io.restassured.internal.RestAssuredHttpBuilder - Parsing response as: application/json
17:41:42.820 [main] DEBUG org.apache.http.wire -  << "3c[\r][\n]"
17:41:42.820 [main] DEBUG org.apache.http.wire -  << "[0x1f][0x8b][0x8][0x0][0x0][0x0][0x0][0x0][0x0][0x3][0xab]V[0xca]*[0xce][0xcf]+*HV[0xb2]R2[0xd2]3P[0xd2]Q*J-.[0xcd])Q[0xb2]*)*M[0xd5]Q[0xca]LQ[0xb2][0xb2][0xb0]4[0xa8][0x5][0x0][0xc7][0xde]A[0xee]([0x0][0x0][0x0]"
17:41:42.820 [main] DEBUG org.apache.http.wire -  << "[\r][\n]"
17:41:42.820 [main] DEBUG org.apache.http.wire -  << "0[\r][\n]"
17:41:42.820 [main] DEBUG org.apache.http.wire -  << "[\r][\n]"
17:41:42.820 [main] DEBUG io.restassured.internal.RestAssuredHttpBuilder - Parsed data to instance of: class org.apache.http.conn.EofSensorInputStream
17:41:42.821 [main] DEBUG org.apache.http.impl.conn.BasicClientConnectionManager - Releasing connection org.apache.http.impl.conn.ManagedClientConnectionImpl@6447dc25
17:41:42.821 [main] DEBUG org.apache.http.impl.conn.BasicClientConnectionManager - Connection can be kept alive indefinitely
{
    "jsonrpc": "2.0",
    "result": true,
    "id": 890
}
]]></system-out>
  </testcase>
  <testcase name="AddCommentToTaskValidData" classname="COMBINED.TaskTest" time="5.762">
    <system-out><![CDATA[Request method:	DELETE
Request URI:	http://localhost:81/jsonrpc.php
Proxy:			<none>
Request params:	<none>
Query params:	<none>
Form params:	<none>
Path params:	<none>
Headers:		Accept=*/*
				Content-Type=text/plain; charset=ISO-8859-1
Cookies:		<none>
Multiparts:		<none>
Body:
{"jsonrpc":"2.0","method":"removeUser","id":234,"params":{"user_id":352}}
17:41:42.846 [main] DEBUG org.apache.http.impl.conn.BasicClientConnectionManager - Get connection for route {}->http://localhost:81
17:41:42.847 [main] DEBUG org.apache.http.impl.conn.DefaultClientConnectionOperator - Connecting to localhost:81
17:41:42.848 [main] DEBUG org.apache.http.client.protocol.RequestAddCookies - CookieSpec selected: ignoreCookies
17:41:42.848 [main] DEBUG org.apache.http.client.protocol.RequestAuthCache - Auth cache not set in the context
17:41:42.848 [main] DEBUG org.apache.http.client.protocol.RequestTargetAuthentication - Target auth state: UNCHALLENGED
17:41:42.849 [main] DEBUG org.apache.http.client.protocol.RequestProxyAuthentication - Proxy auth state: UNCHALLENGED
17:41:42.849 [main] DEBUG org.apache.http.impl.client.DefaultHttpClient - Attempt 1 to execute request
17:41:42.849 [main] DEBUG org.apache.http.impl.conn.DefaultClientConnection - Sending request: DELETE /jsonrpc.php HTTP/1.1
17:41:42.849 [main] DEBUG org.apache.http.wire -  >> "DELETE /jsonrpc.php HTTP/1.1[\r][\n]"
17:41:42.849 [main] DEBUG org.apache.http.wire -  >> "Accept: */*[\r][\n]"
17:41:42.849 [main] DEBUG org.apache.http.wire -  >> "Content-Type: text/plain; charset=ISO-8859-1[\r][\n]"
17:41:42.849 [main] DEBUG org.apache.http.wire -  >> "Content-Length: 73[\r][\n]"
17:41:42.849 [main] DEBUG org.apache.http.wire -  >> "Host: localhost:81[\r][\n]"
17:41:42.849 [main] DEBUG org.apache.http.wire -  >> "Connection: Keep-Alive[\r][\n]"
17:41:42.849 [main] DEBUG org.apache.http.wire -  >> "User-Agent: Apache-HttpClient/4.5.13 (Java/17)[\r][\n]"
17:41:42.849 [main] DEBUG org.apache.http.wire -  >> "Accept-Encoding: gzip,deflate[\r][\n]"
17:41:42.849 [main] DEBUG org.apache.http.wire -  >> "[\r][\n]"
17:41:42.849 [main] DEBUG org.apache.http.headers - >> DELETE /jsonrpc.php HTTP/1.1
17:41:42.849 [main] DEBUG org.apache.http.headers - >> Accept: */*
17:41:42.849 [main] DEBUG org.apache.http.headers - >> Content-Type: text/plain; charset=ISO-8859-1
17:41:42.849 [main] DEBUG org.apache.http.headers - >> Content-Length: 73
17:41:42.849 [main] DEBUG org.apache.http.headers - >> Host: localhost:81
17:41:42.849 [main] DEBUG org.apache.http.headers - >> Connection: Keep-Alive
17:41:42.849 [main] DEBUG org.apache.http.headers - >> User-Agent: Apache-HttpClient/4.5.13 (Java/17)
17:41:42.849 [main] DEBUG org.apache.http.headers - >> Accept-Encoding: gzip,deflate
17:41:42.849 [main] DEBUG org.apache.http.wire -  >> "{"jsonrpc":"2.0","method":"removeUser","id":234,"params":{"user_id":352}}"
17:41:42.864 [main] DEBUG org.apache.http.wire -  << "HTTP/1.1 401 Unauthorized[\r][\n]"
17:41:42.865 [main] DEBUG org.apache.http.wire -  << "Server: nginx[\r][\n]"
17:41:42.865 [main] DEBUG org.apache.http.wire -  << "Date: Tue, 25 Jul 2023 14:41:42 GMT[\r][\n]"
17:41:42.865 [main] DEBUG org.apache.http.wire -  << "Content-Type: application/json[\r][\n]"
17:41:42.865 [main] DEBUG org.apache.http.wire -  << "Transfer-Encoding: chunked[\r][\n]"
17:41:42.865 [main] DEBUG org.apache.http.wire -  << "Connection: keep-alive[\r][\n]"
17:41:42.865 [main] DEBUG org.apache.http.wire -  << "WWW-Authenticate: Basic realm="JsonRPC"[\r][\n]"
17:41:42.865 [main] DEBUG org.apache.http.wire -  << "[\r][\n]"
17:41:42.865 [main] DEBUG org.apache.http.impl.conn.DefaultClientConnection - Receiving response: HTTP/1.1 401 Unauthorized
17:41:42.865 [main] DEBUG org.apache.http.headers - << HTTP/1.1 401 Unauthorized
17:41:42.865 [main] DEBUG org.apache.http.headers - << Server: nginx
17:41:42.865 [main] DEBUG org.apache.http.headers - << Date: Tue, 25 Jul 2023 14:41:42 GMT
17:41:42.865 [main] DEBUG org.apache.http.headers - << Content-Type: application/json
17:41:42.865 [main] DEBUG org.apache.http.headers - << Transfer-Encoding: chunked
17:41:42.865 [main] DEBUG org.apache.http.headers - << Connection: keep-alive
17:41:42.865 [main] DEBUG org.apache.http.headers - << WWW-Authenticate: Basic realm="JsonRPC"
17:41:42.865 [main] DEBUG org.apache.http.impl.client.DefaultHttpClient - Connection can be kept alive indefinitely
17:41:42.865 [main] DEBUG org.apache.http.impl.client.DefaultHttpClient - Authentication required
17:41:42.865 [main] DEBUG org.apache.http.impl.client.DefaultHttpClient - localhost:81 requested authentication
17:41:42.865 [main] DEBUG org.apache.http.impl.client.TargetAuthenticationStrategy - Authentication schemes in the order of preference: [Negotiate, Kerberos, NTLM, CredSSP, Digest, Basic]
17:41:42.865 [main] DEBUG org.apache.http.impl.client.TargetAuthenticationStrategy - Challenge for Negotiate authentication scheme not available
17:41:42.865 [main] DEBUG org.apache.http.impl.client.TargetAuthenticationStrategy - Challenge for Kerberos authentication scheme not available
17:41:42.865 [main] DEBUG org.apache.http.impl.client.TargetAuthenticationStrategy - Challenge for NTLM authentication scheme not available
17:41:42.865 [main] DEBUG org.apache.http.impl.client.TargetAuthenticationStrategy - Challenge for CredSSP authentication scheme not available
17:41:42.865 [main] DEBUG org.apache.http.impl.client.TargetAuthenticationStrategy - Challenge for Digest authentication scheme not available
17:41:42.865 [main] DEBUG org.apache.http.impl.client.DefaultHttpClient - Selected authentication options: [BASIC [complete=true]]
17:41:42.865 [main] DEBUG org.apache.http.wire -  << "49[\r][\n]"
17:41:42.865 [main] DEBUG org.apache.http.wire -  << "{"jsonrpc":"2.0","error":{"code":401,"message":"Unauthorized"},"id":null}"
17:41:42.865 [main] DEBUG org.apache.http.wire -  << "[\r][\n]"
17:41:42.865 [main] DEBUG org.apache.http.wire -  << "0[\r][\n]"
17:41:42.865 [main] DEBUG org.apache.http.wire -  << "[\r][\n]"
17:41:42.865 [main] DEBUG org.apache.http.client.protocol.RequestAddCookies - CookieSpec selected: ignoreCookies
17:41:42.865 [main] DEBUG org.apache.http.client.protocol.RequestAuthCache - Auth cache not set in the context
17:41:42.865 [main] DEBUG org.apache.http.client.protocol.RequestTargetAuthentication - Target auth state: CHALLENGED
17:41:42.865 [main] DEBUG org.apache.http.client.protocol.RequestTargetAuthentication - Generating response to an authentication challenge using basic scheme
17:41:42.865 [main] DEBUG org.apache.http.client.protocol.RequestProxyAuthentication - Proxy auth state: UNCHALLENGED
17:41:42.866 [main] DEBUG org.apache.http.impl.client.DefaultHttpClient - Attempt 2 to execute request
17:41:42.866 [main] DEBUG org.apache.http.impl.conn.DefaultClientConnection - Sending request: DELETE /jsonrpc.php HTTP/1.1
17:41:42.866 [main] DEBUG org.apache.http.wire -  >> "DELETE /jsonrpc.php HTTP/1.1[\r][\n]"
17:41:42.866 [main] DEBUG org.apache.http.wire -  >> "Accept: */*[\r][\n]"
17:41:42.866 [main] DEBUG org.apache.http.wire -  >> "Content-Type: text/plain; charset=ISO-8859-1[\r][\n]"
17:41:42.866 [main] DEBUG org.apache.http.wire -  >> "Content-Length: 73[\r][\n]"
17:41:42.866 [main] DEBUG org.apache.http.wire -  >> "Host: localhost:81[\r][\n]"
17:41:42.866 [main] DEBUG org.apache.http.wire -  >> "Connection: Keep-Alive[\r][\n]"
17:41:42.866 [main] DEBUG org.apache.http.wire -  >> "User-Agent: Apache-HttpClient/4.5.13 (Java/17)[\r][\n]"
17:41:42.866 [main] DEBUG org.apache.http.wire -  >> "Authorization: Basic YWRtaW46YWRtaW4=[\r][\n]"
17:41:42.866 [main] DEBUG org.apache.http.wire -  >> "Accept-Encoding: gzip,deflate[\r][\n]"
17:41:42.866 [main] DEBUG org.apache.http.wire -  >> "[\r][\n]"
17:41:42.866 [main] DEBUG org.apache.http.headers - >> DELETE /jsonrpc.php HTTP/1.1
17:41:42.866 [main] DEBUG org.apache.http.headers - >> Accept: */*
17:41:42.866 [main] DEBUG org.apache.http.headers - >> Content-Type: text/plain; charset=ISO-8859-1
17:41:42.866 [main] DEBUG org.apache.http.headers - >> Content-Length: 73
17:41:42.866 [main] DEBUG org.apache.http.headers - >> Host: localhost:81
17:41:42.866 [main] DEBUG org.apache.http.headers - >> Connection: Keep-Alive
17:41:42.866 [main] DEBUG org.apache.http.headers - >> User-Agent: Apache-HttpClient/4.5.13 (Java/17)
17:41:42.866 [main] DEBUG org.apache.http.headers - >> Authorization: Basic YWRtaW46YWRtaW4=
17:41:42.866 [main] DEBUG org.apache.http.headers - >> Accept-Encoding: gzip,deflate
17:41:42.866 [main] DEBUG org.apache.http.wire -  >> "{"jsonrpc":"2.0","method":"removeUser","id":234,"params":{"user_id":352}}"
17:41:42.985 [main] DEBUG org.apache.http.wire -  << "HTTP/1.1 200 OK[\r][\n]"
17:41:42.985 [main] DEBUG org.apache.http.wire -  << "Server: nginx[\r][\n]"
17:41:42.985 [main] DEBUG org.apache.http.wire -  << "Date: Tue, 25 Jul 2023 14:41:42 GMT[\r][\n]"
17:41:42.985 [main] DEBUG org.apache.http.wire -  << "Content-Type: application/json[\r][\n]"
17:41:42.985 [main] DEBUG org.apache.http.wire -  << "Transfer-Encoding: chunked[\r][\n]"
17:41:42.985 [main] DEBUG org.apache.http.wire -  << "Connection: keep-alive[\r][\n]"
17:41:42.985 [main] DEBUG org.apache.http.wire -  << "Vary: Accept-Encoding[\r][\n]"
17:41:42.985 [main] DEBUG org.apache.http.wire -  << "Content-Encoding: gzip[\r][\n]"
17:41:42.985 [main] DEBUG org.apache.http.wire -  << "[\r][\n]"
17:41:42.985 [main] DEBUG org.apache.http.impl.conn.DefaultClientConnection - Receiving response: HTTP/1.1 200 OK
17:41:42.985 [main] DEBUG org.apache.http.headers - << HTTP/1.1 200 OK
17:41:42.985 [main] DEBUG org.apache.http.headers - << Server: nginx
17:41:42.985 [main] DEBUG org.apache.http.headers - << Date: Tue, 25 Jul 2023 14:41:42 GMT
17:41:42.985 [main] DEBUG org.apache.http.headers - << Content-Type: application/json
17:41:42.985 [main] DEBUG org.apache.http.headers - << Transfer-Encoding: chunked
17:41:42.985 [main] DEBUG org.apache.http.headers - << Connection: keep-alive
17:41:42.985 [main] DEBUG org.apache.http.headers - << Vary: Accept-Encoding
17:41:42.985 [main] DEBUG org.apache.http.headers - << Content-Encoding: gzip
17:41:42.985 [main] DEBUG org.apache.http.impl.client.DefaultHttpClient - Connection can be kept alive indefinitely
17:41:42.985 [main] DEBUG org.apache.http.impl.client.DefaultHttpClient - Authentication succeeded
17:41:42.985 [main] DEBUG org.apache.http.impl.client.TargetAuthenticationStrategy - Caching 'basic' auth scheme for http://localhost:81
17:41:42.986 [main] DEBUG io.restassured.internal.RestAssuredHttpBuilder - Parsing response as: application/json
17:41:42.986 [main] DEBUG org.apache.http.wire -  << "3c[\r][\n]"
17:41:42.986 [main] DEBUG org.apache.http.wire -  << "[0x1f][0x8b][0x8][0x0][0x0][0x0][0x0][0x0][0x0][0x3][0xab]V[0xca]*[0xce][0xcf]+*HV[0xb2]R2[0xd2]3P[0xd2]Q*J-.[0xcd])Q[0xb2]*)*M[0xd5]Q[0xca]LQ[0xb2]226[0xa9][0x5][0x0]q~[0x7][0xe8]([0x0][0x0][0x0]"
17:41:42.986 [main] DEBUG org.apache.http.wire -  << "[\r][\n]"
17:41:42.986 [main] DEBUG org.apache.http.wire -  << "0[\r][\n]"
17:41:42.986 [main] DEBUG org.apache.http.wire -  << "[\r][\n]"
17:41:42.986 [main] DEBUG io.restassured.internal.RestAssuredHttpBuilder - Parsed data to instance of: class org.apache.http.conn.EofSensorInputStream
17:41:42.987 [main] DEBUG org.apache.http.impl.conn.BasicClientConnectionManager - Releasing connection org.apache.http.impl.conn.ManagedClientConnectionImpl@ce8b59e
17:41:42.987 [main] DEBUG org.apache.http.impl.conn.BasicClientConnectionManager - Connection can be kept alive indefinitely
{
    "jsonrpc": "2.0",
    "result": true,
    "id": 234
}
Request method:	POST
Request URI:	http://localhost:81/jsonrpc.php
Proxy:			<none>
Request params:	<none>
Query params:	<none>
Form params:	<none>
Path params:	<none>
Headers:		Accept=*/*
				Content-Type=text/plain; charset=ISO-8859-1
Cookies:		<none>
Multiparts:		<none>
Body:
{"jsonrpc":"2.0","method":"createUser","id":123123,"params":{"username":"kyryloAPITestLogin","password":"kyryloAPITestPassword","name":"kyrylo","email":"kyryloAPITest@mail.com","role":"app-manager"}}
17:41:43.004 [main] DEBUG org.apache.http.impl.conn.BasicClientConnectionManager - Get connection for route {}->http://localhost:81
17:41:43.004 [main] DEBUG org.apache.http.impl.conn.DefaultClientConnectionOperator - Connecting to localhost:81
17:41:43.005 [main] DEBUG org.apache.http.client.protocol.RequestAddCookies - CookieSpec selected: ignoreCookies
17:41:43.005 [main] DEBUG org.apache.http.client.protocol.RequestAuthCache - Auth cache not set in the context
17:41:43.005 [main] DEBUG org.apache.http.client.protocol.RequestTargetAuthentication - Target auth state: UNCHALLENGED
17:41:43.005 [main] DEBUG org.apache.http.client.protocol.RequestProxyAuthentication - Proxy auth state: UNCHALLENGED
17:41:43.005 [main] DEBUG org.apache.http.impl.client.DefaultHttpClient - Attempt 1 to execute request
17:41:43.005 [main] DEBUG org.apache.http.impl.conn.DefaultClientConnection - Sending request: POST /jsonrpc.php HTTP/1.1
17:41:43.005 [main] DEBUG org.apache.http.wire -  >> "POST /jsonrpc.php HTTP/1.1[\r][\n]"
17:41:43.005 [main] DEBUG org.apache.http.wire -  >> "Accept: */*[\r][\n]"
17:41:43.005 [main] DEBUG org.apache.http.wire -  >> "Content-Type: text/plain; charset=ISO-8859-1[\r][\n]"
17:41:43.005 [main] DEBUG org.apache.http.wire -  >> "Content-Length: 199[\r][\n]"
17:41:43.005 [main] DEBUG org.apache.http.wire -  >> "Host: localhost:81[\r][\n]"
17:41:43.005 [main] DEBUG org.apache.http.wire -  >> "Connection: Keep-Alive[\r][\n]"
17:41:43.005 [main] DEBUG org.apache.http.wire -  >> "User-Agent: Apache-HttpClient/4.5.13 (Java/17)[\r][\n]"
17:41:43.005 [main] DEBUG org.apache.http.wire -  >> "Accept-Encoding: gzip,deflate[\r][\n]"
17:41:43.005 [main] DEBUG org.apache.http.wire -  >> "[\r][\n]"
17:41:43.005 [main] DEBUG org.apache.http.headers - >> POST /jsonrpc.php HTTP/1.1
17:41:43.005 [main] DEBUG org.apache.http.headers - >> Accept: */*
17:41:43.005 [main] DEBUG org.apache.http.headers - >> Content-Type: text/plain; charset=ISO-8859-1
17:41:43.005 [main] DEBUG org.apache.http.headers - >> Content-Length: 199
17:41:43.005 [main] DEBUG org.apache.http.headers - >> Host: localhost:81
17:41:43.005 [main] DEBUG org.apache.http.headers - >> Connection: Keep-Alive
17:41:43.005 [main] DEBUG org.apache.http.headers - >> User-Agent: Apache-HttpClient/4.5.13 (Java/17)
17:41:43.005 [main] DEBUG org.apache.http.headers - >> Accept-Encoding: gzip,deflate
17:41:43.005 [main] DEBUG org.apache.http.wire -  >> "{"jsonrpc":"2.0","method":"createUser","id":123123,"params":{"username":"kyryloAPITestLogin","password":"kyryloAPITestPassword","name":"kyrylo","email":"kyryloAPITest@mail.com","role":"app-manager"}}"
17:41:43.027 [main] DEBUG org.apache.http.wire -  << "HTTP/1.1 401 Unauthorized[\r][\n]"
17:41:43.028 [main] DEBUG org.apache.http.wire -  << "Server: nginx[\r][\n]"
17:41:43.028 [main] DEBUG org.apache.http.wire -  << "Date: Tue, 25 Jul 2023 14:41:43 GMT[\r][\n]"
17:41:43.028 [main] DEBUG org.apache.http.wire -  << "Content-Type: application/json[\r][\n]"
17:41:43.028 [main] DEBUG org.apache.http.wire -  << "Transfer-Encoding: chunked[\r][\n]"
17:41:43.028 [main] DEBUG org.apache.http.wire -  << "Connection: keep-alive[\r][\n]"
17:41:43.028 [main] DEBUG org.apache.http.wire -  << "WWW-Authenticate: Basic realm="JsonRPC"[\r][\n]"
17:41:43.028 [main] DEBUG org.apache.http.wire -  << "[\r][\n]"
17:41:43.028 [main] DEBUG org.apache.http.impl.conn.DefaultClientConnection - Receiving response: HTTP/1.1 401 Unauthorized
17:41:43.028 [main] DEBUG org.apache.http.headers - << HTTP/1.1 401 Unauthorized
17:41:43.028 [main] DEBUG org.apache.http.headers - << Server: nginx
17:41:43.028 [main] DEBUG org.apache.http.headers - << Date: Tue, 25 Jul 2023 14:41:43 GMT
17:41:43.028 [main] DEBUG org.apache.http.headers - << Content-Type: application/json
17:41:43.028 [main] DEBUG org.apache.http.headers - << Transfer-Encoding: chunked
17:41:43.028 [main] DEBUG org.apache.http.headers - << Connection: keep-alive
17:41:43.028 [main] DEBUG org.apache.http.headers - << WWW-Authenticate: Basic realm="JsonRPC"
17:41:43.028 [main] DEBUG org.apache.http.impl.client.DefaultHttpClient - Connection can be kept alive indefinitely
17:41:43.028 [main] DEBUG org.apache.http.impl.client.DefaultHttpClient - Authentication required
17:41:43.028 [main] DEBUG org.apache.http.impl.client.DefaultHttpClient - localhost:81 requested authentication
17:41:43.028 [main] DEBUG org.apache.http.impl.client.TargetAuthenticationStrategy - Authentication schemes in the order of preference: [Negotiate, Kerberos, NTLM, CredSSP, Digest, Basic]
17:41:43.028 [main] DEBUG org.apache.http.impl.client.TargetAuthenticationStrategy - Challenge for Negotiate authentication scheme not available
17:41:43.028 [main] DEBUG org.apache.http.impl.client.TargetAuthenticationStrategy - Challenge for Kerberos authentication scheme not available
17:41:43.028 [main] DEBUG org.apache.http.impl.client.TargetAuthenticationStrategy - Challenge for NTLM authentication scheme not available
17:41:43.028 [main] DEBUG org.apache.http.impl.client.TargetAuthenticationStrategy - Challenge for CredSSP authentication scheme not available
17:41:43.028 [main] DEBUG org.apache.http.impl.client.TargetAuthenticationStrategy - Challenge for Digest authentication scheme not available
17:41:43.028 [main] DEBUG org.apache.http.impl.client.DefaultHttpClient - Selected authentication options: [BASIC [complete=true]]
17:41:43.028 [main] DEBUG org.apache.http.wire -  << "49[\r][\n]"
17:41:43.028 [main] DEBUG org.apache.http.wire -  << "{"jsonrpc":"2.0","error":{"code":401,"message":"Unauthorized"},"id":null}"
17:41:43.028 [main] DEBUG org.apache.http.wire -  << "[\r][\n]"
17:41:43.028 [main] DEBUG org.apache.http.wire -  << "0[\r][\n]"
17:41:43.028 [main] DEBUG org.apache.http.wire -  << "[\r][\n]"
17:41:43.028 [main] DEBUG org.apache.http.client.protocol.RequestAddCookies - CookieSpec selected: ignoreCookies
17:41:43.028 [main] DEBUG org.apache.http.client.protocol.RequestAuthCache - Auth cache not set in the context
17:41:43.028 [main] DEBUG org.apache.http.client.protocol.RequestTargetAuthentication - Target auth state: CHALLENGED
17:41:43.028 [main] DEBUG org.apache.http.client.protocol.RequestTargetAuthentication - Generating response to an authentication challenge using basic scheme
17:41:43.029 [main] DEBUG org.apache.http.client.protocol.RequestProxyAuthentication - Proxy auth state: UNCHALLENGED
17:41:43.029 [main] DEBUG org.apache.http.impl.client.DefaultHttpClient - Attempt 2 to execute request
17:41:43.029 [main] DEBUG org.apache.http.impl.conn.DefaultClientConnection - Sending request: POST /jsonrpc.php HTTP/1.1
17:41:43.029 [main] DEBUG org.apache.http.wire -  >> "POST /jsonrpc.php HTTP/1.1[\r][\n]"
17:41:43.029 [main] DEBUG org.apache.http.wire -  >> "Accept: */*[\r][\n]"
17:41:43.029 [main] DEBUG org.apache.http.wire -  >> "Content-Type: text/plain; charset=ISO-8859-1[\r][\n]"
17:41:43.029 [main] DEBUG org.apache.http.wire -  >> "Content-Length: 199[\r][\n]"
17:41:43.029 [main] DEBUG org.apache.http.wire -  >> "Host: localhost:81[\r][\n]"
17:41:43.029 [main] DEBUG org.apache.http.wire -  >> "Connection: Keep-Alive[\r][\n]"
17:41:43.029 [main] DEBUG org.apache.http.wire -  >> "User-Agent: Apache-HttpClient/4.5.13 (Java/17)[\r][\n]"
17:41:43.029 [main] DEBUG org.apache.http.wire -  >> "Authorization: Basic YWRtaW46YWRtaW4=[\r][\n]"
17:41:43.029 [main] DEBUG org.apache.http.wire -  >> "Accept-Encoding: gzip,deflate[\r][\n]"
17:41:43.029 [main] DEBUG org.apache.http.wire -  >> "[\r][\n]"
17:41:43.029 [main] DEBUG org.apache.http.headers - >> POST /jsonrpc.php HTTP/1.1
17:41:43.029 [main] DEBUG org.apache.http.headers - >> Accept: */*
17:41:43.029 [main] DEBUG org.apache.http.headers - >> Content-Type: text/plain; charset=ISO-8859-1
17:41:43.029 [main] DEBUG org.apache.http.headers - >> Content-Length: 199
17:41:43.029 [main] DEBUG org.apache.http.headers - >> Host: localhost:81
17:41:43.029 [main] DEBUG org.apache.http.headers - >> Connection: Keep-Alive
17:41:43.029 [main] DEBUG org.apache.http.headers - >> User-Agent: Apache-HttpClient/4.5.13 (Java/17)
17:41:43.029 [main] DEBUG org.apache.http.headers - >> Authorization: Basic YWRtaW46YWRtaW4=
17:41:43.029 [main] DEBUG org.apache.http.headers - >> Accept-Encoding: gzip,deflate
17:41:43.029 [main] DEBUG org.apache.http.wire -  >> "{"jsonrpc":"2.0","method":"createUser","id":123123,"params":{"username":"kyryloAPITestLogin","password":"kyryloAPITestPassword","name":"kyrylo","email":"kyryloAPITest@mail.com","role":"app-manager"}}"
17:41:43.214 [main] DEBUG org.apache.http.wire -  << "HTTP/1.1 200 OK[\r][\n]"
17:41:43.214 [main] DEBUG org.apache.http.wire -  << "Server: nginx[\r][\n]"
17:41:43.214 [main] DEBUG org.apache.http.wire -  << "Date: Tue, 25 Jul 2023 14:41:43 GMT[\r][\n]"
17:41:43.214 [main] DEBUG org.apache.http.wire -  << "Content-Type: application/json[\r][\n]"
17:41:43.214 [main] DEBUG org.apache.http.wire -  << "Transfer-Encoding: chunked[\r][\n]"
17:41:43.214 [main] DEBUG org.apache.http.wire -  << "Connection: keep-alive[\r][\n]"
17:41:43.214 [main] DEBUG org.apache.http.wire -  << "Vary: Accept-Encoding[\r][\n]"
17:41:43.214 [main] DEBUG org.apache.http.wire -  << "Content-Encoding: gzip[\r][\n]"
17:41:43.214 [main] DEBUG org.apache.http.wire -  << "[\r][\n]"
17:41:43.215 [main] DEBUG org.apache.http.impl.conn.DefaultClientConnection - Receiving response: HTTP/1.1 200 OK
17:41:43.215 [main] DEBUG org.apache.http.headers - << HTTP/1.1 200 OK
17:41:43.215 [main] DEBUG org.apache.http.headers - << Server: nginx
17:41:43.215 [main] DEBUG org.apache.http.headers - << Date: Tue, 25 Jul 2023 14:41:43 GMT
17:41:43.215 [main] DEBUG org.apache.http.headers - << Content-Type: application/json
17:41:43.215 [main] DEBUG org.apache.http.headers - << Transfer-Encoding: chunked
17:41:43.215 [main] DEBUG org.apache.http.headers - << Connection: keep-alive
17:41:43.215 [main] DEBUG org.apache.http.headers - << Vary: Accept-Encoding
17:41:43.215 [main] DEBUG org.apache.http.headers - << Content-Encoding: gzip
17:41:43.215 [main] DEBUG org.apache.http.impl.client.DefaultHttpClient - Connection can be kept alive indefinitely
17:41:43.215 [main] DEBUG org.apache.http.impl.client.DefaultHttpClient - Authentication succeeded
17:41:43.215 [main] DEBUG org.apache.http.impl.client.TargetAuthenticationStrategy - Caching 'basic' auth scheme for http://localhost:81
17:41:43.215 [main] DEBUG io.restassured.internal.RestAssuredHttpBuilder - Parsing response as: application/json
17:41:43.215 [main] DEBUG org.apache.http.wire -  << "3c[\r][\n]"
17:41:43.215 [main] DEBUG org.apache.http.wire -  << "[0x1f][0x8b][0x8][0x0][0x0][0x0][0x0][0x0][0x0][0x3][0xab]V[0xca]*[0xce][0xcf]+*HV[0xb2]R2[0xd2]3P[0xd2]Q*J-.[0xcd])Q[0xb2]265[0xd6]Q[0xca]LQ[0xb2]242[0x6][0xa2]Z[0x0][\n]"
17:41:43.215 [main] DEBUG org.apache.http.wire -  << "#[0xee][0xbe]*[0x0][0x0][0x0]"
17:41:43.215 [main] DEBUG org.apache.http.wire -  << "[\r][\n]"
17:41:43.215 [main] DEBUG org.apache.http.wire -  << "0[\r][\n]"
17:41:43.215 [main] DEBUG org.apache.http.wire -  << "[\r][\n]"
17:41:43.215 [main] DEBUG io.restassured.internal.RestAssuredHttpBuilder - Parsed data to instance of: class org.apache.http.conn.EofSensorInputStream
17:41:43.216 [main] DEBUG org.apache.http.impl.conn.BasicClientConnectionManager - Releasing connection org.apache.http.impl.conn.ManagedClientConnectionImpl@24fb8317
17:41:43.216 [main] DEBUG org.apache.http.impl.conn.BasicClientConnectionManager - Connection can be kept alive indefinitely
{
    "jsonrpc": "2.0",
    "result": 353,
    "id": 123123
}
Request method:	POST
Request URI:	http://localhost:81/jsonrpc.php
Proxy:			<none>
Request params:	<none>
Query params:	<none>
Form params:	<none>
Path params:	<none>
Headers:		Accept=*/*
				Content-Type=text/plain; charset=ISO-8859-1
Cookies:		<none>
Multiparts:		<none>
Body:
{"jsonrpc":"2.0","method":"createProject","id":345,"params":{"name":"API_Project","description":"API_Project Description","owner_id":353}}
17:41:43.227 [main] DEBUG org.apache.http.impl.conn.BasicClientConnectionManager - Get connection for route {}->http://localhost:81
17:41:43.227 [main] DEBUG org.apache.http.impl.conn.DefaultClientConnectionOperator - Connecting to localhost:81
17:41:43.229 [main] DEBUG org.apache.http.client.protocol.RequestAddCookies - CookieSpec selected: ignoreCookies
17:41:43.229 [main] DEBUG org.apache.http.client.protocol.RequestAuthCache - Auth cache not set in the context
17:41:43.229 [main] DEBUG org.apache.http.client.protocol.RequestTargetAuthentication - Target auth state: UNCHALLENGED
17:41:43.229 [main] DEBUG org.apache.http.client.protocol.RequestProxyAuthentication - Proxy auth state: UNCHALLENGED
17:41:43.229 [main] DEBUG org.apache.http.impl.client.DefaultHttpClient - Attempt 1 to execute request
17:41:43.229 [main] DEBUG org.apache.http.impl.conn.DefaultClientConnection - Sending request: POST /jsonrpc.php HTTP/1.1
17:41:43.229 [main] DEBUG org.apache.http.wire -  >> "POST /jsonrpc.php HTTP/1.1[\r][\n]"
17:41:43.229 [main] DEBUG org.apache.http.wire -  >> "Accept: */*[\r][\n]"
17:41:43.229 [main] DEBUG org.apache.http.wire -  >> "Content-Type: text/plain; charset=ISO-8859-1[\r][\n]"
17:41:43.229 [main] DEBUG org.apache.http.wire -  >> "Content-Length: 138[\r][\n]"
17:41:43.229 [main] DEBUG org.apache.http.wire -  >> "Host: localhost:81[\r][\n]"
17:41:43.229 [main] DEBUG org.apache.http.wire -  >> "Connection: Keep-Alive[\r][\n]"
17:41:43.229 [main] DEBUG org.apache.http.wire -  >> "User-Agent: Apache-HttpClient/4.5.13 (Java/17)[\r][\n]"
17:41:43.230 [main] DEBUG org.apache.http.wire -  >> "Accept-Encoding: gzip,deflate[\r][\n]"
17:41:43.230 [main] DEBUG org.apache.http.wire -  >> "[\r][\n]"
17:41:43.230 [main] DEBUG org.apache.http.headers - >> POST /jsonrpc.php HTTP/1.1
17:41:43.230 [main] DEBUG org.apache.http.headers - >> Accept: */*
17:41:43.230 [main] DEBUG org.apache.http.headers - >> Content-Type: text/plain; charset=ISO-8859-1
17:41:43.230 [main] DEBUG org.apache.http.headers - >> Content-Length: 138
17:41:43.230 [main] DEBUG org.apache.http.headers - >> Host: localhost:81
17:41:43.230 [main] DEBUG org.apache.http.headers - >> Connection: Keep-Alive
17:41:43.230 [main] DEBUG org.apache.http.headers - >> User-Agent: Apache-HttpClient/4.5.13 (Java/17)
17:41:43.230 [main] DEBUG org.apache.http.headers - >> Accept-Encoding: gzip,deflate
17:41:43.230 [main] DEBUG org.apache.http.wire -  >> "{"jsonrpc":"2.0","method":"createProject","id":345,"params":{"name":"API_Project","description":"API_Project Description","owner_id":353}}"
17:41:43.241 [main] DEBUG org.apache.http.wire -  << "HTTP/1.1 401 Unauthorized[\r][\n]"
17:41:43.241 [main] DEBUG org.apache.http.wire -  << "Server: nginx[\r][\n]"
17:41:43.241 [main] DEBUG org.apache.http.wire -  << "Date: Tue, 25 Jul 2023 14:41:43 GMT[\r][\n]"
17:41:43.241 [main] DEBUG org.apache.http.wire -  << "Content-Type: application/json[\r][\n]"
17:41:43.241 [main] DEBUG org.apache.http.wire -  << "Transfer-Encoding: chunked[\r][\n]"
17:41:43.241 [main] DEBUG org.apache.http.wire -  << "Connection: keep-alive[\r][\n]"
17:41:43.241 [main] DEBUG org.apache.http.wire -  << "WWW-Authenticate: Basic realm="JsonRPC"[\r][\n]"
17:41:43.241 [main] DEBUG org.apache.http.wire -  << "[\r][\n]"
17:41:43.241 [main] DEBUG org.apache.http.impl.conn.DefaultClientConnection - Receiving response: HTTP/1.1 401 Unauthorized
17:41:43.241 [main] DEBUG org.apache.http.headers - << HTTP/1.1 401 Unauthorized
17:41:43.241 [main] DEBUG org.apache.http.headers - << Server: nginx
17:41:43.241 [main] DEBUG org.apache.http.headers - << Date: Tue, 25 Jul 2023 14:41:43 GMT
17:41:43.241 [main] DEBUG org.apache.http.headers - << Content-Type: application/json
17:41:43.241 [main] DEBUG org.apache.http.headers - << Transfer-Encoding: chunked
17:41:43.241 [main] DEBUG org.apache.http.headers - << Connection: keep-alive
17:41:43.241 [main] DEBUG org.apache.http.headers - << WWW-Authenticate: Basic realm="JsonRPC"
17:41:43.242 [main] DEBUG org.apache.http.impl.client.DefaultHttpClient - Connection can be kept alive indefinitely
17:41:43.242 [main] DEBUG org.apache.http.impl.client.DefaultHttpClient - Authentication required
17:41:43.242 [main] DEBUG org.apache.http.impl.client.DefaultHttpClient - localhost:81 requested authentication
17:41:43.242 [main] DEBUG org.apache.http.impl.client.TargetAuthenticationStrategy - Authentication schemes in the order of preference: [Negotiate, Kerberos, NTLM, CredSSP, Digest, Basic]
17:41:43.242 [main] DEBUG org.apache.http.impl.client.TargetAuthenticationStrategy - Challenge for Negotiate authentication scheme not available
17:41:43.242 [main] DEBUG org.apache.http.impl.client.TargetAuthenticationStrategy - Challenge for Kerberos authentication scheme not available
17:41:43.242 [main] DEBUG org.apache.http.impl.client.TargetAuthenticationStrategy - Challenge for NTLM authentication scheme not available
17:41:43.242 [main] DEBUG org.apache.http.impl.client.TargetAuthenticationStrategy - Challenge for CredSSP authentication scheme not available
17:41:43.242 [main] DEBUG org.apache.http.impl.client.TargetAuthenticationStrategy - Challenge for Digest authentication scheme not available
17:41:43.242 [main] DEBUG org.apache.http.impl.client.DefaultHttpClient - Selected authentication options: [BASIC [complete=true]]
17:41:43.242 [main] DEBUG org.apache.http.wire -  << "49[\r][\n]"
17:41:43.242 [main] DEBUG org.apache.http.wire -  << "{"jsonrpc":"2.0","error":{"code":401,"message":"Unauthorized"},"id":null}"
17:41:43.242 [main] DEBUG org.apache.http.wire -  << "[\r][\n]"
17:41:43.242 [main] DEBUG org.apache.http.wire -  << "0[\r][\n]"
17:41:43.242 [main] DEBUG org.apache.http.wire -  << "[\r][\n]"
17:41:43.242 [main] DEBUG org.apache.http.client.protocol.RequestAddCookies - CookieSpec selected: ignoreCookies
17:41:43.242 [main] DEBUG org.apache.http.client.protocol.RequestAuthCache - Auth cache not set in the context
17:41:43.242 [main] DEBUG org.apache.http.client.protocol.RequestTargetAuthentication - Target auth state: CHALLENGED
17:41:43.242 [main] DEBUG org.apache.http.client.protocol.RequestTargetAuthentication - Generating response to an authentication challenge using basic scheme
17:41:43.242 [main] DEBUG org.apache.http.client.protocol.RequestProxyAuthentication - Proxy auth state: UNCHALLENGED
17:41:43.242 [main] DEBUG org.apache.http.impl.client.DefaultHttpClient - Attempt 2 to execute request
17:41:43.242 [main] DEBUG org.apache.http.impl.conn.DefaultClientConnection - Sending request: POST /jsonrpc.php HTTP/1.1
17:41:43.242 [main] DEBUG org.apache.http.wire -  >> "POST /jsonrpc.php HTTP/1.1[\r][\n]"
17:41:43.242 [main] DEBUG org.apache.http.wire -  >> "Accept: */*[\r][\n]"
17:41:43.242 [main] DEBUG org.apache.http.wire -  >> "Content-Type: text/plain; charset=ISO-8859-1[\r][\n]"
17:41:43.242 [main] DEBUG org.apache.http.wire -  >> "Content-Length: 138[\r][\n]"
17:41:43.242 [main] DEBUG org.apache.http.wire -  >> "Host: localhost:81[\r][\n]"
17:41:43.242 [main] DEBUG org.apache.http.wire -  >> "Connection: Keep-Alive[\r][\n]"
17:41:43.242 [main] DEBUG org.apache.http.wire -  >> "User-Agent: Apache-HttpClient/4.5.13 (Java/17)[\r][\n]"
17:41:43.242 [main] DEBUG org.apache.http.wire -  >> "Authorization: Basic a3lyeWxvQVBJVGVzdExvZ2luOmt5cnlsb0FQSVRlc3RQYXNzd29yZA==[\r][\n]"
17:41:43.242 [main] DEBUG org.apache.http.wire -  >> "Accept-Encoding: gzip,deflate[\r][\n]"
17:41:43.242 [main] DEBUG org.apache.http.wire -  >> "[\r][\n]"
17:41:43.242 [main] DEBUG org.apache.http.headers - >> POST /jsonrpc.php HTTP/1.1
17:41:43.242 [main] DEBUG org.apache.http.headers - >> Accept: */*
17:41:43.242 [main] DEBUG org.apache.http.headers - >> Content-Type: text/plain; charset=ISO-8859-1
17:41:43.242 [main] DEBUG org.apache.http.headers - >> Content-Length: 138
17:41:43.242 [main] DEBUG org.apache.http.headers - >> Host: localhost:81
17:41:43.242 [main] DEBUG org.apache.http.headers - >> Connection: Keep-Alive
17:41:43.242 [main] DEBUG org.apache.http.headers - >> User-Agent: Apache-HttpClient/4.5.13 (Java/17)
17:41:43.242 [main] DEBUG org.apache.http.headers - >> Authorization: Basic a3lyeWxvQVBJVGVzdExvZ2luOmt5cnlsb0FQSVRlc3RQYXNzd29yZA==
17:41:43.242 [main] DEBUG org.apache.http.headers - >> Accept-Encoding: gzip,deflate
17:41:43.242 [main] DEBUG org.apache.http.wire -  >> "{"jsonrpc":"2.0","method":"createProject","id":345,"params":{"name":"API_Project","description":"API_Project Description","owner_id":353}}"
17:41:43.393 [main] DEBUG org.apache.http.wire -  << "HTTP/1.1 200 OK[\r][\n]"
17:41:43.394 [main] DEBUG org.apache.http.wire -  << "Server: nginx[\r][\n]"
17:41:43.394 [main] DEBUG org.apache.http.wire -  << "Date: Tue, 25 Jul 2023 14:41:43 GMT[\r][\n]"
17:41:43.394 [main] DEBUG org.apache.http.wire -  << "Content-Type: application/json[\r][\n]"
17:41:43.394 [main] DEBUG org.apache.http.wire -  << "Transfer-Encoding: chunked[\r][\n]"
17:41:43.394 [main] DEBUG org.apache.http.wire -  << "Connection: keep-alive[\r][\n]"
17:41:43.394 [main] DEBUG org.apache.http.wire -  << "Vary: Accept-Encoding[\r][\n]"
17:41:43.394 [main] DEBUG org.apache.http.wire -  << "Content-Encoding: gzip[\r][\n]"
17:41:43.394 [main] DEBUG org.apache.http.wire -  << "[\r][\n]"
17:41:43.394 [main] DEBUG org.apache.http.impl.conn.DefaultClientConnection - Receiving response: HTTP/1.1 200 OK
17:41:43.394 [main] DEBUG org.apache.http.headers - << HTTP/1.1 200 OK
17:41:43.394 [main] DEBUG org.apache.http.headers - << Server: nginx
17:41:43.394 [main] DEBUG org.apache.http.headers - << Date: Tue, 25 Jul 2023 14:41:43 GMT
17:41:43.394 [main] DEBUG org.apache.http.headers - << Content-Type: application/json
17:41:43.394 [main] DEBUG org.apache.http.headers - << Transfer-Encoding: chunked
17:41:43.394 [main] DEBUG org.apache.http.headers - << Connection: keep-alive
17:41:43.394 [main] DEBUG org.apache.http.headers - << Vary: Accept-Encoding
17:41:43.394 [main] DEBUG org.apache.http.headers - << Content-Encoding: gzip
17:41:43.394 [main] DEBUG org.apache.http.impl.client.DefaultHttpClient - Connection can be kept alive indefinitely
17:41:43.394 [main] DEBUG org.apache.http.impl.client.DefaultHttpClient - Authentication succeeded
17:41:43.394 [main] DEBUG org.apache.http.impl.client.TargetAuthenticationStrategy - Caching 'basic' auth scheme for http://localhost:81
17:41:43.394 [main] DEBUG io.restassured.internal.RestAssuredHttpBuilder - Parsing response as: application/json
17:41:43.394 [main] DEBUG org.apache.http.wire -  << "3b[\r][\n]"
17:41:43.394 [main] DEBUG org.apache.http.wire -  << "[0x1f][0x8b][0x8][0x0][0x0][0x0][0x0][0x0][0x0][0x3][0xab]V[0xca]*[0xce][0xcf]+*HV[0xb2]R2[0xd2]3P[0xd2]Q*J-.[0xcd])Q[0xb2]221[0xd1]Q[0xca]LQ[0xb2]261[0xad][0x5][0x0]n[0xb8]3s'[0x0][0x0][0x0]"
17:41:43.394 [main] DEBUG org.apache.http.wire -  << "[\r][\n]"
17:41:43.394 [main] DEBUG org.apache.http.wire -  << "0[\r][\n]"
17:41:43.394 [main] DEBUG org.apache.http.wire -  << "[\r][\n]"
17:41:43.394 [main] DEBUG io.restassured.internal.RestAssuredHttpBuilder - Parsed data to instance of: class org.apache.http.conn.EofSensorInputStream
17:41:43.396 [main] DEBUG org.apache.http.impl.conn.BasicClientConnectionManager - Releasing connection org.apache.http.impl.conn.ManagedClientConnectionImpl@5608e254
17:41:43.396 [main] DEBUG org.apache.http.impl.conn.BasicClientConnectionManager - Connection can be kept alive indefinitely
{
    "jsonrpc": "2.0",
    "result": 244,
    "id": 345
}
17:41:43.416 [main] DEBUG com.codeborne.selenide.impl.CiReportUrl - Variable selenide.reportsUrl not found
17:41:43.483 [Finalizer] DEBUG org.apache.http.impl.conn.DefaultClientConnection - Connection 0.0.0.0:51313<->127.0.0.1:81 closed
17:41:43.483 [Finalizer] DEBUG org.apache.http.impl.conn.DefaultClientConnection - Connection 0.0.0.0:51314<->127.0.0.1:81 closed
17:41:43.483 [Finalizer] DEBUG org.apache.http.impl.conn.DefaultClientConnection - Connection 0.0.0.0:51315<->127.0.0.1:81 closed
17:41:43.483 [Finalizer] DEBUG org.apache.http.impl.conn.DefaultClientConnection - Connection 0.0.0.0:51316<->127.0.0.1:81 closed
17:41:43.483 [Finalizer] DEBUG org.apache.http.impl.conn.DefaultClientConnection - Connection 0.0.0.0:51317<->127.0.0.1:81 closed
17:41:43.483 [Finalizer] DEBUG org.apache.http.impl.conn.DefaultClientConnection - Connection 0.0.0.0:51318<->127.0.0.1:81 closed
17:41:43.484 [Finalizer] DEBUG org.apache.http.impl.conn.DefaultClientConnection - Connection 0.0.0.0:51319<->127.0.0.1:81 closed
17:41:43.485 [Finalizer] DEBUG org.apache.http.impl.conn.DefaultClientConnection - Connection 0.0.0.0:51320<->127.0.0.1:81 closed
17:41:43.485 [Finalizer] DEBUG org.apache.http.impl.conn.DefaultClientConnection - Connection 0.0.0.0:51321<->127.0.0.1:81 closed
17:41:43.485 [Finalizer] DEBUG org.apache.http.impl.conn.DefaultClientConnection - Connection 0.0.0.0:51300<->127.0.0.1:81 closed
17:41:43.485 [Finalizer] DEBUG org.apache.http.impl.conn.DefaultClientConnection - Connection 0.0.0.0:51302<->127.0.0.1:81 closed
17:41:43.485 [Finalizer] DEBUG org.apache.http.impl.conn.DefaultClientConnection - Connection 0.0.0.0:51303<->127.0.0.1:81 closed
17:41:43.485 [Finalizer] DEBUG org.apache.http.impl.conn.DefaultClientConnection - Connection 0.0.0.0:51304<->127.0.0.1:81 closed
17:41:43.485 [Finalizer] DEBUG org.apache.http.impl.conn.DefaultClientConnection - Connection 0.0.0.0:51305<->127.0.0.1:81 closed
17:41:43.485 [Finalizer] DEBUG org.apache.http.impl.conn.DefaultClientConnection - Connection 0.0.0.0:51306<->127.0.0.1:81 closed
17:41:43.485 [Finalizer] DEBUG org.apache.http.impl.conn.DefaultClientConnection - Connection 0.0.0.0:51307<->127.0.0.1:81 closed
17:41:43.486 [Finalizer] DEBUG org.apache.http.impl.conn.DefaultClientConnection - Connection 0.0.0.0:51308<->127.0.0.1:81 closed
17:41:43.486 [Finalizer] DEBUG org.apache.http.impl.conn.DefaultClientConnection - Connection 0.0.0.0:51309<->127.0.0.1:81 closed
17:41:43.486 [Finalizer] DEBUG org.apache.http.impl.conn.DefaultClientConnection - Connection 0.0.0.0:51322<->127.0.0.1:81 closed
17:41:43.486 [Finalizer] DEBUG org.apache.http.impl.conn.DefaultClientConnection - Connection 0.0.0.0:51323<->127.0.0.1:81 closed
17:41:43.486 [Finalizer] DEBUG org.apache.http.impl.conn.DefaultClientConnection - Connection 0.0.0.0:51324<->127.0.0.1:81 closed
17:41:43.486 [Finalizer] DEBUG org.apache.http.impl.conn.DefaultClientConnection - Connection 0.0.0.0:51325<->127.0.0.1:81 closed
17:41:43.487 [Finalizer] DEBUG org.apache.http.impl.conn.DefaultClientConnection - Connection 0.0.0.0:51310<->127.0.0.1:81 closed
17:41:43.487 [Finalizer] DEBUG org.apache.http.impl.conn.DefaultClientConnection - Connection 0.0.0.0:51311<->127.0.0.1:81 closed
17:41:43.529 [main] DEBUG com.codeborne.selenide.impl.Plugins - Using default implementation of com.codeborne.selenide.impl.Photographer: com.codeborne.selenide.impl.WebdriverPhotographer
17:41:43.534 [main] DEBUG com.codeborne.selenide.impl.Plugins - Using default implementation of com.codeborne.selenide.impl.PageSourceExtractor: com.codeborne.selenide.impl.WebPageSourceExtractor
17:41:43.546 [main] DEBUG com.codeborne.selenide.impl.Plugins - Using default implementation of com.codeborne.selenide.impl.PageObjectFactory: com.codeborne.selenide.impl.SelenidePageFactory
17:41:43.561 [Finalizer] DEBUG org.apache.http.impl.conn.DefaultClientConnection - Connection 0.0.0.0:51299<->127.0.0.1:81 closed
17:41:43.570 [main] INFO com.codeborne.selenide.impl.WebDriverThreadLocalContainer - No webdriver is bound to current thread: 1 - let's create a new webdriver
17:41:43.585 [main] DEBUG com.codeborne.selenide.drivercommands.CreateDriverCommand - Creating webdriver in thread 1 (ip: 192.168.195.23, host: N-KV-TYCH1O-F81)...
17:41:43.588 [main] INFO com.codeborne.selenide.impl.FileHelper - Creating folder: C:\Users\k.shmana\Desktop\r_d\Kanboard\build\downloads\1690296103585_10268_1
17:41:43.589 [main] DEBUG com.codeborne.selenide.webdriver.WebDriverFactory - browser=chrome
17:41:43.589 [main] DEBUG com.codeborne.selenide.webdriver.WebDriverFactory - browser.version=null
17:41:43.589 [main] DEBUG com.codeborne.selenide.webdriver.WebDriverFactory - remote=null
17:41:43.590 [main] DEBUG com.codeborne.selenide.webdriver.WebDriverFactory - browserSize=1366x768
17:41:43.590 [main] DEBUG com.codeborne.selenide.webdriver.WebDriverFactory - downloadsFolder=C:\Users\k.shmana\Desktop\r_d\Kanboard\build\downloads\1690296103585_10268_1
17:41:43.892 [main] DEBUG io.github.bonigarcia.wdm.cache.ResolutionCache - Resolution chrome=114 in cache (valid until 18:37:48 25/07/2023 EEST)
17:41:43.893 [main] DEBUG io.github.bonigarcia.wdm.cache.ResolutionCache - Resolution chrome114=114.0.5735.90 in cache (valid until 21:06:33 25/07/2023 EEST)
17:41:43.894 [main] INFO io.github.bonigarcia.wdm.WebDriverManager - Using chromedriver 114.0.5735.90 (resolved driver for Chrome 114)
17:41:43.941 [main] DEBUG io.github.bonigarcia.wdm.WebDriverManager - Driver chromedriver 114.0.5735.90 found in cache
17:41:43.941 [main] INFO io.github.bonigarcia.wdm.WebDriverManager - Exporting webdriver.chrome.driver as C:\Users\k.shmana\.cache\selenium\chromedriver\win32\114.0.5735.90\chromedriver.exe
17:41:43.962 [main] DEBUG com.codeborne.selenide.webdriver.AbstractChromiumDriverFactory - Using chromium preferences: {credentials_enable_service=false, safebrowsing.enabled=true, plugins.always_open_pdf_externally=true, profile.default_content_setting_values.automatic_downloads=1, download.default_directory=C:\Users\k.shmana\Desktop\r_d\Kanboard\build\downloads\1690296103585_10268_1}
17:41:43.963 [main] DEBUG com.codeborne.selenide.webdriver.ChromeDriverFactory - Chrome options: Capabilities {acceptInsecureCerts: true, browserName: chrome, goog:chromeOptions: {args: [--remote-allow-origins=*, --proxy-bypass-list=<-loopb..., --disable-dev-shm-usage, --window-size=1366,768], excludeSwitches: [enable-automation, load-extension], extensions: [], prefs: {credentials_enable_service: false, download.default_directory: C:\Users\k.shmana\Desktop\r..., plugins.always_open_pdf_externally: true, profile.default_content_setting_values.automatic_downloads: 1, safebrowsing.enabled: true}}, pageLoadStrategy: normal, unhandledPromptBehavior: accept}
17:41:44.159 [main] INFO com.codeborne.selenide.webdriver.SelenideNettyClientFactory - Changed readTimeout from PT3M to PT1M30S
17:41:44.215 [main] DEBUG io.netty.util.internal.logging.InternalLoggerFactory - Using SLF4J as the default logging framework
17:41:44.221 [main] DEBUG io.netty.util.ResourceLeakDetector - -Dio.netty.leakDetection.level: simple
17:41:44.221 [main] DEBUG io.netty.util.ResourceLeakDetector - -Dio.netty.leakDetection.targetRecords: 4
17:41:44.228 [main] DEBUG io.netty.util.ResourceLeakDetectorFactory - Loaded default ResourceLeakDetector: io.netty.util.ResourceLeakDetector@46cb9794
17:41:44.271 [main] DEBUG io.netty.util.internal.PlatformDependent0 - -Dio.netty.noUnsafe: false
17:41:44.271 [main] DEBUG io.netty.util.internal.PlatformDependent0 - Java version: 17
17:41:44.273 [main] DEBUG io.netty.util.internal.PlatformDependent0 - sun.misc.Unsafe.theUnsafe: available
17:41:44.274 [main] DEBUG io.netty.util.internal.PlatformDependent0 - sun.misc.Unsafe.copyMemory: available
17:41:44.274 [main] DEBUG io.netty.util.internal.PlatformDependent0 - sun.misc.Unsafe.storeFence: available
17:41:44.275 [main] DEBUG io.netty.util.internal.PlatformDependent0 - java.nio.Buffer.address: available
17:41:44.276 [main] DEBUG io.netty.util.internal.PlatformDependent0 - direct buffer constructor: unavailable: Reflective setAccessible(true) disabled
17:41:44.277 [main] DEBUG io.netty.util.internal.PlatformDependent0 - java.nio.Bits.unaligned: available, true
17:41:44.279 [main] DEBUG io.netty.util.internal.PlatformDependent0 - jdk.internal.misc.Unsafe.allocateUninitializedArray(int): unavailable: class io.netty.util.internal.PlatformDependent0$7 cannot access class jdk.internal.misc.Unsafe (in module java.base) because module java.base does not export jdk.internal.misc to unnamed module @3a4afd8d
17:41:44.281 [main] DEBUG io.netty.util.internal.PlatformDependent0 - java.nio.DirectByteBuffer.<init>(long, int): unavailable
17:41:44.281 [main] DEBUG io.netty.util.internal.PlatformDependent - sun.misc.Unsafe: available
17:41:44.283 [main] DEBUG io.netty.util.internal.PlatformDependent - maxDirectMemory: 2076180480 bytes (maybe)
17:41:44.284 [main] DEBUG io.netty.util.internal.PlatformDependent - -Dio.netty.tmpdir: C:\Users\KFA24~1.SHM\AppData\Local\Temp (java.io.tmpdir)
17:41:44.284 [main] DEBUG io.netty.util.internal.PlatformDependent - -Dio.netty.bitMode: 64 (sun.arch.data.model)
17:41:44.284 [main] DEBUG io.netty.util.internal.PlatformDependent - Platform: Windows
17:41:44.287 [main] DEBUG io.netty.util.internal.PlatformDependent - -Dio.netty.maxDirectMemory: -1 bytes
17:41:44.287 [main] DEBUG io.netty.util.internal.PlatformDependent - -Dio.netty.uninitializedArrayAllocationThreshold: -1
17:41:44.289 [main] DEBUG io.netty.util.internal.CleanerJava9 - java.nio.ByteBuffer.cleaner(): available
17:41:44.289 [main] DEBUG io.netty.util.internal.PlatformDependent - -Dio.netty.noPreferDirect: false
17:41:44.310 [main] DEBUG io.netty.util.internal.PlatformDependent - org.jctools-core.MpscChunkedArrayQueue: available
17:41:44.357 [main] DEBUG io.netty.util.internal.InternalThreadLocalMap - -Dio.netty.threadLocalMap.stringBuilder.initialSize: 1024
17:41:44.357 [main] DEBUG io.netty.util.internal.InternalThreadLocalMap - -Dio.netty.threadLocalMap.stringBuilder.maxSize: 4096
17:41:44.463 [main] DEBUG io.netty.handler.ssl.JdkSslContext - Default protocols (JDK): [TLSv1.3, TLSv1.2] 
17:41:44.463 [main] DEBUG io.netty.handler.ssl.JdkSslContext - Default cipher suites (JDK): [TLS_ECDHE_ECDSA_WITH_AES_256_GCM_SHA384, TLS_ECDHE_ECDSA_WITH_AES_128_GCM_SHA256, TLS_ECDHE_RSA_WITH_AES_128_GCM_SHA256, TLS_ECDHE_RSA_WITH_AES_256_GCM_SHA384, TLS_ECDHE_RSA_WITH_AES_128_CBC_SHA, TLS_ECDHE_RSA_WITH_AES_256_CBC_SHA, TLS_RSA_WITH_AES_128_GCM_SHA256, TLS_RSA_WITH_AES_128_CBC_SHA, TLS_RSA_WITH_AES_256_CBC_SHA, TLS_AES_128_GCM_SHA256, TLS_AES_256_GCM_SHA384]
17:41:44.497 [main] DEBUG io.netty.util.concurrent.GlobalEventExecutor - -Dio.netty.globalEventExecutor.quietPeriodSeconds: 1
17:41:44.529 [main] DEBUG io.netty.channel.MultithreadEventLoopGroup - -Dio.netty.eventLoopThreads: 16
17:41:44.549 [main] DEBUG io.netty.channel.nio.NioEventLoop - -Dio.netty.noKeySetOptimization: false
17:41:44.549 [main] DEBUG io.netty.channel.nio.NioEventLoop - -Dio.netty.selectorAutoRebuildThreshold: 512
17:41:44.654 [main] DEBUG io.netty.buffer.PooledByteBufAllocator - -Dio.netty.allocator.numHeapArenas: 16
17:41:44.655 [main] DEBUG io.netty.buffer.PooledByteBufAllocator - -Dio.netty.allocator.numDirectArenas: 16
17:41:44.655 [main] DEBUG io.netty.buffer.PooledByteBufAllocator - -Dio.netty.allocator.pageSize: 8192
17:41:44.655 [main] DEBUG io.netty.buffer.PooledByteBufAllocator - -Dio.netty.allocator.maxOrder: 9
17:41:44.655 [main] DEBUG io.netty.buffer.PooledByteBufAllocator - -Dio.netty.allocator.chunkSize: 4194304
17:41:44.655 [main] DEBUG io.netty.buffer.PooledByteBufAllocator - -Dio.netty.allocator.smallCacheSize: 256
17:41:44.655 [main] DEBUG io.netty.buffer.PooledByteBufAllocator - -Dio.netty.allocator.normalCacheSize: 64
17:41:44.655 [main] DEBUG io.netty.buffer.PooledByteBufAllocator - -Dio.netty.allocator.maxCachedBufferCapacity: 32768
17:41:44.655 [main] DEBUG io.netty.buffer.PooledByteBufAllocator - -Dio.netty.allocator.cacheTrimInterval: 8192
17:41:44.655 [main] DEBUG io.netty.buffer.PooledByteBufAllocator - -Dio.netty.allocator.cacheTrimIntervalMillis: 0
17:41:44.655 [main] DEBUG io.netty.buffer.PooledByteBufAllocator - -Dio.netty.allocator.useCacheForAllThreads: false
17:41:44.655 [main] DEBUG io.netty.buffer.PooledByteBufAllocator - -Dio.netty.allocator.maxCachedByteBuffersPerChunk: 1023
17:41:44.672 [main] DEBUG io.netty.buffer.ByteBufUtil - -Dio.netty.allocator.type: pooled
17:41:44.672 [main] DEBUG io.netty.buffer.ByteBufUtil - -Dio.netty.threadLocalDirectBufferSize: 0
17:41:44.672 [main] DEBUG io.netty.buffer.ByteBufUtil - -Dio.netty.maxThreadLocalCharBufferSize: 16384
17:41:45.313 [Forwarding newSession on session null to remote] DEBUG io.netty.channel.DefaultChannelId - -Dio.netty.processId: 10268 (auto-detected)
17:41:45.318 [Forwarding newSession on session null to remote] DEBUG io.netty.util.NetUtil - -Djava.net.preferIPv4Stack: false
17:41:45.318 [Forwarding newSession on session null to remote] DEBUG io.netty.util.NetUtil - -Djava.net.preferIPv6Addresses: false
17:41:45.343 [Forwarding newSession on session null to remote] DEBUG io.netty.util.NetUtilInitializations - Loopback interface: lo (Software Loopback Interface 1, 127.0.0.1)
17:41:45.346 [Forwarding newSession on session null to remote] DEBUG io.netty.util.NetUtil - Failed to get SOMAXCONN from sysctl and file \proc\sys\net\core\somaxconn. Default: 200
17:41:45.410 [Forwarding newSession on session null to remote] DEBUG io.netty.channel.DefaultChannelId - -Dio.netty.machineId: 00:00:00:00:00:00:00:e0 (auto-detected)
17:41:45.507 [AsyncHttpClient-1-2] DEBUG io.netty.buffer.AbstractByteBuf - -Dio.netty.buffer.checkAccessible: true
17:41:45.507 [AsyncHttpClient-1-2] DEBUG io.netty.buffer.AbstractByteBuf - -Dio.netty.buffer.checkBounds: true
17:41:45.507 [AsyncHttpClient-1-2] DEBUG io.netty.util.ResourceLeakDetectorFactory - Loaded default ResourceLeakDetector: io.netty.util.ResourceLeakDetector@2bea5023
17:41:45.527 [AsyncHttpClient-1-2] DEBUG org.asynchttpclient.netty.channel.NettyConnectListener - Using new Channel '[id: 0xe1a0b396, L:/127.0.0.1:51329 - R:localhost/127.0.0.1:39120]' for 'POST' to '/session'
17:41:45.554 [AsyncHttpClient-1-2] DEBUG io.netty.util.Recycler - -Dio.netty.recycler.maxCapacityPerThread: 4096
17:41:45.554 [AsyncHttpClient-1-2] DEBUG io.netty.util.Recycler - -Dio.netty.recycler.ratio: 8
17:41:45.554 [AsyncHttpClient-1-2] DEBUG io.netty.util.Recycler - -Dio.netty.recycler.chunkSize: 32
17:41:45.554 [AsyncHttpClient-1-2] DEBUG io.netty.util.Recycler - -Dio.netty.recycler.blocking: false
17:41:45.554 [AsyncHttpClient-1-2] DEBUG io.netty.util.Recycler - -Dio.netty.recycler.batchFastThreadLocalOnly: true
17:41:46.890 [AsyncHttpClient-1-2] DEBUG io.netty.handler.codec.compression.Brotli - brotli4j not in the classpath; Brotli support will be unavailable.
17:41:46.890 [AsyncHttpClient-1-2] DEBUG org.asynchttpclient.netty.handler.HttpHandler - 

Request DefaultHttpRequest(decodeResult: success, version: HTTP/1.1)
POST /session HTTP/1.1
User-Agent: selenium/4.9.1 (java windows)
Content-Length: 996
Content-Type: application/json; charset=utf-8
host: localhost:39120
accept: */*

Response DefaultHttpResponse(decodeResult: success, version: HTTP/1.1)
HTTP/1.1 200 OK
Content-Length: 854
Content-Type: application/json; charset=utf-8
cache-control: no-cache

17:41:46.910 [AsyncHttpClient-1-2] DEBUG org.asynchttpclient.netty.channel.ChannelManager - Adding key: http://localhost:39120 for channel [id: 0xe1a0b396, L:/127.0.0.1:51329 - R:localhost/127.0.0.1:39120]
17:41:47.280 [main] INFO com.codeborne.selenide.webdriver.SelenideNettyClientFactory - Changed readTimeout from PT3M to PT1M30S
17:41:47.296 [AsyncHttpClient-1-3] DEBUG org.asynchttpclient.netty.channel.NettyConnectListener - Using new Channel '[id: 0x4308321c, L:/127.0.0.1:51341 - R:localhost/127.0.0.1:51331]' for 'GET' to '/json/version'
17:41:47.303 [AsyncHttpClient-1-3] DEBUG org.asynchttpclient.netty.handler.HttpHandler - 

Request DefaultFullHttpRequest(decodeResult: success, version: HTTP/1.1, content: EmptyByteBufBE)
GET /json/version HTTP/1.1
User-Agent: selenium/4.9.1 (java windows)
host: localhost:51331
accept: */*

Response DefaultHttpResponse(decodeResult: success, version: HTTP/1.1)
HTTP/1.1 200 OK
Content-Security-Policy: frame-ancestors 'none'
Content-Length: 424
Content-Type: application/json; charset=UTF-8

17:41:47.304 [AsyncHttpClient-1-3] DEBUG org.asynchttpclient.netty.channel.ChannelManager - Adding key: http://localhost:51331 for channel [id: 0x4308321c, L:/127.0.0.1:51341 - R:localhost/127.0.0.1:51331]
17:41:47.316 [main] INFO com.codeborne.selenide.webdriver.SelenideNettyClientFactory - Changed readTimeout from PT3M to PT1M30S
17:41:47.340 [main] DEBUG io.netty.util.internal.ThreadLocalRandom - -Dio.netty.initialSeedUniquifier: 0xe7e0c826a58f63bf
17:41:47.354 [AsyncHttpClient-1-4] DEBUG org.asynchttpclient.netty.channel.NettyConnectListener - Using new Channel '[id: 0x43bb1ff5, L:/127.0.0.1:51342 - R:localhost/127.0.0.1:51331]' for 'GET' to '/devtools/browser/5c5e38c6-296e-4bdc-99e7-d24b60c9cdda'
17:41:47.360 [AsyncHttpClient-1-4] DEBUG org.asynchttpclient.netty.handler.WebSocketHandler - 

Request DefaultFullHttpRequest(decodeResult: success, version: HTTP/1.1, content: EmptyByteBufBE)
GET /devtools/browser/5c5e38c6-296e-4bdc-99e7-d24b60c9cdda HTTP/1.1
upgrade: websocket
connection: upgrade
sec-websocket-key: uRfcPOPY9JhpfefI+Kvv0Q==
sec-websocket-version: 13
origin: http://localhost:51331
host: localhost:51331
accept: */*
user-agent: AHC/2.1

Response DefaultHttpResponse(decodeResult: success, version: HTTP/1.1)
HTTP/1.1 101 WebSocket Protocol Handshake
Upgrade: WebSocket
Connection: Upgrade
Sec-WebSocket-Accept: PJHt1srmXmHhxV5GMbr95PV1z7o=

17:41:47.589 [Forwarding setTimeout on session 97408259a211083ace6b0f1c03764940 to remote] DEBUG org.asynchttpclient.netty.request.NettyRequestSender - Using pooled Channel '[id: 0xe1a0b396, L:/127.0.0.1:51329 - R:localhost/127.0.0.1:39120]' for 'POST' to 'http://localhost:39120/session/97408259a211083ace6b0f1c03764940/timeouts'
17:41:47.590 [Forwarding setTimeout on session 97408259a211083ace6b0f1c03764940 to remote] DEBUG org.asynchttpclient.netty.request.NettyRequestSender - Using open Channel [id: 0xe1a0b396, L:/127.0.0.1:51329 - R:localhost/127.0.0.1:39120] for POST '/session/97408259a211083ace6b0f1c03764940/timeouts'
17:41:47.598 [AsyncHttpClient-1-2] DEBUG org.asynchttpclient.netty.handler.HttpHandler - 

Request DefaultHttpRequest(decodeResult: success, version: HTTP/1.1)
POST /session/97408259a211083ace6b0f1c03764940/timeouts HTTP/1.1
User-Agent: selenium/4.9.1 (java windows)
Content-Length: 23
Content-Type: application/json; charset=utf-8
host: localhost:39120
accept: */*

Response DefaultHttpResponse(decodeResult: success, version: HTTP/1.1)
HTTP/1.1 200 OK
Content-Length: 14
Content-Type: application/json; charset=utf-8
cache-control: no-cache

17:41:47.598 [AsyncHttpClient-1-2] DEBUG org.asynchttpclient.netty.channel.ChannelManager - Adding key: http://localhost:39120 for channel [id: 0xe1a0b396, L:/127.0.0.1:51329 - R:localhost/127.0.0.1:39120]
17:41:47.604 [main] INFO com.codeborne.selenide.webdriver.WebDriverFactory - BrowserName=chrome Version=114.0.5735.199 Platform=windows
17:41:47.604 [main] INFO com.codeborne.selenide.webdriver.WebDriverFactory - Selenide v. 6.15.0
17:41:47.604 [main] INFO com.codeborne.selenide.webdriver.WebDriverFactory - Selenium WebDriver v. 4.9.1 build revision: eb2032df7f
17:41:47.604 [main] INFO com.codeborne.selenide.drivercommands.CreateDriverCommand - Created webdriver in thread 1: ChromeDriver -> ChromeDriver: chrome on windows (97408259a211083ace6b0f1c03764940)
17:41:47.611 [main] INFO com.codeborne.selenide.drivercommands.DisposablesRegistry - Register WebDriverInstance[config=StaticConfig,webDriver=ChromeDriver: chrome on windows (97408259a211083ace6b0f1c03764940),proxy=null,downloadsFolder=C:\Users\k.shmana\Desktop\r_d\Kanboard\build\downloads\1690296103585_10268_1] in 1 [size=1]
17:41:47.612 [main] INFO com.codeborne.selenide.drivercommands.DisposablesRegistry - Add shutdown hook in 1 [size=1]
17:41:47.626 [Forwarding get on session 97408259a211083ace6b0f1c03764940 to remote] DEBUG org.asynchttpclient.netty.request.NettyRequestSender - Using pooled Channel '[id: 0xe1a0b396, L:/127.0.0.1:51329 - R:localhost/127.0.0.1:39120]' for 'POST' to 'http://localhost:39120/session/97408259a211083ace6b0f1c03764940/url'
17:41:47.626 [Forwarding get on session 97408259a211083ace6b0f1c03764940 to remote] DEBUG org.asynchttpclient.netty.request.NettyRequestSender - Using open Channel [id: 0xe1a0b396, L:/127.0.0.1:51329 - R:localhost/127.0.0.1:39120] for POST '/session/97408259a211083ace6b0f1c03764940/url'
17:41:47.720 [AsyncHttpClient-1-1] DEBUG org.asynchttpclient.netty.channel.DefaultChannelPool - Entry count for : http://localhost:51331 : 1
17:41:47.885 [AsyncHttpClient-1-2] DEBUG org.asynchttpclient.netty.handler.HttpHandler - 

Request DefaultHttpRequest(decodeResult: success, version: HTTP/1.1)
POST /session/97408259a211083ace6b0f1c03764940/url HTTP/1.1
User-Agent: selenium/4.9.1 (java windows)
Content-Length: 55
Content-Type: application/json; charset=utf-8
host: localhost:39120
accept: */*

Response DefaultHttpResponse(decodeResult: success, version: HTTP/1.1)
HTTP/1.1 200 OK
Content-Length: 14
Content-Type: application/json; charset=utf-8
cache-control: no-cache

17:41:47.885 [AsyncHttpClient-1-2] DEBUG org.asynchttpclient.netty.channel.ChannelManager - Adding key: http://localhost:39120 for channel [id: 0xe1a0b396, L:/127.0.0.1:51329 - R:localhost/127.0.0.1:39120]
17:41:47.978 [main] DEBUG com.codeborne.selenide.impl.Plugins - Using default implementation of com.codeborne.selenide.impl.WebElementSelector: com.codeborne.selenide.impl.WebElementSelector
17:41:47.983 [main] DEBUG com.codeborne.selenide.impl.Plugins - Using default implementation of com.codeborne.selenide.impl.ElementDescriber: com.codeborne.selenide.impl.SelenideElementDescriber
17:41:48.101 [Forwarding findElement on session 97408259a211083ace6b0f1c03764940 to remote] DEBUG org.asynchttpclient.netty.request.NettyRequestSender - Using pooled Channel '[id: 0xe1a0b396, L:/127.0.0.1:51329 - R:localhost/127.0.0.1:39120]' for 'POST' to 'http://localhost:39120/session/97408259a211083ace6b0f1c03764940/element'
17:41:48.101 [Forwarding findElement on session 97408259a211083ace6b0f1c03764940 to remote] DEBUG org.asynchttpclient.netty.request.NettyRequestSender - Using open Channel [id: 0xe1a0b396, L:/127.0.0.1:51329 - R:localhost/127.0.0.1:39120] for POST '/session/97408259a211083ace6b0f1c03764940/element'
17:41:48.125 [AsyncHttpClient-1-2] DEBUG org.asynchttpclient.netty.handler.HttpHandler - 

Request DefaultHttpRequest(decodeResult: success, version: HTTP/1.1)
POST /session/97408259a211083ace6b0f1c03764940/element HTTP/1.1
User-Agent: selenium/4.9.1 (java windows)
Content-Length: 75
Content-Type: application/json; charset=utf-8
host: localhost:39120
accept: */*

Response DefaultHttpResponse(decodeResult: success, version: HTTP/1.1)
HTTP/1.1 200 OK
Content-Length: 94
Content-Type: application/json; charset=utf-8
cache-control: no-cache

17:41:48.126 [AsyncHttpClient-1-2] DEBUG org.asynchttpclient.netty.channel.ChannelManager - Adding key: http://localhost:39120 for channel [id: 0xe1a0b396, L:/127.0.0.1:51329 - R:localhost/127.0.0.1:39120]
17:41:48.136 [Forwarding sendKeysToElement on session 97408259a211083ace6b0f1c03764940 to remote] DEBUG org.asynchttpclient.netty.request.NettyRequestSender - Using pooled Channel '[id: 0xe1a0b396, L:/127.0.0.1:51329 - R:localhost/127.0.0.1:39120]' for 'POST' to 'http://localhost:39120/session/97408259a211083ace6b0f1c03764940/element/DE2387CC38119561AF47D398414C5521_element_2/value'
17:41:48.136 [Forwarding sendKeysToElement on session 97408259a211083ace6b0f1c03764940 to remote] DEBUG org.asynchttpclient.netty.request.NettyRequestSender - Using open Channel [id: 0xe1a0b396, L:/127.0.0.1:51329 - R:localhost/127.0.0.1:39120] for POST '/session/97408259a211083ace6b0f1c03764940/element/DE2387CC38119561AF47D398414C5521_element_2/value'
17:41:48.221 [AsyncHttpClient-1-2] DEBUG org.asynchttpclient.netty.handler.HttpHandler - 

Request DefaultHttpRequest(decodeResult: success, version: HTTP/1.1)
POST /session/97408259a211083ace6b0f1c03764940/element/DE2387CC38119561AF47D398414C5521_element_2/value HTTP/1.1
User-Agent: selenium/4.9.1 (java windows)
Content-Length: 267
Content-Type: application/json; charset=utf-8
host: localhost:39120
accept: */*

Response DefaultHttpResponse(decodeResult: success, version: HTTP/1.1)
HTTP/1.1 200 OK
Content-Length: 14
Content-Type: application/json; charset=utf-8
cache-control: no-cache

17:41:48.223 [AsyncHttpClient-1-2] DEBUG org.asynchttpclient.netty.channel.ChannelManager - Adding key: http://localhost:39120 for channel [id: 0xe1a0b396, L:/127.0.0.1:51329 - R:localhost/127.0.0.1:39120]
17:41:48.227 [Forwarding findElement on session 97408259a211083ace6b0f1c03764940 to remote] DEBUG org.asynchttpclient.netty.request.NettyRequestSender - Using pooled Channel '[id: 0xe1a0b396, L:/127.0.0.1:51329 - R:localhost/127.0.0.1:39120]' for 'POST' to 'http://localhost:39120/session/97408259a211083ace6b0f1c03764940/element'
17:41:48.227 [Forwarding findElement on session 97408259a211083ace6b0f1c03764940 to remote] DEBUG org.asynchttpclient.netty.request.NettyRequestSender - Using open Channel [id: 0xe1a0b396, L:/127.0.0.1:51329 - R:localhost/127.0.0.1:39120] for POST '/session/97408259a211083ace6b0f1c03764940/element'
17:41:48.248 [AsyncHttpClient-1-2] DEBUG org.asynchttpclient.netty.handler.HttpHandler - 

Request DefaultHttpRequest(decodeResult: success, version: HTTP/1.1)
POST /session/97408259a211083ace6b0f1c03764940/element HTTP/1.1
User-Agent: selenium/4.9.1 (java windows)
Content-Length: 75
Content-Type: application/json; charset=utf-8
host: localhost:39120
accept: */*

Response DefaultHttpResponse(decodeResult: success, version: HTTP/1.1)
HTTP/1.1 200 OK
Content-Length: 94
Content-Type: application/json; charset=utf-8
cache-control: no-cache

17:41:48.248 [AsyncHttpClient-1-2] DEBUG org.asynchttpclient.netty.channel.ChannelManager - Adding key: http://localhost:39120 for channel [id: 0xe1a0b396, L:/127.0.0.1:51329 - R:localhost/127.0.0.1:39120]
17:41:48.254 [Forwarding sendKeysToElement on session 97408259a211083ace6b0f1c03764940 to remote] DEBUG org.asynchttpclient.netty.request.NettyRequestSender - Using pooled Channel '[id: 0xe1a0b396, L:/127.0.0.1:51329 - R:localhost/127.0.0.1:39120]' for 'POST' to 'http://localhost:39120/session/97408259a211083ace6b0f1c03764940/element/DE2387CC38119561AF47D398414C5521_element_4/value'
17:41:48.254 [Forwarding sendKeysToElement on session 97408259a211083ace6b0f1c03764940 to remote] DEBUG org.asynchttpclient.netty.request.NettyRequestSender - Using open Channel [id: 0xe1a0b396, L:/127.0.0.1:51329 - R:localhost/127.0.0.1:39120] for POST '/session/97408259a211083ace6b0f1c03764940/element/DE2387CC38119561AF47D398414C5521_element_4/value'
17:41:48.382 [AsyncHttpClient-1-2] DEBUG org.asynchttpclient.netty.handler.HttpHandler - 

Request DefaultHttpRequest(decodeResult: success, version: HTTP/1.1)
POST /session/97408259a211083ace6b0f1c03764940/element/DE2387CC38119561AF47D398414C5521_element_4/value HTTP/1.1
User-Agent: selenium/4.9.1 (java windows)
Content-Length: 297
Content-Type: application/json; charset=utf-8
host: localhost:39120
accept: */*

Response DefaultHttpResponse(decodeResult: success, version: HTTP/1.1)
HTTP/1.1 200 OK
Content-Length: 14
Content-Type: application/json; charset=utf-8
cache-control: no-cache

17:41:48.383 [AsyncHttpClient-1-2] DEBUG org.asynchttpclient.netty.channel.ChannelManager - Adding key: http://localhost:39120 for channel [id: 0xe1a0b396, L:/127.0.0.1:51329 - R:localhost/127.0.0.1:39120]
17:41:48.412 [main] DEBUG com.codeborne.selenide.impl.Plugins - Using default implementation of com.codeborne.selenide.commands.Clear: com.codeborne.selenide.commands.Clear
17:41:48.491 [main] DEBUG com.codeborne.selenide.impl.Plugins - Using default implementation of com.codeborne.selenide.impl.DownloadFileToFolder: com.codeborne.selenide.impl.DownloadFileToFolder
17:41:48.512 [main] DEBUG com.codeborne.selenide.impl.Plugins - Using default implementation of com.codeborne.selenide.commands.Commands: com.codeborne.selenide.commands.Commands
17:41:48.515 [Forwarding findElement on session 97408259a211083ace6b0f1c03764940 to remote] DEBUG org.asynchttpclient.netty.request.NettyRequestSender - Using pooled Channel '[id: 0xe1a0b396, L:/127.0.0.1:51329 - R:localhost/127.0.0.1:39120]' for 'POST' to 'http://localhost:39120/session/97408259a211083ace6b0f1c03764940/element'
17:41:48.515 [Forwarding findElement on session 97408259a211083ace6b0f1c03764940 to remote] DEBUG org.asynchttpclient.netty.request.NettyRequestSender - Using open Channel [id: 0xe1a0b396, L:/127.0.0.1:51329 - R:localhost/127.0.0.1:39120] for POST '/session/97408259a211083ace6b0f1c03764940/element'
17:41:48.541 [AsyncHttpClient-1-2] DEBUG org.asynchttpclient.netty.handler.HttpHandler - 

Request DefaultHttpRequest(decodeResult: success, version: HTTP/1.1)
POST /session/97408259a211083ace6b0f1c03764940/element HTTP/1.1
User-Agent: selenium/4.9.1 (java windows)
Content-Length: 73
Content-Type: application/json; charset=utf-8
host: localhost:39120
accept: */*

Response DefaultHttpResponse(decodeResult: success, version: HTTP/1.1)
HTTP/1.1 200 OK
Content-Length: 94
Content-Type: application/json; charset=utf-8
cache-control: no-cache

17:41:48.541 [AsyncHttpClient-1-2] DEBUG org.asynchttpclient.netty.channel.ChannelManager - Adding key: http://localhost:39120 for channel [id: 0xe1a0b396, L:/127.0.0.1:51329 - R:localhost/127.0.0.1:39120]
17:41:48.567 [Forwarding isElementDisplayed on session 97408259a211083ace6b0f1c03764940 to remote] DEBUG org.asynchttpclient.netty.request.NettyRequestSender - Using pooled Channel '[id: 0xe1a0b396, L:/127.0.0.1:51329 - R:localhost/127.0.0.1:39120]' for 'POST' to 'http://localhost:39120/session/97408259a211083ace6b0f1c03764940/execute/sync'
17:41:48.568 [Forwarding isElementDisplayed on session 97408259a211083ace6b0f1c03764940 to remote] DEBUG org.asynchttpclient.netty.request.NettyRequestSender - Using open Channel [id: 0xe1a0b396, L:/127.0.0.1:51329 - R:localhost/127.0.0.1:39120] for POST '/session/97408259a211083ace6b0f1c03764940/execute/sync'
17:41:48.601 [AsyncHttpClient-1-2] DEBUG org.asynchttpclient.netty.handler.HttpHandler - 

Request DefaultHttpRequest(decodeResult: success, version: HTTP/1.1)
POST /session/97408259a211083ace6b0f1c03764940/execute/sync HTTP/1.1
User-Agent: selenium/4.9.1 (java windows)
Content-Length: 48813
Content-Type: application/json; charset=utf-8
host: localhost:39120
accept: */*

Response DefaultHttpResponse(decodeResult: success, version: HTTP/1.1)
HTTP/1.1 200 OK
Content-Length: 14
Content-Type: application/json; charset=utf-8
cache-control: no-cache

17:41:48.602 [AsyncHttpClient-1-2] DEBUG org.asynchttpclient.netty.channel.ChannelManager - Adding key: http://localhost:39120 for channel [id: 0xe1a0b396, L:/127.0.0.1:51329 - R:localhost/127.0.0.1:39120]
17:41:48.610 [Forwarding isElementEnabled on session 97408259a211083ace6b0f1c03764940 to remote] DEBUG org.asynchttpclient.netty.request.NettyRequestSender - Using pooled Channel '[id: 0xe1a0b396, L:/127.0.0.1:51329 - R:localhost/127.0.0.1:39120]' for 'GET' to 'http://localhost:39120/session/97408259a211083ace6b0f1c03764940/element/DE2387CC38119561AF47D398414C5521_element_5/enabled'
17:41:48.610 [Forwarding isElementEnabled on session 97408259a211083ace6b0f1c03764940 to remote] DEBUG org.asynchttpclient.netty.request.NettyRequestSender - Using open Channel [id: 0xe1a0b396, L:/127.0.0.1:51329 - R:localhost/127.0.0.1:39120] for GET '/session/97408259a211083ace6b0f1c03764940/element/DE2387CC38119561AF47D398414C5521_element_5/enabled'
17:41:48.627 [AsyncHttpClient-1-2] DEBUG org.asynchttpclient.netty.handler.HttpHandler - 

Request DefaultFullHttpRequest(decodeResult: success, version: HTTP/1.1, content: EmptyByteBufBE)
GET /session/97408259a211083ace6b0f1c03764940/element/DE2387CC38119561AF47D398414C5521_element_5/enabled HTTP/1.1
User-Agent: selenium/4.9.1 (java windows)
Cache-Control: no-cache
Content-Type: application/json; charset=utf-8
host: localhost:39120
accept: */*

Response DefaultHttpResponse(decodeResult: success, version: HTTP/1.1)
HTTP/1.1 200 OK
Content-Length: 14
Content-Type: application/json; charset=utf-8
cache-control: no-cache

17:41:48.627 [AsyncHttpClient-1-2] DEBUG org.asynchttpclient.netty.channel.ChannelManager - Adding key: http://localhost:39120 for channel [id: 0xe1a0b396, L:/127.0.0.1:51329 - R:localhost/127.0.0.1:39120]
17:41:48.633 [Forwarding clickElement on session 97408259a211083ace6b0f1c03764940 to remote] DEBUG org.asynchttpclient.netty.request.NettyRequestSender - Using pooled Channel '[id: 0xe1a0b396, L:/127.0.0.1:51329 - R:localhost/127.0.0.1:39120]' for 'POST' to 'http://localhost:39120/session/97408259a211083ace6b0f1c03764940/element/DE2387CC38119561AF47D398414C5521_element_5/click'
17:41:48.633 [Forwarding clickElement on session 97408259a211083ace6b0f1c03764940 to remote] DEBUG org.asynchttpclient.netty.request.NettyRequestSender - Using open Channel [id: 0xe1a0b396, L:/127.0.0.1:51329 - R:localhost/127.0.0.1:39120] for POST '/session/97408259a211083ace6b0f1c03764940/element/DE2387CC38119561AF47D398414C5521_element_5/click'
17:41:48.818 [AsyncHttpClient-1-1] DEBUG org.asynchttpclient.netty.channel.DefaultChannelPool - Entry count for : http://localhost:51331 : 1
17:41:49.920 [AsyncHttpClient-1-1] DEBUG org.asynchttpclient.netty.channel.DefaultChannelPool - Entry count for : http://localhost:51331 : 1
17:41:50.704 [AsyncHttpClient-1-2] DEBUG org.asynchttpclient.netty.handler.HttpHandler - 

Request DefaultHttpRequest(decodeResult: success, version: HTTP/1.1)
POST /session/97408259a211083ace6b0f1c03764940/element/DE2387CC38119561AF47D398414C5521_element_5/click HTTP/1.1
User-Agent: selenium/4.9.1 (java windows)
Content-Length: 56
Content-Type: application/json; charset=utf-8
host: localhost:39120
accept: */*

Response DefaultHttpResponse(decodeResult: success, version: HTTP/1.1)
HTTP/1.1 200 OK
Content-Length: 14
Content-Type: application/json; charset=utf-8
cache-control: no-cache

17:41:50.706 [AsyncHttpClient-1-2] DEBUG org.asynchttpclient.netty.channel.ChannelManager - Adding key: http://localhost:39120 for channel [id: 0xe1a0b396, L:/127.0.0.1:51329 - R:localhost/127.0.0.1:39120]
17:41:50.714 [Forwarding findElement on session 97408259a211083ace6b0f1c03764940 to remote] DEBUG org.asynchttpclient.netty.request.NettyRequestSender - Using pooled Channel '[id: 0xe1a0b396, L:/127.0.0.1:51329 - R:localhost/127.0.0.1:39120]' for 'POST' to 'http://localhost:39120/session/97408259a211083ace6b0f1c03764940/element'
17:41:50.714 [Forwarding findElement on session 97408259a211083ace6b0f1c03764940 to remote] DEBUG org.asynchttpclient.netty.request.NettyRequestSender - Using open Channel [id: 0xe1a0b396, L:/127.0.0.1:51329 - R:localhost/127.0.0.1:39120] for POST '/session/97408259a211083ace6b0f1c03764940/element'
17:41:50.741 [AsyncHttpClient-1-2] DEBUG org.asynchttpclient.netty.handler.HttpHandler - 

Request DefaultHttpRequest(decodeResult: success, version: HTTP/1.1)
POST /session/97408259a211083ace6b0f1c03764940/element HTTP/1.1
User-Agent: selenium/4.9.1 (java windows)
Content-Length: 72
Content-Type: application/json; charset=utf-8
host: localhost:39120
accept: */*

Response DefaultHttpResponse(decodeResult: success, version: HTTP/1.1)
HTTP/1.1 200 OK
Content-Length: 94
Content-Type: application/json; charset=utf-8
cache-control: no-cache

17:41:50.741 [AsyncHttpClient-1-2] DEBUG org.asynchttpclient.netty.channel.ChannelManager - Adding key: http://localhost:39120 for channel [id: 0xe1a0b396, L:/127.0.0.1:51329 - R:localhost/127.0.0.1:39120]
17:41:50.750 [Forwarding isElementDisplayed on session 97408259a211083ace6b0f1c03764940 to remote] DEBUG org.asynchttpclient.netty.request.NettyRequestSender - Using pooled Channel '[id: 0xe1a0b396, L:/127.0.0.1:51329 - R:localhost/127.0.0.1:39120]' for 'POST' to 'http://localhost:39120/session/97408259a211083ace6b0f1c03764940/execute/sync'
17:41:50.750 [Forwarding isElementDisplayed on session 97408259a211083ace6b0f1c03764940 to remote] DEBUG org.asynchttpclient.netty.request.NettyRequestSender - Using open Channel [id: 0xe1a0b396, L:/127.0.0.1:51329 - R:localhost/127.0.0.1:39120] for POST '/session/97408259a211083ace6b0f1c03764940/execute/sync'
17:41:50.782 [AsyncHttpClient-1-2] DEBUG org.asynchttpclient.netty.handler.HttpHandler - 

Request DefaultHttpRequest(decodeResult: success, version: HTTP/1.1)
POST /session/97408259a211083ace6b0f1c03764940/execute/sync HTTP/1.1
User-Agent: selenium/4.9.1 (java windows)
Content-Length: 48813
Content-Type: application/json; charset=utf-8
host: localhost:39120
accept: */*

Response DefaultHttpResponse(decodeResult: success, version: HTTP/1.1)
HTTP/1.1 200 OK
Content-Length: 14
Content-Type: application/json; charset=utf-8
cache-control: no-cache

17:41:50.783 [AsyncHttpClient-1-2] DEBUG org.asynchttpclient.netty.channel.ChannelManager - Adding key: http://localhost:39120 for channel [id: 0xe1a0b396, L:/127.0.0.1:51329 - R:localhost/127.0.0.1:39120]
17:41:50.788 [Forwarding isElementEnabled on session 97408259a211083ace6b0f1c03764940 to remote] DEBUG org.asynchttpclient.netty.request.NettyRequestSender - Using pooled Channel '[id: 0xe1a0b396, L:/127.0.0.1:51329 - R:localhost/127.0.0.1:39120]' for 'GET' to 'http://localhost:39120/session/97408259a211083ace6b0f1c03764940/element/AA6CABB21B235CB1D01D34E4A39547D2_element_7/enabled'
17:41:50.788 [Forwarding isElementEnabled on session 97408259a211083ace6b0f1c03764940 to remote] DEBUG org.asynchttpclient.netty.request.NettyRequestSender - Using open Channel [id: 0xe1a0b396, L:/127.0.0.1:51329 - R:localhost/127.0.0.1:39120] for GET '/session/97408259a211083ace6b0f1c03764940/element/AA6CABB21B235CB1D01D34E4A39547D2_element_7/enabled'
17:41:50.802 [AsyncHttpClient-1-2] DEBUG org.asynchttpclient.netty.handler.HttpHandler - 

Request DefaultFullHttpRequest(decodeResult: success, version: HTTP/1.1, content: EmptyByteBufBE)
GET /session/97408259a211083ace6b0f1c03764940/element/AA6CABB21B235CB1D01D34E4A39547D2_element_7/enabled HTTP/1.1
User-Agent: selenium/4.9.1 (java windows)
Cache-Control: no-cache
Content-Type: application/json; charset=utf-8
host: localhost:39120
accept: */*

Response DefaultHttpResponse(decodeResult: success, version: HTTP/1.1)
HTTP/1.1 200 OK
Content-Length: 14
Content-Type: application/json; charset=utf-8
cache-control: no-cache

17:41:50.802 [AsyncHttpClient-1-2] DEBUG org.asynchttpclient.netty.channel.ChannelManager - Adding key: http://localhost:39120 for channel [id: 0xe1a0b396, L:/127.0.0.1:51329 - R:localhost/127.0.0.1:39120]
17:41:50.806 [Forwarding clickElement on session 97408259a211083ace6b0f1c03764940 to remote] DEBUG org.asynchttpclient.netty.request.NettyRequestSender - Using pooled Channel '[id: 0xe1a0b396, L:/127.0.0.1:51329 - R:localhost/127.0.0.1:39120]' for 'POST' to 'http://localhost:39120/session/97408259a211083ace6b0f1c03764940/element/AA6CABB21B235CB1D01D34E4A39547D2_element_7/click'
17:41:50.806 [Forwarding clickElement on session 97408259a211083ace6b0f1c03764940 to remote] DEBUG org.asynchttpclient.netty.request.NettyRequestSender - Using open Channel [id: 0xe1a0b396, L:/127.0.0.1:51329 - R:localhost/127.0.0.1:39120] for POST '/session/97408259a211083ace6b0f1c03764940/element/AA6CABB21B235CB1D01D34E4A39547D2_element_7/click'
17:41:51.020 [AsyncHttpClient-1-1] DEBUG org.asynchttpclient.netty.channel.DefaultChannelPool - Entry count for : http://localhost:51331 : 1
17:41:51.592 [AsyncHttpClient-1-2] DEBUG org.asynchttpclient.netty.handler.HttpHandler - 

Request DefaultHttpRequest(decodeResult: success, version: HTTP/1.1)
POST /session/97408259a211083ace6b0f1c03764940/element/AA6CABB21B235CB1D01D34E4A39547D2_element_7/click HTTP/1.1
User-Agent: selenium/4.9.1 (java windows)
Content-Length: 56
Content-Type: application/json; charset=utf-8
host: localhost:39120
accept: */*

Response DefaultHttpResponse(decodeResult: success, version: HTTP/1.1)
HTTP/1.1 200 OK
Content-Length: 14
Content-Type: application/json; charset=utf-8
cache-control: no-cache

17:41:51.593 [AsyncHttpClient-1-2] DEBUG org.asynchttpclient.netty.channel.ChannelManager - Adding key: http://localhost:39120 for channel [id: 0xe1a0b396, L:/127.0.0.1:51329 - R:localhost/127.0.0.1:39120]
17:41:51.597 [Forwarding findElement on session 97408259a211083ace6b0f1c03764940 to remote] DEBUG org.asynchttpclient.netty.request.NettyRequestSender - Using pooled Channel '[id: 0xe1a0b396, L:/127.0.0.1:51329 - R:localhost/127.0.0.1:39120]' for 'POST' to 'http://localhost:39120/session/97408259a211083ace6b0f1c03764940/element'
17:41:51.597 [Forwarding findElement on session 97408259a211083ace6b0f1c03764940 to remote] DEBUG org.asynchttpclient.netty.request.NettyRequestSender - Using open Channel [id: 0xe1a0b396, L:/127.0.0.1:51329 - R:localhost/127.0.0.1:39120] for POST '/session/97408259a211083ace6b0f1c03764940/element'
17:41:51.616 [AsyncHttpClient-1-2] DEBUG org.asynchttpclient.netty.handler.HttpHandler - 

Request DefaultHttpRequest(decodeResult: success, version: HTTP/1.1)
POST /session/97408259a211083ace6b0f1c03764940/element HTTP/1.1
User-Agent: selenium/4.9.1 (java windows)
Content-Length: 80
Content-Type: application/json; charset=utf-8
host: localhost:39120
accept: */*

Response DefaultHttpResponse(decodeResult: success, version: HTTP/1.1)
HTTP/1.1 200 OK
Content-Length: 95
Content-Type: application/json; charset=utf-8
cache-control: no-cache

17:41:51.617 [AsyncHttpClient-1-2] DEBUG org.asynchttpclient.netty.channel.ChannelManager - Adding key: http://localhost:39120 for channel [id: 0xe1a0b396, L:/127.0.0.1:51329 - R:localhost/127.0.0.1:39120]
17:41:51.622 [Forwarding isElementDisplayed on session 97408259a211083ace6b0f1c03764940 to remote] DEBUG org.asynchttpclient.netty.request.NettyRequestSender - Using pooled Channel '[id: 0xe1a0b396, L:/127.0.0.1:51329 - R:localhost/127.0.0.1:39120]' for 'POST' to 'http://localhost:39120/session/97408259a211083ace6b0f1c03764940/execute/sync'
17:41:51.623 [Forwarding isElementDisplayed on session 97408259a211083ace6b0f1c03764940 to remote] DEBUG org.asynchttpclient.netty.request.NettyRequestSender - Using open Channel [id: 0xe1a0b396, L:/127.0.0.1:51329 - R:localhost/127.0.0.1:39120] for POST '/session/97408259a211083ace6b0f1c03764940/execute/sync'
17:41:51.648 [AsyncHttpClient-1-2] DEBUG org.asynchttpclient.netty.handler.HttpHandler - 

Request DefaultHttpRequest(decodeResult: success, version: HTTP/1.1)
POST /session/97408259a211083ace6b0f1c03764940/execute/sync HTTP/1.1
User-Agent: selenium/4.9.1 (java windows)
Content-Length: 48814
Content-Type: application/json; charset=utf-8
host: localhost:39120
accept: */*

Response DefaultHttpResponse(decodeResult: success, version: HTTP/1.1)
HTTP/1.1 200 OK
Content-Length: 14
Content-Type: application/json; charset=utf-8
cache-control: no-cache

17:41:51.649 [AsyncHttpClient-1-2] DEBUG org.asynchttpclient.netty.channel.ChannelManager - Adding key: http://localhost:39120 for channel [id: 0xe1a0b396, L:/127.0.0.1:51329 - R:localhost/127.0.0.1:39120]
17:41:51.652 [Forwarding isElementEnabled on session 97408259a211083ace6b0f1c03764940 to remote] DEBUG org.asynchttpclient.netty.request.NettyRequestSender - Using pooled Channel '[id: 0xe1a0b396, L:/127.0.0.1:51329 - R:localhost/127.0.0.1:39120]' for 'GET' to 'http://localhost:39120/session/97408259a211083ace6b0f1c03764940/element/A838C8B18781111E7A96FC249CF8213C_element_21/enabled'
17:41:51.652 [Forwarding isElementEnabled on session 97408259a211083ace6b0f1c03764940 to remote] DEBUG org.asynchttpclient.netty.request.NettyRequestSender - Using open Channel [id: 0xe1a0b396, L:/127.0.0.1:51329 - R:localhost/127.0.0.1:39120] for GET '/session/97408259a211083ace6b0f1c03764940/element/A838C8B18781111E7A96FC249CF8213C_element_21/enabled'
17:41:51.672 [AsyncHttpClient-1-2] DEBUG org.asynchttpclient.netty.handler.HttpHandler - 

Request DefaultFullHttpRequest(decodeResult: success, version: HTTP/1.1, content: EmptyByteBufBE)
GET /session/97408259a211083ace6b0f1c03764940/element/A838C8B18781111E7A96FC249CF8213C_element_21/enabled HTTP/1.1
User-Agent: selenium/4.9.1 (java windows)
Cache-Control: no-cache
Content-Type: application/json; charset=utf-8
host: localhost:39120
accept: */*

Response DefaultHttpResponse(decodeResult: success, version: HTTP/1.1)
HTTP/1.1 200 OK
Content-Length: 14
Content-Type: application/json; charset=utf-8
cache-control: no-cache

17:41:51.673 [AsyncHttpClient-1-2] DEBUG org.asynchttpclient.netty.channel.ChannelManager - Adding key: http://localhost:39120 for channel [id: 0xe1a0b396, L:/127.0.0.1:51329 - R:localhost/127.0.0.1:39120]
17:41:51.677 [Forwarding clickElement on session 97408259a211083ace6b0f1c03764940 to remote] DEBUG org.asynchttpclient.netty.request.NettyRequestSender - Using pooled Channel '[id: 0xe1a0b396, L:/127.0.0.1:51329 - R:localhost/127.0.0.1:39120]' for 'POST' to 'http://localhost:39120/session/97408259a211083ace6b0f1c03764940/element/A838C8B18781111E7A96FC249CF8213C_element_21/click'
17:41:51.677 [Forwarding clickElement on session 97408259a211083ace6b0f1c03764940 to remote] DEBUG org.asynchttpclient.netty.request.NettyRequestSender - Using open Channel [id: 0xe1a0b396, L:/127.0.0.1:51329 - R:localhost/127.0.0.1:39120] for POST '/session/97408259a211083ace6b0f1c03764940/element/A838C8B18781111E7A96FC249CF8213C_element_21/click'
17:41:51.754 [AsyncHttpClient-1-2] DEBUG org.asynchttpclient.netty.handler.HttpHandler - 

Request DefaultHttpRequest(decodeResult: success, version: HTTP/1.1)
POST /session/97408259a211083ace6b0f1c03764940/element/A838C8B18781111E7A96FC249CF8213C_element_21/click HTTP/1.1
User-Agent: selenium/4.9.1 (java windows)
Content-Length: 57
Content-Type: application/json; charset=utf-8
host: localhost:39120
accept: */*

Response DefaultHttpResponse(decodeResult: success, version: HTTP/1.1)
HTTP/1.1 200 OK
Content-Length: 14
Content-Type: application/json; charset=utf-8
cache-control: no-cache

17:41:51.755 [AsyncHttpClient-1-2] DEBUG org.asynchttpclient.netty.channel.ChannelManager - Adding key: http://localhost:39120 for channel [id: 0xe1a0b396, L:/127.0.0.1:51329 - R:localhost/127.0.0.1:39120]
17:41:51.760 [Forwarding findElement on session 97408259a211083ace6b0f1c03764940 to remote] DEBUG org.asynchttpclient.netty.request.NettyRequestSender - Using pooled Channel '[id: 0xe1a0b396, L:/127.0.0.1:51329 - R:localhost/127.0.0.1:39120]' for 'POST' to 'http://localhost:39120/session/97408259a211083ace6b0f1c03764940/element'
17:41:51.760 [Forwarding findElement on session 97408259a211083ace6b0f1c03764940 to remote] DEBUG org.asynchttpclient.netty.request.NettyRequestSender - Using open Channel [id: 0xe1a0b396, L:/127.0.0.1:51329 - R:localhost/127.0.0.1:39120] for POST '/session/97408259a211083ace6b0f1c03764940/element'
17:41:51.782 [AsyncHttpClient-1-2] DEBUG org.asynchttpclient.netty.handler.HttpHandler - 

Request DefaultHttpRequest(decodeResult: success, version: HTTP/1.1)
POST /session/97408259a211083ace6b0f1c03764940/element HTTP/1.1
User-Agent: selenium/4.9.1 (java windows)
Content-Length: 69
Content-Type: application/json; charset=utf-8
host: localhost:39120
accept: */*

Response DefaultHttpResponse(decodeResult: success, version: HTTP/1.1)
HTTP/1.1 404 Not Found
Content-Length: 970
Content-Type: application/json; charset=utf-8
cache-control: no-cache

17:41:51.784 [AsyncHttpClient-1-2] DEBUG org.asynchttpclient.netty.channel.ChannelManager - Adding key: http://localhost:39120 for channel [id: 0xe1a0b396, L:/127.0.0.1:51329 - R:localhost/127.0.0.1:39120]
17:41:52.017 [Forwarding findElement on session 97408259a211083ace6b0f1c03764940 to remote] DEBUG org.asynchttpclient.netty.request.NettyRequestSender - Using pooled Channel '[id: 0xe1a0b396, L:/127.0.0.1:51329 - R:localhost/127.0.0.1:39120]' for 'POST' to 'http://localhost:39120/session/97408259a211083ace6b0f1c03764940/element'
17:41:52.017 [Forwarding findElement on session 97408259a211083ace6b0f1c03764940 to remote] DEBUG org.asynchttpclient.netty.request.NettyRequestSender - Using open Channel [id: 0xe1a0b396, L:/127.0.0.1:51329 - R:localhost/127.0.0.1:39120] for POST '/session/97408259a211083ace6b0f1c03764940/element'
17:41:52.033 [AsyncHttpClient-1-2] DEBUG org.asynchttpclient.netty.handler.HttpHandler - 

Request DefaultHttpRequest(decodeResult: success, version: HTTP/1.1)
POST /session/97408259a211083ace6b0f1c03764940/element HTTP/1.1
User-Agent: selenium/4.9.1 (java windows)
Content-Length: 69
Content-Type: application/json; charset=utf-8
host: localhost:39120
accept: */*

Response DefaultHttpResponse(decodeResult: success, version: HTTP/1.1)
HTTP/1.1 200 OK
Content-Length: 95
Content-Type: application/json; charset=utf-8
cache-control: no-cache

17:41:52.034 [AsyncHttpClient-1-2] DEBUG org.asynchttpclient.netty.channel.ChannelManager - Adding key: http://localhost:39120 for channel [id: 0xe1a0b396, L:/127.0.0.1:51329 - R:localhost/127.0.0.1:39120]
17:41:52.038 [Forwarding sendKeysToElement on session 97408259a211083ace6b0f1c03764940 to remote] DEBUG org.asynchttpclient.netty.request.NettyRequestSender - Using pooled Channel '[id: 0xe1a0b396, L:/127.0.0.1:51329 - R:localhost/127.0.0.1:39120]' for 'POST' to 'http://localhost:39120/session/97408259a211083ace6b0f1c03764940/element/A838C8B18781111E7A96FC249CF8213C_element_22/value'
17:41:52.038 [Forwarding sendKeysToElement on session 97408259a211083ace6b0f1c03764940 to remote] DEBUG org.asynchttpclient.netty.request.NettyRequestSender - Using open Channel [id: 0xe1a0b396, L:/127.0.0.1:51329 - R:localhost/127.0.0.1:39120] for POST '/session/97408259a211083ace6b0f1c03764940/element/A838C8B18781111E7A96FC249CF8213C_element_22/value'
17:41:52.103 [AsyncHttpClient-1-2] DEBUG org.asynchttpclient.netty.handler.HttpHandler - 

Request DefaultHttpRequest(decodeResult: success, version: HTTP/1.1)
POST /session/97408259a211083ace6b0f1c03764940/element/A838C8B18781111E7A96FC249CF8213C_element_22/value HTTP/1.1
User-Agent: selenium/4.9.1 (java windows)
Content-Length: 168
Content-Type: application/json; charset=utf-8
host: localhost:39120
accept: */*

Response DefaultHttpResponse(decodeResult: success, version: HTTP/1.1)
HTTP/1.1 200 OK
Content-Length: 14
Content-Type: application/json; charset=utf-8
cache-control: no-cache

17:41:52.104 [AsyncHttpClient-1-2] DEBUG org.asynchttpclient.netty.channel.ChannelManager - Adding key: http://localhost:39120 for channel [id: 0xe1a0b396, L:/127.0.0.1:51329 - R:localhost/127.0.0.1:39120]
17:41:52.107 [Forwarding findElement on session 97408259a211083ace6b0f1c03764940 to remote] DEBUG org.asynchttpclient.netty.request.NettyRequestSender - Using pooled Channel '[id: 0xe1a0b396, L:/127.0.0.1:51329 - R:localhost/127.0.0.1:39120]' for 'POST' to 'http://localhost:39120/session/97408259a211083ace6b0f1c03764940/element'
17:41:52.108 [Forwarding findElement on session 97408259a211083ace6b0f1c03764940 to remote] DEBUG org.asynchttpclient.netty.request.NettyRequestSender - Using open Channel [id: 0xe1a0b396, L:/127.0.0.1:51329 - R:localhost/127.0.0.1:39120] for POST '/session/97408259a211083ace6b0f1c03764940/element'
17:41:52.125 [AsyncHttpClient-1-1] DEBUG org.asynchttpclient.netty.channel.DefaultChannelPool - Entry count for : http://localhost:51331 : 1
17:41:52.132 [AsyncHttpClient-1-2] DEBUG org.asynchttpclient.netty.handler.HttpHandler - 

Request DefaultHttpRequest(decodeResult: success, version: HTTP/1.1)
POST /session/97408259a211083ace6b0f1c03764940/element HTTP/1.1
User-Agent: selenium/4.9.1 (java windows)
Content-Length: 78
Content-Type: application/json; charset=utf-8
host: localhost:39120
accept: */*

Response DefaultHttpResponse(decodeResult: success, version: HTTP/1.1)
HTTP/1.1 200 OK
Content-Length: 95
Content-Type: application/json; charset=utf-8
cache-control: no-cache

17:41:52.132 [AsyncHttpClient-1-2] DEBUG org.asynchttpclient.netty.channel.ChannelManager - Adding key: http://localhost:39120 for channel [id: 0xe1a0b396, L:/127.0.0.1:51329 - R:localhost/127.0.0.1:39120]
17:41:52.138 [Forwarding sendKeysToElement on session 97408259a211083ace6b0f1c03764940 to remote] DEBUG org.asynchttpclient.netty.request.NettyRequestSender - Using pooled Channel '[id: 0xe1a0b396, L:/127.0.0.1:51329 - R:localhost/127.0.0.1:39120]' for 'POST' to 'http://localhost:39120/session/97408259a211083ace6b0f1c03764940/element/A838C8B18781111E7A96FC249CF8213C_element_23/value'
17:41:52.138 [Forwarding sendKeysToElement on session 97408259a211083ace6b0f1c03764940 to remote] DEBUG org.asynchttpclient.netty.request.NettyRequestSender - Using open Channel [id: 0xe1a0b396, L:/127.0.0.1:51329 - R:localhost/127.0.0.1:39120] for POST '/session/97408259a211083ace6b0f1c03764940/element/A838C8B18781111E7A96FC249CF8213C_element_23/value'
17:41:52.237 [AsyncHttpClient-1-2] DEBUG org.asynchttpclient.netty.handler.HttpHandler - 

Request DefaultHttpRequest(decodeResult: success, version: HTTP/1.1)
POST /session/97408259a211083ace6b0f1c03764940/element/A838C8B18781111E7A96FC249CF8213C_element_23/value HTTP/1.1
User-Agent: selenium/4.9.1 (java windows)
Content-Length: 238
Content-Type: application/json; charset=utf-8
host: localhost:39120
accept: */*

Response DefaultHttpResponse(decodeResult: success, version: HTTP/1.1)
HTTP/1.1 200 OK
Content-Length: 14
Content-Type: application/json; charset=utf-8
cache-control: no-cache

17:41:52.237 [AsyncHttpClient-1-2] DEBUG org.asynchttpclient.netty.channel.ChannelManager - Adding key: http://localhost:39120 for channel [id: 0xe1a0b396, L:/127.0.0.1:51329 - R:localhost/127.0.0.1:39120]
17:41:52.241 [Forwarding findElement on session 97408259a211083ace6b0f1c03764940 to remote] DEBUG org.asynchttpclient.netty.request.NettyRequestSender - Using pooled Channel '[id: 0xe1a0b396, L:/127.0.0.1:51329 - R:localhost/127.0.0.1:39120]' for 'POST' to 'http://localhost:39120/session/97408259a211083ace6b0f1c03764940/element'
17:41:52.242 [Forwarding findElement on session 97408259a211083ace6b0f1c03764940 to remote] DEBUG org.asynchttpclient.netty.request.NettyRequestSender - Using open Channel [id: 0xe1a0b396, L:/127.0.0.1:51329 - R:localhost/127.0.0.1:39120] for POST '/session/97408259a211083ace6b0f1c03764940/element'
17:41:52.262 [AsyncHttpClient-1-2] DEBUG org.asynchttpclient.netty.handler.HttpHandler - 

Request DefaultHttpRequest(decodeResult: success, version: HTTP/1.1)
POST /session/97408259a211083ace6b0f1c03764940/element HTTP/1.1
User-Agent: selenium/4.9.1 (java windows)
Content-Length: 70
Content-Type: application/json; charset=utf-8
host: localhost:39120
accept: */*

Response DefaultHttpResponse(decodeResult: success, version: HTTP/1.1)
HTTP/1.1 200 OK
Content-Length: 95
Content-Type: application/json; charset=utf-8
cache-control: no-cache

17:41:52.263 [AsyncHttpClient-1-2] DEBUG org.asynchttpclient.netty.channel.ChannelManager - Adding key: http://localhost:39120 for channel [id: 0xe1a0b396, L:/127.0.0.1:51329 - R:localhost/127.0.0.1:39120]
17:41:52.272 [Forwarding isElementDisplayed on session 97408259a211083ace6b0f1c03764940 to remote] DEBUG org.asynchttpclient.netty.request.NettyRequestSender - Using pooled Channel '[id: 0xe1a0b396, L:/127.0.0.1:51329 - R:localhost/127.0.0.1:39120]' for 'POST' to 'http://localhost:39120/session/97408259a211083ace6b0f1c03764940/execute/sync'
17:41:52.272 [Forwarding isElementDisplayed on session 97408259a211083ace6b0f1c03764940 to remote] DEBUG org.asynchttpclient.netty.request.NettyRequestSender - Using open Channel [id: 0xe1a0b396, L:/127.0.0.1:51329 - R:localhost/127.0.0.1:39120] for POST '/session/97408259a211083ace6b0f1c03764940/execute/sync'
17:41:52.297 [AsyncHttpClient-1-2] DEBUG org.asynchttpclient.netty.handler.HttpHandler - 

Request DefaultHttpRequest(decodeResult: success, version: HTTP/1.1)
POST /session/97408259a211083ace6b0f1c03764940/execute/sync HTTP/1.1
User-Agent: selenium/4.9.1 (java windows)
Content-Length: 48814
Content-Type: application/json; charset=utf-8
host: localhost:39120
accept: */*

Response DefaultHttpResponse(decodeResult: success, version: HTTP/1.1)
HTTP/1.1 200 OK
Content-Length: 14
Content-Type: application/json; charset=utf-8
cache-control: no-cache

17:41:52.298 [AsyncHttpClient-1-2] DEBUG org.asynchttpclient.netty.channel.ChannelManager - Adding key: http://localhost:39120 for channel [id: 0xe1a0b396, L:/127.0.0.1:51329 - R:localhost/127.0.0.1:39120]
17:41:52.299 [Forwarding isElementEnabled on session 97408259a211083ace6b0f1c03764940 to remote] DEBUG org.asynchttpclient.netty.request.NettyRequestSender - Using pooled Channel '[id: 0xe1a0b396, L:/127.0.0.1:51329 - R:localhost/127.0.0.1:39120]' for 'GET' to 'http://localhost:39120/session/97408259a211083ace6b0f1c03764940/element/A838C8B18781111E7A96FC249CF8213C_element_24/enabled'
17:41:52.299 [Forwarding isElementEnabled on session 97408259a211083ace6b0f1c03764940 to remote] DEBUG org.asynchttpclient.netty.request.NettyRequestSender - Using open Channel [id: 0xe1a0b396, L:/127.0.0.1:51329 - R:localhost/127.0.0.1:39120] for GET '/session/97408259a211083ace6b0f1c03764940/element/A838C8B18781111E7A96FC249CF8213C_element_24/enabled'
17:41:52.311 [AsyncHttpClient-1-2] DEBUG org.asynchttpclient.netty.handler.HttpHandler - 

Request DefaultFullHttpRequest(decodeResult: success, version: HTTP/1.1, content: EmptyByteBufBE)
GET /session/97408259a211083ace6b0f1c03764940/element/A838C8B18781111E7A96FC249CF8213C_element_24/enabled HTTP/1.1
User-Agent: selenium/4.9.1 (java windows)
Cache-Control: no-cache
Content-Type: application/json; charset=utf-8
host: localhost:39120
accept: */*

Response DefaultHttpResponse(decodeResult: success, version: HTTP/1.1)
HTTP/1.1 200 OK
Content-Length: 14
Content-Type: application/json; charset=utf-8
cache-control: no-cache

17:41:52.312 [AsyncHttpClient-1-2] DEBUG org.asynchttpclient.netty.channel.ChannelManager - Adding key: http://localhost:39120 for channel [id: 0xe1a0b396, L:/127.0.0.1:51329 - R:localhost/127.0.0.1:39120]
17:41:52.314 [Forwarding clickElement on session 97408259a211083ace6b0f1c03764940 to remote] DEBUG org.asynchttpclient.netty.request.NettyRequestSender - Using pooled Channel '[id: 0xe1a0b396, L:/127.0.0.1:51329 - R:localhost/127.0.0.1:39120]' for 'POST' to 'http://localhost:39120/session/97408259a211083ace6b0f1c03764940/element/A838C8B18781111E7A96FC249CF8213C_element_24/click'
17:41:52.314 [Forwarding clickElement on session 97408259a211083ace6b0f1c03764940 to remote] DEBUG org.asynchttpclient.netty.request.NettyRequestSender - Using open Channel [id: 0xe1a0b396, L:/127.0.0.1:51329 - R:localhost/127.0.0.1:39120] for POST '/session/97408259a211083ace6b0f1c03764940/element/A838C8B18781111E7A96FC249CF8213C_element_24/click'
17:41:52.374 [AsyncHttpClient-1-2] DEBUG org.asynchttpclient.netty.handler.HttpHandler - 

Request DefaultHttpRequest(decodeResult: success, version: HTTP/1.1)
POST /session/97408259a211083ace6b0f1c03764940/element/A838C8B18781111E7A96FC249CF8213C_element_24/click HTTP/1.1
User-Agent: selenium/4.9.1 (java windows)
Content-Length: 57
Content-Type: application/json; charset=utf-8
host: localhost:39120
accept: */*

Response DefaultHttpResponse(decodeResult: success, version: HTTP/1.1)
HTTP/1.1 200 OK
Content-Length: 14
Content-Type: application/json; charset=utf-8
cache-control: no-cache

17:41:52.375 [AsyncHttpClient-1-2] DEBUG org.asynchttpclient.netty.channel.ChannelManager - Adding key: http://localhost:39120 for channel [id: 0xe1a0b396, L:/127.0.0.1:51329 - R:localhost/127.0.0.1:39120]
17:41:52.400 [Forwarding findElement on session 97408259a211083ace6b0f1c03764940 to remote] DEBUG org.asynchttpclient.netty.request.NettyRequestSender - Using pooled Channel '[id: 0xe1a0b396, L:/127.0.0.1:51329 - R:localhost/127.0.0.1:39120]' for 'POST' to 'http://localhost:39120/session/97408259a211083ace6b0f1c03764940/element'
17:41:52.400 [Forwarding findElement on session 97408259a211083ace6b0f1c03764940 to remote] DEBUG org.asynchttpclient.netty.request.NettyRequestSender - Using open Channel [id: 0xe1a0b396, L:/127.0.0.1:51329 - R:localhost/127.0.0.1:39120] for POST '/session/97408259a211083ace6b0f1c03764940/element'
17:41:52.417 [AsyncHttpClient-1-2] DEBUG org.asynchttpclient.netty.handler.HttpHandler - 

Request DefaultHttpRequest(decodeResult: success, version: HTTP/1.1)
POST /session/97408259a211083ace6b0f1c03764940/element HTTP/1.1
User-Agent: selenium/4.9.1 (java windows)
Content-Length: 69
Content-Type: application/json; charset=utf-8
host: localhost:39120
accept: */*

Response DefaultHttpResponse(decodeResult: success, version: HTTP/1.1)
HTTP/1.1 404 Not Found
Content-Length: 970
Content-Type: application/json; charset=utf-8
cache-control: no-cache

17:41:52.419 [AsyncHttpClient-1-2] DEBUG org.asynchttpclient.netty.channel.ChannelManager - Adding key: http://localhost:39120 for channel [id: 0xe1a0b396, L:/127.0.0.1:51329 - R:localhost/127.0.0.1:39120]
17:41:52.428 [main] DEBUG com.codeborne.selenide.impl.Plugins - Using default implementation of com.codeborne.selenide.ex.ErrorFormatter: com.codeborne.selenide.ex.SelenideErrorFormatter
17:41:52.640 [Forwarding findElement on session 97408259a211083ace6b0f1c03764940 to remote] DEBUG org.asynchttpclient.netty.request.NettyRequestSender - Using pooled Channel '[id: 0xe1a0b396, L:/127.0.0.1:51329 - R:localhost/127.0.0.1:39120]' for 'POST' to 'http://localhost:39120/session/97408259a211083ace6b0f1c03764940/element'
17:41:52.640 [Forwarding findElement on session 97408259a211083ace6b0f1c03764940 to remote] DEBUG org.asynchttpclient.netty.request.NettyRequestSender - Using open Channel [id: 0xe1a0b396, L:/127.0.0.1:51329 - R:localhost/127.0.0.1:39120] for POST '/session/97408259a211083ace6b0f1c03764940/element'
17:41:52.662 [AsyncHttpClient-1-2] DEBUG org.asynchttpclient.netty.handler.HttpHandler - 

Request DefaultHttpRequest(decodeResult: success, version: HTTP/1.1)
POST /session/97408259a211083ace6b0f1c03764940/element HTTP/1.1
User-Agent: selenium/4.9.1 (java windows)
Content-Length: 69
Content-Type: application/json; charset=utf-8
host: localhost:39120
accept: */*

Response DefaultHttpResponse(decodeResult: success, version: HTTP/1.1)
HTTP/1.1 200 OK
Content-Length: 95
Content-Type: application/json; charset=utf-8
cache-control: no-cache

17:41:52.664 [AsyncHttpClient-1-2] DEBUG org.asynchttpclient.netty.channel.ChannelManager - Adding key: http://localhost:39120 for channel [id: 0xe1a0b396, L:/127.0.0.1:51329 - R:localhost/127.0.0.1:39120]
17:41:52.672 [Forwarding isElementDisplayed on session 97408259a211083ace6b0f1c03764940 to remote] DEBUG org.asynchttpclient.netty.request.NettyRequestSender - Using pooled Channel '[id: 0xe1a0b396, L:/127.0.0.1:51329 - R:localhost/127.0.0.1:39120]' for 'POST' to 'http://localhost:39120/session/97408259a211083ace6b0f1c03764940/execute/sync'
17:41:52.673 [Forwarding isElementDisplayed on session 97408259a211083ace6b0f1c03764940 to remote] DEBUG org.asynchttpclient.netty.request.NettyRequestSender - Using open Channel [id: 0xe1a0b396, L:/127.0.0.1:51329 - R:localhost/127.0.0.1:39120] for POST '/session/97408259a211083ace6b0f1c03764940/execute/sync'
17:41:52.700 [AsyncHttpClient-1-2] DEBUG org.asynchttpclient.netty.handler.HttpHandler - 

Request DefaultHttpRequest(decodeResult: success, version: HTTP/1.1)
POST /session/97408259a211083ace6b0f1c03764940/execute/sync HTTP/1.1
User-Agent: selenium/4.9.1 (java windows)
Content-Length: 48814
Content-Type: application/json; charset=utf-8
host: localhost:39120
accept: */*

Response DefaultHttpResponse(decodeResult: success, version: HTTP/1.1)
HTTP/1.1 200 OK
Content-Length: 14
Content-Type: application/json; charset=utf-8
cache-control: no-cache

17:41:52.700 [AsyncHttpClient-1-2] DEBUG org.asynchttpclient.netty.channel.ChannelManager - Adding key: http://localhost:39120 for channel [id: 0xe1a0b396, L:/127.0.0.1:51329 - R:localhost/127.0.0.1:39120]
17:41:52.703 [Forwarding isElementEnabled on session 97408259a211083ace6b0f1c03764940 to remote] DEBUG org.asynchttpclient.netty.request.NettyRequestSender - Using pooled Channel '[id: 0xe1a0b396, L:/127.0.0.1:51329 - R:localhost/127.0.0.1:39120]' for 'GET' to 'http://localhost:39120/session/97408259a211083ace6b0f1c03764940/element/20B19CC963FF28F0D5ECE4C9E5D99094_element_27/enabled'
17:41:52.703 [Forwarding isElementEnabled on session 97408259a211083ace6b0f1c03764940 to remote] DEBUG org.asynchttpclient.netty.request.NettyRequestSender - Using open Channel [id: 0xe1a0b396, L:/127.0.0.1:51329 - R:localhost/127.0.0.1:39120] for GET '/session/97408259a211083ace6b0f1c03764940/element/20B19CC963FF28F0D5ECE4C9E5D99094_element_27/enabled'
17:41:52.720 [AsyncHttpClient-1-2] DEBUG org.asynchttpclient.netty.handler.HttpHandler - 

Request DefaultFullHttpRequest(decodeResult: success, version: HTTP/1.1, content: EmptyByteBufBE)
GET /session/97408259a211083ace6b0f1c03764940/element/20B19CC963FF28F0D5ECE4C9E5D99094_element_27/enabled HTTP/1.1
User-Agent: selenium/4.9.1 (java windows)
Cache-Control: no-cache
Content-Type: application/json; charset=utf-8
host: localhost:39120
accept: */*

Response DefaultHttpResponse(decodeResult: success, version: HTTP/1.1)
HTTP/1.1 200 OK
Content-Length: 14
Content-Type: application/json; charset=utf-8
cache-control: no-cache

17:41:52.720 [AsyncHttpClient-1-2] DEBUG org.asynchttpclient.netty.channel.ChannelManager - Adding key: http://localhost:39120 for channel [id: 0xe1a0b396, L:/127.0.0.1:51329 - R:localhost/127.0.0.1:39120]
17:41:52.724 [Forwarding clickElement on session 97408259a211083ace6b0f1c03764940 to remote] DEBUG org.asynchttpclient.netty.request.NettyRequestSender - Using pooled Channel '[id: 0xe1a0b396, L:/127.0.0.1:51329 - R:localhost/127.0.0.1:39120]' for 'POST' to 'http://localhost:39120/session/97408259a211083ace6b0f1c03764940/element/20B19CC963FF28F0D5ECE4C9E5D99094_element_27/click'
17:41:52.724 [Forwarding clickElement on session 97408259a211083ace6b0f1c03764940 to remote] DEBUG org.asynchttpclient.netty.request.NettyRequestSender - Using open Channel [id: 0xe1a0b396, L:/127.0.0.1:51329 - R:localhost/127.0.0.1:39120] for POST '/session/97408259a211083ace6b0f1c03764940/element/20B19CC963FF28F0D5ECE4C9E5D99094_element_27/click'
17:41:52.939 [AsyncHttpClient-1-2] DEBUG org.asynchttpclient.netty.handler.HttpHandler - 

Request DefaultHttpRequest(decodeResult: success, version: HTTP/1.1)
POST /session/97408259a211083ace6b0f1c03764940/element/20B19CC963FF28F0D5ECE4C9E5D99094_element_27/click HTTP/1.1
User-Agent: selenium/4.9.1 (java windows)
Content-Length: 57
Content-Type: application/json; charset=utf-8
host: localhost:39120
accept: */*

Response DefaultHttpResponse(decodeResult: success, version: HTTP/1.1)
HTTP/1.1 200 OK
Content-Length: 14
Content-Type: application/json; charset=utf-8
cache-control: no-cache

17:41:52.940 [AsyncHttpClient-1-2] DEBUG org.asynchttpclient.netty.channel.ChannelManager - Adding key: http://localhost:39120 for channel [id: 0xe1a0b396, L:/127.0.0.1:51329 - R:localhost/127.0.0.1:39120]
17:41:52.944 [Forwarding findElement on session 97408259a211083ace6b0f1c03764940 to remote] DEBUG org.asynchttpclient.netty.request.NettyRequestSender - Using pooled Channel '[id: 0xe1a0b396, L:/127.0.0.1:51329 - R:localhost/127.0.0.1:39120]' for 'POST' to 'http://localhost:39120/session/97408259a211083ace6b0f1c03764940/element'
17:41:52.944 [Forwarding findElement on session 97408259a211083ace6b0f1c03764940 to remote] DEBUG org.asynchttpclient.netty.request.NettyRequestSender - Using open Channel [id: 0xe1a0b396, L:/127.0.0.1:51329 - R:localhost/127.0.0.1:39120] for POST '/session/97408259a211083ace6b0f1c03764940/element'
17:41:52.965 [AsyncHttpClient-1-2] DEBUG org.asynchttpclient.netty.handler.HttpHandler - 

Request DefaultHttpRequest(decodeResult: success, version: HTTP/1.1)
POST /session/97408259a211083ace6b0f1c03764940/element HTTP/1.1
User-Agent: selenium/4.9.1 (java windows)
Content-Length: 74
Content-Type: application/json; charset=utf-8
host: localhost:39120
accept: */*

Response DefaultHttpResponse(decodeResult: success, version: HTTP/1.1)
HTTP/1.1 200 OK
Content-Length: 95
Content-Type: application/json; charset=utf-8
cache-control: no-cache

17:41:52.966 [AsyncHttpClient-1-2] DEBUG org.asynchttpclient.netty.channel.ChannelManager - Adding key: http://localhost:39120 for channel [id: 0xe1a0b396, L:/127.0.0.1:51329 - R:localhost/127.0.0.1:39120]
17:41:52.979 [Forwarding isElementDisplayed on session 97408259a211083ace6b0f1c03764940 to remote] DEBUG org.asynchttpclient.netty.request.NettyRequestSender - Using pooled Channel '[id: 0xe1a0b396, L:/127.0.0.1:51329 - R:localhost/127.0.0.1:39120]' for 'POST' to 'http://localhost:39120/session/97408259a211083ace6b0f1c03764940/execute/sync'
17:41:52.979 [Forwarding isElementDisplayed on session 97408259a211083ace6b0f1c03764940 to remote] DEBUG org.asynchttpclient.netty.request.NettyRequestSender - Using open Channel [id: 0xe1a0b396, L:/127.0.0.1:51329 - R:localhost/127.0.0.1:39120] for POST '/session/97408259a211083ace6b0f1c03764940/execute/sync'
17:41:52.998 [AsyncHttpClient-1-2] DEBUG org.asynchttpclient.netty.handler.HttpHandler - 

Request DefaultHttpRequest(decodeResult: success, version: HTTP/1.1)
POST /session/97408259a211083ace6b0f1c03764940/execute/sync HTTP/1.1
User-Agent: selenium/4.9.1 (java windows)
Content-Length: 48814
Content-Type: application/json; charset=utf-8
host: localhost:39120
accept: */*

Response DefaultHttpResponse(decodeResult: success, version: HTTP/1.1)
HTTP/1.1 200 OK
Content-Length: 14
Content-Type: application/json; charset=utf-8
cache-control: no-cache

17:41:52.998 [AsyncHttpClient-1-2] DEBUG org.asynchttpclient.netty.channel.ChannelManager - Adding key: http://localhost:39120 for channel [id: 0xe1a0b396, L:/127.0.0.1:51329 - R:localhost/127.0.0.1:39120]
17:41:53.001 [Forwarding isElementEnabled on session 97408259a211083ace6b0f1c03764940 to remote] DEBUG org.asynchttpclient.netty.request.NettyRequestSender - Using pooled Channel '[id: 0xe1a0b396, L:/127.0.0.1:51329 - R:localhost/127.0.0.1:39120]' for 'GET' to 'http://localhost:39120/session/97408259a211083ace6b0f1c03764940/element/DAFAC6444C990CDE5133980B53EB7A1A_element_31/enabled'
17:41:53.001 [Forwarding isElementEnabled on session 97408259a211083ace6b0f1c03764940 to remote] DEBUG org.asynchttpclient.netty.request.NettyRequestSender - Using open Channel [id: 0xe1a0b396, L:/127.0.0.1:51329 - R:localhost/127.0.0.1:39120] for GET '/session/97408259a211083ace6b0f1c03764940/element/DAFAC6444C990CDE5133980B53EB7A1A_element_31/enabled'
17:41:53.018 [AsyncHttpClient-1-2] DEBUG org.asynchttpclient.netty.handler.HttpHandler - 

Request DefaultFullHttpRequest(decodeResult: success, version: HTTP/1.1, content: EmptyByteBufBE)
GET /session/97408259a211083ace6b0f1c03764940/element/DAFAC6444C990CDE5133980B53EB7A1A_element_31/enabled HTTP/1.1
User-Agent: selenium/4.9.1 (java windows)
Cache-Control: no-cache
Content-Type: application/json; charset=utf-8
host: localhost:39120
accept: */*

Response DefaultHttpResponse(decodeResult: success, version: HTTP/1.1)
HTTP/1.1 200 OK
Content-Length: 14
Content-Type: application/json; charset=utf-8
cache-control: no-cache

17:41:53.019 [AsyncHttpClient-1-2] DEBUG org.asynchttpclient.netty.channel.ChannelManager - Adding key: http://localhost:39120 for channel [id: 0xe1a0b396, L:/127.0.0.1:51329 - R:localhost/127.0.0.1:39120]
17:41:53.022 [Forwarding clickElement on session 97408259a211083ace6b0f1c03764940 to remote] DEBUG org.asynchttpclient.netty.request.NettyRequestSender - Using pooled Channel '[id: 0xe1a0b396, L:/127.0.0.1:51329 - R:localhost/127.0.0.1:39120]' for 'POST' to 'http://localhost:39120/session/97408259a211083ace6b0f1c03764940/element/DAFAC6444C990CDE5133980B53EB7A1A_element_31/click'
17:41:53.022 [Forwarding clickElement on session 97408259a211083ace6b0f1c03764940 to remote] DEBUG org.asynchttpclient.netty.request.NettyRequestSender - Using open Channel [id: 0xe1a0b396, L:/127.0.0.1:51329 - R:localhost/127.0.0.1:39120] for POST '/session/97408259a211083ace6b0f1c03764940/element/DAFAC6444C990CDE5133980B53EB7A1A_element_31/click'
17:41:53.086 [AsyncHttpClient-1-2] DEBUG org.asynchttpclient.netty.handler.HttpHandler - 

Request DefaultHttpRequest(decodeResult: success, version: HTTP/1.1)
POST /session/97408259a211083ace6b0f1c03764940/element/DAFAC6444C990CDE5133980B53EB7A1A_element_31/click HTTP/1.1
User-Agent: selenium/4.9.1 (java windows)
Content-Length: 57
Content-Type: application/json; charset=utf-8
host: localhost:39120
accept: */*

Response DefaultHttpResponse(decodeResult: success, version: HTTP/1.1)
HTTP/1.1 200 OK
Content-Length: 14
Content-Type: application/json; charset=utf-8
cache-control: no-cache

17:41:53.087 [AsyncHttpClient-1-2] DEBUG org.asynchttpclient.netty.channel.ChannelManager - Adding key: http://localhost:39120 for channel [id: 0xe1a0b396, L:/127.0.0.1:51329 - R:localhost/127.0.0.1:39120]
17:41:53.091 [Forwarding findElement on session 97408259a211083ace6b0f1c03764940 to remote] DEBUG org.asynchttpclient.netty.request.NettyRequestSender - Using pooled Channel '[id: 0xe1a0b396, L:/127.0.0.1:51329 - R:localhost/127.0.0.1:39120]' for 'POST' to 'http://localhost:39120/session/97408259a211083ace6b0f1c03764940/element'
17:41:53.091 [Forwarding findElement on session 97408259a211083ace6b0f1c03764940 to remote] DEBUG org.asynchttpclient.netty.request.NettyRequestSender - Using open Channel [id: 0xe1a0b396, L:/127.0.0.1:51329 - R:localhost/127.0.0.1:39120] for POST '/session/97408259a211083ace6b0f1c03764940/element'
17:41:53.130 [AsyncHttpClient-1-2] DEBUG org.asynchttpclient.netty.handler.HttpHandler - 

Request DefaultHttpRequest(decodeResult: success, version: HTTP/1.1)
POST /session/97408259a211083ace6b0f1c03764940/element HTTP/1.1
User-Agent: selenium/4.9.1 (java windows)
Content-Length: 146
Content-Type: application/json; charset=utf-8
host: localhost:39120
accept: */*

Response DefaultHttpResponse(decodeResult: success, version: HTTP/1.1)
HTTP/1.1 200 OK
Content-Length: 95
Content-Type: application/json; charset=utf-8
cache-control: no-cache

17:41:53.130 [AsyncHttpClient-1-2] DEBUG org.asynchttpclient.netty.channel.ChannelManager - Adding key: http://localhost:39120 for channel [id: 0xe1a0b396, L:/127.0.0.1:51329 - R:localhost/127.0.0.1:39120]
17:41:53.136 [Forwarding sendKeysToElement on session 97408259a211083ace6b0f1c03764940 to remote] DEBUG org.asynchttpclient.netty.request.NettyRequestSender - Using pooled Channel '[id: 0xe1a0b396, L:/127.0.0.1:51329 - R:localhost/127.0.0.1:39120]' for 'POST' to 'http://localhost:39120/session/97408259a211083ace6b0f1c03764940/element/DAFAC6444C990CDE5133980B53EB7A1A_element_34/value'
17:41:53.136 [Forwarding sendKeysToElement on session 97408259a211083ace6b0f1c03764940 to remote] DEBUG org.asynchttpclient.netty.request.NettyRequestSender - Using open Channel [id: 0xe1a0b396, L:/127.0.0.1:51329 - R:localhost/127.0.0.1:39120] for POST '/session/97408259a211083ace6b0f1c03764940/element/DAFAC6444C990CDE5133980B53EB7A1A_element_34/value'
17:41:53.187 [AsyncHttpClient-1-2] DEBUG org.asynchttpclient.netty.handler.HttpHandler - 

Request DefaultHttpRequest(decodeResult: success, version: HTTP/1.1)
POST /session/97408259a211083ace6b0f1c03764940/element/DAFAC6444C990CDE5133980B53EB7A1A_element_34/value HTTP/1.1
User-Agent: selenium/4.9.1 (java windows)
Content-Length: 208
Content-Type: application/json; charset=utf-8
host: localhost:39120
accept: */*

Response DefaultHttpResponse(decodeResult: success, version: HTTP/1.1)
HTTP/1.1 200 OK
Content-Length: 14
Content-Type: application/json; charset=utf-8
cache-control: no-cache

17:41:53.188 [AsyncHttpClient-1-2] DEBUG org.asynchttpclient.netty.channel.ChannelManager - Adding key: http://localhost:39120 for channel [id: 0xe1a0b396, L:/127.0.0.1:51329 - R:localhost/127.0.0.1:39120]
17:41:53.192 [Forwarding findElement on session 97408259a211083ace6b0f1c03764940 to remote] DEBUG org.asynchttpclient.netty.request.NettyRequestSender - Using pooled Channel '[id: 0xe1a0b396, L:/127.0.0.1:51329 - R:localhost/127.0.0.1:39120]' for 'POST' to 'http://localhost:39120/session/97408259a211083ace6b0f1c03764940/element'
17:41:53.192 [Forwarding findElement on session 97408259a211083ace6b0f1c03764940 to remote] DEBUG org.asynchttpclient.netty.request.NettyRequestSender - Using open Channel [id: 0xe1a0b396, L:/127.0.0.1:51329 - R:localhost/127.0.0.1:39120] for POST '/session/97408259a211083ace6b0f1c03764940/element'
17:41:53.211 [AsyncHttpClient-1-2] DEBUG org.asynchttpclient.netty.handler.HttpHandler - 

Request DefaultHttpRequest(decodeResult: success, version: HTTP/1.1)
POST /session/97408259a211083ace6b0f1c03764940/element HTTP/1.1
User-Agent: selenium/4.9.1 (java windows)
Content-Length: 174
Content-Type: application/json; charset=utf-8
host: localhost:39120
accept: */*

Response DefaultHttpResponse(decodeResult: success, version: HTTP/1.1)
HTTP/1.1 200 OK
Content-Length: 95
Content-Type: application/json; charset=utf-8
cache-control: no-cache

17:41:53.212 [AsyncHttpClient-1-2] DEBUG org.asynchttpclient.netty.channel.ChannelManager - Adding key: http://localhost:39120 for channel [id: 0xe1a0b396, L:/127.0.0.1:51329 - R:localhost/127.0.0.1:39120]
17:41:53.219 [Forwarding isElementDisplayed on session 97408259a211083ace6b0f1c03764940 to remote] DEBUG org.asynchttpclient.netty.request.NettyRequestSender - Using pooled Channel '[id: 0xe1a0b396, L:/127.0.0.1:51329 - R:localhost/127.0.0.1:39120]' for 'POST' to 'http://localhost:39120/session/97408259a211083ace6b0f1c03764940/execute/sync'
17:41:53.219 [Forwarding isElementDisplayed on session 97408259a211083ace6b0f1c03764940 to remote] DEBUG org.asynchttpclient.netty.request.NettyRequestSender - Using open Channel [id: 0xe1a0b396, L:/127.0.0.1:51329 - R:localhost/127.0.0.1:39120] for POST '/session/97408259a211083ace6b0f1c03764940/execute/sync'
17:41:53.220 [AsyncHttpClient-1-1] DEBUG org.asynchttpclient.netty.channel.DefaultChannelPool - Entry count for : http://localhost:51331 : 1
17:41:53.243 [AsyncHttpClient-1-2] DEBUG org.asynchttpclient.netty.handler.HttpHandler - 

Request DefaultHttpRequest(decodeResult: success, version: HTTP/1.1)
POST /session/97408259a211083ace6b0f1c03764940/execute/sync HTTP/1.1
User-Agent: selenium/4.9.1 (java windows)
Content-Length: 48814
Content-Type: application/json; charset=utf-8
host: localhost:39120
accept: */*

Response DefaultHttpResponse(decodeResult: success, version: HTTP/1.1)
HTTP/1.1 200 OK
Content-Length: 14
Content-Type: application/json; charset=utf-8
cache-control: no-cache

17:41:53.243 [AsyncHttpClient-1-2] DEBUG org.asynchttpclient.netty.channel.ChannelManager - Adding key: http://localhost:39120 for channel [id: 0xe1a0b396, L:/127.0.0.1:51329 - R:localhost/127.0.0.1:39120]
17:41:53.246 [Forwarding isElementEnabled on session 97408259a211083ace6b0f1c03764940 to remote] DEBUG org.asynchttpclient.netty.request.NettyRequestSender - Using pooled Channel '[id: 0xe1a0b396, L:/127.0.0.1:51329 - R:localhost/127.0.0.1:39120]' for 'GET' to 'http://localhost:39120/session/97408259a211083ace6b0f1c03764940/element/DAFAC6444C990CDE5133980B53EB7A1A_element_35/enabled'
17:41:53.246 [Forwarding isElementEnabled on session 97408259a211083ace6b0f1c03764940 to remote] DEBUG org.asynchttpclient.netty.request.NettyRequestSender - Using open Channel [id: 0xe1a0b396, L:/127.0.0.1:51329 - R:localhost/127.0.0.1:39120] for GET '/session/97408259a211083ace6b0f1c03764940/element/DAFAC6444C990CDE5133980B53EB7A1A_element_35/enabled'
17:41:53.258 [AsyncHttpClient-1-2] DEBUG org.asynchttpclient.netty.handler.HttpHandler - 

Request DefaultFullHttpRequest(decodeResult: success, version: HTTP/1.1, content: EmptyByteBufBE)
GET /session/97408259a211083ace6b0f1c03764940/element/DAFAC6444C990CDE5133980B53EB7A1A_element_35/enabled HTTP/1.1
User-Agent: selenium/4.9.1 (java windows)
Cache-Control: no-cache
Content-Type: application/json; charset=utf-8
host: localhost:39120
accept: */*

Response DefaultHttpResponse(decodeResult: success, version: HTTP/1.1)
HTTP/1.1 200 OK
Content-Length: 14
Content-Type: application/json; charset=utf-8
cache-control: no-cache

17:41:53.259 [AsyncHttpClient-1-2] DEBUG org.asynchttpclient.netty.channel.ChannelManager - Adding key: http://localhost:39120 for channel [id: 0xe1a0b396, L:/127.0.0.1:51329 - R:localhost/127.0.0.1:39120]
17:41:53.263 [Forwarding clickElement on session 97408259a211083ace6b0f1c03764940 to remote] DEBUG org.asynchttpclient.netty.request.NettyRequestSender - Using pooled Channel '[id: 0xe1a0b396, L:/127.0.0.1:51329 - R:localhost/127.0.0.1:39120]' for 'POST' to 'http://localhost:39120/session/97408259a211083ace6b0f1c03764940/element/DAFAC6444C990CDE5133980B53EB7A1A_element_35/click'
17:41:53.263 [Forwarding clickElement on session 97408259a211083ace6b0f1c03764940 to remote] DEBUG org.asynchttpclient.netty.request.NettyRequestSender - Using open Channel [id: 0xe1a0b396, L:/127.0.0.1:51329 - R:localhost/127.0.0.1:39120] for POST '/session/97408259a211083ace6b0f1c03764940/element/DAFAC6444C990CDE5133980B53EB7A1A_element_35/click'
17:41:53.323 [AsyncHttpClient-1-2] DEBUG org.asynchttpclient.netty.handler.HttpHandler - 

Request DefaultHttpRequest(decodeResult: success, version: HTTP/1.1)
POST /session/97408259a211083ace6b0f1c03764940/element/DAFAC6444C990CDE5133980B53EB7A1A_element_35/click HTTP/1.1
User-Agent: selenium/4.9.1 (java windows)
Content-Length: 57
Content-Type: application/json; charset=utf-8
host: localhost:39120
accept: */*

Response DefaultHttpResponse(decodeResult: success, version: HTTP/1.1)
HTTP/1.1 200 OK
Content-Length: 14
Content-Type: application/json; charset=utf-8
cache-control: no-cache

17:41:53.323 [AsyncHttpClient-1-2] DEBUG org.asynchttpclient.netty.channel.ChannelManager - Adding key: http://localhost:39120 for channel [id: 0xe1a0b396, L:/127.0.0.1:51329 - R:localhost/127.0.0.1:39120]
17:41:53.330 [Forwarding findElement on session 97408259a211083ace6b0f1c03764940 to remote] DEBUG org.asynchttpclient.netty.request.NettyRequestSender - Using pooled Channel '[id: 0xe1a0b396, L:/127.0.0.1:51329 - R:localhost/127.0.0.1:39120]' for 'POST' to 'http://localhost:39120/session/97408259a211083ace6b0f1c03764940/element'
17:41:53.330 [Forwarding findElement on session 97408259a211083ace6b0f1c03764940 to remote] DEBUG org.asynchttpclient.netty.request.NettyRequestSender - Using open Channel [id: 0xe1a0b396, L:/127.0.0.1:51329 - R:localhost/127.0.0.1:39120] for POST '/session/97408259a211083ace6b0f1c03764940/element'
17:41:53.349 [AsyncHttpClient-1-2] DEBUG org.asynchttpclient.netty.handler.HttpHandler - 

Request DefaultHttpRequest(decodeResult: success, version: HTTP/1.1)
POST /session/97408259a211083ace6b0f1c03764940/element HTTP/1.1
User-Agent: selenium/4.9.1 (java windows)
Content-Length: 165
Content-Type: application/json; charset=utf-8
host: localhost:39120
accept: */*

Response DefaultHttpResponse(decodeResult: success, version: HTTP/1.1)
HTTP/1.1 404 Not Found
Content-Length: 1031
Content-Type: application/json; charset=utf-8
cache-control: no-cache

17:41:53.351 [AsyncHttpClient-1-2] DEBUG org.asynchttpclient.netty.channel.ChannelManager - Adding key: http://localhost:39120 for channel [id: 0xe1a0b396, L:/127.0.0.1:51329 - R:localhost/127.0.0.1:39120]
17:41:53.555 [Forwarding findElement on session 97408259a211083ace6b0f1c03764940 to remote] DEBUG org.asynchttpclient.netty.request.NettyRequestSender - Using pooled Channel '[id: 0xe1a0b396, L:/127.0.0.1:51329 - R:localhost/127.0.0.1:39120]' for 'POST' to 'http://localhost:39120/session/97408259a211083ace6b0f1c03764940/element'
17:41:53.556 [Forwarding findElement on session 97408259a211083ace6b0f1c03764940 to remote] DEBUG org.asynchttpclient.netty.request.NettyRequestSender - Using open Channel [id: 0xe1a0b396, L:/127.0.0.1:51329 - R:localhost/127.0.0.1:39120] for POST '/session/97408259a211083ace6b0f1c03764940/element'
17:41:53.581 [AsyncHttpClient-1-2] DEBUG org.asynchttpclient.netty.handler.HttpHandler - 

Request DefaultHttpRequest(decodeResult: success, version: HTTP/1.1)
POST /session/97408259a211083ace6b0f1c03764940/element HTTP/1.1
User-Agent: selenium/4.9.1 (java windows)
Content-Length: 165
Content-Type: application/json; charset=utf-8
host: localhost:39120
accept: */*

Response DefaultHttpResponse(decodeResult: success, version: HTTP/1.1)
HTTP/1.1 200 OK
Content-Length: 95
Content-Type: application/json; charset=utf-8
cache-control: no-cache

17:41:53.581 [AsyncHttpClient-1-2] DEBUG org.asynchttpclient.netty.channel.ChannelManager - Adding key: http://localhost:39120 for channel [id: 0xe1a0b396, L:/127.0.0.1:51329 - R:localhost/127.0.0.1:39120]
17:41:53.584 [Forwarding getElementTagName on session 97408259a211083ace6b0f1c03764940 to remote] DEBUG org.asynchttpclient.netty.request.NettyRequestSender - Using pooled Channel '[id: 0xe1a0b396, L:/127.0.0.1:51329 - R:localhost/127.0.0.1:39120]' for 'GET' to 'http://localhost:39120/session/97408259a211083ace6b0f1c03764940/element/973EBDD3184FFF74D6B7E1ECE01ED63C_element_41/name'
17:41:53.584 [Forwarding getElementTagName on session 97408259a211083ace6b0f1c03764940 to remote] DEBUG org.asynchttpclient.netty.request.NettyRequestSender - Using open Channel [id: 0xe1a0b396, L:/127.0.0.1:51329 - R:localhost/127.0.0.1:39120] for GET '/session/97408259a211083ace6b0f1c03764940/element/973EBDD3184FFF74D6B7E1ECE01ED63C_element_41/name'
17:41:53.602 [AsyncHttpClient-1-2] DEBUG org.asynchttpclient.netty.handler.HttpHandler - 

Request DefaultFullHttpRequest(decodeResult: success, version: HTTP/1.1, content: EmptyByteBufBE)
GET /session/97408259a211083ace6b0f1c03764940/element/973EBDD3184FFF74D6B7E1ECE01ED63C_element_41/name HTTP/1.1
User-Agent: selenium/4.9.1 (java windows)
Cache-Control: no-cache
Content-Type: application/json; charset=utf-8
host: localhost:39120
accept: */*

Response DefaultHttpResponse(decodeResult: success, version: HTTP/1.1)
HTTP/1.1 200 OK
Content-Length: 13
Content-Type: application/json; charset=utf-8
cache-control: no-cache

17:41:53.602 [AsyncHttpClient-1-2] DEBUG org.asynchttpclient.netty.channel.ChannelManager - Adding key: http://localhost:39120 for channel [id: 0xe1a0b396, L:/127.0.0.1:51329 - R:localhost/127.0.0.1:39120]
17:41:53.605 [Forwarding getElementText on session 97408259a211083ace6b0f1c03764940 to remote] DEBUG org.asynchttpclient.netty.request.NettyRequestSender - Using pooled Channel '[id: 0xe1a0b396, L:/127.0.0.1:51329 - R:localhost/127.0.0.1:39120]' for 'GET' to 'http://localhost:39120/session/97408259a211083ace6b0f1c03764940/element/973EBDD3184FFF74D6B7E1ECE01ED63C_element_41/text'
17:41:53.605 [Forwarding getElementText on session 97408259a211083ace6b0f1c03764940 to remote] DEBUG org.asynchttpclient.netty.request.NettyRequestSender - Using open Channel [id: 0xe1a0b396, L:/127.0.0.1:51329 - R:localhost/127.0.0.1:39120] for GET '/session/97408259a211083ace6b0f1c03764940/element/973EBDD3184FFF74D6B7E1ECE01ED63C_element_41/text'
17:41:53.639 [AsyncHttpClient-1-2] DEBUG org.asynchttpclient.netty.handler.HttpHandler - 

Request DefaultFullHttpRequest(decodeResult: success, version: HTTP/1.1, content: EmptyByteBufBE)
GET /session/97408259a211083ace6b0f1c03764940/element/973EBDD3184FFF74D6B7E1ECE01ED63C_element_41/text HTTP/1.1
User-Agent: selenium/4.9.1 (java windows)
Cache-Control: no-cache
Content-Type: application/json; charset=utf-8
host: localhost:39120
accept: */*

Response DefaultHttpResponse(decodeResult: success, version: HTTP/1.1)
HTTP/1.1 200 OK
Content-Length: 24
Content-Type: application/json; charset=utf-8
cache-control: no-cache

17:41:53.640 [AsyncHttpClient-1-2] DEBUG org.asynchttpclient.netty.channel.ChannelManager - Adding key: http://localhost:39120 for channel [id: 0xe1a0b396, L:/127.0.0.1:51329 - R:localhost/127.0.0.1:39120]
]]></system-out>
    <system-err><![CDATA[Starting ChromeDriver 114.0.5735.90 (386bc09e8f4f2e025eddae123f36f6263096ae49-refs/branch-heads/5735@{#1052}) on port 39120
Only local connections are allowed.
Please see https://chromedriver.chromium.org/security-considerations for suggestions on keeping ChromeDriver safe.
ChromeDriver was started successfully.
июл. 25, 2023 5:41:47 PM org.openqa.selenium.devtools.CdpVersionFinder findNearestMatch
WARNING: Unable to find an exact match for CDP version 114, so returning the closest version found: 113
]]></system-err>
  </testcase>
  <testcase name="closeTaskValidData" classname="COMBINED.TaskTest" time="4.311">
    <system-out><![CDATA[Request method:	DELETE
Request URI:	http://localhost:81/jsonrpc.php
Proxy:			<none>
Request params:	<none>
Query params:	<none>
Form params:	<none>
Path params:	<none>
Headers:		Accept=*/*
				Content-Type=text/plain; charset=ISO-8859-1
Cookies:		<none>
Multiparts:		<none>
Body:
{"jsonrpc":"2.0","method":"removeProject","id":567,"params":{"project_id":244}}
17:41:53.688 [main] DEBUG org.apache.http.impl.conn.BasicClientConnectionManager - Get connection for route {}->http://localhost:81
17:41:53.688 [main] DEBUG org.apache.http.impl.conn.DefaultClientConnectionOperator - Connecting to localhost:81
17:41:53.690 [main] DEBUG org.apache.http.client.protocol.RequestAddCookies - CookieSpec selected: ignoreCookies
17:41:53.691 [main] DEBUG org.apache.http.client.protocol.RequestAuthCache - Auth cache not set in the context
17:41:53.691 [main] DEBUG org.apache.http.client.protocol.RequestTargetAuthentication - Target auth state: UNCHALLENGED
17:41:53.691 [main] DEBUG org.apache.http.client.protocol.RequestProxyAuthentication - Proxy auth state: UNCHALLENGED
17:41:53.691 [main] DEBUG org.apache.http.impl.client.DefaultHttpClient - Attempt 1 to execute request
17:41:53.691 [main] DEBUG org.apache.http.impl.conn.DefaultClientConnection - Sending request: DELETE /jsonrpc.php HTTP/1.1
17:41:53.691 [main] DEBUG org.apache.http.wire -  >> "DELETE /jsonrpc.php HTTP/1.1[\r][\n]"
17:41:53.691 [main] DEBUG org.apache.http.wire -  >> "Accept: */*[\r][\n]"
17:41:53.691 [main] DEBUG org.apache.http.wire -  >> "Content-Type: text/plain; charset=ISO-8859-1[\r][\n]"
17:41:53.691 [main] DEBUG org.apache.http.wire -  >> "Content-Length: 79[\r][\n]"
17:41:53.691 [main] DEBUG org.apache.http.wire -  >> "Host: localhost:81[\r][\n]"
17:41:53.691 [main] DEBUG org.apache.http.wire -  >> "Connection: Keep-Alive[\r][\n]"
17:41:53.691 [main] DEBUG org.apache.http.wire -  >> "User-Agent: Apache-HttpClient/4.5.13 (Java/17)[\r][\n]"
17:41:53.691 [main] DEBUG org.apache.http.wire -  >> "Accept-Encoding: gzip,deflate[\r][\n]"
17:41:53.691 [main] DEBUG org.apache.http.wire -  >> "[\r][\n]"
17:41:53.691 [main] DEBUG org.apache.http.headers - >> DELETE /jsonrpc.php HTTP/1.1
17:41:53.691 [main] DEBUG org.apache.http.headers - >> Accept: */*
17:41:53.691 [main] DEBUG org.apache.http.headers - >> Content-Type: text/plain; charset=ISO-8859-1
17:41:53.691 [main] DEBUG org.apache.http.headers - >> Content-Length: 79
17:41:53.691 [main] DEBUG org.apache.http.headers - >> Host: localhost:81
17:41:53.691 [main] DEBUG org.apache.http.headers - >> Connection: Keep-Alive
17:41:53.691 [main] DEBUG org.apache.http.headers - >> User-Agent: Apache-HttpClient/4.5.13 (Java/17)
17:41:53.691 [main] DEBUG org.apache.http.headers - >> Accept-Encoding: gzip,deflate
17:41:53.691 [main] DEBUG org.apache.http.wire -  >> "{"jsonrpc":"2.0","method":"removeProject","id":567,"params":{"project_id":244}}"
17:41:53.707 [main] DEBUG org.apache.http.wire -  << "HTTP/1.1 401 Unauthorized[\r][\n]"
17:41:53.707 [main] DEBUG org.apache.http.wire -  << "Server: nginx[\r][\n]"
17:41:53.707 [main] DEBUG org.apache.http.wire -  << "Date: Tue, 25 Jul 2023 14:41:53 GMT[\r][\n]"
17:41:53.707 [main] DEBUG org.apache.http.wire -  << "Content-Type: application/json[\r][\n]"
17:41:53.707 [main] DEBUG org.apache.http.wire -  << "Transfer-Encoding: chunked[\r][\n]"
17:41:53.707 [main] DEBUG org.apache.http.wire -  << "Connection: keep-alive[\r][\n]"
17:41:53.707 [main] DEBUG org.apache.http.wire -  << "WWW-Authenticate: Basic realm="JsonRPC"[\r][\n]"
17:41:53.707 [main] DEBUG org.apache.http.wire -  << "[\r][\n]"
17:41:53.707 [main] DEBUG org.apache.http.impl.conn.DefaultClientConnection - Receiving response: HTTP/1.1 401 Unauthorized
17:41:53.707 [main] DEBUG org.apache.http.headers - << HTTP/1.1 401 Unauthorized
17:41:53.708 [main] DEBUG org.apache.http.headers - << Server: nginx
17:41:53.708 [main] DEBUG org.apache.http.headers - << Date: Tue, 25 Jul 2023 14:41:53 GMT
17:41:53.708 [main] DEBUG org.apache.http.headers - << Content-Type: application/json
17:41:53.708 [main] DEBUG org.apache.http.headers - << Transfer-Encoding: chunked
17:41:53.708 [main] DEBUG org.apache.http.headers - << Connection: keep-alive
17:41:53.708 [main] DEBUG org.apache.http.headers - << WWW-Authenticate: Basic realm="JsonRPC"
17:41:53.708 [main] DEBUG org.apache.http.impl.client.DefaultHttpClient - Connection can be kept alive indefinitely
17:41:53.708 [main] DEBUG org.apache.http.impl.client.DefaultHttpClient - Authentication required
17:41:53.708 [main] DEBUG org.apache.http.impl.client.DefaultHttpClient - localhost:81 requested authentication
17:41:53.708 [main] DEBUG org.apache.http.impl.client.TargetAuthenticationStrategy - Authentication schemes in the order of preference: [Negotiate, Kerberos, NTLM, CredSSP, Digest, Basic]
17:41:53.708 [main] DEBUG org.apache.http.impl.client.TargetAuthenticationStrategy - Challenge for Negotiate authentication scheme not available
17:41:53.708 [main] DEBUG org.apache.http.impl.client.TargetAuthenticationStrategy - Challenge for Kerberos authentication scheme not available
17:41:53.708 [main] DEBUG org.apache.http.impl.client.TargetAuthenticationStrategy - Challenge for NTLM authentication scheme not available
17:41:53.708 [main] DEBUG org.apache.http.impl.client.TargetAuthenticationStrategy - Challenge for CredSSP authentication scheme not available
17:41:53.708 [main] DEBUG org.apache.http.impl.client.TargetAuthenticationStrategy - Challenge for Digest authentication scheme not available
17:41:53.708 [main] DEBUG org.apache.http.impl.client.DefaultHttpClient - Selected authentication options: [BASIC [complete=true]]
17:41:53.708 [main] DEBUG org.apache.http.wire -  << "49[\r][\n]"
17:41:53.708 [main] DEBUG org.apache.http.wire -  << "{"jsonrpc":"2.0","error":{"code":401,"message":"Unauthorized"},"id":null}"
17:41:53.708 [main] DEBUG org.apache.http.wire -  << "[\r][\n]"
17:41:53.708 [main] DEBUG org.apache.http.wire -  << "0[\r][\n]"
17:41:53.708 [main] DEBUG org.apache.http.wire -  << "[\r][\n]"
17:41:53.709 [main] DEBUG org.apache.http.client.protocol.RequestAddCookies - CookieSpec selected: ignoreCookies
17:41:53.709 [main] DEBUG org.apache.http.client.protocol.RequestAuthCache - Auth cache not set in the context
17:41:53.709 [main] DEBUG org.apache.http.client.protocol.RequestTargetAuthentication - Target auth state: CHALLENGED
17:41:53.709 [main] DEBUG org.apache.http.client.protocol.RequestTargetAuthentication - Generating response to an authentication challenge using basic scheme
17:41:53.709 [main] DEBUG org.apache.http.client.protocol.RequestProxyAuthentication - Proxy auth state: UNCHALLENGED
17:41:53.709 [main] DEBUG org.apache.http.impl.client.DefaultHttpClient - Attempt 2 to execute request
17:41:53.709 [main] DEBUG org.apache.http.impl.conn.DefaultClientConnection - Sending request: DELETE /jsonrpc.php HTTP/1.1
17:41:53.709 [main] DEBUG org.apache.http.wire -  >> "DELETE /jsonrpc.php HTTP/1.1[\r][\n]"
17:41:53.709 [main] DEBUG org.apache.http.wire -  >> "Accept: */*[\r][\n]"
17:41:53.709 [main] DEBUG org.apache.http.wire -  >> "Content-Type: text/plain; charset=ISO-8859-1[\r][\n]"
17:41:53.709 [main] DEBUG org.apache.http.wire -  >> "Content-Length: 79[\r][\n]"
17:41:53.709 [main] DEBUG org.apache.http.wire -  >> "Host: localhost:81[\r][\n]"
17:41:53.709 [main] DEBUG org.apache.http.wire -  >> "Connection: Keep-Alive[\r][\n]"
17:41:53.709 [main] DEBUG org.apache.http.wire -  >> "User-Agent: Apache-HttpClient/4.5.13 (Java/17)[\r][\n]"
17:41:53.709 [main] DEBUG org.apache.http.wire -  >> "Authorization: Basic a3lyeWxvQVBJVGVzdExvZ2luOmt5cnlsb0FQSVRlc3RQYXNzd29yZA==[\r][\n]"
17:41:53.709 [main] DEBUG org.apache.http.wire -  >> "Accept-Encoding: gzip,deflate[\r][\n]"
17:41:53.709 [main] DEBUG org.apache.http.wire -  >> "[\r][\n]"
17:41:53.709 [main] DEBUG org.apache.http.headers - >> DELETE /jsonrpc.php HTTP/1.1
17:41:53.709 [main] DEBUG org.apache.http.headers - >> Accept: */*
17:41:53.709 [main] DEBUG org.apache.http.headers - >> Content-Type: text/plain; charset=ISO-8859-1
17:41:53.709 [main] DEBUG org.apache.http.headers - >> Content-Length: 79
17:41:53.709 [main] DEBUG org.apache.http.headers - >> Host: localhost:81
17:41:53.709 [main] DEBUG org.apache.http.headers - >> Connection: Keep-Alive
17:41:53.709 [main] DEBUG org.apache.http.headers - >> User-Agent: Apache-HttpClient/4.5.13 (Java/17)
17:41:53.709 [main] DEBUG org.apache.http.headers - >> Authorization: Basic a3lyeWxvQVBJVGVzdExvZ2luOmt5cnlsb0FQSVRlc3RQYXNzd29yZA==
17:41:53.709 [main] DEBUG org.apache.http.headers - >> Accept-Encoding: gzip,deflate
17:41:53.709 [main] DEBUG org.apache.http.wire -  >> "{"jsonrpc":"2.0","method":"removeProject","id":567,"params":{"project_id":244}}"
17:41:53.825 [main] DEBUG org.apache.http.wire -  << "HTTP/1.1 200 OK[\r][\n]"
17:41:53.826 [main] DEBUG org.apache.http.wire -  << "Server: nginx[\r][\n]"
17:41:53.826 [main] DEBUG org.apache.http.wire -  << "Date: Tue, 25 Jul 2023 14:41:53 GMT[\r][\n]"
17:41:53.826 [main] DEBUG org.apache.http.wire -  << "Content-Type: application/json[\r][\n]"
17:41:53.826 [main] DEBUG org.apache.http.wire -  << "Transfer-Encoding: chunked[\r][\n]"
17:41:53.826 [main] DEBUG org.apache.http.wire -  << "Connection: keep-alive[\r][\n]"
17:41:53.826 [main] DEBUG org.apache.http.wire -  << "Vary: Accept-Encoding[\r][\n]"
17:41:53.826 [main] DEBUG org.apache.http.wire -  << "Content-Encoding: gzip[\r][\n]"
17:41:53.826 [main] DEBUG org.apache.http.wire -  << "[\r][\n]"
17:41:53.826 [main] DEBUG org.apache.http.impl.conn.DefaultClientConnection - Receiving response: HTTP/1.1 200 OK
17:41:53.826 [main] DEBUG org.apache.http.headers - << HTTP/1.1 200 OK
17:41:53.826 [main] DEBUG org.apache.http.headers - << Server: nginx
17:41:53.826 [main] DEBUG org.apache.http.headers - << Date: Tue, 25 Jul 2023 14:41:53 GMT
17:41:53.826 [main] DEBUG org.apache.http.headers - << Content-Type: application/json
17:41:53.826 [main] DEBUG org.apache.http.headers - << Transfer-Encoding: chunked
17:41:53.826 [main] DEBUG org.apache.http.headers - << Connection: keep-alive
17:41:53.826 [main] DEBUG org.apache.http.headers - << Vary: Accept-Encoding
17:41:53.826 [main] DEBUG org.apache.http.headers - << Content-Encoding: gzip
17:41:53.826 [main] DEBUG org.apache.http.impl.client.DefaultHttpClient - Connection can be kept alive indefinitely
17:41:53.827 [main] DEBUG org.apache.http.impl.client.DefaultHttpClient - Authentication succeeded
17:41:53.827 [main] DEBUG org.apache.http.impl.client.TargetAuthenticationStrategy - Caching 'basic' auth scheme for http://localhost:81
17:41:53.828 [main] DEBUG io.restassured.internal.RestAssuredHttpBuilder - Parsing response as: application/json
17:41:53.829 [main] DEBUG org.apache.http.wire -  << "3c[\r][\n]"
17:41:53.829 [main] DEBUG org.apache.http.wire -  << "[0x1f][0x8b][0x8][0x0][0x0][0x0][0x0][0x0][0x0][0x3][0xab]V[0xca]*[0xce][0xcf]+*HV[0xb2]R2[0xd2]3P[0xd2]Q*J-.[0xcd])Q[0xb2]*)*M[0xd5]Q[0xca]LQ[0xb2]253[0xaf][0x5][0x0][0xe0][0xd7]6X([0x0][0x0][0x0]"
17:41:53.829 [main] DEBUG org.apache.http.wire -  << "[\r][\n]"
17:41:53.829 [main] DEBUG org.apache.http.wire -  << "0[\r][\n]"
17:41:53.829 [main] DEBUG org.apache.http.wire -  << "[\r][\n]"
17:41:53.829 [main] DEBUG io.restassured.internal.RestAssuredHttpBuilder - Parsed data to instance of: class org.apache.http.conn.EofSensorInputStream
17:41:53.830 [main] DEBUG org.apache.http.impl.conn.BasicClientConnectionManager - Releasing connection org.apache.http.impl.conn.ManagedClientConnectionImpl@286cd3ad
17:41:53.830 [main] DEBUG org.apache.http.impl.conn.BasicClientConnectionManager - Connection can be kept alive indefinitely
{
    "jsonrpc": "2.0",
    "result": true,
    "id": 567
}
Request method:	DELETE
Request URI:	http://localhost:81/jsonrpc.php
Proxy:			<none>
Request params:	<none>
Query params:	<none>
Form params:	<none>
Path params:	<none>
Headers:		Accept=*/*
				Content-Type=text/plain; charset=ISO-8859-1
Cookies:		<none>
Multiparts:		<none>
Body:
{"jsonrpc":"2.0","method":"removeUser","id":234,"params":{"user_id":353}}
17:41:53.862 [main] DEBUG org.apache.http.impl.conn.BasicClientConnectionManager - Get connection for route {}->http://localhost:81
17:41:53.863 [main] DEBUG org.apache.http.impl.conn.DefaultClientConnectionOperator - Connecting to localhost:81
17:41:53.864 [main] DEBUG org.apache.http.client.protocol.RequestAddCookies - CookieSpec selected: ignoreCookies
17:41:53.864 [main] DEBUG org.apache.http.client.protocol.RequestAuthCache - Auth cache not set in the context
17:41:53.864 [main] DEBUG org.apache.http.client.protocol.RequestTargetAuthentication - Target auth state: UNCHALLENGED
17:41:53.864 [main] DEBUG org.apache.http.client.protocol.RequestProxyAuthentication - Proxy auth state: UNCHALLENGED
17:41:53.864 [main] DEBUG org.apache.http.impl.client.DefaultHttpClient - Attempt 1 to execute request
17:41:53.864 [main] DEBUG org.apache.http.impl.conn.DefaultClientConnection - Sending request: DELETE /jsonrpc.php HTTP/1.1
17:41:53.865 [main] DEBUG org.apache.http.wire -  >> "DELETE /jsonrpc.php HTTP/1.1[\r][\n]"
17:41:53.865 [main] DEBUG org.apache.http.wire -  >> "Accept: */*[\r][\n]"
17:41:53.865 [main] DEBUG org.apache.http.wire -  >> "Content-Type: text/plain; charset=ISO-8859-1[\r][\n]"
17:41:53.865 [main] DEBUG org.apache.http.wire -  >> "Content-Length: 73[\r][\n]"
17:41:53.865 [main] DEBUG org.apache.http.wire -  >> "Host: localhost:81[\r][\n]"
17:41:53.865 [main] DEBUG org.apache.http.wire -  >> "Connection: Keep-Alive[\r][\n]"
17:41:53.865 [main] DEBUG org.apache.http.wire -  >> "User-Agent: Apache-HttpClient/4.5.13 (Java/17)[\r][\n]"
17:41:53.865 [main] DEBUG org.apache.http.wire -  >> "Accept-Encoding: gzip,deflate[\r][\n]"
17:41:53.865 [main] DEBUG org.apache.http.wire -  >> "[\r][\n]"
17:41:53.865 [main] DEBUG org.apache.http.headers - >> DELETE /jsonrpc.php HTTP/1.1
17:41:53.865 [main] DEBUG org.apache.http.headers - >> Accept: */*
17:41:53.865 [main] DEBUG org.apache.http.headers - >> Content-Type: text/plain; charset=ISO-8859-1
17:41:53.865 [main] DEBUG org.apache.http.headers - >> Content-Length: 73
17:41:53.865 [main] DEBUG org.apache.http.headers - >> Host: localhost:81
17:41:53.865 [main] DEBUG org.apache.http.headers - >> Connection: Keep-Alive
17:41:53.865 [main] DEBUG org.apache.http.headers - >> User-Agent: Apache-HttpClient/4.5.13 (Java/17)
17:41:53.865 [main] DEBUG org.apache.http.headers - >> Accept-Encoding: gzip,deflate
17:41:53.865 [main] DEBUG org.apache.http.wire -  >> "{"jsonrpc":"2.0","method":"removeUser","id":234,"params":{"user_id":353}}"
17:41:53.874 [main] DEBUG org.apache.http.wire -  << "HTTP/1.1 401 Unauthorized[\r][\n]"
17:41:53.874 [main] DEBUG org.apache.http.wire -  << "Server: nginx[\r][\n]"
17:41:53.874 [main] DEBUG org.apache.http.wire -  << "Date: Tue, 25 Jul 2023 14:41:53 GMT[\r][\n]"
17:41:53.874 [main] DEBUG org.apache.http.wire -  << "Content-Type: application/json[\r][\n]"
17:41:53.874 [main] DEBUG org.apache.http.wire -  << "Transfer-Encoding: chunked[\r][\n]"
17:41:53.874 [main] DEBUG org.apache.http.wire -  << "Connection: keep-alive[\r][\n]"
17:41:53.874 [main] DEBUG org.apache.http.wire -  << "WWW-Authenticate: Basic realm="JsonRPC"[\r][\n]"
17:41:53.874 [main] DEBUG org.apache.http.wire -  << "[\r][\n]"
17:41:53.874 [main] DEBUG org.apache.http.impl.conn.DefaultClientConnection - Receiving response: HTTP/1.1 401 Unauthorized
17:41:53.874 [main] DEBUG org.apache.http.headers - << HTTP/1.1 401 Unauthorized
17:41:53.874 [main] DEBUG org.apache.http.headers - << Server: nginx
17:41:53.874 [main] DEBUG org.apache.http.headers - << Date: Tue, 25 Jul 2023 14:41:53 GMT
17:41:53.874 [main] DEBUG org.apache.http.headers - << Content-Type: application/json
17:41:53.874 [main] DEBUG org.apache.http.headers - << Transfer-Encoding: chunked
17:41:53.874 [main] DEBUG org.apache.http.headers - << Connection: keep-alive
17:41:53.874 [main] DEBUG org.apache.http.headers - << WWW-Authenticate: Basic realm="JsonRPC"
17:41:53.874 [main] DEBUG org.apache.http.impl.client.DefaultHttpClient - Connection can be kept alive indefinitely
17:41:53.874 [main] DEBUG org.apache.http.impl.client.DefaultHttpClient - Authentication required
17:41:53.874 [main] DEBUG org.apache.http.impl.client.DefaultHttpClient - localhost:81 requested authentication
17:41:53.874 [main] DEBUG org.apache.http.impl.client.TargetAuthenticationStrategy - Authentication schemes in the order of preference: [Negotiate, Kerberos, NTLM, CredSSP, Digest, Basic]
17:41:53.875 [main] DEBUG org.apache.http.impl.client.TargetAuthenticationStrategy - Challenge for Negotiate authentication scheme not available
17:41:53.875 [main] DEBUG org.apache.http.impl.client.TargetAuthenticationStrategy - Challenge for Kerberos authentication scheme not available
17:41:53.875 [main] DEBUG org.apache.http.impl.client.TargetAuthenticationStrategy - Challenge for NTLM authentication scheme not available
17:41:53.875 [main] DEBUG org.apache.http.impl.client.TargetAuthenticationStrategy - Challenge for CredSSP authentication scheme not available
17:41:53.875 [main] DEBUG org.apache.http.impl.client.TargetAuthenticationStrategy - Challenge for Digest authentication scheme not available
17:41:53.875 [main] DEBUG org.apache.http.impl.client.DefaultHttpClient - Selected authentication options: [BASIC [complete=true]]
17:41:53.875 [main] DEBUG org.apache.http.wire -  << "49[\r][\n]"
17:41:53.875 [main] DEBUG org.apache.http.wire -  << "{"jsonrpc":"2.0","error":{"code":401,"message":"Unauthorized"},"id":null}"
17:41:53.875 [main] DEBUG org.apache.http.wire -  << "[\r][\n]"
17:41:53.875 [main] DEBUG org.apache.http.wire -  << "0[\r][\n]"
17:41:53.875 [main] DEBUG org.apache.http.wire -  << "[\r][\n]"
17:41:53.876 [main] DEBUG org.apache.http.client.protocol.RequestAddCookies - CookieSpec selected: ignoreCookies
17:41:53.876 [main] DEBUG org.apache.http.client.protocol.RequestAuthCache - Auth cache not set in the context
17:41:53.876 [main] DEBUG org.apache.http.client.protocol.RequestTargetAuthentication - Target auth state: CHALLENGED
17:41:53.876 [main] DEBUG org.apache.http.client.protocol.RequestTargetAuthentication - Generating response to an authentication challenge using basic scheme
17:41:53.876 [main] DEBUG org.apache.http.client.protocol.RequestProxyAuthentication - Proxy auth state: UNCHALLENGED
17:41:53.876 [main] DEBUG org.apache.http.impl.client.DefaultHttpClient - Attempt 2 to execute request
17:41:53.876 [main] DEBUG org.apache.http.impl.conn.DefaultClientConnection - Sending request: DELETE /jsonrpc.php HTTP/1.1
17:41:53.876 [main] DEBUG org.apache.http.wire -  >> "DELETE /jsonrpc.php HTTP/1.1[\r][\n]"
17:41:53.876 [main] DEBUG org.apache.http.wire -  >> "Accept: */*[\r][\n]"
17:41:53.876 [main] DEBUG org.apache.http.wire -  >> "Content-Type: text/plain; charset=ISO-8859-1[\r][\n]"
17:41:53.876 [main] DEBUG org.apache.http.wire -  >> "Content-Length: 73[\r][\n]"
17:41:53.876 [main] DEBUG org.apache.http.wire -  >> "Host: localhost:81[\r][\n]"
17:41:53.876 [main] DEBUG org.apache.http.wire -  >> "Connection: Keep-Alive[\r][\n]"
17:41:53.876 [main] DEBUG org.apache.http.wire -  >> "User-Agent: Apache-HttpClient/4.5.13 (Java/17)[\r][\n]"
17:41:53.876 [main] DEBUG org.apache.http.wire -  >> "Authorization: Basic YWRtaW46YWRtaW4=[\r][\n]"
17:41:53.876 [main] DEBUG org.apache.http.wire -  >> "Accept-Encoding: gzip,deflate[\r][\n]"
17:41:53.876 [main] DEBUG org.apache.http.wire -  >> "[\r][\n]"
17:41:53.876 [main] DEBUG org.apache.http.headers - >> DELETE /jsonrpc.php HTTP/1.1
17:41:53.876 [main] DEBUG org.apache.http.headers - >> Accept: */*
17:41:53.876 [main] DEBUG org.apache.http.headers - >> Content-Type: text/plain; charset=ISO-8859-1
17:41:53.876 [main] DEBUG org.apache.http.headers - >> Content-Length: 73
17:41:53.876 [main] DEBUG org.apache.http.headers - >> Host: localhost:81
17:41:53.876 [main] DEBUG org.apache.http.headers - >> Connection: Keep-Alive
17:41:53.876 [main] DEBUG org.apache.http.headers - >> User-Agent: Apache-HttpClient/4.5.13 (Java/17)
17:41:53.876 [main] DEBUG org.apache.http.headers - >> Authorization: Basic YWRtaW46YWRtaW4=
17:41:53.876 [main] DEBUG org.apache.http.headers - >> Accept-Encoding: gzip,deflate
17:41:53.876 [main] DEBUG org.apache.http.wire -  >> "{"jsonrpc":"2.0","method":"removeUser","id":234,"params":{"user_id":353}}"
17:41:53.986 [main] DEBUG org.apache.http.wire -  << "HTTP/1.1 200 OK[\r][\n]"
17:41:53.986 [main] DEBUG org.apache.http.wire -  << "Server: nginx[\r][\n]"
17:41:53.986 [main] DEBUG org.apache.http.wire -  << "Date: Tue, 25 Jul 2023 14:41:53 GMT[\r][\n]"
17:41:53.986 [main] DEBUG org.apache.http.wire -  << "Content-Type: application/json[\r][\n]"
17:41:53.986 [main] DEBUG org.apache.http.wire -  << "Transfer-Encoding: chunked[\r][\n]"
17:41:53.986 [main] DEBUG org.apache.http.wire -  << "Connection: keep-alive[\r][\n]"
17:41:53.986 [main] DEBUG org.apache.http.wire -  << "Vary: Accept-Encoding[\r][\n]"
17:41:53.986 [main] DEBUG org.apache.http.wire -  << "Content-Encoding: gzip[\r][\n]"
17:41:53.986 [main] DEBUG org.apache.http.wire -  << "[\r][\n]"
17:41:53.986 [main] DEBUG org.apache.http.impl.conn.DefaultClientConnection - Receiving response: HTTP/1.1 200 OK
17:41:53.986 [main] DEBUG org.apache.http.headers - << HTTP/1.1 200 OK
17:41:53.986 [main] DEBUG org.apache.http.headers - << Server: nginx
17:41:53.986 [main] DEBUG org.apache.http.headers - << Date: Tue, 25 Jul 2023 14:41:53 GMT
17:41:53.986 [main] DEBUG org.apache.http.headers - << Content-Type: application/json
17:41:53.986 [main] DEBUG org.apache.http.headers - << Transfer-Encoding: chunked
17:41:53.986 [main] DEBUG org.apache.http.headers - << Connection: keep-alive
17:41:53.986 [main] DEBUG org.apache.http.headers - << Vary: Accept-Encoding
17:41:53.986 [main] DEBUG org.apache.http.headers - << Content-Encoding: gzip
17:41:53.986 [main] DEBUG org.apache.http.impl.client.DefaultHttpClient - Connection can be kept alive indefinitely
17:41:53.987 [main] DEBUG org.apache.http.impl.client.DefaultHttpClient - Authentication succeeded
17:41:53.987 [main] DEBUG org.apache.http.impl.client.TargetAuthenticationStrategy - Caching 'basic' auth scheme for http://localhost:81
17:41:53.987 [main] DEBUG io.restassured.internal.RestAssuredHttpBuilder - Parsing response as: application/json
17:41:53.987 [main] DEBUG org.apache.http.wire -  << "3c[\r][\n]"
17:41:53.987 [main] DEBUG org.apache.http.wire -  << "[0x1f][0x8b][0x8][0x0][0x0][0x0][0x0][0x0][0x0][0x3][0xab]V[0xca]*[0xce][0xcf]+*HV[0xb2]R2[0xd2]3P[0xd2]Q*J-.[0xcd])Q[0xb2]*)*M[0xd5]Q[0xca]LQ[0xb2]226[0xa9][0x5][0x0]q~[0x7][0xe8]([0x0][0x0][0x0]"
17:41:53.987 [main] DEBUG org.apache.http.wire -  << "[\r][\n]"
17:41:53.987 [main] DEBUG org.apache.http.wire -  << "0[\r][\n]"
17:41:53.987 [main] DEBUG org.apache.http.wire -  << "[\r][\n]"
17:41:53.988 [main] DEBUG io.restassured.internal.RestAssuredHttpBuilder - Parsed data to instance of: class org.apache.http.conn.EofSensorInputStream
17:41:53.990 [main] DEBUG org.apache.http.impl.conn.BasicClientConnectionManager - Releasing connection org.apache.http.impl.conn.ManagedClientConnectionImpl@6ced9545
17:41:53.990 [main] DEBUG org.apache.http.impl.conn.BasicClientConnectionManager - Connection can be kept alive indefinitely
{
    "jsonrpc": "2.0",
    "result": true,
    "id": 234
}
17:41:54.001 [Forwarding close on session 97408259a211083ace6b0f1c03764940 to remote] DEBUG org.asynchttpclient.netty.request.NettyRequestSender - Using pooled Channel '[id: 0xe1a0b396, L:/127.0.0.1:51329 - R:localhost/127.0.0.1:39120]' for 'DELETE' to 'http://localhost:39120/session/97408259a211083ace6b0f1c03764940/window'
17:41:54.001 [Forwarding close on session 97408259a211083ace6b0f1c03764940 to remote] DEBUG org.asynchttpclient.netty.request.NettyRequestSender - Using open Channel [id: 0xe1a0b396, L:/127.0.0.1:51329 - R:localhost/127.0.0.1:39120] for DELETE '/session/97408259a211083ace6b0f1c03764940/window'
17:41:54.183 [AsyncHttpClient-1-3] DEBUG org.asynchttpclient.netty.handler.HttpHandler - Unexpected I/O exception on channel [id: 0x4308321c, L:/127.0.0.1:51341 - R:localhost/127.0.0.1:51331]
java.net.SocketException: Connection reset
	at java.base/sun.nio.ch.SocketChannelImpl.throwConnectionReset(SocketChannelImpl.java:394)
	at java.base/sun.nio.ch.SocketChannelImpl.read(SocketChannelImpl.java:426)
	at io.netty.buffer.PooledByteBuf.setBytes(PooledByteBuf.java:256)
	at io.netty.buffer.AbstractByteBuf.writeBytes(AbstractByteBuf.java:1132)
	at io.netty.channel.socket.nio.NioSocketChannel.doReadBytes(NioSocketChannel.java:357)
	at io.netty.channel.nio.AbstractNioByteChannel$NioByteUnsafe.read(AbstractNioByteChannel.java:151)
	at io.netty.channel.nio.NioEventLoop.processSelectedKey(NioEventLoop.java:788)
	at io.netty.channel.nio.NioEventLoop.processSelectedKeysOptimized(NioEventLoop.java:724)
	at io.netty.channel.nio.NioEventLoop.processSelectedKeys(NioEventLoop.java:650)
	at io.netty.channel.nio.NioEventLoop.run(NioEventLoop.java:562)
	at io.netty.util.concurrent.SingleThreadEventExecutor$4.run(SingleThreadEventExecutor.java:997)
	at io.netty.util.internal.ThreadExecutorMap$2.run(ThreadExecutorMap.java:74)
	at io.netty.util.concurrent.FastThreadLocalRunnable.run(FastThreadLocalRunnable.java:30)
	at java.base/java.lang.Thread.run(Thread.java:833)
17:41:54.183 [AsyncHttpClient-1-3] DEBUG org.asynchttpclient.netty.channel.ChannelManager - Closing Channel [id: 0x4308321c, L:/127.0.0.1:51341 - R:localhost/127.0.0.1:51331] 
17:41:54.183 [AsyncHttpClient-1-4] DEBUG org.asynchttpclient.netty.handler.WebSocketHandler - Unexpected I/O exception on channel [id: 0x43bb1ff5, L:/127.0.0.1:51342 - R:localhost/127.0.0.1:51331]
java.net.SocketException: Connection reset
	at java.base/sun.nio.ch.SocketChannelImpl.throwConnectionReset(SocketChannelImpl.java:394)
	at java.base/sun.nio.ch.SocketChannelImpl.read(SocketChannelImpl.java:426)
	at io.netty.buffer.PooledByteBuf.setBytes(PooledByteBuf.java:256)
	at io.netty.buffer.AbstractByteBuf.writeBytes(AbstractByteBuf.java:1132)
	at io.netty.channel.socket.nio.NioSocketChannel.doReadBytes(NioSocketChannel.java:357)
	at io.netty.channel.nio.AbstractNioByteChannel$NioByteUnsafe.read(AbstractNioByteChannel.java:151)
	at io.netty.channel.nio.NioEventLoop.processSelectedKey(NioEventLoop.java:788)
	at io.netty.channel.nio.NioEventLoop.processSelectedKeysOptimized(NioEventLoop.java:724)
	at io.netty.channel.nio.NioEventLoop.processSelectedKeys(NioEventLoop.java:650)
	at io.netty.channel.nio.NioEventLoop.run(NioEventLoop.java:562)
	at io.netty.util.concurrent.SingleThreadEventExecutor$4.run(SingleThreadEventExecutor.java:997)
	at io.netty.util.internal.ThreadExecutorMap$2.run(ThreadExecutorMap.java:74)
	at io.netty.util.concurrent.FastThreadLocalRunnable.run(FastThreadLocalRunnable.java:30)
	at java.base/java.lang.Thread.run(Thread.java:833)
17:41:54.184 [AsyncHttpClient-1-4] DEBUG org.asynchttpclient.netty.handler.WebSocketHandler - Was unable to recover Future: NettyResponseFuture{currentRetry=0,
	isDone=1,
	isCancelled=0,
	asyncHandler=org.asynchttpclient.ws.WebSocketUpgradeHandler@5a4758b0,
	nettyRequest=org.asynchttpclient.netty.request.NettyRequest@2f97bba8,
	future=java.util.concurrent.CompletableFuture@64a612e9[Completed normally],
	uri=ws://localhost:51331/devtools/browser/5c5e38c6-296e-4bdc-99e7-d24b60c9cdda,
	keepAlive=true,
	redirectCount=0,
	timeoutsHolder=null,
	inAuth=0,
	touch=1690296114183}
17:41:54.184 [AsyncHttpClient-1-4] DEBUG org.asynchttpclient.netty.channel.ChannelManager - Closing Channel [id: 0x43bb1ff5, L:/127.0.0.1:51342 - R:localhost/127.0.0.1:51331] 
17:41:54.184 [AsyncHttpClient-1-4] WARN org.asynchttpclient.netty.handler.WebSocketHandler - onError
java.net.SocketException: Connection reset
	at java.base/sun.nio.ch.SocketChannelImpl.throwConnectionReset(SocketChannelImpl.java:394)
	at java.base/sun.nio.ch.SocketChannelImpl.read(SocketChannelImpl.java:426)
	at io.netty.buffer.PooledByteBuf.setBytes(PooledByteBuf.java:256)
	at io.netty.buffer.AbstractByteBuf.writeBytes(AbstractByteBuf.java:1132)
	at io.netty.channel.socket.nio.NioSocketChannel.doReadBytes(NioSocketChannel.java:357)
	at io.netty.channel.nio.AbstractNioByteChannel$NioByteUnsafe.read(AbstractNioByteChannel.java:151)
	at io.netty.channel.nio.NioEventLoop.processSelectedKey(NioEventLoop.java:788)
	at io.netty.channel.nio.NioEventLoop.processSelectedKeysOptimized(NioEventLoop.java:724)
	at io.netty.channel.nio.NioEventLoop.processSelectedKeys(NioEventLoop.java:650)
	at io.netty.channel.nio.NioEventLoop.run(NioEventLoop.java:562)
	at io.netty.util.concurrent.SingleThreadEventExecutor$4.run(SingleThreadEventExecutor.java:997)
	at io.netty.util.internal.ThreadExecutorMap$2.run(ThreadExecutorMap.java:74)
	at io.netty.util.concurrent.FastThreadLocalRunnable.run(FastThreadLocalRunnable.java:30)
	at java.base/java.lang.Thread.run(Thread.java:833)
17:41:54.186 [AsyncHttpClient-1-3] DEBUG org.asynchttpclient.netty.handler.HttpHandler - Channel Closed: [id: 0x4308321c, L:/127.0.0.1:51341 ! R:localhost/127.0.0.1:51331] with attribute DISCARD
17:41:54.187 [AsyncHttpClient-1-4] DEBUG org.asynchttpclient.netty.channel.ChannelManager - Closing Channel [id: 0x43bb1ff5, L:/127.0.0.1:51342 ! R:localhost/127.0.0.1:51331] 
17:41:54.187 [AsyncHttpClient-1-4] DEBUG org.asynchttpclient.netty.handler.WebSocketHandler - Channel Closed: [id: 0x43bb1ff5, L:/127.0.0.1:51342 ! R:localhost/127.0.0.1:51331] with attribute DISCARD
17:41:54.202 [AsyncHttpClient-1-2] DEBUG org.asynchttpclient.netty.handler.HttpHandler - 

Request DefaultFullHttpRequest(decodeResult: success, version: HTTP/1.1, content: EmptyByteBufBE)
DELETE /session/97408259a211083ace6b0f1c03764940/window HTTP/1.1
User-Agent: selenium/4.9.1 (java windows)
Content-Type: application/json; charset=utf-8
host: localhost:39120
accept: */*

Response DefaultHttpResponse(decodeResult: success, version: HTTP/1.1)
HTTP/1.1 200 OK
Content-Length: 12
Content-Type: application/json; charset=utf-8
cache-control: no-cache

17:41:54.202 [AsyncHttpClient-1-2] DEBUG org.asynchttpclient.netty.channel.ChannelManager - Adding key: http://localhost:39120 for channel [id: 0xe1a0b396, L:/127.0.0.1:51329 - R:localhost/127.0.0.1:39120]
Request method:	POST
Request URI:	http://localhost:81/jsonrpc.php
Proxy:			<none>
Request params:	<none>
Query params:	<none>
Form params:	<none>
Path params:	<none>
Headers:		Accept=*/*
				Content-Type=text/plain; charset=ISO-8859-1
Cookies:		<none>
Multiparts:		<none>
Body:
{"jsonrpc":"2.0","method":"createUser","id":123123,"params":{"username":"kyryloAPITestLogin","password":"kyryloAPITestPassword","name":"kyrylo","email":"kyryloAPITest@mail.com","role":"app-manager"}}
17:41:54.243 [main] DEBUG org.apache.http.impl.conn.BasicClientConnectionManager - Get connection for route {}->http://localhost:81
17:41:54.243 [main] DEBUG org.apache.http.impl.conn.DefaultClientConnectionOperator - Connecting to localhost:81
17:41:54.245 [main] DEBUG org.apache.http.client.protocol.RequestAddCookies - CookieSpec selected: ignoreCookies
17:41:54.246 [main] DEBUG org.apache.http.client.protocol.RequestAuthCache - Auth cache not set in the context
17:41:54.246 [main] DEBUG org.apache.http.client.protocol.RequestTargetAuthentication - Target auth state: UNCHALLENGED
17:41:54.246 [main] DEBUG org.apache.http.client.protocol.RequestProxyAuthentication - Proxy auth state: UNCHALLENGED
17:41:54.246 [main] DEBUG org.apache.http.impl.client.DefaultHttpClient - Attempt 1 to execute request
17:41:54.246 [main] DEBUG org.apache.http.impl.conn.DefaultClientConnection - Sending request: POST /jsonrpc.php HTTP/1.1
17:41:54.246 [main] DEBUG org.apache.http.wire -  >> "POST /jsonrpc.php HTTP/1.1[\r][\n]"
17:41:54.246 [main] DEBUG org.apache.http.wire -  >> "Accept: */*[\r][\n]"
17:41:54.246 [main] DEBUG org.apache.http.wire -  >> "Content-Type: text/plain; charset=ISO-8859-1[\r][\n]"
17:41:54.246 [main] DEBUG org.apache.http.wire -  >> "Content-Length: 199[\r][\n]"
17:41:54.246 [main] DEBUG org.apache.http.wire -  >> "Host: localhost:81[\r][\n]"
17:41:54.246 [main] DEBUG org.apache.http.wire -  >> "Connection: Keep-Alive[\r][\n]"
17:41:54.246 [main] DEBUG org.apache.http.wire -  >> "User-Agent: Apache-HttpClient/4.5.13 (Java/17)[\r][\n]"
17:41:54.246 [main] DEBUG org.apache.http.wire -  >> "Accept-Encoding: gzip,deflate[\r][\n]"
17:41:54.246 [main] DEBUG org.apache.http.wire -  >> "[\r][\n]"
17:41:54.246 [main] DEBUG org.apache.http.headers - >> POST /jsonrpc.php HTTP/1.1
17:41:54.246 [main] DEBUG org.apache.http.headers - >> Accept: */*
17:41:54.246 [main] DEBUG org.apache.http.headers - >> Content-Type: text/plain; charset=ISO-8859-1
17:41:54.246 [main] DEBUG org.apache.http.headers - >> Content-Length: 199
17:41:54.246 [main] DEBUG org.apache.http.headers - >> Host: localhost:81
17:41:54.246 [main] DEBUG org.apache.http.headers - >> Connection: Keep-Alive
17:41:54.246 [main] DEBUG org.apache.http.headers - >> User-Agent: Apache-HttpClient/4.5.13 (Java/17)
17:41:54.246 [main] DEBUG org.apache.http.headers - >> Accept-Encoding: gzip,deflate
17:41:54.246 [main] DEBUG org.apache.http.wire -  >> "{"jsonrpc":"2.0","method":"createUser","id":123123,"params":{"username":"kyryloAPITestLogin","password":"kyryloAPITestPassword","name":"kyrylo","email":"kyryloAPITest@mail.com","role":"app-manager"}}"
17:41:54.258 [main] DEBUG org.apache.http.wire -  << "HTTP/1.1 401 Unauthorized[\r][\n]"
17:41:54.258 [main] DEBUG org.apache.http.wire -  << "Server: nginx[\r][\n]"
17:41:54.258 [main] DEBUG org.apache.http.wire -  << "Date: Tue, 25 Jul 2023 14:41:54 GMT[\r][\n]"
17:41:54.258 [main] DEBUG org.apache.http.wire -  << "Content-Type: application/json[\r][\n]"
17:41:54.258 [main] DEBUG org.apache.http.wire -  << "Transfer-Encoding: chunked[\r][\n]"
17:41:54.258 [main] DEBUG org.apache.http.wire -  << "Connection: keep-alive[\r][\n]"
17:41:54.258 [main] DEBUG org.apache.http.wire -  << "WWW-Authenticate: Basic realm="JsonRPC"[\r][\n]"
17:41:54.258 [main] DEBUG org.apache.http.wire -  << "[\r][\n]"
17:41:54.258 [main] DEBUG org.apache.http.impl.conn.DefaultClientConnection - Receiving response: HTTP/1.1 401 Unauthorized
17:41:54.258 [main] DEBUG org.apache.http.headers - << HTTP/1.1 401 Unauthorized
17:41:54.258 [main] DEBUG org.apache.http.headers - << Server: nginx
17:41:54.258 [main] DEBUG org.apache.http.headers - << Date: Tue, 25 Jul 2023 14:41:54 GMT
17:41:54.258 [main] DEBUG org.apache.http.headers - << Content-Type: application/json
17:41:54.258 [main] DEBUG org.apache.http.headers - << Transfer-Encoding: chunked
17:41:54.258 [main] DEBUG org.apache.http.headers - << Connection: keep-alive
17:41:54.258 [main] DEBUG org.apache.http.headers - << WWW-Authenticate: Basic realm="JsonRPC"
17:41:54.258 [main] DEBUG org.apache.http.impl.client.DefaultHttpClient - Connection can be kept alive indefinitely
17:41:54.258 [main] DEBUG org.apache.http.impl.client.DefaultHttpClient - Authentication required
17:41:54.258 [main] DEBUG org.apache.http.impl.client.DefaultHttpClient - localhost:81 requested authentication
17:41:54.258 [main] DEBUG org.apache.http.impl.client.TargetAuthenticationStrategy - Authentication schemes in the order of preference: [Negotiate, Kerberos, NTLM, CredSSP, Digest, Basic]
17:41:54.258 [main] DEBUG org.apache.http.impl.client.TargetAuthenticationStrategy - Challenge for Negotiate authentication scheme not available
17:41:54.258 [main] DEBUG org.apache.http.impl.client.TargetAuthenticationStrategy - Challenge for Kerberos authentication scheme not available
17:41:54.258 [main] DEBUG org.apache.http.impl.client.TargetAuthenticationStrategy - Challenge for NTLM authentication scheme not available
17:41:54.258 [main] DEBUG org.apache.http.impl.client.TargetAuthenticationStrategy - Challenge for CredSSP authentication scheme not available
17:41:54.258 [main] DEBUG org.apache.http.impl.client.TargetAuthenticationStrategy - Challenge for Digest authentication scheme not available
17:41:54.258 [main] DEBUG org.apache.http.impl.client.DefaultHttpClient - Selected authentication options: [BASIC [complete=true]]
17:41:54.258 [main] DEBUG org.apache.http.wire -  << "49[\r][\n]"
17:41:54.258 [main] DEBUG org.apache.http.wire -  << "{"jsonrpc":"2.0","error":{"code":401,"message":"Unauthorized"},"id":null}"
17:41:54.258 [main] DEBUG org.apache.http.wire -  << "[\r][\n]"
17:41:54.258 [main] DEBUG org.apache.http.wire -  << "0[\r][\n]"
17:41:54.258 [main] DEBUG org.apache.http.wire -  << "[\r][\n]"
17:41:54.259 [main] DEBUG org.apache.http.client.protocol.RequestAddCookies - CookieSpec selected: ignoreCookies
17:41:54.259 [main] DEBUG org.apache.http.client.protocol.RequestAuthCache - Auth cache not set in the context
17:41:54.259 [main] DEBUG org.apache.http.client.protocol.RequestTargetAuthentication - Target auth state: CHALLENGED
17:41:54.259 [main] DEBUG org.apache.http.client.protocol.RequestTargetAuthentication - Generating response to an authentication challenge using basic scheme
17:41:54.259 [main] DEBUG org.apache.http.client.protocol.RequestProxyAuthentication - Proxy auth state: UNCHALLENGED
17:41:54.259 [main] DEBUG org.apache.http.impl.client.DefaultHttpClient - Attempt 2 to execute request
17:41:54.259 [main] DEBUG org.apache.http.impl.conn.DefaultClientConnection - Sending request: POST /jsonrpc.php HTTP/1.1
17:41:54.259 [main] DEBUG org.apache.http.wire -  >> "POST /jsonrpc.php HTTP/1.1[\r][\n]"
17:41:54.259 [main] DEBUG org.apache.http.wire -  >> "Accept: */*[\r][\n]"
17:41:54.259 [main] DEBUG org.apache.http.wire -  >> "Content-Type: text/plain; charset=ISO-8859-1[\r][\n]"
17:41:54.259 [main] DEBUG org.apache.http.wire -  >> "Content-Length: 199[\r][\n]"
17:41:54.259 [main] DEBUG org.apache.http.wire -  >> "Host: localhost:81[\r][\n]"
17:41:54.259 [main] DEBUG org.apache.http.wire -  >> "Connection: Keep-Alive[\r][\n]"
17:41:54.259 [main] DEBUG org.apache.http.wire -  >> "User-Agent: Apache-HttpClient/4.5.13 (Java/17)[\r][\n]"
17:41:54.259 [main] DEBUG org.apache.http.wire -  >> "Authorization: Basic YWRtaW46YWRtaW4=[\r][\n]"
17:41:54.259 [main] DEBUG org.apache.http.wire -  >> "Accept-Encoding: gzip,deflate[\r][\n]"
17:41:54.259 [main] DEBUG org.apache.http.wire -  >> "[\r][\n]"
17:41:54.259 [main] DEBUG org.apache.http.headers - >> POST /jsonrpc.php HTTP/1.1
17:41:54.259 [main] DEBUG org.apache.http.headers - >> Accept: */*
17:41:54.259 [main] DEBUG org.apache.http.headers - >> Content-Type: text/plain; charset=ISO-8859-1
17:41:54.259 [main] DEBUG org.apache.http.headers - >> Content-Length: 199
17:41:54.259 [main] DEBUG org.apache.http.headers - >> Host: localhost:81
17:41:54.259 [main] DEBUG org.apache.http.headers - >> Connection: Keep-Alive
17:41:54.259 [main] DEBUG org.apache.http.headers - >> User-Agent: Apache-HttpClient/4.5.13 (Java/17)
17:41:54.259 [main] DEBUG org.apache.http.headers - >> Authorization: Basic YWRtaW46YWRtaW4=
17:41:54.259 [main] DEBUG org.apache.http.headers - >> Accept-Encoding: gzip,deflate
17:41:54.259 [main] DEBUG org.apache.http.wire -  >> "{"jsonrpc":"2.0","method":"createUser","id":123123,"params":{"username":"kyryloAPITestLogin","password":"kyryloAPITestPassword","name":"kyrylo","email":"kyryloAPITest@mail.com","role":"app-manager"}}"
17:41:54.319 [AsyncHttpClient-1-1] DEBUG org.asynchttpclient.netty.channel.DefaultChannelPool - Entry count for : http://localhost:39120 : 1
17:41:54.319 [AsyncHttpClient-1-1] DEBUG org.asynchttpclient.netty.channel.DefaultChannelPool - Entry count for : http://localhost:51331 : 1
17:41:54.319 [AsyncHttpClient-1-1] DEBUG org.asynchttpclient.netty.channel.DefaultChannelPool - Adding Candidate expired Channel [id: 0x4308321c, L:/127.0.0.1:51341 ! R:localhost/127.0.0.1:51331] isIdleTimeoutExpired=false isRemotelyClosed=true isTtlExpired=false
17:41:54.319 [AsyncHttpClient-1-1] DEBUG org.asynchttpclient.netty.channel.DefaultChannelPool - Closing Idle Channel [id: 0x4308321c, L:/127.0.0.1:51341 ! R:localhost/127.0.0.1:51331]
17:41:54.319 [AsyncHttpClient-1-1] DEBUG org.asynchttpclient.netty.channel.DefaultChannelPool - Closed 1 connections out of 2 in 0 ms
17:41:54.440 [main] DEBUG org.apache.http.wire -  << "HTTP/1.1 200 OK[\r][\n]"
17:41:54.440 [main] DEBUG org.apache.http.wire -  << "Server: nginx[\r][\n]"
17:41:54.440 [main] DEBUG org.apache.http.wire -  << "Date: Tue, 25 Jul 2023 14:41:54 GMT[\r][\n]"
17:41:54.441 [main] DEBUG org.apache.http.wire -  << "Content-Type: application/json[\r][\n]"
17:41:54.441 [main] DEBUG org.apache.http.wire -  << "Transfer-Encoding: chunked[\r][\n]"
17:41:54.441 [main] DEBUG org.apache.http.wire -  << "Connection: keep-alive[\r][\n]"
17:41:54.441 [main] DEBUG org.apache.http.wire -  << "Vary: Accept-Encoding[\r][\n]"
17:41:54.441 [main] DEBUG org.apache.http.wire -  << "Content-Encoding: gzip[\r][\n]"
17:41:54.441 [main] DEBUG org.apache.http.wire -  << "[\r][\n]"
17:41:54.441 [main] DEBUG org.apache.http.impl.conn.DefaultClientConnection - Receiving response: HTTP/1.1 200 OK
17:41:54.441 [main] DEBUG org.apache.http.headers - << HTTP/1.1 200 OK
17:41:54.441 [main] DEBUG org.apache.http.headers - << Server: nginx
17:41:54.441 [main] DEBUG org.apache.http.headers - << Date: Tue, 25 Jul 2023 14:41:54 GMT
17:41:54.441 [main] DEBUG org.apache.http.headers - << Content-Type: application/json
17:41:54.441 [main] DEBUG org.apache.http.headers - << Transfer-Encoding: chunked
17:41:54.441 [main] DEBUG org.apache.http.headers - << Connection: keep-alive
17:41:54.441 [main] DEBUG org.apache.http.headers - << Vary: Accept-Encoding
17:41:54.441 [main] DEBUG org.apache.http.headers - << Content-Encoding: gzip
17:41:54.441 [main] DEBUG org.apache.http.impl.client.DefaultHttpClient - Connection can be kept alive indefinitely
17:41:54.441 [main] DEBUG org.apache.http.impl.client.DefaultHttpClient - Authentication succeeded
17:41:54.441 [main] DEBUG org.apache.http.impl.client.TargetAuthenticationStrategy - Caching 'basic' auth scheme for http://localhost:81
17:41:54.442 [main] DEBUG io.restassured.internal.RestAssuredHttpBuilder - Parsing response as: application/json
17:41:54.442 [main] DEBUG org.apache.http.wire -  << "3c[\r][\n]"
17:41:54.442 [main] DEBUG org.apache.http.wire -  << "[0x1f][0x8b][0x8][0x0][0x0][0x0][0x0][0x0][0x0][0x3][0xab]V[0xca]*[0xce][0xcf]+*HV[0xb2]R2[0xd2]3P[0xd2]Q*J-.[0xcd])Q[0xb2]265[0xd1]Q[0xca]LQ[0xb2]242[0x6][0xa2]Z[0x0][0xca][0x89]#[0xdb]*[0x0][0x0][0x0]"
17:41:54.442 [main] DEBUG org.apache.http.wire -  << "[\r][\n]"
17:41:54.442 [main] DEBUG org.apache.http.wire -  << "0[\r][\n]"
17:41:54.442 [main] DEBUG org.apache.http.wire -  << "[\r][\n]"
17:41:54.442 [main] DEBUG io.restassured.internal.RestAssuredHttpBuilder - Parsed data to instance of: class org.apache.http.conn.EofSensorInputStream
17:41:54.443 [main] DEBUG org.apache.http.impl.conn.BasicClientConnectionManager - Releasing connection org.apache.http.impl.conn.ManagedClientConnectionImpl@1a3761a
17:41:54.443 [main] DEBUG org.apache.http.impl.conn.BasicClientConnectionManager - Connection can be kept alive indefinitely
{
    "jsonrpc": "2.0",
    "result": 354,
    "id": 123123
}
Request method:	POST
Request URI:	http://localhost:81/jsonrpc.php
Proxy:			<none>
Request params:	<none>
Query params:	<none>
Form params:	<none>
Path params:	<none>
Headers:		Accept=*/*
				Content-Type=text/plain; charset=ISO-8859-1
Cookies:		<none>
Multiparts:		<none>
Body:
{"jsonrpc":"2.0","method":"createProject","id":345,"params":{"name":"API_Project","description":"API_Project Description","owner_id":354}}
17:41:54.466 [main] DEBUG org.apache.http.impl.conn.BasicClientConnectionManager - Get connection for route {}->http://localhost:81
17:41:54.466 [main] DEBUG org.apache.http.impl.conn.DefaultClientConnectionOperator - Connecting to localhost:81
17:41:54.467 [main] DEBUG org.apache.http.client.protocol.RequestAddCookies - CookieSpec selected: ignoreCookies
17:41:54.467 [main] DEBUG org.apache.http.client.protocol.RequestAuthCache - Auth cache not set in the context
17:41:54.467 [main] DEBUG org.apache.http.client.protocol.RequestTargetAuthentication - Target auth state: UNCHALLENGED
17:41:54.467 [main] DEBUG org.apache.http.client.protocol.RequestProxyAuthentication - Proxy auth state: UNCHALLENGED
17:41:54.467 [main] DEBUG org.apache.http.impl.client.DefaultHttpClient - Attempt 1 to execute request
17:41:54.467 [main] DEBUG org.apache.http.impl.conn.DefaultClientConnection - Sending request: POST /jsonrpc.php HTTP/1.1
17:41:54.467 [main] DEBUG org.apache.http.wire -  >> "POST /jsonrpc.php HTTP/1.1[\r][\n]"
17:41:54.467 [main] DEBUG org.apache.http.wire -  >> "Accept: */*[\r][\n]"
17:41:54.467 [main] DEBUG org.apache.http.wire -  >> "Content-Type: text/plain; charset=ISO-8859-1[\r][\n]"
17:41:54.467 [main] DEBUG org.apache.http.wire -  >> "Content-Length: 138[\r][\n]"
17:41:54.467 [main] DEBUG org.apache.http.wire -  >> "Host: localhost:81[\r][\n]"
17:41:54.467 [main] DEBUG org.apache.http.wire -  >> "Connection: Keep-Alive[\r][\n]"
17:41:54.467 [main] DEBUG org.apache.http.wire -  >> "User-Agent: Apache-HttpClient/4.5.13 (Java/17)[\r][\n]"
17:41:54.467 [main] DEBUG org.apache.http.wire -  >> "Accept-Encoding: gzip,deflate[\r][\n]"
17:41:54.467 [main] DEBUG org.apache.http.wire -  >> "[\r][\n]"
17:41:54.467 [main] DEBUG org.apache.http.headers - >> POST /jsonrpc.php HTTP/1.1
17:41:54.467 [main] DEBUG org.apache.http.headers - >> Accept: */*
17:41:54.467 [main] DEBUG org.apache.http.headers - >> Content-Type: text/plain; charset=ISO-8859-1
17:41:54.467 [main] DEBUG org.apache.http.headers - >> Content-Length: 138
17:41:54.467 [main] DEBUG org.apache.http.headers - >> Host: localhost:81
17:41:54.467 [main] DEBUG org.apache.http.headers - >> Connection: Keep-Alive
17:41:54.468 [main] DEBUG org.apache.http.headers - >> User-Agent: Apache-HttpClient/4.5.13 (Java/17)
17:41:54.468 [main] DEBUG org.apache.http.headers - >> Accept-Encoding: gzip,deflate
17:41:54.468 [main] DEBUG org.apache.http.wire -  >> "{"jsonrpc":"2.0","method":"createProject","id":345,"params":{"name":"API_Project","description":"API_Project Description","owner_id":354}}"
17:41:54.485 [main] DEBUG org.apache.http.wire -  << "HTTP/1.1 401 Unauthorized[\r][\n]"
17:41:54.485 [main] DEBUG org.apache.http.wire -  << "Server: nginx[\r][\n]"
17:41:54.485 [main] DEBUG org.apache.http.wire -  << "Date: Tue, 25 Jul 2023 14:41:54 GMT[\r][\n]"
17:41:54.485 [main] DEBUG org.apache.http.wire -  << "Content-Type: application/json[\r][\n]"
17:41:54.485 [main] DEBUG org.apache.http.wire -  << "Transfer-Encoding: chunked[\r][\n]"
17:41:54.485 [main] DEBUG org.apache.http.wire -  << "Connection: keep-alive[\r][\n]"
17:41:54.485 [main] DEBUG org.apache.http.wire -  << "WWW-Authenticate: Basic realm="JsonRPC"[\r][\n]"
17:41:54.485 [main] DEBUG org.apache.http.wire -  << "[\r][\n]"
17:41:54.485 [main] DEBUG org.apache.http.impl.conn.DefaultClientConnection - Receiving response: HTTP/1.1 401 Unauthorized
17:41:54.485 [main] DEBUG org.apache.http.headers - << HTTP/1.1 401 Unauthorized
17:41:54.485 [main] DEBUG org.apache.http.headers - << Server: nginx
17:41:54.485 [main] DEBUG org.apache.http.headers - << Date: Tue, 25 Jul 2023 14:41:54 GMT
17:41:54.485 [main] DEBUG org.apache.http.headers - << Content-Type: application/json
17:41:54.485 [main] DEBUG org.apache.http.headers - << Transfer-Encoding: chunked
17:41:54.485 [main] DEBUG org.apache.http.headers - << Connection: keep-alive
17:41:54.485 [main] DEBUG org.apache.http.headers - << WWW-Authenticate: Basic realm="JsonRPC"
17:41:54.485 [main] DEBUG org.apache.http.impl.client.DefaultHttpClient - Connection can be kept alive indefinitely
17:41:54.485 [main] DEBUG org.apache.http.impl.client.DefaultHttpClient - Authentication required
17:41:54.485 [main] DEBUG org.apache.http.impl.client.DefaultHttpClient - localhost:81 requested authentication
17:41:54.485 [main] DEBUG org.apache.http.impl.client.TargetAuthenticationStrategy - Authentication schemes in the order of preference: [Negotiate, Kerberos, NTLM, CredSSP, Digest, Basic]
17:41:54.485 [main] DEBUG org.apache.http.impl.client.TargetAuthenticationStrategy - Challenge for Negotiate authentication scheme not available
17:41:54.485 [main] DEBUG org.apache.http.impl.client.TargetAuthenticationStrategy - Challenge for Kerberos authentication scheme not available
17:41:54.485 [main] DEBUG org.apache.http.impl.client.TargetAuthenticationStrategy - Challenge for NTLM authentication scheme not available
17:41:54.485 [main] DEBUG org.apache.http.impl.client.TargetAuthenticationStrategy - Challenge for CredSSP authentication scheme not available
17:41:54.485 [main] DEBUG org.apache.http.impl.client.TargetAuthenticationStrategy - Challenge for Digest authentication scheme not available
17:41:54.486 [main] DEBUG org.apache.http.impl.client.DefaultHttpClient - Selected authentication options: [BASIC [complete=true]]
17:41:54.486 [main] DEBUG org.apache.http.wire -  << "49[\r][\n]"
17:41:54.486 [main] DEBUG org.apache.http.wire -  << "{"jsonrpc":"2.0","error":{"code":401,"message":"Unauthorized"},"id":null}"
17:41:54.486 [main] DEBUG org.apache.http.wire -  << "[\r][\n]"
17:41:54.486 [main] DEBUG org.apache.http.wire -  << "0[\r][\n]"
17:41:54.486 [main] DEBUG org.apache.http.wire -  << "[\r][\n]"
17:41:54.486 [main] DEBUG org.apache.http.client.protocol.RequestAddCookies - CookieSpec selected: ignoreCookies
17:41:54.486 [main] DEBUG org.apache.http.client.protocol.RequestAuthCache - Auth cache not set in the context
17:41:54.486 [main] DEBUG org.apache.http.client.protocol.RequestTargetAuthentication - Target auth state: CHALLENGED
17:41:54.486 [main] DEBUG org.apache.http.client.protocol.RequestTargetAuthentication - Generating response to an authentication challenge using basic scheme
17:41:54.486 [main] DEBUG org.apache.http.client.protocol.RequestProxyAuthentication - Proxy auth state: UNCHALLENGED
17:41:54.486 [main] DEBUG org.apache.http.impl.client.DefaultHttpClient - Attempt 2 to execute request
17:41:54.486 [main] DEBUG org.apache.http.impl.conn.DefaultClientConnection - Sending request: POST /jsonrpc.php HTTP/1.1
17:41:54.486 [main] DEBUG org.apache.http.wire -  >> "POST /jsonrpc.php HTTP/1.1[\r][\n]"
17:41:54.486 [main] DEBUG org.apache.http.wire -  >> "Accept: */*[\r][\n]"
17:41:54.486 [main] DEBUG org.apache.http.wire -  >> "Content-Type: text/plain; charset=ISO-8859-1[\r][\n]"
17:41:54.486 [main] DEBUG org.apache.http.wire -  >> "Content-Length: 138[\r][\n]"
17:41:54.486 [main] DEBUG org.apache.http.wire -  >> "Host: localhost:81[\r][\n]"
17:41:54.486 [main] DEBUG org.apache.http.wire -  >> "Connection: Keep-Alive[\r][\n]"
17:41:54.486 [main] DEBUG org.apache.http.wire -  >> "User-Agent: Apache-HttpClient/4.5.13 (Java/17)[\r][\n]"
17:41:54.486 [main] DEBUG org.apache.http.wire -  >> "Authorization: Basic a3lyeWxvQVBJVGVzdExvZ2luOmt5cnlsb0FQSVRlc3RQYXNzd29yZA==[\r][\n]"
17:41:54.486 [main] DEBUG org.apache.http.wire -  >> "Accept-Encoding: gzip,deflate[\r][\n]"
17:41:54.486 [main] DEBUG org.apache.http.wire -  >> "[\r][\n]"
17:41:54.486 [main] DEBUG org.apache.http.headers - >> POST /jsonrpc.php HTTP/1.1
17:41:54.486 [main] DEBUG org.apache.http.headers - >> Accept: */*
17:41:54.486 [main] DEBUG org.apache.http.headers - >> Content-Type: text/plain; charset=ISO-8859-1
17:41:54.486 [main] DEBUG org.apache.http.headers - >> Content-Length: 138
17:41:54.486 [main] DEBUG org.apache.http.headers - >> Host: localhost:81
17:41:54.486 [main] DEBUG org.apache.http.headers - >> Connection: Keep-Alive
17:41:54.486 [main] DEBUG org.apache.http.headers - >> User-Agent: Apache-HttpClient/4.5.13 (Java/17)
17:41:54.486 [main] DEBUG org.apache.http.headers - >> Authorization: Basic a3lyeWxvQVBJVGVzdExvZ2luOmt5cnlsb0FQSVRlc3RQYXNzd29yZA==
17:41:54.486 [main] DEBUG org.apache.http.headers - >> Accept-Encoding: gzip,deflate
17:41:54.486 [main] DEBUG org.apache.http.wire -  >> "{"jsonrpc":"2.0","method":"createProject","id":345,"params":{"name":"API_Project","description":"API_Project Description","owner_id":354}}"
17:41:54.585 [main] DEBUG org.apache.http.wire -  << "HTTP/1.1 200 OK[\r][\n]"
17:41:54.585 [main] DEBUG org.apache.http.wire -  << "Server: nginx[\r][\n]"
17:41:54.585 [main] DEBUG org.apache.http.wire -  << "Date: Tue, 25 Jul 2023 14:41:54 GMT[\r][\n]"
17:41:54.585 [main] DEBUG org.apache.http.wire -  << "Content-Type: application/json[\r][\n]"
17:41:54.585 [main] DEBUG org.apache.http.wire -  << "Transfer-Encoding: chunked[\r][\n]"
17:41:54.585 [main] DEBUG org.apache.http.wire -  << "Connection: keep-alive[\r][\n]"
17:41:54.585 [main] DEBUG org.apache.http.wire -  << "Vary: Accept-Encoding[\r][\n]"
17:41:54.585 [main] DEBUG org.apache.http.wire -  << "Content-Encoding: gzip[\r][\n]"
17:41:54.585 [main] DEBUG org.apache.http.wire -  << "[\r][\n]"
17:41:54.585 [main] DEBUG org.apache.http.impl.conn.DefaultClientConnection - Receiving response: HTTP/1.1 200 OK
17:41:54.585 [main] DEBUG org.apache.http.headers - << HTTP/1.1 200 OK
17:41:54.585 [main] DEBUG org.apache.http.headers - << Server: nginx
17:41:54.585 [main] DEBUG org.apache.http.headers - << Date: Tue, 25 Jul 2023 14:41:54 GMT
17:41:54.585 [main] DEBUG org.apache.http.headers - << Content-Type: application/json
17:41:54.585 [main] DEBUG org.apache.http.headers - << Transfer-Encoding: chunked
17:41:54.585 [main] DEBUG org.apache.http.headers - << Connection: keep-alive
17:41:54.585 [main] DEBUG org.apache.http.headers - << Vary: Accept-Encoding
17:41:54.585 [main] DEBUG org.apache.http.headers - << Content-Encoding: gzip
17:41:54.585 [main] DEBUG org.apache.http.impl.client.DefaultHttpClient - Connection can be kept alive indefinitely
17:41:54.586 [main] DEBUG org.apache.http.impl.client.DefaultHttpClient - Authentication succeeded
17:41:54.586 [main] DEBUG org.apache.http.impl.client.TargetAuthenticationStrategy - Caching 'basic' auth scheme for http://localhost:81
17:41:54.586 [main] DEBUG io.restassured.internal.RestAssuredHttpBuilder - Parsing response as: application/json
17:41:54.586 [main] DEBUG org.apache.http.wire -  << "3b[\r][\n]"
17:41:54.586 [main] DEBUG org.apache.http.wire -  << "[0x1f][0x8b][0x8][0x0][0x0][0x0][0x0][0x0][0x0][0x3][0xab]V[0xca]*[0xce][0xcf]+*HV[0xb2]R2[0xd2]3P[0xd2]Q*J-.[0xcd])Q[0xb2]221[0xd5]Q[0xca]LQ[0xb2]261[0xad][0x5][0x0][0xae]g[0xbd][0xb2]'[0x0][0x0][0x0]"
17:41:54.586 [main] DEBUG org.apache.http.wire -  << "[\r][\n]"
17:41:54.586 [main] DEBUG org.apache.http.wire -  << "0[\r][\n]"
17:41:54.586 [main] DEBUG org.apache.http.wire -  << "[\r][\n]"
17:41:54.586 [main] DEBUG io.restassured.internal.RestAssuredHttpBuilder - Parsed data to instance of: class org.apache.http.conn.EofSensorInputStream
17:41:54.587 [main] DEBUG org.apache.http.impl.conn.BasicClientConnectionManager - Releasing connection org.apache.http.impl.conn.ManagedClientConnectionImpl@2a7c82e
17:41:54.587 [main] DEBUG org.apache.http.impl.conn.BasicClientConnectionManager - Connection can be kept alive indefinitely
{
    "jsonrpc": "2.0",
    "result": 245,
    "id": 345
}
17:41:54.590 [Forwarding getTitle on session 97408259a211083ace6b0f1c03764940 to remote] DEBUG org.asynchttpclient.netty.request.NettyRequestSender - Using pooled Channel '[id: 0xe1a0b396, L:/127.0.0.1:51329 - R:localhost/127.0.0.1:39120]' for 'GET' to 'http://localhost:39120/session/97408259a211083ace6b0f1c03764940/title'
17:41:54.590 [Forwarding getTitle on session 97408259a211083ace6b0f1c03764940 to remote] DEBUG org.asynchttpclient.netty.request.NettyRequestSender - Using open Channel [id: 0xe1a0b396, L:/127.0.0.1:51329 - R:localhost/127.0.0.1:39120] for GET '/session/97408259a211083ace6b0f1c03764940/title'
17:41:54.591 [AsyncHttpClient-1-2] DEBUG org.asynchttpclient.netty.handler.HttpHandler - 

Request DefaultFullHttpRequest(decodeResult: success, version: HTTP/1.1, content: EmptyByteBufBE)
GET /session/97408259a211083ace6b0f1c03764940/title HTTP/1.1
User-Agent: selenium/4.9.1 (java windows)
Cache-Control: no-cache
Content-Type: application/json; charset=utf-8
host: localhost:39120
accept: */*

Response DefaultHttpResponse(decodeResult: success, version: HTTP/1.1)
HTTP/1.1 404 Not Found
Content-Length: 831
Content-Type: application/json; charset=utf-8
cache-control: no-cache

17:41:54.591 [AsyncHttpClient-1-2] DEBUG org.asynchttpclient.netty.channel.ChannelManager - Adding key: http://localhost:39120 for channel [id: 0xe1a0b396, L:/127.0.0.1:51329 - R:localhost/127.0.0.1:39120]
17:41:54.592 [main] DEBUG com.codeborne.selenide.drivercommands.BrowserHealthChecker - Browser session is not found
org.openqa.selenium.NoSuchSessionException: invalid session id
Build info: version: '4.9.1', revision: 'eb2032df7f'
System info: os.name: 'Windows 10', os.arch: 'amd64', os.version: '10.0', java.version: '17'
Driver info: org.openqa.selenium.chrome.ChromeDriver
Command: [97408259a211083ace6b0f1c03764940, getTitle {}]
Capabilities {acceptInsecureCerts: true, browserName: chrome, browserVersion: 114.0.5735.199, chrome: {chromedriverVersion: 114.0.5735.90 (386bc09e8f4f..., userDataDir: C:\Users\KFA24~1.SHM\AppDat...}, goog:chromeOptions: {debuggerAddress: localhost:51331}, networkConnectionEnabled: false, pageLoadStrategy: normal, platformName: windows, proxy: Proxy(), se:cdp: ws://localhost:51331/devtoo..., se:cdpVersion: 114.0.5735.199, setWindowRect: true, strictFileInteractability: false, timeouts: {implicit: 0, pageLoad: 300000, script: 30000}, unhandledPromptBehavior: accept, webauthn:extension:credBlob: true, webauthn:extension:largeBlob: true, webauthn:extension:minPinLength: true, webauthn:extension:prf: true, webauthn:virtualAuthenticators: true}
Session ID: 97408259a211083ace6b0f1c03764940
	at java.base/jdk.internal.reflect.NativeConstructorAccessorImpl.newInstance0(Native Method)
	at java.base/jdk.internal.reflect.NativeConstructorAccessorImpl.newInstance(NativeConstructorAccessorImpl.java:77)
	at java.base/jdk.internal.reflect.DelegatingConstructorAccessorImpl.newInstance(DelegatingConstructorAccessorImpl.java:45)
	at java.base/java.lang.reflect.Constructor.newInstanceWithCaller(Constructor.java:499)
	at java.base/java.lang.reflect.Constructor.newInstance(Constructor.java:480)
	at org.openqa.selenium.remote.codec.w3c.W3CHttpResponseCodec.createException(W3CHttpResponseCodec.java:200)
	at org.openqa.selenium.remote.codec.w3c.W3CHttpResponseCodec.decode(W3CHttpResponseCodec.java:133)
	at org.openqa.selenium.remote.codec.w3c.W3CHttpResponseCodec.decode(W3CHttpResponseCodec.java:53)
	at org.openqa.selenium.remote.HttpCommandExecutor.execute(HttpCommandExecutor.java:193)
	at org.openqa.selenium.remote.service.DriverCommandExecutor.invokeExecute(DriverCommandExecutor.java:183)
	at org.openqa.selenium.remote.service.DriverCommandExecutor.execute(DriverCommandExecutor.java:158)
	at org.openqa.selenium.remote.RemoteWebDriver.execute(RemoteWebDriver.java:543)
	at org.openqa.selenium.remote.RemoteWebDriver.execute(RemoteWebDriver.java:598)
	at org.openqa.selenium.remote.RemoteWebDriver.execute(RemoteWebDriver.java:602)
	at org.openqa.selenium.remote.RemoteWebDriver.getTitle(RemoteWebDriver.java:302)
	at com.codeborne.selenide.drivercommands.BrowserHealthChecker.isBrowserStillOpen(BrowserHealthChecker.java:19)
	at com.codeborne.selenide.impl.WebDriverThreadLocalContainer.getAndCheckWebDriver(WebDriverThreadLocalContainer.java:158)
	at com.codeborne.selenide.WebDriverRunner.getAndCheckWebDriver(WebDriverRunner.java:130)
	at com.codeborne.selenide.impl.StaticDriver.getAndCheckWebDriver(StaticDriver.java:65)
	at com.codeborne.selenide.SelenideDriver.getAndCheckWebDriver(SelenideDriver.java:220)
	at com.codeborne.selenide.drivercommands.Navigator.lambda$navigateTo$0(Navigator.java:72)
	at com.codeborne.selenide.logevents.SelenideLogger.lambda$run$0(SelenideLogger.java:105)
	at com.codeborne.selenide.logevents.SelenideLogger.wrap(SelenideLogger.java:133)
	at com.codeborne.selenide.logevents.SelenideLogger.run(SelenideLogger.java:104)
	at com.codeborne.selenide.drivercommands.Navigator.navigateTo(Navigator.java:70)
	at com.codeborne.selenide.drivercommands.Navigator.open(Navigator.java:32)
	at com.codeborne.selenide.SelenideDriver.open(SelenideDriver.java:101)
	at com.codeborne.selenide.Selenide.open(Selenide.java:53)
	at COMBINED.BaseTests.TaskBaseTestCombined.setUp(TaskBaseTestCombined.java:27)
	at java.base/jdk.internal.reflect.NativeMethodAccessorImpl.invoke0(Native Method)
	at java.base/jdk.internal.reflect.NativeMethodAccessorImpl.invoke(NativeMethodAccessorImpl.java:77)
	at java.base/jdk.internal.reflect.DelegatingMethodAccessorImpl.invoke(DelegatingMethodAccessorImpl.java:43)
	at java.base/java.lang.reflect.Method.invoke(Method.java:568)
	at org.testng.internal.invokers.MethodInvocationHelper.invokeMethod(MethodInvocationHelper.java:139)
	at org.testng.internal.invokers.MethodInvocationHelper.invokeMethodConsideringTimeout(MethodInvocationHelper.java:69)
	at org.testng.internal.invokers.ConfigInvoker.invokeConfigurationMethod(ConfigInvoker.java:361)
	at org.testng.internal.invokers.ConfigInvoker.invokeConfigurations(ConfigInvoker.java:296)
	at org.testng.internal.invokers.TestInvoker.runConfigMethods(TestInvoker.java:823)
	at org.testng.internal.invokers.TestInvoker.invokeMethod(TestInvoker.java:590)
	at org.testng.internal.invokers.TestInvoker.invokeTestMethod(TestInvoker.java:221)
	at org.testng.internal.invokers.MethodRunner.runInSequence(MethodRunner.java:50)
	at org.testng.internal.invokers.TestInvoker$MethodInvocationAgent.invoke(TestInvoker.java:969)
	at org.testng.internal.invokers.TestInvoker.invokeTestMethods(TestInvoker.java:194)
	at org.testng.internal.invokers.TestMethodWorker.invokeTestMethods(TestMethodWorker.java:148)
	at org.testng.internal.invokers.TestMethodWorker.run(TestMethodWorker.java:128)
	at java.base/java.util.ArrayList.forEach(ArrayList.java:1511)
	at org.testng.TestRunner.privateRun(TestRunner.java:829)
	at org.testng.TestRunner.run(TestRunner.java:602)
	at org.testng.SuiteRunner.runTest(SuiteRunner.java:437)
	at org.testng.SuiteRunner.runSequentially(SuiteRunner.java:431)
	at org.testng.SuiteRunner.privateRun(SuiteRunner.java:391)
	at org.testng.SuiteRunner.run(SuiteRunner.java:330)
	at org.testng.SuiteRunnerWorker.runSuite(SuiteRunnerWorker.java:52)
	at org.testng.SuiteRunnerWorker.run(SuiteRunnerWorker.java:95)
	at org.testng.TestNG.runSuitesSequentially(TestNG.java:1256)
	at org.testng.TestNG.runSuitesLocally(TestNG.java:1176)
	at org.testng.TestNG.runSuites(TestNG.java:1099)
	at org.testng.TestNG.run(TestNG.java:1067)
	at org.apache.maven.surefire.testng.TestNGExecutor.run(TestNGExecutor.java:324)
	at org.apache.maven.surefire.testng.TestNGXmlTestSuite.execute(TestNGXmlTestSuite.java:74)
	at org.apache.maven.surefire.testng.TestNGProvider.invoke(TestNGProvider.java:123)
	at org.apache.maven.surefire.booter.ForkedBooter.runSuitesInProcess(ForkedBooter.java:456)
	at org.apache.maven.surefire.booter.ForkedBooter.execute(ForkedBooter.java:169)
	at org.apache.maven.surefire.booter.ForkedBooter.run(ForkedBooter.java:595)
	at org.apache.maven.surefire.booter.ForkedBooter.main(ForkedBooter.java:581)
17:41:54.592 [main] INFO com.codeborne.selenide.impl.WebDriverThreadLocalContainer - Webdriver has been closed meanwhile. Let's re-create it.
17:41:54.593 [main] INFO com.codeborne.selenide.impl.FileHelper - Deleted empty folder: C:\Users\k.shmana\Desktop\r_d\Kanboard\build\downloads\1690296103585_10268_1
17:41:54.593 [main] INFO com.codeborne.selenide.drivercommands.CloseDriverCommand - Close webdriver: 1 -> ChromeDriver: chrome on windows (97408259a211083ace6b0f1c03764940)...
17:41:54.596 [Driver Command Executor] DEBUG org.asynchttpclient.netty.request.NettyRequestSender - Using pooled Channel '[id: 0xe1a0b396, L:/127.0.0.1:51329 - R:localhost/127.0.0.1:39120]' for 'DELETE' to 'http://localhost:39120/session/97408259a211083ace6b0f1c03764940'
17:41:54.596 [Driver Command Executor] DEBUG org.asynchttpclient.netty.request.NettyRequestSender - Using open Channel [id: 0xe1a0b396, L:/127.0.0.1:51329 - R:localhost/127.0.0.1:39120] for DELETE '/session/97408259a211083ace6b0f1c03764940'
17:41:54.597 [AsyncHttpClient-1-2] DEBUG org.asynchttpclient.netty.handler.HttpHandler - 

Request DefaultFullHttpRequest(decodeResult: success, version: HTTP/1.1, content: EmptyByteBufBE)
DELETE /session/97408259a211083ace6b0f1c03764940 HTTP/1.1
User-Agent: selenium/4.9.1 (java windows)
Content-Type: application/json; charset=utf-8
host: localhost:39120
accept: */*

Response DefaultHttpResponse(decodeResult: success, version: HTTP/1.1)
HTTP/1.1 200 OK
Content-Length: 14
Content-Type: application/json; charset=utf-8
cache-control: no-cache

17:41:54.597 [AsyncHttpClient-1-2] DEBUG org.asynchttpclient.netty.channel.ChannelManager - Adding key: http://localhost:39120 for channel [id: 0xe1a0b396, L:/127.0.0.1:51329 - R:localhost/127.0.0.1:39120]
17:41:54.601 [AsyncHttpClient-1-2] DEBUG org.asynchttpclient.netty.handler.HttpHandler - Channel Closed: [id: 0xe1a0b396, L:/127.0.0.1:51329 ! R:localhost/127.0.0.1:39120] with attribute DISCARD
17:41:54.656 [main] INFO com.codeborne.selenide.drivercommands.CloseDriverCommand - Closed webdriver 1 in 63 ms
17:41:54.656 [main] INFO com.codeborne.selenide.drivercommands.DisposablesRegistry - Unregister WebDriverInstance[config=StaticConfig,webDriver=ChromeDriver: chrome on windows (null),proxy=null,downloadsFolder=C:\Users\k.shmana\Desktop\r_d\Kanboard\build\downloads\1690296103585_10268_1] in 1 [size=0]
17:41:54.656 [main] DEBUG com.codeborne.selenide.drivercommands.CreateDriverCommand - Creating webdriver in thread 1 (ip: 192.168.195.23, host: N-KV-TYCH1O-F81)...
17:41:54.657 [main] INFO com.codeborne.selenide.impl.FileHelper - Creating folder: C:\Users\k.shmana\Desktop\r_d\Kanboard\build\downloads\1690296114656_10268_1
17:41:54.658 [main] DEBUG com.codeborne.selenide.webdriver.WebDriverFactory - browser=chrome
17:41:54.658 [main] DEBUG com.codeborne.selenide.webdriver.WebDriverFactory - browser.version=null
17:41:54.658 [main] DEBUG com.codeborne.selenide.webdriver.WebDriverFactory - remote=null
17:41:54.658 [main] DEBUG com.codeborne.selenide.webdriver.WebDriverFactory - browserSize=1366x768
17:41:54.658 [main] DEBUG com.codeborne.selenide.webdriver.WebDriverFactory - downloadsFolder=C:\Users\k.shmana\Desktop\r_d\Kanboard\build\downloads\1690296114656_10268_1
17:41:54.658 [main] DEBUG com.codeborne.selenide.webdriver.AbstractChromiumDriverFactory - Using chromium preferences: {credentials_enable_service=false, safebrowsing.enabled=true, plugins.always_open_pdf_externally=true, profile.default_content_setting_values.automatic_downloads=1, download.default_directory=C:\Users\k.shmana\Desktop\r_d\Kanboard\build\downloads\1690296114656_10268_1}
17:41:54.658 [main] DEBUG com.codeborne.selenide.webdriver.ChromeDriverFactory - Chrome options: Capabilities {acceptInsecureCerts: true, browserName: chrome, goog:chromeOptions: {args: [--remote-allow-origins=*, --proxy-bypass-list=<-loopb..., --disable-dev-shm-usage, --window-size=1366,768], excludeSwitches: [enable-automation, load-extension], extensions: [], prefs: {credentials_enable_service: false, download.default_directory: C:\Users\k.shmana\Desktop\r..., plugins.always_open_pdf_externally: true, profile.default_content_setting_values.automatic_downloads: 1, safebrowsing.enabled: true}}, pageLoadStrategy: normal, unhandledPromptBehavior: accept}
17:41:54.663 [main] INFO com.codeborne.selenide.webdriver.SelenideNettyClientFactory - Changed readTimeout from PT3M to PT1M30S
17:41:54.790 [AsyncHttpClient-1-5] DEBUG org.asynchttpclient.netty.channel.NettyConnectListener - Using new Channel '[id: 0x33715d58, L:/127.0.0.1:51361 - R:localhost/127.0.0.1:39002]' for 'POST' to '/session'
17:41:55.419 [AsyncHttpClient-1-1] DEBUG org.asynchttpclient.netty.channel.DefaultChannelPool - Entry count for : http://localhost:39120 : 1
17:41:55.419 [AsyncHttpClient-1-1] DEBUG org.asynchttpclient.netty.channel.DefaultChannelPool - Adding Candidate expired Channel [id: 0xe1a0b396, L:/127.0.0.1:51329 ! R:localhost/127.0.0.1:39120] isIdleTimeoutExpired=false isRemotelyClosed=true isTtlExpired=false
17:41:55.420 [AsyncHttpClient-1-1] DEBUG org.asynchttpclient.netty.channel.DefaultChannelPool - Closing Idle Channel [id: 0xe1a0b396, L:/127.0.0.1:51329 ! R:localhost/127.0.0.1:39120]
17:41:55.420 [AsyncHttpClient-1-1] DEBUG org.asynchttpclient.netty.channel.DefaultChannelPool - Closed 1 connections out of 1 in 1 ms
17:41:55.811 [AsyncHttpClient-1-5] DEBUG org.asynchttpclient.netty.handler.HttpHandler - 

Request DefaultHttpRequest(decodeResult: success, version: HTTP/1.1)
POST /session HTTP/1.1
User-Agent: selenium/4.9.1 (java windows)
Content-Length: 996
Content-Type: application/json; charset=utf-8
host: localhost:39002
accept: */*

Response DefaultHttpResponse(decodeResult: success, version: HTTP/1.1)
HTTP/1.1 200 OK
Content-Length: 851
Content-Type: application/json; charset=utf-8
cache-control: no-cache

17:41:55.812 [AsyncHttpClient-1-5] DEBUG org.asynchttpclient.netty.channel.ChannelManager - Adding key: http://localhost:39002 for channel [id: 0x33715d58, L:/127.0.0.1:51361 - R:localhost/127.0.0.1:39002]
17:41:55.820 [main] INFO com.codeborne.selenide.webdriver.SelenideNettyClientFactory - Changed readTimeout from PT3M to PT1M30S
17:41:55.823 [AsyncHttpClient-1-6] DEBUG org.asynchttpclient.netty.channel.NettyConnectListener - Using new Channel '[id: 0x01545c47, L:/127.0.0.1:51471 - R:localhost/127.0.0.1:51363]' for 'GET' to '/json/version'
17:41:55.825 [AsyncHttpClient-1-6] DEBUG org.asynchttpclient.netty.handler.HttpHandler - 

Request DefaultFullHttpRequest(decodeResult: success, version: HTTP/1.1, content: EmptyByteBufBE)
GET /json/version HTTP/1.1
User-Agent: selenium/4.9.1 (java windows)
host: localhost:51363
accept: */*

Response DefaultHttpResponse(decodeResult: success, version: HTTP/1.1)
HTTP/1.1 200 OK
Content-Security-Policy: frame-ancestors 'none'
Content-Length: 424
Content-Type: application/json; charset=UTF-8

17:41:55.826 [AsyncHttpClient-1-6] DEBUG org.asynchttpclient.netty.channel.ChannelManager - Adding key: http://localhost:51363 for channel [id: 0x01545c47, L:/127.0.0.1:51471 - R:localhost/127.0.0.1:51363]
17:41:55.826 [main] INFO com.codeborne.selenide.webdriver.SelenideNettyClientFactory - Changed readTimeout from PT3M to PT1M30S
17:41:55.832 [AsyncHttpClient-1-7] DEBUG org.asynchttpclient.netty.channel.NettyConnectListener - Using new Channel '[id: 0x665508ff, L:/127.0.0.1:51472 - R:localhost/127.0.0.1:51363]' for 'GET' to '/devtools/browser/b66c0c37-39f8-42bb-a290-7487955192ba'
17:41:55.836 [AsyncHttpClient-1-7] DEBUG org.asynchttpclient.netty.handler.WebSocketHandler - 

Request DefaultFullHttpRequest(decodeResult: success, version: HTTP/1.1, content: EmptyByteBufBE)
GET /devtools/browser/b66c0c37-39f8-42bb-a290-7487955192ba HTTP/1.1
upgrade: websocket
connection: upgrade
sec-websocket-key: USGHl4hZCIBcps78ogpUtg==
sec-websocket-version: 13
origin: http://localhost:51363
host: localhost:51363
accept: */*
user-agent: AHC/2.1

Response DefaultHttpResponse(decodeResult: success, version: HTTP/1.1)
HTTP/1.1 101 WebSocket Protocol Handshake
Upgrade: WebSocket
Connection: Upgrade
Sec-WebSocket-Accept: YczX/f4wJHiaxpBjFJ91y6K6Keg=

17:41:55.842 [Forwarding setTimeout on session 24a23a7636bfdd7fa0fe0af709de1100 to remote] DEBUG org.asynchttpclient.netty.request.NettyRequestSender - Using pooled Channel '[id: 0x33715d58, L:/127.0.0.1:51361 - R:localhost/127.0.0.1:39002]' for 'POST' to 'http://localhost:39002/session/24a23a7636bfdd7fa0fe0af709de1100/timeouts'
17:41:55.843 [Forwarding setTimeout on session 24a23a7636bfdd7fa0fe0af709de1100 to remote] DEBUG org.asynchttpclient.netty.request.NettyRequestSender - Using open Channel [id: 0x33715d58, L:/127.0.0.1:51361 - R:localhost/127.0.0.1:39002] for POST '/session/24a23a7636bfdd7fa0fe0af709de1100/timeouts'
17:41:55.845 [AsyncHttpClient-1-5] DEBUG org.asynchttpclient.netty.handler.HttpHandler - 

Request DefaultHttpRequest(decodeResult: success, version: HTTP/1.1)
POST /session/24a23a7636bfdd7fa0fe0af709de1100/timeouts HTTP/1.1
User-Agent: selenium/4.9.1 (java windows)
Content-Length: 23
Content-Type: application/json; charset=utf-8
host: localhost:39002
accept: */*

Response DefaultHttpResponse(decodeResult: success, version: HTTP/1.1)
HTTP/1.1 200 OK
Content-Length: 14
Content-Type: application/json; charset=utf-8
cache-control: no-cache

17:41:55.845 [AsyncHttpClient-1-5] DEBUG org.asynchttpclient.netty.channel.ChannelManager - Adding key: http://localhost:39002 for channel [id: 0x33715d58, L:/127.0.0.1:51361 - R:localhost/127.0.0.1:39002]
17:41:55.846 [main] INFO com.codeborne.selenide.webdriver.WebDriverFactory - BrowserName=chrome Version=114.0.5735.199 Platform=windows
17:41:55.846 [main] INFO com.codeborne.selenide.webdriver.WebDriverFactory - Selenide v. 6.15.0
17:41:55.846 [main] INFO com.codeborne.selenide.webdriver.WebDriverFactory - Selenium WebDriver v. 4.9.1 build revision: eb2032df7f
17:41:55.846 [main] INFO com.codeborne.selenide.drivercommands.CreateDriverCommand - Created webdriver in thread 1: ChromeDriver -> ChromeDriver: chrome on windows (24a23a7636bfdd7fa0fe0af709de1100)
17:41:55.846 [main] INFO com.codeborne.selenide.drivercommands.DisposablesRegistry - Register WebDriverInstance[config=StaticConfig,webDriver=ChromeDriver: chrome on windows (24a23a7636bfdd7fa0fe0af709de1100),proxy=null,downloadsFolder=C:\Users\k.shmana\Desktop\r_d\Kanboard\build\downloads\1690296114656_10268_1] in 1 [size=1]
17:41:55.848 [Forwarding get on session 24a23a7636bfdd7fa0fe0af709de1100 to remote] DEBUG org.asynchttpclient.netty.request.NettyRequestSender - Using pooled Channel '[id: 0x33715d58, L:/127.0.0.1:51361 - R:localhost/127.0.0.1:39002]' for 'POST' to 'http://localhost:39002/session/24a23a7636bfdd7fa0fe0af709de1100/url'
17:41:55.848 [Forwarding get on session 24a23a7636bfdd7fa0fe0af709de1100 to remote] DEBUG org.asynchttpclient.netty.request.NettyRequestSender - Using open Channel [id: 0x33715d58, L:/127.0.0.1:51361 - R:localhost/127.0.0.1:39002] for POST '/session/24a23a7636bfdd7fa0fe0af709de1100/url'
17:41:56.106 [AsyncHttpClient-1-5] DEBUG org.asynchttpclient.netty.handler.HttpHandler - 

Request DefaultHttpRequest(decodeResult: success, version: HTTP/1.1)
POST /session/24a23a7636bfdd7fa0fe0af709de1100/url HTTP/1.1
User-Agent: selenium/4.9.1 (java windows)
Content-Length: 55
Content-Type: application/json; charset=utf-8
host: localhost:39002
accept: */*

Response DefaultHttpResponse(decodeResult: success, version: HTTP/1.1)
HTTP/1.1 200 OK
Content-Length: 14
Content-Type: application/json; charset=utf-8
cache-control: no-cache

17:41:56.106 [AsyncHttpClient-1-5] DEBUG org.asynchttpclient.netty.channel.ChannelManager - Adding key: http://localhost:39002 for channel [id: 0x33715d58, L:/127.0.0.1:51361 - R:localhost/127.0.0.1:39002]
17:41:56.115 [Forwarding findElement on session 24a23a7636bfdd7fa0fe0af709de1100 to remote] DEBUG org.asynchttpclient.netty.request.NettyRequestSender - Using pooled Channel '[id: 0x33715d58, L:/127.0.0.1:51361 - R:localhost/127.0.0.1:39002]' for 'POST' to 'http://localhost:39002/session/24a23a7636bfdd7fa0fe0af709de1100/element'
17:41:56.115 [Forwarding findElement on session 24a23a7636bfdd7fa0fe0af709de1100 to remote] DEBUG org.asynchttpclient.netty.request.NettyRequestSender - Using open Channel [id: 0x33715d58, L:/127.0.0.1:51361 - R:localhost/127.0.0.1:39002] for POST '/session/24a23a7636bfdd7fa0fe0af709de1100/element'
17:41:56.140 [AsyncHttpClient-1-5] DEBUG org.asynchttpclient.netty.handler.HttpHandler - 

Request DefaultHttpRequest(decodeResult: success, version: HTTP/1.1)
POST /session/24a23a7636bfdd7fa0fe0af709de1100/element HTTP/1.1
User-Agent: selenium/4.9.1 (java windows)
Content-Length: 75
Content-Type: application/json; charset=utf-8
host: localhost:39002
accept: */*

Response DefaultHttpResponse(decodeResult: success, version: HTTP/1.1)
HTTP/1.1 200 OK
Content-Length: 94
Content-Type: application/json; charset=utf-8
cache-control: no-cache

17:41:56.140 [AsyncHttpClient-1-5] DEBUG org.asynchttpclient.netty.channel.ChannelManager - Adding key: http://localhost:39002 for channel [id: 0x33715d58, L:/127.0.0.1:51361 - R:localhost/127.0.0.1:39002]
17:41:56.146 [Forwarding sendKeysToElement on session 24a23a7636bfdd7fa0fe0af709de1100 to remote] DEBUG org.asynchttpclient.netty.request.NettyRequestSender - Using pooled Channel '[id: 0x33715d58, L:/127.0.0.1:51361 - R:localhost/127.0.0.1:39002]' for 'POST' to 'http://localhost:39002/session/24a23a7636bfdd7fa0fe0af709de1100/element/A363C1C32E37BDB24C7B11F7E1E690B0_element_2/value'
17:41:56.147 [Forwarding sendKeysToElement on session 24a23a7636bfdd7fa0fe0af709de1100 to remote] DEBUG org.asynchttpclient.netty.request.NettyRequestSender - Using open Channel [id: 0x33715d58, L:/127.0.0.1:51361 - R:localhost/127.0.0.1:39002] for POST '/session/24a23a7636bfdd7fa0fe0af709de1100/element/A363C1C32E37BDB24C7B11F7E1E690B0_element_2/value'
17:41:56.231 [AsyncHttpClient-1-5] DEBUG org.asynchttpclient.netty.handler.HttpHandler - 

Request DefaultHttpRequest(decodeResult: success, version: HTTP/1.1)
POST /session/24a23a7636bfdd7fa0fe0af709de1100/element/A363C1C32E37BDB24C7B11F7E1E690B0_element_2/value HTTP/1.1
User-Agent: selenium/4.9.1 (java windows)
Content-Length: 267
Content-Type: application/json; charset=utf-8
host: localhost:39002
accept: */*

Response DefaultHttpResponse(decodeResult: success, version: HTTP/1.1)
HTTP/1.1 200 OK
Content-Length: 14
Content-Type: application/json; charset=utf-8
cache-control: no-cache

17:41:56.231 [AsyncHttpClient-1-5] DEBUG org.asynchttpclient.netty.channel.ChannelManager - Adding key: http://localhost:39002 for channel [id: 0x33715d58, L:/127.0.0.1:51361 - R:localhost/127.0.0.1:39002]
17:41:56.233 [Forwarding findElement on session 24a23a7636bfdd7fa0fe0af709de1100 to remote] DEBUG org.asynchttpclient.netty.request.NettyRequestSender - Using pooled Channel '[id: 0x33715d58, L:/127.0.0.1:51361 - R:localhost/127.0.0.1:39002]' for 'POST' to 'http://localhost:39002/session/24a23a7636bfdd7fa0fe0af709de1100/element'
17:41:56.233 [Forwarding findElement on session 24a23a7636bfdd7fa0fe0af709de1100 to remote] DEBUG org.asynchttpclient.netty.request.NettyRequestSender - Using open Channel [id: 0x33715d58, L:/127.0.0.1:51361 - R:localhost/127.0.0.1:39002] for POST '/session/24a23a7636bfdd7fa0fe0af709de1100/element'
17:41:56.253 [AsyncHttpClient-1-5] DEBUG org.asynchttpclient.netty.handler.HttpHandler - 

Request DefaultHttpRequest(decodeResult: success, version: HTTP/1.1)
POST /session/24a23a7636bfdd7fa0fe0af709de1100/element HTTP/1.1
User-Agent: selenium/4.9.1 (java windows)
Content-Length: 75
Content-Type: application/json; charset=utf-8
host: localhost:39002
accept: */*

Response DefaultHttpResponse(decodeResult: success, version: HTTP/1.1)
HTTP/1.1 200 OK
Content-Length: 94
Content-Type: application/json; charset=utf-8
cache-control: no-cache

17:41:56.254 [AsyncHttpClient-1-5] DEBUG org.asynchttpclient.netty.channel.ChannelManager - Adding key: http://localhost:39002 for channel [id: 0x33715d58, L:/127.0.0.1:51361 - R:localhost/127.0.0.1:39002]
17:41:56.256 [Forwarding sendKeysToElement on session 24a23a7636bfdd7fa0fe0af709de1100 to remote] DEBUG org.asynchttpclient.netty.request.NettyRequestSender - Using pooled Channel '[id: 0x33715d58, L:/127.0.0.1:51361 - R:localhost/127.0.0.1:39002]' for 'POST' to 'http://localhost:39002/session/24a23a7636bfdd7fa0fe0af709de1100/element/A363C1C32E37BDB24C7B11F7E1E690B0_element_4/value'
17:41:56.256 [Forwarding sendKeysToElement on session 24a23a7636bfdd7fa0fe0af709de1100 to remote] DEBUG org.asynchttpclient.netty.request.NettyRequestSender - Using open Channel [id: 0x33715d58, L:/127.0.0.1:51361 - R:localhost/127.0.0.1:39002] for POST '/session/24a23a7636bfdd7fa0fe0af709de1100/element/A363C1C32E37BDB24C7B11F7E1E690B0_element_4/value'
17:41:56.355 [AsyncHttpClient-1-5] DEBUG org.asynchttpclient.netty.handler.HttpHandler - 

Request DefaultHttpRequest(decodeResult: success, version: HTTP/1.1)
POST /session/24a23a7636bfdd7fa0fe0af709de1100/element/A363C1C32E37BDB24C7B11F7E1E690B0_element_4/value HTTP/1.1
User-Agent: selenium/4.9.1 (java windows)
Content-Length: 297
Content-Type: application/json; charset=utf-8
host: localhost:39002
accept: */*

Response DefaultHttpResponse(decodeResult: success, version: HTTP/1.1)
HTTP/1.1 200 OK
Content-Length: 14
Content-Type: application/json; charset=utf-8
cache-control: no-cache

17:41:56.355 [AsyncHttpClient-1-5] DEBUG org.asynchttpclient.netty.channel.ChannelManager - Adding key: http://localhost:39002 for channel [id: 0x33715d58, L:/127.0.0.1:51361 - R:localhost/127.0.0.1:39002]
17:41:56.356 [Forwarding findElement on session 24a23a7636bfdd7fa0fe0af709de1100 to remote] DEBUG org.asynchttpclient.netty.request.NettyRequestSender - Using pooled Channel '[id: 0x33715d58, L:/127.0.0.1:51361 - R:localhost/127.0.0.1:39002]' for 'POST' to 'http://localhost:39002/session/24a23a7636bfdd7fa0fe0af709de1100/element'
17:41:56.356 [Forwarding findElement on session 24a23a7636bfdd7fa0fe0af709de1100 to remote] DEBUG org.asynchttpclient.netty.request.NettyRequestSender - Using open Channel [id: 0x33715d58, L:/127.0.0.1:51361 - R:localhost/127.0.0.1:39002] for POST '/session/24a23a7636bfdd7fa0fe0af709de1100/element'
17:41:56.373 [AsyncHttpClient-1-5] DEBUG org.asynchttpclient.netty.handler.HttpHandler - 

Request DefaultHttpRequest(decodeResult: success, version: HTTP/1.1)
POST /session/24a23a7636bfdd7fa0fe0af709de1100/element HTTP/1.1
User-Agent: selenium/4.9.1 (java windows)
Content-Length: 73
Content-Type: application/json; charset=utf-8
host: localhost:39002
accept: */*

Response DefaultHttpResponse(decodeResult: success, version: HTTP/1.1)
HTTP/1.1 200 OK
Content-Length: 94
Content-Type: application/json; charset=utf-8
cache-control: no-cache

17:41:56.374 [AsyncHttpClient-1-5] DEBUG org.asynchttpclient.netty.channel.ChannelManager - Adding key: http://localhost:39002 for channel [id: 0x33715d58, L:/127.0.0.1:51361 - R:localhost/127.0.0.1:39002]
17:41:56.376 [Forwarding isElementDisplayed on session 24a23a7636bfdd7fa0fe0af709de1100 to remote] DEBUG org.asynchttpclient.netty.request.NettyRequestSender - Using pooled Channel '[id: 0x33715d58, L:/127.0.0.1:51361 - R:localhost/127.0.0.1:39002]' for 'POST' to 'http://localhost:39002/session/24a23a7636bfdd7fa0fe0af709de1100/execute/sync'
17:41:56.376 [Forwarding isElementDisplayed on session 24a23a7636bfdd7fa0fe0af709de1100 to remote] DEBUG org.asynchttpclient.netty.request.NettyRequestSender - Using open Channel [id: 0x33715d58, L:/127.0.0.1:51361 - R:localhost/127.0.0.1:39002] for POST '/session/24a23a7636bfdd7fa0fe0af709de1100/execute/sync'
17:41:56.393 [AsyncHttpClient-1-5] DEBUG org.asynchttpclient.netty.handler.HttpHandler - 

Request DefaultHttpRequest(decodeResult: success, version: HTTP/1.1)
POST /session/24a23a7636bfdd7fa0fe0af709de1100/execute/sync HTTP/1.1
User-Agent: selenium/4.9.1 (java windows)
Content-Length: 48813
Content-Type: application/json; charset=utf-8
host: localhost:39002
accept: */*

Response DefaultHttpResponse(decodeResult: success, version: HTTP/1.1)
HTTP/1.1 200 OK
Content-Length: 14
Content-Type: application/json; charset=utf-8
cache-control: no-cache

17:41:56.393 [AsyncHttpClient-1-5] DEBUG org.asynchttpclient.netty.channel.ChannelManager - Adding key: http://localhost:39002 for channel [id: 0x33715d58, L:/127.0.0.1:51361 - R:localhost/127.0.0.1:39002]
17:41:56.394 [Forwarding isElementEnabled on session 24a23a7636bfdd7fa0fe0af709de1100 to remote] DEBUG org.asynchttpclient.netty.request.NettyRequestSender - Using pooled Channel '[id: 0x33715d58, L:/127.0.0.1:51361 - R:localhost/127.0.0.1:39002]' for 'GET' to 'http://localhost:39002/session/24a23a7636bfdd7fa0fe0af709de1100/element/A363C1C32E37BDB24C7B11F7E1E690B0_element_5/enabled'
17:41:56.394 [Forwarding isElementEnabled on session 24a23a7636bfdd7fa0fe0af709de1100 to remote] DEBUG org.asynchttpclient.netty.request.NettyRequestSender - Using open Channel [id: 0x33715d58, L:/127.0.0.1:51361 - R:localhost/127.0.0.1:39002] for GET '/session/24a23a7636bfdd7fa0fe0af709de1100/element/A363C1C32E37BDB24C7B11F7E1E690B0_element_5/enabled'
17:41:56.400 [AsyncHttpClient-1-5] DEBUG org.asynchttpclient.netty.handler.HttpHandler - 

Request DefaultFullHttpRequest(decodeResult: success, version: HTTP/1.1, content: EmptyByteBufBE)
GET /session/24a23a7636bfdd7fa0fe0af709de1100/element/A363C1C32E37BDB24C7B11F7E1E690B0_element_5/enabled HTTP/1.1
User-Agent: selenium/4.9.1 (java windows)
Cache-Control: no-cache
Content-Type: application/json; charset=utf-8
host: localhost:39002
accept: */*

Response DefaultHttpResponse(decodeResult: success, version: HTTP/1.1)
HTTP/1.1 200 OK
Content-Length: 14
Content-Type: application/json; charset=utf-8
cache-control: no-cache

17:41:56.400 [AsyncHttpClient-1-5] DEBUG org.asynchttpclient.netty.channel.ChannelManager - Adding key: http://localhost:39002 for channel [id: 0x33715d58, L:/127.0.0.1:51361 - R:localhost/127.0.0.1:39002]
17:41:56.401 [Forwarding clickElement on session 24a23a7636bfdd7fa0fe0af709de1100 to remote] DEBUG org.asynchttpclient.netty.request.NettyRequestSender - Using pooled Channel '[id: 0x33715d58, L:/127.0.0.1:51361 - R:localhost/127.0.0.1:39002]' for 'POST' to 'http://localhost:39002/session/24a23a7636bfdd7fa0fe0af709de1100/element/A363C1C32E37BDB24C7B11F7E1E690B0_element_5/click'
17:41:56.401 [Forwarding clickElement on session 24a23a7636bfdd7fa0fe0af709de1100 to remote] DEBUG org.asynchttpclient.netty.request.NettyRequestSender - Using open Channel [id: 0x33715d58, L:/127.0.0.1:51361 - R:localhost/127.0.0.1:39002] for POST '/session/24a23a7636bfdd7fa0fe0af709de1100/element/A363C1C32E37BDB24C7B11F7E1E690B0_element_5/click'
17:41:56.526 [AsyncHttpClient-1-1] DEBUG org.asynchttpclient.netty.channel.DefaultChannelPool - Entry count for : http://localhost:51363 : 1
17:41:56.712 [AsyncHttpClient-1-5] DEBUG org.asynchttpclient.netty.handler.HttpHandler - 

Request DefaultHttpRequest(decodeResult: success, version: HTTP/1.1)
POST /session/24a23a7636bfdd7fa0fe0af709de1100/element/A363C1C32E37BDB24C7B11F7E1E690B0_element_5/click HTTP/1.1
User-Agent: selenium/4.9.1 (java windows)
Content-Length: 56
Content-Type: application/json; charset=utf-8
host: localhost:39002
accept: */*

Response DefaultHttpResponse(decodeResult: success, version: HTTP/1.1)
HTTP/1.1 200 OK
Content-Length: 14
Content-Type: application/json; charset=utf-8
cache-control: no-cache

17:41:56.712 [AsyncHttpClient-1-5] DEBUG org.asynchttpclient.netty.channel.ChannelManager - Adding key: http://localhost:39002 for channel [id: 0x33715d58, L:/127.0.0.1:51361 - R:localhost/127.0.0.1:39002]
17:41:56.714 [Forwarding findElement on session 24a23a7636bfdd7fa0fe0af709de1100 to remote] DEBUG org.asynchttpclient.netty.request.NettyRequestSender - Using pooled Channel '[id: 0x33715d58, L:/127.0.0.1:51361 - R:localhost/127.0.0.1:39002]' for 'POST' to 'http://localhost:39002/session/24a23a7636bfdd7fa0fe0af709de1100/element'
17:41:56.714 [Forwarding findElement on session 24a23a7636bfdd7fa0fe0af709de1100 to remote] DEBUG org.asynchttpclient.netty.request.NettyRequestSender - Using open Channel [id: 0x33715d58, L:/127.0.0.1:51361 - R:localhost/127.0.0.1:39002] for POST '/session/24a23a7636bfdd7fa0fe0af709de1100/element'
17:41:56.731 [AsyncHttpClient-1-5] DEBUG org.asynchttpclient.netty.handler.HttpHandler - 

Request DefaultHttpRequest(decodeResult: success, version: HTTP/1.1)
POST /session/24a23a7636bfdd7fa0fe0af709de1100/element HTTP/1.1
User-Agent: selenium/4.9.1 (java windows)
Content-Length: 72
Content-Type: application/json; charset=utf-8
host: localhost:39002
accept: */*

Response DefaultHttpResponse(decodeResult: success, version: HTTP/1.1)
HTTP/1.1 200 OK
Content-Length: 95
Content-Type: application/json; charset=utf-8
cache-control: no-cache

17:41:56.732 [AsyncHttpClient-1-5] DEBUG org.asynchttpclient.netty.channel.ChannelManager - Adding key: http://localhost:39002 for channel [id: 0x33715d58, L:/127.0.0.1:51361 - R:localhost/127.0.0.1:39002]
17:41:56.735 [Forwarding isElementDisplayed on session 24a23a7636bfdd7fa0fe0af709de1100 to remote] DEBUG org.asynchttpclient.netty.request.NettyRequestSender - Using pooled Channel '[id: 0x33715d58, L:/127.0.0.1:51361 - R:localhost/127.0.0.1:39002]' for 'POST' to 'http://localhost:39002/session/24a23a7636bfdd7fa0fe0af709de1100/execute/sync'
17:41:56.735 [Forwarding isElementDisplayed on session 24a23a7636bfdd7fa0fe0af709de1100 to remote] DEBUG org.asynchttpclient.netty.request.NettyRequestSender - Using open Channel [id: 0x33715d58, L:/127.0.0.1:51361 - R:localhost/127.0.0.1:39002] for POST '/session/24a23a7636bfdd7fa0fe0af709de1100/execute/sync'
17:41:56.755 [AsyncHttpClient-1-5] DEBUG org.asynchttpclient.netty.handler.HttpHandler - 

Request DefaultHttpRequest(decodeResult: success, version: HTTP/1.1)
POST /session/24a23a7636bfdd7fa0fe0af709de1100/execute/sync HTTP/1.1
User-Agent: selenium/4.9.1 (java windows)
Content-Length: 48814
Content-Type: application/json; charset=utf-8
host: localhost:39002
accept: */*

Response DefaultHttpResponse(decodeResult: success, version: HTTP/1.1)
HTTP/1.1 200 OK
Content-Length: 14
Content-Type: application/json; charset=utf-8
cache-control: no-cache

17:41:56.755 [AsyncHttpClient-1-5] DEBUG org.asynchttpclient.netty.channel.ChannelManager - Adding key: http://localhost:39002 for channel [id: 0x33715d58, L:/127.0.0.1:51361 - R:localhost/127.0.0.1:39002]
17:41:56.756 [Forwarding isElementEnabled on session 24a23a7636bfdd7fa0fe0af709de1100 to remote] DEBUG org.asynchttpclient.netty.request.NettyRequestSender - Using pooled Channel '[id: 0x33715d58, L:/127.0.0.1:51361 - R:localhost/127.0.0.1:39002]' for 'GET' to 'http://localhost:39002/session/24a23a7636bfdd7fa0fe0af709de1100/element/C95D1CDF5DABCA451E83FECAEE251D86_element_19/enabled'
17:41:56.756 [Forwarding isElementEnabled on session 24a23a7636bfdd7fa0fe0af709de1100 to remote] DEBUG org.asynchttpclient.netty.request.NettyRequestSender - Using open Channel [id: 0x33715d58, L:/127.0.0.1:51361 - R:localhost/127.0.0.1:39002] for GET '/session/24a23a7636bfdd7fa0fe0af709de1100/element/C95D1CDF5DABCA451E83FECAEE251D86_element_19/enabled'
17:41:56.767 [AsyncHttpClient-1-5] DEBUG org.asynchttpclient.netty.handler.HttpHandler - 

Request DefaultFullHttpRequest(decodeResult: success, version: HTTP/1.1, content: EmptyByteBufBE)
GET /session/24a23a7636bfdd7fa0fe0af709de1100/element/C95D1CDF5DABCA451E83FECAEE251D86_element_19/enabled HTTP/1.1
User-Agent: selenium/4.9.1 (java windows)
Cache-Control: no-cache
Content-Type: application/json; charset=utf-8
host: localhost:39002
accept: */*

Response DefaultHttpResponse(decodeResult: success, version: HTTP/1.1)
HTTP/1.1 200 OK
Content-Length: 14
Content-Type: application/json; charset=utf-8
cache-control: no-cache

17:41:56.767 [AsyncHttpClient-1-5] DEBUG org.asynchttpclient.netty.channel.ChannelManager - Adding key: http://localhost:39002 for channel [id: 0x33715d58, L:/127.0.0.1:51361 - R:localhost/127.0.0.1:39002]
17:41:56.769 [Forwarding clickElement on session 24a23a7636bfdd7fa0fe0af709de1100 to remote] DEBUG org.asynchttpclient.netty.request.NettyRequestSender - Using pooled Channel '[id: 0x33715d58, L:/127.0.0.1:51361 - R:localhost/127.0.0.1:39002]' for 'POST' to 'http://localhost:39002/session/24a23a7636bfdd7fa0fe0af709de1100/element/C95D1CDF5DABCA451E83FECAEE251D86_element_19/click'
17:41:56.769 [Forwarding clickElement on session 24a23a7636bfdd7fa0fe0af709de1100 to remote] DEBUG org.asynchttpclient.netty.request.NettyRequestSender - Using open Channel [id: 0x33715d58, L:/127.0.0.1:51361 - R:localhost/127.0.0.1:39002] for POST '/session/24a23a7636bfdd7fa0fe0af709de1100/element/C95D1CDF5DABCA451E83FECAEE251D86_element_19/click'
17:41:56.915 [AsyncHttpClient-1-5] DEBUG org.asynchttpclient.netty.handler.HttpHandler - 

Request DefaultHttpRequest(decodeResult: success, version: HTTP/1.1)
POST /session/24a23a7636bfdd7fa0fe0af709de1100/element/C95D1CDF5DABCA451E83FECAEE251D86_element_19/click HTTP/1.1
User-Agent: selenium/4.9.1 (java windows)
Content-Length: 57
Content-Type: application/json; charset=utf-8
host: localhost:39002
accept: */*

Response DefaultHttpResponse(decodeResult: success, version: HTTP/1.1)
HTTP/1.1 200 OK
Content-Length: 14
Content-Type: application/json; charset=utf-8
cache-control: no-cache

17:41:56.915 [AsyncHttpClient-1-5] DEBUG org.asynchttpclient.netty.channel.ChannelManager - Adding key: http://localhost:39002 for channel [id: 0x33715d58, L:/127.0.0.1:51361 - R:localhost/127.0.0.1:39002]
17:41:56.917 [Forwarding findElement on session 24a23a7636bfdd7fa0fe0af709de1100 to remote] DEBUG org.asynchttpclient.netty.request.NettyRequestSender - Using pooled Channel '[id: 0x33715d58, L:/127.0.0.1:51361 - R:localhost/127.0.0.1:39002]' for 'POST' to 'http://localhost:39002/session/24a23a7636bfdd7fa0fe0af709de1100/element'
17:41:56.917 [Forwarding findElement on session 24a23a7636bfdd7fa0fe0af709de1100 to remote] DEBUG org.asynchttpclient.netty.request.NettyRequestSender - Using open Channel [id: 0x33715d58, L:/127.0.0.1:51361 - R:localhost/127.0.0.1:39002] for POST '/session/24a23a7636bfdd7fa0fe0af709de1100/element'
17:41:56.934 [AsyncHttpClient-1-5] DEBUG org.asynchttpclient.netty.handler.HttpHandler - 

Request DefaultHttpRequest(decodeResult: success, version: HTTP/1.1)
POST /session/24a23a7636bfdd7fa0fe0af709de1100/element HTTP/1.1
User-Agent: selenium/4.9.1 (java windows)
Content-Length: 80
Content-Type: application/json; charset=utf-8
host: localhost:39002
accept: */*

Response DefaultHttpResponse(decodeResult: success, version: HTTP/1.1)
HTTP/1.1 200 OK
Content-Length: 95
Content-Type: application/json; charset=utf-8
cache-control: no-cache

17:41:56.935 [AsyncHttpClient-1-5] DEBUG org.asynchttpclient.netty.channel.ChannelManager - Adding key: http://localhost:39002 for channel [id: 0x33715d58, L:/127.0.0.1:51361 - R:localhost/127.0.0.1:39002]
17:41:56.939 [Forwarding isElementDisplayed on session 24a23a7636bfdd7fa0fe0af709de1100 to remote] DEBUG org.asynchttpclient.netty.request.NettyRequestSender - Using pooled Channel '[id: 0x33715d58, L:/127.0.0.1:51361 - R:localhost/127.0.0.1:39002]' for 'POST' to 'http://localhost:39002/session/24a23a7636bfdd7fa0fe0af709de1100/execute/sync'
17:41:56.939 [Forwarding isElementDisplayed on session 24a23a7636bfdd7fa0fe0af709de1100 to remote] DEBUG org.asynchttpclient.netty.request.NettyRequestSender - Using open Channel [id: 0x33715d58, L:/127.0.0.1:51361 - R:localhost/127.0.0.1:39002] for POST '/session/24a23a7636bfdd7fa0fe0af709de1100/execute/sync'
17:41:56.953 [AsyncHttpClient-1-5] DEBUG org.asynchttpclient.netty.handler.HttpHandler - 

Request DefaultHttpRequest(decodeResult: success, version: HTTP/1.1)
POST /session/24a23a7636bfdd7fa0fe0af709de1100/execute/sync HTTP/1.1
User-Agent: selenium/4.9.1 (java windows)
Content-Length: 48814
Content-Type: application/json; charset=utf-8
host: localhost:39002
accept: */*

Response DefaultHttpResponse(decodeResult: success, version: HTTP/1.1)
HTTP/1.1 200 OK
Content-Length: 14
Content-Type: application/json; charset=utf-8
cache-control: no-cache

17:41:56.953 [AsyncHttpClient-1-5] DEBUG org.asynchttpclient.netty.channel.ChannelManager - Adding key: http://localhost:39002 for channel [id: 0x33715d58, L:/127.0.0.1:51361 - R:localhost/127.0.0.1:39002]
17:41:56.954 [Forwarding isElementEnabled on session 24a23a7636bfdd7fa0fe0af709de1100 to remote] DEBUG org.asynchttpclient.netty.request.NettyRequestSender - Using pooled Channel '[id: 0x33715d58, L:/127.0.0.1:51361 - R:localhost/127.0.0.1:39002]' for 'GET' to 'http://localhost:39002/session/24a23a7636bfdd7fa0fe0af709de1100/element/3F2D5591CA6794B2D2CBAB704504D0D3_element_20/enabled'
17:41:56.955 [Forwarding isElementEnabled on session 24a23a7636bfdd7fa0fe0af709de1100 to remote] DEBUG org.asynchttpclient.netty.request.NettyRequestSender - Using open Channel [id: 0x33715d58, L:/127.0.0.1:51361 - R:localhost/127.0.0.1:39002] for GET '/session/24a23a7636bfdd7fa0fe0af709de1100/element/3F2D5591CA6794B2D2CBAB704504D0D3_element_20/enabled'
17:41:56.968 [AsyncHttpClient-1-5] DEBUG org.asynchttpclient.netty.handler.HttpHandler - 

Request DefaultFullHttpRequest(decodeResult: success, version: HTTP/1.1, content: EmptyByteBufBE)
GET /session/24a23a7636bfdd7fa0fe0af709de1100/element/3F2D5591CA6794B2D2CBAB704504D0D3_element_20/enabled HTTP/1.1
User-Agent: selenium/4.9.1 (java windows)
Cache-Control: no-cache
Content-Type: application/json; charset=utf-8
host: localhost:39002
accept: */*

Response DefaultHttpResponse(decodeResult: success, version: HTTP/1.1)
HTTP/1.1 200 OK
Content-Length: 14
Content-Type: application/json; charset=utf-8
cache-control: no-cache

17:41:56.968 [AsyncHttpClient-1-5] DEBUG org.asynchttpclient.netty.channel.ChannelManager - Adding key: http://localhost:39002 for channel [id: 0x33715d58, L:/127.0.0.1:51361 - R:localhost/127.0.0.1:39002]
17:41:56.970 [Forwarding clickElement on session 24a23a7636bfdd7fa0fe0af709de1100 to remote] DEBUG org.asynchttpclient.netty.request.NettyRequestSender - Using pooled Channel '[id: 0x33715d58, L:/127.0.0.1:51361 - R:localhost/127.0.0.1:39002]' for 'POST' to 'http://localhost:39002/session/24a23a7636bfdd7fa0fe0af709de1100/element/3F2D5591CA6794B2D2CBAB704504D0D3_element_20/click'
17:41:56.970 [Forwarding clickElement on session 24a23a7636bfdd7fa0fe0af709de1100 to remote] DEBUG org.asynchttpclient.netty.request.NettyRequestSender - Using open Channel [id: 0x33715d58, L:/127.0.0.1:51361 - R:localhost/127.0.0.1:39002] for POST '/session/24a23a7636bfdd7fa0fe0af709de1100/element/3F2D5591CA6794B2D2CBAB704504D0D3_element_20/click'
17:41:57.021 [AsyncHttpClient-1-5] DEBUG org.asynchttpclient.netty.handler.HttpHandler - 

Request DefaultHttpRequest(decodeResult: success, version: HTTP/1.1)
POST /session/24a23a7636bfdd7fa0fe0af709de1100/element/3F2D5591CA6794B2D2CBAB704504D0D3_element_20/click HTTP/1.1
User-Agent: selenium/4.9.1 (java windows)
Content-Length: 57
Content-Type: application/json; charset=utf-8
host: localhost:39002
accept: */*

Response DefaultHttpResponse(decodeResult: success, version: HTTP/1.1)
HTTP/1.1 200 OK
Content-Length: 14
Content-Type: application/json; charset=utf-8
cache-control: no-cache

17:41:57.021 [AsyncHttpClient-1-5] DEBUG org.asynchttpclient.netty.channel.ChannelManager - Adding key: http://localhost:39002 for channel [id: 0x33715d58, L:/127.0.0.1:51361 - R:localhost/127.0.0.1:39002]
17:41:57.023 [Forwarding findElement on session 24a23a7636bfdd7fa0fe0af709de1100 to remote] DEBUG org.asynchttpclient.netty.request.NettyRequestSender - Using pooled Channel '[id: 0x33715d58, L:/127.0.0.1:51361 - R:localhost/127.0.0.1:39002]' for 'POST' to 'http://localhost:39002/session/24a23a7636bfdd7fa0fe0af709de1100/element'
17:41:57.023 [Forwarding findElement on session 24a23a7636bfdd7fa0fe0af709de1100 to remote] DEBUG org.asynchttpclient.netty.request.NettyRequestSender - Using open Channel [id: 0x33715d58, L:/127.0.0.1:51361 - R:localhost/127.0.0.1:39002] for POST '/session/24a23a7636bfdd7fa0fe0af709de1100/element'
17:41:57.044 [AsyncHttpClient-1-5] DEBUG org.asynchttpclient.netty.handler.HttpHandler - 

Request DefaultHttpRequest(decodeResult: success, version: HTTP/1.1)
POST /session/24a23a7636bfdd7fa0fe0af709de1100/element HTTP/1.1
User-Agent: selenium/4.9.1 (java windows)
Content-Length: 69
Content-Type: application/json; charset=utf-8
host: localhost:39002
accept: */*

Response DefaultHttpResponse(decodeResult: success, version: HTTP/1.1)
HTTP/1.1 404 Not Found
Content-Length: 970
Content-Type: application/json; charset=utf-8
cache-control: no-cache

17:41:57.044 [AsyncHttpClient-1-5] DEBUG org.asynchttpclient.netty.channel.ChannelManager - Adding key: http://localhost:39002 for channel [id: 0x33715d58, L:/127.0.0.1:51361 - R:localhost/127.0.0.1:39002]
17:41:57.257 [Forwarding findElement on session 24a23a7636bfdd7fa0fe0af709de1100 to remote] DEBUG org.asynchttpclient.netty.request.NettyRequestSender - Using pooled Channel '[id: 0x33715d58, L:/127.0.0.1:51361 - R:localhost/127.0.0.1:39002]' for 'POST' to 'http://localhost:39002/session/24a23a7636bfdd7fa0fe0af709de1100/element'
17:41:57.257 [Forwarding findElement on session 24a23a7636bfdd7fa0fe0af709de1100 to remote] DEBUG org.asynchttpclient.netty.request.NettyRequestSender - Using open Channel [id: 0x33715d58, L:/127.0.0.1:51361 - R:localhost/127.0.0.1:39002] for POST '/session/24a23a7636bfdd7fa0fe0af709de1100/element'
17:41:57.270 [AsyncHttpClient-1-5] DEBUG org.asynchttpclient.netty.handler.HttpHandler - 

Request DefaultHttpRequest(decodeResult: success, version: HTTP/1.1)
POST /session/24a23a7636bfdd7fa0fe0af709de1100/element HTTP/1.1
User-Agent: selenium/4.9.1 (java windows)
Content-Length: 69
Content-Type: application/json; charset=utf-8
host: localhost:39002
accept: */*

Response DefaultHttpResponse(decodeResult: success, version: HTTP/1.1)
HTTP/1.1 200 OK
Content-Length: 95
Content-Type: application/json; charset=utf-8
cache-control: no-cache

17:41:57.270 [AsyncHttpClient-1-5] DEBUG org.asynchttpclient.netty.channel.ChannelManager - Adding key: http://localhost:39002 for channel [id: 0x33715d58, L:/127.0.0.1:51361 - R:localhost/127.0.0.1:39002]
17:41:57.272 [Forwarding sendKeysToElement on session 24a23a7636bfdd7fa0fe0af709de1100 to remote] DEBUG org.asynchttpclient.netty.request.NettyRequestSender - Using pooled Channel '[id: 0x33715d58, L:/127.0.0.1:51361 - R:localhost/127.0.0.1:39002]' for 'POST' to 'http://localhost:39002/session/24a23a7636bfdd7fa0fe0af709de1100/element/3F2D5591CA6794B2D2CBAB704504D0D3_element_22/value'
17:41:57.272 [Forwarding sendKeysToElement on session 24a23a7636bfdd7fa0fe0af709de1100 to remote] DEBUG org.asynchttpclient.netty.request.NettyRequestSender - Using open Channel [id: 0x33715d58, L:/127.0.0.1:51361 - R:localhost/127.0.0.1:39002] for POST '/session/24a23a7636bfdd7fa0fe0af709de1100/element/3F2D5591CA6794B2D2CBAB704504D0D3_element_22/value'
17:41:57.313 [AsyncHttpClient-1-5] DEBUG org.asynchttpclient.netty.handler.HttpHandler - 

Request DefaultHttpRequest(decodeResult: success, version: HTTP/1.1)
POST /session/24a23a7636bfdd7fa0fe0af709de1100/element/3F2D5591CA6794B2D2CBAB704504D0D3_element_22/value HTTP/1.1
User-Agent: selenium/4.9.1 (java windows)
Content-Length: 168
Content-Type: application/json; charset=utf-8
host: localhost:39002
accept: */*

Response DefaultHttpResponse(decodeResult: success, version: HTTP/1.1)
HTTP/1.1 200 OK
Content-Length: 14
Content-Type: application/json; charset=utf-8
cache-control: no-cache

17:41:57.313 [AsyncHttpClient-1-5] DEBUG org.asynchttpclient.netty.channel.ChannelManager - Adding key: http://localhost:39002 for channel [id: 0x33715d58, L:/127.0.0.1:51361 - R:localhost/127.0.0.1:39002]
17:41:57.315 [Forwarding findElement on session 24a23a7636bfdd7fa0fe0af709de1100 to remote] DEBUG org.asynchttpclient.netty.request.NettyRequestSender - Using pooled Channel '[id: 0x33715d58, L:/127.0.0.1:51361 - R:localhost/127.0.0.1:39002]' for 'POST' to 'http://localhost:39002/session/24a23a7636bfdd7fa0fe0af709de1100/element'
17:41:57.315 [Forwarding findElement on session 24a23a7636bfdd7fa0fe0af709de1100 to remote] DEBUG org.asynchttpclient.netty.request.NettyRequestSender - Using open Channel [id: 0x33715d58, L:/127.0.0.1:51361 - R:localhost/127.0.0.1:39002] for POST '/session/24a23a7636bfdd7fa0fe0af709de1100/element'
17:41:57.328 [AsyncHttpClient-1-5] DEBUG org.asynchttpclient.netty.handler.HttpHandler - 

Request DefaultHttpRequest(decodeResult: success, version: HTTP/1.1)
POST /session/24a23a7636bfdd7fa0fe0af709de1100/element HTTP/1.1
User-Agent: selenium/4.9.1 (java windows)
Content-Length: 78
Content-Type: application/json; charset=utf-8
host: localhost:39002
accept: */*

Response DefaultHttpResponse(decodeResult: success, version: HTTP/1.1)
HTTP/1.1 200 OK
Content-Length: 95
Content-Type: application/json; charset=utf-8
cache-control: no-cache

17:41:57.328 [AsyncHttpClient-1-5] DEBUG org.asynchttpclient.netty.channel.ChannelManager - Adding key: http://localhost:39002 for channel [id: 0x33715d58, L:/127.0.0.1:51361 - R:localhost/127.0.0.1:39002]
17:41:57.331 [Forwarding sendKeysToElement on session 24a23a7636bfdd7fa0fe0af709de1100 to remote] DEBUG org.asynchttpclient.netty.request.NettyRequestSender - Using pooled Channel '[id: 0x33715d58, L:/127.0.0.1:51361 - R:localhost/127.0.0.1:39002]' for 'POST' to 'http://localhost:39002/session/24a23a7636bfdd7fa0fe0af709de1100/element/3F2D5591CA6794B2D2CBAB704504D0D3_element_23/value'
17:41:57.331 [Forwarding sendKeysToElement on session 24a23a7636bfdd7fa0fe0af709de1100 to remote] DEBUG org.asynchttpclient.netty.request.NettyRequestSender - Using open Channel [id: 0x33715d58, L:/127.0.0.1:51361 - R:localhost/127.0.0.1:39002] for POST '/session/24a23a7636bfdd7fa0fe0af709de1100/element/3F2D5591CA6794B2D2CBAB704504D0D3_element_23/value'
17:41:57.406 [AsyncHttpClient-1-5] DEBUG org.asynchttpclient.netty.handler.HttpHandler - 

Request DefaultHttpRequest(decodeResult: success, version: HTTP/1.1)
POST /session/24a23a7636bfdd7fa0fe0af709de1100/element/3F2D5591CA6794B2D2CBAB704504D0D3_element_23/value HTTP/1.1
User-Agent: selenium/4.9.1 (java windows)
Content-Length: 238
Content-Type: application/json; charset=utf-8
host: localhost:39002
accept: */*

Response DefaultHttpResponse(decodeResult: success, version: HTTP/1.1)
HTTP/1.1 200 OK
Content-Length: 14
Content-Type: application/json; charset=utf-8
cache-control: no-cache

17:41:57.406 [AsyncHttpClient-1-5] DEBUG org.asynchttpclient.netty.channel.ChannelManager - Adding key: http://localhost:39002 for channel [id: 0x33715d58, L:/127.0.0.1:51361 - R:localhost/127.0.0.1:39002]
17:41:57.408 [Forwarding findElement on session 24a23a7636bfdd7fa0fe0af709de1100 to remote] DEBUG org.asynchttpclient.netty.request.NettyRequestSender - Using pooled Channel '[id: 0x33715d58, L:/127.0.0.1:51361 - R:localhost/127.0.0.1:39002]' for 'POST' to 'http://localhost:39002/session/24a23a7636bfdd7fa0fe0af709de1100/element'
17:41:57.408 [Forwarding findElement on session 24a23a7636bfdd7fa0fe0af709de1100 to remote] DEBUG org.asynchttpclient.netty.request.NettyRequestSender - Using open Channel [id: 0x33715d58, L:/127.0.0.1:51361 - R:localhost/127.0.0.1:39002] for POST '/session/24a23a7636bfdd7fa0fe0af709de1100/element'
17:41:57.422 [AsyncHttpClient-1-5] DEBUG org.asynchttpclient.netty.handler.HttpHandler - 

Request DefaultHttpRequest(decodeResult: success, version: HTTP/1.1)
POST /session/24a23a7636bfdd7fa0fe0af709de1100/element HTTP/1.1
User-Agent: selenium/4.9.1 (java windows)
Content-Length: 70
Content-Type: application/json; charset=utf-8
host: localhost:39002
accept: */*

Response DefaultHttpResponse(decodeResult: success, version: HTTP/1.1)
HTTP/1.1 200 OK
Content-Length: 95
Content-Type: application/json; charset=utf-8
cache-control: no-cache

17:41:57.422 [AsyncHttpClient-1-5] DEBUG org.asynchttpclient.netty.channel.ChannelManager - Adding key: http://localhost:39002 for channel [id: 0x33715d58, L:/127.0.0.1:51361 - R:localhost/127.0.0.1:39002]
17:41:57.425 [Forwarding isElementDisplayed on session 24a23a7636bfdd7fa0fe0af709de1100 to remote] DEBUG org.asynchttpclient.netty.request.NettyRequestSender - Using pooled Channel '[id: 0x33715d58, L:/127.0.0.1:51361 - R:localhost/127.0.0.1:39002]' for 'POST' to 'http://localhost:39002/session/24a23a7636bfdd7fa0fe0af709de1100/execute/sync'
17:41:57.425 [Forwarding isElementDisplayed on session 24a23a7636bfdd7fa0fe0af709de1100 to remote] DEBUG org.asynchttpclient.netty.request.NettyRequestSender - Using open Channel [id: 0x33715d58, L:/127.0.0.1:51361 - R:localhost/127.0.0.1:39002] for POST '/session/24a23a7636bfdd7fa0fe0af709de1100/execute/sync'
17:41:57.437 [AsyncHttpClient-1-5] DEBUG org.asynchttpclient.netty.handler.HttpHandler - 

Request DefaultHttpRequest(decodeResult: success, version: HTTP/1.1)
POST /session/24a23a7636bfdd7fa0fe0af709de1100/execute/sync HTTP/1.1
User-Agent: selenium/4.9.1 (java windows)
Content-Length: 48814
Content-Type: application/json; charset=utf-8
host: localhost:39002
accept: */*

Response DefaultHttpResponse(decodeResult: success, version: HTTP/1.1)
HTTP/1.1 200 OK
Content-Length: 14
Content-Type: application/json; charset=utf-8
cache-control: no-cache

17:41:57.437 [AsyncHttpClient-1-5] DEBUG org.asynchttpclient.netty.channel.ChannelManager - Adding key: http://localhost:39002 for channel [id: 0x33715d58, L:/127.0.0.1:51361 - R:localhost/127.0.0.1:39002]
17:41:57.438 [Forwarding isElementEnabled on session 24a23a7636bfdd7fa0fe0af709de1100 to remote] DEBUG org.asynchttpclient.netty.request.NettyRequestSender - Using pooled Channel '[id: 0x33715d58, L:/127.0.0.1:51361 - R:localhost/127.0.0.1:39002]' for 'GET' to 'http://localhost:39002/session/24a23a7636bfdd7fa0fe0af709de1100/element/3F2D5591CA6794B2D2CBAB704504D0D3_element_24/enabled'
17:41:57.438 [Forwarding isElementEnabled on session 24a23a7636bfdd7fa0fe0af709de1100 to remote] DEBUG org.asynchttpclient.netty.request.NettyRequestSender - Using open Channel [id: 0x33715d58, L:/127.0.0.1:51361 - R:localhost/127.0.0.1:39002] for GET '/session/24a23a7636bfdd7fa0fe0af709de1100/element/3F2D5591CA6794B2D2CBAB704504D0D3_element_24/enabled'
17:41:57.447 [AsyncHttpClient-1-5] DEBUG org.asynchttpclient.netty.handler.HttpHandler - 

Request DefaultFullHttpRequest(decodeResult: success, version: HTTP/1.1, content: EmptyByteBufBE)
GET /session/24a23a7636bfdd7fa0fe0af709de1100/element/3F2D5591CA6794B2D2CBAB704504D0D3_element_24/enabled HTTP/1.1
User-Agent: selenium/4.9.1 (java windows)
Cache-Control: no-cache
Content-Type: application/json; charset=utf-8
host: localhost:39002
accept: */*

Response DefaultHttpResponse(decodeResult: success, version: HTTP/1.1)
HTTP/1.1 200 OK
Content-Length: 14
Content-Type: application/json; charset=utf-8
cache-control: no-cache

17:41:57.447 [AsyncHttpClient-1-5] DEBUG org.asynchttpclient.netty.channel.ChannelManager - Adding key: http://localhost:39002 for channel [id: 0x33715d58, L:/127.0.0.1:51361 - R:localhost/127.0.0.1:39002]
17:41:57.448 [Forwarding clickElement on session 24a23a7636bfdd7fa0fe0af709de1100 to remote] DEBUG org.asynchttpclient.netty.request.NettyRequestSender - Using pooled Channel '[id: 0x33715d58, L:/127.0.0.1:51361 - R:localhost/127.0.0.1:39002]' for 'POST' to 'http://localhost:39002/session/24a23a7636bfdd7fa0fe0af709de1100/element/3F2D5591CA6794B2D2CBAB704504D0D3_element_24/click'
17:41:57.448 [Forwarding clickElement on session 24a23a7636bfdd7fa0fe0af709de1100 to remote] DEBUG org.asynchttpclient.netty.request.NettyRequestSender - Using open Channel [id: 0x33715d58, L:/127.0.0.1:51361 - R:localhost/127.0.0.1:39002] for POST '/session/24a23a7636bfdd7fa0fe0af709de1100/element/3F2D5591CA6794B2D2CBAB704504D0D3_element_24/click'
17:41:57.490 [AsyncHttpClient-1-5] DEBUG org.asynchttpclient.netty.handler.HttpHandler - 

Request DefaultHttpRequest(decodeResult: success, version: HTTP/1.1)
POST /session/24a23a7636bfdd7fa0fe0af709de1100/element/3F2D5591CA6794B2D2CBAB704504D0D3_element_24/click HTTP/1.1
User-Agent: selenium/4.9.1 (java windows)
Content-Length: 57
Content-Type: application/json; charset=utf-8
host: localhost:39002
accept: */*

Response DefaultHttpResponse(decodeResult: success, version: HTTP/1.1)
HTTP/1.1 200 OK
Content-Length: 14
Content-Type: application/json; charset=utf-8
cache-control: no-cache

17:41:57.490 [AsyncHttpClient-1-5] DEBUG org.asynchttpclient.netty.channel.ChannelManager - Adding key: http://localhost:39002 for channel [id: 0x33715d58, L:/127.0.0.1:51361 - R:localhost/127.0.0.1:39002]
17:41:57.491 [Forwarding findElement on session 24a23a7636bfdd7fa0fe0af709de1100 to remote] DEBUG org.asynchttpclient.netty.request.NettyRequestSender - Using pooled Channel '[id: 0x33715d58, L:/127.0.0.1:51361 - R:localhost/127.0.0.1:39002]' for 'POST' to 'http://localhost:39002/session/24a23a7636bfdd7fa0fe0af709de1100/element'
17:41:57.491 [Forwarding findElement on session 24a23a7636bfdd7fa0fe0af709de1100 to remote] DEBUG org.asynchttpclient.netty.request.NettyRequestSender - Using open Channel [id: 0x33715d58, L:/127.0.0.1:51361 - R:localhost/127.0.0.1:39002] for POST '/session/24a23a7636bfdd7fa0fe0af709de1100/element'
17:41:57.510 [AsyncHttpClient-1-5] DEBUG org.asynchttpclient.netty.handler.HttpHandler - 

Request DefaultHttpRequest(decodeResult: success, version: HTTP/1.1)
POST /session/24a23a7636bfdd7fa0fe0af709de1100/element HTTP/1.1
User-Agent: selenium/4.9.1 (java windows)
Content-Length: 69
Content-Type: application/json; charset=utf-8
host: localhost:39002
accept: */*

Response DefaultHttpResponse(decodeResult: success, version: HTTP/1.1)
HTTP/1.1 404 Not Found
Content-Length: 970
Content-Type: application/json; charset=utf-8
cache-control: no-cache

17:41:57.511 [AsyncHttpClient-1-5] DEBUG org.asynchttpclient.netty.channel.ChannelManager - Adding key: http://localhost:39002 for channel [id: 0x33715d58, L:/127.0.0.1:51361 - R:localhost/127.0.0.1:39002]
17:41:57.618 [AsyncHttpClient-1-1] DEBUG org.asynchttpclient.netty.channel.DefaultChannelPool - Entry count for : http://localhost:39002 : 1
17:41:57.618 [AsyncHttpClient-1-1] DEBUG org.asynchttpclient.netty.channel.DefaultChannelPool - Entry count for : http://localhost:51363 : 1
17:41:57.723 [Forwarding findElement on session 24a23a7636bfdd7fa0fe0af709de1100 to remote] DEBUG org.asynchttpclient.netty.request.NettyRequestSender - Using pooled Channel '[id: 0x33715d58, L:/127.0.0.1:51361 - R:localhost/127.0.0.1:39002]' for 'POST' to 'http://localhost:39002/session/24a23a7636bfdd7fa0fe0af709de1100/element'
17:41:57.723 [Forwarding findElement on session 24a23a7636bfdd7fa0fe0af709de1100 to remote] DEBUG org.asynchttpclient.netty.request.NettyRequestSender - Using open Channel [id: 0x33715d58, L:/127.0.0.1:51361 - R:localhost/127.0.0.1:39002] for POST '/session/24a23a7636bfdd7fa0fe0af709de1100/element'
17:41:57.734 [AsyncHttpClient-1-5] DEBUG org.asynchttpclient.netty.handler.HttpHandler - 

Request DefaultHttpRequest(decodeResult: success, version: HTTP/1.1)
POST /session/24a23a7636bfdd7fa0fe0af709de1100/element HTTP/1.1
User-Agent: selenium/4.9.1 (java windows)
Content-Length: 69
Content-Type: application/json; charset=utf-8
host: localhost:39002
accept: */*

Response DefaultHttpResponse(decodeResult: success, version: HTTP/1.1)
HTTP/1.1 200 OK
Content-Length: 95
Content-Type: application/json; charset=utf-8
cache-control: no-cache

17:41:57.735 [AsyncHttpClient-1-5] DEBUG org.asynchttpclient.netty.channel.ChannelManager - Adding key: http://localhost:39002 for channel [id: 0x33715d58, L:/127.0.0.1:51361 - R:localhost/127.0.0.1:39002]
17:41:57.738 [Forwarding isElementDisplayed on session 24a23a7636bfdd7fa0fe0af709de1100 to remote] DEBUG org.asynchttpclient.netty.request.NettyRequestSender - Using pooled Channel '[id: 0x33715d58, L:/127.0.0.1:51361 - R:localhost/127.0.0.1:39002]' for 'POST' to 'http://localhost:39002/session/24a23a7636bfdd7fa0fe0af709de1100/execute/sync'
17:41:57.738 [Forwarding isElementDisplayed on session 24a23a7636bfdd7fa0fe0af709de1100 to remote] DEBUG org.asynchttpclient.netty.request.NettyRequestSender - Using open Channel [id: 0x33715d58, L:/127.0.0.1:51361 - R:localhost/127.0.0.1:39002] for POST '/session/24a23a7636bfdd7fa0fe0af709de1100/execute/sync'
17:41:57.754 [AsyncHttpClient-1-5] DEBUG org.asynchttpclient.netty.handler.HttpHandler - 

Request DefaultHttpRequest(decodeResult: success, version: HTTP/1.1)
POST /session/24a23a7636bfdd7fa0fe0af709de1100/execute/sync HTTP/1.1
User-Agent: selenium/4.9.1 (java windows)
Content-Length: 48814
Content-Type: application/json; charset=utf-8
host: localhost:39002
accept: */*

Response DefaultHttpResponse(decodeResult: success, version: HTTP/1.1)
HTTP/1.1 200 OK
Content-Length: 14
Content-Type: application/json; charset=utf-8
cache-control: no-cache

17:41:57.755 [AsyncHttpClient-1-5] DEBUG org.asynchttpclient.netty.channel.ChannelManager - Adding key: http://localhost:39002 for channel [id: 0x33715d58, L:/127.0.0.1:51361 - R:localhost/127.0.0.1:39002]
17:41:57.756 [Forwarding isElementEnabled on session 24a23a7636bfdd7fa0fe0af709de1100 to remote] DEBUG org.asynchttpclient.netty.request.NettyRequestSender - Using pooled Channel '[id: 0x33715d58, L:/127.0.0.1:51361 - R:localhost/127.0.0.1:39002]' for 'GET' to 'http://localhost:39002/session/24a23a7636bfdd7fa0fe0af709de1100/element/0D6CC69FAC7FDD664E6A695F69E85F61_element_30/enabled'
17:41:57.756 [Forwarding isElementEnabled on session 24a23a7636bfdd7fa0fe0af709de1100 to remote] DEBUG org.asynchttpclient.netty.request.NettyRequestSender - Using open Channel [id: 0x33715d58, L:/127.0.0.1:51361 - R:localhost/127.0.0.1:39002] for GET '/session/24a23a7636bfdd7fa0fe0af709de1100/element/0D6CC69FAC7FDD664E6A695F69E85F61_element_30/enabled'
17:41:57.765 [AsyncHttpClient-1-5] DEBUG org.asynchttpclient.netty.handler.HttpHandler - 

Request DefaultFullHttpRequest(decodeResult: success, version: HTTP/1.1, content: EmptyByteBufBE)
GET /session/24a23a7636bfdd7fa0fe0af709de1100/element/0D6CC69FAC7FDD664E6A695F69E85F61_element_30/enabled HTTP/1.1
User-Agent: selenium/4.9.1 (java windows)
Cache-Control: no-cache
Content-Type: application/json; charset=utf-8
host: localhost:39002
accept: */*

Response DefaultHttpResponse(decodeResult: success, version: HTTP/1.1)
HTTP/1.1 200 OK
Content-Length: 14
Content-Type: application/json; charset=utf-8
cache-control: no-cache

17:41:57.767 [AsyncHttpClient-1-5] DEBUG org.asynchttpclient.netty.channel.ChannelManager - Adding key: http://localhost:39002 for channel [id: 0x33715d58, L:/127.0.0.1:51361 - R:localhost/127.0.0.1:39002]
17:41:57.769 [Forwarding clickElement on session 24a23a7636bfdd7fa0fe0af709de1100 to remote] DEBUG org.asynchttpclient.netty.request.NettyRequestSender - Using pooled Channel '[id: 0x33715d58, L:/127.0.0.1:51361 - R:localhost/127.0.0.1:39002]' for 'POST' to 'http://localhost:39002/session/24a23a7636bfdd7fa0fe0af709de1100/element/0D6CC69FAC7FDD664E6A695F69E85F61_element_30/click'
17:41:57.769 [Forwarding clickElement on session 24a23a7636bfdd7fa0fe0af709de1100 to remote] DEBUG org.asynchttpclient.netty.request.NettyRequestSender - Using open Channel [id: 0x33715d58, L:/127.0.0.1:51361 - R:localhost/127.0.0.1:39002] for POST '/session/24a23a7636bfdd7fa0fe0af709de1100/element/0D6CC69FAC7FDD664E6A695F69E85F61_element_30/click'
17:41:57.889 [AsyncHttpClient-1-5] DEBUG org.asynchttpclient.netty.handler.HttpHandler - 

Request DefaultHttpRequest(decodeResult: success, version: HTTP/1.1)
POST /session/24a23a7636bfdd7fa0fe0af709de1100/element/0D6CC69FAC7FDD664E6A695F69E85F61_element_30/click HTTP/1.1
User-Agent: selenium/4.9.1 (java windows)
Content-Length: 57
Content-Type: application/json; charset=utf-8
host: localhost:39002
accept: */*

Response DefaultHttpResponse(decodeResult: success, version: HTTP/1.1)
HTTP/1.1 200 OK
Content-Length: 14
Content-Type: application/json; charset=utf-8
cache-control: no-cache

17:41:57.889 [AsyncHttpClient-1-5] DEBUG org.asynchttpclient.netty.channel.ChannelManager - Adding key: http://localhost:39002 for channel [id: 0x33715d58, L:/127.0.0.1:51361 - R:localhost/127.0.0.1:39002]
17:41:57.891 [Forwarding findElement on session 24a23a7636bfdd7fa0fe0af709de1100 to remote] DEBUG org.asynchttpclient.netty.request.NettyRequestSender - Using pooled Channel '[id: 0x33715d58, L:/127.0.0.1:51361 - R:localhost/127.0.0.1:39002]' for 'POST' to 'http://localhost:39002/session/24a23a7636bfdd7fa0fe0af709de1100/element'
17:41:57.891 [Forwarding findElement on session 24a23a7636bfdd7fa0fe0af709de1100 to remote] DEBUG org.asynchttpclient.netty.request.NettyRequestSender - Using open Channel [id: 0x33715d58, L:/127.0.0.1:51361 - R:localhost/127.0.0.1:39002] for POST '/session/24a23a7636bfdd7fa0fe0af709de1100/element'
17:41:57.909 [AsyncHttpClient-1-5] DEBUG org.asynchttpclient.netty.handler.HttpHandler - 

Request DefaultHttpRequest(decodeResult: success, version: HTTP/1.1)
POST /session/24a23a7636bfdd7fa0fe0af709de1100/element HTTP/1.1
User-Agent: selenium/4.9.1 (java windows)
Content-Length: 76
Content-Type: application/json; charset=utf-8
host: localhost:39002
accept: */*

Response DefaultHttpResponse(decodeResult: success, version: HTTP/1.1)
HTTP/1.1 200 OK
Content-Length: 95
Content-Type: application/json; charset=utf-8
cache-control: no-cache

17:41:57.910 [AsyncHttpClient-1-5] DEBUG org.asynchttpclient.netty.channel.ChannelManager - Adding key: http://localhost:39002 for channel [id: 0x33715d58, L:/127.0.0.1:51361 - R:localhost/127.0.0.1:39002]
17:41:57.916 [Forwarding isElementDisplayed on session 24a23a7636bfdd7fa0fe0af709de1100 to remote] DEBUG org.asynchttpclient.netty.request.NettyRequestSender - Using pooled Channel '[id: 0x33715d58, L:/127.0.0.1:51361 - R:localhost/127.0.0.1:39002]' for 'POST' to 'http://localhost:39002/session/24a23a7636bfdd7fa0fe0af709de1100/execute/sync'
17:41:57.916 [Forwarding isElementDisplayed on session 24a23a7636bfdd7fa0fe0af709de1100 to remote] DEBUG org.asynchttpclient.netty.request.NettyRequestSender - Using open Channel [id: 0x33715d58, L:/127.0.0.1:51361 - R:localhost/127.0.0.1:39002] for POST '/session/24a23a7636bfdd7fa0fe0af709de1100/execute/sync'
17:41:57.932 [AsyncHttpClient-1-5] DEBUG org.asynchttpclient.netty.handler.HttpHandler - 

Request DefaultHttpRequest(decodeResult: success, version: HTTP/1.1)
POST /session/24a23a7636bfdd7fa0fe0af709de1100/execute/sync HTTP/1.1
User-Agent: selenium/4.9.1 (java windows)
Content-Length: 48814
Content-Type: application/json; charset=utf-8
host: localhost:39002
accept: */*

Response DefaultHttpResponse(decodeResult: success, version: HTTP/1.1)
HTTP/1.1 200 OK
Content-Length: 14
Content-Type: application/json; charset=utf-8
cache-control: no-cache

17:41:57.932 [AsyncHttpClient-1-5] DEBUG org.asynchttpclient.netty.channel.ChannelManager - Adding key: http://localhost:39002 for channel [id: 0x33715d58, L:/127.0.0.1:51361 - R:localhost/127.0.0.1:39002]
17:41:57.933 [Forwarding isElementEnabled on session 24a23a7636bfdd7fa0fe0af709de1100 to remote] DEBUG org.asynchttpclient.netty.request.NettyRequestSender - Using pooled Channel '[id: 0x33715d58, L:/127.0.0.1:51361 - R:localhost/127.0.0.1:39002]' for 'GET' to 'http://localhost:39002/session/24a23a7636bfdd7fa0fe0af709de1100/element/E8AE808709FA97C199CAD3FD86517E48_element_33/enabled'
17:41:57.933 [Forwarding isElementEnabled on session 24a23a7636bfdd7fa0fe0af709de1100 to remote] DEBUG org.asynchttpclient.netty.request.NettyRequestSender - Using open Channel [id: 0x33715d58, L:/127.0.0.1:51361 - R:localhost/127.0.0.1:39002] for GET '/session/24a23a7636bfdd7fa0fe0af709de1100/element/E8AE808709FA97C199CAD3FD86517E48_element_33/enabled'
17:41:57.944 [AsyncHttpClient-1-5] DEBUG org.asynchttpclient.netty.handler.HttpHandler - 

Request DefaultFullHttpRequest(decodeResult: success, version: HTTP/1.1, content: EmptyByteBufBE)
GET /session/24a23a7636bfdd7fa0fe0af709de1100/element/E8AE808709FA97C199CAD3FD86517E48_element_33/enabled HTTP/1.1
User-Agent: selenium/4.9.1 (java windows)
Cache-Control: no-cache
Content-Type: application/json; charset=utf-8
host: localhost:39002
accept: */*

Response DefaultHttpResponse(decodeResult: success, version: HTTP/1.1)
HTTP/1.1 200 OK
Content-Length: 14
Content-Type: application/json; charset=utf-8
cache-control: no-cache

17:41:57.944 [AsyncHttpClient-1-5] DEBUG org.asynchttpclient.netty.channel.ChannelManager - Adding key: http://localhost:39002 for channel [id: 0x33715d58, L:/127.0.0.1:51361 - R:localhost/127.0.0.1:39002]
17:41:57.946 [Forwarding clickElement on session 24a23a7636bfdd7fa0fe0af709de1100 to remote] DEBUG org.asynchttpclient.netty.request.NettyRequestSender - Using pooled Channel '[id: 0x33715d58, L:/127.0.0.1:51361 - R:localhost/127.0.0.1:39002]' for 'POST' to 'http://localhost:39002/session/24a23a7636bfdd7fa0fe0af709de1100/element/E8AE808709FA97C199CAD3FD86517E48_element_33/click'
17:41:57.946 [Forwarding clickElement on session 24a23a7636bfdd7fa0fe0af709de1100 to remote] DEBUG org.asynchttpclient.netty.request.NettyRequestSender - Using open Channel [id: 0x33715d58, L:/127.0.0.1:51361 - R:localhost/127.0.0.1:39002] for POST '/session/24a23a7636bfdd7fa0fe0af709de1100/element/E8AE808709FA97C199CAD3FD86517E48_element_33/click'
17:41:57.994 [AsyncHttpClient-1-5] DEBUG org.asynchttpclient.netty.handler.HttpHandler - 

Request DefaultHttpRequest(decodeResult: success, version: HTTP/1.1)
POST /session/24a23a7636bfdd7fa0fe0af709de1100/element/E8AE808709FA97C199CAD3FD86517E48_element_33/click HTTP/1.1
User-Agent: selenium/4.9.1 (java windows)
Content-Length: 57
Content-Type: application/json; charset=utf-8
host: localhost:39002
accept: */*

Response DefaultHttpResponse(decodeResult: success, version: HTTP/1.1)
HTTP/1.1 200 OK
Content-Length: 14
Content-Type: application/json; charset=utf-8
cache-control: no-cache

17:41:57.994 [AsyncHttpClient-1-5] DEBUG org.asynchttpclient.netty.channel.ChannelManager - Adding key: http://localhost:39002 for channel [id: 0x33715d58, L:/127.0.0.1:51361 - R:localhost/127.0.0.1:39002]
17:41:57.998 [Forwarding findElement on session 24a23a7636bfdd7fa0fe0af709de1100 to remote] DEBUG org.asynchttpclient.netty.request.NettyRequestSender - Using pooled Channel '[id: 0x33715d58, L:/127.0.0.1:51361 - R:localhost/127.0.0.1:39002]' for 'POST' to 'http://localhost:39002/session/24a23a7636bfdd7fa0fe0af709de1100/element'
17:41:57.998 [Forwarding findElement on session 24a23a7636bfdd7fa0fe0af709de1100 to remote] DEBUG org.asynchttpclient.netty.request.NettyRequestSender - Using open Channel [id: 0x33715d58, L:/127.0.0.1:51361 - R:localhost/127.0.0.1:39002] for POST '/session/24a23a7636bfdd7fa0fe0af709de1100/element'
17:41:58.031 [AsyncHttpClient-1-5] DEBUG org.asynchttpclient.netty.handler.HttpHandler - 

Request DefaultHttpRequest(decodeResult: success, version: HTTP/1.1)
POST /session/24a23a7636bfdd7fa0fe0af709de1100/element HTTP/1.1
User-Agent: selenium/4.9.1 (java windows)
Content-Length: 69
Content-Type: application/json; charset=utf-8
host: localhost:39002
accept: */*

Response DefaultHttpResponse(decodeResult: success, version: HTTP/1.1)
HTTP/1.1 404 Not Found
Content-Length: 970
Content-Type: application/json; charset=utf-8
cache-control: no-cache

17:41:58.034 [AsyncHttpClient-1-5] DEBUG org.asynchttpclient.netty.channel.ChannelManager - Adding key: http://localhost:39002 for channel [id: 0x33715d58, L:/127.0.0.1:51361 - R:localhost/127.0.0.1:39002]
17:41:58.240 [Forwarding findElement on session 24a23a7636bfdd7fa0fe0af709de1100 to remote] DEBUG org.asynchttpclient.netty.request.NettyRequestSender - Using pooled Channel '[id: 0x33715d58, L:/127.0.0.1:51361 - R:localhost/127.0.0.1:39002]' for 'POST' to 'http://localhost:39002/session/24a23a7636bfdd7fa0fe0af709de1100/element'
17:41:58.240 [Forwarding findElement on session 24a23a7636bfdd7fa0fe0af709de1100 to remote] DEBUG org.asynchttpclient.netty.request.NettyRequestSender - Using open Channel [id: 0x33715d58, L:/127.0.0.1:51361 - R:localhost/127.0.0.1:39002] for POST '/session/24a23a7636bfdd7fa0fe0af709de1100/element'
17:41:58.261 [AsyncHttpClient-1-5] DEBUG org.asynchttpclient.netty.handler.HttpHandler - 

Request DefaultHttpRequest(decodeResult: success, version: HTTP/1.1)
POST /session/24a23a7636bfdd7fa0fe0af709de1100/element HTTP/1.1
User-Agent: selenium/4.9.1 (java windows)
Content-Length: 69
Content-Type: application/json; charset=utf-8
host: localhost:39002
accept: */*

Response DefaultHttpResponse(decodeResult: success, version: HTTP/1.1)
HTTP/1.1 200 OK
Content-Length: 95
Content-Type: application/json; charset=utf-8
cache-control: no-cache

17:41:58.261 [AsyncHttpClient-1-5] DEBUG org.asynchttpclient.netty.channel.ChannelManager - Adding key: http://localhost:39002 for channel [id: 0x33715d58, L:/127.0.0.1:51361 - R:localhost/127.0.0.1:39002]
17:41:58.267 [Forwarding isElementDisplayed on session 24a23a7636bfdd7fa0fe0af709de1100 to remote] DEBUG org.asynchttpclient.netty.request.NettyRequestSender - Using pooled Channel '[id: 0x33715d58, L:/127.0.0.1:51361 - R:localhost/127.0.0.1:39002]' for 'POST' to 'http://localhost:39002/session/24a23a7636bfdd7fa0fe0af709de1100/execute/sync'
17:41:58.267 [Forwarding isElementDisplayed on session 24a23a7636bfdd7fa0fe0af709de1100 to remote] DEBUG org.asynchttpclient.netty.request.NettyRequestSender - Using open Channel [id: 0x33715d58, L:/127.0.0.1:51361 - R:localhost/127.0.0.1:39002] for POST '/session/24a23a7636bfdd7fa0fe0af709de1100/execute/sync'
17:41:58.283 [AsyncHttpClient-1-5] DEBUG org.asynchttpclient.netty.handler.HttpHandler - 

Request DefaultHttpRequest(decodeResult: success, version: HTTP/1.1)
POST /session/24a23a7636bfdd7fa0fe0af709de1100/execute/sync HTTP/1.1
User-Agent: selenium/4.9.1 (java windows)
Content-Length: 48814
Content-Type: application/json; charset=utf-8
host: localhost:39002
accept: */*

Response DefaultHttpResponse(decodeResult: success, version: HTTP/1.1)
HTTP/1.1 200 OK
Content-Length: 14
Content-Type: application/json; charset=utf-8
cache-control: no-cache

17:41:58.283 [AsyncHttpClient-1-5] DEBUG org.asynchttpclient.netty.channel.ChannelManager - Adding key: http://localhost:39002 for channel [id: 0x33715d58, L:/127.0.0.1:51361 - R:localhost/127.0.0.1:39002]
17:41:58.284 [Forwarding isElementEnabled on session 24a23a7636bfdd7fa0fe0af709de1100 to remote] DEBUG org.asynchttpclient.netty.request.NettyRequestSender - Using pooled Channel '[id: 0x33715d58, L:/127.0.0.1:51361 - R:localhost/127.0.0.1:39002]' for 'GET' to 'http://localhost:39002/session/24a23a7636bfdd7fa0fe0af709de1100/element/E8AE808709FA97C199CAD3FD86517E48_element_36/enabled'
17:41:58.284 [Forwarding isElementEnabled on session 24a23a7636bfdd7fa0fe0af709de1100 to remote] DEBUG org.asynchttpclient.netty.request.NettyRequestSender - Using open Channel [id: 0x33715d58, L:/127.0.0.1:51361 - R:localhost/127.0.0.1:39002] for GET '/session/24a23a7636bfdd7fa0fe0af709de1100/element/E8AE808709FA97C199CAD3FD86517E48_element_36/enabled'
17:41:58.294 [AsyncHttpClient-1-5] DEBUG org.asynchttpclient.netty.handler.HttpHandler - 

Request DefaultFullHttpRequest(decodeResult: success, version: HTTP/1.1, content: EmptyByteBufBE)
GET /session/24a23a7636bfdd7fa0fe0af709de1100/element/E8AE808709FA97C199CAD3FD86517E48_element_36/enabled HTTP/1.1
User-Agent: selenium/4.9.1 (java windows)
Cache-Control: no-cache
Content-Type: application/json; charset=utf-8
host: localhost:39002
accept: */*

Response DefaultHttpResponse(decodeResult: success, version: HTTP/1.1)
HTTP/1.1 200 OK
Content-Length: 14
Content-Type: application/json; charset=utf-8
cache-control: no-cache

17:41:58.294 [AsyncHttpClient-1-5] DEBUG org.asynchttpclient.netty.channel.ChannelManager - Adding key: http://localhost:39002 for channel [id: 0x33715d58, L:/127.0.0.1:51361 - R:localhost/127.0.0.1:39002]
17:41:58.294 [Forwarding clickElement on session 24a23a7636bfdd7fa0fe0af709de1100 to remote] DEBUG org.asynchttpclient.netty.request.NettyRequestSender - Using pooled Channel '[id: 0x33715d58, L:/127.0.0.1:51361 - R:localhost/127.0.0.1:39002]' for 'POST' to 'http://localhost:39002/session/24a23a7636bfdd7fa0fe0af709de1100/element/E8AE808709FA97C199CAD3FD86517E48_element_36/click'
17:41:58.295 [Forwarding clickElement on session 24a23a7636bfdd7fa0fe0af709de1100 to remote] DEBUG org.asynchttpclient.netty.request.NettyRequestSender - Using open Channel [id: 0x33715d58, L:/127.0.0.1:51361 - R:localhost/127.0.0.1:39002] for POST '/session/24a23a7636bfdd7fa0fe0af709de1100/element/E8AE808709FA97C199CAD3FD86517E48_element_36/click'
17:41:58.358 [AsyncHttpClient-1-5] DEBUG org.asynchttpclient.netty.handler.HttpHandler - 

Request DefaultHttpRequest(decodeResult: success, version: HTTP/1.1)
POST /session/24a23a7636bfdd7fa0fe0af709de1100/element/E8AE808709FA97C199CAD3FD86517E48_element_36/click HTTP/1.1
User-Agent: selenium/4.9.1 (java windows)
Content-Length: 57
Content-Type: application/json; charset=utf-8
host: localhost:39002
accept: */*

Response DefaultHttpResponse(decodeResult: success, version: HTTP/1.1)
HTTP/1.1 200 OK
Content-Length: 14
Content-Type: application/json; charset=utf-8
cache-control: no-cache

17:41:58.359 [AsyncHttpClient-1-5] DEBUG org.asynchttpclient.netty.channel.ChannelManager - Adding key: http://localhost:39002 for channel [id: 0x33715d58, L:/127.0.0.1:51361 - R:localhost/127.0.0.1:39002]
17:41:58.721 [AsyncHttpClient-1-1] DEBUG org.asynchttpclient.netty.channel.DefaultChannelPool - Entry count for : http://localhost:39002 : 1
17:41:58.721 [AsyncHttpClient-1-1] DEBUG org.asynchttpclient.netty.channel.DefaultChannelPool - Entry count for : http://localhost:51363 : 1
17:41:59.820 [AsyncHttpClient-1-1] DEBUG org.asynchttpclient.netty.channel.DefaultChannelPool - Entry count for : http://localhost:39002 : 1
17:41:59.820 [AsyncHttpClient-1-1] DEBUG org.asynchttpclient.netty.channel.DefaultChannelPool - Entry count for : http://localhost:51363 : 1
17:42:00.369 [Forwarding findElement on session 24a23a7636bfdd7fa0fe0af709de1100 to remote] DEBUG org.asynchttpclient.netty.request.NettyRequestSender - Using pooled Channel '[id: 0x33715d58, L:/127.0.0.1:51361 - R:localhost/127.0.0.1:39002]' for 'POST' to 'http://localhost:39002/session/24a23a7636bfdd7fa0fe0af709de1100/element'
17:42:00.369 [Forwarding findElement on session 24a23a7636bfdd7fa0fe0af709de1100 to remote] DEBUG org.asynchttpclient.netty.request.NettyRequestSender - Using open Channel [id: 0x33715d58, L:/127.0.0.1:51361 - R:localhost/127.0.0.1:39002] for POST '/session/24a23a7636bfdd7fa0fe0af709de1100/element'
17:42:00.389 [AsyncHttpClient-1-5] DEBUG org.asynchttpclient.netty.handler.HttpHandler - 

Request DefaultHttpRequest(decodeResult: success, version: HTTP/1.1)
POST /session/24a23a7636bfdd7fa0fe0af709de1100/element HTTP/1.1
User-Agent: selenium/4.9.1 (java windows)
Content-Length: 129
Content-Type: application/json; charset=utf-8
host: localhost:39002
accept: */*

Response DefaultHttpResponse(decodeResult: success, version: HTTP/1.1)
HTTP/1.1 200 OK
Content-Length: 95
Content-Type: application/json; charset=utf-8
cache-control: no-cache

17:42:00.390 [AsyncHttpClient-1-5] DEBUG org.asynchttpclient.netty.channel.ChannelManager - Adding key: http://localhost:39002 for channel [id: 0x33715d58, L:/127.0.0.1:51361 - R:localhost/127.0.0.1:39002]
17:42:00.391 [Forwarding getElementTagName on session 24a23a7636bfdd7fa0fe0af709de1100 to remote] DEBUG org.asynchttpclient.netty.request.NettyRequestSender - Using pooled Channel '[id: 0x33715d58, L:/127.0.0.1:51361 - R:localhost/127.0.0.1:39002]' for 'GET' to 'http://localhost:39002/session/24a23a7636bfdd7fa0fe0af709de1100/element/3E58B39F5BD924E1F351514AFE9DF7F9_element_42/name'
17:42:00.391 [Forwarding getElementTagName on session 24a23a7636bfdd7fa0fe0af709de1100 to remote] DEBUG org.asynchttpclient.netty.request.NettyRequestSender - Using open Channel [id: 0x33715d58, L:/127.0.0.1:51361 - R:localhost/127.0.0.1:39002] for GET '/session/24a23a7636bfdd7fa0fe0af709de1100/element/3E58B39F5BD924E1F351514AFE9DF7F9_element_42/name'
17:42:00.399 [AsyncHttpClient-1-5] DEBUG org.asynchttpclient.netty.handler.HttpHandler - 

Request DefaultFullHttpRequest(decodeResult: success, version: HTTP/1.1, content: EmptyByteBufBE)
GET /session/24a23a7636bfdd7fa0fe0af709de1100/element/3E58B39F5BD924E1F351514AFE9DF7F9_element_42/name HTTP/1.1
User-Agent: selenium/4.9.1 (java windows)
Cache-Control: no-cache
Content-Type: application/json; charset=utf-8
host: localhost:39002
accept: */*

Response DefaultHttpResponse(decodeResult: success, version: HTTP/1.1)
HTTP/1.1 200 OK
Content-Length: 16
Content-Type: application/json; charset=utf-8
cache-control: no-cache

17:42:00.399 [AsyncHttpClient-1-5] DEBUG org.asynchttpclient.netty.channel.ChannelManager - Adding key: http://localhost:39002 for channel [id: 0x33715d58, L:/127.0.0.1:51361 - R:localhost/127.0.0.1:39002]
17:42:00.403 [Forwarding getElementText on session 24a23a7636bfdd7fa0fe0af709de1100 to remote] DEBUG org.asynchttpclient.netty.request.NettyRequestSender - Using pooled Channel '[id: 0x33715d58, L:/127.0.0.1:51361 - R:localhost/127.0.0.1:39002]' for 'GET' to 'http://localhost:39002/session/24a23a7636bfdd7fa0fe0af709de1100/element/3E58B39F5BD924E1F351514AFE9DF7F9_element_42/text'
17:42:00.403 [Forwarding getElementText on session 24a23a7636bfdd7fa0fe0af709de1100 to remote] DEBUG org.asynchttpclient.netty.request.NettyRequestSender - Using open Channel [id: 0x33715d58, L:/127.0.0.1:51361 - R:localhost/127.0.0.1:39002] for GET '/session/24a23a7636bfdd7fa0fe0af709de1100/element/3E58B39F5BD924E1F351514AFE9DF7F9_element_42/text'
17:42:00.424 [AsyncHttpClient-1-5] DEBUG org.asynchttpclient.netty.handler.HttpHandler - 

Request DefaultFullHttpRequest(decodeResult: success, version: HTTP/1.1, content: EmptyByteBufBE)
GET /session/24a23a7636bfdd7fa0fe0af709de1100/element/3E58B39F5BD924E1F351514AFE9DF7F9_element_42/text HTTP/1.1
User-Agent: selenium/4.9.1 (java windows)
Cache-Control: no-cache
Content-Type: application/json; charset=utf-8
host: localhost:39002
accept: */*

Response DefaultHttpResponse(decodeResult: success, version: HTTP/1.1)
HTTP/1.1 200 OK
Content-Length: 18
Content-Type: application/json; charset=utf-8
cache-control: no-cache

17:42:00.425 [AsyncHttpClient-1-5] DEBUG org.asynchttpclient.netty.channel.ChannelManager - Adding key: http://localhost:39002 for channel [id: 0x33715d58, L:/127.0.0.1:51361 - R:localhost/127.0.0.1:39002]
]]></system-out>
    <system-err><![CDATA[июл. 25, 2023 5:41:54 PM org.openqa.selenium.remote.http.WebSocket$Listener onError
WARNING: Connection reset
java.net.SocketException: Connection reset
	at java.base/sun.nio.ch.SocketChannelImpl.throwConnectionReset(SocketChannelImpl.java:394)
	at java.base/sun.nio.ch.SocketChannelImpl.read(SocketChannelImpl.java:426)
	at io.netty.buffer.PooledByteBuf.setBytes(PooledByteBuf.java:256)
	at io.netty.buffer.AbstractByteBuf.writeBytes(AbstractByteBuf.java:1132)
	at io.netty.channel.socket.nio.NioSocketChannel.doReadBytes(NioSocketChannel.java:357)
	at io.netty.channel.nio.AbstractNioByteChannel$NioByteUnsafe.read(AbstractNioByteChannel.java:151)
	at io.netty.channel.nio.NioEventLoop.processSelectedKey(NioEventLoop.java:788)
	at io.netty.channel.nio.NioEventLoop.processSelectedKeysOptimized(NioEventLoop.java:724)
	at io.netty.channel.nio.NioEventLoop.processSelectedKeys(NioEventLoop.java:650)
	at io.netty.channel.nio.NioEventLoop.run(NioEventLoop.java:562)
	at io.netty.util.concurrent.SingleThreadEventExecutor$4.run(SingleThreadEventExecutor.java:997)
	at io.netty.util.internal.ThreadExecutorMap$2.run(ThreadExecutorMap.java:74)
	at io.netty.util.concurrent.FastThreadLocalRunnable.run(FastThreadLocalRunnable.java:30)
	at java.base/java.lang.Thread.run(Thread.java:833)

Starting ChromeDriver 114.0.5735.90 (386bc09e8f4f2e025eddae123f36f6263096ae49-refs/branch-heads/5735@{#1052}) on port 39002
Only local connections are allowed.
Please see https://chromedriver.chromium.org/security-considerations for suggestions on keeping ChromeDriver safe.
ChromeDriver was started successfully.
июл. 25, 2023 5:41:55 PM org.openqa.selenium.devtools.CdpVersionFinder findNearestMatch
WARNING: Unable to find an exact match for CDP version 114, so returning the closest version found: 113
]]></system-err>
  </testcase>
  <testcase name="createTaskValidData" classname="COMBINED.TaskTest" time="1.67">
    <system-out><![CDATA[Request method:	DELETE
Request URI:	http://localhost:81/jsonrpc.php
Proxy:			<none>
Request params:	<none>
Query params:	<none>
Form params:	<none>
Path params:	<none>
Headers:		Accept=*/*
				Content-Type=text/plain; charset=ISO-8859-1
Cookies:		<none>
Multiparts:		<none>
Body:
{"jsonrpc":"2.0","method":"removeProject","id":567,"params":{"project_id":245}}
17:42:00.440 [main] DEBUG org.apache.http.impl.conn.BasicClientConnectionManager - Get connection for route {}->http://localhost:81
17:42:00.440 [main] DEBUG org.apache.http.impl.conn.DefaultClientConnectionOperator - Connecting to localhost:81
17:42:00.442 [main] DEBUG org.apache.http.client.protocol.RequestAddCookies - CookieSpec selected: ignoreCookies
17:42:00.442 [main] DEBUG org.apache.http.client.protocol.RequestAuthCache - Auth cache not set in the context
17:42:00.442 [main] DEBUG org.apache.http.client.protocol.RequestTargetAuthentication - Target auth state: UNCHALLENGED
17:42:00.442 [main] DEBUG org.apache.http.client.protocol.RequestProxyAuthentication - Proxy auth state: UNCHALLENGED
17:42:00.442 [main] DEBUG org.apache.http.impl.client.DefaultHttpClient - Attempt 1 to execute request
17:42:00.442 [main] DEBUG org.apache.http.impl.conn.DefaultClientConnection - Sending request: DELETE /jsonrpc.php HTTP/1.1
17:42:00.442 [main] DEBUG org.apache.http.wire -  >> "DELETE /jsonrpc.php HTTP/1.1[\r][\n]"
17:42:00.442 [main] DEBUG org.apache.http.wire -  >> "Accept: */*[\r][\n]"
17:42:00.442 [main] DEBUG org.apache.http.wire -  >> "Content-Type: text/plain; charset=ISO-8859-1[\r][\n]"
17:42:00.442 [main] DEBUG org.apache.http.wire -  >> "Content-Length: 79[\r][\n]"
17:42:00.442 [main] DEBUG org.apache.http.wire -  >> "Host: localhost:81[\r][\n]"
17:42:00.442 [main] DEBUG org.apache.http.wire -  >> "Connection: Keep-Alive[\r][\n]"
17:42:00.442 [main] DEBUG org.apache.http.wire -  >> "User-Agent: Apache-HttpClient/4.5.13 (Java/17)[\r][\n]"
17:42:00.442 [main] DEBUG org.apache.http.wire -  >> "Accept-Encoding: gzip,deflate[\r][\n]"
17:42:00.442 [main] DEBUG org.apache.http.wire -  >> "[\r][\n]"
17:42:00.442 [main] DEBUG org.apache.http.headers - >> DELETE /jsonrpc.php HTTP/1.1
17:42:00.442 [main] DEBUG org.apache.http.headers - >> Accept: */*
17:42:00.442 [main] DEBUG org.apache.http.headers - >> Content-Type: text/plain; charset=ISO-8859-1
17:42:00.442 [main] DEBUG org.apache.http.headers - >> Content-Length: 79
17:42:00.442 [main] DEBUG org.apache.http.headers - >> Host: localhost:81
17:42:00.442 [main] DEBUG org.apache.http.headers - >> Connection: Keep-Alive
17:42:00.442 [main] DEBUG org.apache.http.headers - >> User-Agent: Apache-HttpClient/4.5.13 (Java/17)
17:42:00.442 [main] DEBUG org.apache.http.headers - >> Accept-Encoding: gzip,deflate
17:42:00.442 [main] DEBUG org.apache.http.wire -  >> "{"jsonrpc":"2.0","method":"removeProject","id":567,"params":{"project_id":245}}"
17:42:00.455 [main] DEBUG org.apache.http.wire -  << "HTTP/1.1 401 Unauthorized[\r][\n]"
17:42:00.455 [main] DEBUG org.apache.http.wire -  << "Server: nginx[\r][\n]"
17:42:00.455 [main] DEBUG org.apache.http.wire -  << "Date: Tue, 25 Jul 2023 14:42:00 GMT[\r][\n]"
17:42:00.455 [main] DEBUG org.apache.http.wire -  << "Content-Type: application/json[\r][\n]"
17:42:00.455 [main] DEBUG org.apache.http.wire -  << "Transfer-Encoding: chunked[\r][\n]"
17:42:00.455 [main] DEBUG org.apache.http.wire -  << "Connection: keep-alive[\r][\n]"
17:42:00.455 [main] DEBUG org.apache.http.wire -  << "WWW-Authenticate: Basic realm="JsonRPC"[\r][\n]"
17:42:00.455 [main] DEBUG org.apache.http.wire -  << "[\r][\n]"
17:42:00.455 [main] DEBUG org.apache.http.impl.conn.DefaultClientConnection - Receiving response: HTTP/1.1 401 Unauthorized
17:42:00.455 [main] DEBUG org.apache.http.headers - << HTTP/1.1 401 Unauthorized
17:42:00.455 [main] DEBUG org.apache.http.headers - << Server: nginx
17:42:00.455 [main] DEBUG org.apache.http.headers - << Date: Tue, 25 Jul 2023 14:42:00 GMT
17:42:00.455 [main] DEBUG org.apache.http.headers - << Content-Type: application/json
17:42:00.455 [main] DEBUG org.apache.http.headers - << Transfer-Encoding: chunked
17:42:00.455 [main] DEBUG org.apache.http.headers - << Connection: keep-alive
17:42:00.455 [main] DEBUG org.apache.http.headers - << WWW-Authenticate: Basic realm="JsonRPC"
17:42:00.455 [main] DEBUG org.apache.http.impl.client.DefaultHttpClient - Connection can be kept alive indefinitely
17:42:00.455 [main] DEBUG org.apache.http.impl.client.DefaultHttpClient - Authentication required
17:42:00.455 [main] DEBUG org.apache.http.impl.client.DefaultHttpClient - localhost:81 requested authentication
17:42:00.455 [main] DEBUG org.apache.http.impl.client.TargetAuthenticationStrategy - Authentication schemes in the order of preference: [Negotiate, Kerberos, NTLM, CredSSP, Digest, Basic]
17:42:00.455 [main] DEBUG org.apache.http.impl.client.TargetAuthenticationStrategy - Challenge for Negotiate authentication scheme not available
17:42:00.455 [main] DEBUG org.apache.http.impl.client.TargetAuthenticationStrategy - Challenge for Kerberos authentication scheme not available
17:42:00.455 [main] DEBUG org.apache.http.impl.client.TargetAuthenticationStrategy - Challenge for NTLM authentication scheme not available
17:42:00.455 [main] DEBUG org.apache.http.impl.client.TargetAuthenticationStrategy - Challenge for CredSSP authentication scheme not available
17:42:00.455 [main] DEBUG org.apache.http.impl.client.TargetAuthenticationStrategy - Challenge for Digest authentication scheme not available
17:42:00.455 [main] DEBUG org.apache.http.impl.client.DefaultHttpClient - Selected authentication options: [BASIC [complete=true]]
17:42:00.455 [main] DEBUG org.apache.http.wire -  << "49[\r][\n]"
17:42:00.455 [main] DEBUG org.apache.http.wire -  << "{"jsonrpc":"2.0","error":{"code":401,"message":"Unauthorized"},"id":null}"
17:42:00.455 [main] DEBUG org.apache.http.wire -  << "[\r][\n]"
17:42:00.455 [main] DEBUG org.apache.http.wire -  << "0[\r][\n]"
17:42:00.455 [main] DEBUG org.apache.http.wire -  << "[\r][\n]"
17:42:00.455 [main] DEBUG org.apache.http.client.protocol.RequestAddCookies - CookieSpec selected: ignoreCookies
17:42:00.455 [main] DEBUG org.apache.http.client.protocol.RequestAuthCache - Auth cache not set in the context
17:42:00.455 [main] DEBUG org.apache.http.client.protocol.RequestTargetAuthentication - Target auth state: CHALLENGED
17:42:00.455 [main] DEBUG org.apache.http.client.protocol.RequestTargetAuthentication - Generating response to an authentication challenge using basic scheme
17:42:00.455 [main] DEBUG org.apache.http.client.protocol.RequestProxyAuthentication - Proxy auth state: UNCHALLENGED
17:42:00.455 [main] DEBUG org.apache.http.impl.client.DefaultHttpClient - Attempt 2 to execute request
17:42:00.455 [main] DEBUG org.apache.http.impl.conn.DefaultClientConnection - Sending request: DELETE /jsonrpc.php HTTP/1.1
17:42:00.455 [main] DEBUG org.apache.http.wire -  >> "DELETE /jsonrpc.php HTTP/1.1[\r][\n]"
17:42:00.455 [main] DEBUG org.apache.http.wire -  >> "Accept: */*[\r][\n]"
17:42:00.455 [main] DEBUG org.apache.http.wire -  >> "Content-Type: text/plain; charset=ISO-8859-1[\r][\n]"
17:42:00.455 [main] DEBUG org.apache.http.wire -  >> "Content-Length: 79[\r][\n]"
17:42:00.455 [main] DEBUG org.apache.http.wire -  >> "Host: localhost:81[\r][\n]"
17:42:00.455 [main] DEBUG org.apache.http.wire -  >> "Connection: Keep-Alive[\r][\n]"
17:42:00.455 [main] DEBUG org.apache.http.wire -  >> "User-Agent: Apache-HttpClient/4.5.13 (Java/17)[\r][\n]"
17:42:00.455 [main] DEBUG org.apache.http.wire -  >> "Authorization: Basic a3lyeWxvQVBJVGVzdExvZ2luOmt5cnlsb0FQSVRlc3RQYXNzd29yZA==[\r][\n]"
17:42:00.455 [main] DEBUG org.apache.http.wire -  >> "Accept-Encoding: gzip,deflate[\r][\n]"
17:42:00.455 [main] DEBUG org.apache.http.wire -  >> "[\r][\n]"
17:42:00.455 [main] DEBUG org.apache.http.headers - >> DELETE /jsonrpc.php HTTP/1.1
17:42:00.455 [main] DEBUG org.apache.http.headers - >> Accept: */*
17:42:00.455 [main] DEBUG org.apache.http.headers - >> Content-Type: text/plain; charset=ISO-8859-1
17:42:00.455 [main] DEBUG org.apache.http.headers - >> Content-Length: 79
17:42:00.455 [main] DEBUG org.apache.http.headers - >> Host: localhost:81
17:42:00.455 [main] DEBUG org.apache.http.headers - >> Connection: Keep-Alive
17:42:00.455 [main] DEBUG org.apache.http.headers - >> User-Agent: Apache-HttpClient/4.5.13 (Java/17)
17:42:00.455 [main] DEBUG org.apache.http.headers - >> Authorization: Basic a3lyeWxvQVBJVGVzdExvZ2luOmt5cnlsb0FQSVRlc3RQYXNzd29yZA==
17:42:00.455 [main] DEBUG org.apache.http.headers - >> Accept-Encoding: gzip,deflate
17:42:00.455 [main] DEBUG org.apache.http.wire -  >> "{"jsonrpc":"2.0","method":"removeProject","id":567,"params":{"project_id":245}}"
17:42:00.631 [main] DEBUG org.apache.http.wire -  << "HTTP/1.1 200 OK[\r][\n]"
17:42:00.631 [main] DEBUG org.apache.http.wire -  << "Server: nginx[\r][\n]"
17:42:00.631 [main] DEBUG org.apache.http.wire -  << "Date: Tue, 25 Jul 2023 14:42:00 GMT[\r][\n]"
17:42:00.631 [main] DEBUG org.apache.http.wire -  << "Content-Type: application/json[\r][\n]"
17:42:00.631 [main] DEBUG org.apache.http.wire -  << "Transfer-Encoding: chunked[\r][\n]"
17:42:00.631 [main] DEBUG org.apache.http.wire -  << "Connection: keep-alive[\r][\n]"
17:42:00.631 [main] DEBUG org.apache.http.wire -  << "Vary: Accept-Encoding[\r][\n]"
17:42:00.631 [main] DEBUG org.apache.http.wire -  << "Content-Encoding: gzip[\r][\n]"
17:42:00.631 [main] DEBUG org.apache.http.wire -  << "[\r][\n]"
17:42:00.631 [main] DEBUG org.apache.http.impl.conn.DefaultClientConnection - Receiving response: HTTP/1.1 200 OK
17:42:00.631 [main] DEBUG org.apache.http.headers - << HTTP/1.1 200 OK
17:42:00.631 [main] DEBUG org.apache.http.headers - << Server: nginx
17:42:00.631 [main] DEBUG org.apache.http.headers - << Date: Tue, 25 Jul 2023 14:42:00 GMT
17:42:00.631 [main] DEBUG org.apache.http.headers - << Content-Type: application/json
17:42:00.631 [main] DEBUG org.apache.http.headers - << Transfer-Encoding: chunked
17:42:00.631 [main] DEBUG org.apache.http.headers - << Connection: keep-alive
17:42:00.631 [main] DEBUG org.apache.http.headers - << Vary: Accept-Encoding
17:42:00.631 [main] DEBUG org.apache.http.headers - << Content-Encoding: gzip
17:42:00.631 [main] DEBUG org.apache.http.impl.client.DefaultHttpClient - Connection can be kept alive indefinitely
17:42:00.631 [main] DEBUG org.apache.http.impl.client.DefaultHttpClient - Authentication succeeded
17:42:00.631 [main] DEBUG org.apache.http.impl.client.TargetAuthenticationStrategy - Caching 'basic' auth scheme for http://localhost:81
17:42:00.632 [main] DEBUG io.restassured.internal.RestAssuredHttpBuilder - Parsing response as: application/json
17:42:00.632 [main] DEBUG org.apache.http.wire -  << "3c[\r][\n]"
17:42:00.632 [main] DEBUG org.apache.http.wire -  << "[0x1f][0x8b][0x8][0x0][0x0][0x0][0x0][0x0][0x0][0x3][0xab]V[0xca]*[0xce][0xcf]+*HV[0xb2]R2[0xd2]3P[0xd2]Q*J-.[0xcd])Q[0xb2]*)*M[0xd5]Q[0xca]LQ[0xb2]253[0xaf][0x5][0x0][0xe0][0xd7]6X([0x0][0x0][0x0]"
17:42:00.632 [main] DEBUG org.apache.http.wire -  << "[\r][\n]"
17:42:00.632 [main] DEBUG org.apache.http.wire -  << "0[\r][\n]"
17:42:00.632 [main] DEBUG org.apache.http.wire -  << "[\r][\n]"
17:42:00.632 [main] DEBUG io.restassured.internal.RestAssuredHttpBuilder - Parsed data to instance of: class org.apache.http.conn.EofSensorInputStream
17:42:00.633 [main] DEBUG org.apache.http.impl.conn.BasicClientConnectionManager - Releasing connection org.apache.http.impl.conn.ManagedClientConnectionImpl@1f3bd40a
17:42:00.633 [main] DEBUG org.apache.http.impl.conn.BasicClientConnectionManager - Connection can be kept alive indefinitely
{
    "jsonrpc": "2.0",
    "result": true,
    "id": 567
}
Request method:	DELETE
Request URI:	http://localhost:81/jsonrpc.php
Proxy:			<none>
Request params:	<none>
Query params:	<none>
Form params:	<none>
Path params:	<none>
Headers:		Accept=*/*
				Content-Type=text/plain; charset=ISO-8859-1
Cookies:		<none>
Multiparts:		<none>
Body:
{"jsonrpc":"2.0","method":"removeUser","id":234,"params":{"user_id":354}}
17:42:00.646 [main] DEBUG org.apache.http.impl.conn.BasicClientConnectionManager - Get connection for route {}->http://localhost:81
17:42:00.646 [main] DEBUG org.apache.http.impl.conn.DefaultClientConnectionOperator - Connecting to localhost:81
17:42:00.648 [main] DEBUG org.apache.http.client.protocol.RequestAddCookies - CookieSpec selected: ignoreCookies
17:42:00.648 [main] DEBUG org.apache.http.client.protocol.RequestAuthCache - Auth cache not set in the context
17:42:00.648 [main] DEBUG org.apache.http.client.protocol.RequestTargetAuthentication - Target auth state: UNCHALLENGED
17:42:00.648 [main] DEBUG org.apache.http.client.protocol.RequestProxyAuthentication - Proxy auth state: UNCHALLENGED
17:42:00.648 [main] DEBUG org.apache.http.impl.client.DefaultHttpClient - Attempt 1 to execute request
17:42:00.648 [main] DEBUG org.apache.http.impl.conn.DefaultClientConnection - Sending request: DELETE /jsonrpc.php HTTP/1.1
17:42:00.648 [main] DEBUG org.apache.http.wire -  >> "DELETE /jsonrpc.php HTTP/1.1[\r][\n]"
17:42:00.648 [main] DEBUG org.apache.http.wire -  >> "Accept: */*[\r][\n]"
17:42:00.648 [main] DEBUG org.apache.http.wire -  >> "Content-Type: text/plain; charset=ISO-8859-1[\r][\n]"
17:42:00.648 [main] DEBUG org.apache.http.wire -  >> "Content-Length: 73[\r][\n]"
17:42:00.648 [main] DEBUG org.apache.http.wire -  >> "Host: localhost:81[\r][\n]"
17:42:00.648 [main] DEBUG org.apache.http.wire -  >> "Connection: Keep-Alive[\r][\n]"
17:42:00.648 [main] DEBUG org.apache.http.wire -  >> "User-Agent: Apache-HttpClient/4.5.13 (Java/17)[\r][\n]"
17:42:00.648 [main] DEBUG org.apache.http.wire -  >> "Accept-Encoding: gzip,deflate[\r][\n]"
17:42:00.648 [main] DEBUG org.apache.http.wire -  >> "[\r][\n]"
17:42:00.648 [main] DEBUG org.apache.http.headers - >> DELETE /jsonrpc.php HTTP/1.1
17:42:00.648 [main] DEBUG org.apache.http.headers - >> Accept: */*
17:42:00.648 [main] DEBUG org.apache.http.headers - >> Content-Type: text/plain; charset=ISO-8859-1
17:42:00.648 [main] DEBUG org.apache.http.headers - >> Content-Length: 73
17:42:00.648 [main] DEBUG org.apache.http.headers - >> Host: localhost:81
17:42:00.648 [main] DEBUG org.apache.http.headers - >> Connection: Keep-Alive
17:42:00.648 [main] DEBUG org.apache.http.headers - >> User-Agent: Apache-HttpClient/4.5.13 (Java/17)
17:42:00.648 [main] DEBUG org.apache.http.headers - >> Accept-Encoding: gzip,deflate
17:42:00.648 [main] DEBUG org.apache.http.wire -  >> "{"jsonrpc":"2.0","method":"removeUser","id":234,"params":{"user_id":354}}"
17:42:00.662 [main] DEBUG org.apache.http.wire -  << "HTTP/1.1 401 Unauthorized[\r][\n]"
17:42:00.663 [main] DEBUG org.apache.http.wire -  << "Server: nginx[\r][\n]"
17:42:00.663 [main] DEBUG org.apache.http.wire -  << "Date: Tue, 25 Jul 2023 14:42:00 GMT[\r][\n]"
17:42:00.663 [main] DEBUG org.apache.http.wire -  << "Content-Type: application/json[\r][\n]"
17:42:00.663 [main] DEBUG org.apache.http.wire -  << "Transfer-Encoding: chunked[\r][\n]"
17:42:00.663 [main] DEBUG org.apache.http.wire -  << "Connection: keep-alive[\r][\n]"
17:42:00.663 [main] DEBUG org.apache.http.wire -  << "WWW-Authenticate: Basic realm="JsonRPC"[\r][\n]"
17:42:00.663 [main] DEBUG org.apache.http.wire -  << "[\r][\n]"
17:42:00.663 [main] DEBUG org.apache.http.impl.conn.DefaultClientConnection - Receiving response: HTTP/1.1 401 Unauthorized
17:42:00.663 [main] DEBUG org.apache.http.headers - << HTTP/1.1 401 Unauthorized
17:42:00.663 [main] DEBUG org.apache.http.headers - << Server: nginx
17:42:00.663 [main] DEBUG org.apache.http.headers - << Date: Tue, 25 Jul 2023 14:42:00 GMT
17:42:00.663 [main] DEBUG org.apache.http.headers - << Content-Type: application/json
17:42:00.663 [main] DEBUG org.apache.http.headers - << Transfer-Encoding: chunked
17:42:00.663 [main] DEBUG org.apache.http.headers - << Connection: keep-alive
17:42:00.663 [main] DEBUG org.apache.http.headers - << WWW-Authenticate: Basic realm="JsonRPC"
17:42:00.663 [main] DEBUG org.apache.http.impl.client.DefaultHttpClient - Connection can be kept alive indefinitely
17:42:00.663 [main] DEBUG org.apache.http.impl.client.DefaultHttpClient - Authentication required
17:42:00.663 [main] DEBUG org.apache.http.impl.client.DefaultHttpClient - localhost:81 requested authentication
17:42:00.663 [main] DEBUG org.apache.http.impl.client.TargetAuthenticationStrategy - Authentication schemes in the order of preference: [Negotiate, Kerberos, NTLM, CredSSP, Digest, Basic]
17:42:00.663 [main] DEBUG org.apache.http.impl.client.TargetAuthenticationStrategy - Challenge for Negotiate authentication scheme not available
17:42:00.663 [main] DEBUG org.apache.http.impl.client.TargetAuthenticationStrategy - Challenge for Kerberos authentication scheme not available
17:42:00.663 [main] DEBUG org.apache.http.impl.client.TargetAuthenticationStrategy - Challenge for NTLM authentication scheme not available
17:42:00.663 [main] DEBUG org.apache.http.impl.client.TargetAuthenticationStrategy - Challenge for CredSSP authentication scheme not available
17:42:00.663 [main] DEBUG org.apache.http.impl.client.TargetAuthenticationStrategy - Challenge for Digest authentication scheme not available
17:42:00.663 [main] DEBUG org.apache.http.impl.client.DefaultHttpClient - Selected authentication options: [BASIC [complete=true]]
17:42:00.663 [main] DEBUG org.apache.http.wire -  << "49[\r][\n]"
17:42:00.663 [main] DEBUG org.apache.http.wire -  << "{"jsonrpc":"2.0","error":{"code":401,"message":"Unauthorized"},"id":null}"
17:42:00.663 [main] DEBUG org.apache.http.wire -  << "[\r][\n]"
17:42:00.663 [main] DEBUG org.apache.http.wire -  << "0[\r][\n]"
17:42:00.663 [main] DEBUG org.apache.http.wire -  << "[\r][\n]"
17:42:00.663 [main] DEBUG org.apache.http.client.protocol.RequestAddCookies - CookieSpec selected: ignoreCookies
17:42:00.663 [main] DEBUG org.apache.http.client.protocol.RequestAuthCache - Auth cache not set in the context
17:42:00.663 [main] DEBUG org.apache.http.client.protocol.RequestTargetAuthentication - Target auth state: CHALLENGED
17:42:00.663 [main] DEBUG org.apache.http.client.protocol.RequestTargetAuthentication - Generating response to an authentication challenge using basic scheme
17:42:00.663 [main] DEBUG org.apache.http.client.protocol.RequestProxyAuthentication - Proxy auth state: UNCHALLENGED
17:42:00.663 [main] DEBUG org.apache.http.impl.client.DefaultHttpClient - Attempt 2 to execute request
17:42:00.663 [main] DEBUG org.apache.http.impl.conn.DefaultClientConnection - Sending request: DELETE /jsonrpc.php HTTP/1.1
17:42:00.663 [main] DEBUG org.apache.http.wire -  >> "DELETE /jsonrpc.php HTTP/1.1[\r][\n]"
17:42:00.663 [main] DEBUG org.apache.http.wire -  >> "Accept: */*[\r][\n]"
17:42:00.663 [main] DEBUG org.apache.http.wire -  >> "Content-Type: text/plain; charset=ISO-8859-1[\r][\n]"
17:42:00.663 [main] DEBUG org.apache.http.wire -  >> "Content-Length: 73[\r][\n]"
17:42:00.663 [main] DEBUG org.apache.http.wire -  >> "Host: localhost:81[\r][\n]"
17:42:00.663 [main] DEBUG org.apache.http.wire -  >> "Connection: Keep-Alive[\r][\n]"
17:42:00.663 [main] DEBUG org.apache.http.wire -  >> "User-Agent: Apache-HttpClient/4.5.13 (Java/17)[\r][\n]"
17:42:00.663 [main] DEBUG org.apache.http.wire -  >> "Authorization: Basic YWRtaW46YWRtaW4=[\r][\n]"
17:42:00.663 [main] DEBUG org.apache.http.wire -  >> "Accept-Encoding: gzip,deflate[\r][\n]"
17:42:00.663 [main] DEBUG org.apache.http.wire -  >> "[\r][\n]"
17:42:00.663 [main] DEBUG org.apache.http.headers - >> DELETE /jsonrpc.php HTTP/1.1
17:42:00.663 [main] DEBUG org.apache.http.headers - >> Accept: */*
17:42:00.663 [main] DEBUG org.apache.http.headers - >> Content-Type: text/plain; charset=ISO-8859-1
17:42:00.663 [main] DEBUG org.apache.http.headers - >> Content-Length: 73
17:42:00.663 [main] DEBUG org.apache.http.headers - >> Host: localhost:81
17:42:00.663 [main] DEBUG org.apache.http.headers - >> Connection: Keep-Alive
17:42:00.663 [main] DEBUG org.apache.http.headers - >> User-Agent: Apache-HttpClient/4.5.13 (Java/17)
17:42:00.663 [main] DEBUG org.apache.http.headers - >> Authorization: Basic YWRtaW46YWRtaW4=
17:42:00.663 [main] DEBUG org.apache.http.headers - >> Accept-Encoding: gzip,deflate
17:42:00.664 [main] DEBUG org.apache.http.wire -  >> "{"jsonrpc":"2.0","method":"removeUser","id":234,"params":{"user_id":354}}"
17:42:00.796 [main] DEBUG org.apache.http.wire -  << "HTTP/1.1 200 OK[\r][\n]"
17:42:00.796 [main] DEBUG org.apache.http.wire -  << "Server: nginx[\r][\n]"
17:42:00.796 [main] DEBUG org.apache.http.wire -  << "Date: Tue, 25 Jul 2023 14:42:00 GMT[\r][\n]"
17:42:00.796 [main] DEBUG org.apache.http.wire -  << "Content-Type: application/json[\r][\n]"
17:42:00.796 [main] DEBUG org.apache.http.wire -  << "Transfer-Encoding: chunked[\r][\n]"
17:42:00.796 [main] DEBUG org.apache.http.wire -  << "Connection: keep-alive[\r][\n]"
17:42:00.796 [main] DEBUG org.apache.http.wire -  << "Vary: Accept-Encoding[\r][\n]"
17:42:00.796 [main] DEBUG org.apache.http.wire -  << "Content-Encoding: gzip[\r][\n]"
17:42:00.796 [main] DEBUG org.apache.http.wire -  << "[\r][\n]"
17:42:00.796 [main] DEBUG org.apache.http.impl.conn.DefaultClientConnection - Receiving response: HTTP/1.1 200 OK
17:42:00.796 [main] DEBUG org.apache.http.headers - << HTTP/1.1 200 OK
17:42:00.796 [main] DEBUG org.apache.http.headers - << Server: nginx
17:42:00.796 [main] DEBUG org.apache.http.headers - << Date: Tue, 25 Jul 2023 14:42:00 GMT
17:42:00.796 [main] DEBUG org.apache.http.headers - << Content-Type: application/json
17:42:00.796 [main] DEBUG org.apache.http.headers - << Transfer-Encoding: chunked
17:42:00.796 [main] DEBUG org.apache.http.headers - << Connection: keep-alive
17:42:00.796 [main] DEBUG org.apache.http.headers - << Vary: Accept-Encoding
17:42:00.796 [main] DEBUG org.apache.http.headers - << Content-Encoding: gzip
17:42:00.796 [main] DEBUG org.apache.http.impl.client.DefaultHttpClient - Connection can be kept alive indefinitely
17:42:00.796 [main] DEBUG org.apache.http.impl.client.DefaultHttpClient - Authentication succeeded
17:42:00.796 [main] DEBUG org.apache.http.impl.client.TargetAuthenticationStrategy - Caching 'basic' auth scheme for http://localhost:81
17:42:00.796 [main] DEBUG io.restassured.internal.RestAssuredHttpBuilder - Parsing response as: application/json
17:42:00.796 [main] DEBUG org.apache.http.wire -  << "3c[\r][\n]"
17:42:00.796 [main] DEBUG org.apache.http.wire -  << "[0x1f][0x8b][0x8][0x0][0x0][0x0][0x0][0x0][0x0][0x3][0xab]V[0xca]*[0xce][0xcf]+*HV[0xb2]R2[0xd2]3P[0xd2]Q*J-.[0xcd])Q[0xb2]*)*M[0xd5]Q[0xca]LQ[0xb2]226[0xa9][0x5][0x0]q~[0x7][0xe8]([0x0][0x0][0x0]"
17:42:00.796 [main] DEBUG org.apache.http.wire -  << "[\r][\n]"
17:42:00.796 [main] DEBUG org.apache.http.wire -  << "0[\r][\n]"
17:42:00.796 [main] DEBUG org.apache.http.wire -  << "[\r][\n]"
17:42:00.796 [main] DEBUG io.restassured.internal.RestAssuredHttpBuilder - Parsed data to instance of: class org.apache.http.conn.EofSensorInputStream
17:42:00.797 [main] DEBUG org.apache.http.impl.conn.BasicClientConnectionManager - Releasing connection org.apache.http.impl.conn.ManagedClientConnectionImpl@72dc0d72
17:42:00.797 [main] DEBUG org.apache.http.impl.conn.BasicClientConnectionManager - Connection can be kept alive indefinitely
{
    "jsonrpc": "2.0",
    "result": true,
    "id": 234
}
17:42:00.800 [Forwarding close on session 24a23a7636bfdd7fa0fe0af709de1100 to remote] DEBUG org.asynchttpclient.netty.request.NettyRequestSender - Using pooled Channel '[id: 0x33715d58, L:/127.0.0.1:51361 - R:localhost/127.0.0.1:39002]' for 'DELETE' to 'http://localhost:39002/session/24a23a7636bfdd7fa0fe0af709de1100/window'
17:42:00.800 [Forwarding close on session 24a23a7636bfdd7fa0fe0af709de1100 to remote] DEBUG org.asynchttpclient.netty.request.NettyRequestSender - Using open Channel [id: 0x33715d58, L:/127.0.0.1:51361 - R:localhost/127.0.0.1:39002] for DELETE '/session/24a23a7636bfdd7fa0fe0af709de1100/window'
17:42:00.928 [AsyncHttpClient-1-1] DEBUG org.asynchttpclient.netty.channel.DefaultChannelPool - Entry count for : http://localhost:51363 : 1
17:42:00.944 [AsyncHttpClient-1-6] DEBUG org.asynchttpclient.netty.handler.HttpHandler - Unexpected I/O exception on channel [id: 0x01545c47, L:/127.0.0.1:51471 - R:localhost/127.0.0.1:51363]
java.net.SocketException: Connection reset
	at java.base/sun.nio.ch.SocketChannelImpl.throwConnectionReset(SocketChannelImpl.java:394)
	at java.base/sun.nio.ch.SocketChannelImpl.read(SocketChannelImpl.java:426)
	at io.netty.buffer.PooledByteBuf.setBytes(PooledByteBuf.java:256)
	at io.netty.buffer.AbstractByteBuf.writeBytes(AbstractByteBuf.java:1132)
	at io.netty.channel.socket.nio.NioSocketChannel.doReadBytes(NioSocketChannel.java:357)
	at io.netty.channel.nio.AbstractNioByteChannel$NioByteUnsafe.read(AbstractNioByteChannel.java:151)
	at io.netty.channel.nio.NioEventLoop.processSelectedKey(NioEventLoop.java:788)
	at io.netty.channel.nio.NioEventLoop.processSelectedKeysOptimized(NioEventLoop.java:724)
	at io.netty.channel.nio.NioEventLoop.processSelectedKeys(NioEventLoop.java:650)
	at io.netty.channel.nio.NioEventLoop.run(NioEventLoop.java:562)
	at io.netty.util.concurrent.SingleThreadEventExecutor$4.run(SingleThreadEventExecutor.java:997)
	at io.netty.util.internal.ThreadExecutorMap$2.run(ThreadExecutorMap.java:74)
	at io.netty.util.concurrent.FastThreadLocalRunnable.run(FastThreadLocalRunnable.java:30)
	at java.base/java.lang.Thread.run(Thread.java:833)
17:42:00.944 [AsyncHttpClient-1-6] DEBUG org.asynchttpclient.netty.channel.ChannelManager - Closing Channel [id: 0x01545c47, L:/127.0.0.1:51471 - R:localhost/127.0.0.1:51363] 
17:42:00.944 [AsyncHttpClient-1-6] DEBUG org.asynchttpclient.netty.handler.HttpHandler - Channel Closed: [id: 0x01545c47, L:/127.0.0.1:51471 ! R:localhost/127.0.0.1:51363] with attribute DISCARD
17:42:00.945 [AsyncHttpClient-1-7] DEBUG org.asynchttpclient.netty.handler.WebSocketHandler - Unexpected I/O exception on channel [id: 0x665508ff, L:/127.0.0.1:51472 - R:localhost/127.0.0.1:51363]
java.net.SocketException: Connection reset
	at java.base/sun.nio.ch.SocketChannelImpl.throwConnectionReset(SocketChannelImpl.java:394)
	at java.base/sun.nio.ch.SocketChannelImpl.read(SocketChannelImpl.java:426)
	at io.netty.buffer.PooledByteBuf.setBytes(PooledByteBuf.java:256)
	at io.netty.buffer.AbstractByteBuf.writeBytes(AbstractByteBuf.java:1132)
	at io.netty.channel.socket.nio.NioSocketChannel.doReadBytes(NioSocketChannel.java:357)
	at io.netty.channel.nio.AbstractNioByteChannel$NioByteUnsafe.read(AbstractNioByteChannel.java:151)
	at io.netty.channel.nio.NioEventLoop.processSelectedKey(NioEventLoop.java:788)
	at io.netty.channel.nio.NioEventLoop.processSelectedKeysOptimized(NioEventLoop.java:724)
	at io.netty.channel.nio.NioEventLoop.processSelectedKeys(NioEventLoop.java:650)
	at io.netty.channel.nio.NioEventLoop.run(NioEventLoop.java:562)
	at io.netty.util.concurrent.SingleThreadEventExecutor$4.run(SingleThreadEventExecutor.java:997)
	at io.netty.util.internal.ThreadExecutorMap$2.run(ThreadExecutorMap.java:74)
	at io.netty.util.concurrent.FastThreadLocalRunnable.run(FastThreadLocalRunnable.java:30)
	at java.base/java.lang.Thread.run(Thread.java:833)
17:42:00.946 [AsyncHttpClient-1-7] DEBUG org.asynchttpclient.netty.handler.WebSocketHandler - Was unable to recover Future: NettyResponseFuture{currentRetry=0,
	isDone=1,
	isCancelled=0,
	asyncHandler=org.asynchttpclient.ws.WebSocketUpgradeHandler@4038f9e9,
	nettyRequest=org.asynchttpclient.netty.request.NettyRequest@53a7f8a,
	future=java.util.concurrent.CompletableFuture@4ba071ee[Completed normally],
	uri=ws://localhost:51363/devtools/browser/b66c0c37-39f8-42bb-a290-7487955192ba,
	keepAlive=true,
	redirectCount=0,
	timeoutsHolder=null,
	inAuth=0,
	touch=1690296120946}
17:42:00.946 [AsyncHttpClient-1-7] DEBUG org.asynchttpclient.netty.channel.ChannelManager - Closing Channel [id: 0x665508ff, L:/127.0.0.1:51472 - R:localhost/127.0.0.1:51363] 
17:42:00.946 [AsyncHttpClient-1-7] WARN org.asynchttpclient.netty.handler.WebSocketHandler - onError
java.net.SocketException: Connection reset
	at java.base/sun.nio.ch.SocketChannelImpl.throwConnectionReset(SocketChannelImpl.java:394)
	at java.base/sun.nio.ch.SocketChannelImpl.read(SocketChannelImpl.java:426)
	at io.netty.buffer.PooledByteBuf.setBytes(PooledByteBuf.java:256)
	at io.netty.buffer.AbstractByteBuf.writeBytes(AbstractByteBuf.java:1132)
	at io.netty.channel.socket.nio.NioSocketChannel.doReadBytes(NioSocketChannel.java:357)
	at io.netty.channel.nio.AbstractNioByteChannel$NioByteUnsafe.read(AbstractNioByteChannel.java:151)
	at io.netty.channel.nio.NioEventLoop.processSelectedKey(NioEventLoop.java:788)
	at io.netty.channel.nio.NioEventLoop.processSelectedKeysOptimized(NioEventLoop.java:724)
	at io.netty.channel.nio.NioEventLoop.processSelectedKeys(NioEventLoop.java:650)
	at io.netty.channel.nio.NioEventLoop.run(NioEventLoop.java:562)
	at io.netty.util.concurrent.SingleThreadEventExecutor$4.run(SingleThreadEventExecutor.java:997)
	at io.netty.util.internal.ThreadExecutorMap$2.run(ThreadExecutorMap.java:74)
	at io.netty.util.concurrent.FastThreadLocalRunnable.run(FastThreadLocalRunnable.java:30)
	at java.base/java.lang.Thread.run(Thread.java:833)
17:42:00.947 [AsyncHttpClient-1-7] DEBUG org.asynchttpclient.netty.channel.ChannelManager - Closing Channel [id: 0x665508ff, L:/127.0.0.1:51472 ! R:localhost/127.0.0.1:51363] 
17:42:00.948 [AsyncHttpClient-1-7] DEBUG org.asynchttpclient.netty.handler.WebSocketHandler - Channel Closed: [id: 0x665508ff, L:/127.0.0.1:51472 ! R:localhost/127.0.0.1:51363] with attribute DISCARD
17:42:00.980 [AsyncHttpClient-1-5] DEBUG org.asynchttpclient.netty.handler.HttpHandler - 

Request DefaultFullHttpRequest(decodeResult: success, version: HTTP/1.1, content: EmptyByteBufBE)
DELETE /session/24a23a7636bfdd7fa0fe0af709de1100/window HTTP/1.1
User-Agent: selenium/4.9.1 (java windows)
Content-Type: application/json; charset=utf-8
host: localhost:39002
accept: */*

Response DefaultHttpResponse(decodeResult: success, version: HTTP/1.1)
HTTP/1.1 200 OK
Content-Length: 12
Content-Type: application/json; charset=utf-8
cache-control: no-cache

17:42:00.980 [AsyncHttpClient-1-5] DEBUG org.asynchttpclient.netty.channel.ChannelManager - Adding key: http://localhost:39002 for channel [id: 0x33715d58, L:/127.0.0.1:51361 - R:localhost/127.0.0.1:39002]
Request method:	POST
Request URI:	http://localhost:81/jsonrpc.php
Proxy:			<none>
Request params:	<none>
Query params:	<none>
Form params:	<none>
Path params:	<none>
Headers:		Accept=*/*
				Content-Type=text/plain; charset=ISO-8859-1
Cookies:		<none>
Multiparts:		<none>
Body:
{"jsonrpc":"2.0","method":"createUser","id":123123,"params":{"username":"kyryloAPITestLogin","password":"kyryloAPITestPassword","name":"kyrylo","email":"kyryloAPITest@mail.com","role":"app-manager"}}
17:42:00.997 [main] DEBUG org.apache.http.impl.conn.BasicClientConnectionManager - Get connection for route {}->http://localhost:81
17:42:00.997 [main] DEBUG org.apache.http.impl.conn.DefaultClientConnectionOperator - Connecting to localhost:81
17:42:00.999 [main] DEBUG org.apache.http.client.protocol.RequestAddCookies - CookieSpec selected: ignoreCookies
17:42:00.999 [main] DEBUG org.apache.http.client.protocol.RequestAuthCache - Auth cache not set in the context
17:42:00.999 [main] DEBUG org.apache.http.client.protocol.RequestTargetAuthentication - Target auth state: UNCHALLENGED
17:42:00.999 [main] DEBUG org.apache.http.client.protocol.RequestProxyAuthentication - Proxy auth state: UNCHALLENGED
17:42:00.999 [main] DEBUG org.apache.http.impl.client.DefaultHttpClient - Attempt 1 to execute request
17:42:00.999 [main] DEBUG org.apache.http.impl.conn.DefaultClientConnection - Sending request: POST /jsonrpc.php HTTP/1.1
17:42:00.999 [main] DEBUG org.apache.http.wire -  >> "POST /jsonrpc.php HTTP/1.1[\r][\n]"
17:42:00.999 [main] DEBUG org.apache.http.wire -  >> "Accept: */*[\r][\n]"
17:42:00.999 [main] DEBUG org.apache.http.wire -  >> "Content-Type: text/plain; charset=ISO-8859-1[\r][\n]"
17:42:00.999 [main] DEBUG org.apache.http.wire -  >> "Content-Length: 199[\r][\n]"
17:42:00.999 [main] DEBUG org.apache.http.wire -  >> "Host: localhost:81[\r][\n]"
17:42:00.999 [main] DEBUG org.apache.http.wire -  >> "Connection: Keep-Alive[\r][\n]"
17:42:00.999 [main] DEBUG org.apache.http.wire -  >> "User-Agent: Apache-HttpClient/4.5.13 (Java/17)[\r][\n]"
17:42:00.999 [main] DEBUG org.apache.http.wire -  >> "Accept-Encoding: gzip,deflate[\r][\n]"
17:42:00.999 [main] DEBUG org.apache.http.wire -  >> "[\r][\n]"
17:42:00.999 [main] DEBUG org.apache.http.headers - >> POST /jsonrpc.php HTTP/1.1
17:42:00.999 [main] DEBUG org.apache.http.headers - >> Accept: */*
17:42:00.999 [main] DEBUG org.apache.http.headers - >> Content-Type: text/plain; charset=ISO-8859-1
17:42:00.999 [main] DEBUG org.apache.http.headers - >> Content-Length: 199
17:42:00.999 [main] DEBUG org.apache.http.headers - >> Host: localhost:81
17:42:00.999 [main] DEBUG org.apache.http.headers - >> Connection: Keep-Alive
17:42:00.999 [main] DEBUG org.apache.http.headers - >> User-Agent: Apache-HttpClient/4.5.13 (Java/17)
17:42:00.999 [main] DEBUG org.apache.http.headers - >> Accept-Encoding: gzip,deflate
17:42:00.999 [main] DEBUG org.apache.http.wire -  >> "{"jsonrpc":"2.0","method":"createUser","id":123123,"params":{"username":"kyryloAPITestLogin","password":"kyryloAPITestPassword","name":"kyrylo","email":"kyryloAPITest@mail.com","role":"app-manager"}}"
17:42:01.015 [main] DEBUG org.apache.http.wire -  << "HTTP/1.1 401 Unauthorized[\r][\n]"
17:42:01.015 [main] DEBUG org.apache.http.wire -  << "Server: nginx[\r][\n]"
17:42:01.015 [main] DEBUG org.apache.http.wire -  << "Date: Tue, 25 Jul 2023 14:42:01 GMT[\r][\n]"
17:42:01.015 [main] DEBUG org.apache.http.wire -  << "Content-Type: application/json[\r][\n]"
17:42:01.015 [main] DEBUG org.apache.http.wire -  << "Transfer-Encoding: chunked[\r][\n]"
17:42:01.015 [main] DEBUG org.apache.http.wire -  << "Connection: keep-alive[\r][\n]"
17:42:01.016 [main] DEBUG org.apache.http.wire -  << "WWW-Authenticate: Basic realm="JsonRPC"[\r][\n]"
17:42:01.016 [main] DEBUG org.apache.http.wire -  << "[\r][\n]"
17:42:01.016 [main] DEBUG org.apache.http.impl.conn.DefaultClientConnection - Receiving response: HTTP/1.1 401 Unauthorized
17:42:01.016 [main] DEBUG org.apache.http.headers - << HTTP/1.1 401 Unauthorized
17:42:01.016 [main] DEBUG org.apache.http.headers - << Server: nginx
17:42:01.016 [main] DEBUG org.apache.http.headers - << Date: Tue, 25 Jul 2023 14:42:01 GMT
17:42:01.016 [main] DEBUG org.apache.http.headers - << Content-Type: application/json
17:42:01.016 [main] DEBUG org.apache.http.headers - << Transfer-Encoding: chunked
17:42:01.016 [main] DEBUG org.apache.http.headers - << Connection: keep-alive
17:42:01.016 [main] DEBUG org.apache.http.headers - << WWW-Authenticate: Basic realm="JsonRPC"
17:42:01.016 [main] DEBUG org.apache.http.impl.client.DefaultHttpClient - Connection can be kept alive indefinitely
17:42:01.016 [main] DEBUG org.apache.http.impl.client.DefaultHttpClient - Authentication required
17:42:01.016 [main] DEBUG org.apache.http.impl.client.DefaultHttpClient - localhost:81 requested authentication
17:42:01.016 [main] DEBUG org.apache.http.impl.client.TargetAuthenticationStrategy - Authentication schemes in the order of preference: [Negotiate, Kerberos, NTLM, CredSSP, Digest, Basic]
17:42:01.016 [main] DEBUG org.apache.http.impl.client.TargetAuthenticationStrategy - Challenge for Negotiate authentication scheme not available
17:42:01.016 [main] DEBUG org.apache.http.impl.client.TargetAuthenticationStrategy - Challenge for Kerberos authentication scheme not available
17:42:01.016 [main] DEBUG org.apache.http.impl.client.TargetAuthenticationStrategy - Challenge for NTLM authentication scheme not available
17:42:01.016 [main] DEBUG org.apache.http.impl.client.TargetAuthenticationStrategy - Challenge for CredSSP authentication scheme not available
17:42:01.016 [main] DEBUG org.apache.http.impl.client.TargetAuthenticationStrategy - Challenge for Digest authentication scheme not available
17:42:01.016 [main] DEBUG org.apache.http.impl.client.DefaultHttpClient - Selected authentication options: [BASIC [complete=true]]
17:42:01.016 [main] DEBUG org.apache.http.wire -  << "49[\r][\n]"
17:42:01.016 [main] DEBUG org.apache.http.wire -  << "{"jsonrpc":"2.0","error":{"code":401,"message":"Unauthorized"},"id":null}"
17:42:01.016 [main] DEBUG org.apache.http.wire -  << "[\r][\n]"
17:42:01.016 [main] DEBUG org.apache.http.wire -  << "0[\r][\n]"
17:42:01.016 [main] DEBUG org.apache.http.wire -  << "[\r][\n]"
17:42:01.016 [main] DEBUG org.apache.http.client.protocol.RequestAddCookies - CookieSpec selected: ignoreCookies
17:42:01.016 [main] DEBUG org.apache.http.client.protocol.RequestAuthCache - Auth cache not set in the context
17:42:01.016 [main] DEBUG org.apache.http.client.protocol.RequestTargetAuthentication - Target auth state: CHALLENGED
17:42:01.016 [main] DEBUG org.apache.http.client.protocol.RequestTargetAuthentication - Generating response to an authentication challenge using basic scheme
17:42:01.016 [main] DEBUG org.apache.http.client.protocol.RequestProxyAuthentication - Proxy auth state: UNCHALLENGED
17:42:01.016 [main] DEBUG org.apache.http.impl.client.DefaultHttpClient - Attempt 2 to execute request
17:42:01.016 [main] DEBUG org.apache.http.impl.conn.DefaultClientConnection - Sending request: POST /jsonrpc.php HTTP/1.1
17:42:01.016 [main] DEBUG org.apache.http.wire -  >> "POST /jsonrpc.php HTTP/1.1[\r][\n]"
17:42:01.016 [main] DEBUG org.apache.http.wire -  >> "Accept: */*[\r][\n]"
17:42:01.016 [main] DEBUG org.apache.http.wire -  >> "Content-Type: text/plain; charset=ISO-8859-1[\r][\n]"
17:42:01.016 [main] DEBUG org.apache.http.wire -  >> "Content-Length: 199[\r][\n]"
17:42:01.016 [main] DEBUG org.apache.http.wire -  >> "Host: localhost:81[\r][\n]"
17:42:01.016 [main] DEBUG org.apache.http.wire -  >> "Connection: Keep-Alive[\r][\n]"
17:42:01.016 [main] DEBUG org.apache.http.wire -  >> "User-Agent: Apache-HttpClient/4.5.13 (Java/17)[\r][\n]"
17:42:01.016 [main] DEBUG org.apache.http.wire -  >> "Authorization: Basic YWRtaW46YWRtaW4=[\r][\n]"
17:42:01.016 [main] DEBUG org.apache.http.wire -  >> "Accept-Encoding: gzip,deflate[\r][\n]"
17:42:01.016 [main] DEBUG org.apache.http.wire -  >> "[\r][\n]"
17:42:01.016 [main] DEBUG org.apache.http.headers - >> POST /jsonrpc.php HTTP/1.1
17:42:01.016 [main] DEBUG org.apache.http.headers - >> Accept: */*
17:42:01.016 [main] DEBUG org.apache.http.headers - >> Content-Type: text/plain; charset=ISO-8859-1
17:42:01.016 [main] DEBUG org.apache.http.headers - >> Content-Length: 199
17:42:01.016 [main] DEBUG org.apache.http.headers - >> Host: localhost:81
17:42:01.016 [main] DEBUG org.apache.http.headers - >> Connection: Keep-Alive
17:42:01.016 [main] DEBUG org.apache.http.headers - >> User-Agent: Apache-HttpClient/4.5.13 (Java/17)
17:42:01.016 [main] DEBUG org.apache.http.headers - >> Authorization: Basic YWRtaW46YWRtaW4=
17:42:01.016 [main] DEBUG org.apache.http.headers - >> Accept-Encoding: gzip,deflate
17:42:01.016 [main] DEBUG org.apache.http.wire -  >> "{"jsonrpc":"2.0","method":"createUser","id":123123,"params":{"username":"kyryloAPITestLogin","password":"kyryloAPITestPassword","name":"kyrylo","email":"kyryloAPITest@mail.com","role":"app-manager"}}"
17:42:01.190 [main] DEBUG org.apache.http.wire -  << "HTTP/1.1 200 OK[\r][\n]"
17:42:01.190 [main] DEBUG org.apache.http.wire -  << "Server: nginx[\r][\n]"
17:42:01.190 [main] DEBUG org.apache.http.wire -  << "Date: Tue, 25 Jul 2023 14:42:01 GMT[\r][\n]"
17:42:01.190 [main] DEBUG org.apache.http.wire -  << "Content-Type: application/json[\r][\n]"
17:42:01.190 [main] DEBUG org.apache.http.wire -  << "Transfer-Encoding: chunked[\r][\n]"
17:42:01.190 [main] DEBUG org.apache.http.wire -  << "Connection: keep-alive[\r][\n]"
17:42:01.190 [main] DEBUG org.apache.http.wire -  << "Vary: Accept-Encoding[\r][\n]"
17:42:01.190 [main] DEBUG org.apache.http.wire -  << "Content-Encoding: gzip[\r][\n]"
17:42:01.190 [main] DEBUG org.apache.http.wire -  << "[\r][\n]"
17:42:01.190 [main] DEBUG org.apache.http.impl.conn.DefaultClientConnection - Receiving response: HTTP/1.1 200 OK
17:42:01.190 [main] DEBUG org.apache.http.headers - << HTTP/1.1 200 OK
17:42:01.190 [main] DEBUG org.apache.http.headers - << Server: nginx
17:42:01.190 [main] DEBUG org.apache.http.headers - << Date: Tue, 25 Jul 2023 14:42:01 GMT
17:42:01.190 [main] DEBUG org.apache.http.headers - << Content-Type: application/json
17:42:01.190 [main] DEBUG org.apache.http.headers - << Transfer-Encoding: chunked
17:42:01.190 [main] DEBUG org.apache.http.headers - << Connection: keep-alive
17:42:01.190 [main] DEBUG org.apache.http.headers - << Vary: Accept-Encoding
17:42:01.190 [main] DEBUG org.apache.http.headers - << Content-Encoding: gzip
17:42:01.190 [main] DEBUG org.apache.http.impl.client.DefaultHttpClient - Connection can be kept alive indefinitely
17:42:01.190 [main] DEBUG org.apache.http.impl.client.DefaultHttpClient - Authentication succeeded
17:42:01.190 [main] DEBUG org.apache.http.impl.client.TargetAuthenticationStrategy - Caching 'basic' auth scheme for http://localhost:81
17:42:01.191 [main] DEBUG io.restassured.internal.RestAssuredHttpBuilder - Parsing response as: application/json
17:42:01.191 [main] DEBUG org.apache.http.wire -  << "3c[\r][\n]"
17:42:01.191 [main] DEBUG org.apache.http.wire -  << "[0x1f][0x8b][0x8][0x0][0x0][0x0][0x0][0x0][0x0][0x3][0xab]V[0xca]*[0xce][0xcf]+*HV[0xb2]R2[0xd2]3P[0xd2]Q*J-.[0xcd])Q[0xb2]265[0xd5]Q[0xca]LQ[0xb2]242[0x6][0xa2]Z[0x0][0xbc]h,F*[0x0][0x0][0x0]"
17:42:01.191 [main] DEBUG org.apache.http.wire -  << "[\r][\n]"
17:42:01.191 [main] DEBUG org.apache.http.wire -  << "0[\r][\n]"
17:42:01.191 [main] DEBUG org.apache.http.wire -  << "[\r][\n]"
17:42:01.191 [main] DEBUG io.restassured.internal.RestAssuredHttpBuilder - Parsed data to instance of: class org.apache.http.conn.EofSensorInputStream
17:42:01.192 [main] DEBUG org.apache.http.impl.conn.BasicClientConnectionManager - Releasing connection org.apache.http.impl.conn.ManagedClientConnectionImpl@f5ee0d8
17:42:01.192 [main] DEBUG org.apache.http.impl.conn.BasicClientConnectionManager - Connection can be kept alive indefinitely
{
    "jsonrpc": "2.0",
    "result": 355,
    "id": 123123
}
Request method:	POST
Request URI:	http://localhost:81/jsonrpc.php
Proxy:			<none>
Request params:	<none>
Query params:	<none>
Form params:	<none>
Path params:	<none>
Headers:		Accept=*/*
				Content-Type=text/plain; charset=ISO-8859-1
Cookies:		<none>
Multiparts:		<none>
Body:
{"jsonrpc":"2.0","method":"createProject","id":345,"params":{"name":"API_Project","description":"API_Project Description","owner_id":355}}
17:42:01.204 [main] DEBUG org.apache.http.impl.conn.BasicClientConnectionManager - Get connection for route {}->http://localhost:81
17:42:01.205 [main] DEBUG org.apache.http.impl.conn.DefaultClientConnectionOperator - Connecting to localhost:81
17:42:01.207 [main] DEBUG org.apache.http.client.protocol.RequestAddCookies - CookieSpec selected: ignoreCookies
17:42:01.207 [main] DEBUG org.apache.http.client.protocol.RequestAuthCache - Auth cache not set in the context
17:42:01.207 [main] DEBUG org.apache.http.client.protocol.RequestTargetAuthentication - Target auth state: UNCHALLENGED
17:42:01.207 [main] DEBUG org.apache.http.client.protocol.RequestProxyAuthentication - Proxy auth state: UNCHALLENGED
17:42:01.207 [main] DEBUG org.apache.http.impl.client.DefaultHttpClient - Attempt 1 to execute request
17:42:01.207 [main] DEBUG org.apache.http.impl.conn.DefaultClientConnection - Sending request: POST /jsonrpc.php HTTP/1.1
17:42:01.207 [main] DEBUG org.apache.http.wire -  >> "POST /jsonrpc.php HTTP/1.1[\r][\n]"
17:42:01.207 [main] DEBUG org.apache.http.wire -  >> "Accept: */*[\r][\n]"
17:42:01.207 [main] DEBUG org.apache.http.wire -  >> "Content-Type: text/plain; charset=ISO-8859-1[\r][\n]"
17:42:01.207 [main] DEBUG org.apache.http.wire -  >> "Content-Length: 138[\r][\n]"
17:42:01.207 [main] DEBUG org.apache.http.wire -  >> "Host: localhost:81[\r][\n]"
17:42:01.207 [main] DEBUG org.apache.http.wire -  >> "Connection: Keep-Alive[\r][\n]"
17:42:01.207 [main] DEBUG org.apache.http.wire -  >> "User-Agent: Apache-HttpClient/4.5.13 (Java/17)[\r][\n]"
17:42:01.207 [main] DEBUG org.apache.http.wire -  >> "Accept-Encoding: gzip,deflate[\r][\n]"
17:42:01.207 [main] DEBUG org.apache.http.wire -  >> "[\r][\n]"
17:42:01.207 [main] DEBUG org.apache.http.headers - >> POST /jsonrpc.php HTTP/1.1
17:42:01.207 [main] DEBUG org.apache.http.headers - >> Accept: */*
17:42:01.207 [main] DEBUG org.apache.http.headers - >> Content-Type: text/plain; charset=ISO-8859-1
17:42:01.207 [main] DEBUG org.apache.http.headers - >> Content-Length: 138
17:42:01.207 [main] DEBUG org.apache.http.headers - >> Host: localhost:81
17:42:01.207 [main] DEBUG org.apache.http.headers - >> Connection: Keep-Alive
17:42:01.207 [main] DEBUG org.apache.http.headers - >> User-Agent: Apache-HttpClient/4.5.13 (Java/17)
17:42:01.207 [main] DEBUG org.apache.http.headers - >> Accept-Encoding: gzip,deflate
17:42:01.207 [main] DEBUG org.apache.http.wire -  >> "{"jsonrpc":"2.0","method":"createProject","id":345,"params":{"name":"API_Project","description":"API_Project Description","owner_id":355}}"
17:42:01.217 [main] DEBUG org.apache.http.wire -  << "HTTP/1.1 401 Unauthorized[\r][\n]"
17:42:01.217 [main] DEBUG org.apache.http.wire -  << "Server: nginx[\r][\n]"
17:42:01.217 [main] DEBUG org.apache.http.wire -  << "Date: Tue, 25 Jul 2023 14:42:01 GMT[\r][\n]"
17:42:01.217 [main] DEBUG org.apache.http.wire -  << "Content-Type: application/json[\r][\n]"
17:42:01.217 [main] DEBUG org.apache.http.wire -  << "Transfer-Encoding: chunked[\r][\n]"
17:42:01.217 [main] DEBUG org.apache.http.wire -  << "Connection: keep-alive[\r][\n]"
17:42:01.217 [main] DEBUG org.apache.http.wire -  << "WWW-Authenticate: Basic realm="JsonRPC"[\r][\n]"
17:42:01.217 [main] DEBUG org.apache.http.wire -  << "[\r][\n]"
17:42:01.217 [main] DEBUG org.apache.http.impl.conn.DefaultClientConnection - Receiving response: HTTP/1.1 401 Unauthorized
17:42:01.217 [main] DEBUG org.apache.http.headers - << HTTP/1.1 401 Unauthorized
17:42:01.217 [main] DEBUG org.apache.http.headers - << Server: nginx
17:42:01.217 [main] DEBUG org.apache.http.headers - << Date: Tue, 25 Jul 2023 14:42:01 GMT
17:42:01.217 [main] DEBUG org.apache.http.headers - << Content-Type: application/json
17:42:01.217 [main] DEBUG org.apache.http.headers - << Transfer-Encoding: chunked
17:42:01.217 [main] DEBUG org.apache.http.headers - << Connection: keep-alive
17:42:01.217 [main] DEBUG org.apache.http.headers - << WWW-Authenticate: Basic realm="JsonRPC"
17:42:01.217 [main] DEBUG org.apache.http.impl.client.DefaultHttpClient - Connection can be kept alive indefinitely
17:42:01.217 [main] DEBUG org.apache.http.impl.client.DefaultHttpClient - Authentication required
17:42:01.217 [main] DEBUG org.apache.http.impl.client.DefaultHttpClient - localhost:81 requested authentication
17:42:01.217 [main] DEBUG org.apache.http.impl.client.TargetAuthenticationStrategy - Authentication schemes in the order of preference: [Negotiate, Kerberos, NTLM, CredSSP, Digest, Basic]
17:42:01.217 [main] DEBUG org.apache.http.impl.client.TargetAuthenticationStrategy - Challenge for Negotiate authentication scheme not available
17:42:01.217 [main] DEBUG org.apache.http.impl.client.TargetAuthenticationStrategy - Challenge for Kerberos authentication scheme not available
17:42:01.217 [main] DEBUG org.apache.http.impl.client.TargetAuthenticationStrategy - Challenge for NTLM authentication scheme not available
17:42:01.217 [main] DEBUG org.apache.http.impl.client.TargetAuthenticationStrategy - Challenge for CredSSP authentication scheme not available
17:42:01.217 [main] DEBUG org.apache.http.impl.client.TargetAuthenticationStrategy - Challenge for Digest authentication scheme not available
17:42:01.217 [main] DEBUG org.apache.http.impl.client.DefaultHttpClient - Selected authentication options: [BASIC [complete=true]]
17:42:01.217 [main] DEBUG org.apache.http.wire -  << "49[\r][\n]"
17:42:01.217 [main] DEBUG org.apache.http.wire -  << "{"jsonrpc":"2.0","error":{"code":401,"message":"Unauthorized"},"id":null}"
17:42:01.217 [main] DEBUG org.apache.http.wire -  << "[\r][\n]"
17:42:01.217 [main] DEBUG org.apache.http.wire -  << "0[\r][\n]"
17:42:01.217 [main] DEBUG org.apache.http.wire -  << "[\r][\n]"
17:42:01.218 [main] DEBUG org.apache.http.client.protocol.RequestAddCookies - CookieSpec selected: ignoreCookies
17:42:01.218 [main] DEBUG org.apache.http.client.protocol.RequestAuthCache - Auth cache not set in the context
17:42:01.218 [main] DEBUG org.apache.http.client.protocol.RequestTargetAuthentication - Target auth state: CHALLENGED
17:42:01.218 [main] DEBUG org.apache.http.client.protocol.RequestTargetAuthentication - Generating response to an authentication challenge using basic scheme
17:42:01.218 [main] DEBUG org.apache.http.client.protocol.RequestProxyAuthentication - Proxy auth state: UNCHALLENGED
17:42:01.218 [main] DEBUG org.apache.http.impl.client.DefaultHttpClient - Attempt 2 to execute request
17:42:01.218 [main] DEBUG org.apache.http.impl.conn.DefaultClientConnection - Sending request: POST /jsonrpc.php HTTP/1.1
17:42:01.218 [main] DEBUG org.apache.http.wire -  >> "POST /jsonrpc.php HTTP/1.1[\r][\n]"
17:42:01.218 [main] DEBUG org.apache.http.wire -  >> "Accept: */*[\r][\n]"
17:42:01.218 [main] DEBUG org.apache.http.wire -  >> "Content-Type: text/plain; charset=ISO-8859-1[\r][\n]"
17:42:01.218 [main] DEBUG org.apache.http.wire -  >> "Content-Length: 138[\r][\n]"
17:42:01.218 [main] DEBUG org.apache.http.wire -  >> "Host: localhost:81[\r][\n]"
17:42:01.218 [main] DEBUG org.apache.http.wire -  >> "Connection: Keep-Alive[\r][\n]"
17:42:01.218 [main] DEBUG org.apache.http.wire -  >> "User-Agent: Apache-HttpClient/4.5.13 (Java/17)[\r][\n]"
17:42:01.218 [main] DEBUG org.apache.http.wire -  >> "Authorization: Basic a3lyeWxvQVBJVGVzdExvZ2luOmt5cnlsb0FQSVRlc3RQYXNzd29yZA==[\r][\n]"
17:42:01.218 [main] DEBUG org.apache.http.wire -  >> "Accept-Encoding: gzip,deflate[\r][\n]"
17:42:01.218 [main] DEBUG org.apache.http.wire -  >> "[\r][\n]"
17:42:01.218 [main] DEBUG org.apache.http.headers - >> POST /jsonrpc.php HTTP/1.1
17:42:01.218 [main] DEBUG org.apache.http.headers - >> Accept: */*
17:42:01.218 [main] DEBUG org.apache.http.headers - >> Content-Type: text/plain; charset=ISO-8859-1
17:42:01.218 [main] DEBUG org.apache.http.headers - >> Content-Length: 138
17:42:01.218 [main] DEBUG org.apache.http.headers - >> Host: localhost:81
17:42:01.218 [main] DEBUG org.apache.http.headers - >> Connection: Keep-Alive
17:42:01.218 [main] DEBUG org.apache.http.headers - >> User-Agent: Apache-HttpClient/4.5.13 (Java/17)
17:42:01.218 [main] DEBUG org.apache.http.headers - >> Authorization: Basic a3lyeWxvQVBJVGVzdExvZ2luOmt5cnlsb0FQSVRlc3RQYXNzd29yZA==
17:42:01.218 [main] DEBUG org.apache.http.headers - >> Accept-Encoding: gzip,deflate
17:42:01.218 [main] DEBUG org.apache.http.wire -  >> "{"jsonrpc":"2.0","method":"createProject","id":345,"params":{"name":"API_Project","description":"API_Project Description","owner_id":355}}"
17:42:01.329 [main] DEBUG org.apache.http.wire -  << "HTTP/1.1 200 OK[\r][\n]"
17:42:01.329 [main] DEBUG org.apache.http.wire -  << "Server: nginx[\r][\n]"
17:42:01.329 [main] DEBUG org.apache.http.wire -  << "Date: Tue, 25 Jul 2023 14:42:01 GMT[\r][\n]"
17:42:01.329 [main] DEBUG org.apache.http.wire -  << "Content-Type: application/json[\r][\n]"
17:42:01.329 [main] DEBUG org.apache.http.wire -  << "Transfer-Encoding: chunked[\r][\n]"
17:42:01.329 [main] DEBUG org.apache.http.wire -  << "Connection: keep-alive[\r][\n]"
17:42:01.329 [main] DEBUG org.apache.http.wire -  << "Vary: Accept-Encoding[\r][\n]"
17:42:01.329 [main] DEBUG org.apache.http.wire -  << "Content-Encoding: gzip[\r][\n]"
17:42:01.329 [main] DEBUG org.apache.http.wire -  << "[\r][\n]"
17:42:01.329 [main] DEBUG org.apache.http.impl.conn.DefaultClientConnection - Receiving response: HTTP/1.1 200 OK
17:42:01.329 [main] DEBUG org.apache.http.headers - << HTTP/1.1 200 OK
17:42:01.329 [main] DEBUG org.apache.http.headers - << Server: nginx
17:42:01.329 [main] DEBUG org.apache.http.headers - << Date: Tue, 25 Jul 2023 14:42:01 GMT
17:42:01.329 [main] DEBUG org.apache.http.headers - << Content-Type: application/json
17:42:01.329 [main] DEBUG org.apache.http.headers - << Transfer-Encoding: chunked
17:42:01.329 [main] DEBUG org.apache.http.headers - << Connection: keep-alive
17:42:01.329 [main] DEBUG org.apache.http.headers - << Vary: Accept-Encoding
17:42:01.329 [main] DEBUG org.apache.http.headers - << Content-Encoding: gzip
17:42:01.329 [main] DEBUG org.apache.http.impl.client.DefaultHttpClient - Connection can be kept alive indefinitely
17:42:01.329 [main] DEBUG org.apache.http.impl.client.DefaultHttpClient - Authentication succeeded
17:42:01.329 [main] DEBUG org.apache.http.impl.client.TargetAuthenticationStrategy - Caching 'basic' auth scheme for http://localhost:81
17:42:01.329 [main] DEBUG io.restassured.internal.RestAssuredHttpBuilder - Parsing response as: application/json
17:42:01.329 [main] DEBUG org.apache.http.wire -  << "3b[\r][\n]"
17:42:01.329 [main] DEBUG org.apache.http.wire -  << "[0x1f][0x8b][0x8][0x0][0x0][0x0][0x0][0x0][0x0][0x3][0xab]V[0xca]*[0xce][0xcf]+*HV[0xb2]R2[0xd2]3P[0xd2]Q*J-.[0xcd])Q[0xb2]221[0xd3]Q[0xca]LQ[0xb2]261[0xad][0x5][0x0][0xaf][0x1]_+'[0x0][0x0][0x0]"
17:42:01.329 [main] DEBUG org.apache.http.wire -  << "[\r][\n]"
17:42:01.329 [main] DEBUG org.apache.http.wire -  << "0[\r][\n]"
17:42:01.329 [main] DEBUG org.apache.http.wire -  << "[\r][\n]"
17:42:01.329 [main] DEBUG io.restassured.internal.RestAssuredHttpBuilder - Parsed data to instance of: class org.apache.http.conn.EofSensorInputStream
17:42:01.330 [main] DEBUG org.apache.http.impl.conn.BasicClientConnectionManager - Releasing connection org.apache.http.impl.conn.ManagedClientConnectionImpl@1e019687
17:42:01.330 [main] DEBUG org.apache.http.impl.conn.BasicClientConnectionManager - Connection can be kept alive indefinitely
{
    "jsonrpc": "2.0",
    "result": 246,
    "id": 345
}
17:42:01.332 [Forwarding getTitle on session 24a23a7636bfdd7fa0fe0af709de1100 to remote] DEBUG org.asynchttpclient.netty.request.NettyRequestSender - Using pooled Channel '[id: 0x33715d58, L:/127.0.0.1:51361 - R:localhost/127.0.0.1:39002]' for 'GET' to 'http://localhost:39002/session/24a23a7636bfdd7fa0fe0af709de1100/title'
17:42:01.332 [Forwarding getTitle on session 24a23a7636bfdd7fa0fe0af709de1100 to remote] DEBUG org.asynchttpclient.netty.request.NettyRequestSender - Using open Channel [id: 0x33715d58, L:/127.0.0.1:51361 - R:localhost/127.0.0.1:39002] for GET '/session/24a23a7636bfdd7fa0fe0af709de1100/title'
17:42:01.333 [AsyncHttpClient-1-5] DEBUG org.asynchttpclient.netty.handler.HttpHandler - 

Request DefaultFullHttpRequest(decodeResult: success, version: HTTP/1.1, content: EmptyByteBufBE)
GET /session/24a23a7636bfdd7fa0fe0af709de1100/title HTTP/1.1
User-Agent: selenium/4.9.1 (java windows)
Cache-Control: no-cache
Content-Type: application/json; charset=utf-8
host: localhost:39002
accept: */*

Response DefaultHttpResponse(decodeResult: success, version: HTTP/1.1)
HTTP/1.1 404 Not Found
Content-Length: 831
Content-Type: application/json; charset=utf-8
cache-control: no-cache

17:42:01.334 [AsyncHttpClient-1-5] DEBUG org.asynchttpclient.netty.channel.ChannelManager - Adding key: http://localhost:39002 for channel [id: 0x33715d58, L:/127.0.0.1:51361 - R:localhost/127.0.0.1:39002]
17:42:01.336 [main] DEBUG com.codeborne.selenide.drivercommands.BrowserHealthChecker - Browser session is not found
org.openqa.selenium.NoSuchSessionException: invalid session id
Build info: version: '4.9.1', revision: 'eb2032df7f'
System info: os.name: 'Windows 10', os.arch: 'amd64', os.version: '10.0', java.version: '17'
Driver info: org.openqa.selenium.chrome.ChromeDriver
Command: [24a23a7636bfdd7fa0fe0af709de1100, getTitle {}]
Capabilities {acceptInsecureCerts: true, browserName: chrome, browserVersion: 114.0.5735.199, chrome: {chromedriverVersion: 114.0.5735.90 (386bc09e8f4f..., userDataDir: C:\Users\KFA24~1.SHM\AppDat...}, goog:chromeOptions: {debuggerAddress: localhost:51363}, networkConnectionEnabled: false, pageLoadStrategy: normal, platformName: windows, proxy: Proxy(), se:cdp: ws://localhost:51363/devtoo..., se:cdpVersion: 114.0.5735.199, setWindowRect: true, strictFileInteractability: false, timeouts: {implicit: 0, pageLoad: 300000, script: 30000}, unhandledPromptBehavior: accept, webauthn:extension:credBlob: true, webauthn:extension:largeBlob: true, webauthn:extension:minPinLength: true, webauthn:extension:prf: true, webauthn:virtualAuthenticators: true}
Session ID: 24a23a7636bfdd7fa0fe0af709de1100
	at java.base/jdk.internal.reflect.NativeConstructorAccessorImpl.newInstance0(Native Method)
	at java.base/jdk.internal.reflect.NativeConstructorAccessorImpl.newInstance(NativeConstructorAccessorImpl.java:77)
	at java.base/jdk.internal.reflect.DelegatingConstructorAccessorImpl.newInstance(DelegatingConstructorAccessorImpl.java:45)
	at java.base/java.lang.reflect.Constructor.newInstanceWithCaller(Constructor.java:499)
	at java.base/java.lang.reflect.Constructor.newInstance(Constructor.java:480)
	at org.openqa.selenium.remote.codec.w3c.W3CHttpResponseCodec.createException(W3CHttpResponseCodec.java:200)
	at org.openqa.selenium.remote.codec.w3c.W3CHttpResponseCodec.decode(W3CHttpResponseCodec.java:133)
	at org.openqa.selenium.remote.codec.w3c.W3CHttpResponseCodec.decode(W3CHttpResponseCodec.java:53)
	at org.openqa.selenium.remote.HttpCommandExecutor.execute(HttpCommandExecutor.java:193)
	at org.openqa.selenium.remote.service.DriverCommandExecutor.invokeExecute(DriverCommandExecutor.java:183)
	at org.openqa.selenium.remote.service.DriverCommandExecutor.execute(DriverCommandExecutor.java:158)
	at org.openqa.selenium.remote.RemoteWebDriver.execute(RemoteWebDriver.java:543)
	at org.openqa.selenium.remote.RemoteWebDriver.execute(RemoteWebDriver.java:598)
	at org.openqa.selenium.remote.RemoteWebDriver.execute(RemoteWebDriver.java:602)
	at org.openqa.selenium.remote.RemoteWebDriver.getTitle(RemoteWebDriver.java:302)
	at com.codeborne.selenide.drivercommands.BrowserHealthChecker.isBrowserStillOpen(BrowserHealthChecker.java:19)
	at com.codeborne.selenide.impl.WebDriverThreadLocalContainer.getAndCheckWebDriver(WebDriverThreadLocalContainer.java:158)
	at com.codeborne.selenide.WebDriverRunner.getAndCheckWebDriver(WebDriverRunner.java:130)
	at com.codeborne.selenide.impl.StaticDriver.getAndCheckWebDriver(StaticDriver.java:65)
	at com.codeborne.selenide.SelenideDriver.getAndCheckWebDriver(SelenideDriver.java:220)
	at com.codeborne.selenide.drivercommands.Navigator.lambda$navigateTo$0(Navigator.java:72)
	at com.codeborne.selenide.logevents.SelenideLogger.lambda$run$0(SelenideLogger.java:105)
	at com.codeborne.selenide.logevents.SelenideLogger.wrap(SelenideLogger.java:133)
	at com.codeborne.selenide.logevents.SelenideLogger.run(SelenideLogger.java:104)
	at com.codeborne.selenide.drivercommands.Navigator.navigateTo(Navigator.java:70)
	at com.codeborne.selenide.drivercommands.Navigator.open(Navigator.java:32)
	at com.codeborne.selenide.SelenideDriver.open(SelenideDriver.java:101)
	at com.codeborne.selenide.Selenide.open(Selenide.java:53)
	at COMBINED.BaseTests.TaskBaseTestCombined.setUp(TaskBaseTestCombined.java:27)
	at java.base/jdk.internal.reflect.NativeMethodAccessorImpl.invoke0(Native Method)
	at java.base/jdk.internal.reflect.NativeMethodAccessorImpl.invoke(NativeMethodAccessorImpl.java:77)
	at java.base/jdk.internal.reflect.DelegatingMethodAccessorImpl.invoke(DelegatingMethodAccessorImpl.java:43)
	at java.base/java.lang.reflect.Method.invoke(Method.java:568)
	at org.testng.internal.invokers.MethodInvocationHelper.invokeMethod(MethodInvocationHelper.java:139)
	at org.testng.internal.invokers.MethodInvocationHelper.invokeMethodConsideringTimeout(MethodInvocationHelper.java:69)
	at org.testng.internal.invokers.ConfigInvoker.invokeConfigurationMethod(ConfigInvoker.java:361)
	at org.testng.internal.invokers.ConfigInvoker.invokeConfigurations(ConfigInvoker.java:296)
	at org.testng.internal.invokers.TestInvoker.runConfigMethods(TestInvoker.java:823)
	at org.testng.internal.invokers.TestInvoker.invokeMethod(TestInvoker.java:590)
	at org.testng.internal.invokers.TestInvoker.invokeTestMethod(TestInvoker.java:221)
	at org.testng.internal.invokers.MethodRunner.runInSequence(MethodRunner.java:50)
	at org.testng.internal.invokers.TestInvoker$MethodInvocationAgent.invoke(TestInvoker.java:969)
	at org.testng.internal.invokers.TestInvoker.invokeTestMethods(TestInvoker.java:194)
	at org.testng.internal.invokers.TestMethodWorker.invokeTestMethods(TestMethodWorker.java:148)
	at org.testng.internal.invokers.TestMethodWorker.run(TestMethodWorker.java:128)
	at java.base/java.util.ArrayList.forEach(ArrayList.java:1511)
	at org.testng.TestRunner.privateRun(TestRunner.java:829)
	at org.testng.TestRunner.run(TestRunner.java:602)
	at org.testng.SuiteRunner.runTest(SuiteRunner.java:437)
	at org.testng.SuiteRunner.runSequentially(SuiteRunner.java:431)
	at org.testng.SuiteRunner.privateRun(SuiteRunner.java:391)
	at org.testng.SuiteRunner.run(SuiteRunner.java:330)
	at org.testng.SuiteRunnerWorker.runSuite(SuiteRunnerWorker.java:52)
	at org.testng.SuiteRunnerWorker.run(SuiteRunnerWorker.java:95)
	at org.testng.TestNG.runSuitesSequentially(TestNG.java:1256)
	at org.testng.TestNG.runSuitesLocally(TestNG.java:1176)
	at org.testng.TestNG.runSuites(TestNG.java:1099)
	at org.testng.TestNG.run(TestNG.java:1067)
	at org.apache.maven.surefire.testng.TestNGExecutor.run(TestNGExecutor.java:324)
	at org.apache.maven.surefire.testng.TestNGXmlTestSuite.execute(TestNGXmlTestSuite.java:74)
	at org.apache.maven.surefire.testng.TestNGProvider.invoke(TestNGProvider.java:123)
	at org.apache.maven.surefire.booter.ForkedBooter.runSuitesInProcess(ForkedBooter.java:456)
	at org.apache.maven.surefire.booter.ForkedBooter.execute(ForkedBooter.java:169)
	at org.apache.maven.surefire.booter.ForkedBooter.run(ForkedBooter.java:595)
	at org.apache.maven.surefire.booter.ForkedBooter.main(ForkedBooter.java:581)
17:42:01.336 [main] INFO com.codeborne.selenide.impl.WebDriverThreadLocalContainer - Webdriver has been closed meanwhile. Let's re-create it.
17:42:01.337 [main] INFO com.codeborne.selenide.impl.FileHelper - Deleted empty folder: C:\Users\k.shmana\Desktop\r_d\Kanboard\build\downloads\1690296114656_10268_1
17:42:01.337 [main] INFO com.codeborne.selenide.drivercommands.CloseDriverCommand - Close webdriver: 1 -> ChromeDriver: chrome on windows (24a23a7636bfdd7fa0fe0af709de1100)...
17:42:01.338 [Driver Command Executor] DEBUG org.asynchttpclient.netty.request.NettyRequestSender - Using pooled Channel '[id: 0x33715d58, L:/127.0.0.1:51361 - R:localhost/127.0.0.1:39002]' for 'DELETE' to 'http://localhost:39002/session/24a23a7636bfdd7fa0fe0af709de1100'
17:42:01.338 [Driver Command Executor] DEBUG org.asynchttpclient.netty.request.NettyRequestSender - Using open Channel [id: 0x33715d58, L:/127.0.0.1:51361 - R:localhost/127.0.0.1:39002] for DELETE '/session/24a23a7636bfdd7fa0fe0af709de1100'
17:42:01.339 [AsyncHttpClient-1-5] DEBUG org.asynchttpclient.netty.handler.HttpHandler - 

Request DefaultFullHttpRequest(decodeResult: success, version: HTTP/1.1, content: EmptyByteBufBE)
DELETE /session/24a23a7636bfdd7fa0fe0af709de1100 HTTP/1.1
User-Agent: selenium/4.9.1 (java windows)
Content-Type: application/json; charset=utf-8
host: localhost:39002
accept: */*

Response DefaultHttpResponse(decodeResult: success, version: HTTP/1.1)
HTTP/1.1 200 OK
Content-Length: 14
Content-Type: application/json; charset=utf-8
cache-control: no-cache

17:42:01.339 [AsyncHttpClient-1-5] DEBUG org.asynchttpclient.netty.channel.ChannelManager - Adding key: http://localhost:39002 for channel [id: 0x33715d58, L:/127.0.0.1:51361 - R:localhost/127.0.0.1:39002]
17:42:01.341 [AsyncHttpClient-1-5] DEBUG org.asynchttpclient.netty.handler.HttpHandler - Channel Closed: [id: 0x33715d58, L:/127.0.0.1:51361 ! R:localhost/127.0.0.1:39002] with attribute DISCARD
17:42:01.391 [main] INFO com.codeborne.selenide.drivercommands.CloseDriverCommand - Closed webdriver 1 in 54 ms
17:42:01.391 [main] INFO com.codeborne.selenide.drivercommands.DisposablesRegistry - Unregister WebDriverInstance[config=StaticConfig,webDriver=ChromeDriver: chrome on windows (null),proxy=null,downloadsFolder=C:\Users\k.shmana\Desktop\r_d\Kanboard\build\downloads\1690296114656_10268_1] in 1 [size=0]
17:42:01.391 [main] DEBUG com.codeborne.selenide.drivercommands.CreateDriverCommand - Creating webdriver in thread 1 (ip: 192.168.195.23, host: N-KV-TYCH1O-F81)...
17:42:01.392 [main] INFO com.codeborne.selenide.impl.FileHelper - Creating folder: C:\Users\k.shmana\Desktop\r_d\Kanboard\build\downloads\1690296121391_10268_1
17:42:01.393 [main] DEBUG com.codeborne.selenide.webdriver.WebDriverFactory - browser=chrome
17:42:01.393 [main] DEBUG com.codeborne.selenide.webdriver.WebDriverFactory - browser.version=null
17:42:01.393 [main] DEBUG com.codeborne.selenide.webdriver.WebDriverFactory - remote=null
17:42:01.393 [main] DEBUG com.codeborne.selenide.webdriver.WebDriverFactory - browserSize=1366x768
17:42:01.393 [main] DEBUG com.codeborne.selenide.webdriver.WebDriverFactory - downloadsFolder=C:\Users\k.shmana\Desktop\r_d\Kanboard\build\downloads\1690296121391_10268_1
17:42:01.394 [main] DEBUG com.codeborne.selenide.webdriver.AbstractChromiumDriverFactory - Using chromium preferences: {credentials_enable_service=false, safebrowsing.enabled=true, plugins.always_open_pdf_externally=true, profile.default_content_setting_values.automatic_downloads=1, download.default_directory=C:\Users\k.shmana\Desktop\r_d\Kanboard\build\downloads\1690296121391_10268_1}
17:42:01.394 [main] DEBUG com.codeborne.selenide.webdriver.ChromeDriverFactory - Chrome options: Capabilities {acceptInsecureCerts: true, browserName: chrome, goog:chromeOptions: {args: [--remote-allow-origins=*, --proxy-bypass-list=<-loopb..., --disable-dev-shm-usage, --window-size=1366,768], excludeSwitches: [enable-automation, load-extension], extensions: [], prefs: {credentials_enable_service: false, download.default_directory: C:\Users\k.shmana\Desktop\r..., plugins.always_open_pdf_externally: true, profile.default_content_setting_values.automatic_downloads: 1, safebrowsing.enabled: true}}, pageLoadStrategy: normal, unhandledPromptBehavior: accept}
17:42:01.400 [main] INFO com.codeborne.selenide.webdriver.SelenideNettyClientFactory - Changed readTimeout from PT3M to PT1M30S
17:42:01.476 [AsyncHttpClient-1-8] DEBUG org.asynchttpclient.netty.channel.NettyConnectListener - Using new Channel '[id: 0xba31c546, L:/127.0.0.1:51492 - R:localhost/127.0.0.1:6261]' for 'POST' to '/session'
17:42:02.023 [AsyncHttpClient-1-1] DEBUG org.asynchttpclient.netty.channel.DefaultChannelPool - Entry count for : http://localhost:39002 : 1
17:42:02.024 [AsyncHttpClient-1-1] DEBUG org.asynchttpclient.netty.channel.DefaultChannelPool - Entry count for : http://localhost:51363 : 1
17:42:02.024 [AsyncHttpClient-1-1] DEBUG org.asynchttpclient.netty.channel.DefaultChannelPool - Adding Candidate expired Channel [id: 0x33715d58, L:/127.0.0.1:51361 ! R:localhost/127.0.0.1:39002] isIdleTimeoutExpired=false isRemotelyClosed=true isTtlExpired=false
17:42:02.024 [AsyncHttpClient-1-1] DEBUG org.asynchttpclient.netty.channel.DefaultChannelPool - Closing Idle Channel [id: 0x33715d58, L:/127.0.0.1:51361 ! R:localhost/127.0.0.1:39002]
17:42:02.024 [AsyncHttpClient-1-1] DEBUG org.asynchttpclient.netty.channel.DefaultChannelPool - Adding Candidate expired Channel [id: 0x01545c47, L:/127.0.0.1:51471 ! R:localhost/127.0.0.1:51363] isIdleTimeoutExpired=false isRemotelyClosed=true isTtlExpired=false
17:42:02.024 [AsyncHttpClient-1-1] DEBUG org.asynchttpclient.netty.channel.DefaultChannelPool - Closing Idle Channel [id: 0x01545c47, L:/127.0.0.1:51471 ! R:localhost/127.0.0.1:51363]
17:42:02.024 [AsyncHttpClient-1-1] DEBUG org.asynchttpclient.netty.channel.DefaultChannelPool - Closed 2 connections out of 2 in 0 ms
17:42:02.539 [AsyncHttpClient-1-8] DEBUG org.asynchttpclient.netty.handler.HttpHandler - 

Request DefaultHttpRequest(decodeResult: success, version: HTTP/1.1)
POST /session HTTP/1.1
User-Agent: selenium/4.9.1 (java windows)
Content-Length: 996
Content-Type: application/json; charset=utf-8
host: localhost:6261
accept: */*

Response DefaultHttpResponse(decodeResult: success, version: HTTP/1.1)
HTTP/1.1 200 OK
Content-Length: 853
Content-Type: application/json; charset=utf-8
cache-control: no-cache

17:42:02.540 [AsyncHttpClient-1-8] DEBUG org.asynchttpclient.netty.channel.ChannelManager - Adding key: http://localhost:6261 for channel [id: 0xba31c546, L:/127.0.0.1:51492 - R:localhost/127.0.0.1:6261]
17:42:02.547 [main] INFO com.codeborne.selenide.webdriver.SelenideNettyClientFactory - Changed readTimeout from PT3M to PT1M30S
17:42:02.550 [AsyncHttpClient-1-9] DEBUG org.asynchttpclient.netty.channel.NettyConnectListener - Using new Channel '[id: 0x1acca7c3, L:/127.0.0.1:51504 - R:localhost/127.0.0.1:51493]' for 'GET' to '/json/version'
17:42:02.553 [AsyncHttpClient-1-9] DEBUG org.asynchttpclient.netty.handler.HttpHandler - 

Request DefaultFullHttpRequest(decodeResult: success, version: HTTP/1.1, content: EmptyByteBufBE)
GET /json/version HTTP/1.1
User-Agent: selenium/4.9.1 (java windows)
host: localhost:51493
accept: */*

Response DefaultHttpResponse(decodeResult: success, version: HTTP/1.1)
HTTP/1.1 200 OK
Content-Security-Policy: frame-ancestors 'none'
Content-Length: 424
Content-Type: application/json; charset=UTF-8

17:42:02.553 [AsyncHttpClient-1-9] DEBUG org.asynchttpclient.netty.channel.ChannelManager - Adding key: http://localhost:51493 for channel [id: 0x1acca7c3, L:/127.0.0.1:51504 - R:localhost/127.0.0.1:51493]
17:42:02.555 [main] INFO com.codeborne.selenide.webdriver.SelenideNettyClientFactory - Changed readTimeout from PT3M to PT1M30S
17:42:02.558 [AsyncHttpClient-1-10] DEBUG org.asynchttpclient.netty.channel.NettyConnectListener - Using new Channel '[id: 0x57b35001, L:/127.0.0.1:51505 - R:localhost/127.0.0.1:51493]' for 'GET' to '/devtools/browser/1b65b0f8-e0f9-4d06-bf70-281959e7a4ab'
17:42:02.560 [AsyncHttpClient-1-10] DEBUG org.asynchttpclient.netty.handler.WebSocketHandler - 

Request DefaultFullHttpRequest(decodeResult: success, version: HTTP/1.1, content: EmptyByteBufBE)
GET /devtools/browser/1b65b0f8-e0f9-4d06-bf70-281959e7a4ab HTTP/1.1
upgrade: websocket
connection: upgrade
sec-websocket-key: FWsFW4JFZMK9Bf0Kd0NH0g==
sec-websocket-version: 13
origin: http://localhost:51493
host: localhost:51493
accept: */*
user-agent: AHC/2.1

Response DefaultHttpResponse(decodeResult: success, version: HTTP/1.1)
HTTP/1.1 101 WebSocket Protocol Handshake
Upgrade: WebSocket
Connection: Upgrade
Sec-WebSocket-Accept: igzbOQHllmj7HwE+gCtoyAmW/WE=

17:42:02.565 [Forwarding setTimeout on session 0f2143eaf234eb2c398b0c1ae93f7695 to remote] DEBUG org.asynchttpclient.netty.request.NettyRequestSender - Using pooled Channel '[id: 0xba31c546, L:/127.0.0.1:51492 - R:localhost/127.0.0.1:6261]' for 'POST' to 'http://localhost:6261/session/0f2143eaf234eb2c398b0c1ae93f7695/timeouts'
17:42:02.565 [Forwarding setTimeout on session 0f2143eaf234eb2c398b0c1ae93f7695 to remote] DEBUG org.asynchttpclient.netty.request.NettyRequestSender - Using open Channel [id: 0xba31c546, L:/127.0.0.1:51492 - R:localhost/127.0.0.1:6261] for POST '/session/0f2143eaf234eb2c398b0c1ae93f7695/timeouts'
17:42:02.566 [AsyncHttpClient-1-8] DEBUG org.asynchttpclient.netty.handler.HttpHandler - 

Request DefaultHttpRequest(decodeResult: success, version: HTTP/1.1)
POST /session/0f2143eaf234eb2c398b0c1ae93f7695/timeouts HTTP/1.1
User-Agent: selenium/4.9.1 (java windows)
Content-Length: 23
Content-Type: application/json; charset=utf-8
host: localhost:6261
accept: */*

Response DefaultHttpResponse(decodeResult: success, version: HTTP/1.1)
HTTP/1.1 200 OK
Content-Length: 14
Content-Type: application/json; charset=utf-8
cache-control: no-cache

17:42:02.566 [AsyncHttpClient-1-8] DEBUG org.asynchttpclient.netty.channel.ChannelManager - Adding key: http://localhost:6261 for channel [id: 0xba31c546, L:/127.0.0.1:51492 - R:localhost/127.0.0.1:6261]
17:42:02.567 [main] INFO com.codeborne.selenide.webdriver.WebDriverFactory - BrowserName=chrome Version=114.0.5735.199 Platform=windows
17:42:02.567 [main] INFO com.codeborne.selenide.webdriver.WebDriverFactory - Selenide v. 6.15.0
17:42:02.567 [main] INFO com.codeborne.selenide.webdriver.WebDriverFactory - Selenium WebDriver v. 4.9.1 build revision: eb2032df7f
17:42:02.567 [main] INFO com.codeborne.selenide.drivercommands.CreateDriverCommand - Created webdriver in thread 1: ChromeDriver -> ChromeDriver: chrome on windows (0f2143eaf234eb2c398b0c1ae93f7695)
17:42:02.567 [main] INFO com.codeborne.selenide.drivercommands.DisposablesRegistry - Register WebDriverInstance[config=StaticConfig,webDriver=ChromeDriver: chrome on windows (0f2143eaf234eb2c398b0c1ae93f7695),proxy=null,downloadsFolder=C:\Users\k.shmana\Desktop\r_d\Kanboard\build\downloads\1690296121391_10268_1] in 1 [size=1]
17:42:02.567 [Forwarding get on session 0f2143eaf234eb2c398b0c1ae93f7695 to remote] DEBUG org.asynchttpclient.netty.request.NettyRequestSender - Using pooled Channel '[id: 0xba31c546, L:/127.0.0.1:51492 - R:localhost/127.0.0.1:6261]' for 'POST' to 'http://localhost:6261/session/0f2143eaf234eb2c398b0c1ae93f7695/url'
17:42:02.567 [Forwarding get on session 0f2143eaf234eb2c398b0c1ae93f7695 to remote] DEBUG org.asynchttpclient.netty.request.NettyRequestSender - Using open Channel [id: 0xba31c546, L:/127.0.0.1:51492 - R:localhost/127.0.0.1:6261] for POST '/session/0f2143eaf234eb2c398b0c1ae93f7695/url'
17:42:03.035 [AsyncHttpClient-1-8] DEBUG org.asynchttpclient.netty.handler.HttpHandler - 

Request DefaultHttpRequest(decodeResult: success, version: HTTP/1.1)
POST /session/0f2143eaf234eb2c398b0c1ae93f7695/url HTTP/1.1
User-Agent: selenium/4.9.1 (java windows)
Content-Length: 55
Content-Type: application/json; charset=utf-8
host: localhost:6261
accept: */*

Response DefaultHttpResponse(decodeResult: success, version: HTTP/1.1)
HTTP/1.1 200 OK
Content-Length: 14
Content-Type: application/json; charset=utf-8
cache-control: no-cache

17:42:03.035 [AsyncHttpClient-1-8] DEBUG org.asynchttpclient.netty.channel.ChannelManager - Adding key: http://localhost:6261 for channel [id: 0xba31c546, L:/127.0.0.1:51492 - R:localhost/127.0.0.1:6261]
17:42:03.046 [Forwarding findElement on session 0f2143eaf234eb2c398b0c1ae93f7695 to remote] DEBUG org.asynchttpclient.netty.request.NettyRequestSender - Using pooled Channel '[id: 0xba31c546, L:/127.0.0.1:51492 - R:localhost/127.0.0.1:6261]' for 'POST' to 'http://localhost:6261/session/0f2143eaf234eb2c398b0c1ae93f7695/element'
17:42:03.046 [Forwarding findElement on session 0f2143eaf234eb2c398b0c1ae93f7695 to remote] DEBUG org.asynchttpclient.netty.request.NettyRequestSender - Using open Channel [id: 0xba31c546, L:/127.0.0.1:51492 - R:localhost/127.0.0.1:6261] for POST '/session/0f2143eaf234eb2c398b0c1ae93f7695/element'
17:42:03.063 [AsyncHttpClient-1-8] DEBUG org.asynchttpclient.netty.handler.HttpHandler - 

Request DefaultHttpRequest(decodeResult: success, version: HTTP/1.1)
POST /session/0f2143eaf234eb2c398b0c1ae93f7695/element HTTP/1.1
User-Agent: selenium/4.9.1 (java windows)
Content-Length: 75
Content-Type: application/json; charset=utf-8
host: localhost:6261
accept: */*

Response DefaultHttpResponse(decodeResult: success, version: HTTP/1.1)
HTTP/1.1 200 OK
Content-Length: 94
Content-Type: application/json; charset=utf-8
cache-control: no-cache

17:42:03.063 [AsyncHttpClient-1-8] DEBUG org.asynchttpclient.netty.channel.ChannelManager - Adding key: http://localhost:6261 for channel [id: 0xba31c546, L:/127.0.0.1:51492 - R:localhost/127.0.0.1:6261]
17:42:03.065 [Forwarding sendKeysToElement on session 0f2143eaf234eb2c398b0c1ae93f7695 to remote] DEBUG org.asynchttpclient.netty.request.NettyRequestSender - Using pooled Channel '[id: 0xba31c546, L:/127.0.0.1:51492 - R:localhost/127.0.0.1:6261]' for 'POST' to 'http://localhost:6261/session/0f2143eaf234eb2c398b0c1ae93f7695/element/02D2EF1411BD52936D7DA1FC3148583C_element_2/value'
17:42:03.065 [Forwarding sendKeysToElement on session 0f2143eaf234eb2c398b0c1ae93f7695 to remote] DEBUG org.asynchttpclient.netty.request.NettyRequestSender - Using open Channel [id: 0xba31c546, L:/127.0.0.1:51492 - R:localhost/127.0.0.1:6261] for POST '/session/0f2143eaf234eb2c398b0c1ae93f7695/element/02D2EF1411BD52936D7DA1FC3148583C_element_2/value'
17:42:03.123 [AsyncHttpClient-1-1] DEBUG org.asynchttpclient.netty.channel.DefaultChannelPool - Entry count for : http://localhost:51493 : 1
17:42:03.144 [AsyncHttpClient-1-8] DEBUG org.asynchttpclient.netty.handler.HttpHandler - 

Request DefaultHttpRequest(decodeResult: success, version: HTTP/1.1)
POST /session/0f2143eaf234eb2c398b0c1ae93f7695/element/02D2EF1411BD52936D7DA1FC3148583C_element_2/value HTTP/1.1
User-Agent: selenium/4.9.1 (java windows)
Content-Length: 267
Content-Type: application/json; charset=utf-8
host: localhost:6261
accept: */*

Response DefaultHttpResponse(decodeResult: success, version: HTTP/1.1)
HTTP/1.1 200 OK
Content-Length: 14
Content-Type: application/json; charset=utf-8
cache-control: no-cache

17:42:03.144 [AsyncHttpClient-1-8] DEBUG org.asynchttpclient.netty.channel.ChannelManager - Adding key: http://localhost:6261 for channel [id: 0xba31c546, L:/127.0.0.1:51492 - R:localhost/127.0.0.1:6261]
17:42:03.146 [Forwarding findElement on session 0f2143eaf234eb2c398b0c1ae93f7695 to remote] DEBUG org.asynchttpclient.netty.request.NettyRequestSender - Using pooled Channel '[id: 0xba31c546, L:/127.0.0.1:51492 - R:localhost/127.0.0.1:6261]' for 'POST' to 'http://localhost:6261/session/0f2143eaf234eb2c398b0c1ae93f7695/element'
17:42:03.146 [Forwarding findElement on session 0f2143eaf234eb2c398b0c1ae93f7695 to remote] DEBUG org.asynchttpclient.netty.request.NettyRequestSender - Using open Channel [id: 0xba31c546, L:/127.0.0.1:51492 - R:localhost/127.0.0.1:6261] for POST '/session/0f2143eaf234eb2c398b0c1ae93f7695/element'
17:42:03.165 [AsyncHttpClient-1-8] DEBUG org.asynchttpclient.netty.handler.HttpHandler - 

Request DefaultHttpRequest(decodeResult: success, version: HTTP/1.1)
POST /session/0f2143eaf234eb2c398b0c1ae93f7695/element HTTP/1.1
User-Agent: selenium/4.9.1 (java windows)
Content-Length: 75
Content-Type: application/json; charset=utf-8
host: localhost:6261
accept: */*

Response DefaultHttpResponse(decodeResult: success, version: HTTP/1.1)
HTTP/1.1 200 OK
Content-Length: 94
Content-Type: application/json; charset=utf-8
cache-control: no-cache

17:42:03.165 [AsyncHttpClient-1-8] DEBUG org.asynchttpclient.netty.channel.ChannelManager - Adding key: http://localhost:6261 for channel [id: 0xba31c546, L:/127.0.0.1:51492 - R:localhost/127.0.0.1:6261]
17:42:03.167 [Forwarding sendKeysToElement on session 0f2143eaf234eb2c398b0c1ae93f7695 to remote] DEBUG org.asynchttpclient.netty.request.NettyRequestSender - Using pooled Channel '[id: 0xba31c546, L:/127.0.0.1:51492 - R:localhost/127.0.0.1:6261]' for 'POST' to 'http://localhost:6261/session/0f2143eaf234eb2c398b0c1ae93f7695/element/02D2EF1411BD52936D7DA1FC3148583C_element_3/value'
17:42:03.167 [Forwarding sendKeysToElement on session 0f2143eaf234eb2c398b0c1ae93f7695 to remote] DEBUG org.asynchttpclient.netty.request.NettyRequestSender - Using open Channel [id: 0xba31c546, L:/127.0.0.1:51492 - R:localhost/127.0.0.1:6261] for POST '/session/0f2143eaf234eb2c398b0c1ae93f7695/element/02D2EF1411BD52936D7DA1FC3148583C_element_3/value'
17:42:03.268 [AsyncHttpClient-1-8] DEBUG org.asynchttpclient.netty.handler.HttpHandler - 

Request DefaultHttpRequest(decodeResult: success, version: HTTP/1.1)
POST /session/0f2143eaf234eb2c398b0c1ae93f7695/element/02D2EF1411BD52936D7DA1FC3148583C_element_3/value HTTP/1.1
User-Agent: selenium/4.9.1 (java windows)
Content-Length: 297
Content-Type: application/json; charset=utf-8
host: localhost:6261
accept: */*

Response DefaultHttpResponse(decodeResult: success, version: HTTP/1.1)
HTTP/1.1 200 OK
Content-Length: 14
Content-Type: application/json; charset=utf-8
cache-control: no-cache

17:42:03.268 [AsyncHttpClient-1-8] DEBUG org.asynchttpclient.netty.channel.ChannelManager - Adding key: http://localhost:6261 for channel [id: 0xba31c546, L:/127.0.0.1:51492 - R:localhost/127.0.0.1:6261]
17:42:03.270 [Forwarding findElement on session 0f2143eaf234eb2c398b0c1ae93f7695 to remote] DEBUG org.asynchttpclient.netty.request.NettyRequestSender - Using pooled Channel '[id: 0xba31c546, L:/127.0.0.1:51492 - R:localhost/127.0.0.1:6261]' for 'POST' to 'http://localhost:6261/session/0f2143eaf234eb2c398b0c1ae93f7695/element'
17:42:03.271 [Forwarding findElement on session 0f2143eaf234eb2c398b0c1ae93f7695 to remote] DEBUG org.asynchttpclient.netty.request.NettyRequestSender - Using open Channel [id: 0xba31c546, L:/127.0.0.1:51492 - R:localhost/127.0.0.1:6261] for POST '/session/0f2143eaf234eb2c398b0c1ae93f7695/element'
17:42:03.284 [AsyncHttpClient-1-8] DEBUG org.asynchttpclient.netty.handler.HttpHandler - 

Request DefaultHttpRequest(decodeResult: success, version: HTTP/1.1)
POST /session/0f2143eaf234eb2c398b0c1ae93f7695/element HTTP/1.1
User-Agent: selenium/4.9.1 (java windows)
Content-Length: 73
Content-Type: application/json; charset=utf-8
host: localhost:6261
accept: */*

Response DefaultHttpResponse(decodeResult: success, version: HTTP/1.1)
HTTP/1.1 200 OK
Content-Length: 94
Content-Type: application/json; charset=utf-8
cache-control: no-cache

17:42:03.284 [AsyncHttpClient-1-8] DEBUG org.asynchttpclient.netty.channel.ChannelManager - Adding key: http://localhost:6261 for channel [id: 0xba31c546, L:/127.0.0.1:51492 - R:localhost/127.0.0.1:6261]
17:42:03.287 [Forwarding isElementDisplayed on session 0f2143eaf234eb2c398b0c1ae93f7695 to remote] DEBUG org.asynchttpclient.netty.request.NettyRequestSender - Using pooled Channel '[id: 0xba31c546, L:/127.0.0.1:51492 - R:localhost/127.0.0.1:6261]' for 'POST' to 'http://localhost:6261/session/0f2143eaf234eb2c398b0c1ae93f7695/execute/sync'
17:42:03.287 [Forwarding isElementDisplayed on session 0f2143eaf234eb2c398b0c1ae93f7695 to remote] DEBUG org.asynchttpclient.netty.request.NettyRequestSender - Using open Channel [id: 0xba31c546, L:/127.0.0.1:51492 - R:localhost/127.0.0.1:6261] for POST '/session/0f2143eaf234eb2c398b0c1ae93f7695/execute/sync'
17:42:03.302 [AsyncHttpClient-1-8] DEBUG org.asynchttpclient.netty.handler.HttpHandler - 

Request DefaultHttpRequest(decodeResult: success, version: HTTP/1.1)
POST /session/0f2143eaf234eb2c398b0c1ae93f7695/execute/sync HTTP/1.1
User-Agent: selenium/4.9.1 (java windows)
Content-Length: 48813
Content-Type: application/json; charset=utf-8
host: localhost:6261
accept: */*

Response DefaultHttpResponse(decodeResult: success, version: HTTP/1.1)
HTTP/1.1 200 OK
Content-Length: 14
Content-Type: application/json; charset=utf-8
cache-control: no-cache

17:42:03.302 [AsyncHttpClient-1-8] DEBUG org.asynchttpclient.netty.channel.ChannelManager - Adding key: http://localhost:6261 for channel [id: 0xba31c546, L:/127.0.0.1:51492 - R:localhost/127.0.0.1:6261]
17:42:03.304 [Forwarding isElementEnabled on session 0f2143eaf234eb2c398b0c1ae93f7695 to remote] DEBUG org.asynchttpclient.netty.request.NettyRequestSender - Using pooled Channel '[id: 0xba31c546, L:/127.0.0.1:51492 - R:localhost/127.0.0.1:6261]' for 'GET' to 'http://localhost:6261/session/0f2143eaf234eb2c398b0c1ae93f7695/element/02D2EF1411BD52936D7DA1FC3148583C_element_5/enabled'
17:42:03.304 [Forwarding isElementEnabled on session 0f2143eaf234eb2c398b0c1ae93f7695 to remote] DEBUG org.asynchttpclient.netty.request.NettyRequestSender - Using open Channel [id: 0xba31c546, L:/127.0.0.1:51492 - R:localhost/127.0.0.1:6261] for GET '/session/0f2143eaf234eb2c398b0c1ae93f7695/element/02D2EF1411BD52936D7DA1FC3148583C_element_5/enabled'
17:42:03.310 [AsyncHttpClient-1-8] DEBUG org.asynchttpclient.netty.handler.HttpHandler - 

Request DefaultFullHttpRequest(decodeResult: success, version: HTTP/1.1, content: EmptyByteBufBE)
GET /session/0f2143eaf234eb2c398b0c1ae93f7695/element/02D2EF1411BD52936D7DA1FC3148583C_element_5/enabled HTTP/1.1
User-Agent: selenium/4.9.1 (java windows)
Cache-Control: no-cache
Content-Type: application/json; charset=utf-8
host: localhost:6261
accept: */*

Response DefaultHttpResponse(decodeResult: success, version: HTTP/1.1)
HTTP/1.1 200 OK
Content-Length: 14
Content-Type: application/json; charset=utf-8
cache-control: no-cache

17:42:03.311 [AsyncHttpClient-1-8] DEBUG org.asynchttpclient.netty.channel.ChannelManager - Adding key: http://localhost:6261 for channel [id: 0xba31c546, L:/127.0.0.1:51492 - R:localhost/127.0.0.1:6261]
17:42:03.311 [Forwarding clickElement on session 0f2143eaf234eb2c398b0c1ae93f7695 to remote] DEBUG org.asynchttpclient.netty.request.NettyRequestSender - Using pooled Channel '[id: 0xba31c546, L:/127.0.0.1:51492 - R:localhost/127.0.0.1:6261]' for 'POST' to 'http://localhost:6261/session/0f2143eaf234eb2c398b0c1ae93f7695/element/02D2EF1411BD52936D7DA1FC3148583C_element_5/click'
17:42:03.312 [Forwarding clickElement on session 0f2143eaf234eb2c398b0c1ae93f7695 to remote] DEBUG org.asynchttpclient.netty.request.NettyRequestSender - Using open Channel [id: 0xba31c546, L:/127.0.0.1:51492 - R:localhost/127.0.0.1:6261] for POST '/session/0f2143eaf234eb2c398b0c1ae93f7695/element/02D2EF1411BD52936D7DA1FC3148583C_element_5/click'
17:42:03.590 [AsyncHttpClient-1-8] DEBUG org.asynchttpclient.netty.handler.HttpHandler - 

Request DefaultHttpRequest(decodeResult: success, version: HTTP/1.1)
POST /session/0f2143eaf234eb2c398b0c1ae93f7695/element/02D2EF1411BD52936D7DA1FC3148583C_element_5/click HTTP/1.1
User-Agent: selenium/4.9.1 (java windows)
Content-Length: 56
Content-Type: application/json; charset=utf-8
host: localhost:6261
accept: */*

Response DefaultHttpResponse(decodeResult: success, version: HTTP/1.1)
HTTP/1.1 200 OK
Content-Length: 14
Content-Type: application/json; charset=utf-8
cache-control: no-cache

17:42:03.590 [AsyncHttpClient-1-8] DEBUG org.asynchttpclient.netty.channel.ChannelManager - Adding key: http://localhost:6261 for channel [id: 0xba31c546, L:/127.0.0.1:51492 - R:localhost/127.0.0.1:6261]
17:42:03.592 [Forwarding findElement on session 0f2143eaf234eb2c398b0c1ae93f7695 to remote] DEBUG org.asynchttpclient.netty.request.NettyRequestSender - Using pooled Channel '[id: 0xba31c546, L:/127.0.0.1:51492 - R:localhost/127.0.0.1:6261]' for 'POST' to 'http://localhost:6261/session/0f2143eaf234eb2c398b0c1ae93f7695/element'
17:42:03.592 [Forwarding findElement on session 0f2143eaf234eb2c398b0c1ae93f7695 to remote] DEBUG org.asynchttpclient.netty.request.NettyRequestSender - Using open Channel [id: 0xba31c546, L:/127.0.0.1:51492 - R:localhost/127.0.0.1:6261] for POST '/session/0f2143eaf234eb2c398b0c1ae93f7695/element'
17:42:03.609 [AsyncHttpClient-1-8] DEBUG org.asynchttpclient.netty.handler.HttpHandler - 

Request DefaultHttpRequest(decodeResult: success, version: HTTP/1.1)
POST /session/0f2143eaf234eb2c398b0c1ae93f7695/element HTTP/1.1
User-Agent: selenium/4.9.1 (java windows)
Content-Length: 72
Content-Type: application/json; charset=utf-8
host: localhost:6261
accept: */*

Response DefaultHttpResponse(decodeResult: success, version: HTTP/1.1)
HTTP/1.1 200 OK
Content-Length: 94
Content-Type: application/json; charset=utf-8
cache-control: no-cache

17:42:03.609 [AsyncHttpClient-1-8] DEBUG org.asynchttpclient.netty.channel.ChannelManager - Adding key: http://localhost:6261 for channel [id: 0xba31c546, L:/127.0.0.1:51492 - R:localhost/127.0.0.1:6261]
17:42:03.612 [Forwarding isElementDisplayed on session 0f2143eaf234eb2c398b0c1ae93f7695 to remote] DEBUG org.asynchttpclient.netty.request.NettyRequestSender - Using pooled Channel '[id: 0xba31c546, L:/127.0.0.1:51492 - R:localhost/127.0.0.1:6261]' for 'POST' to 'http://localhost:6261/session/0f2143eaf234eb2c398b0c1ae93f7695/execute/sync'
17:42:03.612 [Forwarding isElementDisplayed on session 0f2143eaf234eb2c398b0c1ae93f7695 to remote] DEBUG org.asynchttpclient.netty.request.NettyRequestSender - Using open Channel [id: 0xba31c546, L:/127.0.0.1:51492 - R:localhost/127.0.0.1:6261] for POST '/session/0f2143eaf234eb2c398b0c1ae93f7695/execute/sync'
17:42:03.625 [AsyncHttpClient-1-8] DEBUG org.asynchttpclient.netty.handler.HttpHandler - 

Request DefaultHttpRequest(decodeResult: success, version: HTTP/1.1)
POST /session/0f2143eaf234eb2c398b0c1ae93f7695/execute/sync HTTP/1.1
User-Agent: selenium/4.9.1 (java windows)
Content-Length: 48813
Content-Type: application/json; charset=utf-8
host: localhost:6261
accept: */*

Response DefaultHttpResponse(decodeResult: success, version: HTTP/1.1)
HTTP/1.1 200 OK
Content-Length: 14
Content-Type: application/json; charset=utf-8
cache-control: no-cache

17:42:03.625 [AsyncHttpClient-1-8] DEBUG org.asynchttpclient.netty.channel.ChannelManager - Adding key: http://localhost:6261 for channel [id: 0xba31c546, L:/127.0.0.1:51492 - R:localhost/127.0.0.1:6261]
17:42:03.626 [Forwarding isElementEnabled on session 0f2143eaf234eb2c398b0c1ae93f7695 to remote] DEBUG org.asynchttpclient.netty.request.NettyRequestSender - Using pooled Channel '[id: 0xba31c546, L:/127.0.0.1:51492 - R:localhost/127.0.0.1:6261]' for 'GET' to 'http://localhost:6261/session/0f2143eaf234eb2c398b0c1ae93f7695/element/714F5FEA713464EDEE165B4A2305B54D_element_7/enabled'
17:42:03.626 [Forwarding isElementEnabled on session 0f2143eaf234eb2c398b0c1ae93f7695 to remote] DEBUG org.asynchttpclient.netty.request.NettyRequestSender - Using open Channel [id: 0xba31c546, L:/127.0.0.1:51492 - R:localhost/127.0.0.1:6261] for GET '/session/0f2143eaf234eb2c398b0c1ae93f7695/element/714F5FEA713464EDEE165B4A2305B54D_element_7/enabled'
17:42:03.636 [AsyncHttpClient-1-8] DEBUG org.asynchttpclient.netty.handler.HttpHandler - 

Request DefaultFullHttpRequest(decodeResult: success, version: HTTP/1.1, content: EmptyByteBufBE)
GET /session/0f2143eaf234eb2c398b0c1ae93f7695/element/714F5FEA713464EDEE165B4A2305B54D_element_7/enabled HTTP/1.1
User-Agent: selenium/4.9.1 (java windows)
Cache-Control: no-cache
Content-Type: application/json; charset=utf-8
host: localhost:6261
accept: */*

Response DefaultHttpResponse(decodeResult: success, version: HTTP/1.1)
HTTP/1.1 200 OK
Content-Length: 14
Content-Type: application/json; charset=utf-8
cache-control: no-cache

17:42:03.636 [AsyncHttpClient-1-8] DEBUG org.asynchttpclient.netty.channel.ChannelManager - Adding key: http://localhost:6261 for channel [id: 0xba31c546, L:/127.0.0.1:51492 - R:localhost/127.0.0.1:6261]
17:42:03.638 [Forwarding clickElement on session 0f2143eaf234eb2c398b0c1ae93f7695 to remote] DEBUG org.asynchttpclient.netty.request.NettyRequestSender - Using pooled Channel '[id: 0xba31c546, L:/127.0.0.1:51492 - R:localhost/127.0.0.1:6261]' for 'POST' to 'http://localhost:6261/session/0f2143eaf234eb2c398b0c1ae93f7695/element/714F5FEA713464EDEE165B4A2305B54D_element_7/click'
17:42:03.638 [Forwarding clickElement on session 0f2143eaf234eb2c398b0c1ae93f7695 to remote] DEBUG org.asynchttpclient.netty.request.NettyRequestSender - Using open Channel [id: 0xba31c546, L:/127.0.0.1:51492 - R:localhost/127.0.0.1:6261] for POST '/session/0f2143eaf234eb2c398b0c1ae93f7695/element/714F5FEA713464EDEE165B4A2305B54D_element_7/click'
17:42:03.780 [AsyncHttpClient-1-8] DEBUG org.asynchttpclient.netty.handler.HttpHandler - 

Request DefaultHttpRequest(decodeResult: success, version: HTTP/1.1)
POST /session/0f2143eaf234eb2c398b0c1ae93f7695/element/714F5FEA713464EDEE165B4A2305B54D_element_7/click HTTP/1.1
User-Agent: selenium/4.9.1 (java windows)
Content-Length: 56
Content-Type: application/json; charset=utf-8
host: localhost:6261
accept: */*

Response DefaultHttpResponse(decodeResult: success, version: HTTP/1.1)
HTTP/1.1 200 OK
Content-Length: 14
Content-Type: application/json; charset=utf-8
cache-control: no-cache

17:42:03.781 [AsyncHttpClient-1-8] DEBUG org.asynchttpclient.netty.channel.ChannelManager - Adding key: http://localhost:6261 for channel [id: 0xba31c546, L:/127.0.0.1:51492 - R:localhost/127.0.0.1:6261]
17:42:03.782 [Forwarding findElement on session 0f2143eaf234eb2c398b0c1ae93f7695 to remote] DEBUG org.asynchttpclient.netty.request.NettyRequestSender - Using pooled Channel '[id: 0xba31c546, L:/127.0.0.1:51492 - R:localhost/127.0.0.1:6261]' for 'POST' to 'http://localhost:6261/session/0f2143eaf234eb2c398b0c1ae93f7695/element'
17:42:03.782 [Forwarding findElement on session 0f2143eaf234eb2c398b0c1ae93f7695 to remote] DEBUG org.asynchttpclient.netty.request.NettyRequestSender - Using open Channel [id: 0xba31c546, L:/127.0.0.1:51492 - R:localhost/127.0.0.1:6261] for POST '/session/0f2143eaf234eb2c398b0c1ae93f7695/element'
17:42:03.795 [AsyncHttpClient-1-8] DEBUG org.asynchttpclient.netty.handler.HttpHandler - 

Request DefaultHttpRequest(decodeResult: success, version: HTTP/1.1)
POST /session/0f2143eaf234eb2c398b0c1ae93f7695/element HTTP/1.1
User-Agent: selenium/4.9.1 (java windows)
Content-Length: 80
Content-Type: application/json; charset=utf-8
host: localhost:6261
accept: */*

Response DefaultHttpResponse(decodeResult: success, version: HTTP/1.1)
HTTP/1.1 200 OK
Content-Length: 95
Content-Type: application/json; charset=utf-8
cache-control: no-cache

17:42:03.796 [AsyncHttpClient-1-8] DEBUG org.asynchttpclient.netty.channel.ChannelManager - Adding key: http://localhost:6261 for channel [id: 0xba31c546, L:/127.0.0.1:51492 - R:localhost/127.0.0.1:6261]
17:42:03.799 [Forwarding isElementDisplayed on session 0f2143eaf234eb2c398b0c1ae93f7695 to remote] DEBUG org.asynchttpclient.netty.request.NettyRequestSender - Using pooled Channel '[id: 0xba31c546, L:/127.0.0.1:51492 - R:localhost/127.0.0.1:6261]' for 'POST' to 'http://localhost:6261/session/0f2143eaf234eb2c398b0c1ae93f7695/execute/sync'
17:42:03.800 [Forwarding isElementDisplayed on session 0f2143eaf234eb2c398b0c1ae93f7695 to remote] DEBUG org.asynchttpclient.netty.request.NettyRequestSender - Using open Channel [id: 0xba31c546, L:/127.0.0.1:51492 - R:localhost/127.0.0.1:6261] for POST '/session/0f2143eaf234eb2c398b0c1ae93f7695/execute/sync'
17:42:03.810 [AsyncHttpClient-1-8] DEBUG org.asynchttpclient.netty.handler.HttpHandler - 

Request DefaultHttpRequest(decodeResult: success, version: HTTP/1.1)
POST /session/0f2143eaf234eb2c398b0c1ae93f7695/execute/sync HTTP/1.1
User-Agent: selenium/4.9.1 (java windows)
Content-Length: 48814
Content-Type: application/json; charset=utf-8
host: localhost:6261
accept: */*

Response DefaultHttpResponse(decodeResult: success, version: HTTP/1.1)
HTTP/1.1 200 OK
Content-Length: 14
Content-Type: application/json; charset=utf-8
cache-control: no-cache

17:42:03.811 [AsyncHttpClient-1-8] DEBUG org.asynchttpclient.netty.channel.ChannelManager - Adding key: http://localhost:6261 for channel [id: 0xba31c546, L:/127.0.0.1:51492 - R:localhost/127.0.0.1:6261]
17:42:03.812 [Forwarding isElementEnabled on session 0f2143eaf234eb2c398b0c1ae93f7695 to remote] DEBUG org.asynchttpclient.netty.request.NettyRequestSender - Using pooled Channel '[id: 0xba31c546, L:/127.0.0.1:51492 - R:localhost/127.0.0.1:6261]' for 'GET' to 'http://localhost:6261/session/0f2143eaf234eb2c398b0c1ae93f7695/element/1FF846C23796B02D3EA41CB2A222BACD_element_20/enabled'
17:42:03.812 [Forwarding isElementEnabled on session 0f2143eaf234eb2c398b0c1ae93f7695 to remote] DEBUG org.asynchttpclient.netty.request.NettyRequestSender - Using open Channel [id: 0xba31c546, L:/127.0.0.1:51492 - R:localhost/127.0.0.1:6261] for GET '/session/0f2143eaf234eb2c398b0c1ae93f7695/element/1FF846C23796B02D3EA41CB2A222BACD_element_20/enabled'
17:42:03.819 [AsyncHttpClient-1-8] DEBUG org.asynchttpclient.netty.handler.HttpHandler - 

Request DefaultFullHttpRequest(decodeResult: success, version: HTTP/1.1, content: EmptyByteBufBE)
GET /session/0f2143eaf234eb2c398b0c1ae93f7695/element/1FF846C23796B02D3EA41CB2A222BACD_element_20/enabled HTTP/1.1
User-Agent: selenium/4.9.1 (java windows)
Cache-Control: no-cache
Content-Type: application/json; charset=utf-8
host: localhost:6261
accept: */*

Response DefaultHttpResponse(decodeResult: success, version: HTTP/1.1)
HTTP/1.1 200 OK
Content-Length: 14
Content-Type: application/json; charset=utf-8
cache-control: no-cache

17:42:03.819 [AsyncHttpClient-1-8] DEBUG org.asynchttpclient.netty.channel.ChannelManager - Adding key: http://localhost:6261 for channel [id: 0xba31c546, L:/127.0.0.1:51492 - R:localhost/127.0.0.1:6261]
17:42:03.821 [Forwarding clickElement on session 0f2143eaf234eb2c398b0c1ae93f7695 to remote] DEBUG org.asynchttpclient.netty.request.NettyRequestSender - Using pooled Channel '[id: 0xba31c546, L:/127.0.0.1:51492 - R:localhost/127.0.0.1:6261]' for 'POST' to 'http://localhost:6261/session/0f2143eaf234eb2c398b0c1ae93f7695/element/1FF846C23796B02D3EA41CB2A222BACD_element_20/click'
17:42:03.821 [Forwarding clickElement on session 0f2143eaf234eb2c398b0c1ae93f7695 to remote] DEBUG org.asynchttpclient.netty.request.NettyRequestSender - Using open Channel [id: 0xba31c546, L:/127.0.0.1:51492 - R:localhost/127.0.0.1:6261] for POST '/session/0f2143eaf234eb2c398b0c1ae93f7695/element/1FF846C23796B02D3EA41CB2A222BACD_element_20/click'
17:42:03.863 [AsyncHttpClient-1-8] DEBUG org.asynchttpclient.netty.handler.HttpHandler - 

Request DefaultHttpRequest(decodeResult: success, version: HTTP/1.1)
POST /session/0f2143eaf234eb2c398b0c1ae93f7695/element/1FF846C23796B02D3EA41CB2A222BACD_element_20/click HTTP/1.1
User-Agent: selenium/4.9.1 (java windows)
Content-Length: 57
Content-Type: application/json; charset=utf-8
host: localhost:6261
accept: */*

Response DefaultHttpResponse(decodeResult: success, version: HTTP/1.1)
HTTP/1.1 200 OK
Content-Length: 14
Content-Type: application/json; charset=utf-8
cache-control: no-cache

17:42:03.864 [AsyncHttpClient-1-8] DEBUG org.asynchttpclient.netty.channel.ChannelManager - Adding key: http://localhost:6261 for channel [id: 0xba31c546, L:/127.0.0.1:51492 - R:localhost/127.0.0.1:6261]
17:42:03.865 [Forwarding findElement on session 0f2143eaf234eb2c398b0c1ae93f7695 to remote] DEBUG org.asynchttpclient.netty.request.NettyRequestSender - Using pooled Channel '[id: 0xba31c546, L:/127.0.0.1:51492 - R:localhost/127.0.0.1:6261]' for 'POST' to 'http://localhost:6261/session/0f2143eaf234eb2c398b0c1ae93f7695/element'
17:42:03.865 [Forwarding findElement on session 0f2143eaf234eb2c398b0c1ae93f7695 to remote] DEBUG org.asynchttpclient.netty.request.NettyRequestSender - Using open Channel [id: 0xba31c546, L:/127.0.0.1:51492 - R:localhost/127.0.0.1:6261] for POST '/session/0f2143eaf234eb2c398b0c1ae93f7695/element'
17:42:03.926 [AsyncHttpClient-1-8] DEBUG org.asynchttpclient.netty.handler.HttpHandler - 

Request DefaultHttpRequest(decodeResult: success, version: HTTP/1.1)
POST /session/0f2143eaf234eb2c398b0c1ae93f7695/element HTTP/1.1
User-Agent: selenium/4.9.1 (java windows)
Content-Length: 69
Content-Type: application/json; charset=utf-8
host: localhost:6261
accept: */*

Response DefaultHttpResponse(decodeResult: success, version: HTTP/1.1)
HTTP/1.1 404 Not Found
Content-Length: 970
Content-Type: application/json; charset=utf-8
cache-control: no-cache

17:42:03.927 [AsyncHttpClient-1-8] DEBUG org.asynchttpclient.netty.channel.ChannelManager - Adding key: http://localhost:6261 for channel [id: 0xba31c546, L:/127.0.0.1:51492 - R:localhost/127.0.0.1:6261]
17:42:04.138 [Forwarding findElement on session 0f2143eaf234eb2c398b0c1ae93f7695 to remote] DEBUG org.asynchttpclient.netty.request.NettyRequestSender - Using pooled Channel '[id: 0xba31c546, L:/127.0.0.1:51492 - R:localhost/127.0.0.1:6261]' for 'POST' to 'http://localhost:6261/session/0f2143eaf234eb2c398b0c1ae93f7695/element'
17:42:04.138 [Forwarding findElement on session 0f2143eaf234eb2c398b0c1ae93f7695 to remote] DEBUG org.asynchttpclient.netty.request.NettyRequestSender - Using open Channel [id: 0xba31c546, L:/127.0.0.1:51492 - R:localhost/127.0.0.1:6261] for POST '/session/0f2143eaf234eb2c398b0c1ae93f7695/element'
17:42:04.149 [AsyncHttpClient-1-8] DEBUG org.asynchttpclient.netty.handler.HttpHandler - 

Request DefaultHttpRequest(decodeResult: success, version: HTTP/1.1)
POST /session/0f2143eaf234eb2c398b0c1ae93f7695/element HTTP/1.1
User-Agent: selenium/4.9.1 (java windows)
Content-Length: 69
Content-Type: application/json; charset=utf-8
host: localhost:6261
accept: */*

Response DefaultHttpResponse(decodeResult: success, version: HTTP/1.1)
HTTP/1.1 200 OK
Content-Length: 95
Content-Type: application/json; charset=utf-8
cache-control: no-cache

17:42:04.149 [AsyncHttpClient-1-8] DEBUG org.asynchttpclient.netty.channel.ChannelManager - Adding key: http://localhost:6261 for channel [id: 0xba31c546, L:/127.0.0.1:51492 - R:localhost/127.0.0.1:6261]
17:42:04.151 [Forwarding sendKeysToElement on session 0f2143eaf234eb2c398b0c1ae93f7695 to remote] DEBUG org.asynchttpclient.netty.request.NettyRequestSender - Using pooled Channel '[id: 0xba31c546, L:/127.0.0.1:51492 - R:localhost/127.0.0.1:6261]' for 'POST' to 'http://localhost:6261/session/0f2143eaf234eb2c398b0c1ae93f7695/element/1FF846C23796B02D3EA41CB2A222BACD_element_22/value'
17:42:04.151 [Forwarding sendKeysToElement on session 0f2143eaf234eb2c398b0c1ae93f7695 to remote] DEBUG org.asynchttpclient.netty.request.NettyRequestSender - Using open Channel [id: 0xba31c546, L:/127.0.0.1:51492 - R:localhost/127.0.0.1:6261] for POST '/session/0f2143eaf234eb2c398b0c1ae93f7695/element/1FF846C23796B02D3EA41CB2A222BACD_element_22/value'
17:42:04.195 [AsyncHttpClient-1-8] DEBUG org.asynchttpclient.netty.handler.HttpHandler - 

Request DefaultHttpRequest(decodeResult: success, version: HTTP/1.1)
POST /session/0f2143eaf234eb2c398b0c1ae93f7695/element/1FF846C23796B02D3EA41CB2A222BACD_element_22/value HTTP/1.1
User-Agent: selenium/4.9.1 (java windows)
Content-Length: 168
Content-Type: application/json; charset=utf-8
host: localhost:6261
accept: */*

Response DefaultHttpResponse(decodeResult: success, version: HTTP/1.1)
HTTP/1.1 200 OK
Content-Length: 14
Content-Type: application/json; charset=utf-8
cache-control: no-cache

17:42:04.195 [AsyncHttpClient-1-8] DEBUG org.asynchttpclient.netty.channel.ChannelManager - Adding key: http://localhost:6261 for channel [id: 0xba31c546, L:/127.0.0.1:51492 - R:localhost/127.0.0.1:6261]
17:42:04.196 [Forwarding findElement on session 0f2143eaf234eb2c398b0c1ae93f7695 to remote] DEBUG org.asynchttpclient.netty.request.NettyRequestSender - Using pooled Channel '[id: 0xba31c546, L:/127.0.0.1:51492 - R:localhost/127.0.0.1:6261]' for 'POST' to 'http://localhost:6261/session/0f2143eaf234eb2c398b0c1ae93f7695/element'
17:42:04.196 [Forwarding findElement on session 0f2143eaf234eb2c398b0c1ae93f7695 to remote] DEBUG org.asynchttpclient.netty.request.NettyRequestSender - Using open Channel [id: 0xba31c546, L:/127.0.0.1:51492 - R:localhost/127.0.0.1:6261] for POST '/session/0f2143eaf234eb2c398b0c1ae93f7695/element'
17:42:04.214 [AsyncHttpClient-1-8] DEBUG org.asynchttpclient.netty.handler.HttpHandler - 

Request DefaultHttpRequest(decodeResult: success, version: HTTP/1.1)
POST /session/0f2143eaf234eb2c398b0c1ae93f7695/element HTTP/1.1
User-Agent: selenium/4.9.1 (java windows)
Content-Length: 78
Content-Type: application/json; charset=utf-8
host: localhost:6261
accept: */*

Response DefaultHttpResponse(decodeResult: success, version: HTTP/1.1)
HTTP/1.1 200 OK
Content-Length: 95
Content-Type: application/json; charset=utf-8
cache-control: no-cache

17:42:04.214 [AsyncHttpClient-1-8] DEBUG org.asynchttpclient.netty.channel.ChannelManager - Adding key: http://localhost:6261 for channel [id: 0xba31c546, L:/127.0.0.1:51492 - R:localhost/127.0.0.1:6261]
17:42:04.215 [Forwarding sendKeysToElement on session 0f2143eaf234eb2c398b0c1ae93f7695 to remote] DEBUG org.asynchttpclient.netty.request.NettyRequestSender - Using pooled Channel '[id: 0xba31c546, L:/127.0.0.1:51492 - R:localhost/127.0.0.1:6261]' for 'POST' to 'http://localhost:6261/session/0f2143eaf234eb2c398b0c1ae93f7695/element/1FF846C23796B02D3EA41CB2A222BACD_element_23/value'
17:42:04.215 [Forwarding sendKeysToElement on session 0f2143eaf234eb2c398b0c1ae93f7695 to remote] DEBUG org.asynchttpclient.netty.request.NettyRequestSender - Using open Channel [id: 0xba31c546, L:/127.0.0.1:51492 - R:localhost/127.0.0.1:6261] for POST '/session/0f2143eaf234eb2c398b0c1ae93f7695/element/1FF846C23796B02D3EA41CB2A222BACD_element_23/value'
17:42:04.218 [AsyncHttpClient-1-1] DEBUG org.asynchttpclient.netty.channel.DefaultChannelPool - Entry count for : http://localhost:51493 : 1
17:42:04.286 [AsyncHttpClient-1-8] DEBUG org.asynchttpclient.netty.handler.HttpHandler - 

Request DefaultHttpRequest(decodeResult: success, version: HTTP/1.1)
POST /session/0f2143eaf234eb2c398b0c1ae93f7695/element/1FF846C23796B02D3EA41CB2A222BACD_element_23/value HTTP/1.1
User-Agent: selenium/4.9.1 (java windows)
Content-Length: 238
Content-Type: application/json; charset=utf-8
host: localhost:6261
accept: */*

Response DefaultHttpResponse(decodeResult: success, version: HTTP/1.1)
HTTP/1.1 200 OK
Content-Length: 14
Content-Type: application/json; charset=utf-8
cache-control: no-cache

17:42:04.286 [AsyncHttpClient-1-8] DEBUG org.asynchttpclient.netty.channel.ChannelManager - Adding key: http://localhost:6261 for channel [id: 0xba31c546, L:/127.0.0.1:51492 - R:localhost/127.0.0.1:6261]
17:42:04.288 [Forwarding findElement on session 0f2143eaf234eb2c398b0c1ae93f7695 to remote] DEBUG org.asynchttpclient.netty.request.NettyRequestSender - Using pooled Channel '[id: 0xba31c546, L:/127.0.0.1:51492 - R:localhost/127.0.0.1:6261]' for 'POST' to 'http://localhost:6261/session/0f2143eaf234eb2c398b0c1ae93f7695/element'
17:42:04.288 [Forwarding findElement on session 0f2143eaf234eb2c398b0c1ae93f7695 to remote] DEBUG org.asynchttpclient.netty.request.NettyRequestSender - Using open Channel [id: 0xba31c546, L:/127.0.0.1:51492 - R:localhost/127.0.0.1:6261] for POST '/session/0f2143eaf234eb2c398b0c1ae93f7695/element'
17:42:04.307 [AsyncHttpClient-1-8] DEBUG org.asynchttpclient.netty.handler.HttpHandler - 

Request DefaultHttpRequest(decodeResult: success, version: HTTP/1.1)
POST /session/0f2143eaf234eb2c398b0c1ae93f7695/element HTTP/1.1
User-Agent: selenium/4.9.1 (java windows)
Content-Length: 70
Content-Type: application/json; charset=utf-8
host: localhost:6261
accept: */*

Response DefaultHttpResponse(decodeResult: success, version: HTTP/1.1)
HTTP/1.1 200 OK
Content-Length: 95
Content-Type: application/json; charset=utf-8
cache-control: no-cache

17:42:04.307 [AsyncHttpClient-1-8] DEBUG org.asynchttpclient.netty.channel.ChannelManager - Adding key: http://localhost:6261 for channel [id: 0xba31c546, L:/127.0.0.1:51492 - R:localhost/127.0.0.1:6261]
17:42:04.311 [Forwarding isElementDisplayed on session 0f2143eaf234eb2c398b0c1ae93f7695 to remote] DEBUG org.asynchttpclient.netty.request.NettyRequestSender - Using pooled Channel '[id: 0xba31c546, L:/127.0.0.1:51492 - R:localhost/127.0.0.1:6261]' for 'POST' to 'http://localhost:6261/session/0f2143eaf234eb2c398b0c1ae93f7695/execute/sync'
17:42:04.311 [Forwarding isElementDisplayed on session 0f2143eaf234eb2c398b0c1ae93f7695 to remote] DEBUG org.asynchttpclient.netty.request.NettyRequestSender - Using open Channel [id: 0xba31c546, L:/127.0.0.1:51492 - R:localhost/127.0.0.1:6261] for POST '/session/0f2143eaf234eb2c398b0c1ae93f7695/execute/sync'
17:42:04.322 [AsyncHttpClient-1-8] DEBUG org.asynchttpclient.netty.handler.HttpHandler - 

Request DefaultHttpRequest(decodeResult: success, version: HTTP/1.1)
POST /session/0f2143eaf234eb2c398b0c1ae93f7695/execute/sync HTTP/1.1
User-Agent: selenium/4.9.1 (java windows)
Content-Length: 48814
Content-Type: application/json; charset=utf-8
host: localhost:6261
accept: */*

Response DefaultHttpResponse(decodeResult: success, version: HTTP/1.1)
HTTP/1.1 200 OK
Content-Length: 14
Content-Type: application/json; charset=utf-8
cache-control: no-cache

17:42:04.323 [AsyncHttpClient-1-8] DEBUG org.asynchttpclient.netty.channel.ChannelManager - Adding key: http://localhost:6261 for channel [id: 0xba31c546, L:/127.0.0.1:51492 - R:localhost/127.0.0.1:6261]
17:42:04.324 [Forwarding isElementEnabled on session 0f2143eaf234eb2c398b0c1ae93f7695 to remote] DEBUG org.asynchttpclient.netty.request.NettyRequestSender - Using pooled Channel '[id: 0xba31c546, L:/127.0.0.1:51492 - R:localhost/127.0.0.1:6261]' for 'GET' to 'http://localhost:6261/session/0f2143eaf234eb2c398b0c1ae93f7695/element/1FF846C23796B02D3EA41CB2A222BACD_element_24/enabled'
17:42:04.324 [Forwarding isElementEnabled on session 0f2143eaf234eb2c398b0c1ae93f7695 to remote] DEBUG org.asynchttpclient.netty.request.NettyRequestSender - Using open Channel [id: 0xba31c546, L:/127.0.0.1:51492 - R:localhost/127.0.0.1:6261] for GET '/session/0f2143eaf234eb2c398b0c1ae93f7695/element/1FF846C23796B02D3EA41CB2A222BACD_element_24/enabled'
17:42:04.331 [AsyncHttpClient-1-8] DEBUG org.asynchttpclient.netty.handler.HttpHandler - 

Request DefaultFullHttpRequest(decodeResult: success, version: HTTP/1.1, content: EmptyByteBufBE)
GET /session/0f2143eaf234eb2c398b0c1ae93f7695/element/1FF846C23796B02D3EA41CB2A222BACD_element_24/enabled HTTP/1.1
User-Agent: selenium/4.9.1 (java windows)
Cache-Control: no-cache
Content-Type: application/json; charset=utf-8
host: localhost:6261
accept: */*

Response DefaultHttpResponse(decodeResult: success, version: HTTP/1.1)
HTTP/1.1 200 OK
Content-Length: 14
Content-Type: application/json; charset=utf-8
cache-control: no-cache

17:42:04.331 [AsyncHttpClient-1-8] DEBUG org.asynchttpclient.netty.channel.ChannelManager - Adding key: http://localhost:6261 for channel [id: 0xba31c546, L:/127.0.0.1:51492 - R:localhost/127.0.0.1:6261]
17:42:04.333 [Forwarding clickElement on session 0f2143eaf234eb2c398b0c1ae93f7695 to remote] DEBUG org.asynchttpclient.netty.request.NettyRequestSender - Using pooled Channel '[id: 0xba31c546, L:/127.0.0.1:51492 - R:localhost/127.0.0.1:6261]' for 'POST' to 'http://localhost:6261/session/0f2143eaf234eb2c398b0c1ae93f7695/element/1FF846C23796B02D3EA41CB2A222BACD_element_24/click'
17:42:04.333 [Forwarding clickElement on session 0f2143eaf234eb2c398b0c1ae93f7695 to remote] DEBUG org.asynchttpclient.netty.request.NettyRequestSender - Using open Channel [id: 0xba31c546, L:/127.0.0.1:51492 - R:localhost/127.0.0.1:6261] for POST '/session/0f2143eaf234eb2c398b0c1ae93f7695/element/1FF846C23796B02D3EA41CB2A222BACD_element_24/click'
17:42:04.401 [AsyncHttpClient-1-8] DEBUG org.asynchttpclient.netty.handler.HttpHandler - 

Request DefaultHttpRequest(decodeResult: success, version: HTTP/1.1)
POST /session/0f2143eaf234eb2c398b0c1ae93f7695/element/1FF846C23796B02D3EA41CB2A222BACD_element_24/click HTTP/1.1
User-Agent: selenium/4.9.1 (java windows)
Content-Length: 57
Content-Type: application/json; charset=utf-8
host: localhost:6261
accept: */*

Response DefaultHttpResponse(decodeResult: success, version: HTTP/1.1)
HTTP/1.1 200 OK
Content-Length: 14
Content-Type: application/json; charset=utf-8
cache-control: no-cache

17:42:04.402 [AsyncHttpClient-1-8] DEBUG org.asynchttpclient.netty.channel.ChannelManager - Adding key: http://localhost:6261 for channel [id: 0xba31c546, L:/127.0.0.1:51492 - R:localhost/127.0.0.1:6261]
17:42:04.403 [Forwarding findElement on session 0f2143eaf234eb2c398b0c1ae93f7695 to remote] DEBUG org.asynchttpclient.netty.request.NettyRequestSender - Using pooled Channel '[id: 0xba31c546, L:/127.0.0.1:51492 - R:localhost/127.0.0.1:6261]' for 'POST' to 'http://localhost:6261/session/0f2143eaf234eb2c398b0c1ae93f7695/element'
17:42:04.403 [Forwarding findElement on session 0f2143eaf234eb2c398b0c1ae93f7695 to remote] DEBUG org.asynchttpclient.netty.request.NettyRequestSender - Using open Channel [id: 0xba31c546, L:/127.0.0.1:51492 - R:localhost/127.0.0.1:6261] for POST '/session/0f2143eaf234eb2c398b0c1ae93f7695/element'
17:42:04.423 [AsyncHttpClient-1-8] DEBUG org.asynchttpclient.netty.handler.HttpHandler - 

Request DefaultHttpRequest(decodeResult: success, version: HTTP/1.1)
POST /session/0f2143eaf234eb2c398b0c1ae93f7695/element HTTP/1.1
User-Agent: selenium/4.9.1 (java windows)
Content-Length: 69
Content-Type: application/json; charset=utf-8
host: localhost:6261
accept: */*

Response DefaultHttpResponse(decodeResult: success, version: HTTP/1.1)
HTTP/1.1 404 Not Found
Content-Length: 970
Content-Type: application/json; charset=utf-8
cache-control: no-cache

17:42:04.423 [AsyncHttpClient-1-8] DEBUG org.asynchttpclient.netty.channel.ChannelManager - Adding key: http://localhost:6261 for channel [id: 0xba31c546, L:/127.0.0.1:51492 - R:localhost/127.0.0.1:6261]
17:42:04.638 [Forwarding findElement on session 0f2143eaf234eb2c398b0c1ae93f7695 to remote] DEBUG org.asynchttpclient.netty.request.NettyRequestSender - Using pooled Channel '[id: 0xba31c546, L:/127.0.0.1:51492 - R:localhost/127.0.0.1:6261]' for 'POST' to 'http://localhost:6261/session/0f2143eaf234eb2c398b0c1ae93f7695/element'
17:42:04.639 [Forwarding findElement on session 0f2143eaf234eb2c398b0c1ae93f7695 to remote] DEBUG org.asynchttpclient.netty.request.NettyRequestSender - Using open Channel [id: 0xba31c546, L:/127.0.0.1:51492 - R:localhost/127.0.0.1:6261] for POST '/session/0f2143eaf234eb2c398b0c1ae93f7695/element'
17:42:04.670 [AsyncHttpClient-1-8] DEBUG org.asynchttpclient.netty.handler.HttpHandler - 

Request DefaultHttpRequest(decodeResult: success, version: HTTP/1.1)
POST /session/0f2143eaf234eb2c398b0c1ae93f7695/element HTTP/1.1
User-Agent: selenium/4.9.1 (java windows)
Content-Length: 69
Content-Type: application/json; charset=utf-8
host: localhost:6261
accept: */*

Response DefaultHttpResponse(decodeResult: success, version: HTTP/1.1)
HTTP/1.1 200 OK
Content-Length: 95
Content-Type: application/json; charset=utf-8
cache-control: no-cache

17:42:04.671 [AsyncHttpClient-1-8] DEBUG org.asynchttpclient.netty.channel.ChannelManager - Adding key: http://localhost:6261 for channel [id: 0xba31c546, L:/127.0.0.1:51492 - R:localhost/127.0.0.1:6261]
17:42:04.672 [Forwarding getElementTagName on session 0f2143eaf234eb2c398b0c1ae93f7695 to remote] DEBUG org.asynchttpclient.netty.request.NettyRequestSender - Using pooled Channel '[id: 0xba31c546, L:/127.0.0.1:51492 - R:localhost/127.0.0.1:6261]' for 'GET' to 'http://localhost:6261/session/0f2143eaf234eb2c398b0c1ae93f7695/element/F092A57E6589C796198C5229924A9737_element_30/name'
17:42:04.672 [Forwarding getElementTagName on session 0f2143eaf234eb2c398b0c1ae93f7695 to remote] DEBUG org.asynchttpclient.netty.request.NettyRequestSender - Using open Channel [id: 0xba31c546, L:/127.0.0.1:51492 - R:localhost/127.0.0.1:6261] for GET '/session/0f2143eaf234eb2c398b0c1ae93f7695/element/F092A57E6589C796198C5229924A9737_element_30/name'
17:42:04.681 [AsyncHttpClient-1-8] DEBUG org.asynchttpclient.netty.handler.HttpHandler - 

Request DefaultFullHttpRequest(decodeResult: success, version: HTTP/1.1, content: EmptyByteBufBE)
GET /session/0f2143eaf234eb2c398b0c1ae93f7695/element/F092A57E6589C796198C5229924A9737_element_30/name HTTP/1.1
User-Agent: selenium/4.9.1 (java windows)
Cache-Control: no-cache
Content-Type: application/json; charset=utf-8
host: localhost:6261
accept: */*

Response DefaultHttpResponse(decodeResult: success, version: HTTP/1.1)
HTTP/1.1 200 OK
Content-Length: 13
Content-Type: application/json; charset=utf-8
cache-control: no-cache

17:42:04.681 [AsyncHttpClient-1-8] DEBUG org.asynchttpclient.netty.channel.ChannelManager - Adding key: http://localhost:6261 for channel [id: 0xba31c546, L:/127.0.0.1:51492 - R:localhost/127.0.0.1:6261]
17:42:04.684 [Forwarding getElementText on session 0f2143eaf234eb2c398b0c1ae93f7695 to remote] DEBUG org.asynchttpclient.netty.request.NettyRequestSender - Using pooled Channel '[id: 0xba31c546, L:/127.0.0.1:51492 - R:localhost/127.0.0.1:6261]' for 'GET' to 'http://localhost:6261/session/0f2143eaf234eb2c398b0c1ae93f7695/element/F092A57E6589C796198C5229924A9737_element_30/text'
17:42:04.685 [Forwarding getElementText on session 0f2143eaf234eb2c398b0c1ae93f7695 to remote] DEBUG org.asynchttpclient.netty.request.NettyRequestSender - Using open Channel [id: 0xba31c546, L:/127.0.0.1:51492 - R:localhost/127.0.0.1:6261] for GET '/session/0f2143eaf234eb2c398b0c1ae93f7695/element/F092A57E6589C796198C5229924A9737_element_30/text'
17:42:04.709 [AsyncHttpClient-1-8] DEBUG org.asynchttpclient.netty.handler.HttpHandler - 

Request DefaultFullHttpRequest(decodeResult: success, version: HTTP/1.1, content: EmptyByteBufBE)
GET /session/0f2143eaf234eb2c398b0c1ae93f7695/element/F092A57E6589C796198C5229924A9737_element_30/text HTTP/1.1
User-Agent: selenium/4.9.1 (java windows)
Cache-Control: no-cache
Content-Type: application/json; charset=utf-8
host: localhost:6261
accept: */*

Response DefaultHttpResponse(decodeResult: success, version: HTTP/1.1)
HTTP/1.1 200 OK
Content-Length: 20
Content-Type: application/json; charset=utf-8
cache-control: no-cache

17:42:04.709 [AsyncHttpClient-1-8] DEBUG org.asynchttpclient.netty.channel.ChannelManager - Adding key: http://localhost:6261 for channel [id: 0xba31c546, L:/127.0.0.1:51492 - R:localhost/127.0.0.1:6261]
]]></system-out>
    <system-err><![CDATA[июл. 25, 2023 5:42:00 PM org.openqa.selenium.remote.http.WebSocket$Listener onError
WARNING: Connection reset
java.net.SocketException: Connection reset
	at java.base/sun.nio.ch.SocketChannelImpl.throwConnectionReset(SocketChannelImpl.java:394)
	at java.base/sun.nio.ch.SocketChannelImpl.read(SocketChannelImpl.java:426)
	at io.netty.buffer.PooledByteBuf.setBytes(PooledByteBuf.java:256)
	at io.netty.buffer.AbstractByteBuf.writeBytes(AbstractByteBuf.java:1132)
	at io.netty.channel.socket.nio.NioSocketChannel.doReadBytes(NioSocketChannel.java:357)
	at io.netty.channel.nio.AbstractNioByteChannel$NioByteUnsafe.read(AbstractNioByteChannel.java:151)
	at io.netty.channel.nio.NioEventLoop.processSelectedKey(NioEventLoop.java:788)
	at io.netty.channel.nio.NioEventLoop.processSelectedKeysOptimized(NioEventLoop.java:724)
	at io.netty.channel.nio.NioEventLoop.processSelectedKeys(NioEventLoop.java:650)
	at io.netty.channel.nio.NioEventLoop.run(NioEventLoop.java:562)
	at io.netty.util.concurrent.SingleThreadEventExecutor$4.run(SingleThreadEventExecutor.java:997)
	at io.netty.util.internal.ThreadExecutorMap$2.run(ThreadExecutorMap.java:74)
	at io.netty.util.concurrent.FastThreadLocalRunnable.run(FastThreadLocalRunnable.java:30)
	at java.base/java.lang.Thread.run(Thread.java:833)

Starting ChromeDriver 114.0.5735.90 (386bc09e8f4f2e025eddae123f36f6263096ae49-refs/branch-heads/5735@{#1052}) on port 6261
Only local connections are allowed.
Please see https://chromedriver.chromium.org/security-considerations for suggestions on keeping ChromeDriver safe.
ChromeDriver was started successfully.
июл. 25, 2023 5:42:02 PM org.openqa.selenium.devtools.CdpVersionFinder findNearestMatch
WARNING: Unable to find an exact match for CDP version 114, so returning the closest version found: 113
]]></system-err>
  </testcase>
  <testcase name="createProjectUI" classname="UI.tests.ProjectTest" time="2.218">
    <system-out><![CDATA[Request method:	DELETE
Request URI:	http://localhost:81/jsonrpc.php
Proxy:			<none>
Request params:	<none>
Query params:	<none>
Form params:	<none>
Path params:	<none>
Headers:		Accept=*/*
				Content-Type=text/plain; charset=ISO-8859-1
Cookies:		<none>
Multiparts:		<none>
Body:
{"jsonrpc":"2.0","method":"removeProject","id":567,"params":{"project_id":246}}
17:42:04.720 [main] DEBUG org.apache.http.impl.conn.BasicClientConnectionManager - Get connection for route {}->http://localhost:81
17:42:04.721 [main] DEBUG org.apache.http.impl.conn.DefaultClientConnectionOperator - Connecting to localhost:81
17:42:04.725 [main] DEBUG org.apache.http.client.protocol.RequestAddCookies - CookieSpec selected: ignoreCookies
17:42:04.725 [main] DEBUG org.apache.http.client.protocol.RequestAuthCache - Auth cache not set in the context
17:42:04.725 [main] DEBUG org.apache.http.client.protocol.RequestTargetAuthentication - Target auth state: UNCHALLENGED
17:42:04.725 [main] DEBUG org.apache.http.client.protocol.RequestProxyAuthentication - Proxy auth state: UNCHALLENGED
17:42:04.725 [main] DEBUG org.apache.http.impl.client.DefaultHttpClient - Attempt 1 to execute request
17:42:04.725 [main] DEBUG org.apache.http.impl.conn.DefaultClientConnection - Sending request: DELETE /jsonrpc.php HTTP/1.1
17:42:04.725 [main] DEBUG org.apache.http.wire -  >> "DELETE /jsonrpc.php HTTP/1.1[\r][\n]"
17:42:04.725 [main] DEBUG org.apache.http.wire -  >> "Accept: */*[\r][\n]"
17:42:04.725 [main] DEBUG org.apache.http.wire -  >> "Content-Type: text/plain; charset=ISO-8859-1[\r][\n]"
17:42:04.725 [main] DEBUG org.apache.http.wire -  >> "Content-Length: 79[\r][\n]"
17:42:04.725 [main] DEBUG org.apache.http.wire -  >> "Host: localhost:81[\r][\n]"
17:42:04.725 [main] DEBUG org.apache.http.wire -  >> "Connection: Keep-Alive[\r][\n]"
17:42:04.725 [main] DEBUG org.apache.http.wire -  >> "User-Agent: Apache-HttpClient/4.5.13 (Java/17)[\r][\n]"
17:42:04.725 [main] DEBUG org.apache.http.wire -  >> "Accept-Encoding: gzip,deflate[\r][\n]"
17:42:04.725 [main] DEBUG org.apache.http.wire -  >> "[\r][\n]"
17:42:04.725 [main] DEBUG org.apache.http.headers - >> DELETE /jsonrpc.php HTTP/1.1
17:42:04.725 [main] DEBUG org.apache.http.headers - >> Accept: */*
17:42:04.725 [main] DEBUG org.apache.http.headers - >> Content-Type: text/plain; charset=ISO-8859-1
17:42:04.725 [main] DEBUG org.apache.http.headers - >> Content-Length: 79
17:42:04.725 [main] DEBUG org.apache.http.headers - >> Host: localhost:81
17:42:04.725 [main] DEBUG org.apache.http.headers - >> Connection: Keep-Alive
17:42:04.725 [main] DEBUG org.apache.http.headers - >> User-Agent: Apache-HttpClient/4.5.13 (Java/17)
17:42:04.725 [main] DEBUG org.apache.http.headers - >> Accept-Encoding: gzip,deflate
17:42:04.725 [main] DEBUG org.apache.http.wire -  >> "{"jsonrpc":"2.0","method":"removeProject","id":567,"params":{"project_id":246}}"
17:42:04.734 [main] DEBUG org.apache.http.wire -  << "HTTP/1.1 401 Unauthorized[\r][\n]"
17:42:04.734 [main] DEBUG org.apache.http.wire -  << "Server: nginx[\r][\n]"
17:42:04.734 [main] DEBUG org.apache.http.wire -  << "Date: Tue, 25 Jul 2023 14:42:04 GMT[\r][\n]"
17:42:04.734 [main] DEBUG org.apache.http.wire -  << "Content-Type: application/json[\r][\n]"
17:42:04.734 [main] DEBUG org.apache.http.wire -  << "Transfer-Encoding: chunked[\r][\n]"
17:42:04.734 [main] DEBUG org.apache.http.wire -  << "Connection: keep-alive[\r][\n]"
17:42:04.734 [main] DEBUG org.apache.http.wire -  << "WWW-Authenticate: Basic realm="JsonRPC"[\r][\n]"
17:42:04.734 [main] DEBUG org.apache.http.wire -  << "[\r][\n]"
17:42:04.734 [main] DEBUG org.apache.http.impl.conn.DefaultClientConnection - Receiving response: HTTP/1.1 401 Unauthorized
17:42:04.734 [main] DEBUG org.apache.http.headers - << HTTP/1.1 401 Unauthorized
17:42:04.734 [main] DEBUG org.apache.http.headers - << Server: nginx
17:42:04.734 [main] DEBUG org.apache.http.headers - << Date: Tue, 25 Jul 2023 14:42:04 GMT
17:42:04.734 [main] DEBUG org.apache.http.headers - << Content-Type: application/json
17:42:04.734 [main] DEBUG org.apache.http.headers - << Transfer-Encoding: chunked
17:42:04.734 [main] DEBUG org.apache.http.headers - << Connection: keep-alive
17:42:04.734 [main] DEBUG org.apache.http.headers - << WWW-Authenticate: Basic realm="JsonRPC"
17:42:04.734 [main] DEBUG org.apache.http.impl.client.DefaultHttpClient - Connection can be kept alive indefinitely
17:42:04.734 [main] DEBUG org.apache.http.impl.client.DefaultHttpClient - Authentication required
17:42:04.734 [main] DEBUG org.apache.http.impl.client.DefaultHttpClient - localhost:81 requested authentication
17:42:04.734 [main] DEBUG org.apache.http.impl.client.TargetAuthenticationStrategy - Authentication schemes in the order of preference: [Negotiate, Kerberos, NTLM, CredSSP, Digest, Basic]
17:42:04.734 [main] DEBUG org.apache.http.impl.client.TargetAuthenticationStrategy - Challenge for Negotiate authentication scheme not available
17:42:04.734 [main] DEBUG org.apache.http.impl.client.TargetAuthenticationStrategy - Challenge for Kerberos authentication scheme not available
17:42:04.734 [main] DEBUG org.apache.http.impl.client.TargetAuthenticationStrategy - Challenge for NTLM authentication scheme not available
17:42:04.734 [main] DEBUG org.apache.http.impl.client.TargetAuthenticationStrategy - Challenge for CredSSP authentication scheme not available
17:42:04.734 [main] DEBUG org.apache.http.impl.client.TargetAuthenticationStrategy - Challenge for Digest authentication scheme not available
17:42:04.734 [main] DEBUG org.apache.http.impl.client.DefaultHttpClient - Selected authentication options: [BASIC [complete=true]]
17:42:04.734 [main] DEBUG org.apache.http.wire -  << "49[\r][\n]"
17:42:04.734 [main] DEBUG org.apache.http.wire -  << "{"jsonrpc":"2.0","error":{"code":401,"message":"Unauthorized"},"id":null}"
17:42:04.734 [main] DEBUG org.apache.http.wire -  << "[\r][\n]"
17:42:04.734 [main] DEBUG org.apache.http.wire -  << "0[\r][\n]"
17:42:04.734 [main] DEBUG org.apache.http.wire -  << "[\r][\n]"
17:42:04.734 [main] DEBUG org.apache.http.client.protocol.RequestAddCookies - CookieSpec selected: ignoreCookies
17:42:04.734 [main] DEBUG org.apache.http.client.protocol.RequestAuthCache - Auth cache not set in the context
17:42:04.734 [main] DEBUG org.apache.http.client.protocol.RequestTargetAuthentication - Target auth state: CHALLENGED
17:42:04.734 [main] DEBUG org.apache.http.client.protocol.RequestTargetAuthentication - Generating response to an authentication challenge using basic scheme
17:42:04.734 [main] DEBUG org.apache.http.client.protocol.RequestProxyAuthentication - Proxy auth state: UNCHALLENGED
17:42:04.734 [main] DEBUG org.apache.http.impl.client.DefaultHttpClient - Attempt 2 to execute request
17:42:04.734 [main] DEBUG org.apache.http.impl.conn.DefaultClientConnection - Sending request: DELETE /jsonrpc.php HTTP/1.1
17:42:04.734 [main] DEBUG org.apache.http.wire -  >> "DELETE /jsonrpc.php HTTP/1.1[\r][\n]"
17:42:04.734 [main] DEBUG org.apache.http.wire -  >> "Accept: */*[\r][\n]"
17:42:04.734 [main] DEBUG org.apache.http.wire -  >> "Content-Type: text/plain; charset=ISO-8859-1[\r][\n]"
17:42:04.734 [main] DEBUG org.apache.http.wire -  >> "Content-Length: 79[\r][\n]"
17:42:04.734 [main] DEBUG org.apache.http.wire -  >> "Host: localhost:81[\r][\n]"
17:42:04.734 [main] DEBUG org.apache.http.wire -  >> "Connection: Keep-Alive[\r][\n]"
17:42:04.734 [main] DEBUG org.apache.http.wire -  >> "User-Agent: Apache-HttpClient/4.5.13 (Java/17)[\r][\n]"
17:42:04.734 [main] DEBUG org.apache.http.wire -  >> "Authorization: Basic a3lyeWxvQVBJVGVzdExvZ2luOmt5cnlsb0FQSVRlc3RQYXNzd29yZA==[\r][\n]"
17:42:04.734 [main] DEBUG org.apache.http.wire -  >> "Accept-Encoding: gzip,deflate[\r][\n]"
17:42:04.734 [main] DEBUG org.apache.http.wire -  >> "[\r][\n]"
17:42:04.735 [main] DEBUG org.apache.http.headers - >> DELETE /jsonrpc.php HTTP/1.1
17:42:04.735 [main] DEBUG org.apache.http.headers - >> Accept: */*
17:42:04.735 [main] DEBUG org.apache.http.headers - >> Content-Type: text/plain; charset=ISO-8859-1
17:42:04.735 [main] DEBUG org.apache.http.headers - >> Content-Length: 79
17:42:04.735 [main] DEBUG org.apache.http.headers - >> Host: localhost:81
17:42:04.735 [main] DEBUG org.apache.http.headers - >> Connection: Keep-Alive
17:42:04.735 [main] DEBUG org.apache.http.headers - >> User-Agent: Apache-HttpClient/4.5.13 (Java/17)
17:42:04.735 [main] DEBUG org.apache.http.headers - >> Authorization: Basic a3lyeWxvQVBJVGVzdExvZ2luOmt5cnlsb0FQSVRlc3RQYXNzd29yZA==
17:42:04.735 [main] DEBUG org.apache.http.headers - >> Accept-Encoding: gzip,deflate
17:42:04.735 [main] DEBUG org.apache.http.wire -  >> "{"jsonrpc":"2.0","method":"removeProject","id":567,"params":{"project_id":246}}"
17:42:04.827 [main] DEBUG org.apache.http.wire -  << "HTTP/1.1 200 OK[\r][\n]"
17:42:04.827 [main] DEBUG org.apache.http.wire -  << "Server: nginx[\r][\n]"
17:42:04.827 [main] DEBUG org.apache.http.wire -  << "Date: Tue, 25 Jul 2023 14:42:04 GMT[\r][\n]"
17:42:04.827 [main] DEBUG org.apache.http.wire -  << "Content-Type: application/json[\r][\n]"
17:42:04.827 [main] DEBUG org.apache.http.wire -  << "Transfer-Encoding: chunked[\r][\n]"
17:42:04.827 [main] DEBUG org.apache.http.wire -  << "Connection: keep-alive[\r][\n]"
17:42:04.827 [main] DEBUG org.apache.http.wire -  << "Vary: Accept-Encoding[\r][\n]"
17:42:04.827 [main] DEBUG org.apache.http.wire -  << "Content-Encoding: gzip[\r][\n]"
17:42:04.827 [main] DEBUG org.apache.http.wire -  << "[\r][\n]"
17:42:04.827 [main] DEBUG org.apache.http.impl.conn.DefaultClientConnection - Receiving response: HTTP/1.1 200 OK
17:42:04.827 [main] DEBUG org.apache.http.headers - << HTTP/1.1 200 OK
17:42:04.827 [main] DEBUG org.apache.http.headers - << Server: nginx
17:42:04.827 [main] DEBUG org.apache.http.headers - << Date: Tue, 25 Jul 2023 14:42:04 GMT
17:42:04.827 [main] DEBUG org.apache.http.headers - << Content-Type: application/json
17:42:04.827 [main] DEBUG org.apache.http.headers - << Transfer-Encoding: chunked
17:42:04.827 [main] DEBUG org.apache.http.headers - << Connection: keep-alive
17:42:04.827 [main] DEBUG org.apache.http.headers - << Vary: Accept-Encoding
17:42:04.827 [main] DEBUG org.apache.http.headers - << Content-Encoding: gzip
17:42:04.828 [main] DEBUG org.apache.http.impl.client.DefaultHttpClient - Connection can be kept alive indefinitely
17:42:04.828 [main] DEBUG org.apache.http.impl.client.DefaultHttpClient - Authentication succeeded
17:42:04.828 [main] DEBUG org.apache.http.impl.client.TargetAuthenticationStrategy - Caching 'basic' auth scheme for http://localhost:81
17:42:04.828 [main] DEBUG io.restassured.internal.RestAssuredHttpBuilder - Parsing response as: application/json
17:42:04.828 [main] DEBUG org.apache.http.wire -  << "3c[\r][\n]"
17:42:04.828 [main] DEBUG org.apache.http.wire -  << "[0x1f][0x8b][0x8][0x0][0x0][0x0][0x0][0x0][0x0][0x3][0xab]V[0xca]*[0xce][0xcf]+*HV[0xb2]R2[0xd2]3P[0xd2]Q*J-.[0xcd])Q[0xb2]*)*M[0xd5]Q[0xca]LQ[0xb2]253[0xaf][0x5][0x0][0xe0][0xd7]6X([0x0][0x0][0x0]"
17:42:04.828 [main] DEBUG org.apache.http.wire -  << "[\r][\n]"
17:42:04.828 [main] DEBUG org.apache.http.wire -  << "0[\r][\n]"
17:42:04.828 [main] DEBUG org.apache.http.wire -  << "[\r][\n]"
17:42:04.828 [main] DEBUG io.restassured.internal.RestAssuredHttpBuilder - Parsed data to instance of: class org.apache.http.conn.EofSensorInputStream
17:42:04.829 [main] DEBUG org.apache.http.impl.conn.BasicClientConnectionManager - Releasing connection org.apache.http.impl.conn.ManagedClientConnectionImpl@7ef60643
17:42:04.829 [main] DEBUG org.apache.http.impl.conn.BasicClientConnectionManager - Connection can be kept alive indefinitely
{
    "jsonrpc": "2.0",
    "result": true,
    "id": 567
}
Request method:	DELETE
Request URI:	http://localhost:81/jsonrpc.php
Proxy:			<none>
Request params:	<none>
Query params:	<none>
Form params:	<none>
Path params:	<none>
Headers:		Accept=*/*
				Content-Type=text/plain; charset=ISO-8859-1
Cookies:		<none>
Multiparts:		<none>
Body:
{"jsonrpc":"2.0","method":"removeUser","id":234,"params":{"user_id":355}}
17:42:04.837 [main] DEBUG org.apache.http.impl.conn.BasicClientConnectionManager - Get connection for route {}->http://localhost:81
17:42:04.837 [main] DEBUG org.apache.http.impl.conn.DefaultClientConnectionOperator - Connecting to localhost:81
17:42:04.838 [main] DEBUG org.apache.http.client.protocol.RequestAddCookies - CookieSpec selected: ignoreCookies
17:42:04.839 [main] DEBUG org.apache.http.client.protocol.RequestAuthCache - Auth cache not set in the context
17:42:04.839 [main] DEBUG org.apache.http.client.protocol.RequestTargetAuthentication - Target auth state: UNCHALLENGED
17:42:04.839 [main] DEBUG org.apache.http.client.protocol.RequestProxyAuthentication - Proxy auth state: UNCHALLENGED
17:42:04.840 [main] DEBUG org.apache.http.impl.client.DefaultHttpClient - Attempt 1 to execute request
17:42:04.840 [main] DEBUG org.apache.http.impl.conn.DefaultClientConnection - Sending request: DELETE /jsonrpc.php HTTP/1.1
17:42:04.841 [main] DEBUG org.apache.http.wire -  >> "DELETE /jsonrpc.php HTTP/1.1[\r][\n]"
17:42:04.841 [main] DEBUG org.apache.http.wire -  >> "Accept: */*[\r][\n]"
17:42:04.841 [main] DEBUG org.apache.http.wire -  >> "Content-Type: text/plain; charset=ISO-8859-1[\r][\n]"
17:42:04.841 [main] DEBUG org.apache.http.wire -  >> "Content-Length: 73[\r][\n]"
17:42:04.841 [main] DEBUG org.apache.http.wire -  >> "Host: localhost:81[\r][\n]"
17:42:04.841 [main] DEBUG org.apache.http.wire -  >> "Connection: Keep-Alive[\r][\n]"
17:42:04.841 [main] DEBUG org.apache.http.wire -  >> "User-Agent: Apache-HttpClient/4.5.13 (Java/17)[\r][\n]"
17:42:04.841 [main] DEBUG org.apache.http.wire -  >> "Accept-Encoding: gzip,deflate[\r][\n]"
17:42:04.841 [main] DEBUG org.apache.http.wire -  >> "[\r][\n]"
17:42:04.841 [main] DEBUG org.apache.http.headers - >> DELETE /jsonrpc.php HTTP/1.1
17:42:04.841 [main] DEBUG org.apache.http.headers - >> Accept: */*
17:42:04.841 [main] DEBUG org.apache.http.headers - >> Content-Type: text/plain; charset=ISO-8859-1
17:42:04.841 [main] DEBUG org.apache.http.headers - >> Content-Length: 73
17:42:04.841 [main] DEBUG org.apache.http.headers - >> Host: localhost:81
17:42:04.841 [main] DEBUG org.apache.http.headers - >> Connection: Keep-Alive
17:42:04.841 [main] DEBUG org.apache.http.headers - >> User-Agent: Apache-HttpClient/4.5.13 (Java/17)
17:42:04.841 [main] DEBUG org.apache.http.headers - >> Accept-Encoding: gzip,deflate
17:42:04.841 [main] DEBUG org.apache.http.wire -  >> "{"jsonrpc":"2.0","method":"removeUser","id":234,"params":{"user_id":355}}"
17:42:04.851 [main] DEBUG org.apache.http.wire -  << "HTTP/1.1 401 Unauthorized[\r][\n]"
17:42:04.851 [main] DEBUG org.apache.http.wire -  << "Server: nginx[\r][\n]"
17:42:04.851 [main] DEBUG org.apache.http.wire -  << "Date: Tue, 25 Jul 2023 14:42:04 GMT[\r][\n]"
17:42:04.851 [main] DEBUG org.apache.http.wire -  << "Content-Type: application/json[\r][\n]"
17:42:04.851 [main] DEBUG org.apache.http.wire -  << "Transfer-Encoding: chunked[\r][\n]"
17:42:04.851 [main] DEBUG org.apache.http.wire -  << "Connection: keep-alive[\r][\n]"
17:42:04.851 [main] DEBUG org.apache.http.wire -  << "WWW-Authenticate: Basic realm="JsonRPC"[\r][\n]"
17:42:04.851 [main] DEBUG org.apache.http.wire -  << "[\r][\n]"
17:42:04.851 [main] DEBUG org.apache.http.impl.conn.DefaultClientConnection - Receiving response: HTTP/1.1 401 Unauthorized
17:42:04.851 [main] DEBUG org.apache.http.headers - << HTTP/1.1 401 Unauthorized
17:42:04.851 [main] DEBUG org.apache.http.headers - << Server: nginx
17:42:04.851 [main] DEBUG org.apache.http.headers - << Date: Tue, 25 Jul 2023 14:42:04 GMT
17:42:04.851 [main] DEBUG org.apache.http.headers - << Content-Type: application/json
17:42:04.851 [main] DEBUG org.apache.http.headers - << Transfer-Encoding: chunked
17:42:04.851 [main] DEBUG org.apache.http.headers - << Connection: keep-alive
17:42:04.851 [main] DEBUG org.apache.http.headers - << WWW-Authenticate: Basic realm="JsonRPC"
17:42:04.851 [main] DEBUG org.apache.http.impl.client.DefaultHttpClient - Connection can be kept alive indefinitely
17:42:04.851 [main] DEBUG org.apache.http.impl.client.DefaultHttpClient - Authentication required
17:42:04.851 [main] DEBUG org.apache.http.impl.client.DefaultHttpClient - localhost:81 requested authentication
17:42:04.851 [main] DEBUG org.apache.http.impl.client.TargetAuthenticationStrategy - Authentication schemes in the order of preference: [Negotiate, Kerberos, NTLM, CredSSP, Digest, Basic]
17:42:04.851 [main] DEBUG org.apache.http.impl.client.TargetAuthenticationStrategy - Challenge for Negotiate authentication scheme not available
17:42:04.851 [main] DEBUG org.apache.http.impl.client.TargetAuthenticationStrategy - Challenge for Kerberos authentication scheme not available
17:42:04.851 [main] DEBUG org.apache.http.impl.client.TargetAuthenticationStrategy - Challenge for NTLM authentication scheme not available
17:42:04.851 [main] DEBUG org.apache.http.impl.client.TargetAuthenticationStrategy - Challenge for CredSSP authentication scheme not available
17:42:04.851 [main] DEBUG org.apache.http.impl.client.TargetAuthenticationStrategy - Challenge for Digest authentication scheme not available
17:42:04.851 [main] DEBUG org.apache.http.impl.client.DefaultHttpClient - Selected authentication options: [BASIC [complete=true]]
17:42:04.851 [main] DEBUG org.apache.http.wire -  << "49[\r][\n]"
17:42:04.851 [main] DEBUG org.apache.http.wire -  << "{"jsonrpc":"2.0","error":{"code":401,"message":"Unauthorized"},"id":null}"
17:42:04.851 [main] DEBUG org.apache.http.wire -  << "[\r][\n]"
17:42:04.851 [main] DEBUG org.apache.http.wire -  << "0[\r][\n]"
17:42:04.851 [main] DEBUG org.apache.http.wire -  << "[\r][\n]"
17:42:04.851 [main] DEBUG org.apache.http.client.protocol.RequestAddCookies - CookieSpec selected: ignoreCookies
17:42:04.851 [main] DEBUG org.apache.http.client.protocol.RequestAuthCache - Auth cache not set in the context
17:42:04.851 [main] DEBUG org.apache.http.client.protocol.RequestTargetAuthentication - Target auth state: CHALLENGED
17:42:04.851 [main] DEBUG org.apache.http.client.protocol.RequestTargetAuthentication - Generating response to an authentication challenge using basic scheme
17:42:04.851 [main] DEBUG org.apache.http.client.protocol.RequestProxyAuthentication - Proxy auth state: UNCHALLENGED
17:42:04.851 [main] DEBUG org.apache.http.impl.client.DefaultHttpClient - Attempt 2 to execute request
17:42:04.851 [main] DEBUG org.apache.http.impl.conn.DefaultClientConnection - Sending request: DELETE /jsonrpc.php HTTP/1.1
17:42:04.852 [main] DEBUG org.apache.http.wire -  >> "DELETE /jsonrpc.php HTTP/1.1[\r][\n]"
17:42:04.852 [main] DEBUG org.apache.http.wire -  >> "Accept: */*[\r][\n]"
17:42:04.852 [main] DEBUG org.apache.http.wire -  >> "Content-Type: text/plain; charset=ISO-8859-1[\r][\n]"
17:42:04.852 [main] DEBUG org.apache.http.wire -  >> "Content-Length: 73[\r][\n]"
17:42:04.852 [main] DEBUG org.apache.http.wire -  >> "Host: localhost:81[\r][\n]"
17:42:04.852 [main] DEBUG org.apache.http.wire -  >> "Connection: Keep-Alive[\r][\n]"
17:42:04.852 [main] DEBUG org.apache.http.wire -  >> "User-Agent: Apache-HttpClient/4.5.13 (Java/17)[\r][\n]"
17:42:04.852 [main] DEBUG org.apache.http.wire -  >> "Authorization: Basic YWRtaW46YWRtaW4=[\r][\n]"
17:42:04.852 [main] DEBUG org.apache.http.wire -  >> "Accept-Encoding: gzip,deflate[\r][\n]"
17:42:04.852 [main] DEBUG org.apache.http.wire -  >> "[\r][\n]"
17:42:04.852 [main] DEBUG org.apache.http.headers - >> DELETE /jsonrpc.php HTTP/1.1
17:42:04.852 [main] DEBUG org.apache.http.headers - >> Accept: */*
17:42:04.852 [main] DEBUG org.apache.http.headers - >> Content-Type: text/plain; charset=ISO-8859-1
17:42:04.852 [main] DEBUG org.apache.http.headers - >> Content-Length: 73
17:42:04.852 [main] DEBUG org.apache.http.headers - >> Host: localhost:81
17:42:04.852 [main] DEBUG org.apache.http.headers - >> Connection: Keep-Alive
17:42:04.852 [main] DEBUG org.apache.http.headers - >> User-Agent: Apache-HttpClient/4.5.13 (Java/17)
17:42:04.852 [main] DEBUG org.apache.http.headers - >> Authorization: Basic YWRtaW46YWRtaW4=
17:42:04.852 [main] DEBUG org.apache.http.headers - >> Accept-Encoding: gzip,deflate
17:42:04.852 [main] DEBUG org.apache.http.wire -  >> "{"jsonrpc":"2.0","method":"removeUser","id":234,"params":{"user_id":355}}"
17:42:04.969 [main] DEBUG org.apache.http.wire -  << "HTTP/1.1 200 OK[\r][\n]"
17:42:04.970 [main] DEBUG org.apache.http.wire -  << "Server: nginx[\r][\n]"
17:42:04.970 [main] DEBUG org.apache.http.wire -  << "Date: Tue, 25 Jul 2023 14:42:04 GMT[\r][\n]"
17:42:04.970 [main] DEBUG org.apache.http.wire -  << "Content-Type: application/json[\r][\n]"
17:42:04.970 [main] DEBUG org.apache.http.wire -  << "Transfer-Encoding: chunked[\r][\n]"
17:42:04.970 [main] DEBUG org.apache.http.wire -  << "Connection: keep-alive[\r][\n]"
17:42:04.970 [main] DEBUG org.apache.http.wire -  << "Vary: Accept-Encoding[\r][\n]"
17:42:04.970 [main] DEBUG org.apache.http.wire -  << "Content-Encoding: gzip[\r][\n]"
17:42:04.970 [main] DEBUG org.apache.http.wire -  << "[\r][\n]"
17:42:04.970 [main] DEBUG org.apache.http.impl.conn.DefaultClientConnection - Receiving response: HTTP/1.1 200 OK
17:42:04.970 [main] DEBUG org.apache.http.headers - << HTTP/1.1 200 OK
17:42:04.970 [main] DEBUG org.apache.http.headers - << Server: nginx
17:42:04.970 [main] DEBUG org.apache.http.headers - << Date: Tue, 25 Jul 2023 14:42:04 GMT
17:42:04.970 [main] DEBUG org.apache.http.headers - << Content-Type: application/json
17:42:04.970 [main] DEBUG org.apache.http.headers - << Transfer-Encoding: chunked
17:42:04.970 [main] DEBUG org.apache.http.headers - << Connection: keep-alive
17:42:04.970 [main] DEBUG org.apache.http.headers - << Vary: Accept-Encoding
17:42:04.970 [main] DEBUG org.apache.http.headers - << Content-Encoding: gzip
17:42:04.970 [main] DEBUG org.apache.http.impl.client.DefaultHttpClient - Connection can be kept alive indefinitely
17:42:04.970 [main] DEBUG org.apache.http.impl.client.DefaultHttpClient - Authentication succeeded
17:42:04.970 [main] DEBUG org.apache.http.impl.client.TargetAuthenticationStrategy - Caching 'basic' auth scheme for http://localhost:81
17:42:04.970 [main] DEBUG io.restassured.internal.RestAssuredHttpBuilder - Parsing response as: application/json
17:42:04.970 [main] DEBUG org.apache.http.wire -  << "3c[\r][\n]"
17:42:04.970 [main] DEBUG org.apache.http.wire -  << "[0x1f][0x8b][0x8][0x0][0x0][0x0][0x0][0x0][0x0][0x3][0xab]V[0xca]*[0xce][0xcf]+*HV[0xb2]R2[0xd2]3P[0xd2]Q*J-.[0xcd])Q[0xb2]*)*M[0xd5]Q[0xca]LQ[0xb2]226[0xa9][0x5][0x0]q~[0x7][0xe8]([0x0][0x0][0x0]"
17:42:04.970 [main] DEBUG org.apache.http.wire -  << "[\r][\n]"
17:42:04.970 [main] DEBUG org.apache.http.wire -  << "0[\r][\n]"
17:42:04.970 [main] DEBUG org.apache.http.wire -  << "[\r][\n]"
17:42:04.970 [main] DEBUG io.restassured.internal.RestAssuredHttpBuilder - Parsed data to instance of: class org.apache.http.conn.EofSensorInputStream
17:42:04.971 [main] DEBUG org.apache.http.impl.conn.BasicClientConnectionManager - Releasing connection org.apache.http.impl.conn.ManagedClientConnectionImpl@2740c1e
17:42:04.971 [main] DEBUG org.apache.http.impl.conn.BasicClientConnectionManager - Connection can be kept alive indefinitely
{
    "jsonrpc": "2.0",
    "result": true,
    "id": 234
}
17:42:04.977 [Forwarding close on session 0f2143eaf234eb2c398b0c1ae93f7695 to remote] DEBUG org.asynchttpclient.netty.request.NettyRequestSender - Using pooled Channel '[id: 0xba31c546, L:/127.0.0.1:51492 - R:localhost/127.0.0.1:6261]' for 'DELETE' to 'http://localhost:6261/session/0f2143eaf234eb2c398b0c1ae93f7695/window'
17:42:04.977 [Forwarding close on session 0f2143eaf234eb2c398b0c1ae93f7695 to remote] DEBUG org.asynchttpclient.netty.request.NettyRequestSender - Using open Channel [id: 0xba31c546, L:/127.0.0.1:51492 - R:localhost/127.0.0.1:6261] for DELETE '/session/0f2143eaf234eb2c398b0c1ae93f7695/window'
17:42:05.040 [AsyncHttpClient-1-9] DEBUG org.asynchttpclient.netty.handler.HttpHandler - Channel Closed: [id: 0x1acca7c3, L:/127.0.0.1:51504 ! R:localhost/127.0.0.1:51493] with attribute DISCARD
17:42:05.040 [AsyncHttpClient-1-10] DEBUG org.asynchttpclient.netty.handler.WebSocketHandler - Channel Closed: [id: 0x57b35001, L:/127.0.0.1:51505 ! R:localhost/127.0.0.1:51493] with attribute NettyResponseFuture{currentRetry=0,
	isDone=1,
	isCancelled=0,
	asyncHandler=org.asynchttpclient.ws.WebSocketUpgradeHandler@52771a97,
	nettyRequest=org.asynchttpclient.netty.request.NettyRequest@17759ebd,
	future=java.util.concurrent.CompletableFuture@34d6d5fd[Completed normally],
	uri=ws://localhost:51493/devtools/browser/1b65b0f8-e0f9-4d06-bf70-281959e7a4ab,
	keepAlive=true,
	redirectCount=0,
	timeoutsHolder=null,
	inAuth=0,
	touch=1690296122561}
17:42:05.042 [AsyncHttpClient-1-10] DEBUG org.asynchttpclient.netty.channel.ChannelManager - Closing Channel [id: 0x57b35001, L:/127.0.0.1:51505 ! R:localhost/127.0.0.1:51493] 
17:42:05.102 [AsyncHttpClient-1-8] DEBUG org.asynchttpclient.netty.handler.HttpHandler - 

Request DefaultFullHttpRequest(decodeResult: success, version: HTTP/1.1, content: EmptyByteBufBE)
DELETE /session/0f2143eaf234eb2c398b0c1ae93f7695/window HTTP/1.1
User-Agent: selenium/4.9.1 (java windows)
Content-Type: application/json; charset=utf-8
host: localhost:6261
accept: */*

Response DefaultHttpResponse(decodeResult: success, version: HTTP/1.1)
HTTP/1.1 200 OK
Content-Length: 12
Content-Type: application/json; charset=utf-8
cache-control: no-cache

17:42:05.102 [AsyncHttpClient-1-8] DEBUG org.asynchttpclient.netty.channel.ChannelManager - Adding key: http://localhost:6261 for channel [id: 0xba31c546, L:/127.0.0.1:51492 - R:localhost/127.0.0.1:6261]
Request method:	POST
Request URI:	http://localhost:81/jsonrpc.php
Proxy:			<none>
Request params:	<none>
Query params:	<none>
Form params:	<none>
Path params:	<none>
Headers:		Accept=*/*
				Content-Type=text/plain; charset=ISO-8859-1
Cookies:		<none>
Multiparts:		<none>
Body:
{"jsonrpc":"2.0","method":"createUser","id":123123,"params":{"username":"kyryloAPITestLogin","password":"kyryloAPITestPassword","name":"kyrylo","email":"kyryloAPITest@mail.com","role":"app-manager"}}
17:42:05.120 [main] DEBUG org.apache.http.impl.conn.BasicClientConnectionManager - Get connection for route {}->http://localhost:81
17:42:05.120 [main] DEBUG org.apache.http.impl.conn.DefaultClientConnectionOperator - Connecting to localhost:81
17:42:05.121 [main] DEBUG org.apache.http.client.protocol.RequestAddCookies - CookieSpec selected: ignoreCookies
17:42:05.121 [main] DEBUG org.apache.http.client.protocol.RequestAuthCache - Auth cache not set in the context
17:42:05.121 [main] DEBUG org.apache.http.client.protocol.RequestTargetAuthentication - Target auth state: UNCHALLENGED
17:42:05.121 [main] DEBUG org.apache.http.client.protocol.RequestProxyAuthentication - Proxy auth state: UNCHALLENGED
17:42:05.121 [main] DEBUG org.apache.http.impl.client.DefaultHttpClient - Attempt 1 to execute request
17:42:05.121 [main] DEBUG org.apache.http.impl.conn.DefaultClientConnection - Sending request: POST /jsonrpc.php HTTP/1.1
17:42:05.121 [main] DEBUG org.apache.http.wire -  >> "POST /jsonrpc.php HTTP/1.1[\r][\n]"
17:42:05.121 [main] DEBUG org.apache.http.wire -  >> "Accept: */*[\r][\n]"
17:42:05.121 [main] DEBUG org.apache.http.wire -  >> "Content-Type: text/plain; charset=ISO-8859-1[\r][\n]"
17:42:05.121 [main] DEBUG org.apache.http.wire -  >> "Content-Length: 199[\r][\n]"
17:42:05.121 [main] DEBUG org.apache.http.wire -  >> "Host: localhost:81[\r][\n]"
17:42:05.121 [main] DEBUG org.apache.http.wire -  >> "Connection: Keep-Alive[\r][\n]"
17:42:05.121 [main] DEBUG org.apache.http.wire -  >> "User-Agent: Apache-HttpClient/4.5.13 (Java/17)[\r][\n]"
17:42:05.121 [main] DEBUG org.apache.http.wire -  >> "Accept-Encoding: gzip,deflate[\r][\n]"
17:42:05.121 [main] DEBUG org.apache.http.wire -  >> "[\r][\n]"
17:42:05.121 [main] DEBUG org.apache.http.headers - >> POST /jsonrpc.php HTTP/1.1
17:42:05.121 [main] DEBUG org.apache.http.headers - >> Accept: */*
17:42:05.121 [main] DEBUG org.apache.http.headers - >> Content-Type: text/plain; charset=ISO-8859-1
17:42:05.121 [main] DEBUG org.apache.http.headers - >> Content-Length: 199
17:42:05.121 [main] DEBUG org.apache.http.headers - >> Host: localhost:81
17:42:05.121 [main] DEBUG org.apache.http.headers - >> Connection: Keep-Alive
17:42:05.121 [main] DEBUG org.apache.http.headers - >> User-Agent: Apache-HttpClient/4.5.13 (Java/17)
17:42:05.121 [main] DEBUG org.apache.http.headers - >> Accept-Encoding: gzip,deflate
17:42:05.121 [main] DEBUG org.apache.http.wire -  >> "{"jsonrpc":"2.0","method":"createUser","id":123123,"params":{"username":"kyryloAPITestLogin","password":"kyryloAPITestPassword","name":"kyrylo","email":"kyryloAPITest@mail.com","role":"app-manager"}}"
17:42:05.135 [main] DEBUG org.apache.http.wire -  << "HTTP/1.1 401 Unauthorized[\r][\n]"
17:42:05.135 [main] DEBUG org.apache.http.wire -  << "Server: nginx[\r][\n]"
17:42:05.135 [main] DEBUG org.apache.http.wire -  << "Date: Tue, 25 Jul 2023 14:42:05 GMT[\r][\n]"
17:42:05.135 [main] DEBUG org.apache.http.wire -  << "Content-Type: application/json[\r][\n]"
17:42:05.135 [main] DEBUG org.apache.http.wire -  << "Transfer-Encoding: chunked[\r][\n]"
17:42:05.135 [main] DEBUG org.apache.http.wire -  << "Connection: keep-alive[\r][\n]"
17:42:05.135 [main] DEBUG org.apache.http.wire -  << "WWW-Authenticate: Basic realm="JsonRPC"[\r][\n]"
17:42:05.135 [main] DEBUG org.apache.http.wire -  << "[\r][\n]"
17:42:05.136 [main] DEBUG org.apache.http.impl.conn.DefaultClientConnection - Receiving response: HTTP/1.1 401 Unauthorized
17:42:05.136 [main] DEBUG org.apache.http.headers - << HTTP/1.1 401 Unauthorized
17:42:05.136 [main] DEBUG org.apache.http.headers - << Server: nginx
17:42:05.136 [main] DEBUG org.apache.http.headers - << Date: Tue, 25 Jul 2023 14:42:05 GMT
17:42:05.136 [main] DEBUG org.apache.http.headers - << Content-Type: application/json
17:42:05.136 [main] DEBUG org.apache.http.headers - << Transfer-Encoding: chunked
17:42:05.136 [main] DEBUG org.apache.http.headers - << Connection: keep-alive
17:42:05.136 [main] DEBUG org.apache.http.headers - << WWW-Authenticate: Basic realm="JsonRPC"
17:42:05.136 [main] DEBUG org.apache.http.impl.client.DefaultHttpClient - Connection can be kept alive indefinitely
17:42:05.136 [main] DEBUG org.apache.http.impl.client.DefaultHttpClient - Authentication required
17:42:05.136 [main] DEBUG org.apache.http.impl.client.DefaultHttpClient - localhost:81 requested authentication
17:42:05.136 [main] DEBUG org.apache.http.impl.client.TargetAuthenticationStrategy - Authentication schemes in the order of preference: [Negotiate, Kerberos, NTLM, CredSSP, Digest, Basic]
17:42:05.136 [main] DEBUG org.apache.http.impl.client.TargetAuthenticationStrategy - Challenge for Negotiate authentication scheme not available
17:42:05.136 [main] DEBUG org.apache.http.impl.client.TargetAuthenticationStrategy - Challenge for Kerberos authentication scheme not available
17:42:05.136 [main] DEBUG org.apache.http.impl.client.TargetAuthenticationStrategy - Challenge for NTLM authentication scheme not available
17:42:05.136 [main] DEBUG org.apache.http.impl.client.TargetAuthenticationStrategy - Challenge for CredSSP authentication scheme not available
17:42:05.136 [main] DEBUG org.apache.http.impl.client.TargetAuthenticationStrategy - Challenge for Digest authentication scheme not available
17:42:05.136 [main] DEBUG org.apache.http.impl.client.DefaultHttpClient - Selected authentication options: [BASIC [complete=true]]
17:42:05.136 [main] DEBUG org.apache.http.wire -  << "49[\r][\n]"
17:42:05.136 [main] DEBUG org.apache.http.wire -  << "{"jsonrpc":"2.0","error":{"code":401,"message":"Unauthorized"},"id":null}"
17:42:05.136 [main] DEBUG org.apache.http.wire -  << "[\r][\n]"
17:42:05.136 [main] DEBUG org.apache.http.wire -  << "0[\r][\n]"
17:42:05.136 [main] DEBUG org.apache.http.wire -  << "[\r][\n]"
17:42:05.136 [main] DEBUG org.apache.http.client.protocol.RequestAddCookies - CookieSpec selected: ignoreCookies
17:42:05.136 [main] DEBUG org.apache.http.client.protocol.RequestAuthCache - Auth cache not set in the context
17:42:05.136 [main] DEBUG org.apache.http.client.protocol.RequestTargetAuthentication - Target auth state: CHALLENGED
17:42:05.136 [main] DEBUG org.apache.http.client.protocol.RequestTargetAuthentication - Generating response to an authentication challenge using basic scheme
17:42:05.136 [main] DEBUG org.apache.http.client.protocol.RequestProxyAuthentication - Proxy auth state: UNCHALLENGED
17:42:05.136 [main] DEBUG org.apache.http.impl.client.DefaultHttpClient - Attempt 2 to execute request
17:42:05.136 [main] DEBUG org.apache.http.impl.conn.DefaultClientConnection - Sending request: POST /jsonrpc.php HTTP/1.1
17:42:05.136 [main] DEBUG org.apache.http.wire -  >> "POST /jsonrpc.php HTTP/1.1[\r][\n]"
17:42:05.136 [main] DEBUG org.apache.http.wire -  >> "Accept: */*[\r][\n]"
17:42:05.136 [main] DEBUG org.apache.http.wire -  >> "Content-Type: text/plain; charset=ISO-8859-1[\r][\n]"
17:42:05.136 [main] DEBUG org.apache.http.wire -  >> "Content-Length: 199[\r][\n]"
17:42:05.136 [main] DEBUG org.apache.http.wire -  >> "Host: localhost:81[\r][\n]"
17:42:05.136 [main] DEBUG org.apache.http.wire -  >> "Connection: Keep-Alive[\r][\n]"
17:42:05.136 [main] DEBUG org.apache.http.wire -  >> "User-Agent: Apache-HttpClient/4.5.13 (Java/17)[\r][\n]"
17:42:05.136 [main] DEBUG org.apache.http.wire -  >> "Authorization: Basic YWRtaW46YWRtaW4=[\r][\n]"
17:42:05.136 [main] DEBUG org.apache.http.wire -  >> "Accept-Encoding: gzip,deflate[\r][\n]"
17:42:05.136 [main] DEBUG org.apache.http.wire -  >> "[\r][\n]"
17:42:05.136 [main] DEBUG org.apache.http.headers - >> POST /jsonrpc.php HTTP/1.1
17:42:05.136 [main] DEBUG org.apache.http.headers - >> Accept: */*
17:42:05.136 [main] DEBUG org.apache.http.headers - >> Content-Type: text/plain; charset=ISO-8859-1
17:42:05.136 [main] DEBUG org.apache.http.headers - >> Content-Length: 199
17:42:05.136 [main] DEBUG org.apache.http.headers - >> Host: localhost:81
17:42:05.136 [main] DEBUG org.apache.http.headers - >> Connection: Keep-Alive
17:42:05.136 [main] DEBUG org.apache.http.headers - >> User-Agent: Apache-HttpClient/4.5.13 (Java/17)
17:42:05.136 [main] DEBUG org.apache.http.headers - >> Authorization: Basic YWRtaW46YWRtaW4=
17:42:05.136 [main] DEBUG org.apache.http.headers - >> Accept-Encoding: gzip,deflate
17:42:05.136 [main] DEBUG org.apache.http.wire -  >> "{"jsonrpc":"2.0","method":"createUser","id":123123,"params":{"username":"kyryloAPITestLogin","password":"kyryloAPITestPassword","name":"kyrylo","email":"kyryloAPITest@mail.com","role":"app-manager"}}"
17:42:05.318 [AsyncHttpClient-1-1] DEBUG org.asynchttpclient.netty.channel.DefaultChannelPool - Entry count for : http://localhost:51493 : 1
17:42:05.318 [AsyncHttpClient-1-1] DEBUG org.asynchttpclient.netty.channel.DefaultChannelPool - Entry count for : http://localhost:6261 : 1
17:42:05.318 [AsyncHttpClient-1-1] DEBUG org.asynchttpclient.netty.channel.DefaultChannelPool - Adding Candidate expired Channel [id: 0x1acca7c3, L:/127.0.0.1:51504 ! R:localhost/127.0.0.1:51493] isIdleTimeoutExpired=false isRemotelyClosed=true isTtlExpired=false
17:42:05.318 [AsyncHttpClient-1-1] DEBUG org.asynchttpclient.netty.channel.DefaultChannelPool - Closing Idle Channel [id: 0x1acca7c3, L:/127.0.0.1:51504 ! R:localhost/127.0.0.1:51493]
17:42:05.318 [AsyncHttpClient-1-1] DEBUG org.asynchttpclient.netty.channel.DefaultChannelPool - Closed 1 connections out of 2 in 0 ms
17:42:05.330 [main] DEBUG org.apache.http.wire -  << "HTTP/1.1 200 OK[\r][\n]"
17:42:05.330 [main] DEBUG org.apache.http.wire -  << "Server: nginx[\r][\n]"
17:42:05.330 [main] DEBUG org.apache.http.wire -  << "Date: Tue, 25 Jul 2023 14:42:05 GMT[\r][\n]"
17:42:05.330 [main] DEBUG org.apache.http.wire -  << "Content-Type: application/json[\r][\n]"
17:42:05.330 [main] DEBUG org.apache.http.wire -  << "Transfer-Encoding: chunked[\r][\n]"
17:42:05.330 [main] DEBUG org.apache.http.wire -  << "Connection: keep-alive[\r][\n]"
17:42:05.330 [main] DEBUG org.apache.http.wire -  << "Vary: Accept-Encoding[\r][\n]"
17:42:05.330 [main] DEBUG org.apache.http.wire -  << "Content-Encoding: gzip[\r][\n]"
17:42:05.330 [main] DEBUG org.apache.http.wire -  << "[\r][\n]"
17:42:05.331 [main] DEBUG org.apache.http.impl.conn.DefaultClientConnection - Receiving response: HTTP/1.1 200 OK
17:42:05.331 [main] DEBUG org.apache.http.headers - << HTTP/1.1 200 OK
17:42:05.331 [main] DEBUG org.apache.http.headers - << Server: nginx
17:42:05.331 [main] DEBUG org.apache.http.headers - << Date: Tue, 25 Jul 2023 14:42:05 GMT
17:42:05.331 [main] DEBUG org.apache.http.headers - << Content-Type: application/json
17:42:05.331 [main] DEBUG org.apache.http.headers - << Transfer-Encoding: chunked
17:42:05.331 [main] DEBUG org.apache.http.headers - << Connection: keep-alive
17:42:05.331 [main] DEBUG org.apache.http.headers - << Vary: Accept-Encoding
17:42:05.331 [main] DEBUG org.apache.http.headers - << Content-Encoding: gzip
17:42:05.331 [main] DEBUG org.apache.http.impl.client.DefaultHttpClient - Connection can be kept alive indefinitely
17:42:05.331 [main] DEBUG org.apache.http.impl.client.DefaultHttpClient - Authentication succeeded
17:42:05.331 [main] DEBUG org.apache.http.impl.client.TargetAuthenticationStrategy - Caching 'basic' auth scheme for http://localhost:81
17:42:05.331 [main] DEBUG io.restassured.internal.RestAssuredHttpBuilder - Parsing response as: application/json
17:42:05.331 [main] DEBUG org.apache.http.wire -  << "3c[\r][\n]"
17:42:05.331 [main] DEBUG org.apache.http.wire -  << "[0x1f][0x8b][0x8][0x0][0x0][0x0][0x0][0x0][0x0][0x3][0xab]V[0xca]*[0xce][0xcf]+*HV[0xb2]R2[0xd2]3P[0xd2]Q*J-.[0xcd])Q[0xb2]265[0xd3]Q[0xca]LQ[0xb2]242[0x6][0xa2]Z[0x0]gMM:*[0x0][0x0][0x0]"
17:42:05.331 [main] DEBUG org.apache.http.wire -  << "[\r][\n]"
17:42:05.331 [main] DEBUG org.apache.http.wire -  << "0[\r][\n]"
17:42:05.331 [main] DEBUG org.apache.http.wire -  << "[\r][\n]"
17:42:05.331 [main] DEBUG io.restassured.internal.RestAssuredHttpBuilder - Parsed data to instance of: class org.apache.http.conn.EofSensorInputStream
17:42:05.332 [main] DEBUG org.apache.http.impl.conn.BasicClientConnectionManager - Releasing connection org.apache.http.impl.conn.ManagedClientConnectionImpl@73b68d98
17:42:05.332 [main] DEBUG org.apache.http.impl.conn.BasicClientConnectionManager - Connection can be kept alive indefinitely
{
    "jsonrpc": "2.0",
    "result": 356,
    "id": 123123
}
17:42:05.335 [Forwarding getTitle on session 0f2143eaf234eb2c398b0c1ae93f7695 to remote] DEBUG org.asynchttpclient.netty.request.NettyRequestSender - Using pooled Channel '[id: 0xba31c546, L:/127.0.0.1:51492 - R:localhost/127.0.0.1:6261]' for 'GET' to 'http://localhost:6261/session/0f2143eaf234eb2c398b0c1ae93f7695/title'
17:42:05.335 [Forwarding getTitle on session 0f2143eaf234eb2c398b0c1ae93f7695 to remote] DEBUG org.asynchttpclient.netty.request.NettyRequestSender - Using open Channel [id: 0xba31c546, L:/127.0.0.1:51492 - R:localhost/127.0.0.1:6261] for GET '/session/0f2143eaf234eb2c398b0c1ae93f7695/title'
17:42:05.336 [AsyncHttpClient-1-8] DEBUG org.asynchttpclient.netty.handler.HttpHandler - 

Request DefaultFullHttpRequest(decodeResult: success, version: HTTP/1.1, content: EmptyByteBufBE)
GET /session/0f2143eaf234eb2c398b0c1ae93f7695/title HTTP/1.1
User-Agent: selenium/4.9.1 (java windows)
Cache-Control: no-cache
Content-Type: application/json; charset=utf-8
host: localhost:6261
accept: */*

Response DefaultHttpResponse(decodeResult: success, version: HTTP/1.1)
HTTP/1.1 404 Not Found
Content-Length: 831
Content-Type: application/json; charset=utf-8
cache-control: no-cache

17:42:05.336 [AsyncHttpClient-1-8] DEBUG org.asynchttpclient.netty.channel.ChannelManager - Adding key: http://localhost:6261 for channel [id: 0xba31c546, L:/127.0.0.1:51492 - R:localhost/127.0.0.1:6261]
17:42:05.337 [main] DEBUG com.codeborne.selenide.drivercommands.BrowserHealthChecker - Browser session is not found
org.openqa.selenium.NoSuchSessionException: invalid session id
Build info: version: '4.9.1', revision: 'eb2032df7f'
System info: os.name: 'Windows 10', os.arch: 'amd64', os.version: '10.0', java.version: '17'
Driver info: org.openqa.selenium.chrome.ChromeDriver
Command: [0f2143eaf234eb2c398b0c1ae93f7695, getTitle {}]
Capabilities {acceptInsecureCerts: true, browserName: chrome, browserVersion: 114.0.5735.199, chrome: {chromedriverVersion: 114.0.5735.90 (386bc09e8f4f..., userDataDir: C:\Users\KFA24~1.SHM\AppDat...}, goog:chromeOptions: {debuggerAddress: localhost:51493}, networkConnectionEnabled: false, pageLoadStrategy: normal, platformName: windows, proxy: Proxy(), se:cdp: ws://localhost:51493/devtoo..., se:cdpVersion: 114.0.5735.199, setWindowRect: true, strictFileInteractability: false, timeouts: {implicit: 0, pageLoad: 300000, script: 30000}, unhandledPromptBehavior: accept, webauthn:extension:credBlob: true, webauthn:extension:largeBlob: true, webauthn:extension:minPinLength: true, webauthn:extension:prf: true, webauthn:virtualAuthenticators: true}
Session ID: 0f2143eaf234eb2c398b0c1ae93f7695
	at java.base/jdk.internal.reflect.NativeConstructorAccessorImpl.newInstance0(Native Method)
	at java.base/jdk.internal.reflect.NativeConstructorAccessorImpl.newInstance(NativeConstructorAccessorImpl.java:77)
	at java.base/jdk.internal.reflect.DelegatingConstructorAccessorImpl.newInstance(DelegatingConstructorAccessorImpl.java:45)
	at java.base/java.lang.reflect.Constructor.newInstanceWithCaller(Constructor.java:499)
	at java.base/java.lang.reflect.Constructor.newInstance(Constructor.java:480)
	at org.openqa.selenium.remote.codec.w3c.W3CHttpResponseCodec.createException(W3CHttpResponseCodec.java:200)
	at org.openqa.selenium.remote.codec.w3c.W3CHttpResponseCodec.decode(W3CHttpResponseCodec.java:133)
	at org.openqa.selenium.remote.codec.w3c.W3CHttpResponseCodec.decode(W3CHttpResponseCodec.java:53)
	at org.openqa.selenium.remote.HttpCommandExecutor.execute(HttpCommandExecutor.java:193)
	at org.openqa.selenium.remote.service.DriverCommandExecutor.invokeExecute(DriverCommandExecutor.java:183)
	at org.openqa.selenium.remote.service.DriverCommandExecutor.execute(DriverCommandExecutor.java:158)
	at org.openqa.selenium.remote.RemoteWebDriver.execute(RemoteWebDriver.java:543)
	at org.openqa.selenium.remote.RemoteWebDriver.execute(RemoteWebDriver.java:598)
	at org.openqa.selenium.remote.RemoteWebDriver.execute(RemoteWebDriver.java:602)
	at org.openqa.selenium.remote.RemoteWebDriver.getTitle(RemoteWebDriver.java:302)
	at com.codeborne.selenide.drivercommands.BrowserHealthChecker.isBrowserStillOpen(BrowserHealthChecker.java:19)
	at com.codeborne.selenide.impl.WebDriverThreadLocalContainer.getAndCheckWebDriver(WebDriverThreadLocalContainer.java:158)
	at com.codeborne.selenide.WebDriverRunner.getAndCheckWebDriver(WebDriverRunner.java:130)
	at com.codeborne.selenide.impl.StaticDriver.getAndCheckWebDriver(StaticDriver.java:65)
	at com.codeborne.selenide.SelenideDriver.getAndCheckWebDriver(SelenideDriver.java:220)
	at com.codeborne.selenide.drivercommands.Navigator.lambda$navigateTo$0(Navigator.java:72)
	at com.codeborne.selenide.logevents.SelenideLogger.lambda$run$0(SelenideLogger.java:105)
	at com.codeborne.selenide.logevents.SelenideLogger.wrap(SelenideLogger.java:133)
	at com.codeborne.selenide.logevents.SelenideLogger.run(SelenideLogger.java:104)
	at com.codeborne.selenide.drivercommands.Navigator.navigateTo(Navigator.java:70)
	at com.codeborne.selenide.drivercommands.Navigator.open(Navigator.java:32)
	at com.codeborne.selenide.SelenideDriver.open(SelenideDriver.java:101)
	at com.codeborne.selenide.Selenide.open(Selenide.java:53)
	at UI.tests.BaseUITest.setUp(BaseUITest.java:25)
	at java.base/jdk.internal.reflect.NativeMethodAccessorImpl.invoke0(Native Method)
	at java.base/jdk.internal.reflect.NativeMethodAccessorImpl.invoke(NativeMethodAccessorImpl.java:77)
	at java.base/jdk.internal.reflect.DelegatingMethodAccessorImpl.invoke(DelegatingMethodAccessorImpl.java:43)
	at java.base/java.lang.reflect.Method.invoke(Method.java:568)
	at org.testng.internal.invokers.MethodInvocationHelper.invokeMethod(MethodInvocationHelper.java:139)
	at org.testng.internal.invokers.MethodInvocationHelper.invokeMethodConsideringTimeout(MethodInvocationHelper.java:69)
	at org.testng.internal.invokers.ConfigInvoker.invokeConfigurationMethod(ConfigInvoker.java:361)
	at org.testng.internal.invokers.ConfigInvoker.invokeConfigurations(ConfigInvoker.java:296)
	at org.testng.internal.invokers.TestInvoker.runConfigMethods(TestInvoker.java:823)
	at org.testng.internal.invokers.TestInvoker.invokeMethod(TestInvoker.java:590)
	at org.testng.internal.invokers.TestInvoker.invokeTestMethod(TestInvoker.java:221)
	at org.testng.internal.invokers.MethodRunner.runInSequence(MethodRunner.java:50)
	at org.testng.internal.invokers.TestInvoker$MethodInvocationAgent.invoke(TestInvoker.java:969)
	at org.testng.internal.invokers.TestInvoker.invokeTestMethods(TestInvoker.java:194)
	at org.testng.internal.invokers.TestMethodWorker.invokeTestMethods(TestMethodWorker.java:148)
	at org.testng.internal.invokers.TestMethodWorker.run(TestMethodWorker.java:128)
	at java.base/java.util.ArrayList.forEach(ArrayList.java:1511)
	at org.testng.TestRunner.privateRun(TestRunner.java:829)
	at org.testng.TestRunner.run(TestRunner.java:602)
	at org.testng.SuiteRunner.runTest(SuiteRunner.java:437)
	at org.testng.SuiteRunner.runSequentially(SuiteRunner.java:431)
	at org.testng.SuiteRunner.privateRun(SuiteRunner.java:391)
	at org.testng.SuiteRunner.run(SuiteRunner.java:330)
	at org.testng.SuiteRunnerWorker.runSuite(SuiteRunnerWorker.java:52)
	at org.testng.SuiteRunnerWorker.run(SuiteRunnerWorker.java:95)
	at org.testng.TestNG.runSuitesSequentially(TestNG.java:1256)
	at org.testng.TestNG.runSuitesLocally(TestNG.java:1176)
	at org.testng.TestNG.runSuites(TestNG.java:1099)
	at org.testng.TestNG.run(TestNG.java:1067)
	at org.apache.maven.surefire.testng.TestNGExecutor.run(TestNGExecutor.java:324)
	at org.apache.maven.surefire.testng.TestNGXmlTestSuite.execute(TestNGXmlTestSuite.java:74)
	at org.apache.maven.surefire.testng.TestNGProvider.invoke(TestNGProvider.java:123)
	at org.apache.maven.surefire.booter.ForkedBooter.runSuitesInProcess(ForkedBooter.java:456)
	at org.apache.maven.surefire.booter.ForkedBooter.execute(ForkedBooter.java:169)
	at org.apache.maven.surefire.booter.ForkedBooter.run(ForkedBooter.java:595)
	at org.apache.maven.surefire.booter.ForkedBooter.main(ForkedBooter.java:581)
17:42:05.338 [main] INFO com.codeborne.selenide.impl.WebDriverThreadLocalContainer - Webdriver has been closed meanwhile. Let's re-create it.
17:42:05.338 [main] INFO com.codeborne.selenide.impl.FileHelper - Deleted empty folder: C:\Users\k.shmana\Desktop\r_d\Kanboard\build\downloads\1690296121391_10268_1
17:42:05.338 [main] INFO com.codeborne.selenide.drivercommands.CloseDriverCommand - Close webdriver: 1 -> ChromeDriver: chrome on windows (0f2143eaf234eb2c398b0c1ae93f7695)...
17:42:05.340 [Driver Command Executor] DEBUG org.asynchttpclient.netty.request.NettyRequestSender - Using pooled Channel '[id: 0xba31c546, L:/127.0.0.1:51492 - R:localhost/127.0.0.1:6261]' for 'DELETE' to 'http://localhost:6261/session/0f2143eaf234eb2c398b0c1ae93f7695'
17:42:05.340 [Driver Command Executor] DEBUG org.asynchttpclient.netty.request.NettyRequestSender - Using open Channel [id: 0xba31c546, L:/127.0.0.1:51492 - R:localhost/127.0.0.1:6261] for DELETE '/session/0f2143eaf234eb2c398b0c1ae93f7695'
17:42:05.341 [AsyncHttpClient-1-8] DEBUG org.asynchttpclient.netty.handler.HttpHandler - 

Request DefaultFullHttpRequest(decodeResult: success, version: HTTP/1.1, content: EmptyByteBufBE)
DELETE /session/0f2143eaf234eb2c398b0c1ae93f7695 HTTP/1.1
User-Agent: selenium/4.9.1 (java windows)
Content-Type: application/json; charset=utf-8
host: localhost:6261
accept: */*

Response DefaultHttpResponse(decodeResult: success, version: HTTP/1.1)
HTTP/1.1 200 OK
Content-Length: 14
Content-Type: application/json; charset=utf-8
cache-control: no-cache

17:42:05.341 [AsyncHttpClient-1-8] DEBUG org.asynchttpclient.netty.channel.ChannelManager - Adding key: http://localhost:6261 for channel [id: 0xba31c546, L:/127.0.0.1:51492 - R:localhost/127.0.0.1:6261]
17:42:05.343 [AsyncHttpClient-1-8] DEBUG org.asynchttpclient.netty.handler.HttpHandler - Channel Closed: [id: 0xba31c546, L:/127.0.0.1:51492 ! R:localhost/127.0.0.1:6261] with attribute DISCARD
17:42:05.411 [main] INFO com.codeborne.selenide.drivercommands.CloseDriverCommand - Closed webdriver 1 in 73 ms
17:42:05.411 [main] INFO com.codeborne.selenide.drivercommands.DisposablesRegistry - Unregister WebDriverInstance[config=StaticConfig,webDriver=ChromeDriver: chrome on windows (null),proxy=null,downloadsFolder=C:\Users\k.shmana\Desktop\r_d\Kanboard\build\downloads\1690296121391_10268_1] in 1 [size=0]
17:42:05.411 [main] DEBUG com.codeborne.selenide.drivercommands.CreateDriverCommand - Creating webdriver in thread 1 (ip: 192.168.195.23, host: N-KV-TYCH1O-F81)...
17:42:05.411 [main] INFO com.codeborne.selenide.impl.FileHelper - Creating folder: C:\Users\k.shmana\Desktop\r_d\Kanboard\build\downloads\1690296125411_10268_1
17:42:05.411 [main] DEBUG com.codeborne.selenide.webdriver.WebDriverFactory - browser=chrome
17:42:05.411 [main] DEBUG com.codeborne.selenide.webdriver.WebDriverFactory - browser.version=null
17:42:05.411 [main] DEBUG com.codeborne.selenide.webdriver.WebDriverFactory - remote=null
17:42:05.411 [main] DEBUG com.codeborne.selenide.webdriver.WebDriverFactory - browserSize=1366x768
17:42:05.411 [main] DEBUG com.codeborne.selenide.webdriver.WebDriverFactory - downloadsFolder=C:\Users\k.shmana\Desktop\r_d\Kanboard\build\downloads\1690296125411_10268_1
17:42:05.412 [main] DEBUG com.codeborne.selenide.webdriver.AbstractChromiumDriverFactory - Using chromium preferences: {credentials_enable_service=false, safebrowsing.enabled=true, plugins.always_open_pdf_externally=true, profile.default_content_setting_values.automatic_downloads=1, download.default_directory=C:\Users\k.shmana\Desktop\r_d\Kanboard\build\downloads\1690296125411_10268_1}
17:42:05.412 [main] DEBUG com.codeborne.selenide.webdriver.ChromeDriverFactory - Chrome options: Capabilities {acceptInsecureCerts: true, browserName: chrome, goog:chromeOptions: {args: [--remote-allow-origins=*, --proxy-bypass-list=<-loopb..., --disable-dev-shm-usage, --window-size=1366,768], excludeSwitches: [enable-automation, load-extension], extensions: [], prefs: {credentials_enable_service: false, download.default_directory: C:\Users\k.shmana\Desktop\r..., plugins.always_open_pdf_externally: true, profile.default_content_setting_values.automatic_downloads: 1, safebrowsing.enabled: true}}, pageLoadStrategy: normal, unhandledPromptBehavior: accept}
17:42:05.418 [main] INFO com.codeborne.selenide.webdriver.SelenideNettyClientFactory - Changed readTimeout from PT3M to PT1M30S
17:42:05.546 [AsyncHttpClient-1-11] DEBUG org.asynchttpclient.netty.channel.NettyConnectListener - Using new Channel '[id: 0xd14ce948, L:/127.0.0.1:51527 - R:localhost/127.0.0.1:3610]' for 'POST' to '/session'
17:42:06.418 [AsyncHttpClient-1-1] DEBUG org.asynchttpclient.netty.channel.DefaultChannelPool - Entry count for : http://localhost:6261 : 1
17:42:06.418 [AsyncHttpClient-1-1] DEBUG org.asynchttpclient.netty.channel.DefaultChannelPool - Adding Candidate expired Channel [id: 0xba31c546, L:/127.0.0.1:51492 ! R:localhost/127.0.0.1:6261] isIdleTimeoutExpired=false isRemotelyClosed=true isTtlExpired=false
17:42:06.418 [AsyncHttpClient-1-1] DEBUG org.asynchttpclient.netty.channel.DefaultChannelPool - Closing Idle Channel [id: 0xba31c546, L:/127.0.0.1:51492 ! R:localhost/127.0.0.1:6261]
17:42:06.418 [AsyncHttpClient-1-1] DEBUG org.asynchttpclient.netty.channel.DefaultChannelPool - Closed 1 connections out of 1 in 0 ms
17:42:06.521 [AsyncHttpClient-1-11] DEBUG org.asynchttpclient.netty.handler.HttpHandler - 

Request DefaultHttpRequest(decodeResult: success, version: HTTP/1.1)
POST /session HTTP/1.1
User-Agent: selenium/4.9.1 (java windows)
Content-Length: 996
Content-Type: application/json; charset=utf-8
host: localhost:3610
accept: */*

Response DefaultHttpResponse(decodeResult: success, version: HTTP/1.1)
HTTP/1.1 200 OK
Content-Length: 854
Content-Type: application/json; charset=utf-8
cache-control: no-cache

17:42:06.521 [AsyncHttpClient-1-11] DEBUG org.asynchttpclient.netty.channel.ChannelManager - Adding key: http://localhost:3610 for channel [id: 0xd14ce948, L:/127.0.0.1:51527 - R:localhost/127.0.0.1:3610]
17:42:06.527 [main] INFO com.codeborne.selenide.webdriver.SelenideNettyClientFactory - Changed readTimeout from PT3M to PT1M30S
17:42:06.530 [AsyncHttpClient-1-12] DEBUG org.asynchttpclient.netty.channel.NettyConnectListener - Using new Channel '[id: 0xbbf18e54, L:/127.0.0.1:51539 - R:localhost/127.0.0.1:51528]' for 'GET' to '/json/version'
17:42:06.533 [AsyncHttpClient-1-12] DEBUG org.asynchttpclient.netty.handler.HttpHandler - 

Request DefaultFullHttpRequest(decodeResult: success, version: HTTP/1.1, content: EmptyByteBufBE)
GET /json/version HTTP/1.1
User-Agent: selenium/4.9.1 (java windows)
host: localhost:51528
accept: */*

Response DefaultHttpResponse(decodeResult: success, version: HTTP/1.1)
HTTP/1.1 200 OK
Content-Security-Policy: frame-ancestors 'none'
Content-Length: 424
Content-Type: application/json; charset=UTF-8

17:42:06.534 [AsyncHttpClient-1-12] DEBUG org.asynchttpclient.netty.channel.ChannelManager - Adding key: http://localhost:51528 for channel [id: 0xbbf18e54, L:/127.0.0.1:51539 - R:localhost/127.0.0.1:51528]
17:42:06.534 [main] INFO com.codeborne.selenide.webdriver.SelenideNettyClientFactory - Changed readTimeout from PT3M to PT1M30S
17:42:06.537 [AsyncHttpClient-1-13] DEBUG org.asynchttpclient.netty.channel.NettyConnectListener - Using new Channel '[id: 0x184fb3e2, L:/127.0.0.1:51540 - R:localhost/127.0.0.1:51528]' for 'GET' to '/devtools/browser/604d8e9c-44e3-49c3-8e2a-d53af92577e1'
17:42:06.541 [AsyncHttpClient-1-13] DEBUG org.asynchttpclient.netty.handler.WebSocketHandler - 

Request DefaultFullHttpRequest(decodeResult: success, version: HTTP/1.1, content: EmptyByteBufBE)
GET /devtools/browser/604d8e9c-44e3-49c3-8e2a-d53af92577e1 HTTP/1.1
upgrade: websocket
connection: upgrade
sec-websocket-key: X596ppO8x848r575N9LiLg==
sec-websocket-version: 13
origin: http://localhost:51528
host: localhost:51528
accept: */*
user-agent: AHC/2.1

Response DefaultHttpResponse(decodeResult: success, version: HTTP/1.1)
HTTP/1.1 101 WebSocket Protocol Handshake
Upgrade: WebSocket
Connection: Upgrade
Sec-WebSocket-Accept: SiIFXivMUnzwufPIwg6DAKo4Bwk=

17:42:06.548 [Forwarding setTimeout on session 9881248c6322e559258b228e5405246b to remote] DEBUG org.asynchttpclient.netty.request.NettyRequestSender - Using pooled Channel '[id: 0xd14ce948, L:/127.0.0.1:51527 - R:localhost/127.0.0.1:3610]' for 'POST' to 'http://localhost:3610/session/9881248c6322e559258b228e5405246b/timeouts'
17:42:06.548 [Forwarding setTimeout on session 9881248c6322e559258b228e5405246b to remote] DEBUG org.asynchttpclient.netty.request.NettyRequestSender - Using open Channel [id: 0xd14ce948, L:/127.0.0.1:51527 - R:localhost/127.0.0.1:3610] for POST '/session/9881248c6322e559258b228e5405246b/timeouts'
17:42:06.549 [AsyncHttpClient-1-11] DEBUG org.asynchttpclient.netty.handler.HttpHandler - 

Request DefaultHttpRequest(decodeResult: success, version: HTTP/1.1)
POST /session/9881248c6322e559258b228e5405246b/timeouts HTTP/1.1
User-Agent: selenium/4.9.1 (java windows)
Content-Length: 23
Content-Type: application/json; charset=utf-8
host: localhost:3610
accept: */*

Response DefaultHttpResponse(decodeResult: success, version: HTTP/1.1)
HTTP/1.1 200 OK
Content-Length: 14
Content-Type: application/json; charset=utf-8
cache-control: no-cache

17:42:06.550 [AsyncHttpClient-1-11] DEBUG org.asynchttpclient.netty.channel.ChannelManager - Adding key: http://localhost:3610 for channel [id: 0xd14ce948, L:/127.0.0.1:51527 - R:localhost/127.0.0.1:3610]
17:42:06.550 [main] INFO com.codeborne.selenide.webdriver.WebDriverFactory - BrowserName=chrome Version=114.0.5735.199 Platform=windows
17:42:06.550 [main] INFO com.codeborne.selenide.webdriver.WebDriverFactory - Selenide v. 6.15.0
17:42:06.550 [main] INFO com.codeborne.selenide.webdriver.WebDriverFactory - Selenium WebDriver v. 4.9.1 build revision: eb2032df7f
17:42:06.550 [main] INFO com.codeborne.selenide.drivercommands.CreateDriverCommand - Created webdriver in thread 1: ChromeDriver -> ChromeDriver: chrome on windows (9881248c6322e559258b228e5405246b)
17:42:06.550 [main] INFO com.codeborne.selenide.drivercommands.DisposablesRegistry - Register WebDriverInstance[config=StaticConfig,webDriver=ChromeDriver: chrome on windows (9881248c6322e559258b228e5405246b),proxy=null,downloadsFolder=C:\Users\k.shmana\Desktop\r_d\Kanboard\build\downloads\1690296125411_10268_1] in 1 [size=1]
17:42:06.551 [Forwarding get on session 9881248c6322e559258b228e5405246b to remote] DEBUG org.asynchttpclient.netty.request.NettyRequestSender - Using pooled Channel '[id: 0xd14ce948, L:/127.0.0.1:51527 - R:localhost/127.0.0.1:3610]' for 'POST' to 'http://localhost:3610/session/9881248c6322e559258b228e5405246b/url'
17:42:06.552 [Forwarding get on session 9881248c6322e559258b228e5405246b to remote] DEBUG org.asynchttpclient.netty.request.NettyRequestSender - Using open Channel [id: 0xd14ce948, L:/127.0.0.1:51527 - R:localhost/127.0.0.1:3610] for POST '/session/9881248c6322e559258b228e5405246b/url'
17:42:07.523 [AsyncHttpClient-1-1] DEBUG org.asynchttpclient.netty.channel.DefaultChannelPool - Entry count for : http://localhost:51528 : 1
17:42:08.621 [AsyncHttpClient-1-1] DEBUG org.asynchttpclient.netty.channel.DefaultChannelPool - Entry count for : http://localhost:51528 : 1
17:42:09.242 [AsyncHttpClient-1-11] DEBUG org.asynchttpclient.netty.handler.HttpHandler - 

Request DefaultHttpRequest(decodeResult: success, version: HTTP/1.1)
POST /session/9881248c6322e559258b228e5405246b/url HTTP/1.1
User-Agent: selenium/4.9.1 (java windows)
Content-Length: 55
Content-Type: application/json; charset=utf-8
host: localhost:3610
accept: */*

Response DefaultHttpResponse(decodeResult: success, version: HTTP/1.1)
HTTP/1.1 200 OK
Content-Length: 14
Content-Type: application/json; charset=utf-8
cache-control: no-cache

17:42:09.242 [AsyncHttpClient-1-11] DEBUG org.asynchttpclient.netty.channel.ChannelManager - Adding key: http://localhost:3610 for channel [id: 0xd14ce948, L:/127.0.0.1:51527 - R:localhost/127.0.0.1:3610]
17:42:09.250 [Forwarding findElement on session 9881248c6322e559258b228e5405246b to remote] DEBUG org.asynchttpclient.netty.request.NettyRequestSender - Using pooled Channel '[id: 0xd14ce948, L:/127.0.0.1:51527 - R:localhost/127.0.0.1:3610]' for 'POST' to 'http://localhost:3610/session/9881248c6322e559258b228e5405246b/element'
17:42:09.250 [Forwarding findElement on session 9881248c6322e559258b228e5405246b to remote] DEBUG org.asynchttpclient.netty.request.NettyRequestSender - Using open Channel [id: 0xd14ce948, L:/127.0.0.1:51527 - R:localhost/127.0.0.1:3610] for POST '/session/9881248c6322e559258b228e5405246b/element'
17:42:09.265 [AsyncHttpClient-1-11] DEBUG org.asynchttpclient.netty.handler.HttpHandler - 

Request DefaultHttpRequest(decodeResult: success, version: HTTP/1.1)
POST /session/9881248c6322e559258b228e5405246b/element HTTP/1.1
User-Agent: selenium/4.9.1 (java windows)
Content-Length: 75
Content-Type: application/json; charset=utf-8
host: localhost:3610
accept: */*

Response DefaultHttpResponse(decodeResult: success, version: HTTP/1.1)
HTTP/1.1 200 OK
Content-Length: 94
Content-Type: application/json; charset=utf-8
cache-control: no-cache

17:42:09.265 [AsyncHttpClient-1-11] DEBUG org.asynchttpclient.netty.channel.ChannelManager - Adding key: http://localhost:3610 for channel [id: 0xd14ce948, L:/127.0.0.1:51527 - R:localhost/127.0.0.1:3610]
17:42:09.266 [Forwarding sendKeysToElement on session 9881248c6322e559258b228e5405246b to remote] DEBUG org.asynchttpclient.netty.request.NettyRequestSender - Using pooled Channel '[id: 0xd14ce948, L:/127.0.0.1:51527 - R:localhost/127.0.0.1:3610]' for 'POST' to 'http://localhost:3610/session/9881248c6322e559258b228e5405246b/element/F914B71972874BE0B1F500754F867BF7_element_2/value'
17:42:09.266 [Forwarding sendKeysToElement on session 9881248c6322e559258b228e5405246b to remote] DEBUG org.asynchttpclient.netty.request.NettyRequestSender - Using open Channel [id: 0xd14ce948, L:/127.0.0.1:51527 - R:localhost/127.0.0.1:3610] for POST '/session/9881248c6322e559258b228e5405246b/element/F914B71972874BE0B1F500754F867BF7_element_2/value'
17:42:09.325 [AsyncHttpClient-1-11] DEBUG org.asynchttpclient.netty.handler.HttpHandler - 

Request DefaultHttpRequest(decodeResult: success, version: HTTP/1.1)
POST /session/9881248c6322e559258b228e5405246b/element/F914B71972874BE0B1F500754F867BF7_element_2/value HTTP/1.1
User-Agent: selenium/4.9.1 (java windows)
Content-Length: 267
Content-Type: application/json; charset=utf-8
host: localhost:3610
accept: */*

Response DefaultHttpResponse(decodeResult: success, version: HTTP/1.1)
HTTP/1.1 200 OK
Content-Length: 14
Content-Type: application/json; charset=utf-8
cache-control: no-cache

17:42:09.325 [AsyncHttpClient-1-11] DEBUG org.asynchttpclient.netty.channel.ChannelManager - Adding key: http://localhost:3610 for channel [id: 0xd14ce948, L:/127.0.0.1:51527 - R:localhost/127.0.0.1:3610]
17:42:09.328 [Forwarding findElement on session 9881248c6322e559258b228e5405246b to remote] DEBUG org.asynchttpclient.netty.request.NettyRequestSender - Using pooled Channel '[id: 0xd14ce948, L:/127.0.0.1:51527 - R:localhost/127.0.0.1:3610]' for 'POST' to 'http://localhost:3610/session/9881248c6322e559258b228e5405246b/element'
17:42:09.328 [Forwarding findElement on session 9881248c6322e559258b228e5405246b to remote] DEBUG org.asynchttpclient.netty.request.NettyRequestSender - Using open Channel [id: 0xd14ce948, L:/127.0.0.1:51527 - R:localhost/127.0.0.1:3610] for POST '/session/9881248c6322e559258b228e5405246b/element'
17:42:09.341 [AsyncHttpClient-1-11] DEBUG org.asynchttpclient.netty.handler.HttpHandler - 

Request DefaultHttpRequest(decodeResult: success, version: HTTP/1.1)
POST /session/9881248c6322e559258b228e5405246b/element HTTP/1.1
User-Agent: selenium/4.9.1 (java windows)
Content-Length: 75
Content-Type: application/json; charset=utf-8
host: localhost:3610
accept: */*

Response DefaultHttpResponse(decodeResult: success, version: HTTP/1.1)
HTTP/1.1 200 OK
Content-Length: 94
Content-Type: application/json; charset=utf-8
cache-control: no-cache

17:42:09.341 [AsyncHttpClient-1-11] DEBUG org.asynchttpclient.netty.channel.ChannelManager - Adding key: http://localhost:3610 for channel [id: 0xd14ce948, L:/127.0.0.1:51527 - R:localhost/127.0.0.1:3610]
17:42:09.342 [Forwarding sendKeysToElement on session 9881248c6322e559258b228e5405246b to remote] DEBUG org.asynchttpclient.netty.request.NettyRequestSender - Using pooled Channel '[id: 0xd14ce948, L:/127.0.0.1:51527 - R:localhost/127.0.0.1:3610]' for 'POST' to 'http://localhost:3610/session/9881248c6322e559258b228e5405246b/element/F914B71972874BE0B1F500754F867BF7_element_4/value'
17:42:09.342 [Forwarding sendKeysToElement on session 9881248c6322e559258b228e5405246b to remote] DEBUG org.asynchttpclient.netty.request.NettyRequestSender - Using open Channel [id: 0xd14ce948, L:/127.0.0.1:51527 - R:localhost/127.0.0.1:3610] for POST '/session/9881248c6322e559258b228e5405246b/element/F914B71972874BE0B1F500754F867BF7_element_4/value'
17:42:09.418 [AsyncHttpClient-1-11] DEBUG org.asynchttpclient.netty.handler.HttpHandler - 

Request DefaultHttpRequest(decodeResult: success, version: HTTP/1.1)
POST /session/9881248c6322e559258b228e5405246b/element/F914B71972874BE0B1F500754F867BF7_element_4/value HTTP/1.1
User-Agent: selenium/4.9.1 (java windows)
Content-Length: 297
Content-Type: application/json; charset=utf-8
host: localhost:3610
accept: */*

Response DefaultHttpResponse(decodeResult: success, version: HTTP/1.1)
HTTP/1.1 200 OK
Content-Length: 14
Content-Type: application/json; charset=utf-8
cache-control: no-cache

17:42:09.419 [AsyncHttpClient-1-11] DEBUG org.asynchttpclient.netty.channel.ChannelManager - Adding key: http://localhost:3610 for channel [id: 0xd14ce948, L:/127.0.0.1:51527 - R:localhost/127.0.0.1:3610]
17:42:09.420 [Forwarding findElement on session 9881248c6322e559258b228e5405246b to remote] DEBUG org.asynchttpclient.netty.request.NettyRequestSender - Using pooled Channel '[id: 0xd14ce948, L:/127.0.0.1:51527 - R:localhost/127.0.0.1:3610]' for 'POST' to 'http://localhost:3610/session/9881248c6322e559258b228e5405246b/element'
17:42:09.420 [Forwarding findElement on session 9881248c6322e559258b228e5405246b to remote] DEBUG org.asynchttpclient.netty.request.NettyRequestSender - Using open Channel [id: 0xd14ce948, L:/127.0.0.1:51527 - R:localhost/127.0.0.1:3610] for POST '/session/9881248c6322e559258b228e5405246b/element'
17:42:09.429 [AsyncHttpClient-1-11] DEBUG org.asynchttpclient.netty.handler.HttpHandler - 

Request DefaultHttpRequest(decodeResult: success, version: HTTP/1.1)
POST /session/9881248c6322e559258b228e5405246b/element HTTP/1.1
User-Agent: selenium/4.9.1 (java windows)
Content-Length: 73
Content-Type: application/json; charset=utf-8
host: localhost:3610
accept: */*

Response DefaultHttpResponse(decodeResult: success, version: HTTP/1.1)
HTTP/1.1 200 OK
Content-Length: 94
Content-Type: application/json; charset=utf-8
cache-control: no-cache

17:42:09.430 [AsyncHttpClient-1-11] DEBUG org.asynchttpclient.netty.channel.ChannelManager - Adding key: http://localhost:3610 for channel [id: 0xd14ce948, L:/127.0.0.1:51527 - R:localhost/127.0.0.1:3610]
17:42:09.431 [Forwarding isElementDisplayed on session 9881248c6322e559258b228e5405246b to remote] DEBUG org.asynchttpclient.netty.request.NettyRequestSender - Using pooled Channel '[id: 0xd14ce948, L:/127.0.0.1:51527 - R:localhost/127.0.0.1:3610]' for 'POST' to 'http://localhost:3610/session/9881248c6322e559258b228e5405246b/execute/sync'
17:42:09.431 [Forwarding isElementDisplayed on session 9881248c6322e559258b228e5405246b to remote] DEBUG org.asynchttpclient.netty.request.NettyRequestSender - Using open Channel [id: 0xd14ce948, L:/127.0.0.1:51527 - R:localhost/127.0.0.1:3610] for POST '/session/9881248c6322e559258b228e5405246b/execute/sync'
17:42:09.444 [AsyncHttpClient-1-11] DEBUG org.asynchttpclient.netty.handler.HttpHandler - 

Request DefaultHttpRequest(decodeResult: success, version: HTTP/1.1)
POST /session/9881248c6322e559258b228e5405246b/execute/sync HTTP/1.1
User-Agent: selenium/4.9.1 (java windows)
Content-Length: 48813
Content-Type: application/json; charset=utf-8
host: localhost:3610
accept: */*

Response DefaultHttpResponse(decodeResult: success, version: HTTP/1.1)
HTTP/1.1 200 OK
Content-Length: 14
Content-Type: application/json; charset=utf-8
cache-control: no-cache

17:42:09.444 [AsyncHttpClient-1-11] DEBUG org.asynchttpclient.netty.channel.ChannelManager - Adding key: http://localhost:3610 for channel [id: 0xd14ce948, L:/127.0.0.1:51527 - R:localhost/127.0.0.1:3610]
17:42:09.445 [Forwarding isElementEnabled on session 9881248c6322e559258b228e5405246b to remote] DEBUG org.asynchttpclient.netty.request.NettyRequestSender - Using pooled Channel '[id: 0xd14ce948, L:/127.0.0.1:51527 - R:localhost/127.0.0.1:3610]' for 'GET' to 'http://localhost:3610/session/9881248c6322e559258b228e5405246b/element/F914B71972874BE0B1F500754F867BF7_element_5/enabled'
17:42:09.445 [Forwarding isElementEnabled on session 9881248c6322e559258b228e5405246b to remote] DEBUG org.asynchttpclient.netty.request.NettyRequestSender - Using open Channel [id: 0xd14ce948, L:/127.0.0.1:51527 - R:localhost/127.0.0.1:3610] for GET '/session/9881248c6322e559258b228e5405246b/element/F914B71972874BE0B1F500754F867BF7_element_5/enabled'
17:42:09.452 [AsyncHttpClient-1-11] DEBUG org.asynchttpclient.netty.handler.HttpHandler - 

Request DefaultFullHttpRequest(decodeResult: success, version: HTTP/1.1, content: EmptyByteBufBE)
GET /session/9881248c6322e559258b228e5405246b/element/F914B71972874BE0B1F500754F867BF7_element_5/enabled HTTP/1.1
User-Agent: selenium/4.9.1 (java windows)
Cache-Control: no-cache
Content-Type: application/json; charset=utf-8
host: localhost:3610
accept: */*

Response DefaultHttpResponse(decodeResult: success, version: HTTP/1.1)
HTTP/1.1 200 OK
Content-Length: 14
Content-Type: application/json; charset=utf-8
cache-control: no-cache

17:42:09.452 [AsyncHttpClient-1-11] DEBUG org.asynchttpclient.netty.channel.ChannelManager - Adding key: http://localhost:3610 for channel [id: 0xd14ce948, L:/127.0.0.1:51527 - R:localhost/127.0.0.1:3610]
17:42:09.453 [Forwarding clickElement on session 9881248c6322e559258b228e5405246b to remote] DEBUG org.asynchttpclient.netty.request.NettyRequestSender - Using pooled Channel '[id: 0xd14ce948, L:/127.0.0.1:51527 - R:localhost/127.0.0.1:3610]' for 'POST' to 'http://localhost:3610/session/9881248c6322e559258b228e5405246b/element/F914B71972874BE0B1F500754F867BF7_element_5/click'
17:42:09.453 [Forwarding clickElement on session 9881248c6322e559258b228e5405246b to remote] DEBUG org.asynchttpclient.netty.request.NettyRequestSender - Using open Channel [id: 0xd14ce948, L:/127.0.0.1:51527 - R:localhost/127.0.0.1:3610] for POST '/session/9881248c6322e559258b228e5405246b/element/F914B71972874BE0B1F500754F867BF7_element_5/click'
17:42:09.718 [AsyncHttpClient-1-1] DEBUG org.asynchttpclient.netty.channel.DefaultChannelPool - Entry count for : http://localhost:51528 : 1
17:42:09.719 [AsyncHttpClient-1-11] DEBUG org.asynchttpclient.netty.handler.HttpHandler - 

Request DefaultHttpRequest(decodeResult: success, version: HTTP/1.1)
POST /session/9881248c6322e559258b228e5405246b/element/F914B71972874BE0B1F500754F867BF7_element_5/click HTTP/1.1
User-Agent: selenium/4.9.1 (java windows)
Content-Length: 56
Content-Type: application/json; charset=utf-8
host: localhost:3610
accept: */*

Response DefaultHttpResponse(decodeResult: success, version: HTTP/1.1)
HTTP/1.1 200 OK
Content-Length: 14
Content-Type: application/json; charset=utf-8
cache-control: no-cache

17:42:09.719 [AsyncHttpClient-1-11] DEBUG org.asynchttpclient.netty.channel.ChannelManager - Adding key: http://localhost:3610 for channel [id: 0xd14ce948, L:/127.0.0.1:51527 - R:localhost/127.0.0.1:3610]
17:42:09.721 [Forwarding findElement on session 9881248c6322e559258b228e5405246b to remote] DEBUG org.asynchttpclient.netty.request.NettyRequestSender - Using pooled Channel '[id: 0xd14ce948, L:/127.0.0.1:51527 - R:localhost/127.0.0.1:3610]' for 'POST' to 'http://localhost:3610/session/9881248c6322e559258b228e5405246b/element'
17:42:09.721 [Forwarding findElement on session 9881248c6322e559258b228e5405246b to remote] DEBUG org.asynchttpclient.netty.request.NettyRequestSender - Using open Channel [id: 0xd14ce948, L:/127.0.0.1:51527 - R:localhost/127.0.0.1:3610] for POST '/session/9881248c6322e559258b228e5405246b/element'
17:42:09.736 [AsyncHttpClient-1-11] DEBUG org.asynchttpclient.netty.handler.HttpHandler - 

Request DefaultHttpRequest(decodeResult: success, version: HTTP/1.1)
POST /session/9881248c6322e559258b228e5405246b/element HTTP/1.1
User-Agent: selenium/4.9.1 (java windows)
Content-Length: 135
Content-Type: application/json; charset=utf-8
host: localhost:3610
accept: */*

Response DefaultHttpResponse(decodeResult: success, version: HTTP/1.1)
HTTP/1.1 200 OK
Content-Length: 95
Content-Type: application/json; charset=utf-8
cache-control: no-cache

17:42:09.736 [AsyncHttpClient-1-11] DEBUG org.asynchttpclient.netty.channel.ChannelManager - Adding key: http://localhost:3610 for channel [id: 0xd14ce948, L:/127.0.0.1:51527 - R:localhost/127.0.0.1:3610]
17:42:09.739 [Forwarding isElementDisplayed on session 9881248c6322e559258b228e5405246b to remote] DEBUG org.asynchttpclient.netty.request.NettyRequestSender - Using pooled Channel '[id: 0xd14ce948, L:/127.0.0.1:51527 - R:localhost/127.0.0.1:3610]' for 'POST' to 'http://localhost:3610/session/9881248c6322e559258b228e5405246b/execute/sync'
17:42:09.739 [Forwarding isElementDisplayed on session 9881248c6322e559258b228e5405246b to remote] DEBUG org.asynchttpclient.netty.request.NettyRequestSender - Using open Channel [id: 0xd14ce948, L:/127.0.0.1:51527 - R:localhost/127.0.0.1:3610] for POST '/session/9881248c6322e559258b228e5405246b/execute/sync'
17:42:09.758 [AsyncHttpClient-1-11] DEBUG org.asynchttpclient.netty.handler.HttpHandler - 

Request DefaultHttpRequest(decodeResult: success, version: HTTP/1.1)
POST /session/9881248c6322e559258b228e5405246b/execute/sync HTTP/1.1
User-Agent: selenium/4.9.1 (java windows)
Content-Length: 48814
Content-Type: application/json; charset=utf-8
host: localhost:3610
accept: */*

Response DefaultHttpResponse(decodeResult: success, version: HTTP/1.1)
HTTP/1.1 200 OK
Content-Length: 14
Content-Type: application/json; charset=utf-8
cache-control: no-cache

17:42:09.758 [AsyncHttpClient-1-11] DEBUG org.asynchttpclient.netty.channel.ChannelManager - Adding key: http://localhost:3610 for channel [id: 0xd14ce948, L:/127.0.0.1:51527 - R:localhost/127.0.0.1:3610]
17:42:09.760 [Forwarding isElementEnabled on session 9881248c6322e559258b228e5405246b to remote] DEBUG org.asynchttpclient.netty.request.NettyRequestSender - Using pooled Channel '[id: 0xd14ce948, L:/127.0.0.1:51527 - R:localhost/127.0.0.1:3610]' for 'GET' to 'http://localhost:3610/session/9881248c6322e559258b228e5405246b/element/0365143DB0A00CE3CB67D9DC6BD887F5_element_18/enabled'
17:42:09.760 [Forwarding isElementEnabled on session 9881248c6322e559258b228e5405246b to remote] DEBUG org.asynchttpclient.netty.request.NettyRequestSender - Using open Channel [id: 0xd14ce948, L:/127.0.0.1:51527 - R:localhost/127.0.0.1:3610] for GET '/session/9881248c6322e559258b228e5405246b/element/0365143DB0A00CE3CB67D9DC6BD887F5_element_18/enabled'
17:42:09.769 [AsyncHttpClient-1-11] DEBUG org.asynchttpclient.netty.handler.HttpHandler - 

Request DefaultFullHttpRequest(decodeResult: success, version: HTTP/1.1, content: EmptyByteBufBE)
GET /session/9881248c6322e559258b228e5405246b/element/0365143DB0A00CE3CB67D9DC6BD887F5_element_18/enabled HTTP/1.1
User-Agent: selenium/4.9.1 (java windows)
Cache-Control: no-cache
Content-Type: application/json; charset=utf-8
host: localhost:3610
accept: */*

Response DefaultHttpResponse(decodeResult: success, version: HTTP/1.1)
HTTP/1.1 200 OK
Content-Length: 14
Content-Type: application/json; charset=utf-8
cache-control: no-cache

17:42:09.769 [AsyncHttpClient-1-11] DEBUG org.asynchttpclient.netty.channel.ChannelManager - Adding key: http://localhost:3610 for channel [id: 0xd14ce948, L:/127.0.0.1:51527 - R:localhost/127.0.0.1:3610]
17:42:09.771 [Forwarding clickElement on session 9881248c6322e559258b228e5405246b to remote] DEBUG org.asynchttpclient.netty.request.NettyRequestSender - Using pooled Channel '[id: 0xd14ce948, L:/127.0.0.1:51527 - R:localhost/127.0.0.1:3610]' for 'POST' to 'http://localhost:3610/session/9881248c6322e559258b228e5405246b/element/0365143DB0A00CE3CB67D9DC6BD887F5_element_18/click'
17:42:09.771 [Forwarding clickElement on session 9881248c6322e559258b228e5405246b to remote] DEBUG org.asynchttpclient.netty.request.NettyRequestSender - Using open Channel [id: 0xd14ce948, L:/127.0.0.1:51527 - R:localhost/127.0.0.1:3610] for POST '/session/9881248c6322e559258b228e5405246b/element/0365143DB0A00CE3CB67D9DC6BD887F5_element_18/click'
17:42:09.823 [AsyncHttpClient-1-11] DEBUG org.asynchttpclient.netty.handler.HttpHandler - 

Request DefaultHttpRequest(decodeResult: success, version: HTTP/1.1)
POST /session/9881248c6322e559258b228e5405246b/element/0365143DB0A00CE3CB67D9DC6BD887F5_element_18/click HTTP/1.1
User-Agent: selenium/4.9.1 (java windows)
Content-Length: 57
Content-Type: application/json; charset=utf-8
host: localhost:3610
accept: */*

Response DefaultHttpResponse(decodeResult: success, version: HTTP/1.1)
HTTP/1.1 200 OK
Content-Length: 14
Content-Type: application/json; charset=utf-8
cache-control: no-cache

17:42:09.823 [AsyncHttpClient-1-11] DEBUG org.asynchttpclient.netty.channel.ChannelManager - Adding key: http://localhost:3610 for channel [id: 0xd14ce948, L:/127.0.0.1:51527 - R:localhost/127.0.0.1:3610]
17:42:09.825 [Forwarding findElement on session 9881248c6322e559258b228e5405246b to remote] DEBUG org.asynchttpclient.netty.request.NettyRequestSender - Using pooled Channel '[id: 0xd14ce948, L:/127.0.0.1:51527 - R:localhost/127.0.0.1:3610]' for 'POST' to 'http://localhost:3610/session/9881248c6322e559258b228e5405246b/element'
17:42:09.825 [Forwarding findElement on session 9881248c6322e559258b228e5405246b to remote] DEBUG org.asynchttpclient.netty.request.NettyRequestSender - Using open Channel [id: 0xd14ce948, L:/127.0.0.1:51527 - R:localhost/127.0.0.1:3610] for POST '/session/9881248c6322e559258b228e5405246b/element'
17:42:09.863 [AsyncHttpClient-1-11] DEBUG org.asynchttpclient.netty.handler.HttpHandler - 

Request DefaultHttpRequest(decodeResult: success, version: HTTP/1.1)
POST /session/9881248c6322e559258b228e5405246b/element HTTP/1.1
User-Agent: selenium/4.9.1 (java windows)
Content-Length: 71
Content-Type: application/json; charset=utf-8
host: localhost:3610
accept: */*

Response DefaultHttpResponse(decodeResult: success, version: HTTP/1.1)
HTTP/1.1 404 Not Found
Content-Length: 972
Content-Type: application/json; charset=utf-8
cache-control: no-cache

17:42:09.864 [AsyncHttpClient-1-11] DEBUG org.asynchttpclient.netty.channel.ChannelManager - Adding key: http://localhost:3610 for channel [id: 0xd14ce948, L:/127.0.0.1:51527 - R:localhost/127.0.0.1:3610]
17:42:10.069 [Forwarding findElement on session 9881248c6322e559258b228e5405246b to remote] DEBUG org.asynchttpclient.netty.request.NettyRequestSender - Using pooled Channel '[id: 0xd14ce948, L:/127.0.0.1:51527 - R:localhost/127.0.0.1:3610]' for 'POST' to 'http://localhost:3610/session/9881248c6322e559258b228e5405246b/element'
17:42:10.069 [Forwarding findElement on session 9881248c6322e559258b228e5405246b to remote] DEBUG org.asynchttpclient.netty.request.NettyRequestSender - Using open Channel [id: 0xd14ce948, L:/127.0.0.1:51527 - R:localhost/127.0.0.1:3610] for POST '/session/9881248c6322e559258b228e5405246b/element'
17:42:10.084 [AsyncHttpClient-1-11] DEBUG org.asynchttpclient.netty.handler.HttpHandler - 

Request DefaultHttpRequest(decodeResult: success, version: HTTP/1.1)
POST /session/9881248c6322e559258b228e5405246b/element HTTP/1.1
User-Agent: selenium/4.9.1 (java windows)
Content-Length: 71
Content-Type: application/json; charset=utf-8
host: localhost:3610
accept: */*

Response DefaultHttpResponse(decodeResult: success, version: HTTP/1.1)
HTTP/1.1 200 OK
Content-Length: 95
Content-Type: application/json; charset=utf-8
cache-control: no-cache

17:42:10.084 [AsyncHttpClient-1-11] DEBUG org.asynchttpclient.netty.channel.ChannelManager - Adding key: http://localhost:3610 for channel [id: 0xd14ce948, L:/127.0.0.1:51527 - R:localhost/127.0.0.1:3610]
17:42:10.086 [Forwarding sendKeysToElement on session 9881248c6322e559258b228e5405246b to remote] DEBUG org.asynchttpclient.netty.request.NettyRequestSender - Using pooled Channel '[id: 0xd14ce948, L:/127.0.0.1:51527 - R:localhost/127.0.0.1:3610]' for 'POST' to 'http://localhost:3610/session/9881248c6322e559258b228e5405246b/element/0365143DB0A00CE3CB67D9DC6BD887F5_element_19/value'
17:42:10.086 [Forwarding sendKeysToElement on session 9881248c6322e559258b228e5405246b to remote] DEBUG org.asynchttpclient.netty.request.NettyRequestSender - Using open Channel [id: 0xd14ce948, L:/127.0.0.1:51527 - R:localhost/127.0.0.1:3610] for POST '/session/9881248c6322e559258b228e5405246b/element/0365143DB0A00CE3CB67D9DC6BD887F5_element_19/value'
17:42:10.152 [AsyncHttpClient-1-11] DEBUG org.asynchttpclient.netty.handler.HttpHandler - 

Request DefaultHttpRequest(decodeResult: success, version: HTTP/1.1)
POST /session/9881248c6322e559258b228e5405246b/element/0365143DB0A00CE3CB67D9DC6BD887F5_element_19/value HTTP/1.1
User-Agent: selenium/4.9.1 (java windows)
Content-Length: 218
Content-Type: application/json; charset=utf-8
host: localhost:3610
accept: */*

Response DefaultHttpResponse(decodeResult: success, version: HTTP/1.1)
HTTP/1.1 200 OK
Content-Length: 14
Content-Type: application/json; charset=utf-8
cache-control: no-cache

17:42:10.152 [AsyncHttpClient-1-11] DEBUG org.asynchttpclient.netty.channel.ChannelManager - Adding key: http://localhost:3610 for channel [id: 0xd14ce948, L:/127.0.0.1:51527 - R:localhost/127.0.0.1:3610]
17:42:10.154 [Forwarding findElement on session 9881248c6322e559258b228e5405246b to remote] DEBUG org.asynchttpclient.netty.request.NettyRequestSender - Using pooled Channel '[id: 0xd14ce948, L:/127.0.0.1:51527 - R:localhost/127.0.0.1:3610]' for 'POST' to 'http://localhost:3610/session/9881248c6322e559258b228e5405246b/element'
17:42:10.154 [Forwarding findElement on session 9881248c6322e559258b228e5405246b to remote] DEBUG org.asynchttpclient.netty.request.NettyRequestSender - Using open Channel [id: 0xd14ce948, L:/127.0.0.1:51527 - R:localhost/127.0.0.1:3610] for POST '/session/9881248c6322e559258b228e5405246b/element'
17:42:10.170 [AsyncHttpClient-1-11] DEBUG org.asynchttpclient.netty.handler.HttpHandler - 

Request DefaultHttpRequest(decodeResult: success, version: HTTP/1.1)
POST /session/9881248c6322e559258b228e5405246b/element HTTP/1.1
User-Agent: selenium/4.9.1 (java windows)
Content-Length: 77
Content-Type: application/json; charset=utf-8
host: localhost:3610
accept: */*

Response DefaultHttpResponse(decodeResult: success, version: HTTP/1.1)
HTTP/1.1 200 OK
Content-Length: 95
Content-Type: application/json; charset=utf-8
cache-control: no-cache

17:42:10.171 [AsyncHttpClient-1-11] DEBUG org.asynchttpclient.netty.channel.ChannelManager - Adding key: http://localhost:3610 for channel [id: 0xd14ce948, L:/127.0.0.1:51527 - R:localhost/127.0.0.1:3610]
17:42:10.172 [Forwarding sendKeysToElement on session 9881248c6322e559258b228e5405246b to remote] DEBUG org.asynchttpclient.netty.request.NettyRequestSender - Using pooled Channel '[id: 0xd14ce948, L:/127.0.0.1:51527 - R:localhost/127.0.0.1:3610]' for 'POST' to 'http://localhost:3610/session/9881248c6322e559258b228e5405246b/element/0365143DB0A00CE3CB67D9DC6BD887F5_element_21/value'
17:42:10.172 [Forwarding sendKeysToElement on session 9881248c6322e559258b228e5405246b to remote] DEBUG org.asynchttpclient.netty.request.NettyRequestSender - Using open Channel [id: 0xd14ce948, L:/127.0.0.1:51527 - R:localhost/127.0.0.1:3610] for POST '/session/9881248c6322e559258b228e5405246b/element/0365143DB0A00CE3CB67D9DC6BD887F5_element_21/value'
17:42:10.240 [AsyncHttpClient-1-11] DEBUG org.asynchttpclient.netty.handler.HttpHandler - 

Request DefaultHttpRequest(decodeResult: success, version: HTTP/1.1)
POST /session/9881248c6322e559258b228e5405246b/element/0365143DB0A00CE3CB67D9DC6BD887F5_element_21/value HTTP/1.1
User-Agent: selenium/4.9.1 (java windows)
Content-Length: 138
Content-Type: application/json; charset=utf-8
host: localhost:3610
accept: */*

Response DefaultHttpResponse(decodeResult: success, version: HTTP/1.1)
HTTP/1.1 200 OK
Content-Length: 14
Content-Type: application/json; charset=utf-8
cache-control: no-cache

17:42:10.240 [AsyncHttpClient-1-11] DEBUG org.asynchttpclient.netty.channel.ChannelManager - Adding key: http://localhost:3610 for channel [id: 0xd14ce948, L:/127.0.0.1:51527 - R:localhost/127.0.0.1:3610]
17:42:10.242 [Forwarding findElement on session 9881248c6322e559258b228e5405246b to remote] DEBUG org.asynchttpclient.netty.request.NettyRequestSender - Using pooled Channel '[id: 0xd14ce948, L:/127.0.0.1:51527 - R:localhost/127.0.0.1:3610]' for 'POST' to 'http://localhost:3610/session/9881248c6322e559258b228e5405246b/element'
17:42:10.242 [Forwarding findElement on session 9881248c6322e559258b228e5405246b to remote] DEBUG org.asynchttpclient.netty.request.NettyRequestSender - Using open Channel [id: 0xd14ce948, L:/127.0.0.1:51527 - R:localhost/127.0.0.1:3610] for POST '/session/9881248c6322e559258b228e5405246b/element'
17:42:10.260 [AsyncHttpClient-1-11] DEBUG org.asynchttpclient.netty.handler.HttpHandler - 

Request DefaultHttpRequest(decodeResult: success, version: HTTP/1.1)
POST /session/9881248c6322e559258b228e5405246b/element HTTP/1.1
User-Agent: selenium/4.9.1 (java windows)
Content-Length: 70
Content-Type: application/json; charset=utf-8
host: localhost:3610
accept: */*

Response DefaultHttpResponse(decodeResult: success, version: HTTP/1.1)
HTTP/1.1 200 OK
Content-Length: 95
Content-Type: application/json; charset=utf-8
cache-control: no-cache

17:42:10.261 [AsyncHttpClient-1-11] DEBUG org.asynchttpclient.netty.channel.ChannelManager - Adding key: http://localhost:3610 for channel [id: 0xd14ce948, L:/127.0.0.1:51527 - R:localhost/127.0.0.1:3610]
17:42:10.263 [Forwarding isElementDisplayed on session 9881248c6322e559258b228e5405246b to remote] DEBUG org.asynchttpclient.netty.request.NettyRequestSender - Using pooled Channel '[id: 0xd14ce948, L:/127.0.0.1:51527 - R:localhost/127.0.0.1:3610]' for 'POST' to 'http://localhost:3610/session/9881248c6322e559258b228e5405246b/execute/sync'
17:42:10.263 [Forwarding isElementDisplayed on session 9881248c6322e559258b228e5405246b to remote] DEBUG org.asynchttpclient.netty.request.NettyRequestSender - Using open Channel [id: 0xd14ce948, L:/127.0.0.1:51527 - R:localhost/127.0.0.1:3610] for POST '/session/9881248c6322e559258b228e5405246b/execute/sync'
17:42:10.273 [AsyncHttpClient-1-11] DEBUG org.asynchttpclient.netty.handler.HttpHandler - 

Request DefaultHttpRequest(decodeResult: success, version: HTTP/1.1)
POST /session/9881248c6322e559258b228e5405246b/execute/sync HTTP/1.1
User-Agent: selenium/4.9.1 (java windows)
Content-Length: 48814
Content-Type: application/json; charset=utf-8
host: localhost:3610
accept: */*

Response DefaultHttpResponse(decodeResult: success, version: HTTP/1.1)
HTTP/1.1 200 OK
Content-Length: 14
Content-Type: application/json; charset=utf-8
cache-control: no-cache

17:42:10.273 [AsyncHttpClient-1-11] DEBUG org.asynchttpclient.netty.channel.ChannelManager - Adding key: http://localhost:3610 for channel [id: 0xd14ce948, L:/127.0.0.1:51527 - R:localhost/127.0.0.1:3610]
17:42:10.273 [Forwarding isElementEnabled on session 9881248c6322e559258b228e5405246b to remote] DEBUG org.asynchttpclient.netty.request.NettyRequestSender - Using pooled Channel '[id: 0xd14ce948, L:/127.0.0.1:51527 - R:localhost/127.0.0.1:3610]' for 'GET' to 'http://localhost:3610/session/9881248c6322e559258b228e5405246b/element/0365143DB0A00CE3CB67D9DC6BD887F5_element_22/enabled'
17:42:10.273 [Forwarding isElementEnabled on session 9881248c6322e559258b228e5405246b to remote] DEBUG org.asynchttpclient.netty.request.NettyRequestSender - Using open Channel [id: 0xd14ce948, L:/127.0.0.1:51527 - R:localhost/127.0.0.1:3610] for GET '/session/9881248c6322e559258b228e5405246b/element/0365143DB0A00CE3CB67D9DC6BD887F5_element_22/enabled'
17:42:10.281 [AsyncHttpClient-1-11] DEBUG org.asynchttpclient.netty.handler.HttpHandler - 

Request DefaultFullHttpRequest(decodeResult: success, version: HTTP/1.1, content: EmptyByteBufBE)
GET /session/9881248c6322e559258b228e5405246b/element/0365143DB0A00CE3CB67D9DC6BD887F5_element_22/enabled HTTP/1.1
User-Agent: selenium/4.9.1 (java windows)
Cache-Control: no-cache
Content-Type: application/json; charset=utf-8
host: localhost:3610
accept: */*

Response DefaultHttpResponse(decodeResult: success, version: HTTP/1.1)
HTTP/1.1 200 OK
Content-Length: 14
Content-Type: application/json; charset=utf-8
cache-control: no-cache

17:42:10.281 [AsyncHttpClient-1-11] DEBUG org.asynchttpclient.netty.channel.ChannelManager - Adding key: http://localhost:3610 for channel [id: 0xd14ce948, L:/127.0.0.1:51527 - R:localhost/127.0.0.1:3610]
17:42:10.282 [Forwarding clickElement on session 9881248c6322e559258b228e5405246b to remote] DEBUG org.asynchttpclient.netty.request.NettyRequestSender - Using pooled Channel '[id: 0xd14ce948, L:/127.0.0.1:51527 - R:localhost/127.0.0.1:3610]' for 'POST' to 'http://localhost:3610/session/9881248c6322e559258b228e5405246b/element/0365143DB0A00CE3CB67D9DC6BD887F5_element_22/click'
17:42:10.282 [Forwarding clickElement on session 9881248c6322e559258b228e5405246b to remote] DEBUG org.asynchttpclient.netty.request.NettyRequestSender - Using open Channel [id: 0xd14ce948, L:/127.0.0.1:51527 - R:localhost/127.0.0.1:3610] for POST '/session/9881248c6322e559258b228e5405246b/element/0365143DB0A00CE3CB67D9DC6BD887F5_element_22/click'
17:42:10.319 [AsyncHttpClient-1-11] DEBUG org.asynchttpclient.netty.handler.HttpHandler - 

Request DefaultHttpRequest(decodeResult: success, version: HTTP/1.1)
POST /session/9881248c6322e559258b228e5405246b/element/0365143DB0A00CE3CB67D9DC6BD887F5_element_22/click HTTP/1.1
User-Agent: selenium/4.9.1 (java windows)
Content-Length: 57
Content-Type: application/json; charset=utf-8
host: localhost:3610
accept: */*

Response DefaultHttpResponse(decodeResult: success, version: HTTP/1.1)
HTTP/1.1 200 OK
Content-Length: 14
Content-Type: application/json; charset=utf-8
cache-control: no-cache

17:42:10.319 [AsyncHttpClient-1-11] DEBUG org.asynchttpclient.netty.channel.ChannelManager - Adding key: http://localhost:3610 for channel [id: 0xd14ce948, L:/127.0.0.1:51527 - R:localhost/127.0.0.1:3610]
17:42:10.818 [AsyncHttpClient-1-1] DEBUG org.asynchttpclient.netty.channel.DefaultChannelPool - Entry count for : http://localhost:3610 : 1
17:42:10.818 [AsyncHttpClient-1-1] DEBUG org.asynchttpclient.netty.channel.DefaultChannelPool - Entry count for : http://localhost:51528 : 1
17:42:11.332 [Forwarding findElement on session 9881248c6322e559258b228e5405246b to remote] DEBUG org.asynchttpclient.netty.request.NettyRequestSender - Using pooled Channel '[id: 0xd14ce948, L:/127.0.0.1:51527 - R:localhost/127.0.0.1:3610]' for 'POST' to 'http://localhost:3610/session/9881248c6322e559258b228e5405246b/element'
17:42:11.332 [Forwarding findElement on session 9881248c6322e559258b228e5405246b to remote] DEBUG org.asynchttpclient.netty.request.NettyRequestSender - Using open Channel [id: 0xd14ce948, L:/127.0.0.1:51527 - R:localhost/127.0.0.1:3610] for POST '/session/9881248c6322e559258b228e5405246b/element'
17:42:11.355 [AsyncHttpClient-1-11] DEBUG org.asynchttpclient.netty.handler.HttpHandler - 

Request DefaultHttpRequest(decodeResult: success, version: HTTP/1.1)
POST /session/9881248c6322e559258b228e5405246b/element HTTP/1.1
User-Agent: selenium/4.9.1 (java windows)
Content-Length: 69
Content-Type: application/json; charset=utf-8
host: localhost:3610
accept: */*

Response DefaultHttpResponse(decodeResult: success, version: HTTP/1.1)
HTTP/1.1 200 OK
Content-Length: 95
Content-Type: application/json; charset=utf-8
cache-control: no-cache

17:42:11.355 [AsyncHttpClient-1-11] DEBUG org.asynchttpclient.netty.channel.ChannelManager - Adding key: http://localhost:3610 for channel [id: 0xd14ce948, L:/127.0.0.1:51527 - R:localhost/127.0.0.1:3610]
17:42:11.356 [Forwarding getElementTagName on session 9881248c6322e559258b228e5405246b to remote] DEBUG org.asynchttpclient.netty.request.NettyRequestSender - Using pooled Channel '[id: 0xd14ce948, L:/127.0.0.1:51527 - R:localhost/127.0.0.1:3610]' for 'GET' to 'http://localhost:3610/session/9881248c6322e559258b228e5405246b/element/AA4F5F15ACC83A025B03595AA01E713B_element_28/name'
17:42:11.356 [Forwarding getElementTagName on session 9881248c6322e559258b228e5405246b to remote] DEBUG org.asynchttpclient.netty.request.NettyRequestSender - Using open Channel [id: 0xd14ce948, L:/127.0.0.1:51527 - R:localhost/127.0.0.1:3610] for GET '/session/9881248c6322e559258b228e5405246b/element/AA4F5F15ACC83A025B03595AA01E713B_element_28/name'
17:42:11.373 [AsyncHttpClient-1-11] DEBUG org.asynchttpclient.netty.handler.HttpHandler - 

Request DefaultFullHttpRequest(decodeResult: success, version: HTTP/1.1, content: EmptyByteBufBE)
GET /session/9881248c6322e559258b228e5405246b/element/AA4F5F15ACC83A025B03595AA01E713B_element_28/name HTTP/1.1
User-Agent: selenium/4.9.1 (java windows)
Cache-Control: no-cache
Content-Type: application/json; charset=utf-8
host: localhost:3610
accept: */*

Response DefaultHttpResponse(decodeResult: success, version: HTTP/1.1)
HTTP/1.1 200 OK
Content-Length: 16
Content-Type: application/json; charset=utf-8
cache-control: no-cache

17:42:11.373 [AsyncHttpClient-1-11] DEBUG org.asynchttpclient.netty.channel.ChannelManager - Adding key: http://localhost:3610 for channel [id: 0xd14ce948, L:/127.0.0.1:51527 - R:localhost/127.0.0.1:3610]
17:42:11.374 [Forwarding getElementText on session 9881248c6322e559258b228e5405246b to remote] DEBUG org.asynchttpclient.netty.request.NettyRequestSender - Using pooled Channel '[id: 0xd14ce948, L:/127.0.0.1:51527 - R:localhost/127.0.0.1:3610]' for 'GET' to 'http://localhost:3610/session/9881248c6322e559258b228e5405246b/element/AA4F5F15ACC83A025B03595AA01E713B_element_28/text'
17:42:11.374 [Forwarding getElementText on session 9881248c6322e559258b228e5405246b to remote] DEBUG org.asynchttpclient.netty.request.NettyRequestSender - Using open Channel [id: 0xd14ce948, L:/127.0.0.1:51527 - R:localhost/127.0.0.1:3610] for GET '/session/9881248c6322e559258b228e5405246b/element/AA4F5F15ACC83A025B03595AA01E713B_element_28/text'
17:42:11.397 [AsyncHttpClient-1-11] DEBUG org.asynchttpclient.netty.handler.HttpHandler - 

Request DefaultFullHttpRequest(decodeResult: success, version: HTTP/1.1, content: EmptyByteBufBE)
GET /session/9881248c6322e559258b228e5405246b/element/AA4F5F15ACC83A025B03595AA01E713B_element_28/text HTTP/1.1
User-Agent: selenium/4.9.1 (java windows)
Cache-Control: no-cache
Content-Type: application/json; charset=utf-8
host: localhost:3610
accept: */*

Response DefaultHttpResponse(decodeResult: success, version: HTTP/1.1)
HTTP/1.1 200 OK
Content-Length: 25
Content-Type: application/json; charset=utf-8
cache-control: no-cache

17:42:11.398 [AsyncHttpClient-1-11] DEBUG org.asynchttpclient.netty.channel.ChannelManager - Adding key: http://localhost:3610 for channel [id: 0xd14ce948, L:/127.0.0.1:51527 - R:localhost/127.0.0.1:3610]
]]></system-out>
    <system-err><![CDATA[Starting ChromeDriver 114.0.5735.90 (386bc09e8f4f2e025eddae123f36f6263096ae49-refs/branch-heads/5735@{#1052}) on port 3610
Only local connections are allowed.
Please see https://chromedriver.chromium.org/security-considerations for suggestions on keeping ChromeDriver safe.
ChromeDriver was started successfully.
июл. 25, 2023 5:42:06 PM org.openqa.selenium.devtools.CdpVersionFinder findNearestMatch
WARNING: Unable to find an exact match for CDP version 114, so returning the closest version found: 113
]]></system-err>
  </testcase>
  <testcase name="loginWithCorrectCredentialAdmin" classname="UI.tests.LogInTest" time="0.604">
    <system-out><![CDATA[17:42:11.466 [Forwarding close on session 9881248c6322e559258b228e5405246b to remote] DEBUG org.asynchttpclient.netty.request.NettyRequestSender - Using pooled Channel '[id: 0xd14ce948, L:/127.0.0.1:51527 - R:localhost/127.0.0.1:3610]' for 'DELETE' to 'http://localhost:3610/session/9881248c6322e559258b228e5405246b/window'
17:42:11.466 [Forwarding close on session 9881248c6322e559258b228e5405246b to remote] DEBUG org.asynchttpclient.netty.request.NettyRequestSender - Using open Channel [id: 0xd14ce948, L:/127.0.0.1:51527 - R:localhost/127.0.0.1:3610] for DELETE '/session/9881248c6322e559258b228e5405246b/window'
17:42:11.590 [AsyncHttpClient-1-12] DEBUG org.asynchttpclient.netty.handler.HttpHandler - Unexpected I/O exception on channel [id: 0xbbf18e54, L:/127.0.0.1:51539 - R:localhost/127.0.0.1:51528]
java.net.SocketException: Connection reset
	at java.base/sun.nio.ch.SocketChannelImpl.throwConnectionReset(SocketChannelImpl.java:394)
	at java.base/sun.nio.ch.SocketChannelImpl.read(SocketChannelImpl.java:426)
	at io.netty.buffer.PooledByteBuf.setBytes(PooledByteBuf.java:256)
	at io.netty.buffer.AbstractByteBuf.writeBytes(AbstractByteBuf.java:1132)
	at io.netty.channel.socket.nio.NioSocketChannel.doReadBytes(NioSocketChannel.java:357)
	at io.netty.channel.nio.AbstractNioByteChannel$NioByteUnsafe.read(AbstractNioByteChannel.java:151)
	at io.netty.channel.nio.NioEventLoop.processSelectedKey(NioEventLoop.java:788)
	at io.netty.channel.nio.NioEventLoop.processSelectedKeysOptimized(NioEventLoop.java:724)
	at io.netty.channel.nio.NioEventLoop.processSelectedKeys(NioEventLoop.java:650)
	at io.netty.channel.nio.NioEventLoop.run(NioEventLoop.java:562)
	at io.netty.util.concurrent.SingleThreadEventExecutor$4.run(SingleThreadEventExecutor.java:997)
	at io.netty.util.internal.ThreadExecutorMap$2.run(ThreadExecutorMap.java:74)
	at io.netty.util.concurrent.FastThreadLocalRunnable.run(FastThreadLocalRunnable.java:30)
	at java.base/java.lang.Thread.run(Thread.java:833)
17:42:11.591 [AsyncHttpClient-1-12] DEBUG org.asynchttpclient.netty.channel.ChannelManager - Closing Channel [id: 0xbbf18e54, L:/127.0.0.1:51539 - R:localhost/127.0.0.1:51528] 
17:42:11.591 [AsyncHttpClient-1-13] DEBUG org.asynchttpclient.netty.handler.WebSocketHandler - Unexpected I/O exception on channel [id: 0x184fb3e2, L:/127.0.0.1:51540 - R:localhost/127.0.0.1:51528]
java.net.SocketException: Connection reset
	at java.base/sun.nio.ch.SocketChannelImpl.throwConnectionReset(SocketChannelImpl.java:394)
	at java.base/sun.nio.ch.SocketChannelImpl.read(SocketChannelImpl.java:426)
	at io.netty.buffer.PooledByteBuf.setBytes(PooledByteBuf.java:256)
	at io.netty.buffer.AbstractByteBuf.writeBytes(AbstractByteBuf.java:1132)
	at io.netty.channel.socket.nio.NioSocketChannel.doReadBytes(NioSocketChannel.java:357)
	at io.netty.channel.nio.AbstractNioByteChannel$NioByteUnsafe.read(AbstractNioByteChannel.java:151)
	at io.netty.channel.nio.NioEventLoop.processSelectedKey(NioEventLoop.java:788)
	at io.netty.channel.nio.NioEventLoop.processSelectedKeysOptimized(NioEventLoop.java:724)
	at io.netty.channel.nio.NioEventLoop.processSelectedKeys(NioEventLoop.java:650)
	at io.netty.channel.nio.NioEventLoop.run(NioEventLoop.java:562)
	at io.netty.util.concurrent.SingleThreadEventExecutor$4.run(SingleThreadEventExecutor.java:997)
	at io.netty.util.internal.ThreadExecutorMap$2.run(ThreadExecutorMap.java:74)
	at io.netty.util.concurrent.FastThreadLocalRunnable.run(FastThreadLocalRunnable.java:30)
	at java.base/java.lang.Thread.run(Thread.java:833)
17:42:11.591 [AsyncHttpClient-1-13] DEBUG org.asynchttpclient.netty.handler.WebSocketHandler - Was unable to recover Future: NettyResponseFuture{currentRetry=0,
	isDone=1,
	isCancelled=0,
	asyncHandler=org.asynchttpclient.ws.WebSocketUpgradeHandler@7d242d3e,
	nettyRequest=org.asynchttpclient.netty.request.NettyRequest@3826acfe,
	future=java.util.concurrent.CompletableFuture@2ddd7382[Completed normally],
	uri=ws://localhost:51528/devtools/browser/604d8e9c-44e3-49c3-8e2a-d53af92577e1,
	keepAlive=true,
	redirectCount=0,
	timeoutsHolder=null,
	inAuth=0,
	touch=1690296131591}
17:42:11.591 [AsyncHttpClient-1-13] DEBUG org.asynchttpclient.netty.channel.ChannelManager - Closing Channel [id: 0x184fb3e2, L:/127.0.0.1:51540 - R:localhost/127.0.0.1:51528] 
17:42:11.591 [AsyncHttpClient-1-12] DEBUG org.asynchttpclient.netty.handler.HttpHandler - Channel Closed: [id: 0xbbf18e54, L:/127.0.0.1:51539 ! R:localhost/127.0.0.1:51528] with attribute DISCARD
17:42:11.591 [AsyncHttpClient-1-13] WARN org.asynchttpclient.netty.handler.WebSocketHandler - onError
java.net.SocketException: Connection reset
	at java.base/sun.nio.ch.SocketChannelImpl.throwConnectionReset(SocketChannelImpl.java:394)
	at java.base/sun.nio.ch.SocketChannelImpl.read(SocketChannelImpl.java:426)
	at io.netty.buffer.PooledByteBuf.setBytes(PooledByteBuf.java:256)
	at io.netty.buffer.AbstractByteBuf.writeBytes(AbstractByteBuf.java:1132)
	at io.netty.channel.socket.nio.NioSocketChannel.doReadBytes(NioSocketChannel.java:357)
	at io.netty.channel.nio.AbstractNioByteChannel$NioByteUnsafe.read(AbstractNioByteChannel.java:151)
	at io.netty.channel.nio.NioEventLoop.processSelectedKey(NioEventLoop.java:788)
	at io.netty.channel.nio.NioEventLoop.processSelectedKeysOptimized(NioEventLoop.java:724)
	at io.netty.channel.nio.NioEventLoop.processSelectedKeys(NioEventLoop.java:650)
	at io.netty.channel.nio.NioEventLoop.run(NioEventLoop.java:562)
	at io.netty.util.concurrent.SingleThreadEventExecutor$4.run(SingleThreadEventExecutor.java:997)
	at io.netty.util.internal.ThreadExecutorMap$2.run(ThreadExecutorMap.java:74)
	at io.netty.util.concurrent.FastThreadLocalRunnable.run(FastThreadLocalRunnable.java:30)
	at java.base/java.lang.Thread.run(Thread.java:833)
17:42:11.593 [AsyncHttpClient-1-13] DEBUG org.asynchttpclient.netty.channel.ChannelManager - Closing Channel [id: 0x184fb3e2, L:/127.0.0.1:51540 ! R:localhost/127.0.0.1:51528] 
17:42:11.593 [AsyncHttpClient-1-13] DEBUG org.asynchttpclient.netty.handler.WebSocketHandler - Channel Closed: [id: 0x184fb3e2, L:/127.0.0.1:51540 ! R:localhost/127.0.0.1:51528] with attribute DISCARD
17:42:11.622 [AsyncHttpClient-1-11] DEBUG org.asynchttpclient.netty.handler.HttpHandler - 

Request DefaultFullHttpRequest(decodeResult: success, version: HTTP/1.1, content: EmptyByteBufBE)
DELETE /session/9881248c6322e559258b228e5405246b/window HTTP/1.1
User-Agent: selenium/4.9.1 (java windows)
Content-Type: application/json; charset=utf-8
host: localhost:3610
accept: */*

Response DefaultHttpResponse(decodeResult: success, version: HTTP/1.1)
HTTP/1.1 200 OK
Content-Length: 12
Content-Type: application/json; charset=utf-8
cache-control: no-cache

17:42:11.623 [AsyncHttpClient-1-11] DEBUG org.asynchttpclient.netty.channel.ChannelManager - Adding key: http://localhost:3610 for channel [id: 0xd14ce948, L:/127.0.0.1:51527 - R:localhost/127.0.0.1:3610]
Request method:	DELETE
Request URI:	http://localhost:81/jsonrpc.php
Proxy:			<none>
Request params:	<none>
Query params:	<none>
Form params:	<none>
Path params:	<none>
Headers:		Accept=*/*
				Content-Type=text/plain; charset=ISO-8859-1
Cookies:		<none>
Multiparts:		<none>
Body:
{"jsonrpc":"2.0","method":"removeUser","id":234,"params":{"user_id":356}}
17:42:11.635 [main] DEBUG org.apache.http.impl.conn.BasicClientConnectionManager - Get connection for route {}->http://localhost:81
17:42:11.636 [main] DEBUG org.apache.http.impl.conn.DefaultClientConnectionOperator - Connecting to localhost:81
17:42:11.637 [main] DEBUG org.apache.http.client.protocol.RequestAddCookies - CookieSpec selected: ignoreCookies
17:42:11.637 [main] DEBUG org.apache.http.client.protocol.RequestAuthCache - Auth cache not set in the context
17:42:11.637 [main] DEBUG org.apache.http.client.protocol.RequestTargetAuthentication - Target auth state: UNCHALLENGED
17:42:11.637 [main] DEBUG org.apache.http.client.protocol.RequestProxyAuthentication - Proxy auth state: UNCHALLENGED
17:42:11.637 [main] DEBUG org.apache.http.impl.client.DefaultHttpClient - Attempt 1 to execute request
17:42:11.637 [main] DEBUG org.apache.http.impl.conn.DefaultClientConnection - Sending request: DELETE /jsonrpc.php HTTP/1.1
17:42:11.637 [main] DEBUG org.apache.http.wire -  >> "DELETE /jsonrpc.php HTTP/1.1[\r][\n]"
17:42:11.637 [main] DEBUG org.apache.http.wire -  >> "Accept: */*[\r][\n]"
17:42:11.637 [main] DEBUG org.apache.http.wire -  >> "Content-Type: text/plain; charset=ISO-8859-1[\r][\n]"
17:42:11.637 [main] DEBUG org.apache.http.wire -  >> "Content-Length: 73[\r][\n]"
17:42:11.637 [main] DEBUG org.apache.http.wire -  >> "Host: localhost:81[\r][\n]"
17:42:11.637 [main] DEBUG org.apache.http.wire -  >> "Connection: Keep-Alive[\r][\n]"
17:42:11.637 [main] DEBUG org.apache.http.wire -  >> "User-Agent: Apache-HttpClient/4.5.13 (Java/17)[\r][\n]"
17:42:11.637 [main] DEBUG org.apache.http.wire -  >> "Accept-Encoding: gzip,deflate[\r][\n]"
17:42:11.637 [main] DEBUG org.apache.http.wire -  >> "[\r][\n]"
17:42:11.637 [main] DEBUG org.apache.http.headers - >> DELETE /jsonrpc.php HTTP/1.1
17:42:11.637 [main] DEBUG org.apache.http.headers - >> Accept: */*
17:42:11.637 [main] DEBUG org.apache.http.headers - >> Content-Type: text/plain; charset=ISO-8859-1
17:42:11.637 [main] DEBUG org.apache.http.headers - >> Content-Length: 73
17:42:11.637 [main] DEBUG org.apache.http.headers - >> Host: localhost:81
17:42:11.637 [main] DEBUG org.apache.http.headers - >> Connection: Keep-Alive
17:42:11.637 [main] DEBUG org.apache.http.headers - >> User-Agent: Apache-HttpClient/4.5.13 (Java/17)
17:42:11.637 [main] DEBUG org.apache.http.headers - >> Accept-Encoding: gzip,deflate
17:42:11.637 [main] DEBUG org.apache.http.wire -  >> "{"jsonrpc":"2.0","method":"removeUser","id":234,"params":{"user_id":356}}"
17:42:11.647 [main] DEBUG org.apache.http.wire -  << "HTTP/1.1 401 Unauthorized[\r][\n]"
17:42:11.647 [main] DEBUG org.apache.http.wire -  << "Server: nginx[\r][\n]"
17:42:11.647 [main] DEBUG org.apache.http.wire -  << "Date: Tue, 25 Jul 2023 14:42:11 GMT[\r][\n]"
17:42:11.647 [main] DEBUG org.apache.http.wire -  << "Content-Type: application/json[\r][\n]"
17:42:11.647 [main] DEBUG org.apache.http.wire -  << "Transfer-Encoding: chunked[\r][\n]"
17:42:11.647 [main] DEBUG org.apache.http.wire -  << "Connection: keep-alive[\r][\n]"
17:42:11.647 [main] DEBUG org.apache.http.wire -  << "WWW-Authenticate: Basic realm="JsonRPC"[\r][\n]"
17:42:11.647 [main] DEBUG org.apache.http.wire -  << "[\r][\n]"
17:42:11.647 [main] DEBUG org.apache.http.impl.conn.DefaultClientConnection - Receiving response: HTTP/1.1 401 Unauthorized
17:42:11.647 [main] DEBUG org.apache.http.headers - << HTTP/1.1 401 Unauthorized
17:42:11.647 [main] DEBUG org.apache.http.headers - << Server: nginx
17:42:11.647 [main] DEBUG org.apache.http.headers - << Date: Tue, 25 Jul 2023 14:42:11 GMT
17:42:11.647 [main] DEBUG org.apache.http.headers - << Content-Type: application/json
17:42:11.647 [main] DEBUG org.apache.http.headers - << Transfer-Encoding: chunked
17:42:11.647 [main] DEBUG org.apache.http.headers - << Connection: keep-alive
17:42:11.647 [main] DEBUG org.apache.http.headers - << WWW-Authenticate: Basic realm="JsonRPC"
17:42:11.647 [main] DEBUG org.apache.http.impl.client.DefaultHttpClient - Connection can be kept alive indefinitely
17:42:11.647 [main] DEBUG org.apache.http.impl.client.DefaultHttpClient - Authentication required
17:42:11.647 [main] DEBUG org.apache.http.impl.client.DefaultHttpClient - localhost:81 requested authentication
17:42:11.647 [main] DEBUG org.apache.http.impl.client.TargetAuthenticationStrategy - Authentication schemes in the order of preference: [Negotiate, Kerberos, NTLM, CredSSP, Digest, Basic]
17:42:11.647 [main] DEBUG org.apache.http.impl.client.TargetAuthenticationStrategy - Challenge for Negotiate authentication scheme not available
17:42:11.647 [main] DEBUG org.apache.http.impl.client.TargetAuthenticationStrategy - Challenge for Kerberos authentication scheme not available
17:42:11.647 [main] DEBUG org.apache.http.impl.client.TargetAuthenticationStrategy - Challenge for NTLM authentication scheme not available
17:42:11.647 [main] DEBUG org.apache.http.impl.client.TargetAuthenticationStrategy - Challenge for CredSSP authentication scheme not available
17:42:11.647 [main] DEBUG org.apache.http.impl.client.TargetAuthenticationStrategy - Challenge for Digest authentication scheme not available
17:42:11.647 [main] DEBUG org.apache.http.impl.client.DefaultHttpClient - Selected authentication options: [BASIC [complete=true]]
17:42:11.648 [main] DEBUG org.apache.http.wire -  << "49[\r][\n]"
17:42:11.648 [main] DEBUG org.apache.http.wire -  << "{"jsonrpc":"2.0","error":{"code":401,"message":"Unauthorized"},"id":null}"
17:42:11.648 [main] DEBUG org.apache.http.wire -  << "[\r][\n]"
17:42:11.648 [main] DEBUG org.apache.http.wire -  << "0[\r][\n]"
17:42:11.648 [main] DEBUG org.apache.http.wire -  << "[\r][\n]"
17:42:11.648 [main] DEBUG org.apache.http.client.protocol.RequestAddCookies - CookieSpec selected: ignoreCookies
17:42:11.648 [main] DEBUG org.apache.http.client.protocol.RequestAuthCache - Auth cache not set in the context
17:42:11.648 [main] DEBUG org.apache.http.client.protocol.RequestTargetAuthentication - Target auth state: CHALLENGED
17:42:11.648 [main] DEBUG org.apache.http.client.protocol.RequestTargetAuthentication - Generating response to an authentication challenge using basic scheme
17:42:11.648 [main] DEBUG org.apache.http.client.protocol.RequestProxyAuthentication - Proxy auth state: UNCHALLENGED
17:42:11.649 [main] DEBUG org.apache.http.impl.client.DefaultHttpClient - Attempt 2 to execute request
17:42:11.649 [main] DEBUG org.apache.http.impl.conn.DefaultClientConnection - Sending request: DELETE /jsonrpc.php HTTP/1.1
17:42:11.649 [main] DEBUG org.apache.http.wire -  >> "DELETE /jsonrpc.php HTTP/1.1[\r][\n]"
17:42:11.649 [main] DEBUG org.apache.http.wire -  >> "Accept: */*[\r][\n]"
17:42:11.649 [main] DEBUG org.apache.http.wire -  >> "Content-Type: text/plain; charset=ISO-8859-1[\r][\n]"
17:42:11.649 [main] DEBUG org.apache.http.wire -  >> "Content-Length: 73[\r][\n]"
17:42:11.649 [main] DEBUG org.apache.http.wire -  >> "Host: localhost:81[\r][\n]"
17:42:11.649 [main] DEBUG org.apache.http.wire -  >> "Connection: Keep-Alive[\r][\n]"
17:42:11.649 [main] DEBUG org.apache.http.wire -  >> "User-Agent: Apache-HttpClient/4.5.13 (Java/17)[\r][\n]"
17:42:11.649 [main] DEBUG org.apache.http.wire -  >> "Authorization: Basic YWRtaW46YWRtaW4=[\r][\n]"
17:42:11.649 [main] DEBUG org.apache.http.wire -  >> "Accept-Encoding: gzip,deflate[\r][\n]"
17:42:11.649 [main] DEBUG org.apache.http.wire -  >> "[\r][\n]"
17:42:11.649 [main] DEBUG org.apache.http.headers - >> DELETE /jsonrpc.php HTTP/1.1
17:42:11.649 [main] DEBUG org.apache.http.headers - >> Accept: */*
17:42:11.649 [main] DEBUG org.apache.http.headers - >> Content-Type: text/plain; charset=ISO-8859-1
17:42:11.649 [main] DEBUG org.apache.http.headers - >> Content-Length: 73
17:42:11.649 [main] DEBUG org.apache.http.headers - >> Host: localhost:81
17:42:11.649 [main] DEBUG org.apache.http.headers - >> Connection: Keep-Alive
17:42:11.649 [main] DEBUG org.apache.http.headers - >> User-Agent: Apache-HttpClient/4.5.13 (Java/17)
17:42:11.649 [main] DEBUG org.apache.http.headers - >> Authorization: Basic YWRtaW46YWRtaW4=
17:42:11.649 [main] DEBUG org.apache.http.headers - >> Accept-Encoding: gzip,deflate
17:42:11.649 [main] DEBUG org.apache.http.wire -  >> "{"jsonrpc":"2.0","method":"removeUser","id":234,"params":{"user_id":356}}"
17:42:11.748 [main] DEBUG org.apache.http.wire -  << "HTTP/1.1 200 OK[\r][\n]"
17:42:11.748 [main] DEBUG org.apache.http.wire -  << "Server: nginx[\r][\n]"
17:42:11.748 [main] DEBUG org.apache.http.wire -  << "Date: Tue, 25 Jul 2023 14:42:11 GMT[\r][\n]"
17:42:11.748 [main] DEBUG org.apache.http.wire -  << "Content-Type: application/json[\r][\n]"
17:42:11.748 [main] DEBUG org.apache.http.wire -  << "Transfer-Encoding: chunked[\r][\n]"
17:42:11.748 [main] DEBUG org.apache.http.wire -  << "Connection: keep-alive[\r][\n]"
17:42:11.748 [main] DEBUG org.apache.http.wire -  << "Vary: Accept-Encoding[\r][\n]"
17:42:11.748 [main] DEBUG org.apache.http.wire -  << "Content-Encoding: gzip[\r][\n]"
17:42:11.748 [main] DEBUG org.apache.http.wire -  << "[\r][\n]"
17:42:11.748 [main] DEBUG org.apache.http.impl.conn.DefaultClientConnection - Receiving response: HTTP/1.1 200 OK
17:42:11.748 [main] DEBUG org.apache.http.headers - << HTTP/1.1 200 OK
17:42:11.748 [main] DEBUG org.apache.http.headers - << Server: nginx
17:42:11.748 [main] DEBUG org.apache.http.headers - << Date: Tue, 25 Jul 2023 14:42:11 GMT
17:42:11.748 [main] DEBUG org.apache.http.headers - << Content-Type: application/json
17:42:11.748 [main] DEBUG org.apache.http.headers - << Transfer-Encoding: chunked
17:42:11.748 [main] DEBUG org.apache.http.headers - << Connection: keep-alive
17:42:11.748 [main] DEBUG org.apache.http.headers - << Vary: Accept-Encoding
17:42:11.748 [main] DEBUG org.apache.http.headers - << Content-Encoding: gzip
17:42:11.748 [main] DEBUG org.apache.http.impl.client.DefaultHttpClient - Connection can be kept alive indefinitely
17:42:11.748 [main] DEBUG org.apache.http.impl.client.DefaultHttpClient - Authentication succeeded
17:42:11.748 [main] DEBUG org.apache.http.impl.client.TargetAuthenticationStrategy - Caching 'basic' auth scheme for http://localhost:81
17:42:11.749 [main] DEBUG io.restassured.internal.RestAssuredHttpBuilder - Parsing response as: application/json
17:42:11.749 [main] DEBUG org.apache.http.wire -  << "3c[\r][\n]"
17:42:11.749 [main] DEBUG org.apache.http.wire -  << "[0x1f][0x8b][0x8][0x0][0x0][0x0][0x0][0x0][0x0][0x3][0xab]V[0xca]*[0xce][0xcf]+*HV[0xb2]R2[0xd2]3P[0xd2]Q*J-.[0xcd])Q[0xb2]*)*M[0xd5]Q[0xca]LQ[0xb2]226[0xa9][0x5][0x0]q~[0x7][0xe8]([0x0][0x0][0x0]"
17:42:11.749 [main] DEBUG org.apache.http.wire -  << "[\r][\n]"
17:42:11.749 [main] DEBUG org.apache.http.wire -  << "0[\r][\n]"
17:42:11.749 [main] DEBUG org.apache.http.wire -  << "[\r][\n]"
17:42:11.749 [main] DEBUG io.restassured.internal.RestAssuredHttpBuilder - Parsed data to instance of: class org.apache.http.conn.EofSensorInputStream
17:42:11.749 [main] DEBUG org.apache.http.impl.conn.BasicClientConnectionManager - Releasing connection org.apache.http.impl.conn.ManagedClientConnectionImpl@2e2a42ba
17:42:11.749 [main] DEBUG org.apache.http.impl.conn.BasicClientConnectionManager - Connection can be kept alive indefinitely
{
    "jsonrpc": "2.0",
    "result": true,
    "id": 234
}
Request method:	POST
Request URI:	http://localhost:81/jsonrpc.php
Proxy:			<none>
Request params:	<none>
Query params:	<none>
Form params:	<none>
Path params:	<none>
Headers:		Accept=*/*
				Content-Type=text/plain; charset=ISO-8859-1
Cookies:		<none>
Multiparts:		<none>
Body:
{"jsonrpc":"2.0","method":"createUser","id":123123,"params":{"username":"kyryloAPITestLogin","password":"kyryloAPITestPassword","name":"kyrylo","email":"kyryloAPITest@mail.com","role":"app-manager"}}
17:42:11.763 [main] DEBUG org.apache.http.impl.conn.BasicClientConnectionManager - Get connection for route {}->http://localhost:81
17:42:11.763 [main] DEBUG org.apache.http.impl.conn.DefaultClientConnectionOperator - Connecting to localhost:81
17:42:11.764 [main] DEBUG org.apache.http.client.protocol.RequestAddCookies - CookieSpec selected: ignoreCookies
17:42:11.764 [main] DEBUG org.apache.http.client.protocol.RequestAuthCache - Auth cache not set in the context
17:42:11.764 [main] DEBUG org.apache.http.client.protocol.RequestTargetAuthentication - Target auth state: UNCHALLENGED
17:42:11.764 [main] DEBUG org.apache.http.client.protocol.RequestProxyAuthentication - Proxy auth state: UNCHALLENGED
17:42:11.764 [main] DEBUG org.apache.http.impl.client.DefaultHttpClient - Attempt 1 to execute request
17:42:11.764 [main] DEBUG org.apache.http.impl.conn.DefaultClientConnection - Sending request: POST /jsonrpc.php HTTP/1.1
17:42:11.764 [main] DEBUG org.apache.http.wire -  >> "POST /jsonrpc.php HTTP/1.1[\r][\n]"
17:42:11.764 [main] DEBUG org.apache.http.wire -  >> "Accept: */*[\r][\n]"
17:42:11.764 [main] DEBUG org.apache.http.wire -  >> "Content-Type: text/plain; charset=ISO-8859-1[\r][\n]"
17:42:11.764 [main] DEBUG org.apache.http.wire -  >> "Content-Length: 199[\r][\n]"
17:42:11.764 [main] DEBUG org.apache.http.wire -  >> "Host: localhost:81[\r][\n]"
17:42:11.764 [main] DEBUG org.apache.http.wire -  >> "Connection: Keep-Alive[\r][\n]"
17:42:11.764 [main] DEBUG org.apache.http.wire -  >> "User-Agent: Apache-HttpClient/4.5.13 (Java/17)[\r][\n]"
17:42:11.764 [main] DEBUG org.apache.http.wire -  >> "Accept-Encoding: gzip,deflate[\r][\n]"
17:42:11.764 [main] DEBUG org.apache.http.wire -  >> "[\r][\n]"
17:42:11.764 [main] DEBUG org.apache.http.headers - >> POST /jsonrpc.php HTTP/1.1
17:42:11.764 [main] DEBUG org.apache.http.headers - >> Accept: */*
17:42:11.765 [main] DEBUG org.apache.http.headers - >> Content-Type: text/plain; charset=ISO-8859-1
17:42:11.765 [main] DEBUG org.apache.http.headers - >> Content-Length: 199
17:42:11.765 [main] DEBUG org.apache.http.headers - >> Host: localhost:81
17:42:11.765 [main] DEBUG org.apache.http.headers - >> Connection: Keep-Alive
17:42:11.765 [main] DEBUG org.apache.http.headers - >> User-Agent: Apache-HttpClient/4.5.13 (Java/17)
17:42:11.765 [main] DEBUG org.apache.http.headers - >> Accept-Encoding: gzip,deflate
17:42:11.765 [main] DEBUG org.apache.http.wire -  >> "{"jsonrpc":"2.0","method":"createUser","id":123123,"params":{"username":"kyryloAPITestLogin","password":"kyryloAPITestPassword","name":"kyrylo","email":"kyryloAPITest@mail.com","role":"app-manager"}}"
17:42:11.775 [main] DEBUG org.apache.http.wire -  << "HTTP/1.1 401 Unauthorized[\r][\n]"
17:42:11.775 [main] DEBUG org.apache.http.wire -  << "Server: nginx[\r][\n]"
17:42:11.775 [main] DEBUG org.apache.http.wire -  << "Date: Tue, 25 Jul 2023 14:42:11 GMT[\r][\n]"
17:42:11.775 [main] DEBUG org.apache.http.wire -  << "Content-Type: application/json[\r][\n]"
17:42:11.775 [main] DEBUG org.apache.http.wire -  << "Transfer-Encoding: chunked[\r][\n]"
17:42:11.775 [main] DEBUG org.apache.http.wire -  << "Connection: keep-alive[\r][\n]"
17:42:11.775 [main] DEBUG org.apache.http.wire -  << "WWW-Authenticate: Basic realm="JsonRPC"[\r][\n]"
17:42:11.775 [main] DEBUG org.apache.http.wire -  << "[\r][\n]"
17:42:11.775 [main] DEBUG org.apache.http.impl.conn.DefaultClientConnection - Receiving response: HTTP/1.1 401 Unauthorized
17:42:11.775 [main] DEBUG org.apache.http.headers - << HTTP/1.1 401 Unauthorized
17:42:11.775 [main] DEBUG org.apache.http.headers - << Server: nginx
17:42:11.775 [main] DEBUG org.apache.http.headers - << Date: Tue, 25 Jul 2023 14:42:11 GMT
17:42:11.775 [main] DEBUG org.apache.http.headers - << Content-Type: application/json
17:42:11.775 [main] DEBUG org.apache.http.headers - << Transfer-Encoding: chunked
17:42:11.775 [main] DEBUG org.apache.http.headers - << Connection: keep-alive
17:42:11.775 [main] DEBUG org.apache.http.headers - << WWW-Authenticate: Basic realm="JsonRPC"
17:42:11.775 [main] DEBUG org.apache.http.impl.client.DefaultHttpClient - Connection can be kept alive indefinitely
17:42:11.775 [main] DEBUG org.apache.http.impl.client.DefaultHttpClient - Authentication required
17:42:11.775 [main] DEBUG org.apache.http.impl.client.DefaultHttpClient - localhost:81 requested authentication
17:42:11.775 [main] DEBUG org.apache.http.impl.client.TargetAuthenticationStrategy - Authentication schemes in the order of preference: [Negotiate, Kerberos, NTLM, CredSSP, Digest, Basic]
17:42:11.775 [main] DEBUG org.apache.http.impl.client.TargetAuthenticationStrategy - Challenge for Negotiate authentication scheme not available
17:42:11.775 [main] DEBUG org.apache.http.impl.client.TargetAuthenticationStrategy - Challenge for Kerberos authentication scheme not available
17:42:11.775 [main] DEBUG org.apache.http.impl.client.TargetAuthenticationStrategy - Challenge for NTLM authentication scheme not available
17:42:11.775 [main] DEBUG org.apache.http.impl.client.TargetAuthenticationStrategy - Challenge for CredSSP authentication scheme not available
17:42:11.775 [main] DEBUG org.apache.http.impl.client.TargetAuthenticationStrategy - Challenge for Digest authentication scheme not available
17:42:11.775 [main] DEBUG org.apache.http.impl.client.DefaultHttpClient - Selected authentication options: [BASIC [complete=true]]
17:42:11.775 [main] DEBUG org.apache.http.wire -  << "49[\r][\n]"
17:42:11.775 [main] DEBUG org.apache.http.wire -  << "{"jsonrpc":"2.0","error":{"code":401,"message":"Unauthorized"},"id":null}"
17:42:11.775 [main] DEBUG org.apache.http.wire -  << "[\r][\n]"
17:42:11.775 [main] DEBUG org.apache.http.wire -  << "0[\r][\n]"
17:42:11.775 [main] DEBUG org.apache.http.wire -  << "[\r][\n]"
17:42:11.775 [main] DEBUG org.apache.http.client.protocol.RequestAddCookies - CookieSpec selected: ignoreCookies
17:42:11.775 [main] DEBUG org.apache.http.client.protocol.RequestAuthCache - Auth cache not set in the context
17:42:11.776 [main] DEBUG org.apache.http.client.protocol.RequestTargetAuthentication - Target auth state: CHALLENGED
17:42:11.776 [main] DEBUG org.apache.http.client.protocol.RequestTargetAuthentication - Generating response to an authentication challenge using basic scheme
17:42:11.776 [main] DEBUG org.apache.http.client.protocol.RequestProxyAuthentication - Proxy auth state: UNCHALLENGED
17:42:11.776 [main] DEBUG org.apache.http.impl.client.DefaultHttpClient - Attempt 2 to execute request
17:42:11.776 [main] DEBUG org.apache.http.impl.conn.DefaultClientConnection - Sending request: POST /jsonrpc.php HTTP/1.1
17:42:11.776 [main] DEBUG org.apache.http.wire -  >> "POST /jsonrpc.php HTTP/1.1[\r][\n]"
17:42:11.776 [main] DEBUG org.apache.http.wire -  >> "Accept: */*[\r][\n]"
17:42:11.776 [main] DEBUG org.apache.http.wire -  >> "Content-Type: text/plain; charset=ISO-8859-1[\r][\n]"
17:42:11.776 [main] DEBUG org.apache.http.wire -  >> "Content-Length: 199[\r][\n]"
17:42:11.776 [main] DEBUG org.apache.http.wire -  >> "Host: localhost:81[\r][\n]"
17:42:11.776 [main] DEBUG org.apache.http.wire -  >> "Connection: Keep-Alive[\r][\n]"
17:42:11.776 [main] DEBUG org.apache.http.wire -  >> "User-Agent: Apache-HttpClient/4.5.13 (Java/17)[\r][\n]"
17:42:11.776 [main] DEBUG org.apache.http.wire -  >> "Authorization: Basic YWRtaW46YWRtaW4=[\r][\n]"
17:42:11.776 [main] DEBUG org.apache.http.wire -  >> "Accept-Encoding: gzip,deflate[\r][\n]"
17:42:11.776 [main] DEBUG org.apache.http.wire -  >> "[\r][\n]"
17:42:11.776 [main] DEBUG org.apache.http.headers - >> POST /jsonrpc.php HTTP/1.1
17:42:11.776 [main] DEBUG org.apache.http.headers - >> Accept: */*
17:42:11.776 [main] DEBUG org.apache.http.headers - >> Content-Type: text/plain; charset=ISO-8859-1
17:42:11.776 [main] DEBUG org.apache.http.headers - >> Content-Length: 199
17:42:11.776 [main] DEBUG org.apache.http.headers - >> Host: localhost:81
17:42:11.776 [main] DEBUG org.apache.http.headers - >> Connection: Keep-Alive
17:42:11.776 [main] DEBUG org.apache.http.headers - >> User-Agent: Apache-HttpClient/4.5.13 (Java/17)
17:42:11.776 [main] DEBUG org.apache.http.headers - >> Authorization: Basic YWRtaW46YWRtaW4=
17:42:11.776 [main] DEBUG org.apache.http.headers - >> Accept-Encoding: gzip,deflate
17:42:11.776 [main] DEBUG org.apache.http.wire -  >> "{"jsonrpc":"2.0","method":"createUser","id":123123,"params":{"username":"kyryloAPITestLogin","password":"kyryloAPITestPassword","name":"kyrylo","email":"kyryloAPITest@mail.com","role":"app-manager"}}"
17:42:11.924 [AsyncHttpClient-1-1] DEBUG org.asynchttpclient.netty.channel.DefaultChannelPool - Entry count for : http://localhost:3610 : 1
17:42:11.924 [AsyncHttpClient-1-1] DEBUG org.asynchttpclient.netty.channel.DefaultChannelPool - Entry count for : http://localhost:51528 : 1
17:42:11.924 [AsyncHttpClient-1-1] DEBUG org.asynchttpclient.netty.channel.DefaultChannelPool - Adding Candidate expired Channel [id: 0xbbf18e54, L:/127.0.0.1:51539 ! R:localhost/127.0.0.1:51528] isIdleTimeoutExpired=false isRemotelyClosed=true isTtlExpired=false
17:42:11.924 [AsyncHttpClient-1-1] DEBUG org.asynchttpclient.netty.channel.DefaultChannelPool - Closing Idle Channel [id: 0xbbf18e54, L:/127.0.0.1:51539 ! R:localhost/127.0.0.1:51528]
17:42:11.924 [AsyncHttpClient-1-1] DEBUG org.asynchttpclient.netty.channel.DefaultChannelPool - Closed 1 connections out of 2 in 0 ms
17:42:11.962 [main] DEBUG org.apache.http.wire -  << "HTTP/1.1 200 OK[\r][\n]"
17:42:11.962 [main] DEBUG org.apache.http.wire -  << "Server: nginx[\r][\n]"
17:42:11.962 [main] DEBUG org.apache.http.wire -  << "Date: Tue, 25 Jul 2023 14:42:11 GMT[\r][\n]"
17:42:11.962 [main] DEBUG org.apache.http.wire -  << "Content-Type: application/json[\r][\n]"
17:42:11.962 [main] DEBUG org.apache.http.wire -  << "Transfer-Encoding: chunked[\r][\n]"
17:42:11.962 [main] DEBUG org.apache.http.wire -  << "Connection: keep-alive[\r][\n]"
17:42:11.962 [main] DEBUG org.apache.http.wire -  << "Vary: Accept-Encoding[\r][\n]"
17:42:11.962 [main] DEBUG org.apache.http.wire -  << "Content-Encoding: gzip[\r][\n]"
17:42:11.962 [main] DEBUG org.apache.http.wire -  << "[\r][\n]"
17:42:11.962 [main] DEBUG org.apache.http.impl.conn.DefaultClientConnection - Receiving response: HTTP/1.1 200 OK
17:42:11.962 [main] DEBUG org.apache.http.headers - << HTTP/1.1 200 OK
17:42:11.962 [main] DEBUG org.apache.http.headers - << Server: nginx
17:42:11.962 [main] DEBUG org.apache.http.headers - << Date: Tue, 25 Jul 2023 14:42:11 GMT
17:42:11.962 [main] DEBUG org.apache.http.headers - << Content-Type: application/json
17:42:11.962 [main] DEBUG org.apache.http.headers - << Transfer-Encoding: chunked
17:42:11.962 [main] DEBUG org.apache.http.headers - << Connection: keep-alive
17:42:11.962 [main] DEBUG org.apache.http.headers - << Vary: Accept-Encoding
17:42:11.962 [main] DEBUG org.apache.http.headers - << Content-Encoding: gzip
17:42:11.962 [main] DEBUG org.apache.http.impl.client.DefaultHttpClient - Connection can be kept alive indefinitely
17:42:11.962 [main] DEBUG org.apache.http.impl.client.DefaultHttpClient - Authentication succeeded
17:42:11.962 [main] DEBUG org.apache.http.impl.client.TargetAuthenticationStrategy - Caching 'basic' auth scheme for http://localhost:81
17:42:11.963 [main] DEBUG io.restassured.internal.RestAssuredHttpBuilder - Parsing response as: application/json
17:42:11.963 [main] DEBUG org.apache.http.wire -  << "3c[\r][\n]"
17:42:11.963 [main] DEBUG org.apache.http.wire -  << "[0x1f][0x8b][0x8][0x0][0x0][0x0][0x0][0x0][0x0][0x3][0xab]V[0xca]*[0xce][0xcf]+*HV[0xb2]R2[0xd2]3P[0xd2]Q*J-.[0xcd])Q[0xb2]265[0xd7]Q[0xca]LQ[0xb2]242[0x6][0xa2]Z[0x0][0x11][0xac]B[0xa7]*[0x0][0x0][0x0]"
17:42:11.963 [main] DEBUG org.apache.http.wire -  << "[\r][\n]"
17:42:11.963 [main] DEBUG org.apache.http.wire -  << "0[\r][\n]"
17:42:11.963 [main] DEBUG org.apache.http.wire -  << "[\r][\n]"
17:42:11.963 [main] DEBUG io.restassured.internal.RestAssuredHttpBuilder - Parsed data to instance of: class org.apache.http.conn.EofSensorInputStream
17:42:11.963 [main] DEBUG org.apache.http.impl.conn.BasicClientConnectionManager - Releasing connection org.apache.http.impl.conn.ManagedClientConnectionImpl@4d47f547
17:42:11.963 [main] DEBUG org.apache.http.impl.conn.BasicClientConnectionManager - Connection can be kept alive indefinitely
{
    "jsonrpc": "2.0",
    "result": 357,
    "id": 123123
}
17:42:11.967 [Forwarding getTitle on session 9881248c6322e559258b228e5405246b to remote] DEBUG org.asynchttpclient.netty.request.NettyRequestSender - Using pooled Channel '[id: 0xd14ce948, L:/127.0.0.1:51527 - R:localhost/127.0.0.1:3610]' for 'GET' to 'http://localhost:3610/session/9881248c6322e559258b228e5405246b/title'
17:42:11.967 [Forwarding getTitle on session 9881248c6322e559258b228e5405246b to remote] DEBUG org.asynchttpclient.netty.request.NettyRequestSender - Using open Channel [id: 0xd14ce948, L:/127.0.0.1:51527 - R:localhost/127.0.0.1:3610] for GET '/session/9881248c6322e559258b228e5405246b/title'
17:42:11.968 [AsyncHttpClient-1-11] DEBUG org.asynchttpclient.netty.handler.HttpHandler - 

Request DefaultFullHttpRequest(decodeResult: success, version: HTTP/1.1, content: EmptyByteBufBE)
GET /session/9881248c6322e559258b228e5405246b/title HTTP/1.1
User-Agent: selenium/4.9.1 (java windows)
Cache-Control: no-cache
Content-Type: application/json; charset=utf-8
host: localhost:3610
accept: */*

Response DefaultHttpResponse(decodeResult: success, version: HTTP/1.1)
HTTP/1.1 404 Not Found
Content-Length: 831
Content-Type: application/json; charset=utf-8
cache-control: no-cache

17:42:11.968 [AsyncHttpClient-1-11] DEBUG org.asynchttpclient.netty.channel.ChannelManager - Adding key: http://localhost:3610 for channel [id: 0xd14ce948, L:/127.0.0.1:51527 - R:localhost/127.0.0.1:3610]
17:42:11.969 [main] DEBUG com.codeborne.selenide.drivercommands.BrowserHealthChecker - Browser session is not found
org.openqa.selenium.NoSuchSessionException: invalid session id
Build info: version: '4.9.1', revision: 'eb2032df7f'
System info: os.name: 'Windows 10', os.arch: 'amd64', os.version: '10.0', java.version: '17'
Driver info: org.openqa.selenium.chrome.ChromeDriver
Command: [9881248c6322e559258b228e5405246b, getTitle {}]
Capabilities {acceptInsecureCerts: true, browserName: chrome, browserVersion: 114.0.5735.199, chrome: {chromedriverVersion: 114.0.5735.90 (386bc09e8f4f..., userDataDir: C:\Users\KFA24~1.SHM\AppDat...}, goog:chromeOptions: {debuggerAddress: localhost:51528}, networkConnectionEnabled: false, pageLoadStrategy: normal, platformName: windows, proxy: Proxy(), se:cdp: ws://localhost:51528/devtoo..., se:cdpVersion: 114.0.5735.199, setWindowRect: true, strictFileInteractability: false, timeouts: {implicit: 0, pageLoad: 300000, script: 30000}, unhandledPromptBehavior: accept, webauthn:extension:credBlob: true, webauthn:extension:largeBlob: true, webauthn:extension:minPinLength: true, webauthn:extension:prf: true, webauthn:virtualAuthenticators: true}
Session ID: 9881248c6322e559258b228e5405246b
	at java.base/jdk.internal.reflect.NativeConstructorAccessorImpl.newInstance0(Native Method)
	at java.base/jdk.internal.reflect.NativeConstructorAccessorImpl.newInstance(NativeConstructorAccessorImpl.java:77)
	at java.base/jdk.internal.reflect.DelegatingConstructorAccessorImpl.newInstance(DelegatingConstructorAccessorImpl.java:45)
	at java.base/java.lang.reflect.Constructor.newInstanceWithCaller(Constructor.java:499)
	at java.base/java.lang.reflect.Constructor.newInstance(Constructor.java:480)
	at org.openqa.selenium.remote.codec.w3c.W3CHttpResponseCodec.createException(W3CHttpResponseCodec.java:200)
	at org.openqa.selenium.remote.codec.w3c.W3CHttpResponseCodec.decode(W3CHttpResponseCodec.java:133)
	at org.openqa.selenium.remote.codec.w3c.W3CHttpResponseCodec.decode(W3CHttpResponseCodec.java:53)
	at org.openqa.selenium.remote.HttpCommandExecutor.execute(HttpCommandExecutor.java:193)
	at org.openqa.selenium.remote.service.DriverCommandExecutor.invokeExecute(DriverCommandExecutor.java:183)
	at org.openqa.selenium.remote.service.DriverCommandExecutor.execute(DriverCommandExecutor.java:158)
	at org.openqa.selenium.remote.RemoteWebDriver.execute(RemoteWebDriver.java:543)
	at org.openqa.selenium.remote.RemoteWebDriver.execute(RemoteWebDriver.java:598)
	at org.openqa.selenium.remote.RemoteWebDriver.execute(RemoteWebDriver.java:602)
	at org.openqa.selenium.remote.RemoteWebDriver.getTitle(RemoteWebDriver.java:302)
	at com.codeborne.selenide.drivercommands.BrowserHealthChecker.isBrowserStillOpen(BrowserHealthChecker.java:19)
	at com.codeborne.selenide.impl.WebDriverThreadLocalContainer.getAndCheckWebDriver(WebDriverThreadLocalContainer.java:158)
	at com.codeborne.selenide.WebDriverRunner.getAndCheckWebDriver(WebDriverRunner.java:130)
	at com.codeborne.selenide.impl.StaticDriver.getAndCheckWebDriver(StaticDriver.java:65)
	at com.codeborne.selenide.SelenideDriver.getAndCheckWebDriver(SelenideDriver.java:220)
	at com.codeborne.selenide.drivercommands.Navigator.lambda$navigateTo$0(Navigator.java:72)
	at com.codeborne.selenide.logevents.SelenideLogger.lambda$run$0(SelenideLogger.java:105)
	at com.codeborne.selenide.logevents.SelenideLogger.wrap(SelenideLogger.java:133)
	at com.codeborne.selenide.logevents.SelenideLogger.run(SelenideLogger.java:104)
	at com.codeborne.selenide.drivercommands.Navigator.navigateTo(Navigator.java:70)
	at com.codeborne.selenide.drivercommands.Navigator.open(Navigator.java:32)
	at com.codeborne.selenide.SelenideDriver.open(SelenideDriver.java:101)
	at com.codeborne.selenide.Selenide.open(Selenide.java:53)
	at UI.tests.BaseUITest.setUp(BaseUITest.java:25)
	at java.base/jdk.internal.reflect.NativeMethodAccessorImpl.invoke0(Native Method)
	at java.base/jdk.internal.reflect.NativeMethodAccessorImpl.invoke(NativeMethodAccessorImpl.java:77)
	at java.base/jdk.internal.reflect.DelegatingMethodAccessorImpl.invoke(DelegatingMethodAccessorImpl.java:43)
	at java.base/java.lang.reflect.Method.invoke(Method.java:568)
	at org.testng.internal.invokers.MethodInvocationHelper.invokeMethod(MethodInvocationHelper.java:139)
	at org.testng.internal.invokers.MethodInvocationHelper.invokeMethodConsideringTimeout(MethodInvocationHelper.java:69)
	at org.testng.internal.invokers.ConfigInvoker.invokeConfigurationMethod(ConfigInvoker.java:361)
	at org.testng.internal.invokers.ConfigInvoker.invokeConfigurations(ConfigInvoker.java:296)
	at org.testng.internal.invokers.TestInvoker.runConfigMethods(TestInvoker.java:823)
	at org.testng.internal.invokers.TestInvoker.invokeMethod(TestInvoker.java:590)
	at org.testng.internal.invokers.TestInvoker.invokeTestMethod(TestInvoker.java:221)
	at org.testng.internal.invokers.MethodRunner.runInSequence(MethodRunner.java:50)
	at org.testng.internal.invokers.TestInvoker$MethodInvocationAgent.invoke(TestInvoker.java:969)
	at org.testng.internal.invokers.TestInvoker.invokeTestMethods(TestInvoker.java:194)
	at org.testng.internal.invokers.TestMethodWorker.invokeTestMethods(TestMethodWorker.java:148)
	at org.testng.internal.invokers.TestMethodWorker.run(TestMethodWorker.java:128)
	at java.base/java.util.ArrayList.forEach(ArrayList.java:1511)
	at org.testng.TestRunner.privateRun(TestRunner.java:829)
	at org.testng.TestRunner.run(TestRunner.java:602)
	at org.testng.SuiteRunner.runTest(SuiteRunner.java:437)
	at org.testng.SuiteRunner.runSequentially(SuiteRunner.java:431)
	at org.testng.SuiteRunner.privateRun(SuiteRunner.java:391)
	at org.testng.SuiteRunner.run(SuiteRunner.java:330)
	at org.testng.SuiteRunnerWorker.runSuite(SuiteRunnerWorker.java:52)
	at org.testng.SuiteRunnerWorker.run(SuiteRunnerWorker.java:95)
	at org.testng.TestNG.runSuitesSequentially(TestNG.java:1256)
	at org.testng.TestNG.runSuitesLocally(TestNG.java:1176)
	at org.testng.TestNG.runSuites(TestNG.java:1099)
	at org.testng.TestNG.run(TestNG.java:1067)
	at org.apache.maven.surefire.testng.TestNGExecutor.run(TestNGExecutor.java:324)
	at org.apache.maven.surefire.testng.TestNGXmlTestSuite.execute(TestNGXmlTestSuite.java:74)
	at org.apache.maven.surefire.testng.TestNGProvider.invoke(TestNGProvider.java:123)
	at org.apache.maven.surefire.booter.ForkedBooter.runSuitesInProcess(ForkedBooter.java:456)
	at org.apache.maven.surefire.booter.ForkedBooter.execute(ForkedBooter.java:169)
	at org.apache.maven.surefire.booter.ForkedBooter.run(ForkedBooter.java:595)
	at org.apache.maven.surefire.booter.ForkedBooter.main(ForkedBooter.java:581)
17:42:11.970 [main] INFO com.codeborne.selenide.impl.WebDriverThreadLocalContainer - Webdriver has been closed meanwhile. Let's re-create it.
17:42:11.970 [main] INFO com.codeborne.selenide.impl.FileHelper - Deleted empty folder: C:\Users\k.shmana\Desktop\r_d\Kanboard\build\downloads\1690296125411_10268_1
17:42:11.970 [main] INFO com.codeborne.selenide.drivercommands.CloseDriverCommand - Close webdriver: 1 -> ChromeDriver: chrome on windows (9881248c6322e559258b228e5405246b)...
17:42:11.971 [Driver Command Executor] DEBUG org.asynchttpclient.netty.request.NettyRequestSender - Using pooled Channel '[id: 0xd14ce948, L:/127.0.0.1:51527 - R:localhost/127.0.0.1:3610]' for 'DELETE' to 'http://localhost:3610/session/9881248c6322e559258b228e5405246b'
17:42:11.971 [Driver Command Executor] DEBUG org.asynchttpclient.netty.request.NettyRequestSender - Using open Channel [id: 0xd14ce948, L:/127.0.0.1:51527 - R:localhost/127.0.0.1:3610] for DELETE '/session/9881248c6322e559258b228e5405246b'
17:42:11.972 [AsyncHttpClient-1-11] DEBUG org.asynchttpclient.netty.handler.HttpHandler - 

Request DefaultFullHttpRequest(decodeResult: success, version: HTTP/1.1, content: EmptyByteBufBE)
DELETE /session/9881248c6322e559258b228e5405246b HTTP/1.1
User-Agent: selenium/4.9.1 (java windows)
Content-Type: application/json; charset=utf-8
host: localhost:3610
accept: */*

Response DefaultHttpResponse(decodeResult: success, version: HTTP/1.1)
HTTP/1.1 200 OK
Content-Length: 14
Content-Type: application/json; charset=utf-8
cache-control: no-cache

17:42:11.973 [AsyncHttpClient-1-11] DEBUG org.asynchttpclient.netty.channel.ChannelManager - Adding key: http://localhost:3610 for channel [id: 0xd14ce948, L:/127.0.0.1:51527 - R:localhost/127.0.0.1:3610]
17:42:11.976 [AsyncHttpClient-1-11] DEBUG org.asynchttpclient.netty.handler.HttpHandler - Channel Closed: [id: 0xd14ce948, L:/127.0.0.1:51527 ! R:localhost/127.0.0.1:3610] with attribute DISCARD
17:42:12.033 [main] INFO com.codeborne.selenide.drivercommands.CloseDriverCommand - Closed webdriver 1 in 63 ms
17:42:12.033 [main] INFO com.codeborne.selenide.drivercommands.DisposablesRegistry - Unregister WebDriverInstance[config=StaticConfig,webDriver=ChromeDriver: chrome on windows (null),proxy=null,downloadsFolder=C:\Users\k.shmana\Desktop\r_d\Kanboard\build\downloads\1690296125411_10268_1] in 1 [size=0]
17:42:12.033 [main] DEBUG com.codeborne.selenide.drivercommands.CreateDriverCommand - Creating webdriver in thread 1 (ip: 192.168.195.23, host: N-KV-TYCH1O-F81)...
17:42:12.033 [main] INFO com.codeborne.selenide.impl.FileHelper - Creating folder: C:\Users\k.shmana\Desktop\r_d\Kanboard\build\downloads\1690296132033_10268_1
17:42:12.034 [main] DEBUG com.codeborne.selenide.webdriver.WebDriverFactory - browser=chrome
17:42:12.034 [main] DEBUG com.codeborne.selenide.webdriver.WebDriverFactory - browser.version=null
17:42:12.034 [main] DEBUG com.codeborne.selenide.webdriver.WebDriverFactory - remote=null
17:42:12.034 [main] DEBUG com.codeborne.selenide.webdriver.WebDriverFactory - browserSize=1366x768
17:42:12.034 [main] DEBUG com.codeborne.selenide.webdriver.WebDriverFactory - downloadsFolder=C:\Users\k.shmana\Desktop\r_d\Kanboard\build\downloads\1690296132033_10268_1
17:42:12.034 [main] DEBUG com.codeborne.selenide.webdriver.AbstractChromiumDriverFactory - Using chromium preferences: {credentials_enable_service=false, safebrowsing.enabled=true, plugins.always_open_pdf_externally=true, profile.default_content_setting_values.automatic_downloads=1, download.default_directory=C:\Users\k.shmana\Desktop\r_d\Kanboard\build\downloads\1690296132033_10268_1}
17:42:12.034 [main] DEBUG com.codeborne.selenide.webdriver.ChromeDriverFactory - Chrome options: Capabilities {acceptInsecureCerts: true, browserName: chrome, goog:chromeOptions: {args: [--remote-allow-origins=*, --proxy-bypass-list=<-loopb..., --disable-dev-shm-usage, --window-size=1366,768], excludeSwitches: [enable-automation, load-extension], extensions: [], prefs: {credentials_enable_service: false, download.default_directory: C:\Users\k.shmana\Desktop\r..., plugins.always_open_pdf_externally: true, profile.default_content_setting_values.automatic_downloads: 1, safebrowsing.enabled: true}}, pageLoadStrategy: normal, unhandledPromptBehavior: accept}
17:42:12.038 [main] INFO com.codeborne.selenide.webdriver.SelenideNettyClientFactory - Changed readTimeout from PT3M to PT1M30S
17:42:12.120 [AsyncHttpClient-1-14] DEBUG org.asynchttpclient.netty.channel.NettyConnectListener - Using new Channel '[id: 0x0e0ec21e, L:/127.0.0.1:51557 - R:localhost/127.0.0.1:35191]' for 'POST' to '/session'
17:42:13.024 [AsyncHttpClient-1-1] DEBUG org.asynchttpclient.netty.channel.DefaultChannelPool - Entry count for : http://localhost:3610 : 1
17:42:13.024 [AsyncHttpClient-1-1] DEBUG org.asynchttpclient.netty.channel.DefaultChannelPool - Adding Candidate expired Channel [id: 0xd14ce948, L:/127.0.0.1:51527 ! R:localhost/127.0.0.1:3610] isIdleTimeoutExpired=false isRemotelyClosed=true isTtlExpired=false
17:42:13.024 [AsyncHttpClient-1-1] DEBUG org.asynchttpclient.netty.channel.DefaultChannelPool - Closing Idle Channel [id: 0xd14ce948, L:/127.0.0.1:51527 ! R:localhost/127.0.0.1:3610]
17:42:13.025 [AsyncHttpClient-1-1] DEBUG org.asynchttpclient.netty.channel.DefaultChannelPool - Closed 1 connections out of 1 in 1 ms
17:42:13.067 [AsyncHttpClient-1-14] DEBUG org.asynchttpclient.netty.handler.HttpHandler - 

Request DefaultHttpRequest(decodeResult: success, version: HTTP/1.1)
POST /session HTTP/1.1
User-Agent: selenium/4.9.1 (java windows)
Content-Length: 996
Content-Type: application/json; charset=utf-8
host: localhost:35191
accept: */*

Response DefaultHttpResponse(decodeResult: success, version: HTTP/1.1)
HTTP/1.1 200 OK
Content-Length: 853
Content-Type: application/json; charset=utf-8
cache-control: no-cache

17:42:13.068 [AsyncHttpClient-1-14] DEBUG org.asynchttpclient.netty.channel.ChannelManager - Adding key: http://localhost:35191 for channel [id: 0x0e0ec21e, L:/127.0.0.1:51557 - R:localhost/127.0.0.1:35191]
17:42:13.073 [main] INFO com.codeborne.selenide.webdriver.SelenideNettyClientFactory - Changed readTimeout from PT3M to PT1M30S
17:42:13.076 [AsyncHttpClient-1-15] DEBUG org.asynchttpclient.netty.channel.NettyConnectListener - Using new Channel '[id: 0x35e478f4, L:/127.0.0.1:51567 - R:localhost/127.0.0.1:51558]' for 'GET' to '/json/version'
17:42:13.079 [AsyncHttpClient-1-15] DEBUG org.asynchttpclient.netty.handler.HttpHandler - 

Request DefaultFullHttpRequest(decodeResult: success, version: HTTP/1.1, content: EmptyByteBufBE)
GET /json/version HTTP/1.1
User-Agent: selenium/4.9.1 (java windows)
host: localhost:51558
accept: */*

Response DefaultHttpResponse(decodeResult: success, version: HTTP/1.1)
HTTP/1.1 200 OK
Content-Security-Policy: frame-ancestors 'none'
Content-Length: 424
Content-Type: application/json; charset=UTF-8

17:42:13.079 [AsyncHttpClient-1-15] DEBUG org.asynchttpclient.netty.channel.ChannelManager - Adding key: http://localhost:51558 for channel [id: 0x35e478f4, L:/127.0.0.1:51567 - R:localhost/127.0.0.1:51558]
17:42:13.079 [main] INFO com.codeborne.selenide.webdriver.SelenideNettyClientFactory - Changed readTimeout from PT3M to PT1M30S
17:42:13.083 [AsyncHttpClient-1-16] DEBUG org.asynchttpclient.netty.channel.NettyConnectListener - Using new Channel '[id: 0x75b99f0f, L:/127.0.0.1:51568 - R:localhost/127.0.0.1:51558]' for 'GET' to '/devtools/browser/18383456-fc96-429b-ab8a-5fafa52ee07e'
17:42:13.089 [AsyncHttpClient-1-16] DEBUG org.asynchttpclient.netty.handler.WebSocketHandler - 

Request DefaultFullHttpRequest(decodeResult: success, version: HTTP/1.1, content: EmptyByteBufBE)
GET /devtools/browser/18383456-fc96-429b-ab8a-5fafa52ee07e HTTP/1.1
upgrade: websocket
connection: upgrade
sec-websocket-key: FSbYTrYXX2kfWiViMKqJfA==
sec-websocket-version: 13
origin: http://localhost:51558
host: localhost:51558
accept: */*
user-agent: AHC/2.1

Response DefaultHttpResponse(decodeResult: success, version: HTTP/1.1)
HTTP/1.1 101 WebSocket Protocol Handshake
Upgrade: WebSocket
Connection: Upgrade
Sec-WebSocket-Accept: iSL3U6BZRpOZsBe79T/nEyvcoFI=

17:42:13.093 [Forwarding setTimeout on session 316471cf553e56b08f4309dc15f66dfd to remote] DEBUG org.asynchttpclient.netty.request.NettyRequestSender - Using pooled Channel '[id: 0x0e0ec21e, L:/127.0.0.1:51557 - R:localhost/127.0.0.1:35191]' for 'POST' to 'http://localhost:35191/session/316471cf553e56b08f4309dc15f66dfd/timeouts'
17:42:13.093 [Forwarding setTimeout on session 316471cf553e56b08f4309dc15f66dfd to remote] DEBUG org.asynchttpclient.netty.request.NettyRequestSender - Using open Channel [id: 0x0e0ec21e, L:/127.0.0.1:51557 - R:localhost/127.0.0.1:35191] for POST '/session/316471cf553e56b08f4309dc15f66dfd/timeouts'
17:42:13.094 [AsyncHttpClient-1-14] DEBUG org.asynchttpclient.netty.handler.HttpHandler - 

Request DefaultHttpRequest(decodeResult: success, version: HTTP/1.1)
POST /session/316471cf553e56b08f4309dc15f66dfd/timeouts HTTP/1.1
User-Agent: selenium/4.9.1 (java windows)
Content-Length: 23
Content-Type: application/json; charset=utf-8
host: localhost:35191
accept: */*

Response DefaultHttpResponse(decodeResult: success, version: HTTP/1.1)
HTTP/1.1 200 OK
Content-Length: 14
Content-Type: application/json; charset=utf-8
cache-control: no-cache

17:42:13.094 [AsyncHttpClient-1-14] DEBUG org.asynchttpclient.netty.channel.ChannelManager - Adding key: http://localhost:35191 for channel [id: 0x0e0ec21e, L:/127.0.0.1:51557 - R:localhost/127.0.0.1:35191]
17:42:13.095 [main] INFO com.codeborne.selenide.webdriver.WebDriverFactory - BrowserName=chrome Version=114.0.5735.199 Platform=windows
17:42:13.095 [main] INFO com.codeborne.selenide.webdriver.WebDriverFactory - Selenide v. 6.15.0
17:42:13.095 [main] INFO com.codeborne.selenide.webdriver.WebDriverFactory - Selenium WebDriver v. 4.9.1 build revision: eb2032df7f
17:42:13.095 [main] INFO com.codeborne.selenide.drivercommands.CreateDriverCommand - Created webdriver in thread 1: ChromeDriver -> ChromeDriver: chrome on windows (316471cf553e56b08f4309dc15f66dfd)
17:42:13.095 [main] INFO com.codeborne.selenide.drivercommands.DisposablesRegistry - Register WebDriverInstance[config=StaticConfig,webDriver=ChromeDriver: chrome on windows (316471cf553e56b08f4309dc15f66dfd),proxy=null,downloadsFolder=C:\Users\k.shmana\Desktop\r_d\Kanboard\build\downloads\1690296132033_10268_1] in 1 [size=1]
17:42:13.095 [Forwarding get on session 316471cf553e56b08f4309dc15f66dfd to remote] DEBUG org.asynchttpclient.netty.request.NettyRequestSender - Using pooled Channel '[id: 0x0e0ec21e, L:/127.0.0.1:51557 - R:localhost/127.0.0.1:35191]' for 'POST' to 'http://localhost:35191/session/316471cf553e56b08f4309dc15f66dfd/url'
17:42:13.095 [Forwarding get on session 316471cf553e56b08f4309dc15f66dfd to remote] DEBUG org.asynchttpclient.netty.request.NettyRequestSender - Using open Channel [id: 0x0e0ec21e, L:/127.0.0.1:51557 - R:localhost/127.0.0.1:35191] for POST '/session/316471cf553e56b08f4309dc15f66dfd/url'
17:42:13.297 [AsyncHttpClient-1-14] DEBUG org.asynchttpclient.netty.handler.HttpHandler - 

Request DefaultHttpRequest(decodeResult: success, version: HTTP/1.1)
POST /session/316471cf553e56b08f4309dc15f66dfd/url HTTP/1.1
User-Agent: selenium/4.9.1 (java windows)
Content-Length: 55
Content-Type: application/json; charset=utf-8
host: localhost:35191
accept: */*

Response DefaultHttpResponse(decodeResult: success, version: HTTP/1.1)
HTTP/1.1 200 OK
Content-Length: 14
Content-Type: application/json; charset=utf-8
cache-control: no-cache

17:42:13.297 [AsyncHttpClient-1-14] DEBUG org.asynchttpclient.netty.channel.ChannelManager - Adding key: http://localhost:35191 for channel [id: 0x0e0ec21e, L:/127.0.0.1:51557 - R:localhost/127.0.0.1:35191]
17:42:13.303 [Forwarding findElement on session 316471cf553e56b08f4309dc15f66dfd to remote] DEBUG org.asynchttpclient.netty.request.NettyRequestSender - Using pooled Channel '[id: 0x0e0ec21e, L:/127.0.0.1:51557 - R:localhost/127.0.0.1:35191]' for 'POST' to 'http://localhost:35191/session/316471cf553e56b08f4309dc15f66dfd/element'
17:42:13.303 [Forwarding findElement on session 316471cf553e56b08f4309dc15f66dfd to remote] DEBUG org.asynchttpclient.netty.request.NettyRequestSender - Using open Channel [id: 0x0e0ec21e, L:/127.0.0.1:51557 - R:localhost/127.0.0.1:35191] for POST '/session/316471cf553e56b08f4309dc15f66dfd/element'
17:42:13.322 [AsyncHttpClient-1-14] DEBUG org.asynchttpclient.netty.handler.HttpHandler - 

Request DefaultHttpRequest(decodeResult: success, version: HTTP/1.1)
POST /session/316471cf553e56b08f4309dc15f66dfd/element HTTP/1.1
User-Agent: selenium/4.9.1 (java windows)
Content-Length: 75
Content-Type: application/json; charset=utf-8
host: localhost:35191
accept: */*

Response DefaultHttpResponse(decodeResult: success, version: HTTP/1.1)
HTTP/1.1 200 OK
Content-Length: 94
Content-Type: application/json; charset=utf-8
cache-control: no-cache

17:42:13.322 [AsyncHttpClient-1-14] DEBUG org.asynchttpclient.netty.channel.ChannelManager - Adding key: http://localhost:35191 for channel [id: 0x0e0ec21e, L:/127.0.0.1:51557 - R:localhost/127.0.0.1:35191]
17:42:13.325 [Forwarding sendKeysToElement on session 316471cf553e56b08f4309dc15f66dfd to remote] DEBUG org.asynchttpclient.netty.request.NettyRequestSender - Using pooled Channel '[id: 0x0e0ec21e, L:/127.0.0.1:51557 - R:localhost/127.0.0.1:35191]' for 'POST' to 'http://localhost:35191/session/316471cf553e56b08f4309dc15f66dfd/element/BCDA24483422A13180E9E23202C9F5EC_element_2/value'
17:42:13.325 [Forwarding sendKeysToElement on session 316471cf553e56b08f4309dc15f66dfd to remote] DEBUG org.asynchttpclient.netty.request.NettyRequestSender - Using open Channel [id: 0x0e0ec21e, L:/127.0.0.1:51557 - R:localhost/127.0.0.1:35191] for POST '/session/316471cf553e56b08f4309dc15f66dfd/element/BCDA24483422A13180E9E23202C9F5EC_element_2/value'
17:42:13.409 [AsyncHttpClient-1-14] DEBUG org.asynchttpclient.netty.handler.HttpHandler - 

Request DefaultHttpRequest(decodeResult: success, version: HTTP/1.1)
POST /session/316471cf553e56b08f4309dc15f66dfd/element/BCDA24483422A13180E9E23202C9F5EC_element_2/value HTTP/1.1
User-Agent: selenium/4.9.1 (java windows)
Content-Length: 267
Content-Type: application/json; charset=utf-8
host: localhost:35191
accept: */*

Response DefaultHttpResponse(decodeResult: success, version: HTTP/1.1)
HTTP/1.1 200 OK
Content-Length: 14
Content-Type: application/json; charset=utf-8
cache-control: no-cache

17:42:13.410 [AsyncHttpClient-1-14] DEBUG org.asynchttpclient.netty.channel.ChannelManager - Adding key: http://localhost:35191 for channel [id: 0x0e0ec21e, L:/127.0.0.1:51557 - R:localhost/127.0.0.1:35191]
17:42:13.411 [Forwarding findElement on session 316471cf553e56b08f4309dc15f66dfd to remote] DEBUG org.asynchttpclient.netty.request.NettyRequestSender - Using pooled Channel '[id: 0x0e0ec21e, L:/127.0.0.1:51557 - R:localhost/127.0.0.1:35191]' for 'POST' to 'http://localhost:35191/session/316471cf553e56b08f4309dc15f66dfd/element'
17:42:13.411 [Forwarding findElement on session 316471cf553e56b08f4309dc15f66dfd to remote] DEBUG org.asynchttpclient.netty.request.NettyRequestSender - Using open Channel [id: 0x0e0ec21e, L:/127.0.0.1:51557 - R:localhost/127.0.0.1:35191] for POST '/session/316471cf553e56b08f4309dc15f66dfd/element'
17:42:13.435 [AsyncHttpClient-1-14] DEBUG org.asynchttpclient.netty.handler.HttpHandler - 

Request DefaultHttpRequest(decodeResult: success, version: HTTP/1.1)
POST /session/316471cf553e56b08f4309dc15f66dfd/element HTTP/1.1
User-Agent: selenium/4.9.1 (java windows)
Content-Length: 75
Content-Type: application/json; charset=utf-8
host: localhost:35191
accept: */*

Response DefaultHttpResponse(decodeResult: success, version: HTTP/1.1)
HTTP/1.1 200 OK
Content-Length: 94
Content-Type: application/json; charset=utf-8
cache-control: no-cache

17:42:13.436 [AsyncHttpClient-1-14] DEBUG org.asynchttpclient.netty.channel.ChannelManager - Adding key: http://localhost:35191 for channel [id: 0x0e0ec21e, L:/127.0.0.1:51557 - R:localhost/127.0.0.1:35191]
17:42:13.437 [Forwarding sendKeysToElement on session 316471cf553e56b08f4309dc15f66dfd to remote] DEBUG org.asynchttpclient.netty.request.NettyRequestSender - Using pooled Channel '[id: 0x0e0ec21e, L:/127.0.0.1:51557 - R:localhost/127.0.0.1:35191]' for 'POST' to 'http://localhost:35191/session/316471cf553e56b08f4309dc15f66dfd/element/BCDA24483422A13180E9E23202C9F5EC_element_4/value'
17:42:13.437 [Forwarding sendKeysToElement on session 316471cf553e56b08f4309dc15f66dfd to remote] DEBUG org.asynchttpclient.netty.request.NettyRequestSender - Using open Channel [id: 0x0e0ec21e, L:/127.0.0.1:51557 - R:localhost/127.0.0.1:35191] for POST '/session/316471cf553e56b08f4309dc15f66dfd/element/BCDA24483422A13180E9E23202C9F5EC_element_4/value'
17:42:13.527 [AsyncHttpClient-1-14] DEBUG org.asynchttpclient.netty.handler.HttpHandler - 

Request DefaultHttpRequest(decodeResult: success, version: HTTP/1.1)
POST /session/316471cf553e56b08f4309dc15f66dfd/element/BCDA24483422A13180E9E23202C9F5EC_element_4/value HTTP/1.1
User-Agent: selenium/4.9.1 (java windows)
Content-Length: 297
Content-Type: application/json; charset=utf-8
host: localhost:35191
accept: */*

Response DefaultHttpResponse(decodeResult: success, version: HTTP/1.1)
HTTP/1.1 200 OK
Content-Length: 14
Content-Type: application/json; charset=utf-8
cache-control: no-cache

17:42:13.527 [AsyncHttpClient-1-14] DEBUG org.asynchttpclient.netty.channel.ChannelManager - Adding key: http://localhost:35191 for channel [id: 0x0e0ec21e, L:/127.0.0.1:51557 - R:localhost/127.0.0.1:35191]
17:42:13.528 [Forwarding findElement on session 316471cf553e56b08f4309dc15f66dfd to remote] DEBUG org.asynchttpclient.netty.request.NettyRequestSender - Using pooled Channel '[id: 0x0e0ec21e, L:/127.0.0.1:51557 - R:localhost/127.0.0.1:35191]' for 'POST' to 'http://localhost:35191/session/316471cf553e56b08f4309dc15f66dfd/element'
17:42:13.528 [Forwarding findElement on session 316471cf553e56b08f4309dc15f66dfd to remote] DEBUG org.asynchttpclient.netty.request.NettyRequestSender - Using open Channel [id: 0x0e0ec21e, L:/127.0.0.1:51557 - R:localhost/127.0.0.1:35191] for POST '/session/316471cf553e56b08f4309dc15f66dfd/element'
17:42:13.545 [AsyncHttpClient-1-14] DEBUG org.asynchttpclient.netty.handler.HttpHandler - 

Request DefaultHttpRequest(decodeResult: success, version: HTTP/1.1)
POST /session/316471cf553e56b08f4309dc15f66dfd/element HTTP/1.1
User-Agent: selenium/4.9.1 (java windows)
Content-Length: 73
Content-Type: application/json; charset=utf-8
host: localhost:35191
accept: */*

Response DefaultHttpResponse(decodeResult: success, version: HTTP/1.1)
HTTP/1.1 200 OK
Content-Length: 94
Content-Type: application/json; charset=utf-8
cache-control: no-cache

17:42:13.545 [AsyncHttpClient-1-14] DEBUG org.asynchttpclient.netty.channel.ChannelManager - Adding key: http://localhost:35191 for channel [id: 0x0e0ec21e, L:/127.0.0.1:51557 - R:localhost/127.0.0.1:35191]
17:42:13.548 [Forwarding isElementDisplayed on session 316471cf553e56b08f4309dc15f66dfd to remote] DEBUG org.asynchttpclient.netty.request.NettyRequestSender - Using pooled Channel '[id: 0x0e0ec21e, L:/127.0.0.1:51557 - R:localhost/127.0.0.1:35191]' for 'POST' to 'http://localhost:35191/session/316471cf553e56b08f4309dc15f66dfd/execute/sync'
17:42:13.548 [Forwarding isElementDisplayed on session 316471cf553e56b08f4309dc15f66dfd to remote] DEBUG org.asynchttpclient.netty.request.NettyRequestSender - Using open Channel [id: 0x0e0ec21e, L:/127.0.0.1:51557 - R:localhost/127.0.0.1:35191] for POST '/session/316471cf553e56b08f4309dc15f66dfd/execute/sync'
17:42:13.567 [AsyncHttpClient-1-14] DEBUG org.asynchttpclient.netty.handler.HttpHandler - 

Request DefaultHttpRequest(decodeResult: success, version: HTTP/1.1)
POST /session/316471cf553e56b08f4309dc15f66dfd/execute/sync HTTP/1.1
User-Agent: selenium/4.9.1 (java windows)
Content-Length: 48813
Content-Type: application/json; charset=utf-8
host: localhost:35191
accept: */*

Response DefaultHttpResponse(decodeResult: success, version: HTTP/1.1)
HTTP/1.1 200 OK
Content-Length: 14
Content-Type: application/json; charset=utf-8
cache-control: no-cache

17:42:13.567 [AsyncHttpClient-1-14] DEBUG org.asynchttpclient.netty.channel.ChannelManager - Adding key: http://localhost:35191 for channel [id: 0x0e0ec21e, L:/127.0.0.1:51557 - R:localhost/127.0.0.1:35191]
17:42:13.568 [Forwarding isElementEnabled on session 316471cf553e56b08f4309dc15f66dfd to remote] DEBUG org.asynchttpclient.netty.request.NettyRequestSender - Using pooled Channel '[id: 0x0e0ec21e, L:/127.0.0.1:51557 - R:localhost/127.0.0.1:35191]' for 'GET' to 'http://localhost:35191/session/316471cf553e56b08f4309dc15f66dfd/element/BCDA24483422A13180E9E23202C9F5EC_element_5/enabled'
17:42:13.568 [Forwarding isElementEnabled on session 316471cf553e56b08f4309dc15f66dfd to remote] DEBUG org.asynchttpclient.netty.request.NettyRequestSender - Using open Channel [id: 0x0e0ec21e, L:/127.0.0.1:51557 - R:localhost/127.0.0.1:35191] for GET '/session/316471cf553e56b08f4309dc15f66dfd/element/BCDA24483422A13180E9E23202C9F5EC_element_5/enabled'
17:42:13.576 [AsyncHttpClient-1-14] DEBUG org.asynchttpclient.netty.handler.HttpHandler - 

Request DefaultFullHttpRequest(decodeResult: success, version: HTTP/1.1, content: EmptyByteBufBE)
GET /session/316471cf553e56b08f4309dc15f66dfd/element/BCDA24483422A13180E9E23202C9F5EC_element_5/enabled HTTP/1.1
User-Agent: selenium/4.9.1 (java windows)
Cache-Control: no-cache
Content-Type: application/json; charset=utf-8
host: localhost:35191
accept: */*

Response DefaultHttpResponse(decodeResult: success, version: HTTP/1.1)
HTTP/1.1 200 OK
Content-Length: 14
Content-Type: application/json; charset=utf-8
cache-control: no-cache

17:42:13.577 [AsyncHttpClient-1-14] DEBUG org.asynchttpclient.netty.channel.ChannelManager - Adding key: http://localhost:35191 for channel [id: 0x0e0ec21e, L:/127.0.0.1:51557 - R:localhost/127.0.0.1:35191]
17:42:13.579 [Forwarding clickElement on session 316471cf553e56b08f4309dc15f66dfd to remote] DEBUG org.asynchttpclient.netty.request.NettyRequestSender - Using pooled Channel '[id: 0x0e0ec21e, L:/127.0.0.1:51557 - R:localhost/127.0.0.1:35191]' for 'POST' to 'http://localhost:35191/session/316471cf553e56b08f4309dc15f66dfd/element/BCDA24483422A13180E9E23202C9F5EC_element_5/click'
17:42:13.579 [Forwarding clickElement on session 316471cf553e56b08f4309dc15f66dfd to remote] DEBUG org.asynchttpclient.netty.request.NettyRequestSender - Using open Channel [id: 0x0e0ec21e, L:/127.0.0.1:51557 - R:localhost/127.0.0.1:35191] for POST '/session/316471cf553e56b08f4309dc15f66dfd/element/BCDA24483422A13180E9E23202C9F5EC_element_5/click'
17:42:13.852 [AsyncHttpClient-1-14] DEBUG org.asynchttpclient.netty.handler.HttpHandler - 

Request DefaultHttpRequest(decodeResult: success, version: HTTP/1.1)
POST /session/316471cf553e56b08f4309dc15f66dfd/element/BCDA24483422A13180E9E23202C9F5EC_element_5/click HTTP/1.1
User-Agent: selenium/4.9.1 (java windows)
Content-Length: 56
Content-Type: application/json; charset=utf-8
host: localhost:35191
accept: */*

Response DefaultHttpResponse(decodeResult: success, version: HTTP/1.1)
HTTP/1.1 200 OK
Content-Length: 14
Content-Type: application/json; charset=utf-8
cache-control: no-cache

17:42:13.852 [AsyncHttpClient-1-14] DEBUG org.asynchttpclient.netty.channel.ChannelManager - Adding key: http://localhost:35191 for channel [id: 0x0e0ec21e, L:/127.0.0.1:51557 - R:localhost/127.0.0.1:35191]
17:42:13.854 [Forwarding findElement on session 316471cf553e56b08f4309dc15f66dfd to remote] DEBUG org.asynchttpclient.netty.request.NettyRequestSender - Using pooled Channel '[id: 0x0e0ec21e, L:/127.0.0.1:51557 - R:localhost/127.0.0.1:35191]' for 'POST' to 'http://localhost:35191/session/316471cf553e56b08f4309dc15f66dfd/element'
17:42:13.854 [Forwarding findElement on session 316471cf553e56b08f4309dc15f66dfd to remote] DEBUG org.asynchttpclient.netty.request.NettyRequestSender - Using open Channel [id: 0x0e0ec21e, L:/127.0.0.1:51557 - R:localhost/127.0.0.1:35191] for POST '/session/316471cf553e56b08f4309dc15f66dfd/element'
17:42:13.871 [AsyncHttpClient-1-14] DEBUG org.asynchttpclient.netty.handler.HttpHandler - 

Request DefaultHttpRequest(decodeResult: success, version: HTTP/1.1)
POST /session/316471cf553e56b08f4309dc15f66dfd/element HTTP/1.1
User-Agent: selenium/4.9.1 (java windows)
Content-Length: 69
Content-Type: application/json; charset=utf-8
host: localhost:35191
accept: */*

Response DefaultHttpResponse(decodeResult: success, version: HTTP/1.1)
HTTP/1.1 200 OK
Content-Length: 94
Content-Type: application/json; charset=utf-8
cache-control: no-cache

17:42:13.872 [AsyncHttpClient-1-14] DEBUG org.asynchttpclient.netty.channel.ChannelManager - Adding key: http://localhost:35191 for channel [id: 0x0e0ec21e, L:/127.0.0.1:51557 - R:localhost/127.0.0.1:35191]
17:42:13.873 [Forwarding getElementTagName on session 316471cf553e56b08f4309dc15f66dfd to remote] DEBUG org.asynchttpclient.netty.request.NettyRequestSender - Using pooled Channel '[id: 0x0e0ec21e, L:/127.0.0.1:51557 - R:localhost/127.0.0.1:35191]' for 'GET' to 'http://localhost:35191/session/316471cf553e56b08f4309dc15f66dfd/element/0FF979CEFD664AA486C976FFEBF71B63_element_7/name'
17:42:13.873 [Forwarding getElementTagName on session 316471cf553e56b08f4309dc15f66dfd to remote] DEBUG org.asynchttpclient.netty.request.NettyRequestSender - Using open Channel [id: 0x0e0ec21e, L:/127.0.0.1:51557 - R:localhost/127.0.0.1:35191] for GET '/session/316471cf553e56b08f4309dc15f66dfd/element/0FF979CEFD664AA486C976FFEBF71B63_element_7/name'
17:42:13.878 [AsyncHttpClient-1-14] DEBUG org.asynchttpclient.netty.handler.HttpHandler - 

Request DefaultFullHttpRequest(decodeResult: success, version: HTTP/1.1, content: EmptyByteBufBE)
GET /session/316471cf553e56b08f4309dc15f66dfd/element/0FF979CEFD664AA486C976FFEBF71B63_element_7/name HTTP/1.1
User-Agent: selenium/4.9.1 (java windows)
Cache-Control: no-cache
Content-Type: application/json; charset=utf-8
host: localhost:35191
accept: */*

Response DefaultHttpResponse(decodeResult: success, version: HTTP/1.1)
HTTP/1.1 200 OK
Content-Length: 16
Content-Type: application/json; charset=utf-8
cache-control: no-cache

17:42:13.880 [AsyncHttpClient-1-14] DEBUG org.asynchttpclient.netty.channel.ChannelManager - Adding key: http://localhost:35191 for channel [id: 0x0e0ec21e, L:/127.0.0.1:51557 - R:localhost/127.0.0.1:35191]
17:42:13.880 [Forwarding getElementText on session 316471cf553e56b08f4309dc15f66dfd to remote] DEBUG org.asynchttpclient.netty.request.NettyRequestSender - Using pooled Channel '[id: 0x0e0ec21e, L:/127.0.0.1:51557 - R:localhost/127.0.0.1:35191]' for 'GET' to 'http://localhost:35191/session/316471cf553e56b08f4309dc15f66dfd/element/0FF979CEFD664AA486C976FFEBF71B63_element_7/text'
17:42:13.880 [Forwarding getElementText on session 316471cf553e56b08f4309dc15f66dfd to remote] DEBUG org.asynchttpclient.netty.request.NettyRequestSender - Using open Channel [id: 0x0e0ec21e, L:/127.0.0.1:51557 - R:localhost/127.0.0.1:35191] for GET '/session/316471cf553e56b08f4309dc15f66dfd/element/0FF979CEFD664AA486C976FFEBF71B63_element_7/text'
17:42:13.897 [AsyncHttpClient-1-14] DEBUG org.asynchttpclient.netty.handler.HttpHandler - 

Request DefaultFullHttpRequest(decodeResult: success, version: HTTP/1.1, content: EmptyByteBufBE)
GET /session/316471cf553e56b08f4309dc15f66dfd/element/0FF979CEFD664AA486C976FFEBF71B63_element_7/text HTTP/1.1
User-Agent: selenium/4.9.1 (java windows)
Cache-Control: no-cache
Content-Type: application/json; charset=utf-8
host: localhost:35191
accept: */*

Response DefaultHttpResponse(decodeResult: success, version: HTTP/1.1)
HTTP/1.1 200 OK
Content-Length: 32
Content-Type: application/json; charset=utf-8
cache-control: no-cache

17:42:13.897 [AsyncHttpClient-1-14] DEBUG org.asynchttpclient.netty.channel.ChannelManager - Adding key: http://localhost:35191 for channel [id: 0x0e0ec21e, L:/127.0.0.1:51557 - R:localhost/127.0.0.1:35191]
17:42:13.898 [Forwarding getCurrentUrl on session 316471cf553e56b08f4309dc15f66dfd to remote] DEBUG org.asynchttpclient.netty.request.NettyRequestSender - Using pooled Channel '[id: 0x0e0ec21e, L:/127.0.0.1:51557 - R:localhost/127.0.0.1:35191]' for 'GET' to 'http://localhost:35191/session/316471cf553e56b08f4309dc15f66dfd/url'
17:42:13.898 [Forwarding getCurrentUrl on session 316471cf553e56b08f4309dc15f66dfd to remote] DEBUG org.asynchttpclient.netty.request.NettyRequestSender - Using open Channel [id: 0x0e0ec21e, L:/127.0.0.1:51557 - R:localhost/127.0.0.1:35191] for GET '/session/316471cf553e56b08f4309dc15f66dfd/url'
17:42:13.903 [AsyncHttpClient-1-14] DEBUG org.asynchttpclient.netty.handler.HttpHandler - 

Request DefaultFullHttpRequest(decodeResult: success, version: HTTP/1.1, content: EmptyByteBufBE)
GET /session/316471cf553e56b08f4309dc15f66dfd/url HTTP/1.1
User-Agent: selenium/4.9.1 (java windows)
Cache-Control: no-cache
Content-Type: application/json; charset=utf-8
host: localhost:35191
accept: */*

Response DefaultHttpResponse(decodeResult: success, version: HTTP/1.1)
HTTP/1.1 200 OK
Content-Length: 41
Content-Type: application/json; charset=utf-8
cache-control: no-cache

17:42:13.903 [AsyncHttpClient-1-14] DEBUG org.asynchttpclient.netty.channel.ChannelManager - Adding key: http://localhost:35191 for channel [id: 0x0e0ec21e, L:/127.0.0.1:51557 - R:localhost/127.0.0.1:35191]
]]></system-out>
    <system-err><![CDATA[июл. 25, 2023 5:42:11 PM org.openqa.selenium.remote.http.WebSocket$Listener onError
WARNING: Connection reset
java.net.SocketException: Connection reset
	at java.base/sun.nio.ch.SocketChannelImpl.throwConnectionReset(SocketChannelImpl.java:394)
	at java.base/sun.nio.ch.SocketChannelImpl.read(SocketChannelImpl.java:426)
	at io.netty.buffer.PooledByteBuf.setBytes(PooledByteBuf.java:256)
	at io.netty.buffer.AbstractByteBuf.writeBytes(AbstractByteBuf.java:1132)
	at io.netty.channel.socket.nio.NioSocketChannel.doReadBytes(NioSocketChannel.java:357)
	at io.netty.channel.nio.AbstractNioByteChannel$NioByteUnsafe.read(AbstractNioByteChannel.java:151)
	at io.netty.channel.nio.NioEventLoop.processSelectedKey(NioEventLoop.java:788)
	at io.netty.channel.nio.NioEventLoop.processSelectedKeysOptimized(NioEventLoop.java:724)
	at io.netty.channel.nio.NioEventLoop.processSelectedKeys(NioEventLoop.java:650)
	at io.netty.channel.nio.NioEventLoop.run(NioEventLoop.java:562)
	at io.netty.util.concurrent.SingleThreadEventExecutor$4.run(SingleThreadEventExecutor.java:997)
	at io.netty.util.internal.ThreadExecutorMap$2.run(ThreadExecutorMap.java:74)
	at io.netty.util.concurrent.FastThreadLocalRunnable.run(FastThreadLocalRunnable.java:30)
	at java.base/java.lang.Thread.run(Thread.java:833)

Starting ChromeDriver 114.0.5735.90 (386bc09e8f4f2e025eddae123f36f6263096ae49-refs/branch-heads/5735@{#1052}) on port 35191
Only local connections are allowed.
Please see https://chromedriver.chromium.org/security-considerations for suggestions on keeping ChromeDriver safe.
ChromeDriver was started successfully.
июл. 25, 2023 5:42:13 PM org.openqa.selenium.devtools.CdpVersionFinder findNearestMatch
WARNING: Unable to find an exact match for CDP version 114, so returning the closest version found: 113
]]></system-err>
  </testcase>
  <testcase name="loginWithIncorrectPassword" classname="UI.tests.LogInTest" time="0.562">
    <system-out><![CDATA[17:42:13.908 [Forwarding close on session 316471cf553e56b08f4309dc15f66dfd to remote] DEBUG org.asynchttpclient.netty.request.NettyRequestSender - Using pooled Channel '[id: 0x0e0ec21e, L:/127.0.0.1:51557 - R:localhost/127.0.0.1:35191]' for 'DELETE' to 'http://localhost:35191/session/316471cf553e56b08f4309dc15f66dfd/window'
17:42:13.908 [Forwarding close on session 316471cf553e56b08f4309dc15f66dfd to remote] DEBUG org.asynchttpclient.netty.request.NettyRequestSender - Using open Channel [id: 0x0e0ec21e, L:/127.0.0.1:51557 - R:localhost/127.0.0.1:35191] for DELETE '/session/316471cf553e56b08f4309dc15f66dfd/window'
17:42:13.977 [AsyncHttpClient-1-16] DEBUG org.asynchttpclient.netty.handler.WebSocketHandler - Channel Closed: [id: 0x75b99f0f, L:/127.0.0.1:51568 ! R:localhost/127.0.0.1:51558] with attribute NettyResponseFuture{currentRetry=0,
	isDone=1,
	isCancelled=0,
	asyncHandler=org.asynchttpclient.ws.WebSocketUpgradeHandler@16ffbed4,
	nettyRequest=org.asynchttpclient.netty.request.NettyRequest@53fd326f,
	future=java.util.concurrent.CompletableFuture@71f56741[Completed normally],
	uri=ws://localhost:51558/devtools/browser/18383456-fc96-429b-ab8a-5fafa52ee07e,
	keepAlive=true,
	redirectCount=0,
	timeoutsHolder=null,
	inAuth=0,
	touch=1690296133089}
17:42:13.977 [AsyncHttpClient-1-16] DEBUG org.asynchttpclient.netty.channel.ChannelManager - Closing Channel [id: 0x75b99f0f, L:/127.0.0.1:51568 ! R:localhost/127.0.0.1:51558] 
17:42:13.978 [AsyncHttpClient-1-15] DEBUG org.asynchttpclient.netty.handler.HttpHandler - Channel Closed: [id: 0x35e478f4, L:/127.0.0.1:51567 ! R:localhost/127.0.0.1:51558] with attribute DISCARD
17:42:14.082 [AsyncHttpClient-1-14] DEBUG org.asynchttpclient.netty.handler.HttpHandler - 

Request DefaultFullHttpRequest(decodeResult: success, version: HTTP/1.1, content: EmptyByteBufBE)
DELETE /session/316471cf553e56b08f4309dc15f66dfd/window HTTP/1.1
User-Agent: selenium/4.9.1 (java windows)
Content-Type: application/json; charset=utf-8
host: localhost:35191
accept: */*

Response DefaultHttpResponse(decodeResult: success, version: HTTP/1.1)
HTTP/1.1 200 OK
Content-Length: 12
Content-Type: application/json; charset=utf-8
cache-control: no-cache

17:42:14.082 [AsyncHttpClient-1-14] DEBUG org.asynchttpclient.netty.channel.ChannelManager - Adding key: http://localhost:35191 for channel [id: 0x0e0ec21e, L:/127.0.0.1:51557 - R:localhost/127.0.0.1:35191]
Request method:	DELETE
Request URI:	http://localhost:81/jsonrpc.php
Proxy:			<none>
Request params:	<none>
Query params:	<none>
Form params:	<none>
Path params:	<none>
Headers:		Accept=*/*
				Content-Type=text/plain; charset=ISO-8859-1
Cookies:		<none>
Multiparts:		<none>
Body:
{"jsonrpc":"2.0","method":"removeUser","id":234,"params":{"user_id":357}}
17:42:14.097 [main] DEBUG org.apache.http.impl.conn.BasicClientConnectionManager - Get connection for route {}->http://localhost:81
17:42:14.098 [main] DEBUG org.apache.http.impl.conn.DefaultClientConnectionOperator - Connecting to localhost:81
17:42:14.099 [main] DEBUG org.apache.http.client.protocol.RequestAddCookies - CookieSpec selected: ignoreCookies
17:42:14.099 [main] DEBUG org.apache.http.client.protocol.RequestAuthCache - Auth cache not set in the context
17:42:14.099 [main] DEBUG org.apache.http.client.protocol.RequestTargetAuthentication - Target auth state: UNCHALLENGED
17:42:14.099 [main] DEBUG org.apache.http.client.protocol.RequestProxyAuthentication - Proxy auth state: UNCHALLENGED
17:42:14.099 [main] DEBUG org.apache.http.impl.client.DefaultHttpClient - Attempt 1 to execute request
17:42:14.099 [main] DEBUG org.apache.http.impl.conn.DefaultClientConnection - Sending request: DELETE /jsonrpc.php HTTP/1.1
17:42:14.099 [main] DEBUG org.apache.http.wire -  >> "DELETE /jsonrpc.php HTTP/1.1[\r][\n]"
17:42:14.099 [main] DEBUG org.apache.http.wire -  >> "Accept: */*[\r][\n]"
17:42:14.099 [main] DEBUG org.apache.http.wire -  >> "Content-Type: text/plain; charset=ISO-8859-1[\r][\n]"
17:42:14.099 [main] DEBUG org.apache.http.wire -  >> "Content-Length: 73[\r][\n]"
17:42:14.099 [main] DEBUG org.apache.http.wire -  >> "Host: localhost:81[\r][\n]"
17:42:14.099 [main] DEBUG org.apache.http.wire -  >> "Connection: Keep-Alive[\r][\n]"
17:42:14.099 [main] DEBUG org.apache.http.wire -  >> "User-Agent: Apache-HttpClient/4.5.13 (Java/17)[\r][\n]"
17:42:14.099 [main] DEBUG org.apache.http.wire -  >> "Accept-Encoding: gzip,deflate[\r][\n]"
17:42:14.099 [main] DEBUG org.apache.http.wire -  >> "[\r][\n]"
17:42:14.099 [main] DEBUG org.apache.http.headers - >> DELETE /jsonrpc.php HTTP/1.1
17:42:14.099 [main] DEBUG org.apache.http.headers - >> Accept: */*
17:42:14.099 [main] DEBUG org.apache.http.headers - >> Content-Type: text/plain; charset=ISO-8859-1
17:42:14.099 [main] DEBUG org.apache.http.headers - >> Content-Length: 73
17:42:14.099 [main] DEBUG org.apache.http.headers - >> Host: localhost:81
17:42:14.099 [main] DEBUG org.apache.http.headers - >> Connection: Keep-Alive
17:42:14.099 [main] DEBUG org.apache.http.headers - >> User-Agent: Apache-HttpClient/4.5.13 (Java/17)
17:42:14.099 [main] DEBUG org.apache.http.headers - >> Accept-Encoding: gzip,deflate
17:42:14.099 [main] DEBUG org.apache.http.wire -  >> "{"jsonrpc":"2.0","method":"removeUser","id":234,"params":{"user_id":357}}"
17:42:14.112 [main] DEBUG org.apache.http.wire -  << "HTTP/1.1 401 Unauthorized[\r][\n]"
17:42:14.112 [main] DEBUG org.apache.http.wire -  << "Server: nginx[\r][\n]"
17:42:14.112 [main] DEBUG org.apache.http.wire -  << "Date: Tue, 25 Jul 2023 14:42:14 GMT[\r][\n]"
17:42:14.112 [main] DEBUG org.apache.http.wire -  << "Content-Type: application/json[\r][\n]"
17:42:14.112 [main] DEBUG org.apache.http.wire -  << "Transfer-Encoding: chunked[\r][\n]"
17:42:14.112 [main] DEBUG org.apache.http.wire -  << "Connection: keep-alive[\r][\n]"
17:42:14.112 [main] DEBUG org.apache.http.wire -  << "WWW-Authenticate: Basic realm="JsonRPC"[\r][\n]"
17:42:14.112 [main] DEBUG org.apache.http.wire -  << "[\r][\n]"
17:42:14.112 [main] DEBUG org.apache.http.impl.conn.DefaultClientConnection - Receiving response: HTTP/1.1 401 Unauthorized
17:42:14.112 [main] DEBUG org.apache.http.headers - << HTTP/1.1 401 Unauthorized
17:42:14.112 [main] DEBUG org.apache.http.headers - << Server: nginx
17:42:14.112 [main] DEBUG org.apache.http.headers - << Date: Tue, 25 Jul 2023 14:42:14 GMT
17:42:14.112 [main] DEBUG org.apache.http.headers - << Content-Type: application/json
17:42:14.112 [main] DEBUG org.apache.http.headers - << Transfer-Encoding: chunked
17:42:14.112 [main] DEBUG org.apache.http.headers - << Connection: keep-alive
17:42:14.112 [main] DEBUG org.apache.http.headers - << WWW-Authenticate: Basic realm="JsonRPC"
17:42:14.112 [main] DEBUG org.apache.http.impl.client.DefaultHttpClient - Connection can be kept alive indefinitely
17:42:14.113 [main] DEBUG org.apache.http.impl.client.DefaultHttpClient - Authentication required
17:42:14.113 [main] DEBUG org.apache.http.impl.client.DefaultHttpClient - localhost:81 requested authentication
17:42:14.113 [main] DEBUG org.apache.http.impl.client.TargetAuthenticationStrategy - Authentication schemes in the order of preference: [Negotiate, Kerberos, NTLM, CredSSP, Digest, Basic]
17:42:14.113 [main] DEBUG org.apache.http.impl.client.TargetAuthenticationStrategy - Challenge for Negotiate authentication scheme not available
17:42:14.113 [main] DEBUG org.apache.http.impl.client.TargetAuthenticationStrategy - Challenge for Kerberos authentication scheme not available
17:42:14.113 [main] DEBUG org.apache.http.impl.client.TargetAuthenticationStrategy - Challenge for NTLM authentication scheme not available
17:42:14.113 [main] DEBUG org.apache.http.impl.client.TargetAuthenticationStrategy - Challenge for CredSSP authentication scheme not available
17:42:14.113 [main] DEBUG org.apache.http.impl.client.TargetAuthenticationStrategy - Challenge for Digest authentication scheme not available
17:42:14.113 [main] DEBUG org.apache.http.impl.client.DefaultHttpClient - Selected authentication options: [BASIC [complete=true]]
17:42:14.113 [main] DEBUG org.apache.http.wire -  << "49[\r][\n]"
17:42:14.113 [main] DEBUG org.apache.http.wire -  << "{"jsonrpc":"2.0","error":{"code":401,"message":"Unauthorized"},"id":null}"
17:42:14.113 [main] DEBUG org.apache.http.wire -  << "[\r][\n]"
17:42:14.113 [main] DEBUG org.apache.http.wire -  << "0[\r][\n]"
17:42:14.113 [main] DEBUG org.apache.http.wire -  << "[\r][\n]"
17:42:14.113 [main] DEBUG org.apache.http.client.protocol.RequestAddCookies - CookieSpec selected: ignoreCookies
17:42:14.113 [main] DEBUG org.apache.http.client.protocol.RequestAuthCache - Auth cache not set in the context
17:42:14.113 [main] DEBUG org.apache.http.client.protocol.RequestTargetAuthentication - Target auth state: CHALLENGED
17:42:14.113 [main] DEBUG org.apache.http.client.protocol.RequestTargetAuthentication - Generating response to an authentication challenge using basic scheme
17:42:14.113 [main] DEBUG org.apache.http.client.protocol.RequestProxyAuthentication - Proxy auth state: UNCHALLENGED
17:42:14.113 [main] DEBUG org.apache.http.impl.client.DefaultHttpClient - Attempt 2 to execute request
17:42:14.113 [main] DEBUG org.apache.http.impl.conn.DefaultClientConnection - Sending request: DELETE /jsonrpc.php HTTP/1.1
17:42:14.113 [main] DEBUG org.apache.http.wire -  >> "DELETE /jsonrpc.php HTTP/1.1[\r][\n]"
17:42:14.113 [main] DEBUG org.apache.http.wire -  >> "Accept: */*[\r][\n]"
17:42:14.113 [main] DEBUG org.apache.http.wire -  >> "Content-Type: text/plain; charset=ISO-8859-1[\r][\n]"
17:42:14.113 [main] DEBUG org.apache.http.wire -  >> "Content-Length: 73[\r][\n]"
17:42:14.113 [main] DEBUG org.apache.http.wire -  >> "Host: localhost:81[\r][\n]"
17:42:14.113 [main] DEBUG org.apache.http.wire -  >> "Connection: Keep-Alive[\r][\n]"
17:42:14.113 [main] DEBUG org.apache.http.wire -  >> "User-Agent: Apache-HttpClient/4.5.13 (Java/17)[\r][\n]"
17:42:14.113 [main] DEBUG org.apache.http.wire -  >> "Authorization: Basic YWRtaW46YWRtaW4=[\r][\n]"
17:42:14.113 [main] DEBUG org.apache.http.wire -  >> "Accept-Encoding: gzip,deflate[\r][\n]"
17:42:14.113 [main] DEBUG org.apache.http.wire -  >> "[\r][\n]"
17:42:14.113 [main] DEBUG org.apache.http.headers - >> DELETE /jsonrpc.php HTTP/1.1
17:42:14.113 [main] DEBUG org.apache.http.headers - >> Accept: */*
17:42:14.113 [main] DEBUG org.apache.http.headers - >> Content-Type: text/plain; charset=ISO-8859-1
17:42:14.113 [main] DEBUG org.apache.http.headers - >> Content-Length: 73
17:42:14.113 [main] DEBUG org.apache.http.headers - >> Host: localhost:81
17:42:14.113 [main] DEBUG org.apache.http.headers - >> Connection: Keep-Alive
17:42:14.113 [main] DEBUG org.apache.http.headers - >> User-Agent: Apache-HttpClient/4.5.13 (Java/17)
17:42:14.113 [main] DEBUG org.apache.http.headers - >> Authorization: Basic YWRtaW46YWRtaW4=
17:42:14.113 [main] DEBUG org.apache.http.headers - >> Accept-Encoding: gzip,deflate
17:42:14.113 [main] DEBUG org.apache.http.wire -  >> "{"jsonrpc":"2.0","method":"removeUser","id":234,"params":{"user_id":357}}"
17:42:14.121 [AsyncHttpClient-1-1] DEBUG org.asynchttpclient.netty.channel.DefaultChannelPool - Entry count for : http://localhost:51558 : 1
17:42:14.121 [AsyncHttpClient-1-1] DEBUG org.asynchttpclient.netty.channel.DefaultChannelPool - Entry count for : http://localhost:35191 : 1
17:42:14.121 [AsyncHttpClient-1-1] DEBUG org.asynchttpclient.netty.channel.DefaultChannelPool - Adding Candidate expired Channel [id: 0x35e478f4, L:/127.0.0.1:51567 ! R:localhost/127.0.0.1:51558] isIdleTimeoutExpired=false isRemotelyClosed=true isTtlExpired=false
17:42:14.121 [AsyncHttpClient-1-1] DEBUG org.asynchttpclient.netty.channel.DefaultChannelPool - Closing Idle Channel [id: 0x35e478f4, L:/127.0.0.1:51567 ! R:localhost/127.0.0.1:51558]
17:42:14.121 [AsyncHttpClient-1-1] DEBUG org.asynchttpclient.netty.channel.DefaultChannelPool - Closed 1 connections out of 2 in 0 ms
17:42:14.235 [main] DEBUG org.apache.http.wire -  << "HTTP/1.1 200 OK[\r][\n]"
17:42:14.235 [main] DEBUG org.apache.http.wire -  << "Server: nginx[\r][\n]"
17:42:14.235 [main] DEBUG org.apache.http.wire -  << "Date: Tue, 25 Jul 2023 14:42:14 GMT[\r][\n]"
17:42:14.235 [main] DEBUG org.apache.http.wire -  << "Content-Type: application/json[\r][\n]"
17:42:14.235 [main] DEBUG org.apache.http.wire -  << "Transfer-Encoding: chunked[\r][\n]"
17:42:14.235 [main] DEBUG org.apache.http.wire -  << "Connection: keep-alive[\r][\n]"
17:42:14.235 [main] DEBUG org.apache.http.wire -  << "Vary: Accept-Encoding[\r][\n]"
17:42:14.235 [main] DEBUG org.apache.http.wire -  << "Content-Encoding: gzip[\r][\n]"
17:42:14.235 [main] DEBUG org.apache.http.wire -  << "[\r][\n]"
17:42:14.235 [main] DEBUG org.apache.http.impl.conn.DefaultClientConnection - Receiving response: HTTP/1.1 200 OK
17:42:14.235 [main] DEBUG org.apache.http.headers - << HTTP/1.1 200 OK
17:42:14.235 [main] DEBUG org.apache.http.headers - << Server: nginx
17:42:14.235 [main] DEBUG org.apache.http.headers - << Date: Tue, 25 Jul 2023 14:42:14 GMT
17:42:14.235 [main] DEBUG org.apache.http.headers - << Content-Type: application/json
17:42:14.235 [main] DEBUG org.apache.http.headers - << Transfer-Encoding: chunked
17:42:14.235 [main] DEBUG org.apache.http.headers - << Connection: keep-alive
17:42:14.235 [main] DEBUG org.apache.http.headers - << Vary: Accept-Encoding
17:42:14.235 [main] DEBUG org.apache.http.headers - << Content-Encoding: gzip
17:42:14.236 [main] DEBUG org.apache.http.impl.client.DefaultHttpClient - Connection can be kept alive indefinitely
17:42:14.236 [main] DEBUG org.apache.http.impl.client.DefaultHttpClient - Authentication succeeded
17:42:14.236 [main] DEBUG org.apache.http.impl.client.TargetAuthenticationStrategy - Caching 'basic' auth scheme for http://localhost:81
17:42:14.236 [main] DEBUG io.restassured.internal.RestAssuredHttpBuilder - Parsing response as: application/json
17:42:14.236 [main] DEBUG org.apache.http.wire -  << "3c[\r][\n]"
17:42:14.236 [main] DEBUG org.apache.http.wire -  << "[0x1f][0x8b][0x8][0x0][0x0][0x0][0x0][0x0][0x0][0x3][0xab]V[0xca]*[0xce][0xcf]+*HV[0xb2]R2[0xd2]3P[0xd2]Q*J-.[0xcd])Q[0xb2]*)*M[0xd5]Q[0xca]LQ[0xb2]226[0xa9][0x5][0x0]q~[0x7][0xe8]([0x0][0x0][0x0]"
17:42:14.236 [main] DEBUG org.apache.http.wire -  << "[\r][\n]"
17:42:14.236 [main] DEBUG org.apache.http.wire -  << "0[\r][\n]"
17:42:14.236 [main] DEBUG org.apache.http.wire -  << "[\r][\n]"
17:42:14.236 [main] DEBUG io.restassured.internal.RestAssuredHttpBuilder - Parsed data to instance of: class org.apache.http.conn.EofSensorInputStream
17:42:14.236 [main] DEBUG org.apache.http.impl.conn.BasicClientConnectionManager - Releasing connection org.apache.http.impl.conn.ManagedClientConnectionImpl@4b16671e
17:42:14.236 [main] DEBUG org.apache.http.impl.conn.BasicClientConnectionManager - Connection can be kept alive indefinitely
{
    "jsonrpc": "2.0",
    "result": true,
    "id": 234
}
Request method:	POST
Request URI:	http://localhost:81/jsonrpc.php
Proxy:			<none>
Request params:	<none>
Query params:	<none>
Form params:	<none>
Path params:	<none>
Headers:		Accept=*/*
				Content-Type=text/plain; charset=ISO-8859-1
Cookies:		<none>
Multiparts:		<none>
Body:
{"jsonrpc":"2.0","method":"createUser","id":123123,"params":{"username":"kyryloAPITestLogin","password":"kyryloAPITestPassword","name":"kyrylo","email":"kyryloAPITest@mail.com","role":"app-manager"}}
17:42:14.247 [main] DEBUG org.apache.http.impl.conn.BasicClientConnectionManager - Get connection for route {}->http://localhost:81
17:42:14.247 [main] DEBUG org.apache.http.impl.conn.DefaultClientConnectionOperator - Connecting to localhost:81
17:42:14.248 [main] DEBUG org.apache.http.client.protocol.RequestAddCookies - CookieSpec selected: ignoreCookies
17:42:14.248 [main] DEBUG org.apache.http.client.protocol.RequestAuthCache - Auth cache not set in the context
17:42:14.248 [main] DEBUG org.apache.http.client.protocol.RequestTargetAuthentication - Target auth state: UNCHALLENGED
17:42:14.248 [main] DEBUG org.apache.http.client.protocol.RequestProxyAuthentication - Proxy auth state: UNCHALLENGED
17:42:14.248 [main] DEBUG org.apache.http.impl.client.DefaultHttpClient - Attempt 1 to execute request
17:42:14.248 [main] DEBUG org.apache.http.impl.conn.DefaultClientConnection - Sending request: POST /jsonrpc.php HTTP/1.1
17:42:14.248 [main] DEBUG org.apache.http.wire -  >> "POST /jsonrpc.php HTTP/1.1[\r][\n]"
17:42:14.248 [main] DEBUG org.apache.http.wire -  >> "Accept: */*[\r][\n]"
17:42:14.248 [main] DEBUG org.apache.http.wire -  >> "Content-Type: text/plain; charset=ISO-8859-1[\r][\n]"
17:42:14.248 [main] DEBUG org.apache.http.wire -  >> "Content-Length: 199[\r][\n]"
17:42:14.248 [main] DEBUG org.apache.http.wire -  >> "Host: localhost:81[\r][\n]"
17:42:14.248 [main] DEBUG org.apache.http.wire -  >> "Connection: Keep-Alive[\r][\n]"
17:42:14.248 [main] DEBUG org.apache.http.wire -  >> "User-Agent: Apache-HttpClient/4.5.13 (Java/17)[\r][\n]"
17:42:14.248 [main] DEBUG org.apache.http.wire -  >> "Accept-Encoding: gzip,deflate[\r][\n]"
17:42:14.248 [main] DEBUG org.apache.http.wire -  >> "[\r][\n]"
17:42:14.248 [main] DEBUG org.apache.http.headers - >> POST /jsonrpc.php HTTP/1.1
17:42:14.248 [main] DEBUG org.apache.http.headers - >> Accept: */*
17:42:14.248 [main] DEBUG org.apache.http.headers - >> Content-Type: text/plain; charset=ISO-8859-1
17:42:14.248 [main] DEBUG org.apache.http.headers - >> Content-Length: 199
17:42:14.248 [main] DEBUG org.apache.http.headers - >> Host: localhost:81
17:42:14.248 [main] DEBUG org.apache.http.headers - >> Connection: Keep-Alive
17:42:14.248 [main] DEBUG org.apache.http.headers - >> User-Agent: Apache-HttpClient/4.5.13 (Java/17)
17:42:14.248 [main] DEBUG org.apache.http.headers - >> Accept-Encoding: gzip,deflate
17:42:14.248 [main] DEBUG org.apache.http.wire -  >> "{"jsonrpc":"2.0","method":"createUser","id":123123,"params":{"username":"kyryloAPITestLogin","password":"kyryloAPITestPassword","name":"kyrylo","email":"kyryloAPITest@mail.com","role":"app-manager"}}"
17:42:14.258 [main] DEBUG org.apache.http.wire -  << "HTTP/1.1 401 Unauthorized[\r][\n]"
17:42:14.258 [main] DEBUG org.apache.http.wire -  << "Server: nginx[\r][\n]"
17:42:14.258 [main] DEBUG org.apache.http.wire -  << "Date: Tue, 25 Jul 2023 14:42:14 GMT[\r][\n]"
17:42:14.258 [main] DEBUG org.apache.http.wire -  << "Content-Type: application/json[\r][\n]"
17:42:14.258 [main] DEBUG org.apache.http.wire -  << "Transfer-Encoding: chunked[\r][\n]"
17:42:14.258 [main] DEBUG org.apache.http.wire -  << "Connection: keep-alive[\r][\n]"
17:42:14.258 [main] DEBUG org.apache.http.wire -  << "WWW-Authenticate: Basic realm="JsonRPC"[\r][\n]"
17:42:14.258 [main] DEBUG org.apache.http.wire -  << "[\r][\n]"
17:42:14.258 [main] DEBUG org.apache.http.impl.conn.DefaultClientConnection - Receiving response: HTTP/1.1 401 Unauthorized
17:42:14.258 [main] DEBUG org.apache.http.headers - << HTTP/1.1 401 Unauthorized
17:42:14.258 [main] DEBUG org.apache.http.headers - << Server: nginx
17:42:14.258 [main] DEBUG org.apache.http.headers - << Date: Tue, 25 Jul 2023 14:42:14 GMT
17:42:14.258 [main] DEBUG org.apache.http.headers - << Content-Type: application/json
17:42:14.258 [main] DEBUG org.apache.http.headers - << Transfer-Encoding: chunked
17:42:14.258 [main] DEBUG org.apache.http.headers - << Connection: keep-alive
17:42:14.258 [main] DEBUG org.apache.http.headers - << WWW-Authenticate: Basic realm="JsonRPC"
17:42:14.258 [main] DEBUG org.apache.http.impl.client.DefaultHttpClient - Connection can be kept alive indefinitely
17:42:14.258 [main] DEBUG org.apache.http.impl.client.DefaultHttpClient - Authentication required
17:42:14.258 [main] DEBUG org.apache.http.impl.client.DefaultHttpClient - localhost:81 requested authentication
17:42:14.258 [main] DEBUG org.apache.http.impl.client.TargetAuthenticationStrategy - Authentication schemes in the order of preference: [Negotiate, Kerberos, NTLM, CredSSP, Digest, Basic]
17:42:14.258 [main] DEBUG org.apache.http.impl.client.TargetAuthenticationStrategy - Challenge for Negotiate authentication scheme not available
17:42:14.258 [main] DEBUG org.apache.http.impl.client.TargetAuthenticationStrategy - Challenge for Kerberos authentication scheme not available
17:42:14.258 [main] DEBUG org.apache.http.impl.client.TargetAuthenticationStrategy - Challenge for NTLM authentication scheme not available
17:42:14.258 [main] DEBUG org.apache.http.impl.client.TargetAuthenticationStrategy - Challenge for CredSSP authentication scheme not available
17:42:14.258 [main] DEBUG org.apache.http.impl.client.TargetAuthenticationStrategy - Challenge for Digest authentication scheme not available
17:42:14.258 [main] DEBUG org.apache.http.impl.client.DefaultHttpClient - Selected authentication options: [BASIC [complete=true]]
17:42:14.258 [main] DEBUG org.apache.http.wire -  << "49[\r][\n]"
17:42:14.258 [main] DEBUG org.apache.http.wire -  << "{"jsonrpc":"2.0","error":{"code":401,"message":"Unauthorized"},"id":null}"
17:42:14.258 [main] DEBUG org.apache.http.wire -  << "[\r][\n]"
17:42:14.258 [main] DEBUG org.apache.http.wire -  << "0[\r][\n]"
17:42:14.258 [main] DEBUG org.apache.http.wire -  << "[\r][\n]"
17:42:14.258 [main] DEBUG org.apache.http.client.protocol.RequestAddCookies - CookieSpec selected: ignoreCookies
17:42:14.258 [main] DEBUG org.apache.http.client.protocol.RequestAuthCache - Auth cache not set in the context
17:42:14.258 [main] DEBUG org.apache.http.client.protocol.RequestTargetAuthentication - Target auth state: CHALLENGED
17:42:14.259 [main] DEBUG org.apache.http.client.protocol.RequestTargetAuthentication - Generating response to an authentication challenge using basic scheme
17:42:14.259 [main] DEBUG org.apache.http.client.protocol.RequestProxyAuthentication - Proxy auth state: UNCHALLENGED
17:42:14.259 [main] DEBUG org.apache.http.impl.client.DefaultHttpClient - Attempt 2 to execute request
17:42:14.259 [main] DEBUG org.apache.http.impl.conn.DefaultClientConnection - Sending request: POST /jsonrpc.php HTTP/1.1
17:42:14.259 [main] DEBUG org.apache.http.wire -  >> "POST /jsonrpc.php HTTP/1.1[\r][\n]"
17:42:14.259 [main] DEBUG org.apache.http.wire -  >> "Accept: */*[\r][\n]"
17:42:14.259 [main] DEBUG org.apache.http.wire -  >> "Content-Type: text/plain; charset=ISO-8859-1[\r][\n]"
17:42:14.259 [main] DEBUG org.apache.http.wire -  >> "Content-Length: 199[\r][\n]"
17:42:14.259 [main] DEBUG org.apache.http.wire -  >> "Host: localhost:81[\r][\n]"
17:42:14.259 [main] DEBUG org.apache.http.wire -  >> "Connection: Keep-Alive[\r][\n]"
17:42:14.259 [main] DEBUG org.apache.http.wire -  >> "User-Agent: Apache-HttpClient/4.5.13 (Java/17)[\r][\n]"
17:42:14.259 [main] DEBUG org.apache.http.wire -  >> "Authorization: Basic YWRtaW46YWRtaW4=[\r][\n]"
17:42:14.259 [main] DEBUG org.apache.http.wire -  >> "Accept-Encoding: gzip,deflate[\r][\n]"
17:42:14.259 [main] DEBUG org.apache.http.wire -  >> "[\r][\n]"
17:42:14.259 [main] DEBUG org.apache.http.headers - >> POST /jsonrpc.php HTTP/1.1
17:42:14.259 [main] DEBUG org.apache.http.headers - >> Accept: */*
17:42:14.259 [main] DEBUG org.apache.http.headers - >> Content-Type: text/plain; charset=ISO-8859-1
17:42:14.259 [main] DEBUG org.apache.http.headers - >> Content-Length: 199
17:42:14.259 [main] DEBUG org.apache.http.headers - >> Host: localhost:81
17:42:14.259 [main] DEBUG org.apache.http.headers - >> Connection: Keep-Alive
17:42:14.259 [main] DEBUG org.apache.http.headers - >> User-Agent: Apache-HttpClient/4.5.13 (Java/17)
17:42:14.259 [main] DEBUG org.apache.http.headers - >> Authorization: Basic YWRtaW46YWRtaW4=
17:42:14.259 [main] DEBUG org.apache.http.headers - >> Accept-Encoding: gzip,deflate
17:42:14.259 [main] DEBUG org.apache.http.wire -  >> "{"jsonrpc":"2.0","method":"createUser","id":123123,"params":{"username":"kyryloAPITestLogin","password":"kyryloAPITestPassword","name":"kyrylo","email":"kyryloAPITest@mail.com","role":"app-manager"}}"
17:42:14.435 [main] DEBUG org.apache.http.wire -  << "HTTP/1.1 200 OK[\r][\n]"
17:42:14.435 [main] DEBUG org.apache.http.wire -  << "Server: nginx[\r][\n]"
17:42:14.435 [main] DEBUG org.apache.http.wire -  << "Date: Tue, 25 Jul 2023 14:42:14 GMT[\r][\n]"
17:42:14.435 [main] DEBUG org.apache.http.wire -  << "Content-Type: application/json[\r][\n]"
17:42:14.435 [main] DEBUG org.apache.http.wire -  << "Transfer-Encoding: chunked[\r][\n]"
17:42:14.435 [main] DEBUG org.apache.http.wire -  << "Connection: keep-alive[\r][\n]"
17:42:14.435 [main] DEBUG org.apache.http.wire -  << "Vary: Accept-Encoding[\r][\n]"
17:42:14.435 [main] DEBUG org.apache.http.wire -  << "Content-Encoding: gzip[\r][\n]"
17:42:14.435 [main] DEBUG org.apache.http.wire -  << "[\r][\n]"
17:42:14.435 [main] DEBUG org.apache.http.impl.conn.DefaultClientConnection - Receiving response: HTTP/1.1 200 OK
17:42:14.435 [main] DEBUG org.apache.http.headers - << HTTP/1.1 200 OK
17:42:14.435 [main] DEBUG org.apache.http.headers - << Server: nginx
17:42:14.435 [main] DEBUG org.apache.http.headers - << Date: Tue, 25 Jul 2023 14:42:14 GMT
17:42:14.435 [main] DEBUG org.apache.http.headers - << Content-Type: application/json
17:42:14.435 [main] DEBUG org.apache.http.headers - << Transfer-Encoding: chunked
17:42:14.435 [main] DEBUG org.apache.http.headers - << Connection: keep-alive
17:42:14.435 [main] DEBUG org.apache.http.headers - << Vary: Accept-Encoding
17:42:14.435 [main] DEBUG org.apache.http.headers - << Content-Encoding: gzip
17:42:14.435 [main] DEBUG org.apache.http.impl.client.DefaultHttpClient - Connection can be kept alive indefinitely
17:42:14.435 [main] DEBUG org.apache.http.impl.client.DefaultHttpClient - Authentication succeeded
17:42:14.435 [main] DEBUG org.apache.http.impl.client.TargetAuthenticationStrategy - Caching 'basic' auth scheme for http://localhost:81
17:42:14.435 [main] DEBUG io.restassured.internal.RestAssuredHttpBuilder - Parsing response as: application/json
17:42:14.435 [main] DEBUG org.apache.http.wire -  << "3c[\r][\n]"
17:42:14.435 [main] DEBUG org.apache.http.wire -  << "[0x1f][0x8b][0x8][0x0][0x0][0x0][0x0][0x0][0x0][0x3][0xab]V[0xca]*[0xce][0xcf]+*HV[0xb2]R2[0xd2]3P[0xd2]Q*J-.[0xcd])Q[0xb2]26[0xb5][0xd0]Q[0xca]LQ[0xb2]242[0x6][0xa2]Z[0x0][0xe7][0x18][0xd6][0xf1]*[0x0][0x0][0x0]"
17:42:14.435 [main] DEBUG org.apache.http.wire -  << "[\r][\n]"
17:42:14.435 [main] DEBUG org.apache.http.wire -  << "0[\r][\n]"
17:42:14.435 [main] DEBUG org.apache.http.wire -  << "[\r][\n]"
17:42:14.435 [main] DEBUG io.restassured.internal.RestAssuredHttpBuilder - Parsed data to instance of: class org.apache.http.conn.EofSensorInputStream
17:42:14.437 [main] DEBUG org.apache.http.impl.conn.BasicClientConnectionManager - Releasing connection org.apache.http.impl.conn.ManagedClientConnectionImpl@d278065
17:42:14.437 [main] DEBUG org.apache.http.impl.conn.BasicClientConnectionManager - Connection can be kept alive indefinitely
{
    "jsonrpc": "2.0",
    "result": 358,
    "id": 123123
}
17:42:14.439 [Forwarding getTitle on session 316471cf553e56b08f4309dc15f66dfd to remote] DEBUG org.asynchttpclient.netty.request.NettyRequestSender - Using pooled Channel '[id: 0x0e0ec21e, L:/127.0.0.1:51557 - R:localhost/127.0.0.1:35191]' for 'GET' to 'http://localhost:35191/session/316471cf553e56b08f4309dc15f66dfd/title'
17:42:14.439 [Forwarding getTitle on session 316471cf553e56b08f4309dc15f66dfd to remote] DEBUG org.asynchttpclient.netty.request.NettyRequestSender - Using open Channel [id: 0x0e0ec21e, L:/127.0.0.1:51557 - R:localhost/127.0.0.1:35191] for GET '/session/316471cf553e56b08f4309dc15f66dfd/title'
17:42:14.440 [AsyncHttpClient-1-14] DEBUG org.asynchttpclient.netty.handler.HttpHandler - 

Request DefaultFullHttpRequest(decodeResult: success, version: HTTP/1.1, content: EmptyByteBufBE)
GET /session/316471cf553e56b08f4309dc15f66dfd/title HTTP/1.1
User-Agent: selenium/4.9.1 (java windows)
Cache-Control: no-cache
Content-Type: application/json; charset=utf-8
host: localhost:35191
accept: */*

Response DefaultHttpResponse(decodeResult: success, version: HTTP/1.1)
HTTP/1.1 404 Not Found
Content-Length: 831
Content-Type: application/json; charset=utf-8
cache-control: no-cache

17:42:14.441 [AsyncHttpClient-1-14] DEBUG org.asynchttpclient.netty.channel.ChannelManager - Adding key: http://localhost:35191 for channel [id: 0x0e0ec21e, L:/127.0.0.1:51557 - R:localhost/127.0.0.1:35191]
17:42:14.442 [main] DEBUG com.codeborne.selenide.drivercommands.BrowserHealthChecker - Browser session is not found
org.openqa.selenium.NoSuchSessionException: invalid session id
Build info: version: '4.9.1', revision: 'eb2032df7f'
System info: os.name: 'Windows 10', os.arch: 'amd64', os.version: '10.0', java.version: '17'
Driver info: org.openqa.selenium.chrome.ChromeDriver
Command: [316471cf553e56b08f4309dc15f66dfd, getTitle {}]
Capabilities {acceptInsecureCerts: true, browserName: chrome, browserVersion: 114.0.5735.199, chrome: {chromedriverVersion: 114.0.5735.90 (386bc09e8f4f..., userDataDir: C:\Users\KFA24~1.SHM\AppDat...}, goog:chromeOptions: {debuggerAddress: localhost:51558}, networkConnectionEnabled: false, pageLoadStrategy: normal, platformName: windows, proxy: Proxy(), se:cdp: ws://localhost:51558/devtoo..., se:cdpVersion: 114.0.5735.199, setWindowRect: true, strictFileInteractability: false, timeouts: {implicit: 0, pageLoad: 300000, script: 30000}, unhandledPromptBehavior: accept, webauthn:extension:credBlob: true, webauthn:extension:largeBlob: true, webauthn:extension:minPinLength: true, webauthn:extension:prf: true, webauthn:virtualAuthenticators: true}
Session ID: 316471cf553e56b08f4309dc15f66dfd
	at java.base/jdk.internal.reflect.NativeConstructorAccessorImpl.newInstance0(Native Method)
	at java.base/jdk.internal.reflect.NativeConstructorAccessorImpl.newInstance(NativeConstructorAccessorImpl.java:77)
	at java.base/jdk.internal.reflect.DelegatingConstructorAccessorImpl.newInstance(DelegatingConstructorAccessorImpl.java:45)
	at java.base/java.lang.reflect.Constructor.newInstanceWithCaller(Constructor.java:499)
	at java.base/java.lang.reflect.Constructor.newInstance(Constructor.java:480)
	at org.openqa.selenium.remote.codec.w3c.W3CHttpResponseCodec.createException(W3CHttpResponseCodec.java:200)
	at org.openqa.selenium.remote.codec.w3c.W3CHttpResponseCodec.decode(W3CHttpResponseCodec.java:133)
	at org.openqa.selenium.remote.codec.w3c.W3CHttpResponseCodec.decode(W3CHttpResponseCodec.java:53)
	at org.openqa.selenium.remote.HttpCommandExecutor.execute(HttpCommandExecutor.java:193)
	at org.openqa.selenium.remote.service.DriverCommandExecutor.invokeExecute(DriverCommandExecutor.java:183)
	at org.openqa.selenium.remote.service.DriverCommandExecutor.execute(DriverCommandExecutor.java:158)
	at org.openqa.selenium.remote.RemoteWebDriver.execute(RemoteWebDriver.java:543)
	at org.openqa.selenium.remote.RemoteWebDriver.execute(RemoteWebDriver.java:598)
	at org.openqa.selenium.remote.RemoteWebDriver.execute(RemoteWebDriver.java:602)
	at org.openqa.selenium.remote.RemoteWebDriver.getTitle(RemoteWebDriver.java:302)
	at com.codeborne.selenide.drivercommands.BrowserHealthChecker.isBrowserStillOpen(BrowserHealthChecker.java:19)
	at com.codeborne.selenide.impl.WebDriverThreadLocalContainer.getAndCheckWebDriver(WebDriverThreadLocalContainer.java:158)
	at com.codeborne.selenide.WebDriverRunner.getAndCheckWebDriver(WebDriverRunner.java:130)
	at com.codeborne.selenide.impl.StaticDriver.getAndCheckWebDriver(StaticDriver.java:65)
	at com.codeborne.selenide.SelenideDriver.getAndCheckWebDriver(SelenideDriver.java:220)
	at com.codeborne.selenide.drivercommands.Navigator.lambda$navigateTo$0(Navigator.java:72)
	at com.codeborne.selenide.logevents.SelenideLogger.lambda$run$0(SelenideLogger.java:105)
	at com.codeborne.selenide.logevents.SelenideLogger.wrap(SelenideLogger.java:133)
	at com.codeborne.selenide.logevents.SelenideLogger.run(SelenideLogger.java:104)
	at com.codeborne.selenide.drivercommands.Navigator.navigateTo(Navigator.java:70)
	at com.codeborne.selenide.drivercommands.Navigator.open(Navigator.java:32)
	at com.codeborne.selenide.SelenideDriver.open(SelenideDriver.java:101)
	at com.codeborne.selenide.Selenide.open(Selenide.java:53)
	at UI.tests.BaseUITest.setUp(BaseUITest.java:25)
	at java.base/jdk.internal.reflect.NativeMethodAccessorImpl.invoke0(Native Method)
	at java.base/jdk.internal.reflect.NativeMethodAccessorImpl.invoke(NativeMethodAccessorImpl.java:77)
	at java.base/jdk.internal.reflect.DelegatingMethodAccessorImpl.invoke(DelegatingMethodAccessorImpl.java:43)
	at java.base/java.lang.reflect.Method.invoke(Method.java:568)
	at org.testng.internal.invokers.MethodInvocationHelper.invokeMethod(MethodInvocationHelper.java:139)
	at org.testng.internal.invokers.MethodInvocationHelper.invokeMethodConsideringTimeout(MethodInvocationHelper.java:69)
	at org.testng.internal.invokers.ConfigInvoker.invokeConfigurationMethod(ConfigInvoker.java:361)
	at org.testng.internal.invokers.ConfigInvoker.invokeConfigurations(ConfigInvoker.java:296)
	at org.testng.internal.invokers.TestInvoker.runConfigMethods(TestInvoker.java:823)
	at org.testng.internal.invokers.TestInvoker.invokeMethod(TestInvoker.java:590)
	at org.testng.internal.invokers.TestInvoker.invokeTestMethod(TestInvoker.java:221)
	at org.testng.internal.invokers.MethodRunner.runInSequence(MethodRunner.java:50)
	at org.testng.internal.invokers.TestInvoker$MethodInvocationAgent.invoke(TestInvoker.java:969)
	at org.testng.internal.invokers.TestInvoker.invokeTestMethods(TestInvoker.java:194)
	at org.testng.internal.invokers.TestMethodWorker.invokeTestMethods(TestMethodWorker.java:148)
	at org.testng.internal.invokers.TestMethodWorker.run(TestMethodWorker.java:128)
	at java.base/java.util.ArrayList.forEach(ArrayList.java:1511)
	at org.testng.TestRunner.privateRun(TestRunner.java:829)
	at org.testng.TestRunner.run(TestRunner.java:602)
	at org.testng.SuiteRunner.runTest(SuiteRunner.java:437)
	at org.testng.SuiteRunner.runSequentially(SuiteRunner.java:431)
	at org.testng.SuiteRunner.privateRun(SuiteRunner.java:391)
	at org.testng.SuiteRunner.run(SuiteRunner.java:330)
	at org.testng.SuiteRunnerWorker.runSuite(SuiteRunnerWorker.java:52)
	at org.testng.SuiteRunnerWorker.run(SuiteRunnerWorker.java:95)
	at org.testng.TestNG.runSuitesSequentially(TestNG.java:1256)
	at org.testng.TestNG.runSuitesLocally(TestNG.java:1176)
	at org.testng.TestNG.runSuites(TestNG.java:1099)
	at org.testng.TestNG.run(TestNG.java:1067)
	at org.apache.maven.surefire.testng.TestNGExecutor.run(TestNGExecutor.java:324)
	at org.apache.maven.surefire.testng.TestNGXmlTestSuite.execute(TestNGXmlTestSuite.java:74)
	at org.apache.maven.surefire.testng.TestNGProvider.invoke(TestNGProvider.java:123)
	at org.apache.maven.surefire.booter.ForkedBooter.runSuitesInProcess(ForkedBooter.java:456)
	at org.apache.maven.surefire.booter.ForkedBooter.execute(ForkedBooter.java:169)
	at org.apache.maven.surefire.booter.ForkedBooter.run(ForkedBooter.java:595)
	at org.apache.maven.surefire.booter.ForkedBooter.main(ForkedBooter.java:581)
17:42:14.442 [main] INFO com.codeborne.selenide.impl.WebDriverThreadLocalContainer - Webdriver has been closed meanwhile. Let's re-create it.
17:42:14.443 [main] INFO com.codeborne.selenide.impl.FileHelper - Deleted empty folder: C:\Users\k.shmana\Desktop\r_d\Kanboard\build\downloads\1690296132033_10268_1
17:42:14.443 [main] INFO com.codeborne.selenide.drivercommands.CloseDriverCommand - Close webdriver: 1 -> ChromeDriver: chrome on windows (316471cf553e56b08f4309dc15f66dfd)...
17:42:14.443 [Driver Command Executor] DEBUG org.asynchttpclient.netty.request.NettyRequestSender - Using pooled Channel '[id: 0x0e0ec21e, L:/127.0.0.1:51557 - R:localhost/127.0.0.1:35191]' for 'DELETE' to 'http://localhost:35191/session/316471cf553e56b08f4309dc15f66dfd'
17:42:14.443 [Driver Command Executor] DEBUG org.asynchttpclient.netty.request.NettyRequestSender - Using open Channel [id: 0x0e0ec21e, L:/127.0.0.1:51557 - R:localhost/127.0.0.1:35191] for DELETE '/session/316471cf553e56b08f4309dc15f66dfd'
17:42:14.445 [AsyncHttpClient-1-14] DEBUG org.asynchttpclient.netty.handler.HttpHandler - 

Request DefaultFullHttpRequest(decodeResult: success, version: HTTP/1.1, content: EmptyByteBufBE)
DELETE /session/316471cf553e56b08f4309dc15f66dfd HTTP/1.1
User-Agent: selenium/4.9.1 (java windows)
Content-Type: application/json; charset=utf-8
host: localhost:35191
accept: */*

Response DefaultHttpResponse(decodeResult: success, version: HTTP/1.1)
HTTP/1.1 200 OK
Content-Length: 14
Content-Type: application/json; charset=utf-8
cache-control: no-cache

17:42:14.445 [AsyncHttpClient-1-14] DEBUG org.asynchttpclient.netty.channel.ChannelManager - Adding key: http://localhost:35191 for channel [id: 0x0e0ec21e, L:/127.0.0.1:51557 - R:localhost/127.0.0.1:35191]
17:42:14.448 [AsyncHttpClient-1-14] DEBUG org.asynchttpclient.netty.handler.HttpHandler - Channel Closed: [id: 0x0e0ec21e, L:/127.0.0.1:51557 ! R:localhost/127.0.0.1:35191] with attribute DISCARD
17:42:14.506 [main] INFO com.codeborne.selenide.drivercommands.CloseDriverCommand - Closed webdriver 1 in 63 ms
17:42:14.506 [main] INFO com.codeborne.selenide.drivercommands.DisposablesRegistry - Unregister WebDriverInstance[config=StaticConfig,webDriver=ChromeDriver: chrome on windows (null),proxy=null,downloadsFolder=C:\Users\k.shmana\Desktop\r_d\Kanboard\build\downloads\1690296132033_10268_1] in 1 [size=0]
17:42:14.507 [main] DEBUG com.codeborne.selenide.drivercommands.CreateDriverCommand - Creating webdriver in thread 1 (ip: 192.168.195.23, host: N-KV-TYCH1O-F81)...
17:42:14.508 [main] INFO com.codeborne.selenide.impl.FileHelper - Creating folder: C:\Users\k.shmana\Desktop\r_d\Kanboard\build\downloads\1690296134507_10268_1
17:42:14.508 [main] DEBUG com.codeborne.selenide.webdriver.WebDriverFactory - browser=chrome
17:42:14.508 [main] DEBUG com.codeborne.selenide.webdriver.WebDriverFactory - browser.version=null
17:42:14.508 [main] DEBUG com.codeborne.selenide.webdriver.WebDriverFactory - remote=null
17:42:14.508 [main] DEBUG com.codeborne.selenide.webdriver.WebDriverFactory - browserSize=1366x768
17:42:14.508 [main] DEBUG com.codeborne.selenide.webdriver.WebDriverFactory - downloadsFolder=C:\Users\k.shmana\Desktop\r_d\Kanboard\build\downloads\1690296134507_10268_1
17:42:14.509 [main] DEBUG com.codeborne.selenide.webdriver.AbstractChromiumDriverFactory - Using chromium preferences: {credentials_enable_service=false, safebrowsing.enabled=true, plugins.always_open_pdf_externally=true, profile.default_content_setting_values.automatic_downloads=1, download.default_directory=C:\Users\k.shmana\Desktop\r_d\Kanboard\build\downloads\1690296134507_10268_1}
17:42:14.509 [main] DEBUG com.codeborne.selenide.webdriver.ChromeDriverFactory - Chrome options: Capabilities {acceptInsecureCerts: true, browserName: chrome, goog:chromeOptions: {args: [--remote-allow-origins=*, --proxy-bypass-list=<-loopb..., --disable-dev-shm-usage, --window-size=1366,768], excludeSwitches: [enable-automation, load-extension], extensions: [], prefs: {credentials_enable_service: false, download.default_directory: C:\Users\k.shmana\Desktop\r..., plugins.always_open_pdf_externally: true, profile.default_content_setting_values.automatic_downloads: 1, safebrowsing.enabled: true}}, pageLoadStrategy: normal, unhandledPromptBehavior: accept}
17:42:14.514 [main] INFO com.codeborne.selenide.webdriver.SelenideNettyClientFactory - Changed readTimeout from PT3M to PT1M30S
17:42:14.620 [AsyncHttpClient-1-17] DEBUG org.asynchttpclient.netty.channel.NettyConnectListener - Using new Channel '[id: 0x74103f2e, L:/127.0.0.1:51583 - R:localhost/127.0.0.1:42437]' for 'POST' to '/session'
17:42:15.231 [AsyncHttpClient-1-1] DEBUG org.asynchttpclient.netty.channel.DefaultChannelPool - Entry count for : http://localhost:35191 : 1
17:42:15.231 [AsyncHttpClient-1-1] DEBUG org.asynchttpclient.netty.channel.DefaultChannelPool - Adding Candidate expired Channel [id: 0x0e0ec21e, L:/127.0.0.1:51557 ! R:localhost/127.0.0.1:35191] isIdleTimeoutExpired=false isRemotelyClosed=true isTtlExpired=false
17:42:15.231 [AsyncHttpClient-1-1] DEBUG org.asynchttpclient.netty.channel.DefaultChannelPool - Closing Idle Channel [id: 0x0e0ec21e, L:/127.0.0.1:51557 ! R:localhost/127.0.0.1:35191]
17:42:15.231 [AsyncHttpClient-1-1] DEBUG org.asynchttpclient.netty.channel.DefaultChannelPool - Closed 1 connections out of 1 in 0 ms
17:42:15.598 [AsyncHttpClient-1-17] DEBUG org.asynchttpclient.netty.handler.HttpHandler - 

Request DefaultHttpRequest(decodeResult: success, version: HTTP/1.1)
POST /session HTTP/1.1
User-Agent: selenium/4.9.1 (java windows)
Content-Length: 996
Content-Type: application/json; charset=utf-8
host: localhost:42437
accept: */*

Response DefaultHttpResponse(decodeResult: success, version: HTTP/1.1)
HTTP/1.1 200 OK
Content-Length: 852
Content-Type: application/json; charset=utf-8
cache-control: no-cache

17:42:15.598 [AsyncHttpClient-1-17] DEBUG org.asynchttpclient.netty.channel.ChannelManager - Adding key: http://localhost:42437 for channel [id: 0x74103f2e, L:/127.0.0.1:51583 - R:localhost/127.0.0.1:42437]
17:42:15.605 [main] INFO com.codeborne.selenide.webdriver.SelenideNettyClientFactory - Changed readTimeout from PT3M to PT1M30S
17:42:15.607 [AsyncHttpClient-1-2] DEBUG org.asynchttpclient.netty.channel.NettyConnectListener - Using new Channel '[id: 0x95eee652, L:/127.0.0.1:51593 - R:localhost/127.0.0.1:51584]' for 'GET' to '/json/version'
17:42:15.608 [AsyncHttpClient-1-2] DEBUG org.asynchttpclient.netty.handler.HttpHandler - 

Request DefaultFullHttpRequest(decodeResult: success, version: HTTP/1.1, content: EmptyByteBufBE)
GET /json/version HTTP/1.1
User-Agent: selenium/4.9.1 (java windows)
host: localhost:51584
accept: */*

Response DefaultHttpResponse(decodeResult: success, version: HTTP/1.1)
HTTP/1.1 200 OK
Content-Security-Policy: frame-ancestors 'none'
Content-Length: 424
Content-Type: application/json; charset=UTF-8

17:42:15.609 [AsyncHttpClient-1-2] DEBUG org.asynchttpclient.netty.channel.ChannelManager - Adding key: http://localhost:51584 for channel [id: 0x95eee652, L:/127.0.0.1:51593 - R:localhost/127.0.0.1:51584]
17:42:15.610 [main] INFO com.codeborne.selenide.webdriver.SelenideNettyClientFactory - Changed readTimeout from PT3M to PT1M30S
17:42:15.613 [AsyncHttpClient-1-3] DEBUG org.asynchttpclient.netty.channel.NettyConnectListener - Using new Channel '[id: 0x8718c97b, L:/127.0.0.1:51594 - R:localhost/127.0.0.1:51584]' for 'GET' to '/devtools/browser/0731a603-78cd-496a-ac09-f7ef5c00d0c1'
17:42:15.614 [AsyncHttpClient-1-3] DEBUG org.asynchttpclient.netty.handler.WebSocketHandler - 

Request DefaultFullHttpRequest(decodeResult: success, version: HTTP/1.1, content: EmptyByteBufBE)
GET /devtools/browser/0731a603-78cd-496a-ac09-f7ef5c00d0c1 HTTP/1.1
upgrade: websocket
connection: upgrade
sec-websocket-key: bBCAxb42B/mn0N7o4z1W8g==
sec-websocket-version: 13
origin: http://localhost:51584
host: localhost:51584
accept: */*
user-agent: AHC/2.1

Response DefaultHttpResponse(decodeResult: success, version: HTTP/1.1)
HTTP/1.1 101 WebSocket Protocol Handshake
Upgrade: WebSocket
Connection: Upgrade
Sec-WebSocket-Accept: UXVZsr3eM0WS3PT1ZjON9M2Y90A=

17:42:15.620 [Forwarding setTimeout on session 9611c7ddf5bc2e045c12b9c3f9abdc8f to remote] DEBUG org.asynchttpclient.netty.request.NettyRequestSender - Using pooled Channel '[id: 0x74103f2e, L:/127.0.0.1:51583 - R:localhost/127.0.0.1:42437]' for 'POST' to 'http://localhost:42437/session/9611c7ddf5bc2e045c12b9c3f9abdc8f/timeouts'
17:42:15.620 [Forwarding setTimeout on session 9611c7ddf5bc2e045c12b9c3f9abdc8f to remote] DEBUG org.asynchttpclient.netty.request.NettyRequestSender - Using open Channel [id: 0x74103f2e, L:/127.0.0.1:51583 - R:localhost/127.0.0.1:42437] for POST '/session/9611c7ddf5bc2e045c12b9c3f9abdc8f/timeouts'
17:42:15.621 [AsyncHttpClient-1-17] DEBUG org.asynchttpclient.netty.handler.HttpHandler - 

Request DefaultHttpRequest(decodeResult: success, version: HTTP/1.1)
POST /session/9611c7ddf5bc2e045c12b9c3f9abdc8f/timeouts HTTP/1.1
User-Agent: selenium/4.9.1 (java windows)
Content-Length: 23
Content-Type: application/json; charset=utf-8
host: localhost:42437
accept: */*

Response DefaultHttpResponse(decodeResult: success, version: HTTP/1.1)
HTTP/1.1 200 OK
Content-Length: 14
Content-Type: application/json; charset=utf-8
cache-control: no-cache

17:42:15.622 [AsyncHttpClient-1-17] DEBUG org.asynchttpclient.netty.channel.ChannelManager - Adding key: http://localhost:42437 for channel [id: 0x74103f2e, L:/127.0.0.1:51583 - R:localhost/127.0.0.1:42437]
17:42:15.622 [main] INFO com.codeborne.selenide.webdriver.WebDriverFactory - BrowserName=chrome Version=114.0.5735.199 Platform=windows
17:42:15.622 [main] INFO com.codeborne.selenide.webdriver.WebDriverFactory - Selenide v. 6.15.0
17:42:15.622 [main] INFO com.codeborne.selenide.webdriver.WebDriverFactory - Selenium WebDriver v. 4.9.1 build revision: eb2032df7f
17:42:15.622 [main] INFO com.codeborne.selenide.drivercommands.CreateDriverCommand - Created webdriver in thread 1: ChromeDriver -> ChromeDriver: chrome on windows (9611c7ddf5bc2e045c12b9c3f9abdc8f)
17:42:15.622 [main] INFO com.codeborne.selenide.drivercommands.DisposablesRegistry - Register WebDriverInstance[config=StaticConfig,webDriver=ChromeDriver: chrome on windows (9611c7ddf5bc2e045c12b9c3f9abdc8f),proxy=null,downloadsFolder=C:\Users\k.shmana\Desktop\r_d\Kanboard\build\downloads\1690296134507_10268_1] in 1 [size=1]
17:42:15.623 [Forwarding get on session 9611c7ddf5bc2e045c12b9c3f9abdc8f to remote] DEBUG org.asynchttpclient.netty.request.NettyRequestSender - Using pooled Channel '[id: 0x74103f2e, L:/127.0.0.1:51583 - R:localhost/127.0.0.1:42437]' for 'POST' to 'http://localhost:42437/session/9611c7ddf5bc2e045c12b9c3f9abdc8f/url'
17:42:15.623 [Forwarding get on session 9611c7ddf5bc2e045c12b9c3f9abdc8f to remote] DEBUG org.asynchttpclient.netty.request.NettyRequestSender - Using open Channel [id: 0x74103f2e, L:/127.0.0.1:51583 - R:localhost/127.0.0.1:42437] for POST '/session/9611c7ddf5bc2e045c12b9c3f9abdc8f/url'
17:42:15.875 [AsyncHttpClient-1-17] DEBUG org.asynchttpclient.netty.handler.HttpHandler - 

Request DefaultHttpRequest(decodeResult: success, version: HTTP/1.1)
POST /session/9611c7ddf5bc2e045c12b9c3f9abdc8f/url HTTP/1.1
User-Agent: selenium/4.9.1 (java windows)
Content-Length: 55
Content-Type: application/json; charset=utf-8
host: localhost:42437
accept: */*

Response DefaultHttpResponse(decodeResult: success, version: HTTP/1.1)
HTTP/1.1 200 OK
Content-Length: 14
Content-Type: application/json; charset=utf-8
cache-control: no-cache

17:42:15.875 [AsyncHttpClient-1-17] DEBUG org.asynchttpclient.netty.channel.ChannelManager - Adding key: http://localhost:42437 for channel [id: 0x74103f2e, L:/127.0.0.1:51583 - R:localhost/127.0.0.1:42437]
17:42:15.881 [Forwarding findElement on session 9611c7ddf5bc2e045c12b9c3f9abdc8f to remote] DEBUG org.asynchttpclient.netty.request.NettyRequestSender - Using pooled Channel '[id: 0x74103f2e, L:/127.0.0.1:51583 - R:localhost/127.0.0.1:42437]' for 'POST' to 'http://localhost:42437/session/9611c7ddf5bc2e045c12b9c3f9abdc8f/element'
17:42:15.881 [Forwarding findElement on session 9611c7ddf5bc2e045c12b9c3f9abdc8f to remote] DEBUG org.asynchttpclient.netty.request.NettyRequestSender - Using open Channel [id: 0x74103f2e, L:/127.0.0.1:51583 - R:localhost/127.0.0.1:42437] for POST '/session/9611c7ddf5bc2e045c12b9c3f9abdc8f/element'
17:42:15.904 [AsyncHttpClient-1-17] DEBUG org.asynchttpclient.netty.handler.HttpHandler - 

Request DefaultHttpRequest(decodeResult: success, version: HTTP/1.1)
POST /session/9611c7ddf5bc2e045c12b9c3f9abdc8f/element HTTP/1.1
User-Agent: selenium/4.9.1 (java windows)
Content-Length: 75
Content-Type: application/json; charset=utf-8
host: localhost:42437
accept: */*

Response DefaultHttpResponse(decodeResult: success, version: HTTP/1.1)
HTTP/1.1 200 OK
Content-Length: 94
Content-Type: application/json; charset=utf-8
cache-control: no-cache

17:42:15.904 [AsyncHttpClient-1-17] DEBUG org.asynchttpclient.netty.channel.ChannelManager - Adding key: http://localhost:42437 for channel [id: 0x74103f2e, L:/127.0.0.1:51583 - R:localhost/127.0.0.1:42437]
17:42:15.911 [Forwarding sendKeysToElement on session 9611c7ddf5bc2e045c12b9c3f9abdc8f to remote] DEBUG org.asynchttpclient.netty.request.NettyRequestSender - Using pooled Channel '[id: 0x74103f2e, L:/127.0.0.1:51583 - R:localhost/127.0.0.1:42437]' for 'POST' to 'http://localhost:42437/session/9611c7ddf5bc2e045c12b9c3f9abdc8f/element/E338A2A1FE770E01C951AEF503BB329D_element_2/value'
17:42:15.911 [Forwarding sendKeysToElement on session 9611c7ddf5bc2e045c12b9c3f9abdc8f to remote] DEBUG org.asynchttpclient.netty.request.NettyRequestSender - Using open Channel [id: 0x74103f2e, L:/127.0.0.1:51583 - R:localhost/127.0.0.1:42437] for POST '/session/9611c7ddf5bc2e045c12b9c3f9abdc8f/element/E338A2A1FE770E01C951AEF503BB329D_element_2/value'
17:42:15.992 [AsyncHttpClient-1-17] DEBUG org.asynchttpclient.netty.handler.HttpHandler - 

Request DefaultHttpRequest(decodeResult: success, version: HTTP/1.1)
POST /session/9611c7ddf5bc2e045c12b9c3f9abdc8f/element/E338A2A1FE770E01C951AEF503BB329D_element_2/value HTTP/1.1
User-Agent: selenium/4.9.1 (java windows)
Content-Length: 267
Content-Type: application/json; charset=utf-8
host: localhost:42437
accept: */*

Response DefaultHttpResponse(decodeResult: success, version: HTTP/1.1)
HTTP/1.1 200 OK
Content-Length: 14
Content-Type: application/json; charset=utf-8
cache-control: no-cache

17:42:15.992 [AsyncHttpClient-1-17] DEBUG org.asynchttpclient.netty.channel.ChannelManager - Adding key: http://localhost:42437 for channel [id: 0x74103f2e, L:/127.0.0.1:51583 - R:localhost/127.0.0.1:42437]
17:42:15.994 [Forwarding findElement on session 9611c7ddf5bc2e045c12b9c3f9abdc8f to remote] DEBUG org.asynchttpclient.netty.request.NettyRequestSender - Using pooled Channel '[id: 0x74103f2e, L:/127.0.0.1:51583 - R:localhost/127.0.0.1:42437]' for 'POST' to 'http://localhost:42437/session/9611c7ddf5bc2e045c12b9c3f9abdc8f/element'
17:42:15.994 [Forwarding findElement on session 9611c7ddf5bc2e045c12b9c3f9abdc8f to remote] DEBUG org.asynchttpclient.netty.request.NettyRequestSender - Using open Channel [id: 0x74103f2e, L:/127.0.0.1:51583 - R:localhost/127.0.0.1:42437] for POST '/session/9611c7ddf5bc2e045c12b9c3f9abdc8f/element'
17:42:16.014 [AsyncHttpClient-1-17] DEBUG org.asynchttpclient.netty.handler.HttpHandler - 

Request DefaultHttpRequest(decodeResult: success, version: HTTP/1.1)
POST /session/9611c7ddf5bc2e045c12b9c3f9abdc8f/element HTTP/1.1
User-Agent: selenium/4.9.1 (java windows)
Content-Length: 75
Content-Type: application/json; charset=utf-8
host: localhost:42437
accept: */*

Response DefaultHttpResponse(decodeResult: success, version: HTTP/1.1)
HTTP/1.1 200 OK
Content-Length: 94
Content-Type: application/json; charset=utf-8
cache-control: no-cache

17:42:16.014 [AsyncHttpClient-1-17] DEBUG org.asynchttpclient.netty.channel.ChannelManager - Adding key: http://localhost:42437 for channel [id: 0x74103f2e, L:/127.0.0.1:51583 - R:localhost/127.0.0.1:42437]
17:42:16.016 [Forwarding sendKeysToElement on session 9611c7ddf5bc2e045c12b9c3f9abdc8f to remote] DEBUG org.asynchttpclient.netty.request.NettyRequestSender - Using pooled Channel '[id: 0x74103f2e, L:/127.0.0.1:51583 - R:localhost/127.0.0.1:42437]' for 'POST' to 'http://localhost:42437/session/9611c7ddf5bc2e045c12b9c3f9abdc8f/element/E338A2A1FE770E01C951AEF503BB329D_element_4/value'
17:42:16.016 [Forwarding sendKeysToElement on session 9611c7ddf5bc2e045c12b9c3f9abdc8f to remote] DEBUG org.asynchttpclient.netty.request.NettyRequestSender - Using open Channel [id: 0x74103f2e, L:/127.0.0.1:51583 - R:localhost/127.0.0.1:42437] for POST '/session/9611c7ddf5bc2e045c12b9c3f9abdc8f/element/E338A2A1FE770E01C951AEF503BB329D_element_4/value'
17:42:16.112 [AsyncHttpClient-1-17] DEBUG org.asynchttpclient.netty.handler.HttpHandler - 

Request DefaultHttpRequest(decodeResult: success, version: HTTP/1.1)
POST /session/9611c7ddf5bc2e045c12b9c3f9abdc8f/element/E338A2A1FE770E01C951AEF503BB329D_element_4/value HTTP/1.1
User-Agent: selenium/4.9.1 (java windows)
Content-Length: 117
Content-Type: application/json; charset=utf-8
host: localhost:42437
accept: */*

Response DefaultHttpResponse(decodeResult: success, version: HTTP/1.1)
HTTP/1.1 200 OK
Content-Length: 14
Content-Type: application/json; charset=utf-8
cache-control: no-cache

17:42:16.112 [AsyncHttpClient-1-17] DEBUG org.asynchttpclient.netty.channel.ChannelManager - Adding key: http://localhost:42437 for channel [id: 0x74103f2e, L:/127.0.0.1:51583 - R:localhost/127.0.0.1:42437]
17:42:16.114 [Forwarding findElement on session 9611c7ddf5bc2e045c12b9c3f9abdc8f to remote] DEBUG org.asynchttpclient.netty.request.NettyRequestSender - Using pooled Channel '[id: 0x74103f2e, L:/127.0.0.1:51583 - R:localhost/127.0.0.1:42437]' for 'POST' to 'http://localhost:42437/session/9611c7ddf5bc2e045c12b9c3f9abdc8f/element'
17:42:16.114 [Forwarding findElement on session 9611c7ddf5bc2e045c12b9c3f9abdc8f to remote] DEBUG org.asynchttpclient.netty.request.NettyRequestSender - Using open Channel [id: 0x74103f2e, L:/127.0.0.1:51583 - R:localhost/127.0.0.1:42437] for POST '/session/9611c7ddf5bc2e045c12b9c3f9abdc8f/element'
17:42:16.131 [AsyncHttpClient-1-17] DEBUG org.asynchttpclient.netty.handler.HttpHandler - 

Request DefaultHttpRequest(decodeResult: success, version: HTTP/1.1)
POST /session/9611c7ddf5bc2e045c12b9c3f9abdc8f/element HTTP/1.1
User-Agent: selenium/4.9.1 (java windows)
Content-Length: 73
Content-Type: application/json; charset=utf-8
host: localhost:42437
accept: */*

Response DefaultHttpResponse(decodeResult: success, version: HTTP/1.1)
HTTP/1.1 200 OK
Content-Length: 94
Content-Type: application/json; charset=utf-8
cache-control: no-cache

17:42:16.131 [AsyncHttpClient-1-17] DEBUG org.asynchttpclient.netty.channel.ChannelManager - Adding key: http://localhost:42437 for channel [id: 0x74103f2e, L:/127.0.0.1:51583 - R:localhost/127.0.0.1:42437]
17:42:16.135 [Forwarding isElementDisplayed on session 9611c7ddf5bc2e045c12b9c3f9abdc8f to remote] DEBUG org.asynchttpclient.netty.request.NettyRequestSender - Using pooled Channel '[id: 0x74103f2e, L:/127.0.0.1:51583 - R:localhost/127.0.0.1:42437]' for 'POST' to 'http://localhost:42437/session/9611c7ddf5bc2e045c12b9c3f9abdc8f/execute/sync'
17:42:16.135 [Forwarding isElementDisplayed on session 9611c7ddf5bc2e045c12b9c3f9abdc8f to remote] DEBUG org.asynchttpclient.netty.request.NettyRequestSender - Using open Channel [id: 0x74103f2e, L:/127.0.0.1:51583 - R:localhost/127.0.0.1:42437] for POST '/session/9611c7ddf5bc2e045c12b9c3f9abdc8f/execute/sync'
17:42:16.156 [AsyncHttpClient-1-17] DEBUG org.asynchttpclient.netty.handler.HttpHandler - 

Request DefaultHttpRequest(decodeResult: success, version: HTTP/1.1)
POST /session/9611c7ddf5bc2e045c12b9c3f9abdc8f/execute/sync HTTP/1.1
User-Agent: selenium/4.9.1 (java windows)
Content-Length: 48813
Content-Type: application/json; charset=utf-8
host: localhost:42437
accept: */*

Response DefaultHttpResponse(decodeResult: success, version: HTTP/1.1)
HTTP/1.1 200 OK
Content-Length: 14
Content-Type: application/json; charset=utf-8
cache-control: no-cache

17:42:16.156 [AsyncHttpClient-1-17] DEBUG org.asynchttpclient.netty.channel.ChannelManager - Adding key: http://localhost:42437 for channel [id: 0x74103f2e, L:/127.0.0.1:51583 - R:localhost/127.0.0.1:42437]
17:42:16.157 [Forwarding isElementEnabled on session 9611c7ddf5bc2e045c12b9c3f9abdc8f to remote] DEBUG org.asynchttpclient.netty.request.NettyRequestSender - Using pooled Channel '[id: 0x74103f2e, L:/127.0.0.1:51583 - R:localhost/127.0.0.1:42437]' for 'GET' to 'http://localhost:42437/session/9611c7ddf5bc2e045c12b9c3f9abdc8f/element/E338A2A1FE770E01C951AEF503BB329D_element_5/enabled'
17:42:16.157 [Forwarding isElementEnabled on session 9611c7ddf5bc2e045c12b9c3f9abdc8f to remote] DEBUG org.asynchttpclient.netty.request.NettyRequestSender - Using open Channel [id: 0x74103f2e, L:/127.0.0.1:51583 - R:localhost/127.0.0.1:42437] for GET '/session/9611c7ddf5bc2e045c12b9c3f9abdc8f/element/E338A2A1FE770E01C951AEF503BB329D_element_5/enabled'
17:42:16.167 [AsyncHttpClient-1-17] DEBUG org.asynchttpclient.netty.handler.HttpHandler - 

Request DefaultFullHttpRequest(decodeResult: success, version: HTTP/1.1, content: EmptyByteBufBE)
GET /session/9611c7ddf5bc2e045c12b9c3f9abdc8f/element/E338A2A1FE770E01C951AEF503BB329D_element_5/enabled HTTP/1.1
User-Agent: selenium/4.9.1 (java windows)
Cache-Control: no-cache
Content-Type: application/json; charset=utf-8
host: localhost:42437
accept: */*

Response DefaultHttpResponse(decodeResult: success, version: HTTP/1.1)
HTTP/1.1 200 OK
Content-Length: 14
Content-Type: application/json; charset=utf-8
cache-control: no-cache

17:42:16.167 [AsyncHttpClient-1-17] DEBUG org.asynchttpclient.netty.channel.ChannelManager - Adding key: http://localhost:42437 for channel [id: 0x74103f2e, L:/127.0.0.1:51583 - R:localhost/127.0.0.1:42437]
17:42:16.168 [Forwarding clickElement on session 9611c7ddf5bc2e045c12b9c3f9abdc8f to remote] DEBUG org.asynchttpclient.netty.request.NettyRequestSender - Using pooled Channel '[id: 0x74103f2e, L:/127.0.0.1:51583 - R:localhost/127.0.0.1:42437]' for 'POST' to 'http://localhost:42437/session/9611c7ddf5bc2e045c12b9c3f9abdc8f/element/E338A2A1FE770E01C951AEF503BB329D_element_5/click'
17:42:16.168 [Forwarding clickElement on session 9611c7ddf5bc2e045c12b9c3f9abdc8f to remote] DEBUG org.asynchttpclient.netty.request.NettyRequestSender - Using open Channel [id: 0x74103f2e, L:/127.0.0.1:51583 - R:localhost/127.0.0.1:42437] for POST '/session/9611c7ddf5bc2e045c12b9c3f9abdc8f/element/E338A2A1FE770E01C951AEF503BB329D_element_5/click'
17:42:16.324 [AsyncHttpClient-1-1] DEBUG org.asynchttpclient.netty.channel.DefaultChannelPool - Entry count for : http://localhost:51584 : 1
17:42:16.397 [AsyncHttpClient-1-17] DEBUG org.asynchttpclient.netty.handler.HttpHandler - 

Request DefaultHttpRequest(decodeResult: success, version: HTTP/1.1)
POST /session/9611c7ddf5bc2e045c12b9c3f9abdc8f/element/E338A2A1FE770E01C951AEF503BB329D_element_5/click HTTP/1.1
User-Agent: selenium/4.9.1 (java windows)
Content-Length: 56
Content-Type: application/json; charset=utf-8
host: localhost:42437
accept: */*

Response DefaultHttpResponse(decodeResult: success, version: HTTP/1.1)
HTTP/1.1 200 OK
Content-Length: 14
Content-Type: application/json; charset=utf-8
cache-control: no-cache

17:42:16.397 [AsyncHttpClient-1-17] DEBUG org.asynchttpclient.netty.channel.ChannelManager - Adding key: http://localhost:42437 for channel [id: 0x74103f2e, L:/127.0.0.1:51583 - R:localhost/127.0.0.1:42437]
17:42:16.399 [Forwarding findElement on session 9611c7ddf5bc2e045c12b9c3f9abdc8f to remote] DEBUG org.asynchttpclient.netty.request.NettyRequestSender - Using pooled Channel '[id: 0x74103f2e, L:/127.0.0.1:51583 - R:localhost/127.0.0.1:42437]' for 'POST' to 'http://localhost:42437/session/9611c7ddf5bc2e045c12b9c3f9abdc8f/element'
17:42:16.399 [Forwarding findElement on session 9611c7ddf5bc2e045c12b9c3f9abdc8f to remote] DEBUG org.asynchttpclient.netty.request.NettyRequestSender - Using open Channel [id: 0x74103f2e, L:/127.0.0.1:51583 - R:localhost/127.0.0.1:42437] for POST '/session/9611c7ddf5bc2e045c12b9c3f9abdc8f/element'
17:42:16.414 [AsyncHttpClient-1-17] DEBUG org.asynchttpclient.netty.handler.HttpHandler - 

Request DefaultHttpRequest(decodeResult: success, version: HTTP/1.1)
POST /session/9611c7ddf5bc2e045c12b9c3f9abdc8f/element HTTP/1.1
User-Agent: selenium/4.9.1 (java windows)
Content-Length: 78
Content-Type: application/json; charset=utf-8
host: localhost:42437
accept: */*

Response DefaultHttpResponse(decodeResult: success, version: HTTP/1.1)
HTTP/1.1 200 OK
Content-Length: 94
Content-Type: application/json; charset=utf-8
cache-control: no-cache

17:42:16.414 [AsyncHttpClient-1-17] DEBUG org.asynchttpclient.netty.channel.ChannelManager - Adding key: http://localhost:42437 for channel [id: 0x74103f2e, L:/127.0.0.1:51583 - R:localhost/127.0.0.1:42437]
17:42:16.415 [Forwarding getElementTagName on session 9611c7ddf5bc2e045c12b9c3f9abdc8f to remote] DEBUG org.asynchttpclient.netty.request.NettyRequestSender - Using pooled Channel '[id: 0x74103f2e, L:/127.0.0.1:51583 - R:localhost/127.0.0.1:42437]' for 'GET' to 'http://localhost:42437/session/9611c7ddf5bc2e045c12b9c3f9abdc8f/element/C23BDDB84D1FFBFCCB71D4CC339A0990_element_8/name'
17:42:16.415 [Forwarding getElementTagName on session 9611c7ddf5bc2e045c12b9c3f9abdc8f to remote] DEBUG org.asynchttpclient.netty.request.NettyRequestSender - Using open Channel [id: 0x74103f2e, L:/127.0.0.1:51583 - R:localhost/127.0.0.1:42437] for GET '/session/9611c7ddf5bc2e045c12b9c3f9abdc8f/element/C23BDDB84D1FFBFCCB71D4CC339A0990_element_8/name'
17:42:16.421 [AsyncHttpClient-1-17] DEBUG org.asynchttpclient.netty.handler.HttpHandler - 

Request DefaultFullHttpRequest(decodeResult: success, version: HTTP/1.1, content: EmptyByteBufBE)
GET /session/9611c7ddf5bc2e045c12b9c3f9abdc8f/element/C23BDDB84D1FFBFCCB71D4CC339A0990_element_8/name HTTP/1.1
User-Agent: selenium/4.9.1 (java windows)
Cache-Control: no-cache
Content-Type: application/json; charset=utf-8
host: localhost:42437
accept: */*

Response DefaultHttpResponse(decodeResult: success, version: HTTP/1.1)
HTTP/1.1 200 OK
Content-Length: 13
Content-Type: application/json; charset=utf-8
cache-control: no-cache

17:42:16.421 [AsyncHttpClient-1-17] DEBUG org.asynchttpclient.netty.channel.ChannelManager - Adding key: http://localhost:42437 for channel [id: 0x74103f2e, L:/127.0.0.1:51583 - R:localhost/127.0.0.1:42437]
17:42:16.422 [Forwarding getElementText on session 9611c7ddf5bc2e045c12b9c3f9abdc8f to remote] DEBUG org.asynchttpclient.netty.request.NettyRequestSender - Using pooled Channel '[id: 0x74103f2e, L:/127.0.0.1:51583 - R:localhost/127.0.0.1:42437]' for 'GET' to 'http://localhost:42437/session/9611c7ddf5bc2e045c12b9c3f9abdc8f/element/C23BDDB84D1FFBFCCB71D4CC339A0990_element_8/text'
17:42:16.422 [Forwarding getElementText on session 9611c7ddf5bc2e045c12b9c3f9abdc8f to remote] DEBUG org.asynchttpclient.netty.request.NettyRequestSender - Using open Channel [id: 0x74103f2e, L:/127.0.0.1:51583 - R:localhost/127.0.0.1:42437] for GET '/session/9611c7ddf5bc2e045c12b9c3f9abdc8f/element/C23BDDB84D1FFBFCCB71D4CC339A0990_element_8/text'
17:42:16.434 [AsyncHttpClient-1-17] DEBUG org.asynchttpclient.netty.handler.HttpHandler - 

Request DefaultFullHttpRequest(decodeResult: success, version: HTTP/1.1, content: EmptyByteBufBE)
GET /session/9611c7ddf5bc2e045c12b9c3f9abdc8f/element/C23BDDB84D1FFBFCCB71D4CC339A0990_element_8/text HTTP/1.1
User-Agent: selenium/4.9.1 (java windows)
Cache-Control: no-cache
Content-Type: application/json; charset=utf-8
host: localhost:42437
accept: */*

Response DefaultHttpResponse(decodeResult: success, version: HTTP/1.1)
HTTP/1.1 200 OK
Content-Length: 36
Content-Type: application/json; charset=utf-8
cache-control: no-cache

17:42:16.434 [AsyncHttpClient-1-17] DEBUG org.asynchttpclient.netty.channel.ChannelManager - Adding key: http://localhost:42437 for channel [id: 0x74103f2e, L:/127.0.0.1:51583 - R:localhost/127.0.0.1:42437]
]]></system-out>
    <system-err><![CDATA[[1690296133.982][SEVERE]: Unable to receive message from renderer
Starting ChromeDriver 114.0.5735.90 (386bc09e8f4f2e025eddae123f36f6263096ae49-refs/branch-heads/5735@{#1052}) on port 42437
Only local connections are allowed.
Please see https://chromedriver.chromium.org/security-considerations for suggestions on keeping ChromeDriver safe.
ChromeDriver was started successfully.
июл. 25, 2023 5:42:15 PM org.openqa.selenium.devtools.CdpVersionFinder findNearestMatch
WARNING: Unable to find an exact match for CDP version 114, so returning the closest version found: 113
]]></system-err>
  </testcase>
  <testcase name="loginWithIncorrectUsername" classname="UI.tests.LogInTest" time="0.508">
    <system-out><![CDATA[17:42:16.440 [Forwarding close on session 9611c7ddf5bc2e045c12b9c3f9abdc8f to remote] DEBUG org.asynchttpclient.netty.request.NettyRequestSender - Using pooled Channel '[id: 0x74103f2e, L:/127.0.0.1:51583 - R:localhost/127.0.0.1:42437]' for 'DELETE' to 'http://localhost:42437/session/9611c7ddf5bc2e045c12b9c3f9abdc8f/window'
17:42:16.440 [Forwarding close on session 9611c7ddf5bc2e045c12b9c3f9abdc8f to remote] DEBUG org.asynchttpclient.netty.request.NettyRequestSender - Using open Channel [id: 0x74103f2e, L:/127.0.0.1:51583 - R:localhost/127.0.0.1:42437] for DELETE '/session/9611c7ddf5bc2e045c12b9c3f9abdc8f/window'
17:42:16.495 [AsyncHttpClient-1-2] DEBUG org.asynchttpclient.netty.handler.HttpHandler - Channel Closed: [id: 0x95eee652, L:/127.0.0.1:51593 ! R:localhost/127.0.0.1:51584] with attribute DISCARD
17:42:16.495 [AsyncHttpClient-1-3] DEBUG org.asynchttpclient.netty.handler.WebSocketHandler - Channel Closed: [id: 0x8718c97b, L:/127.0.0.1:51594 ! R:localhost/127.0.0.1:51584] with attribute NettyResponseFuture{currentRetry=0,
	isDone=1,
	isCancelled=0,
	asyncHandler=org.asynchttpclient.ws.WebSocketUpgradeHandler@5824a2d6,
	nettyRequest=org.asynchttpclient.netty.request.NettyRequest@2f413c58,
	future=java.util.concurrent.CompletableFuture@ff48ac0[Completed normally],
	uri=ws://localhost:51584/devtools/browser/0731a603-78cd-496a-ac09-f7ef5c00d0c1,
	keepAlive=true,
	redirectCount=0,
	timeoutsHolder=null,
	inAuth=0,
	touch=1690296135615}
17:42:16.495 [AsyncHttpClient-1-3] DEBUG org.asynchttpclient.netty.channel.ChannelManager - Closing Channel [id: 0x8718c97b, L:/127.0.0.1:51594 ! R:localhost/127.0.0.1:51584] 
17:42:16.551 [AsyncHttpClient-1-17] DEBUG org.asynchttpclient.netty.handler.HttpHandler - 

Request DefaultFullHttpRequest(decodeResult: success, version: HTTP/1.1, content: EmptyByteBufBE)
DELETE /session/9611c7ddf5bc2e045c12b9c3f9abdc8f/window HTTP/1.1
User-Agent: selenium/4.9.1 (java windows)
Content-Type: application/json; charset=utf-8
host: localhost:42437
accept: */*

Response DefaultHttpResponse(decodeResult: success, version: HTTP/1.1)
HTTP/1.1 200 OK
Content-Length: 12
Content-Type: application/json; charset=utf-8
cache-control: no-cache

17:42:16.551 [AsyncHttpClient-1-17] DEBUG org.asynchttpclient.netty.channel.ChannelManager - Adding key: http://localhost:42437 for channel [id: 0x74103f2e, L:/127.0.0.1:51583 - R:localhost/127.0.0.1:42437]
Request method:	DELETE
Request URI:	http://localhost:81/jsonrpc.php
Proxy:			<none>
Request params:	<none>
Query params:	<none>
Form params:	<none>
Path params:	<none>
Headers:		Accept=*/*
				Content-Type=text/plain; charset=ISO-8859-1
Cookies:		<none>
Multiparts:		<none>
Body:
{"jsonrpc":"2.0","method":"removeUser","id":234,"params":{"user_id":358}}
17:42:16.561 [main] DEBUG org.apache.http.impl.conn.BasicClientConnectionManager - Get connection for route {}->http://localhost:81
17:42:16.561 [main] DEBUG org.apache.http.impl.conn.DefaultClientConnectionOperator - Connecting to localhost:81
17:42:16.563 [main] DEBUG org.apache.http.client.protocol.RequestAddCookies - CookieSpec selected: ignoreCookies
17:42:16.563 [main] DEBUG org.apache.http.client.protocol.RequestAuthCache - Auth cache not set in the context
17:42:16.563 [main] DEBUG org.apache.http.client.protocol.RequestTargetAuthentication - Target auth state: UNCHALLENGED
17:42:16.563 [main] DEBUG org.apache.http.client.protocol.RequestProxyAuthentication - Proxy auth state: UNCHALLENGED
17:42:16.563 [main] DEBUG org.apache.http.impl.client.DefaultHttpClient - Attempt 1 to execute request
17:42:16.563 [main] DEBUG org.apache.http.impl.conn.DefaultClientConnection - Sending request: DELETE /jsonrpc.php HTTP/1.1
17:42:16.563 [main] DEBUG org.apache.http.wire -  >> "DELETE /jsonrpc.php HTTP/1.1[\r][\n]"
17:42:16.563 [main] DEBUG org.apache.http.wire -  >> "Accept: */*[\r][\n]"
17:42:16.563 [main] DEBUG org.apache.http.wire -  >> "Content-Type: text/plain; charset=ISO-8859-1[\r][\n]"
17:42:16.563 [main] DEBUG org.apache.http.wire -  >> "Content-Length: 73[\r][\n]"
17:42:16.563 [main] DEBUG org.apache.http.wire -  >> "Host: localhost:81[\r][\n]"
17:42:16.563 [main] DEBUG org.apache.http.wire -  >> "Connection: Keep-Alive[\r][\n]"
17:42:16.563 [main] DEBUG org.apache.http.wire -  >> "User-Agent: Apache-HttpClient/4.5.13 (Java/17)[\r][\n]"
17:42:16.563 [main] DEBUG org.apache.http.wire -  >> "Accept-Encoding: gzip,deflate[\r][\n]"
17:42:16.563 [main] DEBUG org.apache.http.wire -  >> "[\r][\n]"
17:42:16.563 [main] DEBUG org.apache.http.headers - >> DELETE /jsonrpc.php HTTP/1.1
17:42:16.563 [main] DEBUG org.apache.http.headers - >> Accept: */*
17:42:16.563 [main] DEBUG org.apache.http.headers - >> Content-Type: text/plain; charset=ISO-8859-1
17:42:16.563 [main] DEBUG org.apache.http.headers - >> Content-Length: 73
17:42:16.563 [main] DEBUG org.apache.http.headers - >> Host: localhost:81
17:42:16.563 [main] DEBUG org.apache.http.headers - >> Connection: Keep-Alive
17:42:16.563 [main] DEBUG org.apache.http.headers - >> User-Agent: Apache-HttpClient/4.5.13 (Java/17)
17:42:16.563 [main] DEBUG org.apache.http.headers - >> Accept-Encoding: gzip,deflate
17:42:16.563 [main] DEBUG org.apache.http.wire -  >> "{"jsonrpc":"2.0","method":"removeUser","id":234,"params":{"user_id":358}}"
17:42:16.576 [main] DEBUG org.apache.http.wire -  << "HTTP/1.1 401 Unauthorized[\r][\n]"
17:42:16.576 [main] DEBUG org.apache.http.wire -  << "Server: nginx[\r][\n]"
17:42:16.576 [main] DEBUG org.apache.http.wire -  << "Date: Tue, 25 Jul 2023 14:42:16 GMT[\r][\n]"
17:42:16.576 [main] DEBUG org.apache.http.wire -  << "Content-Type: application/json[\r][\n]"
17:42:16.576 [main] DEBUG org.apache.http.wire -  << "Transfer-Encoding: chunked[\r][\n]"
17:42:16.576 [main] DEBUG org.apache.http.wire -  << "Connection: keep-alive[\r][\n]"
17:42:16.576 [main] DEBUG org.apache.http.wire -  << "WWW-Authenticate: Basic realm="JsonRPC"[\r][\n]"
17:42:16.576 [main] DEBUG org.apache.http.wire -  << "[\r][\n]"
17:42:16.577 [main] DEBUG org.apache.http.impl.conn.DefaultClientConnection - Receiving response: HTTP/1.1 401 Unauthorized
17:42:16.577 [main] DEBUG org.apache.http.headers - << HTTP/1.1 401 Unauthorized
17:42:16.577 [main] DEBUG org.apache.http.headers - << Server: nginx
17:42:16.577 [main] DEBUG org.apache.http.headers - << Date: Tue, 25 Jul 2023 14:42:16 GMT
17:42:16.577 [main] DEBUG org.apache.http.headers - << Content-Type: application/json
17:42:16.577 [main] DEBUG org.apache.http.headers - << Transfer-Encoding: chunked
17:42:16.577 [main] DEBUG org.apache.http.headers - << Connection: keep-alive
17:42:16.577 [main] DEBUG org.apache.http.headers - << WWW-Authenticate: Basic realm="JsonRPC"
17:42:16.577 [main] DEBUG org.apache.http.impl.client.DefaultHttpClient - Connection can be kept alive indefinitely
17:42:16.577 [main] DEBUG org.apache.http.impl.client.DefaultHttpClient - Authentication required
17:42:16.577 [main] DEBUG org.apache.http.impl.client.DefaultHttpClient - localhost:81 requested authentication
17:42:16.577 [main] DEBUG org.apache.http.impl.client.TargetAuthenticationStrategy - Authentication schemes in the order of preference: [Negotiate, Kerberos, NTLM, CredSSP, Digest, Basic]
17:42:16.577 [main] DEBUG org.apache.http.impl.client.TargetAuthenticationStrategy - Challenge for Negotiate authentication scheme not available
17:42:16.577 [main] DEBUG org.apache.http.impl.client.TargetAuthenticationStrategy - Challenge for Kerberos authentication scheme not available
17:42:16.577 [main] DEBUG org.apache.http.impl.client.TargetAuthenticationStrategy - Challenge for NTLM authentication scheme not available
17:42:16.577 [main] DEBUG org.apache.http.impl.client.TargetAuthenticationStrategy - Challenge for CredSSP authentication scheme not available
17:42:16.577 [main] DEBUG org.apache.http.impl.client.TargetAuthenticationStrategy - Challenge for Digest authentication scheme not available
17:42:16.577 [main] DEBUG org.apache.http.impl.client.DefaultHttpClient - Selected authentication options: [BASIC [complete=true]]
17:42:16.577 [main] DEBUG org.apache.http.wire -  << "49[\r][\n]"
17:42:16.577 [main] DEBUG org.apache.http.wire -  << "{"jsonrpc":"2.0","error":{"code":401,"message":"Unauthorized"},"id":null}"
17:42:16.577 [main] DEBUG org.apache.http.wire -  << "[\r][\n]"
17:42:16.577 [main] DEBUG org.apache.http.wire -  << "0[\r][\n]"
17:42:16.577 [main] DEBUG org.apache.http.wire -  << "[\r][\n]"
17:42:16.577 [main] DEBUG org.apache.http.client.protocol.RequestAddCookies - CookieSpec selected: ignoreCookies
17:42:16.577 [main] DEBUG org.apache.http.client.protocol.RequestAuthCache - Auth cache not set in the context
17:42:16.577 [main] DEBUG org.apache.http.client.protocol.RequestTargetAuthentication - Target auth state: CHALLENGED
17:42:16.577 [main] DEBUG org.apache.http.client.protocol.RequestTargetAuthentication - Generating response to an authentication challenge using basic scheme
17:42:16.577 [main] DEBUG org.apache.http.client.protocol.RequestProxyAuthentication - Proxy auth state: UNCHALLENGED
17:42:16.577 [main] DEBUG org.apache.http.impl.client.DefaultHttpClient - Attempt 2 to execute request
17:42:16.577 [main] DEBUG org.apache.http.impl.conn.DefaultClientConnection - Sending request: DELETE /jsonrpc.php HTTP/1.1
17:42:16.577 [main] DEBUG org.apache.http.wire -  >> "DELETE /jsonrpc.php HTTP/1.1[\r][\n]"
17:42:16.577 [main] DEBUG org.apache.http.wire -  >> "Accept: */*[\r][\n]"
17:42:16.577 [main] DEBUG org.apache.http.wire -  >> "Content-Type: text/plain; charset=ISO-8859-1[\r][\n]"
17:42:16.577 [main] DEBUG org.apache.http.wire -  >> "Content-Length: 73[\r][\n]"
17:42:16.577 [main] DEBUG org.apache.http.wire -  >> "Host: localhost:81[\r][\n]"
17:42:16.577 [main] DEBUG org.apache.http.wire -  >> "Connection: Keep-Alive[\r][\n]"
17:42:16.577 [main] DEBUG org.apache.http.wire -  >> "User-Agent: Apache-HttpClient/4.5.13 (Java/17)[\r][\n]"
17:42:16.577 [main] DEBUG org.apache.http.wire -  >> "Authorization: Basic YWRtaW46YWRtaW4=[\r][\n]"
17:42:16.577 [main] DEBUG org.apache.http.wire -  >> "Accept-Encoding: gzip,deflate[\r][\n]"
17:42:16.577 [main] DEBUG org.apache.http.wire -  >> "[\r][\n]"
17:42:16.577 [main] DEBUG org.apache.http.headers - >> DELETE /jsonrpc.php HTTP/1.1
17:42:16.577 [main] DEBUG org.apache.http.headers - >> Accept: */*
17:42:16.577 [main] DEBUG org.apache.http.headers - >> Content-Type: text/plain; charset=ISO-8859-1
17:42:16.577 [main] DEBUG org.apache.http.headers - >> Content-Length: 73
17:42:16.577 [main] DEBUG org.apache.http.headers - >> Host: localhost:81
17:42:16.577 [main] DEBUG org.apache.http.headers - >> Connection: Keep-Alive
17:42:16.577 [main] DEBUG org.apache.http.headers - >> User-Agent: Apache-HttpClient/4.5.13 (Java/17)
17:42:16.577 [main] DEBUG org.apache.http.headers - >> Authorization: Basic YWRtaW46YWRtaW4=
17:42:16.577 [main] DEBUG org.apache.http.headers - >> Accept-Encoding: gzip,deflate
17:42:16.577 [main] DEBUG org.apache.http.wire -  >> "{"jsonrpc":"2.0","method":"removeUser","id":234,"params":{"user_id":358}}"
17:42:16.714 [main] DEBUG org.apache.http.wire -  << "HTTP/1.1 200 OK[\r][\n]"
17:42:16.714 [main] DEBUG org.apache.http.wire -  << "Server: nginx[\r][\n]"
17:42:16.714 [main] DEBUG org.apache.http.wire -  << "Date: Tue, 25 Jul 2023 14:42:16 GMT[\r][\n]"
17:42:16.714 [main] DEBUG org.apache.http.wire -  << "Content-Type: application/json[\r][\n]"
17:42:16.714 [main] DEBUG org.apache.http.wire -  << "Transfer-Encoding: chunked[\r][\n]"
17:42:16.714 [main] DEBUG org.apache.http.wire -  << "Connection: keep-alive[\r][\n]"
17:42:16.714 [main] DEBUG org.apache.http.wire -  << "Vary: Accept-Encoding[\r][\n]"
17:42:16.714 [main] DEBUG org.apache.http.wire -  << "Content-Encoding: gzip[\r][\n]"
17:42:16.714 [main] DEBUG org.apache.http.wire -  << "[\r][\n]"
17:42:16.714 [main] DEBUG org.apache.http.impl.conn.DefaultClientConnection - Receiving response: HTTP/1.1 200 OK
17:42:16.714 [main] DEBUG org.apache.http.headers - << HTTP/1.1 200 OK
17:42:16.714 [main] DEBUG org.apache.http.headers - << Server: nginx
17:42:16.714 [main] DEBUG org.apache.http.headers - << Date: Tue, 25 Jul 2023 14:42:16 GMT
17:42:16.714 [main] DEBUG org.apache.http.headers - << Content-Type: application/json
17:42:16.714 [main] DEBUG org.apache.http.headers - << Transfer-Encoding: chunked
17:42:16.714 [main] DEBUG org.apache.http.headers - << Connection: keep-alive
17:42:16.714 [main] DEBUG org.apache.http.headers - << Vary: Accept-Encoding
17:42:16.714 [main] DEBUG org.apache.http.headers - << Content-Encoding: gzip
17:42:16.714 [main] DEBUG org.apache.http.impl.client.DefaultHttpClient - Connection can be kept alive indefinitely
17:42:16.714 [main] DEBUG org.apache.http.impl.client.DefaultHttpClient - Authentication succeeded
17:42:16.714 [main] DEBUG org.apache.http.impl.client.TargetAuthenticationStrategy - Caching 'basic' auth scheme for http://localhost:81
17:42:16.714 [main] DEBUG io.restassured.internal.RestAssuredHttpBuilder - Parsing response as: application/json
17:42:16.714 [main] DEBUG org.apache.http.wire -  << "3c[\r][\n]"
17:42:16.714 [main] DEBUG org.apache.http.wire -  << "[0x1f][0x8b][0x8][0x0][0x0][0x0][0x0][0x0][0x0][0x3][0xab]V[0xca]*[0xce][0xcf]+*HV[0xb2]R2[0xd2]3P[0xd2]Q*J-.[0xcd])Q[0xb2]*)*M[0xd5]Q[0xca]LQ[0xb2]226[0xa9][0x5][0x0]q~[0x7][0xe8]([0x0][0x0][0x0]"
17:42:16.714 [main] DEBUG org.apache.http.wire -  << "[\r][\n]"
17:42:16.714 [main] DEBUG org.apache.http.wire -  << "0[\r][\n]"
17:42:16.714 [main] DEBUG org.apache.http.wire -  << "[\r][\n]"
17:42:16.714 [main] DEBUG io.restassured.internal.RestAssuredHttpBuilder - Parsed data to instance of: class org.apache.http.conn.EofSensorInputStream
17:42:16.715 [main] DEBUG org.apache.http.impl.conn.BasicClientConnectionManager - Releasing connection org.apache.http.impl.conn.ManagedClientConnectionImpl@5c24a636
17:42:16.715 [main] DEBUG org.apache.http.impl.conn.BasicClientConnectionManager - Connection can be kept alive indefinitely
{
    "jsonrpc": "2.0",
    "result": true,
    "id": 234
}
Request method:	POST
Request URI:	http://localhost:81/jsonrpc.php
Proxy:			<none>
Request params:	<none>
Query params:	<none>
Form params:	<none>
Path params:	<none>
Headers:		Accept=*/*
				Content-Type=text/plain; charset=ISO-8859-1
Cookies:		<none>
Multiparts:		<none>
Body:
{"jsonrpc":"2.0","method":"createUser","id":123123,"params":{"username":"kyryloAPITestLogin","password":"kyryloAPITestPassword","name":"kyrylo","email":"kyryloAPITest@mail.com","role":"app-manager"}}
17:42:16.726 [main] DEBUG org.apache.http.impl.conn.BasicClientConnectionManager - Get connection for route {}->http://localhost:81
17:42:16.726 [main] DEBUG org.apache.http.impl.conn.DefaultClientConnectionOperator - Connecting to localhost:81
17:42:16.728 [main] DEBUG org.apache.http.client.protocol.RequestAddCookies - CookieSpec selected: ignoreCookies
17:42:16.728 [main] DEBUG org.apache.http.client.protocol.RequestAuthCache - Auth cache not set in the context
17:42:16.728 [main] DEBUG org.apache.http.client.protocol.RequestTargetAuthentication - Target auth state: UNCHALLENGED
17:42:16.728 [main] DEBUG org.apache.http.client.protocol.RequestProxyAuthentication - Proxy auth state: UNCHALLENGED
17:42:16.728 [main] DEBUG org.apache.http.impl.client.DefaultHttpClient - Attempt 1 to execute request
17:42:16.728 [main] DEBUG org.apache.http.impl.conn.DefaultClientConnection - Sending request: POST /jsonrpc.php HTTP/1.1
17:42:16.728 [main] DEBUG org.apache.http.wire -  >> "POST /jsonrpc.php HTTP/1.1[\r][\n]"
17:42:16.728 [main] DEBUG org.apache.http.wire -  >> "Accept: */*[\r][\n]"
17:42:16.728 [main] DEBUG org.apache.http.wire -  >> "Content-Type: text/plain; charset=ISO-8859-1[\r][\n]"
17:42:16.728 [main] DEBUG org.apache.http.wire -  >> "Content-Length: 199[\r][\n]"
17:42:16.728 [main] DEBUG org.apache.http.wire -  >> "Host: localhost:81[\r][\n]"
17:42:16.728 [main] DEBUG org.apache.http.wire -  >> "Connection: Keep-Alive[\r][\n]"
17:42:16.728 [main] DEBUG org.apache.http.wire -  >> "User-Agent: Apache-HttpClient/4.5.13 (Java/17)[\r][\n]"
17:42:16.728 [main] DEBUG org.apache.http.wire -  >> "Accept-Encoding: gzip,deflate[\r][\n]"
17:42:16.728 [main] DEBUG org.apache.http.wire -  >> "[\r][\n]"
17:42:16.728 [main] DEBUG org.apache.http.headers - >> POST /jsonrpc.php HTTP/1.1
17:42:16.728 [main] DEBUG org.apache.http.headers - >> Accept: */*
17:42:16.728 [main] DEBUG org.apache.http.headers - >> Content-Type: text/plain; charset=ISO-8859-1
17:42:16.728 [main] DEBUG org.apache.http.headers - >> Content-Length: 199
17:42:16.728 [main] DEBUG org.apache.http.headers - >> Host: localhost:81
17:42:16.728 [main] DEBUG org.apache.http.headers - >> Connection: Keep-Alive
17:42:16.728 [main] DEBUG org.apache.http.headers - >> User-Agent: Apache-HttpClient/4.5.13 (Java/17)
17:42:16.728 [main] DEBUG org.apache.http.headers - >> Accept-Encoding: gzip,deflate
17:42:16.728 [main] DEBUG org.apache.http.wire -  >> "{"jsonrpc":"2.0","method":"createUser","id":123123,"params":{"username":"kyryloAPITestLogin","password":"kyryloAPITestPassword","name":"kyrylo","email":"kyryloAPITest@mail.com","role":"app-manager"}}"
17:42:16.737 [main] DEBUG org.apache.http.wire -  << "HTTP/1.1 401 Unauthorized[\r][\n]"
17:42:16.738 [main] DEBUG org.apache.http.wire -  << "Server: nginx[\r][\n]"
17:42:16.738 [main] DEBUG org.apache.http.wire -  << "Date: Tue, 25 Jul 2023 14:42:16 GMT[\r][\n]"
17:42:16.738 [main] DEBUG org.apache.http.wire -  << "Content-Type: application/json[\r][\n]"
17:42:16.738 [main] DEBUG org.apache.http.wire -  << "Transfer-Encoding: chunked[\r][\n]"
17:42:16.738 [main] DEBUG org.apache.http.wire -  << "Connection: keep-alive[\r][\n]"
17:42:16.738 [main] DEBUG org.apache.http.wire -  << "WWW-Authenticate: Basic realm="JsonRPC"[\r][\n]"
17:42:16.738 [main] DEBUG org.apache.http.wire -  << "[\r][\n]"
17:42:16.738 [main] DEBUG org.apache.http.impl.conn.DefaultClientConnection - Receiving response: HTTP/1.1 401 Unauthorized
17:42:16.738 [main] DEBUG org.apache.http.headers - << HTTP/1.1 401 Unauthorized
17:42:16.738 [main] DEBUG org.apache.http.headers - << Server: nginx
17:42:16.738 [main] DEBUG org.apache.http.headers - << Date: Tue, 25 Jul 2023 14:42:16 GMT
17:42:16.738 [main] DEBUG org.apache.http.headers - << Content-Type: application/json
17:42:16.738 [main] DEBUG org.apache.http.headers - << Transfer-Encoding: chunked
17:42:16.738 [main] DEBUG org.apache.http.headers - << Connection: keep-alive
17:42:16.738 [main] DEBUG org.apache.http.headers - << WWW-Authenticate: Basic realm="JsonRPC"
17:42:16.738 [main] DEBUG org.apache.http.impl.client.DefaultHttpClient - Connection can be kept alive indefinitely
17:42:16.738 [main] DEBUG org.apache.http.impl.client.DefaultHttpClient - Authentication required
17:42:16.738 [main] DEBUG org.apache.http.impl.client.DefaultHttpClient - localhost:81 requested authentication
17:42:16.738 [main] DEBUG org.apache.http.impl.client.TargetAuthenticationStrategy - Authentication schemes in the order of preference: [Negotiate, Kerberos, NTLM, CredSSP, Digest, Basic]
17:42:16.738 [main] DEBUG org.apache.http.impl.client.TargetAuthenticationStrategy - Challenge for Negotiate authentication scheme not available
17:42:16.738 [main] DEBUG org.apache.http.impl.client.TargetAuthenticationStrategy - Challenge for Kerberos authentication scheme not available
17:42:16.738 [main] DEBUG org.apache.http.impl.client.TargetAuthenticationStrategy - Challenge for NTLM authentication scheme not available
17:42:16.738 [main] DEBUG org.apache.http.impl.client.TargetAuthenticationStrategy - Challenge for CredSSP authentication scheme not available
17:42:16.738 [main] DEBUG org.apache.http.impl.client.TargetAuthenticationStrategy - Challenge for Digest authentication scheme not available
17:42:16.738 [main] DEBUG org.apache.http.impl.client.DefaultHttpClient - Selected authentication options: [BASIC [complete=true]]
17:42:16.738 [main] DEBUG org.apache.http.wire -  << "49[\r][\n]"
17:42:16.738 [main] DEBUG org.apache.http.wire -  << "{"jsonrpc":"2.0","error":{"code":401,"message":"Unauthorized"},"id":null}"
17:42:16.738 [main] DEBUG org.apache.http.wire -  << "[\r][\n]"
17:42:16.738 [main] DEBUG org.apache.http.wire -  << "0[\r][\n]"
17:42:16.738 [main] DEBUG org.apache.http.wire -  << "[\r][\n]"
17:42:16.739 [main] DEBUG org.apache.http.client.protocol.RequestAddCookies - CookieSpec selected: ignoreCookies
17:42:16.739 [main] DEBUG org.apache.http.client.protocol.RequestAuthCache - Auth cache not set in the context
17:42:16.739 [main] DEBUG org.apache.http.client.protocol.RequestTargetAuthentication - Target auth state: CHALLENGED
17:42:16.739 [main] DEBUG org.apache.http.client.protocol.RequestTargetAuthentication - Generating response to an authentication challenge using basic scheme
17:42:16.739 [main] DEBUG org.apache.http.client.protocol.RequestProxyAuthentication - Proxy auth state: UNCHALLENGED
17:42:16.739 [main] DEBUG org.apache.http.impl.client.DefaultHttpClient - Attempt 2 to execute request
17:42:16.739 [main] DEBUG org.apache.http.impl.conn.DefaultClientConnection - Sending request: POST /jsonrpc.php HTTP/1.1
17:42:16.739 [main] DEBUG org.apache.http.wire -  >> "POST /jsonrpc.php HTTP/1.1[\r][\n]"
17:42:16.739 [main] DEBUG org.apache.http.wire -  >> "Accept: */*[\r][\n]"
17:42:16.739 [main] DEBUG org.apache.http.wire -  >> "Content-Type: text/plain; charset=ISO-8859-1[\r][\n]"
17:42:16.739 [main] DEBUG org.apache.http.wire -  >> "Content-Length: 199[\r][\n]"
17:42:16.739 [main] DEBUG org.apache.http.wire -  >> "Host: localhost:81[\r][\n]"
17:42:16.739 [main] DEBUG org.apache.http.wire -  >> "Connection: Keep-Alive[\r][\n]"
17:42:16.739 [main] DEBUG org.apache.http.wire -  >> "User-Agent: Apache-HttpClient/4.5.13 (Java/17)[\r][\n]"
17:42:16.739 [main] DEBUG org.apache.http.wire -  >> "Authorization: Basic YWRtaW46YWRtaW4=[\r][\n]"
17:42:16.739 [main] DEBUG org.apache.http.wire -  >> "Accept-Encoding: gzip,deflate[\r][\n]"
17:42:16.739 [main] DEBUG org.apache.http.wire -  >> "[\r][\n]"
17:42:16.739 [main] DEBUG org.apache.http.headers - >> POST /jsonrpc.php HTTP/1.1
17:42:16.739 [main] DEBUG org.apache.http.headers - >> Accept: */*
17:42:16.739 [main] DEBUG org.apache.http.headers - >> Content-Type: text/plain; charset=ISO-8859-1
17:42:16.739 [main] DEBUG org.apache.http.headers - >> Content-Length: 199
17:42:16.739 [main] DEBUG org.apache.http.headers - >> Host: localhost:81
17:42:16.739 [main] DEBUG org.apache.http.headers - >> Connection: Keep-Alive
17:42:16.739 [main] DEBUG org.apache.http.headers - >> User-Agent: Apache-HttpClient/4.5.13 (Java/17)
17:42:16.739 [main] DEBUG org.apache.http.headers - >> Authorization: Basic YWRtaW46YWRtaW4=
17:42:16.739 [main] DEBUG org.apache.http.headers - >> Accept-Encoding: gzip,deflate
17:42:16.739 [main] DEBUG org.apache.http.wire -  >> "{"jsonrpc":"2.0","method":"createUser","id":123123,"params":{"username":"kyryloAPITestLogin","password":"kyryloAPITestPassword","name":"kyrylo","email":"kyryloAPITest@mail.com","role":"app-manager"}}"
17:42:16.948 [main] DEBUG org.apache.http.wire -  << "HTTP/1.1 200 OK[\r][\n]"
17:42:16.948 [main] DEBUG org.apache.http.wire -  << "Server: nginx[\r][\n]"
17:42:16.948 [main] DEBUG org.apache.http.wire -  << "Date: Tue, 25 Jul 2023 14:42:16 GMT[\r][\n]"
17:42:16.948 [main] DEBUG org.apache.http.wire -  << "Content-Type: application/json[\r][\n]"
17:42:16.948 [main] DEBUG org.apache.http.wire -  << "Transfer-Encoding: chunked[\r][\n]"
17:42:16.948 [main] DEBUG org.apache.http.wire -  << "Connection: keep-alive[\r][\n]"
17:42:16.948 [main] DEBUG org.apache.http.wire -  << "Vary: Accept-Encoding[\r][\n]"
17:42:16.948 [main] DEBUG org.apache.http.wire -  << "Content-Encoding: gzip[\r][\n]"
17:42:16.948 [main] DEBUG org.apache.http.wire -  << "[\r][\n]"
17:42:16.948 [main] DEBUG org.apache.http.impl.conn.DefaultClientConnection - Receiving response: HTTP/1.1 200 OK
17:42:16.948 [main] DEBUG org.apache.http.headers - << HTTP/1.1 200 OK
17:42:16.948 [main] DEBUG org.apache.http.headers - << Server: nginx
17:42:16.948 [main] DEBUG org.apache.http.headers - << Date: Tue, 25 Jul 2023 14:42:16 GMT
17:42:16.948 [main] DEBUG org.apache.http.headers - << Content-Type: application/json
17:42:16.948 [main] DEBUG org.apache.http.headers - << Transfer-Encoding: chunked
17:42:16.948 [main] DEBUG org.apache.http.headers - << Connection: keep-alive
17:42:16.948 [main] DEBUG org.apache.http.headers - << Vary: Accept-Encoding
17:42:16.948 [main] DEBUG org.apache.http.headers - << Content-Encoding: gzip
17:42:16.948 [main] DEBUG org.apache.http.impl.client.DefaultHttpClient - Connection can be kept alive indefinitely
17:42:16.948 [main] DEBUG org.apache.http.impl.client.DefaultHttpClient - Authentication succeeded
17:42:16.948 [main] DEBUG org.apache.http.impl.client.TargetAuthenticationStrategy - Caching 'basic' auth scheme for http://localhost:81
17:42:16.948 [main] DEBUG io.restassured.internal.RestAssuredHttpBuilder - Parsing response as: application/json
17:42:16.948 [main] DEBUG org.apache.http.wire -  << "3c[\r][\n]"
17:42:16.948 [main] DEBUG org.apache.http.wire -  << "[0x1f][0x8b][0x8][0x0][0x0][0x0][0x0][0x0][0x0][0x3][0xab]V[0xca]*[0xce][0xcf]+*HV[0xb2]R2[0xd2]3P[0xd2]Q*J-.[0xcd])Q[0xb2]26[0xb5][0xd4]Q[0xca]LQ[0xb2]242[0x6][0xa2]Z[0x0][0x91][0xf9][0xd9]l*[0x0][0x0][0x0]"
17:42:16.948 [main] DEBUG org.apache.http.wire -  << "[\r][\n]"
17:42:16.948 [main] DEBUG org.apache.http.wire -  << "0[\r][\n]"
17:42:16.948 [main] DEBUG org.apache.http.wire -  << "[\r][\n]"
17:42:16.948 [main] DEBUG io.restassured.internal.RestAssuredHttpBuilder - Parsed data to instance of: class org.apache.http.conn.EofSensorInputStream
17:42:16.949 [main] DEBUG org.apache.http.impl.conn.BasicClientConnectionManager - Releasing connection org.apache.http.impl.conn.ManagedClientConnectionImpl@1b7708d9
17:42:16.949 [main] DEBUG org.apache.http.impl.conn.BasicClientConnectionManager - Connection can be kept alive indefinitely
{
    "jsonrpc": "2.0",
    "result": 359,
    "id": 123123
}
17:42:16.952 [Forwarding getTitle on session 9611c7ddf5bc2e045c12b9c3f9abdc8f to remote] DEBUG org.asynchttpclient.netty.request.NettyRequestSender - Using pooled Channel '[id: 0x74103f2e, L:/127.0.0.1:51583 - R:localhost/127.0.0.1:42437]' for 'GET' to 'http://localhost:42437/session/9611c7ddf5bc2e045c12b9c3f9abdc8f/title'
17:42:16.952 [Forwarding getTitle on session 9611c7ddf5bc2e045c12b9c3f9abdc8f to remote] DEBUG org.asynchttpclient.netty.request.NettyRequestSender - Using open Channel [id: 0x74103f2e, L:/127.0.0.1:51583 - R:localhost/127.0.0.1:42437] for GET '/session/9611c7ddf5bc2e045c12b9c3f9abdc8f/title'
17:42:16.952 [AsyncHttpClient-1-17] DEBUG org.asynchttpclient.netty.handler.HttpHandler - 

Request DefaultFullHttpRequest(decodeResult: success, version: HTTP/1.1, content: EmptyByteBufBE)
GET /session/9611c7ddf5bc2e045c12b9c3f9abdc8f/title HTTP/1.1
User-Agent: selenium/4.9.1 (java windows)
Cache-Control: no-cache
Content-Type: application/json; charset=utf-8
host: localhost:42437
accept: */*

Response DefaultHttpResponse(decodeResult: success, version: HTTP/1.1)
HTTP/1.1 404 Not Found
Content-Length: 831
Content-Type: application/json; charset=utf-8
cache-control: no-cache

17:42:16.953 [AsyncHttpClient-1-17] DEBUG org.asynchttpclient.netty.channel.ChannelManager - Adding key: http://localhost:42437 for channel [id: 0x74103f2e, L:/127.0.0.1:51583 - R:localhost/127.0.0.1:42437]
17:42:16.954 [main] DEBUG com.codeborne.selenide.drivercommands.BrowserHealthChecker - Browser session is not found
org.openqa.selenium.NoSuchSessionException: invalid session id
Build info: version: '4.9.1', revision: 'eb2032df7f'
System info: os.name: 'Windows 10', os.arch: 'amd64', os.version: '10.0', java.version: '17'
Driver info: org.openqa.selenium.chrome.ChromeDriver
Command: [9611c7ddf5bc2e045c12b9c3f9abdc8f, getTitle {}]
Capabilities {acceptInsecureCerts: true, browserName: chrome, browserVersion: 114.0.5735.199, chrome: {chromedriverVersion: 114.0.5735.90 (386bc09e8f4f..., userDataDir: C:\Users\KFA24~1.SHM\AppDat...}, goog:chromeOptions: {debuggerAddress: localhost:51584}, networkConnectionEnabled: false, pageLoadStrategy: normal, platformName: windows, proxy: Proxy(), se:cdp: ws://localhost:51584/devtoo..., se:cdpVersion: 114.0.5735.199, setWindowRect: true, strictFileInteractability: false, timeouts: {implicit: 0, pageLoad: 300000, script: 30000}, unhandledPromptBehavior: accept, webauthn:extension:credBlob: true, webauthn:extension:largeBlob: true, webauthn:extension:minPinLength: true, webauthn:extension:prf: true, webauthn:virtualAuthenticators: true}
Session ID: 9611c7ddf5bc2e045c12b9c3f9abdc8f
	at java.base/jdk.internal.reflect.NativeConstructorAccessorImpl.newInstance0(Native Method)
	at java.base/jdk.internal.reflect.NativeConstructorAccessorImpl.newInstance(NativeConstructorAccessorImpl.java:77)
	at java.base/jdk.internal.reflect.DelegatingConstructorAccessorImpl.newInstance(DelegatingConstructorAccessorImpl.java:45)
	at java.base/java.lang.reflect.Constructor.newInstanceWithCaller(Constructor.java:499)
	at java.base/java.lang.reflect.Constructor.newInstance(Constructor.java:480)
	at org.openqa.selenium.remote.codec.w3c.W3CHttpResponseCodec.createException(W3CHttpResponseCodec.java:200)
	at org.openqa.selenium.remote.codec.w3c.W3CHttpResponseCodec.decode(W3CHttpResponseCodec.java:133)
	at org.openqa.selenium.remote.codec.w3c.W3CHttpResponseCodec.decode(W3CHttpResponseCodec.java:53)
	at org.openqa.selenium.remote.HttpCommandExecutor.execute(HttpCommandExecutor.java:193)
	at org.openqa.selenium.remote.service.DriverCommandExecutor.invokeExecute(DriverCommandExecutor.java:183)
	at org.openqa.selenium.remote.service.DriverCommandExecutor.execute(DriverCommandExecutor.java:158)
	at org.openqa.selenium.remote.RemoteWebDriver.execute(RemoteWebDriver.java:543)
	at org.openqa.selenium.remote.RemoteWebDriver.execute(RemoteWebDriver.java:598)
	at org.openqa.selenium.remote.RemoteWebDriver.execute(RemoteWebDriver.java:602)
	at org.openqa.selenium.remote.RemoteWebDriver.getTitle(RemoteWebDriver.java:302)
	at com.codeborne.selenide.drivercommands.BrowserHealthChecker.isBrowserStillOpen(BrowserHealthChecker.java:19)
	at com.codeborne.selenide.impl.WebDriverThreadLocalContainer.getAndCheckWebDriver(WebDriverThreadLocalContainer.java:158)
	at com.codeborne.selenide.WebDriverRunner.getAndCheckWebDriver(WebDriverRunner.java:130)
	at com.codeborne.selenide.impl.StaticDriver.getAndCheckWebDriver(StaticDriver.java:65)
	at com.codeborne.selenide.SelenideDriver.getAndCheckWebDriver(SelenideDriver.java:220)
	at com.codeborne.selenide.drivercommands.Navigator.lambda$navigateTo$0(Navigator.java:72)
	at com.codeborne.selenide.logevents.SelenideLogger.lambda$run$0(SelenideLogger.java:105)
	at com.codeborne.selenide.logevents.SelenideLogger.wrap(SelenideLogger.java:133)
	at com.codeborne.selenide.logevents.SelenideLogger.run(SelenideLogger.java:104)
	at com.codeborne.selenide.drivercommands.Navigator.navigateTo(Navigator.java:70)
	at com.codeborne.selenide.drivercommands.Navigator.open(Navigator.java:32)
	at com.codeborne.selenide.SelenideDriver.open(SelenideDriver.java:101)
	at com.codeborne.selenide.Selenide.open(Selenide.java:53)
	at UI.tests.BaseUITest.setUp(BaseUITest.java:25)
	at java.base/jdk.internal.reflect.NativeMethodAccessorImpl.invoke0(Native Method)
	at java.base/jdk.internal.reflect.NativeMethodAccessorImpl.invoke(NativeMethodAccessorImpl.java:77)
	at java.base/jdk.internal.reflect.DelegatingMethodAccessorImpl.invoke(DelegatingMethodAccessorImpl.java:43)
	at java.base/java.lang.reflect.Method.invoke(Method.java:568)
	at org.testng.internal.invokers.MethodInvocationHelper.invokeMethod(MethodInvocationHelper.java:139)
	at org.testng.internal.invokers.MethodInvocationHelper.invokeMethodConsideringTimeout(MethodInvocationHelper.java:69)
	at org.testng.internal.invokers.ConfigInvoker.invokeConfigurationMethod(ConfigInvoker.java:361)
	at org.testng.internal.invokers.ConfigInvoker.invokeConfigurations(ConfigInvoker.java:296)
	at org.testng.internal.invokers.TestInvoker.runConfigMethods(TestInvoker.java:823)
	at org.testng.internal.invokers.TestInvoker.invokeMethod(TestInvoker.java:590)
	at org.testng.internal.invokers.TestInvoker.invokeTestMethod(TestInvoker.java:221)
	at org.testng.internal.invokers.MethodRunner.runInSequence(MethodRunner.java:50)
	at org.testng.internal.invokers.TestInvoker$MethodInvocationAgent.invoke(TestInvoker.java:969)
	at org.testng.internal.invokers.TestInvoker.invokeTestMethods(TestInvoker.java:194)
	at org.testng.internal.invokers.TestMethodWorker.invokeTestMethods(TestMethodWorker.java:148)
	at org.testng.internal.invokers.TestMethodWorker.run(TestMethodWorker.java:128)
	at java.base/java.util.ArrayList.forEach(ArrayList.java:1511)
	at org.testng.TestRunner.privateRun(TestRunner.java:829)
	at org.testng.TestRunner.run(TestRunner.java:602)
	at org.testng.SuiteRunner.runTest(SuiteRunner.java:437)
	at org.testng.SuiteRunner.runSequentially(SuiteRunner.java:431)
	at org.testng.SuiteRunner.privateRun(SuiteRunner.java:391)
	at org.testng.SuiteRunner.run(SuiteRunner.java:330)
	at org.testng.SuiteRunnerWorker.runSuite(SuiteRunnerWorker.java:52)
	at org.testng.SuiteRunnerWorker.run(SuiteRunnerWorker.java:95)
	at org.testng.TestNG.runSuitesSequentially(TestNG.java:1256)
	at org.testng.TestNG.runSuitesLocally(TestNG.java:1176)
	at org.testng.TestNG.runSuites(TestNG.java:1099)
	at org.testng.TestNG.run(TestNG.java:1067)
	at org.apache.maven.surefire.testng.TestNGExecutor.run(TestNGExecutor.java:324)
	at org.apache.maven.surefire.testng.TestNGXmlTestSuite.execute(TestNGXmlTestSuite.java:74)
	at org.apache.maven.surefire.testng.TestNGProvider.invoke(TestNGProvider.java:123)
	at org.apache.maven.surefire.booter.ForkedBooter.runSuitesInProcess(ForkedBooter.java:456)
	at org.apache.maven.surefire.booter.ForkedBooter.execute(ForkedBooter.java:169)
	at org.apache.maven.surefire.booter.ForkedBooter.run(ForkedBooter.java:595)
	at org.apache.maven.surefire.booter.ForkedBooter.main(ForkedBooter.java:581)
17:42:16.954 [main] INFO com.codeborne.selenide.impl.WebDriverThreadLocalContainer - Webdriver has been closed meanwhile. Let's re-create it.
17:42:16.954 [main] INFO com.codeborne.selenide.impl.FileHelper - Deleted empty folder: C:\Users\k.shmana\Desktop\r_d\Kanboard\build\downloads\1690296134507_10268_1
17:42:16.954 [main] INFO com.codeborne.selenide.drivercommands.CloseDriverCommand - Close webdriver: 1 -> ChromeDriver: chrome on windows (9611c7ddf5bc2e045c12b9c3f9abdc8f)...
17:42:16.956 [Driver Command Executor] DEBUG org.asynchttpclient.netty.request.NettyRequestSender - Using pooled Channel '[id: 0x74103f2e, L:/127.0.0.1:51583 - R:localhost/127.0.0.1:42437]' for 'DELETE' to 'http://localhost:42437/session/9611c7ddf5bc2e045c12b9c3f9abdc8f'
17:42:16.956 [Driver Command Executor] DEBUG org.asynchttpclient.netty.request.NettyRequestSender - Using open Channel [id: 0x74103f2e, L:/127.0.0.1:51583 - R:localhost/127.0.0.1:42437] for DELETE '/session/9611c7ddf5bc2e045c12b9c3f9abdc8f'
17:42:16.957 [AsyncHttpClient-1-17] DEBUG org.asynchttpclient.netty.handler.HttpHandler - 

Request DefaultFullHttpRequest(decodeResult: success, version: HTTP/1.1, content: EmptyByteBufBE)
DELETE /session/9611c7ddf5bc2e045c12b9c3f9abdc8f HTTP/1.1
User-Agent: selenium/4.9.1 (java windows)
Content-Type: application/json; charset=utf-8
host: localhost:42437
accept: */*

Response DefaultHttpResponse(decodeResult: success, version: HTTP/1.1)
HTTP/1.1 200 OK
Content-Length: 14
Content-Type: application/json; charset=utf-8
cache-control: no-cache

17:42:16.957 [AsyncHttpClient-1-17] DEBUG org.asynchttpclient.netty.channel.ChannelManager - Adding key: http://localhost:42437 for channel [id: 0x74103f2e, L:/127.0.0.1:51583 - R:localhost/127.0.0.1:42437]
17:42:16.959 [AsyncHttpClient-1-17] DEBUG org.asynchttpclient.netty.handler.HttpHandler - Channel Closed: [id: 0x74103f2e, L:/127.0.0.1:51583 ! R:localhost/127.0.0.1:42437] with attribute DISCARD
17:42:17.018 [main] INFO com.codeborne.selenide.drivercommands.CloseDriverCommand - Closed webdriver 1 in 64 ms
17:42:17.018 [main] INFO com.codeborne.selenide.drivercommands.DisposablesRegistry - Unregister WebDriverInstance[config=StaticConfig,webDriver=ChromeDriver: chrome on windows (null),proxy=null,downloadsFolder=C:\Users\k.shmana\Desktop\r_d\Kanboard\build\downloads\1690296134507_10268_1] in 1 [size=0]
17:42:17.018 [main] DEBUG com.codeborne.selenide.drivercommands.CreateDriverCommand - Creating webdriver in thread 1 (ip: 192.168.195.23, host: N-KV-TYCH1O-F81)...
17:42:17.019 [main] INFO com.codeborne.selenide.impl.FileHelper - Creating folder: C:\Users\k.shmana\Desktop\r_d\Kanboard\build\downloads\1690296137018_10268_1
17:42:17.020 [main] DEBUG com.codeborne.selenide.webdriver.WebDriverFactory - browser=chrome
17:42:17.020 [main] DEBUG com.codeborne.selenide.webdriver.WebDriverFactory - browser.version=null
17:42:17.020 [main] DEBUG com.codeborne.selenide.webdriver.WebDriverFactory - remote=null
17:42:17.020 [main] DEBUG com.codeborne.selenide.webdriver.WebDriverFactory - browserSize=1366x768
17:42:17.020 [main] DEBUG com.codeborne.selenide.webdriver.WebDriverFactory - downloadsFolder=C:\Users\k.shmana\Desktop\r_d\Kanboard\build\downloads\1690296137018_10268_1
17:42:17.020 [main] DEBUG com.codeborne.selenide.webdriver.AbstractChromiumDriverFactory - Using chromium preferences: {credentials_enable_service=false, safebrowsing.enabled=true, plugins.always_open_pdf_externally=true, profile.default_content_setting_values.automatic_downloads=1, download.default_directory=C:\Users\k.shmana\Desktop\r_d\Kanboard\build\downloads\1690296137018_10268_1}
17:42:17.021 [main] DEBUG com.codeborne.selenide.webdriver.ChromeDriverFactory - Chrome options: Capabilities {acceptInsecureCerts: true, browserName: chrome, goog:chromeOptions: {args: [--remote-allow-origins=*, --proxy-bypass-list=<-loopb..., --disable-dev-shm-usage, --window-size=1366,768], excludeSwitches: [enable-automation, load-extension], extensions: [], prefs: {credentials_enable_service: false, download.default_directory: C:\Users\k.shmana\Desktop\r..., plugins.always_open_pdf_externally: true, profile.default_content_setting_values.automatic_downloads: 1, safebrowsing.enabled: true}}, pageLoadStrategy: normal, unhandledPromptBehavior: accept}
17:42:17.028 [main] INFO com.codeborne.selenide.webdriver.SelenideNettyClientFactory - Changed readTimeout from PT3M to PT1M30S
17:42:17.058 [Finalizer] DEBUG org.apache.http.impl.conn.DefaultClientConnection - Connection 0.0.0.0:51354<->127.0.0.1:81 closed
17:42:17.058 [Finalizer] DEBUG org.apache.http.impl.conn.DefaultClientConnection - Connection 0.0.0.0:51355<->127.0.0.1:81 closed
17:42:17.058 [Finalizer] DEBUG org.apache.http.impl.conn.DefaultClientConnection - Connection 0.0.0.0:51353<->127.0.0.1:81 closed
17:42:17.058 [Finalizer] DEBUG org.apache.http.impl.conn.DefaultClientConnection - Connection 0.0.0.0:51352<->127.0.0.1:81 closed
17:42:17.058 [Finalizer] DEBUG org.apache.http.impl.conn.DefaultClientConnection - Connection 0.0.0.0:51521<->127.0.0.1:81 closed
17:42:17.058 [Finalizer] DEBUG org.apache.http.impl.conn.DefaultClientConnection - Connection 0.0.0.0:51520<->127.0.0.1:81 closed
17:42:17.059 [Finalizer] DEBUG org.apache.http.impl.conn.DefaultClientConnection - Connection 0.0.0.0:51519<->127.0.0.1:81 closed
17:42:17.059 [Finalizer] DEBUG org.apache.http.impl.conn.DefaultClientConnection - Connection 0.0.0.0:51604<->127.0.0.1:81 closed
17:42:17.059 [Finalizer] DEBUG org.apache.http.impl.conn.DefaultClientConnection - Connection 0.0.0.0:51603<->127.0.0.1:81 closed
17:42:17.059 [Finalizer] DEBUG org.apache.http.impl.conn.DefaultClientConnection - Connection 0.0.0.0:51577<->127.0.0.1:81 closed
17:42:17.059 [Finalizer] DEBUG org.apache.http.impl.conn.DefaultClientConnection - Connection 0.0.0.0:51576<->127.0.0.1:81 closed
17:42:17.059 [Finalizer] DEBUG org.apache.http.impl.conn.DefaultClientConnection - Connection 0.0.0.0:51487<->127.0.0.1:81 closed
17:42:17.060 [Finalizer] DEBUG org.apache.http.impl.conn.DefaultClientConnection - Connection 0.0.0.0:51486<->127.0.0.1:81 closed
17:42:17.060 [Finalizer] DEBUG org.apache.http.impl.conn.DefaultClientConnection - Connection 0.0.0.0:51485<->127.0.0.1:81 closed
17:42:17.060 [Finalizer] DEBUG org.apache.http.impl.conn.DefaultClientConnection - Connection 0.0.0.0:51484<->127.0.0.1:81 closed
17:42:17.060 [Finalizer] DEBUG org.apache.http.impl.conn.DefaultClientConnection - Connection 0.0.0.0:51552<->127.0.0.1:81 closed
17:42:17.060 [Finalizer] DEBUG org.apache.http.impl.conn.DefaultClientConnection - Connection 0.0.0.0:51551<->127.0.0.1:81 closed
17:42:17.132 [AsyncHttpClient-1-4] DEBUG org.asynchttpclient.netty.channel.NettyConnectListener - Using new Channel '[id: 0x3f0d5218, L:/127.0.0.1:51609 - R:localhost/127.0.0.1:2616]' for 'POST' to '/session'
17:42:17.431 [AsyncHttpClient-1-1] DEBUG org.asynchttpclient.netty.channel.DefaultChannelPool - Entry count for : http://localhost:42437 : 1
17:42:17.431 [AsyncHttpClient-1-1] DEBUG org.asynchttpclient.netty.channel.DefaultChannelPool - Entry count for : http://localhost:51584 : 1
17:42:17.431 [AsyncHttpClient-1-1] DEBUG org.asynchttpclient.netty.channel.DefaultChannelPool - Adding Candidate expired Channel [id: 0x74103f2e, L:/127.0.0.1:51583 ! R:localhost/127.0.0.1:42437] isIdleTimeoutExpired=false isRemotelyClosed=true isTtlExpired=false
17:42:17.431 [AsyncHttpClient-1-1] DEBUG org.asynchttpclient.netty.channel.DefaultChannelPool - Closing Idle Channel [id: 0x74103f2e, L:/127.0.0.1:51583 ! R:localhost/127.0.0.1:42437]
17:42:17.431 [AsyncHttpClient-1-1] DEBUG org.asynchttpclient.netty.channel.DefaultChannelPool - Adding Candidate expired Channel [id: 0x95eee652, L:/127.0.0.1:51593 ! R:localhost/127.0.0.1:51584] isIdleTimeoutExpired=false isRemotelyClosed=true isTtlExpired=false
17:42:17.431 [AsyncHttpClient-1-1] DEBUG org.asynchttpclient.netty.channel.DefaultChannelPool - Closing Idle Channel [id: 0x95eee652, L:/127.0.0.1:51593 ! R:localhost/127.0.0.1:51584]
17:42:17.431 [AsyncHttpClient-1-1] DEBUG org.asynchttpclient.netty.channel.DefaultChannelPool - Closed 2 connections out of 2 in 0 ms
17:42:18.189 [AsyncHttpClient-1-4] DEBUG org.asynchttpclient.netty.handler.HttpHandler - 

Request DefaultHttpRequest(decodeResult: success, version: HTTP/1.1)
POST /session HTTP/1.1
User-Agent: selenium/4.9.1 (java windows)
Content-Length: 996
Content-Type: application/json; charset=utf-8
host: localhost:2616
accept: */*

Response DefaultHttpResponse(decodeResult: success, version: HTTP/1.1)
HTTP/1.1 200 OK
Content-Length: 854
Content-Type: application/json; charset=utf-8
cache-control: no-cache

17:42:18.189 [AsyncHttpClient-1-4] DEBUG org.asynchttpclient.netty.channel.ChannelManager - Adding key: http://localhost:2616 for channel [id: 0x3f0d5218, L:/127.0.0.1:51609 - R:localhost/127.0.0.1:2616]
17:42:18.193 [main] INFO com.codeborne.selenide.webdriver.SelenideNettyClientFactory - Changed readTimeout from PT3M to PT1M30S
17:42:18.196 [AsyncHttpClient-1-5] DEBUG org.asynchttpclient.netty.channel.NettyConnectListener - Using new Channel '[id: 0x69c91431, L:/127.0.0.1:51621 - R:localhost/127.0.0.1:51611]' for 'GET' to '/json/version'
17:42:18.197 [AsyncHttpClient-1-5] DEBUG org.asynchttpclient.netty.handler.HttpHandler - 

Request DefaultFullHttpRequest(decodeResult: success, version: HTTP/1.1, content: EmptyByteBufBE)
GET /json/version HTTP/1.1
User-Agent: selenium/4.9.1 (java windows)
host: localhost:51611
accept: */*

Response DefaultHttpResponse(decodeResult: success, version: HTTP/1.1)
HTTP/1.1 200 OK
Content-Security-Policy: frame-ancestors 'none'
Content-Length: 424
Content-Type: application/json; charset=UTF-8

17:42:18.197 [AsyncHttpClient-1-5] DEBUG org.asynchttpclient.netty.channel.ChannelManager - Adding key: http://localhost:51611 for channel [id: 0x69c91431, L:/127.0.0.1:51621 - R:localhost/127.0.0.1:51611]
17:42:18.198 [main] INFO com.codeborne.selenide.webdriver.SelenideNettyClientFactory - Changed readTimeout from PT3M to PT1M30S
17:42:18.200 [AsyncHttpClient-1-6] DEBUG org.asynchttpclient.netty.channel.NettyConnectListener - Using new Channel '[id: 0xa53419db, L:/127.0.0.1:51622 - R:localhost/127.0.0.1:51611]' for 'GET' to '/devtools/browser/792e8a18-49f1-4448-bc2e-f74d8401584a'
17:42:18.201 [AsyncHttpClient-1-6] DEBUG org.asynchttpclient.netty.handler.WebSocketHandler - 

Request DefaultFullHttpRequest(decodeResult: success, version: HTTP/1.1, content: EmptyByteBufBE)
GET /devtools/browser/792e8a18-49f1-4448-bc2e-f74d8401584a HTTP/1.1
upgrade: websocket
connection: upgrade
sec-websocket-key: zFZz2s9rtx98RuImzu8tmQ==
sec-websocket-version: 13
origin: http://localhost:51611
host: localhost:51611
accept: */*
user-agent: AHC/2.1

Response DefaultHttpResponse(decodeResult: success, version: HTTP/1.1)
HTTP/1.1 101 WebSocket Protocol Handshake
Upgrade: WebSocket
Connection: Upgrade
Sec-WebSocket-Accept: EhACfGduZK0aFo55Wr+Td3taJ5g=

17:42:18.209 [Forwarding setTimeout on session 23709c4048c8d929e3146365bf513e17 to remote] DEBUG org.asynchttpclient.netty.request.NettyRequestSender - Using pooled Channel '[id: 0x3f0d5218, L:/127.0.0.1:51609 - R:localhost/127.0.0.1:2616]' for 'POST' to 'http://localhost:2616/session/23709c4048c8d929e3146365bf513e17/timeouts'
17:42:18.209 [Forwarding setTimeout on session 23709c4048c8d929e3146365bf513e17 to remote] DEBUG org.asynchttpclient.netty.request.NettyRequestSender - Using open Channel [id: 0x3f0d5218, L:/127.0.0.1:51609 - R:localhost/127.0.0.1:2616] for POST '/session/23709c4048c8d929e3146365bf513e17/timeouts'
17:42:18.210 [AsyncHttpClient-1-4] DEBUG org.asynchttpclient.netty.handler.HttpHandler - 

Request DefaultHttpRequest(decodeResult: success, version: HTTP/1.1)
POST /session/23709c4048c8d929e3146365bf513e17/timeouts HTTP/1.1
User-Agent: selenium/4.9.1 (java windows)
Content-Length: 23
Content-Type: application/json; charset=utf-8
host: localhost:2616
accept: */*

Response DefaultHttpResponse(decodeResult: success, version: HTTP/1.1)
HTTP/1.1 200 OK
Content-Length: 14
Content-Type: application/json; charset=utf-8
cache-control: no-cache

17:42:18.210 [AsyncHttpClient-1-4] DEBUG org.asynchttpclient.netty.channel.ChannelManager - Adding key: http://localhost:2616 for channel [id: 0x3f0d5218, L:/127.0.0.1:51609 - R:localhost/127.0.0.1:2616]
17:42:18.211 [main] INFO com.codeborne.selenide.webdriver.WebDriverFactory - BrowserName=chrome Version=114.0.5735.199 Platform=windows
17:42:18.211 [main] INFO com.codeborne.selenide.webdriver.WebDriverFactory - Selenide v. 6.15.0
17:42:18.211 [main] INFO com.codeborne.selenide.webdriver.WebDriverFactory - Selenium WebDriver v. 4.9.1 build revision: eb2032df7f
17:42:18.211 [main] INFO com.codeborne.selenide.drivercommands.CreateDriverCommand - Created webdriver in thread 1: ChromeDriver -> ChromeDriver: chrome on windows (23709c4048c8d929e3146365bf513e17)
17:42:18.211 [main] INFO com.codeborne.selenide.drivercommands.DisposablesRegistry - Register WebDriverInstance[config=StaticConfig,webDriver=ChromeDriver: chrome on windows (23709c4048c8d929e3146365bf513e17),proxy=null,downloadsFolder=C:\Users\k.shmana\Desktop\r_d\Kanboard\build\downloads\1690296137018_10268_1] in 1 [size=1]
17:42:18.212 [Forwarding get on session 23709c4048c8d929e3146365bf513e17 to remote] DEBUG org.asynchttpclient.netty.request.NettyRequestSender - Using pooled Channel '[id: 0x3f0d5218, L:/127.0.0.1:51609 - R:localhost/127.0.0.1:2616]' for 'POST' to 'http://localhost:2616/session/23709c4048c8d929e3146365bf513e17/url'
17:42:18.212 [Forwarding get on session 23709c4048c8d929e3146365bf513e17 to remote] DEBUG org.asynchttpclient.netty.request.NettyRequestSender - Using open Channel [id: 0x3f0d5218, L:/127.0.0.1:51609 - R:localhost/127.0.0.1:2616] for POST '/session/23709c4048c8d929e3146365bf513e17/url'
17:42:18.523 [AsyncHttpClient-1-1] DEBUG org.asynchttpclient.netty.channel.DefaultChannelPool - Entry count for : http://localhost:51611 : 1
17:42:18.643 [AsyncHttpClient-1-4] DEBUG org.asynchttpclient.netty.handler.HttpHandler - 

Request DefaultHttpRequest(decodeResult: success, version: HTTP/1.1)
POST /session/23709c4048c8d929e3146365bf513e17/url HTTP/1.1
User-Agent: selenium/4.9.1 (java windows)
Content-Length: 55
Content-Type: application/json; charset=utf-8
host: localhost:2616
accept: */*

Response DefaultHttpResponse(decodeResult: success, version: HTTP/1.1)
HTTP/1.1 200 OK
Content-Length: 14
Content-Type: application/json; charset=utf-8
cache-control: no-cache

17:42:18.643 [AsyncHttpClient-1-4] DEBUG org.asynchttpclient.netty.channel.ChannelManager - Adding key: http://localhost:2616 for channel [id: 0x3f0d5218, L:/127.0.0.1:51609 - R:localhost/127.0.0.1:2616]
17:42:18.649 [Forwarding findElement on session 23709c4048c8d929e3146365bf513e17 to remote] DEBUG org.asynchttpclient.netty.request.NettyRequestSender - Using pooled Channel '[id: 0x3f0d5218, L:/127.0.0.1:51609 - R:localhost/127.0.0.1:2616]' for 'POST' to 'http://localhost:2616/session/23709c4048c8d929e3146365bf513e17/element'
17:42:18.649 [Forwarding findElement on session 23709c4048c8d929e3146365bf513e17 to remote] DEBUG org.asynchttpclient.netty.request.NettyRequestSender - Using open Channel [id: 0x3f0d5218, L:/127.0.0.1:51609 - R:localhost/127.0.0.1:2616] for POST '/session/23709c4048c8d929e3146365bf513e17/element'
17:42:18.672 [AsyncHttpClient-1-4] DEBUG org.asynchttpclient.netty.handler.HttpHandler - 

Request DefaultHttpRequest(decodeResult: success, version: HTTP/1.1)
POST /session/23709c4048c8d929e3146365bf513e17/element HTTP/1.1
User-Agent: selenium/4.9.1 (java windows)
Content-Length: 75
Content-Type: application/json; charset=utf-8
host: localhost:2616
accept: */*

Response DefaultHttpResponse(decodeResult: success, version: HTTP/1.1)
HTTP/1.1 200 OK
Content-Length: 94
Content-Type: application/json; charset=utf-8
cache-control: no-cache

17:42:18.673 [AsyncHttpClient-1-4] DEBUG org.asynchttpclient.netty.channel.ChannelManager - Adding key: http://localhost:2616 for channel [id: 0x3f0d5218, L:/127.0.0.1:51609 - R:localhost/127.0.0.1:2616]
17:42:18.675 [Forwarding sendKeysToElement on session 23709c4048c8d929e3146365bf513e17 to remote] DEBUG org.asynchttpclient.netty.request.NettyRequestSender - Using pooled Channel '[id: 0x3f0d5218, L:/127.0.0.1:51609 - R:localhost/127.0.0.1:2616]' for 'POST' to 'http://localhost:2616/session/23709c4048c8d929e3146365bf513e17/element/07719DEE26E4FACB4C3669B5675DA82E_element_2/value'
17:42:18.675 [Forwarding sendKeysToElement on session 23709c4048c8d929e3146365bf513e17 to remote] DEBUG org.asynchttpclient.netty.request.NettyRequestSender - Using open Channel [id: 0x3f0d5218, L:/127.0.0.1:51609 - R:localhost/127.0.0.1:2616] for POST '/session/23709c4048c8d929e3146365bf513e17/element/07719DEE26E4FACB4C3669B5675DA82E_element_2/value'
17:42:18.716 [AsyncHttpClient-1-4] DEBUG org.asynchttpclient.netty.handler.HttpHandler - 

Request DefaultHttpRequest(decodeResult: success, version: HTTP/1.1)
POST /session/23709c4048c8d929e3146365bf513e17/element/07719DEE26E4FACB4C3669B5675DA82E_element_2/value HTTP/1.1
User-Agent: selenium/4.9.1 (java windows)
Content-Length: 117
Content-Type: application/json; charset=utf-8
host: localhost:2616
accept: */*

Response DefaultHttpResponse(decodeResult: success, version: HTTP/1.1)
HTTP/1.1 200 OK
Content-Length: 14
Content-Type: application/json; charset=utf-8
cache-control: no-cache

17:42:18.716 [AsyncHttpClient-1-4] DEBUG org.asynchttpclient.netty.channel.ChannelManager - Adding key: http://localhost:2616 for channel [id: 0x3f0d5218, L:/127.0.0.1:51609 - R:localhost/127.0.0.1:2616]
17:42:18.719 [Forwarding findElement on session 23709c4048c8d929e3146365bf513e17 to remote] DEBUG org.asynchttpclient.netty.request.NettyRequestSender - Using pooled Channel '[id: 0x3f0d5218, L:/127.0.0.1:51609 - R:localhost/127.0.0.1:2616]' for 'POST' to 'http://localhost:2616/session/23709c4048c8d929e3146365bf513e17/element'
17:42:18.719 [Forwarding findElement on session 23709c4048c8d929e3146365bf513e17 to remote] DEBUG org.asynchttpclient.netty.request.NettyRequestSender - Using open Channel [id: 0x3f0d5218, L:/127.0.0.1:51609 - R:localhost/127.0.0.1:2616] for POST '/session/23709c4048c8d929e3146365bf513e17/element'
17:42:18.732 [AsyncHttpClient-1-4] DEBUG org.asynchttpclient.netty.handler.HttpHandler - 

Request DefaultHttpRequest(decodeResult: success, version: HTTP/1.1)
POST /session/23709c4048c8d929e3146365bf513e17/element HTTP/1.1
User-Agent: selenium/4.9.1 (java windows)
Content-Length: 75
Content-Type: application/json; charset=utf-8
host: localhost:2616
accept: */*

Response DefaultHttpResponse(decodeResult: success, version: HTTP/1.1)
HTTP/1.1 200 OK
Content-Length: 94
Content-Type: application/json; charset=utf-8
cache-control: no-cache

17:42:18.733 [AsyncHttpClient-1-4] DEBUG org.asynchttpclient.netty.channel.ChannelManager - Adding key: http://localhost:2616 for channel [id: 0x3f0d5218, L:/127.0.0.1:51609 - R:localhost/127.0.0.1:2616]
17:42:18.734 [Forwarding sendKeysToElement on session 23709c4048c8d929e3146365bf513e17 to remote] DEBUG org.asynchttpclient.netty.request.NettyRequestSender - Using pooled Channel '[id: 0x3f0d5218, L:/127.0.0.1:51609 - R:localhost/127.0.0.1:2616]' for 'POST' to 'http://localhost:2616/session/23709c4048c8d929e3146365bf513e17/element/07719DEE26E4FACB4C3669B5675DA82E_element_4/value'
17:42:18.734 [Forwarding sendKeysToElement on session 23709c4048c8d929e3146365bf513e17 to remote] DEBUG org.asynchttpclient.netty.request.NettyRequestSender - Using open Channel [id: 0x3f0d5218, L:/127.0.0.1:51609 - R:localhost/127.0.0.1:2616] for POST '/session/23709c4048c8d929e3146365bf513e17/element/07719DEE26E4FACB4C3669B5675DA82E_element_4/value'
17:42:18.830 [AsyncHttpClient-1-4] DEBUG org.asynchttpclient.netty.handler.HttpHandler - 

Request DefaultHttpRequest(decodeResult: success, version: HTTP/1.1)
POST /session/23709c4048c8d929e3146365bf513e17/element/07719DEE26E4FACB4C3669B5675DA82E_element_4/value HTTP/1.1
User-Agent: selenium/4.9.1 (java windows)
Content-Length: 297
Content-Type: application/json; charset=utf-8
host: localhost:2616
accept: */*

Response DefaultHttpResponse(decodeResult: success, version: HTTP/1.1)
HTTP/1.1 200 OK
Content-Length: 14
Content-Type: application/json; charset=utf-8
cache-control: no-cache

17:42:18.830 [AsyncHttpClient-1-4] DEBUG org.asynchttpclient.netty.channel.ChannelManager - Adding key: http://localhost:2616 for channel [id: 0x3f0d5218, L:/127.0.0.1:51609 - R:localhost/127.0.0.1:2616]
17:42:18.831 [Forwarding findElement on session 23709c4048c8d929e3146365bf513e17 to remote] DEBUG org.asynchttpclient.netty.request.NettyRequestSender - Using pooled Channel '[id: 0x3f0d5218, L:/127.0.0.1:51609 - R:localhost/127.0.0.1:2616]' for 'POST' to 'http://localhost:2616/session/23709c4048c8d929e3146365bf513e17/element'
17:42:18.831 [Forwarding findElement on session 23709c4048c8d929e3146365bf513e17 to remote] DEBUG org.asynchttpclient.netty.request.NettyRequestSender - Using open Channel [id: 0x3f0d5218, L:/127.0.0.1:51609 - R:localhost/127.0.0.1:2616] for POST '/session/23709c4048c8d929e3146365bf513e17/element'
17:42:18.855 [AsyncHttpClient-1-4] DEBUG org.asynchttpclient.netty.handler.HttpHandler - 

Request DefaultHttpRequest(decodeResult: success, version: HTTP/1.1)
POST /session/23709c4048c8d929e3146365bf513e17/element HTTP/1.1
User-Agent: selenium/4.9.1 (java windows)
Content-Length: 73
Content-Type: application/json; charset=utf-8
host: localhost:2616
accept: */*

Response DefaultHttpResponse(decodeResult: success, version: HTTP/1.1)
HTTP/1.1 200 OK
Content-Length: 94
Content-Type: application/json; charset=utf-8
cache-control: no-cache

17:42:18.855 [AsyncHttpClient-1-4] DEBUG org.asynchttpclient.netty.channel.ChannelManager - Adding key: http://localhost:2616 for channel [id: 0x3f0d5218, L:/127.0.0.1:51609 - R:localhost/127.0.0.1:2616]
17:42:18.859 [Forwarding isElementDisplayed on session 23709c4048c8d929e3146365bf513e17 to remote] DEBUG org.asynchttpclient.netty.request.NettyRequestSender - Using pooled Channel '[id: 0x3f0d5218, L:/127.0.0.1:51609 - R:localhost/127.0.0.1:2616]' for 'POST' to 'http://localhost:2616/session/23709c4048c8d929e3146365bf513e17/execute/sync'
17:42:18.859 [Forwarding isElementDisplayed on session 23709c4048c8d929e3146365bf513e17 to remote] DEBUG org.asynchttpclient.netty.request.NettyRequestSender - Using open Channel [id: 0x3f0d5218, L:/127.0.0.1:51609 - R:localhost/127.0.0.1:2616] for POST '/session/23709c4048c8d929e3146365bf513e17/execute/sync'
17:42:18.882 [AsyncHttpClient-1-4] DEBUG org.asynchttpclient.netty.handler.HttpHandler - 

Request DefaultHttpRequest(decodeResult: success, version: HTTP/1.1)
POST /session/23709c4048c8d929e3146365bf513e17/execute/sync HTTP/1.1
User-Agent: selenium/4.9.1 (java windows)
Content-Length: 48813
Content-Type: application/json; charset=utf-8
host: localhost:2616
accept: */*

Response DefaultHttpResponse(decodeResult: success, version: HTTP/1.1)
HTTP/1.1 200 OK
Content-Length: 14
Content-Type: application/json; charset=utf-8
cache-control: no-cache

17:42:18.882 [AsyncHttpClient-1-4] DEBUG org.asynchttpclient.netty.channel.ChannelManager - Adding key: http://localhost:2616 for channel [id: 0x3f0d5218, L:/127.0.0.1:51609 - R:localhost/127.0.0.1:2616]
17:42:18.884 [Forwarding isElementEnabled on session 23709c4048c8d929e3146365bf513e17 to remote] DEBUG org.asynchttpclient.netty.request.NettyRequestSender - Using pooled Channel '[id: 0x3f0d5218, L:/127.0.0.1:51609 - R:localhost/127.0.0.1:2616]' for 'GET' to 'http://localhost:2616/session/23709c4048c8d929e3146365bf513e17/element/07719DEE26E4FACB4C3669B5675DA82E_element_5/enabled'
17:42:18.884 [Forwarding isElementEnabled on session 23709c4048c8d929e3146365bf513e17 to remote] DEBUG org.asynchttpclient.netty.request.NettyRequestSender - Using open Channel [id: 0x3f0d5218, L:/127.0.0.1:51609 - R:localhost/127.0.0.1:2616] for GET '/session/23709c4048c8d929e3146365bf513e17/element/07719DEE26E4FACB4C3669B5675DA82E_element_5/enabled'
17:42:18.898 [AsyncHttpClient-1-4] DEBUG org.asynchttpclient.netty.handler.HttpHandler - 

Request DefaultFullHttpRequest(decodeResult: success, version: HTTP/1.1, content: EmptyByteBufBE)
GET /session/23709c4048c8d929e3146365bf513e17/element/07719DEE26E4FACB4C3669B5675DA82E_element_5/enabled HTTP/1.1
User-Agent: selenium/4.9.1 (java windows)
Cache-Control: no-cache
Content-Type: application/json; charset=utf-8
host: localhost:2616
accept: */*

Response DefaultHttpResponse(decodeResult: success, version: HTTP/1.1)
HTTP/1.1 200 OK
Content-Length: 14
Content-Type: application/json; charset=utf-8
cache-control: no-cache

17:42:18.898 [AsyncHttpClient-1-4] DEBUG org.asynchttpclient.netty.channel.ChannelManager - Adding key: http://localhost:2616 for channel [id: 0x3f0d5218, L:/127.0.0.1:51609 - R:localhost/127.0.0.1:2616]
17:42:18.899 [Forwarding clickElement on session 23709c4048c8d929e3146365bf513e17 to remote] DEBUG org.asynchttpclient.netty.request.NettyRequestSender - Using pooled Channel '[id: 0x3f0d5218, L:/127.0.0.1:51609 - R:localhost/127.0.0.1:2616]' for 'POST' to 'http://localhost:2616/session/23709c4048c8d929e3146365bf513e17/element/07719DEE26E4FACB4C3669B5675DA82E_element_5/click'
17:42:18.899 [Forwarding clickElement on session 23709c4048c8d929e3146365bf513e17 to remote] DEBUG org.asynchttpclient.netty.request.NettyRequestSender - Using open Channel [id: 0x3f0d5218, L:/127.0.0.1:51609 - R:localhost/127.0.0.1:2616] for POST '/session/23709c4048c8d929e3146365bf513e17/element/07719DEE26E4FACB4C3669B5675DA82E_element_5/click'
17:42:19.092 [AsyncHttpClient-1-4] DEBUG org.asynchttpclient.netty.handler.HttpHandler - 

Request DefaultHttpRequest(decodeResult: success, version: HTTP/1.1)
POST /session/23709c4048c8d929e3146365bf513e17/element/07719DEE26E4FACB4C3669B5675DA82E_element_5/click HTTP/1.1
User-Agent: selenium/4.9.1 (java windows)
Content-Length: 56
Content-Type: application/json; charset=utf-8
host: localhost:2616
accept: */*

Response DefaultHttpResponse(decodeResult: success, version: HTTP/1.1)
HTTP/1.1 200 OK
Content-Length: 14
Content-Type: application/json; charset=utf-8
cache-control: no-cache

17:42:19.092 [AsyncHttpClient-1-4] DEBUG org.asynchttpclient.netty.channel.ChannelManager - Adding key: http://localhost:2616 for channel [id: 0x3f0d5218, L:/127.0.0.1:51609 - R:localhost/127.0.0.1:2616]
17:42:19.093 [Forwarding findElement on session 23709c4048c8d929e3146365bf513e17 to remote] DEBUG org.asynchttpclient.netty.request.NettyRequestSender - Using pooled Channel '[id: 0x3f0d5218, L:/127.0.0.1:51609 - R:localhost/127.0.0.1:2616]' for 'POST' to 'http://localhost:2616/session/23709c4048c8d929e3146365bf513e17/element'
17:42:19.094 [Forwarding findElement on session 23709c4048c8d929e3146365bf513e17 to remote] DEBUG org.asynchttpclient.netty.request.NettyRequestSender - Using open Channel [id: 0x3f0d5218, L:/127.0.0.1:51609 - R:localhost/127.0.0.1:2616] for POST '/session/23709c4048c8d929e3146365bf513e17/element'
17:42:19.112 [AsyncHttpClient-1-4] DEBUG org.asynchttpclient.netty.handler.HttpHandler - 

Request DefaultHttpRequest(decodeResult: success, version: HTTP/1.1)
POST /session/23709c4048c8d929e3146365bf513e17/element HTTP/1.1
User-Agent: selenium/4.9.1 (java windows)
Content-Length: 78
Content-Type: application/json; charset=utf-8
host: localhost:2616
accept: */*

Response DefaultHttpResponse(decodeResult: success, version: HTTP/1.1)
HTTP/1.1 200 OK
Content-Length: 94
Content-Type: application/json; charset=utf-8
cache-control: no-cache

17:42:19.112 [AsyncHttpClient-1-4] DEBUG org.asynchttpclient.netty.channel.ChannelManager - Adding key: http://localhost:2616 for channel [id: 0x3f0d5218, L:/127.0.0.1:51609 - R:localhost/127.0.0.1:2616]
17:42:19.112 [Forwarding getElementTagName on session 23709c4048c8d929e3146365bf513e17 to remote] DEBUG org.asynchttpclient.netty.request.NettyRequestSender - Using pooled Channel '[id: 0x3f0d5218, L:/127.0.0.1:51609 - R:localhost/127.0.0.1:2616]' for 'GET' to 'http://localhost:2616/session/23709c4048c8d929e3146365bf513e17/element/CA7267A01BA82AD04474E30EB6D4494C_element_8/name'
17:42:19.112 [Forwarding getElementTagName on session 23709c4048c8d929e3146365bf513e17 to remote] DEBUG org.asynchttpclient.netty.request.NettyRequestSender - Using open Channel [id: 0x3f0d5218, L:/127.0.0.1:51609 - R:localhost/127.0.0.1:2616] for GET '/session/23709c4048c8d929e3146365bf513e17/element/CA7267A01BA82AD04474E30EB6D4494C_element_8/name'
17:42:19.122 [AsyncHttpClient-1-4] DEBUG org.asynchttpclient.netty.handler.HttpHandler - 

Request DefaultFullHttpRequest(decodeResult: success, version: HTTP/1.1, content: EmptyByteBufBE)
GET /session/23709c4048c8d929e3146365bf513e17/element/CA7267A01BA82AD04474E30EB6D4494C_element_8/name HTTP/1.1
User-Agent: selenium/4.9.1 (java windows)
Cache-Control: no-cache
Content-Type: application/json; charset=utf-8
host: localhost:2616
accept: */*

Response DefaultHttpResponse(decodeResult: success, version: HTTP/1.1)
HTTP/1.1 200 OK
Content-Length: 13
Content-Type: application/json; charset=utf-8
cache-control: no-cache

17:42:19.123 [AsyncHttpClient-1-4] DEBUG org.asynchttpclient.netty.channel.ChannelManager - Adding key: http://localhost:2616 for channel [id: 0x3f0d5218, L:/127.0.0.1:51609 - R:localhost/127.0.0.1:2616]
17:42:19.124 [Forwarding getElementText on session 23709c4048c8d929e3146365bf513e17 to remote] DEBUG org.asynchttpclient.netty.request.NettyRequestSender - Using pooled Channel '[id: 0x3f0d5218, L:/127.0.0.1:51609 - R:localhost/127.0.0.1:2616]' for 'GET' to 'http://localhost:2616/session/23709c4048c8d929e3146365bf513e17/element/CA7267A01BA82AD04474E30EB6D4494C_element_8/text'
17:42:19.124 [Forwarding getElementText on session 23709c4048c8d929e3146365bf513e17 to remote] DEBUG org.asynchttpclient.netty.request.NettyRequestSender - Using open Channel [id: 0x3f0d5218, L:/127.0.0.1:51609 - R:localhost/127.0.0.1:2616] for GET '/session/23709c4048c8d929e3146365bf513e17/element/CA7267A01BA82AD04474E30EB6D4494C_element_8/text'
17:42:19.148 [AsyncHttpClient-1-4] DEBUG org.asynchttpclient.netty.handler.HttpHandler - 

Request DefaultFullHttpRequest(decodeResult: success, version: HTTP/1.1, content: EmptyByteBufBE)
GET /session/23709c4048c8d929e3146365bf513e17/element/CA7267A01BA82AD04474E30EB6D4494C_element_8/text HTTP/1.1
User-Agent: selenium/4.9.1 (java windows)
Cache-Control: no-cache
Content-Type: application/json; charset=utf-8
host: localhost:2616
accept: */*

Response DefaultHttpResponse(decodeResult: success, version: HTTP/1.1)
HTTP/1.1 200 OK
Content-Length: 36
Content-Type: application/json; charset=utf-8
cache-control: no-cache

17:42:19.148 [AsyncHttpClient-1-4] DEBUG org.asynchttpclient.netty.channel.ChannelManager - Adding key: http://localhost:2616 for channel [id: 0x3f0d5218, L:/127.0.0.1:51609 - R:localhost/127.0.0.1:2616]
]]></system-out>
    <system-err><![CDATA[Starting ChromeDriver 114.0.5735.90 (386bc09e8f4f2e025eddae123f36f6263096ae49-refs/branch-heads/5735@{#1052}) on port 2616
Only local connections are allowed.
Please see https://chromedriver.chromium.org/security-considerations for suggestions on keeping ChromeDriver safe.
ChromeDriver was started successfully.
июл. 25, 2023 5:42:18 PM org.openqa.selenium.devtools.CdpVersionFinder findNearestMatch
WARNING: Unable to find an exact match for CDP version 114, so returning the closest version found: 113
]]></system-err>
  </testcase>
</testsuite>