<?xml version="1.0" encoding="UTF-8"?>
<testsuite xmlns:xsi="http://www.w3.org/2001/XMLSchema-instance" xsi:noNamespaceSchemaLocation="https://maven.apache.org/surefire/maven-surefire-plugin/xsd/surefire-test-report-3.0.xsd" version="3.0" name="TestSuite" time="53.807" tests="13" errors="0" skipped="0" failures="0">
  <properties>
    <property name="java.specification.version" value="17"/>
    <property name="webdriver.chrome.driver" value="C:\Users\k.shmana\.cache\selenium\chromedriver\win32\114.0.5735.90\chromedriver.exe"/>
    <property name="sun.cpu.isalist" value="amd64"/>
    <property name="sun.jnu.encoding" value="Cp1251"/>
    <property name="java.class.path" value="C:\Users\k.shmana\Desktop\r_d\Kanboard\target\test-classes;C:\Users\k.shmana\Desktop\r_d\Kanboard\target\classes;C:\Users\k.shmana\.m2\repository\org\testng\testng\7.7.1\testng-7.7.1.jar;C:\Users\k.shmana\.m2\repository\com\beust\jcommander\1.82\jcommander-1.82.jar;C:\Users\k.shmana\.m2\repository\org\webjars\jquery\3.6.1\jquery-3.6.1.jar;C:\Users\k.shmana\.m2\repository\io\qameta\allure\allure-testng\2.22.0\allure-testng-2.22.0.jar;C:\Users\k.shmana\.m2\repository\io\qameta\allure\allure-java-commons\2.22.0\allure-java-commons-2.22.0.jar;C:\Users\k.shmana\.m2\repository\io\qameta\allure\allure-model\2.22.0\allure-model-2.22.0.jar;C:\Users\k.shmana\.m2\repository\io\qameta\allure\allure-test-filter\2.22.0\allure-test-filter-2.22.0.jar;C:\Users\k.shmana\.m2\repository\org\seleniumhq\selenium\selenium-java\4.9.1\selenium-java-4.9.1.jar;C:\Users\k.shmana\.m2\repository\org\seleniumhq\selenium\selenium-api\4.9.1\selenium-api-4.9.1.jar;C:\Users\k.shmana\.m2\repository\org\seleniumhq\selenium\selenium-chrome-driver\4.9.1\selenium-chrome-driver-4.9.1.jar;C:\Users\k.shmana\.m2\repository\com\google\auto\service\auto-service-annotations\1.0.1\auto-service-annotations-1.0.1.jar;C:\Users\k.shmana\.m2\repository\com\google\auto\service\auto-service\1.0.1\auto-service-1.0.1.jar;C:\Users\k.shmana\.m2\repository\com\google\auto\auto-common\1.2\auto-common-1.2.jar;C:\Users\k.shmana\.m2\repository\org\seleniumhq\selenium\selenium-chromium-driver\4.9.1\selenium-chromium-driver-4.9.1.jar;C:\Users\k.shmana\.m2\repository\org\seleniumhq\selenium\selenium-json\4.9.1\selenium-json-4.9.1.jar;C:\Users\k.shmana\.m2\repository\org\seleniumhq\selenium\selenium-manager\4.9.1\selenium-manager-4.9.1.jar;C:\Users\k.shmana\.m2\repository\org\seleniumhq\selenium\selenium-devtools-v111\4.9.1\selenium-devtools-v111-4.9.1.jar;C:\Users\k.shmana\.m2\repository\org\seleniumhq\selenium\selenium-devtools-v112\4.9.1\selenium-devtools-v112-4.9.1.jar;C:\Users\k.shmana\.m2\repository\org\seleniumhq\selenium\selenium-devtools-v113\4.9.1\selenium-devtools-v113-4.9.1.jar;C:\Users\k.shmana\.m2\repository\org\seleniumhq\selenium\selenium-devtools-v85\4.9.1\selenium-devtools-v85-4.9.1.jar;C:\Users\k.shmana\.m2\repository\org\seleniumhq\selenium\selenium-edge-driver\4.9.1\selenium-edge-driver-4.9.1.jar;C:\Users\k.shmana\.m2\repository\org\seleniumhq\selenium\selenium-firefox-driver\4.9.1\selenium-firefox-driver-4.9.1.jar;C:\Users\k.shmana\.m2\repository\org\seleniumhq\selenium\selenium-http\4.9.1\selenium-http-4.9.1.jar;C:\Users\k.shmana\.m2\repository\dev\failsafe\failsafe\3.3.1\failsafe-3.3.1.jar;C:\Users\k.shmana\.m2\repository\org\seleniumhq\selenium\selenium-ie-driver\4.9.1\selenium-ie-driver-4.9.1.jar;C:\Users\k.shmana\.m2\repository\org\seleniumhq\selenium\selenium-remote-driver\4.9.1\selenium-remote-driver-4.9.1.jar;C:\Users\k.shmana\.m2\repository\io\netty\netty-buffer\4.1.91.Final\netty-buffer-4.1.91.Final.jar;C:\Users\k.shmana\.m2\repository\io\netty\netty-codec-http\4.1.91.Final\netty-codec-http-4.1.91.Final.jar;C:\Users\k.shmana\.m2\repository\io\netty\netty-codec\4.1.91.Final\netty-codec-4.1.91.Final.jar;C:\Users\k.shmana\.m2\repository\io\netty\netty-handler\4.1.91.Final\netty-handler-4.1.91.Final.jar;C:\Users\k.shmana\.m2\repository\io\netty\netty-common\4.1.91.Final\netty-common-4.1.91.Final.jar;C:\Users\k.shmana\.m2\repository\io\netty\netty-transport-classes-epoll\4.1.91.Final\netty-transport-classes-epoll-4.1.91.Final.jar;C:\Users\k.shmana\.m2\repository\io\netty\netty-transport-classes-kqueue\4.1.91.Final\netty-transport-classes-kqueue-4.1.91.Final.jar;C:\Users\k.shmana\.m2\repository\io\netty\netty-transport-native-epoll\4.1.91.Final\netty-transport-native-epoll-4.1.91.Final.jar;C:\Users\k.shmana\.m2\repository\io\netty\netty-transport-native-kqueue\4.1.91.Final\netty-transport-native-kqueue-4.1.91.Final.jar;C:\Users\k.shmana\.m2\repository\io\netty\netty-transport-native-unix-common\4.1.91.Final\netty-transport-native-unix-common-4.1.91.Final.jar;C:\Users\k.shmana\.m2\repository\io\netty\netty-transport\4.1.91.Final\netty-transport-4.1.91.Final.jar;C:\Users\k.shmana\.m2\repository\io\netty\netty-resolver\4.1.91.Final\netty-resolver-4.1.91.Final.jar;C:\Users\k.shmana\.m2\repository\io\opentelemetry\opentelemetry-api\1.25.0\opentelemetry-api-1.25.0.jar;C:\Users\k.shmana\.m2\repository\io\opentelemetry\opentelemetry-context\1.25.0\opentelemetry-context-1.25.0.jar;C:\Users\k.shmana\.m2\repository\io\opentelemetry\opentelemetry-exporter-logging\1.25.0\opentelemetry-exporter-logging-1.25.0.jar;C:\Users\k.shmana\.m2\repository\io\opentelemetry\opentelemetry-sdk-metrics\1.25.0\opentelemetry-sdk-metrics-1.25.0.jar;C:\Users\k.shmana\.m2\repository\io\opentelemetry\opentelemetry-sdk-logs\1.25.0-alpha\opentelemetry-sdk-logs-1.25.0-alpha.jar;C:\Users\k.shmana\.m2\repository\io\opentelemetry\opentelemetry-api-logs\1.25.0-alpha\opentelemetry-api-logs-1.25.0-alpha.jar;C:\Users\k.shmana\.m2\repository\io\opentelemetry\opentelemetry-api-events\1.25.0-alpha\opentelemetry-api-events-1.25.0-alpha.jar;C:\Users\k.shmana\.m2\repository\io\opentelemetry\opentelemetry-sdk-common\1.25.0\opentelemetry-sdk-common-1.25.0.jar;C:\Users\k.shmana\.m2\repository\io\opentelemetry\opentelemetry-sdk-extension-autoconfigure-spi\1.25.0\opentelemetry-sdk-extension-autoconfigure-spi-1.25.0.jar;C:\Users\k.shmana\.m2\repository\io\opentelemetry\opentelemetry-sdk-extension-autoconfigure\1.25.0-alpha\opentelemetry-sdk-extension-autoconfigure-1.25.0-alpha.jar;C:\Users\k.shmana\.m2\repository\io\opentelemetry\opentelemetry-sdk-trace\1.25.0\opentelemetry-sdk-trace-1.25.0.jar;C:\Users\k.shmana\.m2\repository\io\opentelemetry\opentelemetry-sdk\1.25.0\opentelemetry-sdk-1.25.0.jar;C:\Users\k.shmana\.m2\repository\io\opentelemetry\opentelemetry-semconv\1.25.0-alpha\opentelemetry-semconv-1.25.0-alpha.jar;C:\Users\k.shmana\.m2\repository\io\ous\jtoml\2.0.0\jtoml-2.0.0.jar;C:\Users\k.shmana\.m2\repository\net\bytebuddy\byte-buddy\1.14.4\byte-buddy-1.14.4.jar;C:\Users\k.shmana\.m2\repository\org\apache\commons\commons-exec\1.3\commons-exec-1.3.jar;C:\Users\k.shmana\.m2\repository\org\asynchttpclient\async-http-client\2.12.3\async-http-client-2.12.3.jar;C:\Users\k.shmana\.m2\repository\org\asynchttpclient\async-http-client-netty-utils\2.12.3\async-http-client-netty-utils-2.12.3.jar;C:\Users\k.shmana\.m2\repository\io\netty\netty-codec-socks\4.1.60.Final\netty-codec-socks-4.1.60.Final.jar;C:\Users\k.shmana\.m2\repository\io\netty\netty-handler-proxy\4.1.60.Final\netty-handler-proxy-4.1.60.Final.jar;C:\Users\k.shmana\.m2\repository\io\netty\netty-transport-native-epoll\4.1.60.Final\netty-transport-native-epoll-4.1.60.Final-linux-x86_64.jar;C:\Users\k.shmana\.m2\repository\io\netty\netty-transport-native-kqueue\4.1.60.Final\netty-transport-native-kqueue-4.1.60.Final-osx-x86_64.jar;C:\Users\k.shmana\.m2\repository\org\reactivestreams\reactive-streams\1.0.3\reactive-streams-1.0.3.jar;C:\Users\k.shmana\.m2\repository\com\typesafe\netty\netty-reactive-streams\2.0.4\netty-reactive-streams-2.0.4.jar;C:\Users\k.shmana\.m2\repository\com\sun\activation\jakarta.activation\1.2.2\jakarta.activation-1.2.2.jar;C:\Users\k.shmana\.m2\repository\org\seleniumhq\selenium\selenium-safari-driver\4.9.1\selenium-safari-driver-4.9.1.jar;C:\Users\k.shmana\.m2\repository\org\seleniumhq\selenium\selenium-support\4.9.1\selenium-support-4.9.1.jar;C:\Users\k.shmana\.m2\repository\io\github\bonigarcia\webdrivermanager\5.3.3\webdrivermanager-5.3.3.jar;C:\Users\k.shmana\.m2\repository\com\google\code\gson\gson\2.10.1\gson-2.10.1.jar;C:\Users\k.shmana\.m2\repository\com\github\docker-java\docker-java\3.3.0\docker-java-3.3.0.jar;C:\Users\k.shmana\.m2\repository\com\github\docker-java\docker-java-core\3.3.0\docker-java-core-3.3.0.jar;C:\Users\k.shmana\.m2\repository\com\github\docker-java\docker-java-api\3.3.0\docker-java-api-3.3.0.jar;C:\Users\k.shmana\.m2\repository\org\bouncycastle\bcpkix-jdk15on\1.64\bcpkix-jdk15on-1.64.jar;C:\Users\k.shmana\.m2\repository\org\bouncycastle\bcprov-jdk15on\1.64\bcprov-jdk15on-1.64.jar;C:\Users\k.shmana\.m2\repository\org\slf4j\jcl-over-slf4j\1.7.30\jcl-over-slf4j-1.7.30.jar;C:\Users\k.shmana\.m2\repository\com\github\docker-java\docker-java-transport-httpclient5\3.3.0\docker-java-transport-httpclient5-3.3.0.jar;C:\Users\k.shmana\.m2\repository\com\github\docker-java\docker-java-transport\3.3.0\docker-java-transport-3.3.0.jar;C:\Users\k.shmana\.m2\repository\net\java\dev\jna\jna\5.12.1\jna-5.12.1.jar;C:\Users\k.shmana\.m2\repository\org\brotli\dec\0.1.2\dec-0.1.2.jar;C:\Users\k.shmana\.m2\repository\org\apache\commons\commons-lang3\3.12.0\commons-lang3-3.12.0.jar;C:\Users\k.shmana\.m2\repository\org\apache\httpcomponents\client5\httpclient5\5.2.1\httpclient5-5.2.1.jar;C:\Users\k.shmana\.m2\repository\org\apache\httpcomponents\core5\httpcore5\5.2\httpcore5-5.2.jar;C:\Users\k.shmana\.m2\repository\org\apache\httpcomponents\core5\httpcore5-h2\5.2\httpcore5-h2-5.2.jar;C:\Users\k.shmana\.m2\repository\com\github\javafaker\javafaker\1.0.2\javafaker-1.0.2.jar;C:\Users\k.shmana\.m2\repository\org\yaml\snakeyaml\1.23\snakeyaml-1.23-android.jar;C:\Users\k.shmana\.m2\repository\com\github\mifmif\generex\1.0.2\generex-1.0.2.jar;C:\Users\k.shmana\.m2\repository\dk\brics\automaton\automaton\1.11-8\automaton-1.11-8.jar;C:\Users\k.shmana\.m2\repository\com\codeborne\selenide\6.15.0\selenide-6.15.0.jar;C:\Users\k.shmana\.m2\repository\com\codeborne\selenide-core\6.15.0\selenide-core-6.15.0.jar;C:\Users\k.shmana\.m2\repository\org\opentest4j\opentest4j\1.2.0\opentest4j-1.2.0.jar;C:\Users\k.shmana\.m2\repository\org\apache\commons\commons-compress\1.23.0\commons-compress-1.23.0.jar;C:\Users\k.shmana\.m2\repository\com\google\guava\guava\31.1-jre\guava-31.1-jre.jar;C:\Users\k.shmana\.m2\repository\com\google\guava\failureaccess\1.0.1\failureaccess-1.0.1.jar;C:\Users\k.shmana\.m2\repository\com\google\guava\listenablefuture\9999.0-empty-to-avoid-conflict-with-guava\listenablefuture-9999.0-empty-to-avoid-conflict-with-guava.jar;C:\Users\k.shmana\.m2\repository\com\google\code\findbugs\jsr305\3.0.2\jsr305-3.0.2.jar;C:\Users\k.shmana\.m2\repository\org\checkerframework\checker-qual\3.12.0\checker-qual-3.12.0.jar;C:\Users\k.shmana\.m2\repository\com\google\errorprone\error_prone_annotations\2.11.0\error_prone_annotations-2.11.0.jar;C:\Users\k.shmana\.m2\repository\com\google\j2objc\j2objc-annotations\1.3\j2objc-annotations-1.3.jar;C:\Users\k.shmana\.m2\repository\commons-io\commons-io\2.12.0\commons-io-2.12.0.jar;C:\Users\k.shmana\.m2\repository\org\json\json\20220320\json-20220320.jar;C:\Users\k.shmana\.m2\repository\com\fasterxml\jackson\core\jackson-databind\2.15.2\jackson-databind-2.15.2.jar;C:\Users\k.shmana\.m2\repository\com\fasterxml\jackson\core\jackson-annotations\2.15.2\jackson-annotations-2.15.2.jar;C:\Users\k.shmana\.m2\repository\com\fasterxml\jackson\core\jackson-core\2.15.2\jackson-core-2.15.2.jar;C:\Users\k.shmana\.m2\repository\io\rest-assured\rest-assured\5.3.0\rest-assured-5.3.0.jar;C:\Users\k.shmana\.m2\repository\org\apache\groovy\groovy\4.0.6\groovy-4.0.6.jar;C:\Users\k.shmana\.m2\repository\org\apache\groovy\groovy-xml\4.0.6\groovy-xml-4.0.6.jar;C:\Users\k.shmana\.m2\repository\org\apache\httpcomponents\httpclient\4.5.13\httpclient-4.5.13.jar;C:\Users\k.shmana\.m2\repository\org\apache\httpcomponents\httpcore\4.4.13\httpcore-4.4.13.jar;C:\Users\k.shmana\.m2\repository\commons-logging\commons-logging\1.2\commons-logging-1.2.jar;C:\Users\k.shmana\.m2\repository\commons-codec\commons-codec\1.11\commons-codec-1.11.jar;C:\Users\k.shmana\.m2\repository\org\apache\httpcomponents\httpmime\4.5.13\httpmime-4.5.13.jar;C:\Users\k.shmana\.m2\repository\org\hamcrest\hamcrest\2.1\hamcrest-2.1.jar;C:\Users\k.shmana\.m2\repository\org\ccil\cowan\tagsoup\tagsoup\1.2.1\tagsoup-1.2.1.jar;C:\Users\k.shmana\.m2\repository\io\rest-assured\json-path\5.3.0\json-path-5.3.0.jar;C:\Users\k.shmana\.m2\repository\org\apache\groovy\groovy-json\4.0.6\groovy-json-4.0.6.jar;C:\Users\k.shmana\.m2\repository\io\rest-assured\rest-assured-common\5.3.0\rest-assured-common-5.3.0.jar;C:\Users\k.shmana\.m2\repository\io\rest-assured\xml-path\5.3.0\xml-path-5.3.0.jar;C:\Users\k.shmana\.m2\repository\io\rest-assured\json-schema-validator\5.3.0\json-schema-validator-5.3.0.jar;C:\Users\k.shmana\.m2\repository\com\github\java-json-tools\json-schema-validator\2.2.14\json-schema-validator-2.2.14.jar;C:\Users\k.shmana\.m2\repository\com\github\java-json-tools\jackson-coreutils-equivalence\1.0\jackson-coreutils-equivalence-1.0.jar;C:\Users\k.shmana\.m2\repository\com\github\java-json-tools\jackson-coreutils\2.0\jackson-coreutils-2.0.jar;C:\Users\k.shmana\.m2\repository\com\github\java-json-tools\msg-simple\1.2\msg-simple-1.2.jar;C:\Users\k.shmana\.m2\repository\com\github\java-json-tools\btf\1.3\btf-1.3.jar;C:\Users\k.shmana\.m2\repository\com\github\java-json-tools\json-schema-core\1.2.14\json-schema-core-1.2.14.jar;C:\Users\k.shmana\.m2\repository\com\github\java-json-tools\uri-template\0.10\uri-template-0.10.jar;C:\Users\k.shmana\.m2\repository\org\mozilla\rhino\1.7.7.2\rhino-1.7.7.2.jar;C:\Users\k.shmana\.m2\repository\com\sun\mail\mailapi\1.6.2\mailapi-1.6.2.jar;C:\Users\k.shmana\.m2\repository\joda-time\joda-time\2.10.5\joda-time-2.10.5.jar;C:\Users\k.shmana\.m2\repository\com\googlecode\libphonenumber\libphonenumber\8.11.1\libphonenumber-8.11.1.jar;C:\Users\k.shmana\.m2\repository\net\sf\jopt-simple\jopt-simple\5.0.4\jopt-simple-5.0.4.jar;C:\Users\k.shmana\.m2\repository\org\projectlombok\lombok\1.18.28\lombok-1.18.28.jar;C:\Users\k.shmana\.m2\repository\com\fasterxml\jackson\datatype\jackson-datatype-jsr310\2.15.2\jackson-datatype-jsr310-2.15.2.jar;C:\Users\k.shmana\.m2\repository\org\slf4j\slf4j-api\1.7.36\slf4j-api-1.7.36.jar;C:\Users\k.shmana\.m2\repository\ch\qos\logback\logback-classic\1.2.6\logback-classic-1.2.6.jar;C:\Users\k.shmana\.m2\repository\ch\qos\logback\logback-core\1.2.6\logback-core-1.2.6.jar;C:\Users\k.shmana\.m2\repository\org\apache\logging\log4j\log4j-api\2.17.1\log4j-api-2.17.1.jar;C:\Users\k.shmana\.m2\repository\org\apache\logging\log4j\log4j-core\2.17.1\log4j-core-2.17.1.jar;C:\Users\k.shmana\.m2\repository\com\opencsv\opencsv\5.7.1\opencsv-5.7.1.jar;C:\Users\k.shmana\.m2\repository\org\apache\commons\commons-text\1.10.0\commons-text-1.10.0.jar;C:\Users\k.shmana\.m2\repository\commons-beanutils\commons-beanutils\1.9.4\commons-beanutils-1.9.4.jar;C:\Users\k.shmana\.m2\repository\commons-collections\commons-collections\3.2.2\commons-collections-3.2.2.jar;C:\Users\k.shmana\.m2\repository\org\apache\commons\commons-collections4\4.4\commons-collections4-4.4.jar;"/>
    <property name="java.vm.vendor" value="Oracle Corporation"/>
    <property name="sun.arch.data.model" value="64"/>
    <property name="user.variant" value=""/>
    <property name="java.vendor.url" value="https://java.oracle.com/"/>
    <property name="user.timezone" value="Europe/Kiev"/>
    <property name="os.name" value="Windows 10"/>
    <property name="java.vm.specification.version" value="17"/>
    <property name="sun.java.launcher" value="SUN_STANDARD"/>
    <property name="user.country" value="RU"/>
    <property name="sun.boot.library.path" value="C:\Program Files\Java\jdk-17\bin"/>
    <property name="sun.java.command" value="C:\Users\k.shmana\AppData\Local\Temp\surefire5038246360624200801\surefirebooter-20230726191539066_3.jar C:\Users\k.shmana\AppData\Local\Temp\surefire5038246360624200801 2023-07-26T19-15-38_435-jvmRun1 surefire-20230726191539066_1tmp surefire_0-20230726191539066_2tmp"/>
    <property name="jdk.debug" value="release"/>
    <property name="surefire.test.class.path" value="C:\Users\k.shmana\Desktop\r_d\Kanboard\target\test-classes;C:\Users\k.shmana\Desktop\r_d\Kanboard\target\classes;C:\Users\k.shmana\.m2\repository\org\testng\testng\7.7.1\testng-7.7.1.jar;C:\Users\k.shmana\.m2\repository\com\beust\jcommander\1.82\jcommander-1.82.jar;C:\Users\k.shmana\.m2\repository\org\webjars\jquery\3.6.1\jquery-3.6.1.jar;C:\Users\k.shmana\.m2\repository\io\qameta\allure\allure-testng\2.22.0\allure-testng-2.22.0.jar;C:\Users\k.shmana\.m2\repository\io\qameta\allure\allure-java-commons\2.22.0\allure-java-commons-2.22.0.jar;C:\Users\k.shmana\.m2\repository\io\qameta\allure\allure-model\2.22.0\allure-model-2.22.0.jar;C:\Users\k.shmana\.m2\repository\io\qameta\allure\allure-test-filter\2.22.0\allure-test-filter-2.22.0.jar;C:\Users\k.shmana\.m2\repository\org\seleniumhq\selenium\selenium-java\4.9.1\selenium-java-4.9.1.jar;C:\Users\k.shmana\.m2\repository\org\seleniumhq\selenium\selenium-api\4.9.1\selenium-api-4.9.1.jar;C:\Users\k.shmana\.m2\repository\org\seleniumhq\selenium\selenium-chrome-driver\4.9.1\selenium-chrome-driver-4.9.1.jar;C:\Users\k.shmana\.m2\repository\com\google\auto\service\auto-service-annotations\1.0.1\auto-service-annotations-1.0.1.jar;C:\Users\k.shmana\.m2\repository\com\google\auto\service\auto-service\1.0.1\auto-service-1.0.1.jar;C:\Users\k.shmana\.m2\repository\com\google\auto\auto-common\1.2\auto-common-1.2.jar;C:\Users\k.shmana\.m2\repository\org\seleniumhq\selenium\selenium-chromium-driver\4.9.1\selenium-chromium-driver-4.9.1.jar;C:\Users\k.shmana\.m2\repository\org\seleniumhq\selenium\selenium-json\4.9.1\selenium-json-4.9.1.jar;C:\Users\k.shmana\.m2\repository\org\seleniumhq\selenium\selenium-manager\4.9.1\selenium-manager-4.9.1.jar;C:\Users\k.shmana\.m2\repository\org\seleniumhq\selenium\selenium-devtools-v111\4.9.1\selenium-devtools-v111-4.9.1.jar;C:\Users\k.shmana\.m2\repository\org\seleniumhq\selenium\selenium-devtools-v112\4.9.1\selenium-devtools-v112-4.9.1.jar;C:\Users\k.shmana\.m2\repository\org\seleniumhq\selenium\selenium-devtools-v113\4.9.1\selenium-devtools-v113-4.9.1.jar;C:\Users\k.shmana\.m2\repository\org\seleniumhq\selenium\selenium-devtools-v85\4.9.1\selenium-devtools-v85-4.9.1.jar;C:\Users\k.shmana\.m2\repository\org\seleniumhq\selenium\selenium-edge-driver\4.9.1\selenium-edge-driver-4.9.1.jar;C:\Users\k.shmana\.m2\repository\org\seleniumhq\selenium\selenium-firefox-driver\4.9.1\selenium-firefox-driver-4.9.1.jar;C:\Users\k.shmana\.m2\repository\org\seleniumhq\selenium\selenium-http\4.9.1\selenium-http-4.9.1.jar;C:\Users\k.shmana\.m2\repository\dev\failsafe\failsafe\3.3.1\failsafe-3.3.1.jar;C:\Users\k.shmana\.m2\repository\org\seleniumhq\selenium\selenium-ie-driver\4.9.1\selenium-ie-driver-4.9.1.jar;C:\Users\k.shmana\.m2\repository\org\seleniumhq\selenium\selenium-remote-driver\4.9.1\selenium-remote-driver-4.9.1.jar;C:\Users\k.shmana\.m2\repository\io\netty\netty-buffer\4.1.91.Final\netty-buffer-4.1.91.Final.jar;C:\Users\k.shmana\.m2\repository\io\netty\netty-codec-http\4.1.91.Final\netty-codec-http-4.1.91.Final.jar;C:\Users\k.shmana\.m2\repository\io\netty\netty-codec\4.1.91.Final\netty-codec-4.1.91.Final.jar;C:\Users\k.shmana\.m2\repository\io\netty\netty-handler\4.1.91.Final\netty-handler-4.1.91.Final.jar;C:\Users\k.shmana\.m2\repository\io\netty\netty-common\4.1.91.Final\netty-common-4.1.91.Final.jar;C:\Users\k.shmana\.m2\repository\io\netty\netty-transport-classes-epoll\4.1.91.Final\netty-transport-classes-epoll-4.1.91.Final.jar;C:\Users\k.shmana\.m2\repository\io\netty\netty-transport-classes-kqueue\4.1.91.Final\netty-transport-classes-kqueue-4.1.91.Final.jar;C:\Users\k.shmana\.m2\repository\io\netty\netty-transport-native-epoll\4.1.91.Final\netty-transport-native-epoll-4.1.91.Final.jar;C:\Users\k.shmana\.m2\repository\io\netty\netty-transport-native-kqueue\4.1.91.Final\netty-transport-native-kqueue-4.1.91.Final.jar;C:\Users\k.shmana\.m2\repository\io\netty\netty-transport-native-unix-common\4.1.91.Final\netty-transport-native-unix-common-4.1.91.Final.jar;C:\Users\k.shmana\.m2\repository\io\netty\netty-transport\4.1.91.Final\netty-transport-4.1.91.Final.jar;C:\Users\k.shmana\.m2\repository\io\netty\netty-resolver\4.1.91.Final\netty-resolver-4.1.91.Final.jar;C:\Users\k.shmana\.m2\repository\io\opentelemetry\opentelemetry-api\1.25.0\opentelemetry-api-1.25.0.jar;C:\Users\k.shmana\.m2\repository\io\opentelemetry\opentelemetry-context\1.25.0\opentelemetry-context-1.25.0.jar;C:\Users\k.shmana\.m2\repository\io\opentelemetry\opentelemetry-exporter-logging\1.25.0\opentelemetry-exporter-logging-1.25.0.jar;C:\Users\k.shmana\.m2\repository\io\opentelemetry\opentelemetry-sdk-metrics\1.25.0\opentelemetry-sdk-metrics-1.25.0.jar;C:\Users\k.shmana\.m2\repository\io\opentelemetry\opentelemetry-sdk-logs\1.25.0-alpha\opentelemetry-sdk-logs-1.25.0-alpha.jar;C:\Users\k.shmana\.m2\repository\io\opentelemetry\opentelemetry-api-logs\1.25.0-alpha\opentelemetry-api-logs-1.25.0-alpha.jar;C:\Users\k.shmana\.m2\repository\io\opentelemetry\opentelemetry-api-events\1.25.0-alpha\opentelemetry-api-events-1.25.0-alpha.jar;C:\Users\k.shmana\.m2\repository\io\opentelemetry\opentelemetry-sdk-common\1.25.0\opentelemetry-sdk-common-1.25.0.jar;C:\Users\k.shmana\.m2\repository\io\opentelemetry\opentelemetry-sdk-extension-autoconfigure-spi\1.25.0\opentelemetry-sdk-extension-autoconfigure-spi-1.25.0.jar;C:\Users\k.shmana\.m2\repository\io\opentelemetry\opentelemetry-sdk-extension-autoconfigure\1.25.0-alpha\opentelemetry-sdk-extension-autoconfigure-1.25.0-alpha.jar;C:\Users\k.shmana\.m2\repository\io\opentelemetry\opentelemetry-sdk-trace\1.25.0\opentelemetry-sdk-trace-1.25.0.jar;C:\Users\k.shmana\.m2\repository\io\opentelemetry\opentelemetry-sdk\1.25.0\opentelemetry-sdk-1.25.0.jar;C:\Users\k.shmana\.m2\repository\io\opentelemetry\opentelemetry-semconv\1.25.0-alpha\opentelemetry-semconv-1.25.0-alpha.jar;C:\Users\k.shmana\.m2\repository\io\ous\jtoml\2.0.0\jtoml-2.0.0.jar;C:\Users\k.shmana\.m2\repository\net\bytebuddy\byte-buddy\1.14.4\byte-buddy-1.14.4.jar;C:\Users\k.shmana\.m2\repository\org\apache\commons\commons-exec\1.3\commons-exec-1.3.jar;C:\Users\k.shmana\.m2\repository\org\asynchttpclient\async-http-client\2.12.3\async-http-client-2.12.3.jar;C:\Users\k.shmana\.m2\repository\org\asynchttpclient\async-http-client-netty-utils\2.12.3\async-http-client-netty-utils-2.12.3.jar;C:\Users\k.shmana\.m2\repository\io\netty\netty-codec-socks\4.1.60.Final\netty-codec-socks-4.1.60.Final.jar;C:\Users\k.shmana\.m2\repository\io\netty\netty-handler-proxy\4.1.60.Final\netty-handler-proxy-4.1.60.Final.jar;C:\Users\k.shmana\.m2\repository\io\netty\netty-transport-native-epoll\4.1.60.Final\netty-transport-native-epoll-4.1.60.Final-linux-x86_64.jar;C:\Users\k.shmana\.m2\repository\io\netty\netty-transport-native-kqueue\4.1.60.Final\netty-transport-native-kqueue-4.1.60.Final-osx-x86_64.jar;C:\Users\k.shmana\.m2\repository\org\reactivestreams\reactive-streams\1.0.3\reactive-streams-1.0.3.jar;C:\Users\k.shmana\.m2\repository\com\typesafe\netty\netty-reactive-streams\2.0.4\netty-reactive-streams-2.0.4.jar;C:\Users\k.shmana\.m2\repository\com\sun\activation\jakarta.activation\1.2.2\jakarta.activation-1.2.2.jar;C:\Users\k.shmana\.m2\repository\org\seleniumhq\selenium\selenium-safari-driver\4.9.1\selenium-safari-driver-4.9.1.jar;C:\Users\k.shmana\.m2\repository\org\seleniumhq\selenium\selenium-support\4.9.1\selenium-support-4.9.1.jar;C:\Users\k.shmana\.m2\repository\io\github\bonigarcia\webdrivermanager\5.3.3\webdrivermanager-5.3.3.jar;C:\Users\k.shmana\.m2\repository\com\google\code\gson\gson\2.10.1\gson-2.10.1.jar;C:\Users\k.shmana\.m2\repository\com\github\docker-java\docker-java\3.3.0\docker-java-3.3.0.jar;C:\Users\k.shmana\.m2\repository\com\github\docker-java\docker-java-core\3.3.0\docker-java-core-3.3.0.jar;C:\Users\k.shmana\.m2\repository\com\github\docker-java\docker-java-api\3.3.0\docker-java-api-3.3.0.jar;C:\Users\k.shmana\.m2\repository\org\bouncycastle\bcpkix-jdk15on\1.64\bcpkix-jdk15on-1.64.jar;C:\Users\k.shmana\.m2\repository\org\bouncycastle\bcprov-jdk15on\1.64\bcprov-jdk15on-1.64.jar;C:\Users\k.shmana\.m2\repository\org\slf4j\jcl-over-slf4j\1.7.30\jcl-over-slf4j-1.7.30.jar;C:\Users\k.shmana\.m2\repository\com\github\docker-java\docker-java-transport-httpclient5\3.3.0\docker-java-transport-httpclient5-3.3.0.jar;C:\Users\k.shmana\.m2\repository\com\github\docker-java\docker-java-transport\3.3.0\docker-java-transport-3.3.0.jar;C:\Users\k.shmana\.m2\repository\net\java\dev\jna\jna\5.12.1\jna-5.12.1.jar;C:\Users\k.shmana\.m2\repository\org\brotli\dec\0.1.2\dec-0.1.2.jar;C:\Users\k.shmana\.m2\repository\org\apache\commons\commons-lang3\3.12.0\commons-lang3-3.12.0.jar;C:\Users\k.shmana\.m2\repository\org\apache\httpcomponents\client5\httpclient5\5.2.1\httpclient5-5.2.1.jar;C:\Users\k.shmana\.m2\repository\org\apache\httpcomponents\core5\httpcore5\5.2\httpcore5-5.2.jar;C:\Users\k.shmana\.m2\repository\org\apache\httpcomponents\core5\httpcore5-h2\5.2\httpcore5-h2-5.2.jar;C:\Users\k.shmana\.m2\repository\com\github\javafaker\javafaker\1.0.2\javafaker-1.0.2.jar;C:\Users\k.shmana\.m2\repository\org\yaml\snakeyaml\1.23\snakeyaml-1.23-android.jar;C:\Users\k.shmana\.m2\repository\com\github\mifmif\generex\1.0.2\generex-1.0.2.jar;C:\Users\k.shmana\.m2\repository\dk\brics\automaton\automaton\1.11-8\automaton-1.11-8.jar;C:\Users\k.shmana\.m2\repository\com\codeborne\selenide\6.15.0\selenide-6.15.0.jar;C:\Users\k.shmana\.m2\repository\com\codeborne\selenide-core\6.15.0\selenide-core-6.15.0.jar;C:\Users\k.shmana\.m2\repository\org\opentest4j\opentest4j\1.2.0\opentest4j-1.2.0.jar;C:\Users\k.shmana\.m2\repository\org\apache\commons\commons-compress\1.23.0\commons-compress-1.23.0.jar;C:\Users\k.shmana\.m2\repository\com\google\guava\guava\31.1-jre\guava-31.1-jre.jar;C:\Users\k.shmana\.m2\repository\com\google\guava\failureaccess\1.0.1\failureaccess-1.0.1.jar;C:\Users\k.shmana\.m2\repository\com\google\guava\listenablefuture\9999.0-empty-to-avoid-conflict-with-guava\listenablefuture-9999.0-empty-to-avoid-conflict-with-guava.jar;C:\Users\k.shmana\.m2\repository\com\google\code\findbugs\jsr305\3.0.2\jsr305-3.0.2.jar;C:\Users\k.shmana\.m2\repository\org\checkerframework\checker-qual\3.12.0\checker-qual-3.12.0.jar;C:\Users\k.shmana\.m2\repository\com\google\errorprone\error_prone_annotations\2.11.0\error_prone_annotations-2.11.0.jar;C:\Users\k.shmana\.m2\repository\com\google\j2objc\j2objc-annotations\1.3\j2objc-annotations-1.3.jar;C:\Users\k.shmana\.m2\repository\commons-io\commons-io\2.12.0\commons-io-2.12.0.jar;C:\Users\k.shmana\.m2\repository\org\json\json\20220320\json-20220320.jar;C:\Users\k.shmana\.m2\repository\com\fasterxml\jackson\core\jackson-databind\2.15.2\jackson-databind-2.15.2.jar;C:\Users\k.shmana\.m2\repository\com\fasterxml\jackson\core\jackson-annotations\2.15.2\jackson-annotations-2.15.2.jar;C:\Users\k.shmana\.m2\repository\com\fasterxml\jackson\core\jackson-core\2.15.2\jackson-core-2.15.2.jar;C:\Users\k.shmana\.m2\repository\io\rest-assured\rest-assured\5.3.0\rest-assured-5.3.0.jar;C:\Users\k.shmana\.m2\repository\org\apache\groovy\groovy\4.0.6\groovy-4.0.6.jar;C:\Users\k.shmana\.m2\repository\org\apache\groovy\groovy-xml\4.0.6\groovy-xml-4.0.6.jar;C:\Users\k.shmana\.m2\repository\org\apache\httpcomponents\httpclient\4.5.13\httpclient-4.5.13.jar;C:\Users\k.shmana\.m2\repository\org\apache\httpcomponents\httpcore\4.4.13\httpcore-4.4.13.jar;C:\Users\k.shmana\.m2\repository\commons-logging\commons-logging\1.2\commons-logging-1.2.jar;C:\Users\k.shmana\.m2\repository\commons-codec\commons-codec\1.11\commons-codec-1.11.jar;C:\Users\k.shmana\.m2\repository\org\apache\httpcomponents\httpmime\4.5.13\httpmime-4.5.13.jar;C:\Users\k.shmana\.m2\repository\org\hamcrest\hamcrest\2.1\hamcrest-2.1.jar;C:\Users\k.shmana\.m2\repository\org\ccil\cowan\tagsoup\tagsoup\1.2.1\tagsoup-1.2.1.jar;C:\Users\k.shmana\.m2\repository\io\rest-assured\json-path\5.3.0\json-path-5.3.0.jar;C:\Users\k.shmana\.m2\repository\org\apache\groovy\groovy-json\4.0.6\groovy-json-4.0.6.jar;C:\Users\k.shmana\.m2\repository\io\rest-assured\rest-assured-common\5.3.0\rest-assured-common-5.3.0.jar;C:\Users\k.shmana\.m2\repository\io\rest-assured\xml-path\5.3.0\xml-path-5.3.0.jar;C:\Users\k.shmana\.m2\repository\io\rest-assured\json-schema-validator\5.3.0\json-schema-validator-5.3.0.jar;C:\Users\k.shmana\.m2\repository\com\github\java-json-tools\json-schema-validator\2.2.14\json-schema-validator-2.2.14.jar;C:\Users\k.shmana\.m2\repository\com\github\java-json-tools\jackson-coreutils-equivalence\1.0\jackson-coreutils-equivalence-1.0.jar;C:\Users\k.shmana\.m2\repository\com\github\java-json-tools\jackson-coreutils\2.0\jackson-coreutils-2.0.jar;C:\Users\k.shmana\.m2\repository\com\github\java-json-tools\msg-simple\1.2\msg-simple-1.2.jar;C:\Users\k.shmana\.m2\repository\com\github\java-json-tools\btf\1.3\btf-1.3.jar;C:\Users\k.shmana\.m2\repository\com\github\java-json-tools\json-schema-core\1.2.14\json-schema-core-1.2.14.jar;C:\Users\k.shmana\.m2\repository\com\github\java-json-tools\uri-template\0.10\uri-template-0.10.jar;C:\Users\k.shmana\.m2\repository\org\mozilla\rhino\1.7.7.2\rhino-1.7.7.2.jar;C:\Users\k.shmana\.m2\repository\com\sun\mail\mailapi\1.6.2\mailapi-1.6.2.jar;C:\Users\k.shmana\.m2\repository\joda-time\joda-time\2.10.5\joda-time-2.10.5.jar;C:\Users\k.shmana\.m2\repository\com\googlecode\libphonenumber\libphonenumber\8.11.1\libphonenumber-8.11.1.jar;C:\Users\k.shmana\.m2\repository\net\sf\jopt-simple\jopt-simple\5.0.4\jopt-simple-5.0.4.jar;C:\Users\k.shmana\.m2\repository\org\projectlombok\lombok\1.18.28\lombok-1.18.28.jar;C:\Users\k.shmana\.m2\repository\com\fasterxml\jackson\datatype\jackson-datatype-jsr310\2.15.2\jackson-datatype-jsr310-2.15.2.jar;C:\Users\k.shmana\.m2\repository\org\slf4j\slf4j-api\1.7.36\slf4j-api-1.7.36.jar;C:\Users\k.shmana\.m2\repository\ch\qos\logback\logback-classic\1.2.6\logback-classic-1.2.6.jar;C:\Users\k.shmana\.m2\repository\ch\qos\logback\logback-core\1.2.6\logback-core-1.2.6.jar;C:\Users\k.shmana\.m2\repository\org\apache\logging\log4j\log4j-api\2.17.1\log4j-api-2.17.1.jar;C:\Users\k.shmana\.m2\repository\org\apache\logging\log4j\log4j-core\2.17.1\log4j-core-2.17.1.jar;C:\Users\k.shmana\.m2\repository\com\opencsv\opencsv\5.7.1\opencsv-5.7.1.jar;C:\Users\k.shmana\.m2\repository\org\apache\commons\commons-text\1.10.0\commons-text-1.10.0.jar;C:\Users\k.shmana\.m2\repository\commons-beanutils\commons-beanutils\1.9.4\commons-beanutils-1.9.4.jar;C:\Users\k.shmana\.m2\repository\commons-collections\commons-collections\3.2.2\commons-collections-3.2.2.jar;C:\Users\k.shmana\.m2\repository\org\apache\commons\commons-collections4\4.4\commons-collections4-4.4.jar;"/>
    <property name="allure.results.directory" value="target/allure-results"/>
    <property name="sun.cpu.endian" value="little"/>
    <property name="user.home" value="C:\Users\k.shmana"/>
    <property name="user.language" value="ru"/>
    <property name="java.specification.vendor" value="Oracle Corporation"/>
    <property name="java.version.date" value="2021-09-14"/>
    <property name="java.home" value="C:\Program Files\Java\jdk-17"/>
    <property name="file.separator" value="\"/>
    <property name="basedir" value="C:\Users\k.shmana\Desktop\r_d\Kanboard"/>
    <property name="java.vm.compressedOopsMode" value="32-bit"/>
    <property name="line.separator" value="&#10;"/>
    <property name="java.vm.specification.vendor" value="Oracle Corporation"/>
    <property name="java.specification.name" value="Java Platform API Specification"/>
    <property name="surefire.real.class.path" value="C:\Users\k.shmana\AppData\Local\Temp\surefire5038246360624200801\surefirebooter-20230726191539066_3.jar"/>
    <property name="user.script" value=""/>
    <property name="sun.management.compiler" value="HotSpot 64-Bit Tiered Compilers"/>
    <property name="java.runtime.version" value="17+35-LTS-2724"/>
    <property name="user.name" value="k.shmana"/>
    <property name="path.separator" value=";"/>
    <property name="os.version" value="10.0"/>
    <property name="java.runtime.name" value="Java(TM) SE Runtime Environment"/>
    <property name="file.encoding" value="Cp1251"/>
    <property name="java.vm.name" value="Java HotSpot(TM) 64-Bit Server VM"/>
    <property name="localRepository" value="C:\Users\k.shmana\.m2\repository"/>
    <property name="java.vendor.url.bug" value="https://bugreport.java.com/bugreport/"/>
    <property name="java.io.tmpdir" value="C:\Users\KFA24~1.SHM\AppData\Local\Temp\"/>
    <property name="java.version" value="17"/>
    <property name="user.dir" value="C:\Users\k.shmana\Desktop\r_d\Kanboard"/>
    <property name="os.arch" value="amd64"/>
    <property name="java.vm.specification.name" value="Java Virtual Machine Specification"/>
    <property name="sun.os.patch.level" value=""/>
    <property name="native.encoding" value="Cp1251"/>
    <property name="java.library.path" value="C:\Program Files\Java\jdk-17\bin;C:\Windows\Sun\Java\bin;C:\Windows\system32;C:\Windows;C:\Program Files\Common Files\Oracle\Java\javapath;C:\Program Files (x86)\Common Files\Oracle\Java\javapath;C:\Windows\system32;C:\Windows;C:\Windows\System32\Wbem;C:\Windows\System32\WindowsPowerShell\v1.0\;C:\Windows\System32\OpenSSH\;C:\Program Files\Microsoft\Web Platform Installer\;C:\Program Files (x86)\Microsoft ASP.NET\ASP.NET Web Pages\v1.0\;C:\Program Files (x86)\Windows Kits\8.0\Windows Performance Toolkit\;C:\Program Files\Microsoft SQL Server\110\Tools\Binn\;C:\Program Files (x86)\Microsoft SQL Server\Client SDK\ODBC\110\Tools\Binn\;C:\Program Files (x86)\Microsoft SQL Server\120\Tools\Binn\ManagementStudio\;C:\Program Files (x86)\Microsoft SQL Server\120\Tools\Binn\;C:\Program Files (x86)\Microsoft SQL Server\120\DTS\Binn\;C:\Program Files\Git\cmd;C:\Program Files\Java\jdk-17\bin;C:\Program Files\apache-maven-3.8.3\bin;C:\strawberry\c\bin;C:\strawberry\perl\bin;C:\Program Files\allure-2.21.0\bin;;C:\Program Files\Docker\Docker\resources\bin;C:\Program Files\MySQL\MySQL Shell 8.0\bin\;C:\Users\k.shmana\AppData\Local\Microsoft\WindowsApps;;C:\Program Files\JetBrains\IntelliJ IDEA Community Edition 2021.2.2\bin;;."/>
    <property name="java.vm.info" value="mixed mode, sharing"/>
    <property name="java.vendor" value="Oracle Corporation"/>
    <property name="java.vm.version" value="17+35-LTS-2724"/>
    <property name="sun.io.unicode.encoding" value="UnicodeLittle"/>
    <property name="java.class.version" value="61.0"/>
    <property name="webdriver.http.factory" value="selenide-netty-client-factory"/>
  </properties>
  <testcase name="createUserValid" classname="API.tests.CreateUserTest" time="3.293">
    <system-out><![CDATA[19:15:40.571 [main] DEBUG org.testng.TestNG - suiteXmlPath: "C:\Users\k.shmana\Desktop\r_d\Kanboard\src\test\resources\regression.xml"
19:15:40.608 [main] WARN org.testng.xml.TestNGContentHandler - It is strongly recommended to add "<!DOCTYPE suite SYSTEM "https://testng.org/testng-1.0.dtd" >" at the top of the suite file [C:\Users\k.shmana\Desktop\r_d\Kanboard\src\test\resources\regression.xml] otherwise TestNG may fail or not work as expected.
19:15:41.969 [main] WARN org.testng.internal.Configuration - Detected a static method [API.tests.BaseTest.createUser()]. Static configuration methods can cause  unexpected behavior.
19:15:41.973 [main] WARN org.testng.internal.Configuration - Detected a static method [API.tests.BaseTest.createUser()]. Static configuration methods can cause  unexpected behavior.
Request method:	POST
Request URI:	http://localhost:81/jsonrpc.php
Proxy:			<none>
Request params:	<none>
Query params:	<none>
Form params:	<none>
Path params:	<none>
Headers:		Accept=*/*
				Content-Type=text/plain; charset=ISO-8859-1
Cookies:		<none>
Multiparts:		<none>
Body:
{"jsonrpc":"2.0","method":"createUser","id":123123,"params":{"username":"kyryloAPITestLogin","password":"kyryloAPITestPassword","name":"kyrylo","email":"kyryloAPITest@mail.com","role":"app-manager"}}
19:15:45.296 [main] DEBUG org.apache.http.impl.conn.BasicClientConnectionManager - Get connection for route {}->http://localhost:81
19:15:45.314 [main] DEBUG org.apache.http.impl.conn.DefaultClientConnectionOperator - Connecting to localhost:81
19:15:45.359 [main] DEBUG org.apache.http.client.protocol.RequestAddCookies - CookieSpec selected: ignoreCookies
19:15:45.364 [main] DEBUG org.apache.http.client.protocol.RequestAuthCache - Auth cache not set in the context
19:15:45.364 [main] DEBUG org.apache.http.client.protocol.RequestTargetAuthentication - Target auth state: UNCHALLENGED
19:15:45.365 [main] DEBUG org.apache.http.client.protocol.RequestProxyAuthentication - Proxy auth state: UNCHALLENGED
19:15:45.365 [main] DEBUG org.apache.http.impl.client.DefaultHttpClient - Attempt 1 to execute request
19:15:45.365 [main] DEBUG org.apache.http.impl.conn.DefaultClientConnection - Sending request: POST /jsonrpc.php HTTP/1.1
19:15:45.365 [main] DEBUG org.apache.http.wire -  >> "POST /jsonrpc.php HTTP/1.1[\r][\n]"
19:15:45.368 [main] DEBUG org.apache.http.wire -  >> "Accept: */*[\r][\n]"
19:15:45.368 [main] DEBUG org.apache.http.wire -  >> "Content-Type: text/plain; charset=ISO-8859-1[\r][\n]"
19:15:45.368 [main] DEBUG org.apache.http.wire -  >> "Content-Length: 199[\r][\n]"
19:15:45.368 [main] DEBUG org.apache.http.wire -  >> "Host: localhost:81[\r][\n]"
19:15:45.369 [main] DEBUG org.apache.http.wire -  >> "Connection: Keep-Alive[\r][\n]"
19:15:45.369 [main] DEBUG org.apache.http.wire -  >> "User-Agent: Apache-HttpClient/4.5.13 (Java/17)[\r][\n]"
19:15:45.369 [main] DEBUG org.apache.http.wire -  >> "Accept-Encoding: gzip,deflate[\r][\n]"
19:15:45.369 [main] DEBUG org.apache.http.wire -  >> "[\r][\n]"
19:15:45.369 [main] DEBUG org.apache.http.headers - >> POST /jsonrpc.php HTTP/1.1
19:15:45.369 [main] DEBUG org.apache.http.headers - >> Accept: */*
19:15:45.369 [main] DEBUG org.apache.http.headers - >> Content-Type: text/plain; charset=ISO-8859-1
19:15:45.369 [main] DEBUG org.apache.http.headers - >> Content-Length: 199
19:15:45.369 [main] DEBUG org.apache.http.headers - >> Host: localhost:81
19:15:45.369 [main] DEBUG org.apache.http.headers - >> Connection: Keep-Alive
19:15:45.370 [main] DEBUG org.apache.http.headers - >> User-Agent: Apache-HttpClient/4.5.13 (Java/17)
19:15:45.370 [main] DEBUG org.apache.http.headers - >> Accept-Encoding: gzip,deflate
19:15:45.370 [main] DEBUG org.apache.http.wire -  >> "{"jsonrpc":"2.0","method":"createUser","id":123123,"params":{"username":"kyryloAPITestLogin","password":"kyryloAPITestPassword","name":"kyrylo","email":"kyryloAPITest@mail.com","role":"app-manager"}}"
19:15:45.623 [main] DEBUG org.apache.http.wire -  << "HTTP/1.1 401 Unauthorized[\r][\n]"
19:15:45.625 [main] DEBUG org.apache.http.wire -  << "Server: nginx[\r][\n]"
19:15:45.625 [main] DEBUG org.apache.http.wire -  << "Date: Wed, 26 Jul 2023 16:15:45 GMT[\r][\n]"
19:15:45.625 [main] DEBUG org.apache.http.wire -  << "Content-Type: application/json[\r][\n]"
19:15:45.625 [main] DEBUG org.apache.http.wire -  << "Transfer-Encoding: chunked[\r][\n]"
19:15:45.625 [main] DEBUG org.apache.http.wire -  << "Connection: keep-alive[\r][\n]"
19:15:45.625 [main] DEBUG org.apache.http.wire -  << "WWW-Authenticate: Basic realm="JsonRPC"[\r][\n]"
19:15:45.625 [main] DEBUG org.apache.http.wire -  << "[\r][\n]"
19:15:45.626 [main] DEBUG org.apache.http.impl.conn.DefaultClientConnection - Receiving response: HTTP/1.1 401 Unauthorized
19:15:45.626 [main] DEBUG org.apache.http.headers - << HTTP/1.1 401 Unauthorized
19:15:45.626 [main] DEBUG org.apache.http.headers - << Server: nginx
19:15:45.627 [main] DEBUG org.apache.http.headers - << Date: Wed, 26 Jul 2023 16:15:45 GMT
19:15:45.627 [main] DEBUG org.apache.http.headers - << Content-Type: application/json
19:15:45.627 [main] DEBUG org.apache.http.headers - << Transfer-Encoding: chunked
19:15:45.627 [main] DEBUG org.apache.http.headers - << Connection: keep-alive
19:15:45.627 [main] DEBUG org.apache.http.headers - << WWW-Authenticate: Basic realm="JsonRPC"
19:15:45.631 [main] DEBUG org.apache.http.impl.client.DefaultHttpClient - Connection can be kept alive indefinitely
19:15:45.631 [main] DEBUG org.apache.http.impl.client.DefaultHttpClient - Authentication required
19:15:45.633 [main] DEBUG org.apache.http.impl.client.DefaultHttpClient - localhost:81 requested authentication
19:15:45.633 [main] DEBUG org.apache.http.impl.client.TargetAuthenticationStrategy - Authentication schemes in the order of preference: [Negotiate, Kerberos, NTLM, CredSSP, Digest, Basic]
19:15:45.633 [main] DEBUG org.apache.http.impl.client.TargetAuthenticationStrategy - Challenge for Negotiate authentication scheme not available
19:15:45.633 [main] DEBUG org.apache.http.impl.client.TargetAuthenticationStrategy - Challenge for Kerberos authentication scheme not available
19:15:45.633 [main] DEBUG org.apache.http.impl.client.TargetAuthenticationStrategy - Challenge for NTLM authentication scheme not available
19:15:45.633 [main] DEBUG org.apache.http.impl.client.TargetAuthenticationStrategy - Challenge for CredSSP authentication scheme not available
19:15:45.633 [main] DEBUG org.apache.http.impl.client.TargetAuthenticationStrategy - Challenge for Digest authentication scheme not available
19:15:45.637 [main] DEBUG org.apache.http.impl.client.DefaultHttpClient - Selected authentication options: [BASIC [complete=true]]
19:15:45.639 [main] DEBUG org.apache.http.wire -  << "49[\r][\n]"
19:15:45.639 [main] DEBUG org.apache.http.wire -  << "{"jsonrpc":"2.0","error":{"code":401,"message":"Unauthorized"},"id":null}"
19:15:45.639 [main] DEBUG org.apache.http.wire -  << "[\r][\n]"
19:15:45.639 [main] DEBUG org.apache.http.wire -  << "0[\r][\n]"
19:15:45.639 [main] DEBUG org.apache.http.wire -  << "[\r][\n]"
19:15:45.639 [main] DEBUG org.apache.http.client.protocol.RequestAddCookies - CookieSpec selected: ignoreCookies
19:15:45.639 [main] DEBUG org.apache.http.client.protocol.RequestAuthCache - Auth cache not set in the context
19:15:45.639 [main] DEBUG org.apache.http.client.protocol.RequestTargetAuthentication - Target auth state: CHALLENGED
19:15:45.640 [main] DEBUG org.apache.http.client.protocol.RequestTargetAuthentication - Generating response to an authentication challenge using basic scheme
19:15:45.648 [main] DEBUG org.apache.http.client.protocol.RequestProxyAuthentication - Proxy auth state: UNCHALLENGED
19:15:45.649 [main] DEBUG org.apache.http.impl.client.DefaultHttpClient - Attempt 2 to execute request
19:15:45.649 [main] DEBUG org.apache.http.impl.conn.DefaultClientConnection - Sending request: POST /jsonrpc.php HTTP/1.1
19:15:45.649 [main] DEBUG org.apache.http.wire -  >> "POST /jsonrpc.php HTTP/1.1[\r][\n]"
19:15:45.649 [main] DEBUG org.apache.http.wire -  >> "Accept: */*[\r][\n]"
19:15:45.649 [main] DEBUG org.apache.http.wire -  >> "Content-Type: text/plain; charset=ISO-8859-1[\r][\n]"
19:15:45.649 [main] DEBUG org.apache.http.wire -  >> "Content-Length: 199[\r][\n]"
19:15:45.649 [main] DEBUG org.apache.http.wire -  >> "Host: localhost:81[\r][\n]"
19:15:45.649 [main] DEBUG org.apache.http.wire -  >> "Connection: Keep-Alive[\r][\n]"
19:15:45.649 [main] DEBUG org.apache.http.wire -  >> "User-Agent: Apache-HttpClient/4.5.13 (Java/17)[\r][\n]"
19:15:45.649 [main] DEBUG org.apache.http.wire -  >> "Authorization: Basic YWRtaW46YWRtaW4=[\r][\n]"
19:15:45.649 [main] DEBUG org.apache.http.wire -  >> "Accept-Encoding: gzip,deflate[\r][\n]"
19:15:45.649 [main] DEBUG org.apache.http.wire -  >> "[\r][\n]"
19:15:45.649 [main] DEBUG org.apache.http.headers - >> POST /jsonrpc.php HTTP/1.1
19:15:45.649 [main] DEBUG org.apache.http.headers - >> Accept: */*
19:15:45.649 [main] DEBUG org.apache.http.headers - >> Content-Type: text/plain; charset=ISO-8859-1
19:15:45.649 [main] DEBUG org.apache.http.headers - >> Content-Length: 199
19:15:45.649 [main] DEBUG org.apache.http.headers - >> Host: localhost:81
19:15:45.649 [main] DEBUG org.apache.http.headers - >> Connection: Keep-Alive
19:15:45.649 [main] DEBUG org.apache.http.headers - >> User-Agent: Apache-HttpClient/4.5.13 (Java/17)
19:15:45.649 [main] DEBUG org.apache.http.headers - >> Authorization: Basic YWRtaW46YWRtaW4=
19:15:45.650 [main] DEBUG org.apache.http.headers - >> Accept-Encoding: gzip,deflate
19:15:45.650 [main] DEBUG org.apache.http.wire -  >> "{"jsonrpc":"2.0","method":"createUser","id":123123,"params":{"username":"kyryloAPITestLogin","password":"kyryloAPITestPassword","name":"kyrylo","email":"kyryloAPITest@mail.com","role":"app-manager"}}"
19:15:45.841 [main] DEBUG org.apache.http.wire -  << "HTTP/1.1 200 OK[\r][\n]"
19:15:45.842 [main] DEBUG org.apache.http.wire -  << "Server: nginx[\r][\n]"
19:15:45.842 [main] DEBUG org.apache.http.wire -  << "Date: Wed, 26 Jul 2023 16:15:45 GMT[\r][\n]"
19:15:45.842 [main] DEBUG org.apache.http.wire -  << "Content-Type: application/json[\r][\n]"
19:15:45.842 [main] DEBUG org.apache.http.wire -  << "Transfer-Encoding: chunked[\r][\n]"
19:15:45.842 [main] DEBUG org.apache.http.wire -  << "Connection: keep-alive[\r][\n]"
19:15:45.842 [main] DEBUG org.apache.http.wire -  << "Vary: Accept-Encoding[\r][\n]"
19:15:45.842 [main] DEBUG org.apache.http.wire -  << "Content-Encoding: gzip[\r][\n]"
19:15:45.842 [main] DEBUG org.apache.http.wire -  << "[\r][\n]"
19:15:45.842 [main] DEBUG org.apache.http.impl.conn.DefaultClientConnection - Receiving response: HTTP/1.1 200 OK
19:15:45.842 [main] DEBUG org.apache.http.headers - << HTTP/1.1 200 OK
19:15:45.842 [main] DEBUG org.apache.http.headers - << Server: nginx
19:15:45.842 [main] DEBUG org.apache.http.headers - << Date: Wed, 26 Jul 2023 16:15:45 GMT
19:15:45.842 [main] DEBUG org.apache.http.headers - << Content-Type: application/json
19:15:45.842 [main] DEBUG org.apache.http.headers - << Transfer-Encoding: chunked
19:15:45.842 [main] DEBUG org.apache.http.headers - << Connection: keep-alive
19:15:45.842 [main] DEBUG org.apache.http.headers - << Vary: Accept-Encoding
19:15:45.842 [main] DEBUG org.apache.http.headers - << Content-Encoding: gzip
19:15:45.844 [main] DEBUG org.apache.http.impl.client.DefaultHttpClient - Connection can be kept alive indefinitely
19:15:45.844 [main] DEBUG org.apache.http.impl.client.DefaultHttpClient - Authentication succeeded
19:15:45.845 [main] DEBUG org.apache.http.impl.client.TargetAuthenticationStrategy - Caching 'basic' auth scheme for http://localhost:81
19:15:45.856 [main] DEBUG io.restassured.internal.RestAssuredHttpBuilder - Parsing response as: application/json
19:15:45.856 [main] DEBUG org.apache.http.wire -  << "3c[\r][\n]"
19:15:45.856 [main] DEBUG org.apache.http.wire -  << "[0x1f][0x8b][0x8][0x0][0x0][0x0][0x0][0x0][0x0][0x3][0xab]V[0xca]*[0xce][0xcf]+*HV[0xb2]R2[0xd2]3P[0xd2]Q*J-.[0xcd])Q[0xb2]2[0xb6][0xb0][0xd0]Q[0xca]LQ[0xb2]242[0x6][0xa2]Z[0x0][0xeb]j[0xd8][\r]*[0x0][0x0][0x0]"
19:15:45.856 [main] DEBUG org.apache.http.wire -  << "[\r][\n]"
19:15:45.856 [main] DEBUG org.apache.http.wire -  << "0[\r][\n]"
19:15:45.856 [main] DEBUG org.apache.http.wire -  << "[\r][\n]"
19:15:45.857 [main] DEBUG io.restassured.internal.RestAssuredHttpBuilder - Parsed data to instance of: class org.apache.http.conn.EofSensorInputStream
19:15:45.970 [main] DEBUG org.apache.http.impl.conn.BasicClientConnectionManager - Releasing connection org.apache.http.impl.conn.ManagedClientConnectionImpl@18c26588
19:15:45.971 [main] DEBUG org.apache.http.impl.conn.BasicClientConnectionManager - Connection can be kept alive indefinitely
{
    "jsonrpc": "2.0",
    "result": 388,
    "id": 123123
}
{
    "jsonrpc": "2.0",
    "result": 388,
    "id": 123123
}
Request method:	GET
Request URI:	http://localhost:81/jsonrpc.php
Proxy:			<none>
Request params:	<none>
Query params:	<none>
Form params:	<none>
Path params:	<none>
Headers:		Accept=*/*
				Content-Type=text/plain; charset=ISO-8859-1
Cookies:		<none>
Multiparts:		<none>
Body:
{"jsonrpc":"2.0","method":"getUser","id":123,"params":{"user_id":388}}
19:15:46.211 [main] DEBUG org.apache.http.impl.conn.BasicClientConnectionManager - Get connection for route {}->http://localhost:81
19:15:46.211 [main] DEBUG org.apache.http.impl.conn.DefaultClientConnectionOperator - Connecting to localhost:81
19:15:46.212 [main] DEBUG org.apache.http.client.protocol.RequestAddCookies - CookieSpec selected: ignoreCookies
19:15:46.213 [main] DEBUG org.apache.http.client.protocol.RequestAuthCache - Auth cache not set in the context
19:15:46.213 [main] DEBUG org.apache.http.client.protocol.RequestTargetAuthentication - Target auth state: UNCHALLENGED
19:15:46.213 [main] DEBUG org.apache.http.client.protocol.RequestProxyAuthentication - Proxy auth state: UNCHALLENGED
19:15:46.213 [main] DEBUG org.apache.http.impl.client.DefaultHttpClient - Attempt 1 to execute request
19:15:46.213 [main] DEBUG org.apache.http.impl.conn.DefaultClientConnection - Sending request: GET /jsonrpc.php HTTP/1.1
19:15:46.213 [main] DEBUG org.apache.http.wire -  >> "GET /jsonrpc.php HTTP/1.1[\r][\n]"
19:15:46.213 [main] DEBUG org.apache.http.wire -  >> "Accept: */*[\r][\n]"
19:15:46.213 [main] DEBUG org.apache.http.wire -  >> "Content-Type: text/plain; charset=ISO-8859-1[\r][\n]"
19:15:46.214 [main] DEBUG org.apache.http.wire -  >> "Content-Length: 70[\r][\n]"
19:15:46.214 [main] DEBUG org.apache.http.wire -  >> "Host: localhost:81[\r][\n]"
19:15:46.214 [main] DEBUG org.apache.http.wire -  >> "Connection: Keep-Alive[\r][\n]"
19:15:46.214 [main] DEBUG org.apache.http.wire -  >> "User-Agent: Apache-HttpClient/4.5.13 (Java/17)[\r][\n]"
19:15:46.214 [main] DEBUG org.apache.http.wire -  >> "Accept-Encoding: gzip,deflate[\r][\n]"
19:15:46.214 [main] DEBUG org.apache.http.wire -  >> "[\r][\n]"
19:15:46.214 [main] DEBUG org.apache.http.headers - >> GET /jsonrpc.php HTTP/1.1
19:15:46.214 [main] DEBUG org.apache.http.headers - >> Accept: */*
19:15:46.214 [main] DEBUG org.apache.http.headers - >> Content-Type: text/plain; charset=ISO-8859-1
19:15:46.214 [main] DEBUG org.apache.http.headers - >> Content-Length: 70
19:15:46.214 [main] DEBUG org.apache.http.headers - >> Host: localhost:81
19:15:46.214 [main] DEBUG org.apache.http.headers - >> Connection: Keep-Alive
19:15:46.214 [main] DEBUG org.apache.http.headers - >> User-Agent: Apache-HttpClient/4.5.13 (Java/17)
19:15:46.214 [main] DEBUG org.apache.http.headers - >> Accept-Encoding: gzip,deflate
19:15:46.214 [main] DEBUG org.apache.http.wire -  >> "{"jsonrpc":"2.0","method":"getUser","id":123,"params":{"user_id":388}}"
19:15:46.225 [main] DEBUG org.apache.http.wire -  << "HTTP/1.1 401 Unauthorized[\r][\n]"
19:15:46.225 [main] DEBUG org.apache.http.wire -  << "Server: nginx[\r][\n]"
19:15:46.225 [main] DEBUG org.apache.http.wire -  << "Date: Wed, 26 Jul 2023 16:15:46 GMT[\r][\n]"
19:15:46.225 [main] DEBUG org.apache.http.wire -  << "Content-Type: application/json[\r][\n]"
19:15:46.225 [main] DEBUG org.apache.http.wire -  << "Transfer-Encoding: chunked[\r][\n]"
19:15:46.225 [main] DEBUG org.apache.http.wire -  << "Connection: keep-alive[\r][\n]"
19:15:46.225 [main] DEBUG org.apache.http.wire -  << "WWW-Authenticate: Basic realm="JsonRPC"[\r][\n]"
19:15:46.225 [main] DEBUG org.apache.http.wire -  << "[\r][\n]"
19:15:46.225 [main] DEBUG org.apache.http.impl.conn.DefaultClientConnection - Receiving response: HTTP/1.1 401 Unauthorized
19:15:46.225 [main] DEBUG org.apache.http.headers - << HTTP/1.1 401 Unauthorized
19:15:46.225 [main] DEBUG org.apache.http.headers - << Server: nginx
19:15:46.226 [main] DEBUG org.apache.http.headers - << Date: Wed, 26 Jul 2023 16:15:46 GMT
19:15:46.226 [main] DEBUG org.apache.http.headers - << Content-Type: application/json
19:15:46.226 [main] DEBUG org.apache.http.headers - << Transfer-Encoding: chunked
19:15:46.226 [main] DEBUG org.apache.http.headers - << Connection: keep-alive
19:15:46.226 [main] DEBUG org.apache.http.headers - << WWW-Authenticate: Basic realm="JsonRPC"
19:15:46.226 [main] DEBUG org.apache.http.impl.client.DefaultHttpClient - Connection can be kept alive indefinitely
19:15:46.226 [main] DEBUG org.apache.http.impl.client.DefaultHttpClient - Authentication required
19:15:46.226 [main] DEBUG org.apache.http.impl.client.DefaultHttpClient - localhost:81 requested authentication
19:15:46.226 [main] DEBUG org.apache.http.impl.client.TargetAuthenticationStrategy - Authentication schemes in the order of preference: [Negotiate, Kerberos, NTLM, CredSSP, Digest, Basic]
19:15:46.226 [main] DEBUG org.apache.http.impl.client.TargetAuthenticationStrategy - Challenge for Negotiate authentication scheme not available
19:15:46.226 [main] DEBUG org.apache.http.impl.client.TargetAuthenticationStrategy - Challenge for Kerberos authentication scheme not available
19:15:46.226 [main] DEBUG org.apache.http.impl.client.TargetAuthenticationStrategy - Challenge for NTLM authentication scheme not available
19:15:46.226 [main] DEBUG org.apache.http.impl.client.TargetAuthenticationStrategy - Challenge for CredSSP authentication scheme not available
19:15:46.226 [main] DEBUG org.apache.http.impl.client.TargetAuthenticationStrategy - Challenge for Digest authentication scheme not available
19:15:46.226 [main] DEBUG org.apache.http.impl.client.DefaultHttpClient - Selected authentication options: [BASIC [complete=true]]
19:15:46.226 [main] DEBUG org.apache.http.wire -  << "49[\r][\n]"
19:15:46.226 [main] DEBUG org.apache.http.wire -  << "{"jsonrpc":"2.0","error":{"code":401,"message":"Unauthorized"},"id":null}"
19:15:46.226 [main] DEBUG org.apache.http.wire -  << "[\r][\n]"
19:15:46.226 [main] DEBUG org.apache.http.wire -  << "0[\r][\n]"
19:15:46.226 [main] DEBUG org.apache.http.wire -  << "[\r][\n]"
19:15:46.227 [main] DEBUG org.apache.http.client.protocol.RequestAddCookies - CookieSpec selected: ignoreCookies
19:15:46.227 [main] DEBUG org.apache.http.client.protocol.RequestAuthCache - Auth cache not set in the context
19:15:46.227 [main] DEBUG org.apache.http.client.protocol.RequestTargetAuthentication - Target auth state: CHALLENGED
19:15:46.227 [main] DEBUG org.apache.http.client.protocol.RequestTargetAuthentication - Generating response to an authentication challenge using basic scheme
19:15:46.227 [main] DEBUG org.apache.http.client.protocol.RequestProxyAuthentication - Proxy auth state: UNCHALLENGED
19:15:46.227 [main] DEBUG org.apache.http.impl.client.DefaultHttpClient - Attempt 2 to execute request
19:15:46.227 [main] DEBUG org.apache.http.impl.conn.DefaultClientConnection - Sending request: GET /jsonrpc.php HTTP/1.1
19:15:46.227 [main] DEBUG org.apache.http.wire -  >> "GET /jsonrpc.php HTTP/1.1[\r][\n]"
19:15:46.227 [main] DEBUG org.apache.http.wire -  >> "Accept: */*[\r][\n]"
19:15:46.227 [main] DEBUG org.apache.http.wire -  >> "Content-Type: text/plain; charset=ISO-8859-1[\r][\n]"
19:15:46.227 [main] DEBUG org.apache.http.wire -  >> "Content-Length: 70[\r][\n]"
19:15:46.227 [main] DEBUG org.apache.http.wire -  >> "Host: localhost:81[\r][\n]"
19:15:46.227 [main] DEBUG org.apache.http.wire -  >> "Connection: Keep-Alive[\r][\n]"
19:15:46.227 [main] DEBUG org.apache.http.wire -  >> "User-Agent: Apache-HttpClient/4.5.13 (Java/17)[\r][\n]"
19:15:46.227 [main] DEBUG org.apache.http.wire -  >> "Authorization: Basic YWRtaW46YWRtaW4=[\r][\n]"
19:15:46.227 [main] DEBUG org.apache.http.wire -  >> "Accept-Encoding: gzip,deflate[\r][\n]"
19:15:46.227 [main] DEBUG org.apache.http.wire -  >> "[\r][\n]"
19:15:46.227 [main] DEBUG org.apache.http.headers - >> GET /jsonrpc.php HTTP/1.1
19:15:46.228 [main] DEBUG org.apache.http.headers - >> Accept: */*
19:15:46.228 [main] DEBUG org.apache.http.headers - >> Content-Type: text/plain; charset=ISO-8859-1
19:15:46.228 [main] DEBUG org.apache.http.headers - >> Content-Length: 70
19:15:46.228 [main] DEBUG org.apache.http.headers - >> Host: localhost:81
19:15:46.228 [main] DEBUG org.apache.http.headers - >> Connection: Keep-Alive
19:15:46.228 [main] DEBUG org.apache.http.headers - >> User-Agent: Apache-HttpClient/4.5.13 (Java/17)
19:15:46.228 [main] DEBUG org.apache.http.headers - >> Authorization: Basic YWRtaW46YWRtaW4=
19:15:46.228 [main] DEBUG org.apache.http.headers - >> Accept-Encoding: gzip,deflate
19:15:46.228 [main] DEBUG org.apache.http.wire -  >> "{"jsonrpc":"2.0","method":"getUser","id":123,"params":{"user_id":388}}"
19:15:46.325 [main] DEBUG org.apache.http.wire -  << "HTTP/1.1 200 OK[\r][\n]"
19:15:46.325 [main] DEBUG org.apache.http.wire -  << "Server: nginx[\r][\n]"
19:15:46.325 [main] DEBUG org.apache.http.wire -  << "Date: Wed, 26 Jul 2023 16:15:46 GMT[\r][\n]"
19:15:46.325 [main] DEBUG org.apache.http.wire -  << "Content-Type: application/json[\r][\n]"
19:15:46.325 [main] DEBUG org.apache.http.wire -  << "Transfer-Encoding: chunked[\r][\n]"
19:15:46.325 [main] DEBUG org.apache.http.wire -  << "Connection: keep-alive[\r][\n]"
19:15:46.325 [main] DEBUG org.apache.http.wire -  << "Vary: Accept-Encoding[\r][\n]"
19:15:46.325 [main] DEBUG org.apache.http.wire -  << "Content-Encoding: gzip[\r][\n]"
19:15:46.325 [main] DEBUG org.apache.http.wire -  << "[\r][\n]"
19:15:46.326 [main] DEBUG org.apache.http.impl.conn.DefaultClientConnection - Receiving response: HTTP/1.1 200 OK
19:15:46.326 [main] DEBUG org.apache.http.headers - << HTTP/1.1 200 OK
19:15:46.326 [main] DEBUG org.apache.http.headers - << Server: nginx
19:15:46.326 [main] DEBUG org.apache.http.headers - << Date: Wed, 26 Jul 2023 16:15:46 GMT
19:15:46.326 [main] DEBUG org.apache.http.headers - << Content-Type: application/json
19:15:46.326 [main] DEBUG org.apache.http.headers - << Transfer-Encoding: chunked
19:15:46.326 [main] DEBUG org.apache.http.headers - << Connection: keep-alive
19:15:46.326 [main] DEBUG org.apache.http.headers - << Vary: Accept-Encoding
19:15:46.326 [main] DEBUG org.apache.http.headers - << Content-Encoding: gzip
19:15:46.327 [main] DEBUG org.apache.http.impl.client.DefaultHttpClient - Connection can be kept alive indefinitely
19:15:46.327 [main] DEBUG org.apache.http.impl.client.DefaultHttpClient - Authentication succeeded
19:15:46.327 [main] DEBUG org.apache.http.impl.client.TargetAuthenticationStrategy - Caching 'basic' auth scheme for http://localhost:81
19:15:46.328 [main] DEBUG io.restassured.internal.RestAssuredHttpBuilder - Parsing response as: application/json
19:15:46.329 [main] DEBUG org.apache.http.wire -  << "170[\r][\n]"
19:15:46.329 [main] DEBUG org.apache.http.wire -  << "[0x1f][0x8b][0x8][0x0][0x0][0x0][0x0][0x0][0x0][0x3]][0x91][0xcd]n[0xc2]0[0x10][0x84][0xdf][0xc5][0xe2][0x98][0xa2][0x10]@B9[0x15][\n]"
19:15:46.329 [main] DEBUG org.apache.http.wire -  << "[0xea][0x8f][0xa8]TP[0xa9][0xaa]^[0xac][0xc5]q[0x82][0x1b][0xc7]vm[0xa7]4 [0xde][0xbd]kR[0x10][0xf4]b[0xc9][0xeb][0xd9][0x9d]o[0xd6]{[0xf2][0xe9][0xb4][0xb2][0x86][0x91][0x94]$[0xdd][0x98]D[0xc4]rWKO[0xd2]=[0x11][0x19]I[0xfb][0xa3]QDj[0xc7][0xad][0x82][0x8a][0xa3][0xa6]ll#[0xf5][0xf8][0xe5][0xf1][0x95];?[0xd7][0x85]P[0xd8]b[0xc0][0xb9][0xad][0xb6]('[0x9d][0xa4][0xe9][0xf4][0xe2][0xce][0x83]y[0xbf]g[0xb]?[0xe0]`&[0xb3][0xe9]H[0x96]os[[0xd7][0xcd][0xc7][0xdd]l5[0x1d][0xf][0xb3]j6[0x1c]/[0x96][0xf1]j[0xd9][0xdb]N[0xd8][0xd3][0xd7]4y[0xde][0xb1][\r][0xe0]$[0xe1][0xa8][0xcc][0xc0][0xd0][0xe0]H[0xd2]8"W[0xb6]([0xe0][0x15][0x8][0xf9][0x9f][0xe3]6[0x14][0xbb]LW(([0xb4].$[0xa7][0x81]][0xd5]RbA[0xf8]M[0xbd][0xbe](([0xed]E.[0x18]x[0xa1][0x95][0xa3]\[0xc1]ZrT[0xa3][0x99][0x17][0x15][0xdf]i[0x85]9[0xdb]V[0x9][0xaa][0xa8][0xa1]8[0xdf]3[0xe1][0x82][0x98][0xca][0x90][0x9b][0xe6][0xda]Vm[0xdb]V[0xe7][0xc0][0xbc][0xb6][0x14]O[0xf1][\r][0xfe]4[0xee]\w[0x9c]Y[0x8e];m[0xc7]z]r[0x85][0x19][0x90][0xf6][0x9a]%[0x17][0xd2][0x87][0xdc][0x3]|X[0xd3][0x1c]C[0xf1][0xac]5;[0xfa]H[0xcd]J[0xca][0x8c][0xb0]Gv[0x9a][0xa1][0xd3]EJ[0x9][0x97])[0xad][0x96][0xe1][0xbf][0xc0][0x98][0x9b][\n]"
19:15:46.329 [main] DEBUG org.apache.http.wire -  << "[0x14][0x86][0xb0][0xed]z[0x8f][0x88][0xf8][0xd2][0x8b][0x8] *Xj[0xc0]oNc[0xc0][0x8]T0[0xee][0x1c][0xfd][0xa3]l[0x91]Od[0xe1]v[0xc0]9[0xb8][0xaf]^[0xd2]?[0xfc][0x2][0xe1][0x98][[0xea]>[0x2][0x0][0x0]"
19:15:46.329 [main] DEBUG org.apache.http.wire -  << "[\r][\n]"
19:15:46.329 [main] DEBUG org.apache.http.wire -  << "0[\r][\n]"
19:15:46.329 [main] DEBUG org.apache.http.wire -  << "[\r][\n]"
19:15:46.329 [main] DEBUG io.restassured.internal.RestAssuredHttpBuilder - Parsed data to instance of: class org.apache.http.conn.EofSensorInputStream
19:15:46.337 [main] DEBUG org.apache.http.impl.conn.BasicClientConnectionManager - Releasing connection org.apache.http.impl.conn.ManagedClientConnectionImpl@7bbd0006
19:15:46.337 [main] DEBUG org.apache.http.impl.conn.BasicClientConnectionManager - Connection can be kept alive indefinitely
{
    "jsonrpc": "2.0",
    "result": {
        "id": 388,
        "username": "kyryloAPITestLogin",
        "password": "$2y$10$HpXGcQt4eapBED8lkVLruuyZCEUDA5dmE5AQR0UR1wBcJqD2Mzcha",
        "is_ldap_user": 0,
        "name": "kyrylo",
        "email": "kyryloAPITest@mail.com",
        "google_id": null,
        "github_id": null,
        "notifications_enabled": 0,
        "timezone": null,
        "language": null,
        "disable_login_form": 0,
        "twofactor_activated": 0,
        "twofactor_secret": null,
        "token": "",
        "notifications_filter": 4,
        "nb_failed_login": 0,
        "lock_expiration_date": null,
        "gitlab_id": null,
        "role": "app-manager",
        "is_active": 1,
        "avatar_path": null,
        "api_access_token": null,
        "filter": null
    },
    "id": 123
}
{
    "jsonrpc": "2.0",
    "result": {
        "id": 388,
        "username": "kyryloAPITestLogin",
        "password": "$2y$10$HpXGcQt4eapBED8lkVLruuyZCEUDA5dmE5AQR0UR1wBcJqD2Mzcha",
        "is_ldap_user": 0,
        "name": "kyrylo",
        "email": "kyryloAPITest@mail.com",
        "google_id": null,
        "github_id": null,
        "notifications_enabled": 0,
        "timezone": null,
        "language": null,
        "disable_login_form": 0,
        "twofactor_activated": 0,
        "twofactor_secret": null,
        "token": "",
        "notifications_filter": 4,
        "nb_failed_login": 0,
        "lock_expiration_date": null,
        "gitlab_id": null,
        "role": "app-manager",
        "is_active": 1,
        "avatar_path": null,
        "api_access_token": null,
        "filter": null
    },
    "id": 123
}
]]></system-out>
  </testcase>
  <testcase name="deleteUserTest" classname="API.tests.DeleteUserTest" time="0.349">
    <system-out><![CDATA[Request method:	DELETE
Request URI:	http://localhost:81/jsonrpc.php
Proxy:			<none>
Request params:	<none>
Query params:	<none>
Form params:	<none>
Path params:	<none>
Headers:		Accept=*/*
				Content-Type=text/plain; charset=ISO-8859-1
Cookies:		<none>
Multiparts:		<none>
Body:
{"jsonrpc":"2.0","method":"removeUser","id":234,"params":{"user_id":388}}
19:15:46.430 [main] DEBUG org.apache.http.impl.conn.BasicClientConnectionManager - Get connection for route {}->http://localhost:81
19:15:46.431 [main] DEBUG org.apache.http.impl.conn.DefaultClientConnectionOperator - Connecting to localhost:81
19:15:46.432 [main] DEBUG org.apache.http.client.protocol.RequestAddCookies - CookieSpec selected: ignoreCookies
19:15:46.432 [main] DEBUG org.apache.http.client.protocol.RequestAuthCache - Auth cache not set in the context
19:15:46.432 [main] DEBUG org.apache.http.client.protocol.RequestTargetAuthentication - Target auth state: UNCHALLENGED
19:15:46.432 [main] DEBUG org.apache.http.client.protocol.RequestProxyAuthentication - Proxy auth state: UNCHALLENGED
19:15:46.432 [main] DEBUG org.apache.http.impl.client.DefaultHttpClient - Attempt 1 to execute request
19:15:46.432 [main] DEBUG org.apache.http.impl.conn.DefaultClientConnection - Sending request: DELETE /jsonrpc.php HTTP/1.1
19:15:46.432 [main] DEBUG org.apache.http.wire -  >> "DELETE /jsonrpc.php HTTP/1.1[\r][\n]"
19:15:46.432 [main] DEBUG org.apache.http.wire -  >> "Accept: */*[\r][\n]"
19:15:46.433 [main] DEBUG org.apache.http.wire -  >> "Content-Type: text/plain; charset=ISO-8859-1[\r][\n]"
19:15:46.433 [main] DEBUG org.apache.http.wire -  >> "Content-Length: 73[\r][\n]"
19:15:46.433 [main] DEBUG org.apache.http.wire -  >> "Host: localhost:81[\r][\n]"
19:15:46.433 [main] DEBUG org.apache.http.wire -  >> "Connection: Keep-Alive[\r][\n]"
19:15:46.433 [main] DEBUG org.apache.http.wire -  >> "User-Agent: Apache-HttpClient/4.5.13 (Java/17)[\r][\n]"
19:15:46.433 [main] DEBUG org.apache.http.wire -  >> "Accept-Encoding: gzip,deflate[\r][\n]"
19:15:46.433 [main] DEBUG org.apache.http.wire -  >> "[\r][\n]"
19:15:46.433 [main] DEBUG org.apache.http.headers - >> DELETE /jsonrpc.php HTTP/1.1
19:15:46.433 [main] DEBUG org.apache.http.headers - >> Accept: */*
19:15:46.433 [main] DEBUG org.apache.http.headers - >> Content-Type: text/plain; charset=ISO-8859-1
19:15:46.433 [main] DEBUG org.apache.http.headers - >> Content-Length: 73
19:15:46.433 [main] DEBUG org.apache.http.headers - >> Host: localhost:81
19:15:46.433 [main] DEBUG org.apache.http.headers - >> Connection: Keep-Alive
19:15:46.433 [main] DEBUG org.apache.http.headers - >> User-Agent: Apache-HttpClient/4.5.13 (Java/17)
19:15:46.434 [main] DEBUG org.apache.http.headers - >> Accept-Encoding: gzip,deflate
19:15:46.434 [main] DEBUG org.apache.http.wire -  >> "{"jsonrpc":"2.0","method":"removeUser","id":234,"params":{"user_id":388}}"
19:15:46.450 [main] DEBUG org.apache.http.wire -  << "HTTP/1.1 401 Unauthorized[\r][\n]"
19:15:46.450 [main] DEBUG org.apache.http.wire -  << "Server: nginx[\r][\n]"
19:15:46.450 [main] DEBUG org.apache.http.wire -  << "Date: Wed, 26 Jul 2023 16:15:46 GMT[\r][\n]"
19:15:46.450 [main] DEBUG org.apache.http.wire -  << "Content-Type: application/json[\r][\n]"
19:15:46.450 [main] DEBUG org.apache.http.wire -  << "Transfer-Encoding: chunked[\r][\n]"
19:15:46.450 [main] DEBUG org.apache.http.wire -  << "Connection: keep-alive[\r][\n]"
19:15:46.450 [main] DEBUG org.apache.http.wire -  << "WWW-Authenticate: Basic realm="JsonRPC"[\r][\n]"
19:15:46.450 [main] DEBUG org.apache.http.wire -  << "[\r][\n]"
19:15:46.450 [main] DEBUG org.apache.http.impl.conn.DefaultClientConnection - Receiving response: HTTP/1.1 401 Unauthorized
19:15:46.450 [main] DEBUG org.apache.http.headers - << HTTP/1.1 401 Unauthorized
19:15:46.450 [main] DEBUG org.apache.http.headers - << Server: nginx
19:15:46.450 [main] DEBUG org.apache.http.headers - << Date: Wed, 26 Jul 2023 16:15:46 GMT
19:15:46.450 [main] DEBUG org.apache.http.headers - << Content-Type: application/json
19:15:46.450 [main] DEBUG org.apache.http.headers - << Transfer-Encoding: chunked
19:15:46.450 [main] DEBUG org.apache.http.headers - << Connection: keep-alive
19:15:46.451 [main] DEBUG org.apache.http.headers - << WWW-Authenticate: Basic realm="JsonRPC"
19:15:46.451 [main] DEBUG org.apache.http.impl.client.DefaultHttpClient - Connection can be kept alive indefinitely
19:15:46.451 [main] DEBUG org.apache.http.impl.client.DefaultHttpClient - Authentication required
19:15:46.451 [main] DEBUG org.apache.http.impl.client.DefaultHttpClient - localhost:81 requested authentication
19:15:46.451 [main] DEBUG org.apache.http.impl.client.TargetAuthenticationStrategy - Authentication schemes in the order of preference: [Negotiate, Kerberos, NTLM, CredSSP, Digest, Basic]
19:15:46.451 [main] DEBUG org.apache.http.impl.client.TargetAuthenticationStrategy - Challenge for Negotiate authentication scheme not available
19:15:46.451 [main] DEBUG org.apache.http.impl.client.TargetAuthenticationStrategy - Challenge for Kerberos authentication scheme not available
19:15:46.451 [main] DEBUG org.apache.http.impl.client.TargetAuthenticationStrategy - Challenge for NTLM authentication scheme not available
19:15:46.451 [main] DEBUG org.apache.http.impl.client.TargetAuthenticationStrategy - Challenge for CredSSP authentication scheme not available
19:15:46.451 [main] DEBUG org.apache.http.impl.client.TargetAuthenticationStrategy - Challenge for Digest authentication scheme not available
19:15:46.451 [main] DEBUG org.apache.http.impl.client.DefaultHttpClient - Selected authentication options: [BASIC [complete=true]]
19:15:46.451 [main] DEBUG org.apache.http.wire -  << "49[\r][\n]"
19:15:46.451 [main] DEBUG org.apache.http.wire -  << "{"jsonrpc":"2.0","error":{"code":401,"message":"Unauthorized"},"id":null}"
19:15:46.451 [main] DEBUG org.apache.http.wire -  << "[\r][\n]"
19:15:46.451 [main] DEBUG org.apache.http.wire -  << "0[\r][\n]"
19:15:46.451 [main] DEBUG org.apache.http.wire -  << "[\r][\n]"
19:15:46.452 [main] DEBUG org.apache.http.client.protocol.RequestAddCookies - CookieSpec selected: ignoreCookies
19:15:46.452 [main] DEBUG org.apache.http.client.protocol.RequestAuthCache - Auth cache not set in the context
19:15:46.452 [main] DEBUG org.apache.http.client.protocol.RequestTargetAuthentication - Target auth state: CHALLENGED
19:15:46.452 [main] DEBUG org.apache.http.client.protocol.RequestTargetAuthentication - Generating response to an authentication challenge using basic scheme
19:15:46.452 [main] DEBUG org.apache.http.client.protocol.RequestProxyAuthentication - Proxy auth state: UNCHALLENGED
19:15:46.452 [main] DEBUG org.apache.http.impl.client.DefaultHttpClient - Attempt 2 to execute request
19:15:46.452 [main] DEBUG org.apache.http.impl.conn.DefaultClientConnection - Sending request: DELETE /jsonrpc.php HTTP/1.1
19:15:46.452 [main] DEBUG org.apache.http.wire -  >> "DELETE /jsonrpc.php HTTP/1.1[\r][\n]"
19:15:46.452 [main] DEBUG org.apache.http.wire -  >> "Accept: */*[\r][\n]"
19:15:46.452 [main] DEBUG org.apache.http.wire -  >> "Content-Type: text/plain; charset=ISO-8859-1[\r][\n]"
19:15:46.452 [main] DEBUG org.apache.http.wire -  >> "Content-Length: 73[\r][\n]"
19:15:46.452 [main] DEBUG org.apache.http.wire -  >> "Host: localhost:81[\r][\n]"
19:15:46.452 [main] DEBUG org.apache.http.wire -  >> "Connection: Keep-Alive[\r][\n]"
19:15:46.452 [main] DEBUG org.apache.http.wire -  >> "User-Agent: Apache-HttpClient/4.5.13 (Java/17)[\r][\n]"
19:15:46.452 [main] DEBUG org.apache.http.wire -  >> "Authorization: Basic YWRtaW46YWRtaW4=[\r][\n]"
19:15:46.452 [main] DEBUG org.apache.http.wire -  >> "Accept-Encoding: gzip,deflate[\r][\n]"
19:15:46.452 [main] DEBUG org.apache.http.wire -  >> "[\r][\n]"
19:15:46.452 [main] DEBUG org.apache.http.headers - >> DELETE /jsonrpc.php HTTP/1.1
19:15:46.452 [main] DEBUG org.apache.http.headers - >> Accept: */*
19:15:46.452 [main] DEBUG org.apache.http.headers - >> Content-Type: text/plain; charset=ISO-8859-1
19:15:46.452 [main] DEBUG org.apache.http.headers - >> Content-Length: 73
19:15:46.452 [main] DEBUG org.apache.http.headers - >> Host: localhost:81
19:15:46.453 [main] DEBUG org.apache.http.headers - >> Connection: Keep-Alive
19:15:46.453 [main] DEBUG org.apache.http.headers - >> User-Agent: Apache-HttpClient/4.5.13 (Java/17)
19:15:46.453 [main] DEBUG org.apache.http.headers - >> Authorization: Basic YWRtaW46YWRtaW4=
19:15:46.453 [main] DEBUG org.apache.http.headers - >> Accept-Encoding: gzip,deflate
19:15:46.453 [main] DEBUG org.apache.http.wire -  >> "{"jsonrpc":"2.0","method":"removeUser","id":234,"params":{"user_id":388}}"
19:15:46.594 [main] DEBUG org.apache.http.wire -  << "HTTP/1.1 200 OK[\r][\n]"
19:15:46.595 [main] DEBUG org.apache.http.wire -  << "Server: nginx[\r][\n]"
19:15:46.595 [main] DEBUG org.apache.http.wire -  << "Date: Wed, 26 Jul 2023 16:15:46 GMT[\r][\n]"
19:15:46.595 [main] DEBUG org.apache.http.wire -  << "Content-Type: application/json[\r][\n]"
19:15:46.595 [main] DEBUG org.apache.http.wire -  << "Transfer-Encoding: chunked[\r][\n]"
19:15:46.595 [main] DEBUG org.apache.http.wire -  << "Connection: keep-alive[\r][\n]"
19:15:46.595 [main] DEBUG org.apache.http.wire -  << "Vary: Accept-Encoding[\r][\n]"
19:15:46.595 [main] DEBUG org.apache.http.wire -  << "Content-Encoding: gzip[\r][\n]"
19:15:46.595 [main] DEBUG org.apache.http.wire -  << "[\r][\n]"
19:15:46.595 [main] DEBUG org.apache.http.impl.conn.DefaultClientConnection - Receiving response: HTTP/1.1 200 OK
19:15:46.595 [main] DEBUG org.apache.http.headers - << HTTP/1.1 200 OK
19:15:46.595 [main] DEBUG org.apache.http.headers - << Server: nginx
19:15:46.595 [main] DEBUG org.apache.http.headers - << Date: Wed, 26 Jul 2023 16:15:46 GMT
19:15:46.595 [main] DEBUG org.apache.http.headers - << Content-Type: application/json
19:15:46.595 [main] DEBUG org.apache.http.headers - << Transfer-Encoding: chunked
19:15:46.595 [main] DEBUG org.apache.http.headers - << Connection: keep-alive
19:15:46.595 [main] DEBUG org.apache.http.headers - << Vary: Accept-Encoding
19:15:46.595 [main] DEBUG org.apache.http.headers - << Content-Encoding: gzip
19:15:46.595 [main] DEBUG org.apache.http.impl.client.DefaultHttpClient - Connection can be kept alive indefinitely
19:15:46.595 [main] DEBUG org.apache.http.impl.client.DefaultHttpClient - Authentication succeeded
19:15:46.595 [main] DEBUG org.apache.http.impl.client.TargetAuthenticationStrategy - Caching 'basic' auth scheme for http://localhost:81
19:15:46.595 [main] DEBUG io.restassured.internal.RestAssuredHttpBuilder - Parsing response as: application/json
19:15:46.595 [main] DEBUG org.apache.http.wire -  << "3c[\r][\n]"
19:15:46.595 [main] DEBUG org.apache.http.wire -  << "[0x1f][0x8b][0x8][0x0][0x0][0x0][0x0][0x0][0x0][0x3][0xab]V[0xca]*[0xce][0xcf]+*HV[0xb2]R2[0xd2]3P[0xd2]Q*J-.[0xcd])Q[0xb2]*)*M[0xd5]Q[0xca]LQ[0xb2]226[0xa9][0x5][0x0]q~[0x7][0xe8]([0x0][0x0][0x0]"
19:15:46.595 [main] DEBUG org.apache.http.wire -  << "[\r][\n]"
19:15:46.595 [main] DEBUG org.apache.http.wire -  << "0[\r][\n]"
19:15:46.595 [main] DEBUG org.apache.http.wire -  << "[\r][\n]"
19:15:46.596 [main] DEBUG io.restassured.internal.RestAssuredHttpBuilder - Parsed data to instance of: class org.apache.http.conn.EofSensorInputStream
19:15:46.597 [main] DEBUG org.apache.http.impl.conn.BasicClientConnectionManager - Releasing connection org.apache.http.impl.conn.ManagedClientConnectionImpl@70cdbd18
19:15:46.597 [main] DEBUG org.apache.http.impl.conn.BasicClientConnectionManager - Connection can be kept alive indefinitely
{
    "jsonrpc": "2.0",
    "result": true,
    "id": 234
}
{
    "jsonrpc": "2.0",
    "result": true,
    "id": 234
}
Request method:	POST
Request URI:	http://localhost:81/jsonrpc.php
Proxy:			<none>
Request params:	<none>
Query params:	<none>
Form params:	<none>
Path params:	<none>
Headers:		Accept=*/*
				Content-Type=text/plain; charset=ISO-8859-1
Cookies:		<none>
Multiparts:		<none>
Body:
{"jsonrpc":"2.0","method":"createUser","id":123123,"params":{"username":"kyryloAPITestLogin","password":"kyryloAPITestPassword","name":"kyrylo","email":"kyryloAPITest@mail.com","role":"app-manager"}}
19:15:46.640 [main] DEBUG org.apache.http.impl.conn.BasicClientConnectionManager - Get connection for route {}->http://localhost:81
19:15:46.640 [main] DEBUG org.apache.http.impl.conn.DefaultClientConnectionOperator - Connecting to localhost:81
19:15:46.642 [main] DEBUG org.apache.http.client.protocol.RequestAddCookies - CookieSpec selected: ignoreCookies
19:15:46.642 [main] DEBUG org.apache.http.client.protocol.RequestAuthCache - Auth cache not set in the context
19:15:46.642 [main] DEBUG org.apache.http.client.protocol.RequestTargetAuthentication - Target auth state: UNCHALLENGED
19:15:46.642 [main] DEBUG org.apache.http.client.protocol.RequestProxyAuthentication - Proxy auth state: UNCHALLENGED
19:15:46.642 [main] DEBUG org.apache.http.impl.client.DefaultHttpClient - Attempt 1 to execute request
19:15:46.642 [main] DEBUG org.apache.http.impl.conn.DefaultClientConnection - Sending request: POST /jsonrpc.php HTTP/1.1
19:15:46.642 [main] DEBUG org.apache.http.wire -  >> "POST /jsonrpc.php HTTP/1.1[\r][\n]"
19:15:46.642 [main] DEBUG org.apache.http.wire -  >> "Accept: */*[\r][\n]"
19:15:46.642 [main] DEBUG org.apache.http.wire -  >> "Content-Type: text/plain; charset=ISO-8859-1[\r][\n]"
19:15:46.642 [main] DEBUG org.apache.http.wire -  >> "Content-Length: 199[\r][\n]"
19:15:46.642 [main] DEBUG org.apache.http.wire -  >> "Host: localhost:81[\r][\n]"
19:15:46.642 [main] DEBUG org.apache.http.wire -  >> "Connection: Keep-Alive[\r][\n]"
19:15:46.642 [main] DEBUG org.apache.http.wire -  >> "User-Agent: Apache-HttpClient/4.5.13 (Java/17)[\r][\n]"
19:15:46.643 [main] DEBUG org.apache.http.wire -  >> "Accept-Encoding: gzip,deflate[\r][\n]"
19:15:46.643 [main] DEBUG org.apache.http.wire -  >> "[\r][\n]"
19:15:46.643 [main] DEBUG org.apache.http.headers - >> POST /jsonrpc.php HTTP/1.1
19:15:46.643 [main] DEBUG org.apache.http.headers - >> Accept: */*
19:15:46.643 [main] DEBUG org.apache.http.headers - >> Content-Type: text/plain; charset=ISO-8859-1
19:15:46.643 [main] DEBUG org.apache.http.headers - >> Content-Length: 199
19:15:46.643 [main] DEBUG org.apache.http.headers - >> Host: localhost:81
19:15:46.643 [main] DEBUG org.apache.http.headers - >> Connection: Keep-Alive
19:15:46.643 [main] DEBUG org.apache.http.headers - >> User-Agent: Apache-HttpClient/4.5.13 (Java/17)
19:15:46.643 [main] DEBUG org.apache.http.headers - >> Accept-Encoding: gzip,deflate
19:15:46.644 [main] DEBUG org.apache.http.wire -  >> "{"jsonrpc":"2.0","method":"createUser","id":123123,"params":{"username":"kyryloAPITestLogin","password":"kyryloAPITestPassword","name":"kyrylo","email":"kyryloAPITest@mail.com","role":"app-manager"}}"
19:15:46.652 [main] DEBUG org.apache.http.wire -  << "HTTP/1.1 401 Unauthorized[\r][\n]"
19:15:46.652 [main] DEBUG org.apache.http.wire -  << "Server: nginx[\r][\n]"
19:15:46.652 [main] DEBUG org.apache.http.wire -  << "Date: Wed, 26 Jul 2023 16:15:46 GMT[\r][\n]"
19:15:46.652 [main] DEBUG org.apache.http.wire -  << "Content-Type: application/json[\r][\n]"
19:15:46.652 [main] DEBUG org.apache.http.wire -  << "Transfer-Encoding: chunked[\r][\n]"
19:15:46.652 [main] DEBUG org.apache.http.wire -  << "Connection: keep-alive[\r][\n]"
19:15:46.652 [main] DEBUG org.apache.http.wire -  << "WWW-Authenticate: Basic realm="JsonRPC"[\r][\n]"
19:15:46.652 [main] DEBUG org.apache.http.wire -  << "[\r][\n]"
19:15:46.652 [main] DEBUG org.apache.http.impl.conn.DefaultClientConnection - Receiving response: HTTP/1.1 401 Unauthorized
19:15:46.652 [main] DEBUG org.apache.http.headers - << HTTP/1.1 401 Unauthorized
19:15:46.652 [main] DEBUG org.apache.http.headers - << Server: nginx
19:15:46.653 [main] DEBUG org.apache.http.headers - << Date: Wed, 26 Jul 2023 16:15:46 GMT
19:15:46.653 [main] DEBUG org.apache.http.headers - << Content-Type: application/json
19:15:46.653 [main] DEBUG org.apache.http.headers - << Transfer-Encoding: chunked
19:15:46.653 [main] DEBUG org.apache.http.headers - << Connection: keep-alive
19:15:46.653 [main] DEBUG org.apache.http.headers - << WWW-Authenticate: Basic realm="JsonRPC"
19:15:46.653 [main] DEBUG org.apache.http.impl.client.DefaultHttpClient - Connection can be kept alive indefinitely
19:15:46.653 [main] DEBUG org.apache.http.impl.client.DefaultHttpClient - Authentication required
19:15:46.653 [main] DEBUG org.apache.http.impl.client.DefaultHttpClient - localhost:81 requested authentication
19:15:46.653 [main] DEBUG org.apache.http.impl.client.TargetAuthenticationStrategy - Authentication schemes in the order of preference: [Negotiate, Kerberos, NTLM, CredSSP, Digest, Basic]
19:15:46.653 [main] DEBUG org.apache.http.impl.client.TargetAuthenticationStrategy - Challenge for Negotiate authentication scheme not available
19:15:46.653 [main] DEBUG org.apache.http.impl.client.TargetAuthenticationStrategy - Challenge for Kerberos authentication scheme not available
19:15:46.653 [main] DEBUG org.apache.http.impl.client.TargetAuthenticationStrategy - Challenge for NTLM authentication scheme not available
19:15:46.653 [main] DEBUG org.apache.http.impl.client.TargetAuthenticationStrategy - Challenge for CredSSP authentication scheme not available
19:15:46.653 [main] DEBUG org.apache.http.impl.client.TargetAuthenticationStrategy - Challenge for Digest authentication scheme not available
19:15:46.653 [main] DEBUG org.apache.http.impl.client.DefaultHttpClient - Selected authentication options: [BASIC [complete=true]]
19:15:46.653 [main] DEBUG org.apache.http.wire -  << "49[\r][\n]"
19:15:46.653 [main] DEBUG org.apache.http.wire -  << "{"jsonrpc":"2.0","error":{"code":401,"message":"Unauthorized"},"id":null}"
19:15:46.653 [main] DEBUG org.apache.http.wire -  << "[\r][\n]"
19:15:46.653 [main] DEBUG org.apache.http.wire -  << "0[\r][\n]"
19:15:46.653 [main] DEBUG org.apache.http.wire -  << "[\r][\n]"
19:15:46.653 [main] DEBUG org.apache.http.client.protocol.RequestAddCookies - CookieSpec selected: ignoreCookies
19:15:46.653 [main] DEBUG org.apache.http.client.protocol.RequestAuthCache - Auth cache not set in the context
19:15:46.653 [main] DEBUG org.apache.http.client.protocol.RequestTargetAuthentication - Target auth state: CHALLENGED
19:15:46.653 [main] DEBUG org.apache.http.client.protocol.RequestTargetAuthentication - Generating response to an authentication challenge using basic scheme
19:15:46.654 [main] DEBUG org.apache.http.client.protocol.RequestProxyAuthentication - Proxy auth state: UNCHALLENGED
19:15:46.654 [main] DEBUG org.apache.http.impl.client.DefaultHttpClient - Attempt 2 to execute request
19:15:46.654 [main] DEBUG org.apache.http.impl.conn.DefaultClientConnection - Sending request: POST /jsonrpc.php HTTP/1.1
19:15:46.654 [main] DEBUG org.apache.http.wire -  >> "POST /jsonrpc.php HTTP/1.1[\r][\n]"
19:15:46.654 [main] DEBUG org.apache.http.wire -  >> "Accept: */*[\r][\n]"
19:15:46.654 [main] DEBUG org.apache.http.wire -  >> "Content-Type: text/plain; charset=ISO-8859-1[\r][\n]"
19:15:46.654 [main] DEBUG org.apache.http.wire -  >> "Content-Length: 199[\r][\n]"
19:15:46.654 [main] DEBUG org.apache.http.wire -  >> "Host: localhost:81[\r][\n]"
19:15:46.654 [main] DEBUG org.apache.http.wire -  >> "Connection: Keep-Alive[\r][\n]"
19:15:46.654 [main] DEBUG org.apache.http.wire -  >> "User-Agent: Apache-HttpClient/4.5.13 (Java/17)[\r][\n]"
19:15:46.654 [main] DEBUG org.apache.http.wire -  >> "Authorization: Basic YWRtaW46YWRtaW4=[\r][\n]"
19:15:46.654 [main] DEBUG org.apache.http.wire -  >> "Accept-Encoding: gzip,deflate[\r][\n]"
19:15:46.654 [main] DEBUG org.apache.http.wire -  >> "[\r][\n]"
19:15:46.654 [main] DEBUG org.apache.http.headers - >> POST /jsonrpc.php HTTP/1.1
19:15:46.654 [main] DEBUG org.apache.http.headers - >> Accept: */*
19:15:46.654 [main] DEBUG org.apache.http.headers - >> Content-Type: text/plain; charset=ISO-8859-1
19:15:46.654 [main] DEBUG org.apache.http.headers - >> Content-Length: 199
19:15:46.654 [main] DEBUG org.apache.http.headers - >> Host: localhost:81
19:15:46.654 [main] DEBUG org.apache.http.headers - >> Connection: Keep-Alive
19:15:46.654 [main] DEBUG org.apache.http.headers - >> User-Agent: Apache-HttpClient/4.5.13 (Java/17)
19:15:46.654 [main] DEBUG org.apache.http.headers - >> Authorization: Basic YWRtaW46YWRtaW4=
19:15:46.654 [main] DEBUG org.apache.http.headers - >> Accept-Encoding: gzip,deflate
19:15:46.654 [main] DEBUG org.apache.http.wire -  >> "{"jsonrpc":"2.0","method":"createUser","id":123123,"params":{"username":"kyryloAPITestLogin","password":"kyryloAPITestPassword","name":"kyrylo","email":"kyryloAPITest@mail.com","role":"app-manager"}}"
19:15:46.817 [main] DEBUG org.apache.http.wire -  << "HTTP/1.1 200 OK[\r][\n]"
19:15:46.817 [main] DEBUG org.apache.http.wire -  << "Server: nginx[\r][\n]"
19:15:46.817 [main] DEBUG org.apache.http.wire -  << "Date: Wed, 26 Jul 2023 16:15:46 GMT[\r][\n]"
19:15:46.817 [main] DEBUG org.apache.http.wire -  << "Content-Type: application/json[\r][\n]"
19:15:46.818 [main] DEBUG org.apache.http.wire -  << "Transfer-Encoding: chunked[\r][\n]"
19:15:46.818 [main] DEBUG org.apache.http.wire -  << "Connection: keep-alive[\r][\n]"
19:15:46.818 [main] DEBUG org.apache.http.wire -  << "Vary: Accept-Encoding[\r][\n]"
19:15:46.818 [main] DEBUG org.apache.http.wire -  << "Content-Encoding: gzip[\r][\n]"
19:15:46.818 [main] DEBUG org.apache.http.wire -  << "[\r][\n]"
19:15:46.818 [main] DEBUG org.apache.http.impl.conn.DefaultClientConnection - Receiving response: HTTP/1.1 200 OK
19:15:46.818 [main] DEBUG org.apache.http.headers - << HTTP/1.1 200 OK
19:15:46.818 [main] DEBUG org.apache.http.headers - << Server: nginx
19:15:46.818 [main] DEBUG org.apache.http.headers - << Date: Wed, 26 Jul 2023 16:15:46 GMT
19:15:46.818 [main] DEBUG org.apache.http.headers - << Content-Type: application/json
19:15:46.818 [main] DEBUG org.apache.http.headers - << Transfer-Encoding: chunked
19:15:46.818 [main] DEBUG org.apache.http.headers - << Connection: keep-alive
19:15:46.818 [main] DEBUG org.apache.http.headers - << Vary: Accept-Encoding
19:15:46.818 [main] DEBUG org.apache.http.headers - << Content-Encoding: gzip
19:15:46.818 [main] DEBUG org.apache.http.impl.client.DefaultHttpClient - Connection can be kept alive indefinitely
19:15:46.818 [main] DEBUG org.apache.http.impl.client.DefaultHttpClient - Authentication succeeded
19:15:46.818 [main] DEBUG org.apache.http.impl.client.TargetAuthenticationStrategy - Caching 'basic' auth scheme for http://localhost:81
19:15:46.818 [main] DEBUG io.restassured.internal.RestAssuredHttpBuilder - Parsing response as: application/json
19:15:46.818 [main] DEBUG org.apache.http.wire -  << "3c[\r][\n]"
19:15:46.818 [main] DEBUG org.apache.http.wire -  << "[0x1f][0x8b][0x8][0x0][0x0][0x0][0x0][0x0][0x0][0x3][0xab]V[0xca]*[0xce][0xcf]+*HV[0xb2]R2[0xd2]3P[0xd2]Q*J-.[0xcd])Q[0xb2]2[0xb6][0xb0][0xd4]Q[0xca]LQ[0xb2]242[0x6][0xa2]Z[0x0][0x9d][0x8b][0xd7][0x90]*[0x0][0x0][0x0]"
19:15:46.818 [main] DEBUG org.apache.http.wire -  << "[\r][\n]"
19:15:46.818 [main] DEBUG org.apache.http.wire -  << "0[\r][\n]"
19:15:46.818 [main] DEBUG org.apache.http.wire -  << "[\r][\n]"
19:15:46.818 [main] DEBUG io.restassured.internal.RestAssuredHttpBuilder - Parsed data to instance of: class org.apache.http.conn.EofSensorInputStream
19:15:46.820 [main] DEBUG org.apache.http.impl.conn.BasicClientConnectionManager - Releasing connection org.apache.http.impl.conn.ManagedClientConnectionImpl@594fcb22
19:15:46.820 [main] DEBUG org.apache.http.impl.conn.BasicClientConnectionManager - Connection can be kept alive indefinitely
{
    "jsonrpc": "2.0",
    "result": 389,
    "id": 123123
}
{
    "jsonrpc": "2.0",
    "result": 389,
    "id": 123123
}
Request method:	DELETE
Request URI:	http://localhost:81/jsonrpc.php
Proxy:			<none>
Request params:	<none>
Query params:	<none>
Form params:	<none>
Path params:	<none>
Headers:		Accept=*/*
				Content-Type=text/plain; charset=ISO-8859-1
Cookies:		<none>
Multiparts:		<none>
Body:
{"jsonrpc":"2.0","method":"removeUser","id":234,"params":{"user_id":389}}
19:15:46.833 [main] DEBUG org.apache.http.impl.conn.BasicClientConnectionManager - Get connection for route {}->http://localhost:81
19:15:46.833 [main] DEBUG org.apache.http.impl.conn.DefaultClientConnectionOperator - Connecting to localhost:81
19:15:46.835 [main] DEBUG org.apache.http.client.protocol.RequestAddCookies - CookieSpec selected: ignoreCookies
19:15:46.835 [main] DEBUG org.apache.http.client.protocol.RequestAuthCache - Auth cache not set in the context
19:15:46.835 [main] DEBUG org.apache.http.client.protocol.RequestTargetAuthentication - Target auth state: UNCHALLENGED
19:15:46.835 [main] DEBUG org.apache.http.client.protocol.RequestProxyAuthentication - Proxy auth state: UNCHALLENGED
19:15:46.835 [main] DEBUG org.apache.http.impl.client.DefaultHttpClient - Attempt 1 to execute request
19:15:46.835 [main] DEBUG org.apache.http.impl.conn.DefaultClientConnection - Sending request: DELETE /jsonrpc.php HTTP/1.1
19:15:46.835 [main] DEBUG org.apache.http.wire -  >> "DELETE /jsonrpc.php HTTP/1.1[\r][\n]"
19:15:46.835 [main] DEBUG org.apache.http.wire -  >> "Accept: */*[\r][\n]"
19:15:46.835 [main] DEBUG org.apache.http.wire -  >> "Content-Type: text/plain; charset=ISO-8859-1[\r][\n]"
19:15:46.835 [main] DEBUG org.apache.http.wire -  >> "Content-Length: 73[\r][\n]"
19:15:46.835 [main] DEBUG org.apache.http.wire -  >> "Host: localhost:81[\r][\n]"
19:15:46.835 [main] DEBUG org.apache.http.wire -  >> "Connection: Keep-Alive[\r][\n]"
19:15:46.835 [main] DEBUG org.apache.http.wire -  >> "User-Agent: Apache-HttpClient/4.5.13 (Java/17)[\r][\n]"
19:15:46.835 [main] DEBUG org.apache.http.wire -  >> "Accept-Encoding: gzip,deflate[\r][\n]"
19:15:46.835 [main] DEBUG org.apache.http.wire -  >> "[\r][\n]"
19:15:46.835 [main] DEBUG org.apache.http.headers - >> DELETE /jsonrpc.php HTTP/1.1
19:15:46.835 [main] DEBUG org.apache.http.headers - >> Accept: */*
19:15:46.835 [main] DEBUG org.apache.http.headers - >> Content-Type: text/plain; charset=ISO-8859-1
19:15:46.835 [main] DEBUG org.apache.http.headers - >> Content-Length: 73
19:15:46.835 [main] DEBUG org.apache.http.headers - >> Host: localhost:81
19:15:46.835 [main] DEBUG org.apache.http.headers - >> Connection: Keep-Alive
19:15:46.835 [main] DEBUG org.apache.http.headers - >> User-Agent: Apache-HttpClient/4.5.13 (Java/17)
19:15:46.835 [main] DEBUG org.apache.http.headers - >> Accept-Encoding: gzip,deflate
19:15:46.835 [main] DEBUG org.apache.http.wire -  >> "{"jsonrpc":"2.0","method":"removeUser","id":234,"params":{"user_id":389}}"
19:15:46.848 [main] DEBUG org.apache.http.wire -  << "HTTP/1.1 401 Unauthorized[\r][\n]"
19:15:46.848 [main] DEBUG org.apache.http.wire -  << "Server: nginx[\r][\n]"
19:15:46.848 [main] DEBUG org.apache.http.wire -  << "Date: Wed, 26 Jul 2023 16:15:46 GMT[\r][\n]"
19:15:46.848 [main] DEBUG org.apache.http.wire -  << "Content-Type: application/json[\r][\n]"
19:15:46.848 [main] DEBUG org.apache.http.wire -  << "Transfer-Encoding: chunked[\r][\n]"
19:15:46.848 [main] DEBUG org.apache.http.wire -  << "Connection: keep-alive[\r][\n]"
19:15:46.848 [main] DEBUG org.apache.http.wire -  << "WWW-Authenticate: Basic realm="JsonRPC"[\r][\n]"
19:15:46.848 [main] DEBUG org.apache.http.wire -  << "[\r][\n]"
19:15:46.848 [main] DEBUG org.apache.http.impl.conn.DefaultClientConnection - Receiving response: HTTP/1.1 401 Unauthorized
19:15:46.848 [main] DEBUG org.apache.http.headers - << HTTP/1.1 401 Unauthorized
19:15:46.849 [main] DEBUG org.apache.http.headers - << Server: nginx
19:15:46.849 [main] DEBUG org.apache.http.headers - << Date: Wed, 26 Jul 2023 16:15:46 GMT
19:15:46.849 [main] DEBUG org.apache.http.headers - << Content-Type: application/json
19:15:46.849 [main] DEBUG org.apache.http.headers - << Transfer-Encoding: chunked
19:15:46.849 [main] DEBUG org.apache.http.headers - << Connection: keep-alive
19:15:46.849 [main] DEBUG org.apache.http.headers - << WWW-Authenticate: Basic realm="JsonRPC"
19:15:46.849 [main] DEBUG org.apache.http.impl.client.DefaultHttpClient - Connection can be kept alive indefinitely
19:15:46.849 [main] DEBUG org.apache.http.impl.client.DefaultHttpClient - Authentication required
19:15:46.849 [main] DEBUG org.apache.http.impl.client.DefaultHttpClient - localhost:81 requested authentication
19:15:46.849 [main] DEBUG org.apache.http.impl.client.TargetAuthenticationStrategy - Authentication schemes in the order of preference: [Negotiate, Kerberos, NTLM, CredSSP, Digest, Basic]
19:15:46.849 [main] DEBUG org.apache.http.impl.client.TargetAuthenticationStrategy - Challenge for Negotiate authentication scheme not available
19:15:46.849 [main] DEBUG org.apache.http.impl.client.TargetAuthenticationStrategy - Challenge for Kerberos authentication scheme not available
19:15:46.849 [main] DEBUG org.apache.http.impl.client.TargetAuthenticationStrategy - Challenge for NTLM authentication scheme not available
19:15:46.849 [main] DEBUG org.apache.http.impl.client.TargetAuthenticationStrategy - Challenge for CredSSP authentication scheme not available
19:15:46.849 [main] DEBUG org.apache.http.impl.client.TargetAuthenticationStrategy - Challenge for Digest authentication scheme not available
19:15:46.849 [main] DEBUG org.apache.http.impl.client.DefaultHttpClient - Selected authentication options: [BASIC [complete=true]]
19:15:46.849 [main] DEBUG org.apache.http.wire -  << "49[\r][\n]"
19:15:46.849 [main] DEBUG org.apache.http.wire -  << "{"jsonrpc":"2.0","error":{"code":401,"message":"Unauthorized"},"id":null}"
19:15:46.849 [main] DEBUG org.apache.http.wire -  << "[\r][\n]"
19:15:46.849 [main] DEBUG org.apache.http.wire -  << "0[\r][\n]"
19:15:46.849 [main] DEBUG org.apache.http.wire -  << "[\r][\n]"
19:15:46.849 [main] DEBUG org.apache.http.client.protocol.RequestAddCookies - CookieSpec selected: ignoreCookies
19:15:46.849 [main] DEBUG org.apache.http.client.protocol.RequestAuthCache - Auth cache not set in the context
19:15:46.849 [main] DEBUG org.apache.http.client.protocol.RequestTargetAuthentication - Target auth state: CHALLENGED
19:15:46.849 [main] DEBUG org.apache.http.client.protocol.RequestTargetAuthentication - Generating response to an authentication challenge using basic scheme
19:15:46.849 [main] DEBUG org.apache.http.client.protocol.RequestProxyAuthentication - Proxy auth state: UNCHALLENGED
19:15:46.849 [main] DEBUG org.apache.http.impl.client.DefaultHttpClient - Attempt 2 to execute request
19:15:46.849 [main] DEBUG org.apache.http.impl.conn.DefaultClientConnection - Sending request: DELETE /jsonrpc.php HTTP/1.1
19:15:46.849 [main] DEBUG org.apache.http.wire -  >> "DELETE /jsonrpc.php HTTP/1.1[\r][\n]"
19:15:46.849 [main] DEBUG org.apache.http.wire -  >> "Accept: */*[\r][\n]"
19:15:46.849 [main] DEBUG org.apache.http.wire -  >> "Content-Type: text/plain; charset=ISO-8859-1[\r][\n]"
19:15:46.849 [main] DEBUG org.apache.http.wire -  >> "Content-Length: 73[\r][\n]"
19:15:46.849 [main] DEBUG org.apache.http.wire -  >> "Host: localhost:81[\r][\n]"
19:15:46.849 [main] DEBUG org.apache.http.wire -  >> "Connection: Keep-Alive[\r][\n]"
19:15:46.850 [main] DEBUG org.apache.http.wire -  >> "User-Agent: Apache-HttpClient/4.5.13 (Java/17)[\r][\n]"
19:15:46.850 [main] DEBUG org.apache.http.wire -  >> "Authorization: Basic YWRtaW46YWRtaW4=[\r][\n]"
19:15:46.850 [main] DEBUG org.apache.http.wire -  >> "Accept-Encoding: gzip,deflate[\r][\n]"
19:15:46.850 [main] DEBUG org.apache.http.wire -  >> "[\r][\n]"
19:15:46.850 [main] DEBUG org.apache.http.headers - >> DELETE /jsonrpc.php HTTP/1.1
19:15:46.850 [main] DEBUG org.apache.http.headers - >> Accept: */*
19:15:46.850 [main] DEBUG org.apache.http.headers - >> Content-Type: text/plain; charset=ISO-8859-1
19:15:46.850 [main] DEBUG org.apache.http.headers - >> Content-Length: 73
19:15:46.850 [main] DEBUG org.apache.http.headers - >> Host: localhost:81
19:15:46.850 [main] DEBUG org.apache.http.headers - >> Connection: Keep-Alive
19:15:46.850 [main] DEBUG org.apache.http.headers - >> User-Agent: Apache-HttpClient/4.5.13 (Java/17)
19:15:46.850 [main] DEBUG org.apache.http.headers - >> Authorization: Basic YWRtaW46YWRtaW4=
19:15:46.850 [main] DEBUG org.apache.http.headers - >> Accept-Encoding: gzip,deflate
19:15:46.850 [main] DEBUG org.apache.http.wire -  >> "{"jsonrpc":"2.0","method":"removeUser","id":234,"params":{"user_id":389}}"
19:15:46.954 [main] DEBUG org.apache.http.wire -  << "HTTP/1.1 200 OK[\r][\n]"
19:15:46.955 [main] DEBUG org.apache.http.wire -  << "Server: nginx[\r][\n]"
19:15:46.955 [main] DEBUG org.apache.http.wire -  << "Date: Wed, 26 Jul 2023 16:15:46 GMT[\r][\n]"
19:15:46.955 [main] DEBUG org.apache.http.wire -  << "Content-Type: application/json[\r][\n]"
19:15:46.955 [main] DEBUG org.apache.http.wire -  << "Transfer-Encoding: chunked[\r][\n]"
19:15:46.955 [main] DEBUG org.apache.http.wire -  << "Connection: keep-alive[\r][\n]"
19:15:46.955 [main] DEBUG org.apache.http.wire -  << "Vary: Accept-Encoding[\r][\n]"
19:15:46.955 [main] DEBUG org.apache.http.wire -  << "Content-Encoding: gzip[\r][\n]"
19:15:46.955 [main] DEBUG org.apache.http.wire -  << "[\r][\n]"
19:15:46.955 [main] DEBUG org.apache.http.impl.conn.DefaultClientConnection - Receiving response: HTTP/1.1 200 OK
19:15:46.955 [main] DEBUG org.apache.http.headers - << HTTP/1.1 200 OK
19:15:46.955 [main] DEBUG org.apache.http.headers - << Server: nginx
19:15:46.955 [main] DEBUG org.apache.http.headers - << Date: Wed, 26 Jul 2023 16:15:46 GMT
19:15:46.955 [main] DEBUG org.apache.http.headers - << Content-Type: application/json
19:15:46.955 [main] DEBUG org.apache.http.headers - << Transfer-Encoding: chunked
19:15:46.955 [main] DEBUG org.apache.http.headers - << Connection: keep-alive
19:15:46.955 [main] DEBUG org.apache.http.headers - << Vary: Accept-Encoding
19:15:46.955 [main] DEBUG org.apache.http.headers - << Content-Encoding: gzip
19:15:46.955 [main] DEBUG org.apache.http.impl.client.DefaultHttpClient - Connection can be kept alive indefinitely
19:15:46.955 [main] DEBUG org.apache.http.impl.client.DefaultHttpClient - Authentication succeeded
19:15:46.955 [main] DEBUG org.apache.http.impl.client.TargetAuthenticationStrategy - Caching 'basic' auth scheme for http://localhost:81
19:15:46.955 [main] DEBUG io.restassured.internal.RestAssuredHttpBuilder - Parsing response as: application/json
19:15:46.956 [main] DEBUG org.apache.http.wire -  << "3c[\r][\n]"
19:15:46.956 [main] DEBUG org.apache.http.wire -  << "[0x1f][0x8b][0x8][0x0][0x0][0x0][0x0][0x0][0x0][0x3][0xab]V[0xca]*[0xce][0xcf]+*HV[0xb2]R2[0xd2]3P[0xd2]Q*J-.[0xcd])Q[0xb2]*)*M[0xd5]Q[0xca]LQ[0xb2]226[0xa9][0x5][0x0]q~[0x7][0xe8]([0x0][0x0][0x0]"
19:15:46.956 [main] DEBUG org.apache.http.wire -  << "[\r][\n]"
19:15:46.956 [main] DEBUG org.apache.http.wire -  << "0[\r][\n]"
19:15:46.956 [main] DEBUG org.apache.http.wire -  << "[\r][\n]"
19:15:46.956 [main] DEBUG io.restassured.internal.RestAssuredHttpBuilder - Parsed data to instance of: class org.apache.http.conn.EofSensorInputStream
19:15:46.957 [main] DEBUG org.apache.http.impl.conn.BasicClientConnectionManager - Releasing connection org.apache.http.impl.conn.ManagedClientConnectionImpl@17873842
19:15:46.957 [main] DEBUG org.apache.http.impl.conn.BasicClientConnectionManager - Connection can be kept alive indefinitely
{
    "jsonrpc": "2.0",
    "result": true,
    "id": 234
}
{
    "jsonrpc": "2.0",
    "result": true,
    "id": 234
}
]]></system-out>
  </testcase>
  <testcase name="createProjectValid" classname="API.tests.ProjectTest" time="0.328">
    <system-out><![CDATA[Request method:	POST
Request URI:	http://localhost:81/jsonrpc.php
Proxy:			<none>
Request params:	<none>
Query params:	<none>
Form params:	<none>
Path params:	<none>
Headers:		Accept=*/*
				Content-Type=text/plain; charset=ISO-8859-1
Cookies:		<none>
Multiparts:		<none>
Body:
{"jsonrpc":"2.0","method":"createUser","id":123123,"params":{"username":"kyryloAPITestLogin","password":"kyryloAPITestPassword","name":"kyrylo","email":"kyryloAPITest@mail.com","role":"app-manager"}}
19:15:46.980 [main] DEBUG org.apache.http.impl.conn.BasicClientConnectionManager - Get connection for route {}->http://localhost:81
19:15:46.980 [main] DEBUG org.apache.http.impl.conn.DefaultClientConnectionOperator - Connecting to localhost:81
19:15:46.981 [main] DEBUG org.apache.http.client.protocol.RequestAddCookies - CookieSpec selected: ignoreCookies
19:15:46.981 [main] DEBUG org.apache.http.client.protocol.RequestAuthCache - Auth cache not set in the context
19:15:46.981 [main] DEBUG org.apache.http.client.protocol.RequestTargetAuthentication - Target auth state: UNCHALLENGED
19:15:46.981 [main] DEBUG org.apache.http.client.protocol.RequestProxyAuthentication - Proxy auth state: UNCHALLENGED
19:15:46.981 [main] DEBUG org.apache.http.impl.client.DefaultHttpClient - Attempt 1 to execute request
19:15:46.981 [main] DEBUG org.apache.http.impl.conn.DefaultClientConnection - Sending request: POST /jsonrpc.php HTTP/1.1
19:15:46.981 [main] DEBUG org.apache.http.wire -  >> "POST /jsonrpc.php HTTP/1.1[\r][\n]"
19:15:46.981 [main] DEBUG org.apache.http.wire -  >> "Accept: */*[\r][\n]"
19:15:46.981 [main] DEBUG org.apache.http.wire -  >> "Content-Type: text/plain; charset=ISO-8859-1[\r][\n]"
19:15:46.981 [main] DEBUG org.apache.http.wire -  >> "Content-Length: 199[\r][\n]"
19:15:46.981 [main] DEBUG org.apache.http.wire -  >> "Host: localhost:81[\r][\n]"
19:15:46.981 [main] DEBUG org.apache.http.wire -  >> "Connection: Keep-Alive[\r][\n]"
19:15:46.981 [main] DEBUG org.apache.http.wire -  >> "User-Agent: Apache-HttpClient/4.5.13 (Java/17)[\r][\n]"
19:15:46.981 [main] DEBUG org.apache.http.wire -  >> "Accept-Encoding: gzip,deflate[\r][\n]"
19:15:46.981 [main] DEBUG org.apache.http.wire -  >> "[\r][\n]"
19:15:46.981 [main] DEBUG org.apache.http.headers - >> POST /jsonrpc.php HTTP/1.1
19:15:46.982 [main] DEBUG org.apache.http.headers - >> Accept: */*
19:15:46.982 [main] DEBUG org.apache.http.headers - >> Content-Type: text/plain; charset=ISO-8859-1
19:15:46.982 [main] DEBUG org.apache.http.headers - >> Content-Length: 199
19:15:46.982 [main] DEBUG org.apache.http.headers - >> Host: localhost:81
19:15:46.982 [main] DEBUG org.apache.http.headers - >> Connection: Keep-Alive
19:15:46.982 [main] DEBUG org.apache.http.headers - >> User-Agent: Apache-HttpClient/4.5.13 (Java/17)
19:15:46.982 [main] DEBUG org.apache.http.headers - >> Accept-Encoding: gzip,deflate
19:15:46.982 [main] DEBUG org.apache.http.wire -  >> "{"jsonrpc":"2.0","method":"createUser","id":123123,"params":{"username":"kyryloAPITestLogin","password":"kyryloAPITestPassword","name":"kyrylo","email":"kyryloAPITest@mail.com","role":"app-manager"}}"
19:15:46.994 [main] DEBUG org.apache.http.wire -  << "HTTP/1.1 401 Unauthorized[\r][\n]"
19:15:46.994 [main] DEBUG org.apache.http.wire -  << "Server: nginx[\r][\n]"
19:15:46.994 [main] DEBUG org.apache.http.wire -  << "Date: Wed, 26 Jul 2023 16:15:46 GMT[\r][\n]"
19:15:46.994 [main] DEBUG org.apache.http.wire -  << "Content-Type: application/json[\r][\n]"
19:15:46.994 [main] DEBUG org.apache.http.wire -  << "Transfer-Encoding: chunked[\r][\n]"
19:15:46.994 [main] DEBUG org.apache.http.wire -  << "Connection: keep-alive[\r][\n]"
19:15:46.994 [main] DEBUG org.apache.http.wire -  << "WWW-Authenticate: Basic realm="JsonRPC"[\r][\n]"
19:15:46.994 [main] DEBUG org.apache.http.wire -  << "[\r][\n]"
19:15:46.994 [main] DEBUG org.apache.http.impl.conn.DefaultClientConnection - Receiving response: HTTP/1.1 401 Unauthorized
19:15:46.994 [main] DEBUG org.apache.http.headers - << HTTP/1.1 401 Unauthorized
19:15:46.994 [main] DEBUG org.apache.http.headers - << Server: nginx
19:15:46.994 [main] DEBUG org.apache.http.headers - << Date: Wed, 26 Jul 2023 16:15:46 GMT
19:15:46.994 [main] DEBUG org.apache.http.headers - << Content-Type: application/json
19:15:46.994 [main] DEBUG org.apache.http.headers - << Transfer-Encoding: chunked
19:15:46.994 [main] DEBUG org.apache.http.headers - << Connection: keep-alive
19:15:46.994 [main] DEBUG org.apache.http.headers - << WWW-Authenticate: Basic realm="JsonRPC"
19:15:46.995 [main] DEBUG org.apache.http.impl.client.DefaultHttpClient - Connection can be kept alive indefinitely
19:15:46.995 [main] DEBUG org.apache.http.impl.client.DefaultHttpClient - Authentication required
19:15:46.995 [main] DEBUG org.apache.http.impl.client.DefaultHttpClient - localhost:81 requested authentication
19:15:46.995 [main] DEBUG org.apache.http.impl.client.TargetAuthenticationStrategy - Authentication schemes in the order of preference: [Negotiate, Kerberos, NTLM, CredSSP, Digest, Basic]
19:15:46.995 [main] DEBUG org.apache.http.impl.client.TargetAuthenticationStrategy - Challenge for Negotiate authentication scheme not available
19:15:46.995 [main] DEBUG org.apache.http.impl.client.TargetAuthenticationStrategy - Challenge for Kerberos authentication scheme not available
19:15:46.995 [main] DEBUG org.apache.http.impl.client.TargetAuthenticationStrategy - Challenge for NTLM authentication scheme not available
19:15:46.995 [main] DEBUG org.apache.http.impl.client.TargetAuthenticationStrategy - Challenge for CredSSP authentication scheme not available
19:15:46.995 [main] DEBUG org.apache.http.impl.client.TargetAuthenticationStrategy - Challenge for Digest authentication scheme not available
19:15:46.995 [main] DEBUG org.apache.http.impl.client.DefaultHttpClient - Selected authentication options: [BASIC [complete=true]]
19:15:46.995 [main] DEBUG org.apache.http.wire -  << "49[\r][\n]"
19:15:46.996 [main] DEBUG org.apache.http.wire -  << "{"jsonrpc":"2.0","error":{"code":401,"message":"Unauthorized"},"id":null}"
19:15:46.996 [main] DEBUG org.apache.http.wire -  << "[\r][\n]"
19:15:46.996 [main] DEBUG org.apache.http.wire -  << "0[\r][\n]"
19:15:46.996 [main] DEBUG org.apache.http.wire -  << "[\r][\n]"
19:15:46.996 [main] DEBUG org.apache.http.client.protocol.RequestAddCookies - CookieSpec selected: ignoreCookies
19:15:46.997 [main] DEBUG org.apache.http.client.protocol.RequestAuthCache - Auth cache not set in the context
19:15:46.997 [main] DEBUG org.apache.http.client.protocol.RequestTargetAuthentication - Target auth state: CHALLENGED
19:15:46.997 [main] DEBUG org.apache.http.client.protocol.RequestTargetAuthentication - Generating response to an authentication challenge using basic scheme
19:15:46.997 [main] DEBUG org.apache.http.client.protocol.RequestProxyAuthentication - Proxy auth state: UNCHALLENGED
19:15:46.997 [main] DEBUG org.apache.http.impl.client.DefaultHttpClient - Attempt 2 to execute request
19:15:46.997 [main] DEBUG org.apache.http.impl.conn.DefaultClientConnection - Sending request: POST /jsonrpc.php HTTP/1.1
19:15:46.997 [main] DEBUG org.apache.http.wire -  >> "POST /jsonrpc.php HTTP/1.1[\r][\n]"
19:15:46.997 [main] DEBUG org.apache.http.wire -  >> "Accept: */*[\r][\n]"
19:15:46.997 [main] DEBUG org.apache.http.wire -  >> "Content-Type: text/plain; charset=ISO-8859-1[\r][\n]"
19:15:46.997 [main] DEBUG org.apache.http.wire -  >> "Content-Length: 199[\r][\n]"
19:15:46.997 [main] DEBUG org.apache.http.wire -  >> "Host: localhost:81[\r][\n]"
19:15:46.997 [main] DEBUG org.apache.http.wire -  >> "Connection: Keep-Alive[\r][\n]"
19:15:46.997 [main] DEBUG org.apache.http.wire -  >> "User-Agent: Apache-HttpClient/4.5.13 (Java/17)[\r][\n]"
19:15:46.997 [main] DEBUG org.apache.http.wire -  >> "Authorization: Basic YWRtaW46YWRtaW4=[\r][\n]"
19:15:46.997 [main] DEBUG org.apache.http.wire -  >> "Accept-Encoding: gzip,deflate[\r][\n]"
19:15:46.997 [main] DEBUG org.apache.http.wire -  >> "[\r][\n]"
19:15:46.997 [main] DEBUG org.apache.http.headers - >> POST /jsonrpc.php HTTP/1.1
19:15:46.997 [main] DEBUG org.apache.http.headers - >> Accept: */*
19:15:46.997 [main] DEBUG org.apache.http.headers - >> Content-Type: text/plain; charset=ISO-8859-1
19:15:46.997 [main] DEBUG org.apache.http.headers - >> Content-Length: 199
19:15:46.997 [main] DEBUG org.apache.http.headers - >> Host: localhost:81
19:15:46.997 [main] DEBUG org.apache.http.headers - >> Connection: Keep-Alive
19:15:46.997 [main] DEBUG org.apache.http.headers - >> User-Agent: Apache-HttpClient/4.5.13 (Java/17)
19:15:46.997 [main] DEBUG org.apache.http.headers - >> Authorization: Basic YWRtaW46YWRtaW4=
19:15:46.997 [main] DEBUG org.apache.http.headers - >> Accept-Encoding: gzip,deflate
19:15:46.997 [main] DEBUG org.apache.http.wire -  >> "{"jsonrpc":"2.0","method":"createUser","id":123123,"params":{"username":"kyryloAPITestLogin","password":"kyryloAPITestPassword","name":"kyrylo","email":"kyryloAPITest@mail.com","role":"app-manager"}}"
19:15:47.218 [main] DEBUG org.apache.http.wire -  << "HTTP/1.1 200 OK[\r][\n]"
19:15:47.218 [main] DEBUG org.apache.http.wire -  << "Server: nginx[\r][\n]"
19:15:47.218 [main] DEBUG org.apache.http.wire -  << "Date: Wed, 26 Jul 2023 16:15:47 GMT[\r][\n]"
19:15:47.218 [main] DEBUG org.apache.http.wire -  << "Content-Type: application/json[\r][\n]"
19:15:47.218 [main] DEBUG org.apache.http.wire -  << "Transfer-Encoding: chunked[\r][\n]"
19:15:47.218 [main] DEBUG org.apache.http.wire -  << "Connection: keep-alive[\r][\n]"
19:15:47.218 [main] DEBUG org.apache.http.wire -  << "Vary: Accept-Encoding[\r][\n]"
19:15:47.218 [main] DEBUG org.apache.http.wire -  << "Content-Encoding: gzip[\r][\n]"
19:15:47.218 [main] DEBUG org.apache.http.wire -  << "[\r][\n]"
19:15:47.218 [main] DEBUG org.apache.http.impl.conn.DefaultClientConnection - Receiving response: HTTP/1.1 200 OK
19:15:47.218 [main] DEBUG org.apache.http.headers - << HTTP/1.1 200 OK
19:15:47.218 [main] DEBUG org.apache.http.headers - << Server: nginx
19:15:47.218 [main] DEBUG org.apache.http.headers - << Date: Wed, 26 Jul 2023 16:15:47 GMT
19:15:47.218 [main] DEBUG org.apache.http.headers - << Content-Type: application/json
19:15:47.218 [main] DEBUG org.apache.http.headers - << Transfer-Encoding: chunked
19:15:47.218 [main] DEBUG org.apache.http.headers - << Connection: keep-alive
19:15:47.218 [main] DEBUG org.apache.http.headers - << Vary: Accept-Encoding
19:15:47.218 [main] DEBUG org.apache.http.headers - << Content-Encoding: gzip
19:15:47.219 [main] DEBUG org.apache.http.impl.client.DefaultHttpClient - Connection can be kept alive indefinitely
19:15:47.219 [main] DEBUG org.apache.http.impl.client.DefaultHttpClient - Authentication succeeded
19:15:47.219 [main] DEBUG org.apache.http.impl.client.TargetAuthenticationStrategy - Caching 'basic' auth scheme for http://localhost:81
19:15:47.219 [main] DEBUG io.restassured.internal.RestAssuredHttpBuilder - Parsing response as: application/json
19:15:47.219 [main] DEBUG org.apache.http.wire -  << "3c[\r][\n]"
19:15:47.220 [main] DEBUG org.apache.http.wire -  << "[0x1f][0x8b][0x8][0x0][0x0][0x0][0x0][0x0][0x0][0x3][0xab]V[0xca]*[0xce][0xcf]+*HV[0xb2]R2[0xd2]3P[0xd2]Q*J-.[0xcd])Q[0xb2]2[0xb6]4[0xd0]Q[0xca]LQ[0xb2]242[0x6][0xa2]Z[0x0]5[0xaf]z[0x87]*[0x0][0x0][0x0]"
19:15:47.220 [main] DEBUG org.apache.http.wire -  << "[\r][\n]"
19:15:47.220 [main] DEBUG org.apache.http.wire -  << "0[\r][\n]"
19:15:47.220 [main] DEBUG org.apache.http.wire -  << "[\r][\n]"
19:15:47.220 [main] DEBUG io.restassured.internal.RestAssuredHttpBuilder - Parsed data to instance of: class org.apache.http.conn.EofSensorInputStream
19:15:47.221 [main] DEBUG org.apache.http.impl.conn.BasicClientConnectionManager - Releasing connection org.apache.http.impl.conn.ManagedClientConnectionImpl@673a5aa7
19:15:47.221 [main] DEBUG org.apache.http.impl.conn.BasicClientConnectionManager - Connection can be kept alive indefinitely
{
    "jsonrpc": "2.0",
    "result": 390,
    "id": 123123
}
{
    "jsonrpc": "2.0",
    "result": 390,
    "id": 123123
}
Request method:	POST
Request URI:	http://localhost:81/jsonrpc.php
Proxy:			<none>
Request params:	<none>
Query params:	<none>
Form params:	<none>
Path params:	<none>
Headers:		Accept=*/*
				Content-Type=text/plain; charset=ISO-8859-1
Cookies:		<none>
Multiparts:		<none>
Body:
{"jsonrpc":"2.0","method":"createProject","id":345,"params":{"name":"API_Project","description":"API_Project Description","owner_id":390}}
19:15:47.253 [main] DEBUG org.apache.http.impl.conn.BasicClientConnectionManager - Get connection for route {}->http://localhost:81
19:15:47.253 [main] DEBUG org.apache.http.impl.conn.DefaultClientConnectionOperator - Connecting to localhost:81
19:15:47.255 [main] DEBUG org.apache.http.client.protocol.RequestAddCookies - CookieSpec selected: ignoreCookies
19:15:47.255 [main] DEBUG org.apache.http.client.protocol.RequestAuthCache - Auth cache not set in the context
19:15:47.255 [main] DEBUG org.apache.http.client.protocol.RequestTargetAuthentication - Target auth state: UNCHALLENGED
19:15:47.255 [main] DEBUG org.apache.http.client.protocol.RequestProxyAuthentication - Proxy auth state: UNCHALLENGED
19:15:47.255 [main] DEBUG org.apache.http.impl.client.DefaultHttpClient - Attempt 1 to execute request
19:15:47.255 [main] DEBUG org.apache.http.impl.conn.DefaultClientConnection - Sending request: POST /jsonrpc.php HTTP/1.1
19:15:47.255 [main] DEBUG org.apache.http.wire -  >> "POST /jsonrpc.php HTTP/1.1[\r][\n]"
19:15:47.255 [main] DEBUG org.apache.http.wire -  >> "Accept: */*[\r][\n]"
19:15:47.255 [main] DEBUG org.apache.http.wire -  >> "Content-Type: text/plain; charset=ISO-8859-1[\r][\n]"
19:15:47.255 [main] DEBUG org.apache.http.wire -  >> "Content-Length: 138[\r][\n]"
19:15:47.256 [main] DEBUG org.apache.http.wire -  >> "Host: localhost:81[\r][\n]"
19:15:47.256 [main] DEBUG org.apache.http.wire -  >> "Connection: Keep-Alive[\r][\n]"
19:15:47.256 [main] DEBUG org.apache.http.wire -  >> "User-Agent: Apache-HttpClient/4.5.13 (Java/17)[\r][\n]"
19:15:47.256 [main] DEBUG org.apache.http.wire -  >> "Accept-Encoding: gzip,deflate[\r][\n]"
19:15:47.256 [main] DEBUG org.apache.http.wire -  >> "[\r][\n]"
19:15:47.256 [main] DEBUG org.apache.http.headers - >> POST /jsonrpc.php HTTP/1.1
19:15:47.256 [main] DEBUG org.apache.http.headers - >> Accept: */*
19:15:47.256 [main] DEBUG org.apache.http.headers - >> Content-Type: text/plain; charset=ISO-8859-1
19:15:47.256 [main] DEBUG org.apache.http.headers - >> Content-Length: 138
19:15:47.256 [main] DEBUG org.apache.http.headers - >> Host: localhost:81
19:15:47.256 [main] DEBUG org.apache.http.headers - >> Connection: Keep-Alive
19:15:47.256 [main] DEBUG org.apache.http.headers - >> User-Agent: Apache-HttpClient/4.5.13 (Java/17)
19:15:47.256 [main] DEBUG org.apache.http.headers - >> Accept-Encoding: gzip,deflate
19:15:47.256 [main] DEBUG org.apache.http.wire -  >> "{"jsonrpc":"2.0","method":"createProject","id":345,"params":{"name":"API_Project","description":"API_Project Description","owner_id":390}}"
19:15:47.267 [main] DEBUG org.apache.http.wire -  << "HTTP/1.1 401 Unauthorized[\r][\n]"
19:15:47.267 [main] DEBUG org.apache.http.wire -  << "Server: nginx[\r][\n]"
19:15:47.267 [main] DEBUG org.apache.http.wire -  << "Date: Wed, 26 Jul 2023 16:15:47 GMT[\r][\n]"
19:15:47.267 [main] DEBUG org.apache.http.wire -  << "Content-Type: application/json[\r][\n]"
19:15:47.267 [main] DEBUG org.apache.http.wire -  << "Transfer-Encoding: chunked[\r][\n]"
19:15:47.267 [main] DEBUG org.apache.http.wire -  << "Connection: keep-alive[\r][\n]"
19:15:47.267 [main] DEBUG org.apache.http.wire -  << "WWW-Authenticate: Basic realm="JsonRPC"[\r][\n]"
19:15:47.267 [main] DEBUG org.apache.http.wire -  << "[\r][\n]"
19:15:47.267 [main] DEBUG org.apache.http.impl.conn.DefaultClientConnection - Receiving response: HTTP/1.1 401 Unauthorized
19:15:47.268 [main] DEBUG org.apache.http.headers - << HTTP/1.1 401 Unauthorized
19:15:47.268 [main] DEBUG org.apache.http.headers - << Server: nginx
19:15:47.268 [main] DEBUG org.apache.http.headers - << Date: Wed, 26 Jul 2023 16:15:47 GMT
19:15:47.268 [main] DEBUG org.apache.http.headers - << Content-Type: application/json
19:15:47.268 [main] DEBUG org.apache.http.headers - << Transfer-Encoding: chunked
19:15:47.268 [main] DEBUG org.apache.http.headers - << Connection: keep-alive
19:15:47.268 [main] DEBUG org.apache.http.headers - << WWW-Authenticate: Basic realm="JsonRPC"
19:15:47.268 [main] DEBUG org.apache.http.impl.client.DefaultHttpClient - Connection can be kept alive indefinitely
19:15:47.268 [main] DEBUG org.apache.http.impl.client.DefaultHttpClient - Authentication required
19:15:47.268 [main] DEBUG org.apache.http.impl.client.DefaultHttpClient - localhost:81 requested authentication
19:15:47.268 [main] DEBUG org.apache.http.impl.client.TargetAuthenticationStrategy - Authentication schemes in the order of preference: [Negotiate, Kerberos, NTLM, CredSSP, Digest, Basic]
19:15:47.268 [main] DEBUG org.apache.http.impl.client.TargetAuthenticationStrategy - Challenge for Negotiate authentication scheme not available
19:15:47.268 [main] DEBUG org.apache.http.impl.client.TargetAuthenticationStrategy - Challenge for Kerberos authentication scheme not available
19:15:47.268 [main] DEBUG org.apache.http.impl.client.TargetAuthenticationStrategy - Challenge for NTLM authentication scheme not available
19:15:47.268 [main] DEBUG org.apache.http.impl.client.TargetAuthenticationStrategy - Challenge for CredSSP authentication scheme not available
19:15:47.268 [main] DEBUG org.apache.http.impl.client.TargetAuthenticationStrategy - Challenge for Digest authentication scheme not available
19:15:47.268 [main] DEBUG org.apache.http.impl.client.DefaultHttpClient - Selected authentication options: [BASIC [complete=true]]
19:15:47.268 [main] DEBUG org.apache.http.wire -  << "49[\r][\n]"
19:15:47.268 [main] DEBUG org.apache.http.wire -  << "{"jsonrpc":"2.0","error":{"code":401,"message":"Unauthorized"},"id":null}"
19:15:47.268 [main] DEBUG org.apache.http.wire -  << "[\r][\n]"
19:15:47.268 [main] DEBUG org.apache.http.wire -  << "0[\r][\n]"
19:15:47.268 [main] DEBUG org.apache.http.wire -  << "[\r][\n]"
19:15:47.268 [main] DEBUG org.apache.http.client.protocol.RequestAddCookies - CookieSpec selected: ignoreCookies
19:15:47.268 [main] DEBUG org.apache.http.client.protocol.RequestAuthCache - Auth cache not set in the context
19:15:47.268 [main] DEBUG org.apache.http.client.protocol.RequestTargetAuthentication - Target auth state: CHALLENGED
19:15:47.268 [main] DEBUG org.apache.http.client.protocol.RequestTargetAuthentication - Generating response to an authentication challenge using basic scheme
19:15:47.268 [main] DEBUG org.apache.http.client.protocol.RequestProxyAuthentication - Proxy auth state: UNCHALLENGED
19:15:47.268 [main] DEBUG org.apache.http.impl.client.DefaultHttpClient - Attempt 2 to execute request
19:15:47.268 [main] DEBUG org.apache.http.impl.conn.DefaultClientConnection - Sending request: POST /jsonrpc.php HTTP/1.1
19:15:47.268 [main] DEBUG org.apache.http.wire -  >> "POST /jsonrpc.php HTTP/1.1[\r][\n]"
19:15:47.268 [main] DEBUG org.apache.http.wire -  >> "Accept: */*[\r][\n]"
19:15:47.268 [main] DEBUG org.apache.http.wire -  >> "Content-Type: text/plain; charset=ISO-8859-1[\r][\n]"
19:15:47.268 [main] DEBUG org.apache.http.wire -  >> "Content-Length: 138[\r][\n]"
19:15:47.268 [main] DEBUG org.apache.http.wire -  >> "Host: localhost:81[\r][\n]"
19:15:47.268 [main] DEBUG org.apache.http.wire -  >> "Connection: Keep-Alive[\r][\n]"
19:15:47.268 [main] DEBUG org.apache.http.wire -  >> "User-Agent: Apache-HttpClient/4.5.13 (Java/17)[\r][\n]"
19:15:47.268 [main] DEBUG org.apache.http.wire -  >> "Authorization: Basic a3lyeWxvQVBJVGVzdExvZ2luOmt5cnlsb0FQSVRlc3RQYXNzd29yZA==[\r][\n]"
19:15:47.268 [main] DEBUG org.apache.http.wire -  >> "Accept-Encoding: gzip,deflate[\r][\n]"
19:15:47.268 [main] DEBUG org.apache.http.wire -  >> "[\r][\n]"
19:15:47.268 [main] DEBUG org.apache.http.headers - >> POST /jsonrpc.php HTTP/1.1
19:15:47.268 [main] DEBUG org.apache.http.headers - >> Accept: */*
19:15:47.268 [main] DEBUG org.apache.http.headers - >> Content-Type: text/plain; charset=ISO-8859-1
19:15:47.268 [main] DEBUG org.apache.http.headers - >> Content-Length: 138
19:15:47.268 [main] DEBUG org.apache.http.headers - >> Host: localhost:81
19:15:47.268 [main] DEBUG org.apache.http.headers - >> Connection: Keep-Alive
19:15:47.268 [main] DEBUG org.apache.http.headers - >> User-Agent: Apache-HttpClient/4.5.13 (Java/17)
19:15:47.268 [main] DEBUG org.apache.http.headers - >> Authorization: Basic a3lyeWxvQVBJVGVzdExvZ2luOmt5cnlsb0FQSVRlc3RQYXNzd29yZA==
19:15:47.268 [main] DEBUG org.apache.http.headers - >> Accept-Encoding: gzip,deflate
19:15:47.268 [main] DEBUG org.apache.http.wire -  >> "{"jsonrpc":"2.0","method":"createProject","id":345,"params":{"name":"API_Project","description":"API_Project Description","owner_id":390}}"
19:15:47.389 [main] DEBUG org.apache.http.wire -  << "HTTP/1.1 200 OK[\r][\n]"
19:15:47.389 [main] DEBUG org.apache.http.wire -  << "Server: nginx[\r][\n]"
19:15:47.389 [main] DEBUG org.apache.http.wire -  << "Date: Wed, 26 Jul 2023 16:15:47 GMT[\r][\n]"
19:15:47.389 [main] DEBUG org.apache.http.wire -  << "Content-Type: application/json[\r][\n]"
19:15:47.389 [main] DEBUG org.apache.http.wire -  << "Transfer-Encoding: chunked[\r][\n]"
19:15:47.389 [main] DEBUG org.apache.http.wire -  << "Connection: keep-alive[\r][\n]"
19:15:47.389 [main] DEBUG org.apache.http.wire -  << "Vary: Accept-Encoding[\r][\n]"
19:15:47.389 [main] DEBUG org.apache.http.wire -  << "Content-Encoding: gzip[\r][\n]"
19:15:47.389 [main] DEBUG org.apache.http.wire -  << "[\r][\n]"
19:15:47.389 [main] DEBUG org.apache.http.impl.conn.DefaultClientConnection - Receiving response: HTTP/1.1 200 OK
19:15:47.389 [main] DEBUG org.apache.http.headers - << HTTP/1.1 200 OK
19:15:47.389 [main] DEBUG org.apache.http.headers - << Server: nginx
19:15:47.389 [main] DEBUG org.apache.http.headers - << Date: Wed, 26 Jul 2023 16:15:47 GMT
19:15:47.389 [main] DEBUG org.apache.http.headers - << Content-Type: application/json
19:15:47.389 [main] DEBUG org.apache.http.headers - << Transfer-Encoding: chunked
19:15:47.389 [main] DEBUG org.apache.http.headers - << Connection: keep-alive
19:15:47.389 [main] DEBUG org.apache.http.headers - << Vary: Accept-Encoding
19:15:47.389 [main] DEBUG org.apache.http.headers - << Content-Encoding: gzip
19:15:47.389 [main] DEBUG org.apache.http.impl.client.DefaultHttpClient - Connection can be kept alive indefinitely
19:15:47.389 [main] DEBUG org.apache.http.impl.client.DefaultHttpClient - Authentication succeeded
19:15:47.390 [main] DEBUG org.apache.http.impl.client.TargetAuthenticationStrategy - Caching 'basic' auth scheme for http://localhost:81
19:15:47.390 [main] DEBUG io.restassured.internal.RestAssuredHttpBuilder - Parsing response as: application/json
19:15:47.391 [main] DEBUG org.apache.http.wire -  << "3b[\r][\n]"
19:15:47.391 [main] DEBUG org.apache.http.wire -  << "[0x1f][0x8b][0x8][0x0][0x0][0x0][0x0][0x0][0x0][0x3][0xab]V[0xca]*[0xce][0xcf]+*HV[0xb2]R2[0xd2]3P[0xd2]Q*J-.[0xcd])Q[0xb2]223[0xd1]Q[0xca]LQ[0xb2]261[0xad][0x5][0x0][0xf1]&[0x8][0x9f]'[0x0][0x0][0x0]"
19:15:47.391 [main] DEBUG org.apache.http.wire -  << "[\r][\n]"
19:15:47.391 [main] DEBUG org.apache.http.wire -  << "0[\r][\n]"
19:15:47.391 [main] DEBUG org.apache.http.wire -  << "[\r][\n]"
19:15:47.391 [main] DEBUG io.restassured.internal.RestAssuredHttpBuilder - Parsed data to instance of: class org.apache.http.conn.EofSensorInputStream
19:15:47.393 [main] DEBUG org.apache.http.impl.conn.BasicClientConnectionManager - Releasing connection org.apache.http.impl.conn.ManagedClientConnectionImpl@2b06c388
19:15:47.393 [main] DEBUG org.apache.http.impl.conn.BasicClientConnectionManager - Connection can be kept alive indefinitely
{
    "jsonrpc": "2.0",
    "result": 264,
    "id": 345
}
{
    "jsonrpc": "2.0",
    "result": 264,
    "id": 345
}
Request method:	GET
Request URI:	http://localhost:81/jsonrpc.php
Proxy:			<none>
Request params:	<none>
Query params:	<none>
Form params:	<none>
Path params:	<none>
Headers:		Accept=*/*
				Content-Type=text/plain; charset=ISO-8859-1
Cookies:		<none>
Multiparts:		<none>
Body:
{"jsonrpc":"2.0","method":"getProjectById","id":456,"params":{"project_id":264}}
19:15:47.424 [main] DEBUG org.apache.http.impl.conn.BasicClientConnectionManager - Get connection for route {}->http://localhost:81
19:15:47.424 [main] DEBUG org.apache.http.impl.conn.DefaultClientConnectionOperator - Connecting to localhost:81
19:15:47.427 [main] DEBUG org.apache.http.client.protocol.RequestAddCookies - CookieSpec selected: ignoreCookies
19:15:47.427 [main] DEBUG org.apache.http.client.protocol.RequestAuthCache - Auth cache not set in the context
19:15:47.427 [main] DEBUG org.apache.http.client.protocol.RequestTargetAuthentication - Target auth state: UNCHALLENGED
19:15:47.428 [main] DEBUG org.apache.http.client.protocol.RequestProxyAuthentication - Proxy auth state: UNCHALLENGED
19:15:47.428 [main] DEBUG org.apache.http.impl.client.DefaultHttpClient - Attempt 1 to execute request
19:15:47.428 [main] DEBUG org.apache.http.impl.conn.DefaultClientConnection - Sending request: GET /jsonrpc.php HTTP/1.1
19:15:47.428 [main] DEBUG org.apache.http.wire -  >> "GET /jsonrpc.php HTTP/1.1[\r][\n]"
19:15:47.428 [main] DEBUG org.apache.http.wire -  >> "Accept: */*[\r][\n]"
19:15:47.428 [main] DEBUG org.apache.http.wire -  >> "Content-Type: text/plain; charset=ISO-8859-1[\r][\n]"
19:15:47.428 [main] DEBUG org.apache.http.wire -  >> "Content-Length: 80[\r][\n]"
19:15:47.428 [main] DEBUG org.apache.http.wire -  >> "Host: localhost:81[\r][\n]"
19:15:47.428 [main] DEBUG org.apache.http.wire -  >> "Connection: Keep-Alive[\r][\n]"
19:15:47.428 [main] DEBUG org.apache.http.wire -  >> "User-Agent: Apache-HttpClient/4.5.13 (Java/17)[\r][\n]"
19:15:47.428 [main] DEBUG org.apache.http.wire -  >> "Accept-Encoding: gzip,deflate[\r][\n]"
19:15:47.428 [main] DEBUG org.apache.http.wire -  >> "[\r][\n]"
19:15:47.428 [main] DEBUG org.apache.http.headers - >> GET /jsonrpc.php HTTP/1.1
19:15:47.428 [main] DEBUG org.apache.http.headers - >> Accept: */*
19:15:47.428 [main] DEBUG org.apache.http.headers - >> Content-Type: text/plain; charset=ISO-8859-1
19:15:47.428 [main] DEBUG org.apache.http.headers - >> Content-Length: 80
19:15:47.428 [main] DEBUG org.apache.http.headers - >> Host: localhost:81
19:15:47.428 [main] DEBUG org.apache.http.headers - >> Connection: Keep-Alive
19:15:47.428 [main] DEBUG org.apache.http.headers - >> User-Agent: Apache-HttpClient/4.5.13 (Java/17)
19:15:47.428 [main] DEBUG org.apache.http.headers - >> Accept-Encoding: gzip,deflate
19:15:47.428 [main] DEBUG org.apache.http.wire -  >> "{"jsonrpc":"2.0","method":"getProjectById","id":456,"params":{"project_id":264}}"
19:15:47.438 [main] DEBUG org.apache.http.wire -  << "HTTP/1.1 401 Unauthorized[\r][\n]"
19:15:47.438 [main] DEBUG org.apache.http.wire -  << "Server: nginx[\r][\n]"
19:15:47.438 [main] DEBUG org.apache.http.wire -  << "Date: Wed, 26 Jul 2023 16:15:47 GMT[\r][\n]"
19:15:47.438 [main] DEBUG org.apache.http.wire -  << "Content-Type: application/json[\r][\n]"
19:15:47.438 [main] DEBUG org.apache.http.wire -  << "Transfer-Encoding: chunked[\r][\n]"
19:15:47.438 [main] DEBUG org.apache.http.wire -  << "Connection: keep-alive[\r][\n]"
19:15:47.438 [main] DEBUG org.apache.http.wire -  << "WWW-Authenticate: Basic realm="JsonRPC"[\r][\n]"
19:15:47.438 [main] DEBUG org.apache.http.wire -  << "[\r][\n]"
19:15:47.438 [main] DEBUG org.apache.http.impl.conn.DefaultClientConnection - Receiving response: HTTP/1.1 401 Unauthorized
19:15:47.438 [main] DEBUG org.apache.http.headers - << HTTP/1.1 401 Unauthorized
19:15:47.438 [main] DEBUG org.apache.http.headers - << Server: nginx
19:15:47.438 [main] DEBUG org.apache.http.headers - << Date: Wed, 26 Jul 2023 16:15:47 GMT
19:15:47.438 [main] DEBUG org.apache.http.headers - << Content-Type: application/json
19:15:47.438 [main] DEBUG org.apache.http.headers - << Transfer-Encoding: chunked
19:15:47.438 [main] DEBUG org.apache.http.headers - << Connection: keep-alive
19:15:47.438 [main] DEBUG org.apache.http.headers - << WWW-Authenticate: Basic realm="JsonRPC"
19:15:47.438 [main] DEBUG org.apache.http.impl.client.DefaultHttpClient - Connection can be kept alive indefinitely
19:15:47.438 [main] DEBUG org.apache.http.impl.client.DefaultHttpClient - Authentication required
19:15:47.438 [main] DEBUG org.apache.http.impl.client.DefaultHttpClient - localhost:81 requested authentication
19:15:47.438 [main] DEBUG org.apache.http.impl.client.TargetAuthenticationStrategy - Authentication schemes in the order of preference: [Negotiate, Kerberos, NTLM, CredSSP, Digest, Basic]
19:15:47.438 [main] DEBUG org.apache.http.impl.client.TargetAuthenticationStrategy - Challenge for Negotiate authentication scheme not available
19:15:47.438 [main] DEBUG org.apache.http.impl.client.TargetAuthenticationStrategy - Challenge for Kerberos authentication scheme not available
19:15:47.438 [main] DEBUG org.apache.http.impl.client.TargetAuthenticationStrategy - Challenge for NTLM authentication scheme not available
19:15:47.438 [main] DEBUG org.apache.http.impl.client.TargetAuthenticationStrategy - Challenge for CredSSP authentication scheme not available
19:15:47.438 [main] DEBUG org.apache.http.impl.client.TargetAuthenticationStrategy - Challenge for Digest authentication scheme not available
19:15:47.438 [main] DEBUG org.apache.http.impl.client.DefaultHttpClient - Selected authentication options: [BASIC [complete=true]]
19:15:47.438 [main] DEBUG org.apache.http.wire -  << "49[\r][\n]"
19:15:47.438 [main] DEBUG org.apache.http.wire -  << "{"jsonrpc":"2.0","error":{"code":401,"message":"Unauthorized"},"id":null}"
19:15:47.438 [main] DEBUG org.apache.http.wire -  << "[\r][\n]"
19:15:47.438 [main] DEBUG org.apache.http.wire -  << "0[\r][\n]"
19:15:47.438 [main] DEBUG org.apache.http.wire -  << "[\r][\n]"
19:15:47.439 [main] DEBUG org.apache.http.client.protocol.RequestAddCookies - CookieSpec selected: ignoreCookies
19:15:47.439 [main] DEBUG org.apache.http.client.protocol.RequestAuthCache - Auth cache not set in the context
19:15:47.439 [main] DEBUG org.apache.http.client.protocol.RequestTargetAuthentication - Target auth state: CHALLENGED
19:15:47.439 [main] DEBUG org.apache.http.client.protocol.RequestTargetAuthentication - Generating response to an authentication challenge using basic scheme
19:15:47.439 [main] DEBUG org.apache.http.client.protocol.RequestProxyAuthentication - Proxy auth state: UNCHALLENGED
19:15:47.439 [main] DEBUG org.apache.http.impl.client.DefaultHttpClient - Attempt 2 to execute request
19:15:47.439 [main] DEBUG org.apache.http.impl.conn.DefaultClientConnection - Sending request: GET /jsonrpc.php HTTP/1.1
19:15:47.439 [main] DEBUG org.apache.http.wire -  >> "GET /jsonrpc.php HTTP/1.1[\r][\n]"
19:15:47.439 [main] DEBUG org.apache.http.wire -  >> "Accept: */*[\r][\n]"
19:15:47.439 [main] DEBUG org.apache.http.wire -  >> "Content-Type: text/plain; charset=ISO-8859-1[\r][\n]"
19:15:47.439 [main] DEBUG org.apache.http.wire -  >> "Content-Length: 80[\r][\n]"
19:15:47.439 [main] DEBUG org.apache.http.wire -  >> "Host: localhost:81[\r][\n]"
19:15:47.439 [main] DEBUG org.apache.http.wire -  >> "Connection: Keep-Alive[\r][\n]"
19:15:47.439 [main] DEBUG org.apache.http.wire -  >> "User-Agent: Apache-HttpClient/4.5.13 (Java/17)[\r][\n]"
19:15:47.439 [main] DEBUG org.apache.http.wire -  >> "Authorization: Basic a3lyeWxvQVBJVGVzdExvZ2luOmt5cnlsb0FQSVRlc3RQYXNzd29yZA==[\r][\n]"
19:15:47.439 [main] DEBUG org.apache.http.wire -  >> "Accept-Encoding: gzip,deflate[\r][\n]"
19:15:47.439 [main] DEBUG org.apache.http.wire -  >> "[\r][\n]"
19:15:47.439 [main] DEBUG org.apache.http.headers - >> GET /jsonrpc.php HTTP/1.1
19:15:47.439 [main] DEBUG org.apache.http.headers - >> Accept: */*
19:15:47.439 [main] DEBUG org.apache.http.headers - >> Content-Type: text/plain; charset=ISO-8859-1
19:15:47.439 [main] DEBUG org.apache.http.headers - >> Content-Length: 80
19:15:47.439 [main] DEBUG org.apache.http.headers - >> Host: localhost:81
19:15:47.439 [main] DEBUG org.apache.http.headers - >> Connection: Keep-Alive
19:15:47.439 [main] DEBUG org.apache.http.headers - >> User-Agent: Apache-HttpClient/4.5.13 (Java/17)
19:15:47.439 [main] DEBUG org.apache.http.headers - >> Authorization: Basic a3lyeWxvQVBJVGVzdExvZ2luOmt5cnlsb0FQSVRlc3RQYXNzd29yZA==
19:15:47.439 [main] DEBUG org.apache.http.headers - >> Accept-Encoding: gzip,deflate
19:15:47.439 [main] DEBUG org.apache.http.wire -  >> "{"jsonrpc":"2.0","method":"getProjectById","id":456,"params":{"project_id":264}}"
19:15:47.536 [main] DEBUG org.apache.http.wire -  << "HTTP/1.1 200 OK[\r][\n]"
19:15:47.536 [main] DEBUG org.apache.http.wire -  << "Server: nginx[\r][\n]"
19:15:47.536 [main] DEBUG org.apache.http.wire -  << "Date: Wed, 26 Jul 2023 16:15:47 GMT[\r][\n]"
19:15:47.536 [main] DEBUG org.apache.http.wire -  << "Content-Type: application/json[\r][\n]"
19:15:47.536 [main] DEBUG org.apache.http.wire -  << "Transfer-Encoding: chunked[\r][\n]"
19:15:47.536 [main] DEBUG org.apache.http.wire -  << "Connection: keep-alive[\r][\n]"
19:15:47.536 [main] DEBUG org.apache.http.wire -  << "Vary: Accept-Encoding[\r][\n]"
19:15:47.536 [main] DEBUG org.apache.http.wire -  << "Content-Encoding: gzip[\r][\n]"
19:15:47.536 [main] DEBUG org.apache.http.wire -  << "[\r][\n]"
19:15:47.536 [main] DEBUG org.apache.http.impl.conn.DefaultClientConnection - Receiving response: HTTP/1.1 200 OK
19:15:47.536 [main] DEBUG org.apache.http.headers - << HTTP/1.1 200 OK
19:15:47.536 [main] DEBUG org.apache.http.headers - << Server: nginx
19:15:47.536 [main] DEBUG org.apache.http.headers - << Date: Wed, 26 Jul 2023 16:15:47 GMT
19:15:47.536 [main] DEBUG org.apache.http.headers - << Content-Type: application/json
19:15:47.536 [main] DEBUG org.apache.http.headers - << Transfer-Encoding: chunked
19:15:47.536 [main] DEBUG org.apache.http.headers - << Connection: keep-alive
19:15:47.536 [main] DEBUG org.apache.http.headers - << Vary: Accept-Encoding
19:15:47.536 [main] DEBUG org.apache.http.headers - << Content-Encoding: gzip
19:15:47.536 [main] DEBUG org.apache.http.impl.client.DefaultHttpClient - Connection can be kept alive indefinitely
19:15:47.536 [main] DEBUG org.apache.http.impl.client.DefaultHttpClient - Authentication succeeded
19:15:47.536 [main] DEBUG org.apache.http.impl.client.TargetAuthenticationStrategy - Caching 'basic' auth scheme for http://localhost:81
19:15:47.536 [main] DEBUG io.restassured.internal.RestAssuredHttpBuilder - Parsing response as: application/json
19:15:47.536 [main] DEBUG org.apache.http.wire -  << "130[\r][\n]"
19:15:47.536 [main] DEBUG org.apache.http.wire -  << "[0x1f][0x8b][0x8][0x0][0x0][0x0][0x0][0x0][0x0][0x3]eQ[0xcd]n[0xc2]0[0xc]~[0x95][0xc9]g[0xb4][0xf2][0xd3]1[0xe8][\r]i[0x97][0xdd]x[0x83](m[0xc][0x18][0xdc][0xa4]J\[0xd0][0x84]x[0xf7]9A[0xda]:[0xed][0xf8][0xf9][0xfb]s[0x9c];[0x9c]S[0xf0]q[0xe8][0xa0][0x81][0xe5][0xeb][0x1c]f[0x10]1[0x8d],[0xd0][0xdc][0x81][0x1c]4[0xcb]u=[0x3]o{T~[0xb7][0xff]4[0xfb][0x18][0xce][0xd8][0x89][0xea]([0x19][0xdb][0x9]][0x95]Y[0xcc]@[0xc2][0x5][0xbd]j[0x94]`[0x9b][0xc4][0xf4][0xc1][0xd1][0x81]P[0x13][0x16][0xeb][0xed]|[0xb5][0xd9],[0xea][0xf7][0xe2][0x19][0xc6][0x96]I[0xdb][0xe6]O[0x14][0xe9]jE#[0x14]:L][0xa4]A([0xe4][0xa0]I[0xd9][0xcb][0xc7][0x84]Q[0x9b]C/9<>[0xfb][0x92][0xd8]([0xc6][0x95][0x98][0x8c][0xd1][0xbb][0x9][\n]"
19:15:47.536 [main] DEBUG org.apache.http.wire -  << "7[0x8f][0xd1][0xe4][0xa7][0xac][0xb6]Z[0xa2][0x85]![0x92]|[0x19][0x87][0x7][[0xde]9[0x1d][0x96][0xa8][0xbf]#MS[0xab][0xa6][0xf6][0x96][0x18][0x1a]?2[0xe7][0x14]T?yt[0xa6][0xcc]M[0x1a][0xdb]|[0x96][0xf4]#[0xd0][0xce]t[0xa3][0x9e][0xad]G#6][0xc]SO[0x99][0xd7][0xba]_\ z[0xdb]2[0x9a]#[0x87][0xd6][0xb2][0x8a][0x8f][0xaa][0xd2][0x8b][0x8e]Q[0xeb][0xee][0xd0][0x6][0x1b]u[0x3]8[0x89][0xc]MUq[0xe8],[0x9f]B[0x92][0xaa][0x10][0x95][0xfe]O>9%][0xfb][0xbf]&[0xcf][0x8b][0xe4][0xf1][0xc8]w[0x83][0xa6]~[?[0xbe][0x1]%,[0xc6][0xf0][0xf3][0x1][0x0][0x0]"
19:15:47.536 [main] DEBUG org.apache.http.wire -  << "[\r][\n]"
19:15:47.536 [main] DEBUG org.apache.http.wire -  << "0[\r][\n]"
19:15:47.536 [main] DEBUG org.apache.http.wire -  << "[\r][\n]"
19:15:47.536 [main] DEBUG io.restassured.internal.RestAssuredHttpBuilder - Parsed data to instance of: class org.apache.http.conn.EofSensorInputStream
19:15:47.538 [main] DEBUG org.apache.http.impl.conn.BasicClientConnectionManager - Releasing connection org.apache.http.impl.conn.ManagedClientConnectionImpl@13e6c544
19:15:47.538 [main] DEBUG org.apache.http.impl.conn.BasicClientConnectionManager - Connection can be kept alive indefinitely
{
    "jsonrpc": "2.0",
    "result": {
        "id": 264,
        "name": "API_Project",
        "is_active": 1,
        "token": "",
        "last_modified": 1690388147,
        "is_public": 0,
        "is_private": 0,
        "description": "API_Project Description",
        "identifier": "",
        "start_date": "",
        "end_date": "",
        "owner_id": 390,
        "priority_default": 0,
        "priority_start": 0,
        "priority_end": 3,
        "email": null,
        "predefined_email_subjects": null,
        "per_swimlane_task_limits": 0,
        "task_limit": 0,
        "enable_global_tags": 1,
        "url": {
            "board": "http://localhost/board/264",
            "list": "http://localhost/list/264"
        }
    },
    "id": 456
}
{
    "jsonrpc": "2.0",
    "result": {
        "id": 264,
        "name": "API_Project",
        "is_active": 1,
        "token": "",
        "last_modified": 1690388147,
        "is_public": 0,
        "is_private": 0,
        "description": "API_Project Description",
        "identifier": "",
        "start_date": "",
        "end_date": "",
        "owner_id": 390,
        "priority_default": 0,
        "priority_start": 0,
        "priority_end": 3,
        "email": null,
        "predefined_email_subjects": null,
        "per_swimlane_task_limits": 0,
        "task_limit": 0,
        "enable_global_tags": 1,
        "url": {
            "board": "http://localhost/board/264",
            "list": "http://localhost/list/264"
        }
    },
    "id": 456
}
]]></system-out>
  </testcase>
  <testcase name="deleteProjectValid" classname="API.tests.ProjectTest" time="0.295">
    <system-out><![CDATA[Request method:	DELETE
Request URI:	http://localhost:81/jsonrpc.php
Proxy:			<none>
Request params:	<none>
Query params:	<none>
Form params:	<none>
Path params:	<none>
Headers:		Accept=*/*
				Content-Type=text/plain; charset=ISO-8859-1
Cookies:		<none>
Multiparts:		<none>
Body:
{"jsonrpc":"2.0","method":"removeUser","id":234,"params":{"user_id":390}}
19:15:47.569 [main] DEBUG org.apache.http.impl.conn.BasicClientConnectionManager - Get connection for route {}->http://localhost:81
19:15:47.569 [main] DEBUG org.apache.http.impl.conn.DefaultClientConnectionOperator - Connecting to localhost:81
19:15:47.571 [main] DEBUG org.apache.http.client.protocol.RequestAddCookies - CookieSpec selected: ignoreCookies
19:15:47.571 [main] DEBUG org.apache.http.client.protocol.RequestAuthCache - Auth cache not set in the context
19:15:47.571 [main] DEBUG org.apache.http.client.protocol.RequestTargetAuthentication - Target auth state: UNCHALLENGED
19:15:47.571 [main] DEBUG org.apache.http.client.protocol.RequestProxyAuthentication - Proxy auth state: UNCHALLENGED
19:15:47.571 [main] DEBUG org.apache.http.impl.client.DefaultHttpClient - Attempt 1 to execute request
19:15:47.571 [main] DEBUG org.apache.http.impl.conn.DefaultClientConnection - Sending request: DELETE /jsonrpc.php HTTP/1.1
19:15:47.571 [main] DEBUG org.apache.http.wire -  >> "DELETE /jsonrpc.php HTTP/1.1[\r][\n]"
19:15:47.571 [main] DEBUG org.apache.http.wire -  >> "Accept: */*[\r][\n]"
19:15:47.571 [main] DEBUG org.apache.http.wire -  >> "Content-Type: text/plain; charset=ISO-8859-1[\r][\n]"
19:15:47.571 [main] DEBUG org.apache.http.wire -  >> "Content-Length: 73[\r][\n]"
19:15:47.571 [main] DEBUG org.apache.http.wire -  >> "Host: localhost:81[\r][\n]"
19:15:47.571 [main] DEBUG org.apache.http.wire -  >> "Connection: Keep-Alive[\r][\n]"
19:15:47.571 [main] DEBUG org.apache.http.wire -  >> "User-Agent: Apache-HttpClient/4.5.13 (Java/17)[\r][\n]"
19:15:47.571 [main] DEBUG org.apache.http.wire -  >> "Accept-Encoding: gzip,deflate[\r][\n]"
19:15:47.571 [main] DEBUG org.apache.http.wire -  >> "[\r][\n]"
19:15:47.571 [main] DEBUG org.apache.http.headers - >> DELETE /jsonrpc.php HTTP/1.1
19:15:47.571 [main] DEBUG org.apache.http.headers - >> Accept: */*
19:15:47.571 [main] DEBUG org.apache.http.headers - >> Content-Type: text/plain; charset=ISO-8859-1
19:15:47.571 [main] DEBUG org.apache.http.headers - >> Content-Length: 73
19:15:47.571 [main] DEBUG org.apache.http.headers - >> Host: localhost:81
19:15:47.571 [main] DEBUG org.apache.http.headers - >> Connection: Keep-Alive
19:15:47.571 [main] DEBUG org.apache.http.headers - >> User-Agent: Apache-HttpClient/4.5.13 (Java/17)
19:15:47.571 [main] DEBUG org.apache.http.headers - >> Accept-Encoding: gzip,deflate
19:15:47.572 [main] DEBUG org.apache.http.wire -  >> "{"jsonrpc":"2.0","method":"removeUser","id":234,"params":{"user_id":390}}"
19:15:47.581 [main] DEBUG org.apache.http.wire -  << "HTTP/1.1 401 Unauthorized[\r][\n]"
19:15:47.581 [main] DEBUG org.apache.http.wire -  << "Server: nginx[\r][\n]"
19:15:47.581 [main] DEBUG org.apache.http.wire -  << "Date: Wed, 26 Jul 2023 16:15:47 GMT[\r][\n]"
19:15:47.581 [main] DEBUG org.apache.http.wire -  << "Content-Type: application/json[\r][\n]"
19:15:47.581 [main] DEBUG org.apache.http.wire -  << "Transfer-Encoding: chunked[\r][\n]"
19:15:47.581 [main] DEBUG org.apache.http.wire -  << "Connection: keep-alive[\r][\n]"
19:15:47.581 [main] DEBUG org.apache.http.wire -  << "WWW-Authenticate: Basic realm="JsonRPC"[\r][\n]"
19:15:47.581 [main] DEBUG org.apache.http.wire -  << "[\r][\n]"
19:15:47.581 [main] DEBUG org.apache.http.impl.conn.DefaultClientConnection - Receiving response: HTTP/1.1 401 Unauthorized
19:15:47.581 [main] DEBUG org.apache.http.headers - << HTTP/1.1 401 Unauthorized
19:15:47.581 [main] DEBUG org.apache.http.headers - << Server: nginx
19:15:47.581 [main] DEBUG org.apache.http.headers - << Date: Wed, 26 Jul 2023 16:15:47 GMT
19:15:47.581 [main] DEBUG org.apache.http.headers - << Content-Type: application/json
19:15:47.581 [main] DEBUG org.apache.http.headers - << Transfer-Encoding: chunked
19:15:47.582 [main] DEBUG org.apache.http.headers - << Connection: keep-alive
19:15:47.582 [main] DEBUG org.apache.http.headers - << WWW-Authenticate: Basic realm="JsonRPC"
19:15:47.582 [main] DEBUG org.apache.http.impl.client.DefaultHttpClient - Connection can be kept alive indefinitely
19:15:47.582 [main] DEBUG org.apache.http.impl.client.DefaultHttpClient - Authentication required
19:15:47.582 [main] DEBUG org.apache.http.impl.client.DefaultHttpClient - localhost:81 requested authentication
19:15:47.582 [main] DEBUG org.apache.http.impl.client.TargetAuthenticationStrategy - Authentication schemes in the order of preference: [Negotiate, Kerberos, NTLM, CredSSP, Digest, Basic]
19:15:47.582 [main] DEBUG org.apache.http.impl.client.TargetAuthenticationStrategy - Challenge for Negotiate authentication scheme not available
19:15:47.582 [main] DEBUG org.apache.http.impl.client.TargetAuthenticationStrategy - Challenge for Kerberos authentication scheme not available
19:15:47.582 [main] DEBUG org.apache.http.impl.client.TargetAuthenticationStrategy - Challenge for NTLM authentication scheme not available
19:15:47.582 [main] DEBUG org.apache.http.impl.client.TargetAuthenticationStrategy - Challenge for CredSSP authentication scheme not available
19:15:47.582 [main] DEBUG org.apache.http.impl.client.TargetAuthenticationStrategy - Challenge for Digest authentication scheme not available
19:15:47.582 [main] DEBUG org.apache.http.impl.client.DefaultHttpClient - Selected authentication options: [BASIC [complete=true]]
19:15:47.582 [main] DEBUG org.apache.http.wire -  << "49[\r][\n]"
19:15:47.582 [main] DEBUG org.apache.http.wire -  << "{"jsonrpc":"2.0","error":{"code":401,"message":"Unauthorized"},"id":null}"
19:15:47.582 [main] DEBUG org.apache.http.wire -  << "[\r][\n]"
19:15:47.582 [main] DEBUG org.apache.http.wire -  << "0[\r][\n]"
19:15:47.582 [main] DEBUG org.apache.http.wire -  << "[\r][\n]"
19:15:47.582 [main] DEBUG org.apache.http.client.protocol.RequestAddCookies - CookieSpec selected: ignoreCookies
19:15:47.582 [main] DEBUG org.apache.http.client.protocol.RequestAuthCache - Auth cache not set in the context
19:15:47.582 [main] DEBUG org.apache.http.client.protocol.RequestTargetAuthentication - Target auth state: CHALLENGED
19:15:47.582 [main] DEBUG org.apache.http.client.protocol.RequestTargetAuthentication - Generating response to an authentication challenge using basic scheme
19:15:47.583 [main] DEBUG org.apache.http.client.protocol.RequestProxyAuthentication - Proxy auth state: UNCHALLENGED
19:15:47.583 [main] DEBUG org.apache.http.impl.client.DefaultHttpClient - Attempt 2 to execute request
19:15:47.583 [main] DEBUG org.apache.http.impl.conn.DefaultClientConnection - Sending request: DELETE /jsonrpc.php HTTP/1.1
19:15:47.583 [main] DEBUG org.apache.http.wire -  >> "DELETE /jsonrpc.php HTTP/1.1[\r][\n]"
19:15:47.583 [main] DEBUG org.apache.http.wire -  >> "Accept: */*[\r][\n]"
19:15:47.583 [main] DEBUG org.apache.http.wire -  >> "Content-Type: text/plain; charset=ISO-8859-1[\r][\n]"
19:15:47.583 [main] DEBUG org.apache.http.wire -  >> "Content-Length: 73[\r][\n]"
19:15:47.583 [main] DEBUG org.apache.http.wire -  >> "Host: localhost:81[\r][\n]"
19:15:47.583 [main] DEBUG org.apache.http.wire -  >> "Connection: Keep-Alive[\r][\n]"
19:15:47.583 [main] DEBUG org.apache.http.wire -  >> "User-Agent: Apache-HttpClient/4.5.13 (Java/17)[\r][\n]"
19:15:47.583 [main] DEBUG org.apache.http.wire -  >> "Authorization: Basic YWRtaW46YWRtaW4=[\r][\n]"
19:15:47.583 [main] DEBUG org.apache.http.wire -  >> "Accept-Encoding: gzip,deflate[\r][\n]"
19:15:47.583 [main] DEBUG org.apache.http.wire -  >> "[\r][\n]"
19:15:47.583 [main] DEBUG org.apache.http.headers - >> DELETE /jsonrpc.php HTTP/1.1
19:15:47.583 [main] DEBUG org.apache.http.headers - >> Accept: */*
19:15:47.583 [main] DEBUG org.apache.http.headers - >> Content-Type: text/plain; charset=ISO-8859-1
19:15:47.583 [main] DEBUG org.apache.http.headers - >> Content-Length: 73
19:15:47.583 [main] DEBUG org.apache.http.headers - >> Host: localhost:81
19:15:47.583 [main] DEBUG org.apache.http.headers - >> Connection: Keep-Alive
19:15:47.583 [main] DEBUG org.apache.http.headers - >> User-Agent: Apache-HttpClient/4.5.13 (Java/17)
19:15:47.583 [main] DEBUG org.apache.http.headers - >> Authorization: Basic YWRtaW46YWRtaW4=
19:15:47.583 [main] DEBUG org.apache.http.headers - >> Accept-Encoding: gzip,deflate
19:15:47.583 [main] DEBUG org.apache.http.wire -  >> "{"jsonrpc":"2.0","method":"removeUser","id":234,"params":{"user_id":390}}"
19:15:47.712 [main] DEBUG org.apache.http.wire -  << "HTTP/1.1 200 OK[\r][\n]"
19:15:47.713 [main] DEBUG org.apache.http.wire -  << "Server: nginx[\r][\n]"
19:15:47.713 [main] DEBUG org.apache.http.wire -  << "Date: Wed, 26 Jul 2023 16:15:47 GMT[\r][\n]"
19:15:47.713 [main] DEBUG org.apache.http.wire -  << "Content-Type: application/json[\r][\n]"
19:15:47.713 [main] DEBUG org.apache.http.wire -  << "Transfer-Encoding: chunked[\r][\n]"
19:15:47.713 [main] DEBUG org.apache.http.wire -  << "Connection: keep-alive[\r][\n]"
19:15:47.713 [main] DEBUG org.apache.http.wire -  << "Vary: Accept-Encoding[\r][\n]"
19:15:47.713 [main] DEBUG org.apache.http.wire -  << "Content-Encoding: gzip[\r][\n]"
19:15:47.713 [main] DEBUG org.apache.http.wire -  << "[\r][\n]"
19:15:47.713 [main] DEBUG org.apache.http.impl.conn.DefaultClientConnection - Receiving response: HTTP/1.1 200 OK
19:15:47.713 [main] DEBUG org.apache.http.headers - << HTTP/1.1 200 OK
19:15:47.713 [main] DEBUG org.apache.http.headers - << Server: nginx
19:15:47.713 [main] DEBUG org.apache.http.headers - << Date: Wed, 26 Jul 2023 16:15:47 GMT
19:15:47.713 [main] DEBUG org.apache.http.headers - << Content-Type: application/json
19:15:47.713 [main] DEBUG org.apache.http.headers - << Transfer-Encoding: chunked
19:15:47.713 [main] DEBUG org.apache.http.headers - << Connection: keep-alive
19:15:47.713 [main] DEBUG org.apache.http.headers - << Vary: Accept-Encoding
19:15:47.713 [main] DEBUG org.apache.http.headers - << Content-Encoding: gzip
19:15:47.713 [main] DEBUG org.apache.http.impl.client.DefaultHttpClient - Connection can be kept alive indefinitely
19:15:47.714 [main] DEBUG org.apache.http.impl.client.DefaultHttpClient - Authentication succeeded
19:15:47.714 [main] DEBUG org.apache.http.impl.client.TargetAuthenticationStrategy - Caching 'basic' auth scheme for http://localhost:81
19:15:47.714 [main] DEBUG io.restassured.internal.RestAssuredHttpBuilder - Parsing response as: application/json
19:15:47.714 [main] DEBUG org.apache.http.wire -  << "3c[\r][\n]"
19:15:47.714 [main] DEBUG org.apache.http.wire -  << "[0x1f][0x8b][0x8][0x0][0x0][0x0][0x0][0x0][0x0][0x3][0xab]V[0xca]*[0xce][0xcf]+*HV[0xb2]R2[0xd2]3P[0xd2]Q*J-.[0xcd])Q[0xb2]*)*M[0xd5]Q[0xca]LQ[0xb2]226[0xa9][0x5][0x0]q~[0x7][0xe8]([0x0][0x0][0x0]"
19:15:47.714 [main] DEBUG org.apache.http.wire -  << "[\r][\n]"
19:15:47.714 [main] DEBUG org.apache.http.wire -  << "0[\r][\n]"
19:15:47.714 [main] DEBUG org.apache.http.wire -  << "[\r][\n]"
19:15:47.714 [main] DEBUG io.restassured.internal.RestAssuredHttpBuilder - Parsed data to instance of: class org.apache.http.conn.EofSensorInputStream
19:15:47.716 [main] DEBUG org.apache.http.impl.conn.BasicClientConnectionManager - Releasing connection org.apache.http.impl.conn.ManagedClientConnectionImpl@689ea211
19:15:47.716 [main] DEBUG org.apache.http.impl.conn.BasicClientConnectionManager - Connection can be kept alive indefinitely
{
    "jsonrpc": "2.0",
    "result": true,
    "id": 234
}
{
    "jsonrpc": "2.0",
    "result": true,
    "id": 234
}
Request method:	POST
Request URI:	http://localhost:81/jsonrpc.php
Proxy:			<none>
Request params:	<none>
Query params:	<none>
Form params:	<none>
Path params:	<none>
Headers:		Accept=*/*
				Content-Type=text/plain; charset=ISO-8859-1
Cookies:		<none>
Multiparts:		<none>
Body:
{"jsonrpc":"2.0","method":"createUser","id":123123,"params":{"username":"kyryloAPITestLogin","password":"kyryloAPITestPassword","name":"kyrylo","email":"kyryloAPITest@mail.com","role":"app-manager"}}
19:15:47.734 [main] DEBUG org.apache.http.impl.conn.BasicClientConnectionManager - Get connection for route {}->http://localhost:81
19:15:47.734 [main] DEBUG org.apache.http.impl.conn.DefaultClientConnectionOperator - Connecting to localhost:81
19:15:47.736 [main] DEBUG org.apache.http.client.protocol.RequestAddCookies - CookieSpec selected: ignoreCookies
19:15:47.736 [main] DEBUG org.apache.http.client.protocol.RequestAuthCache - Auth cache not set in the context
19:15:47.736 [main] DEBUG org.apache.http.client.protocol.RequestTargetAuthentication - Target auth state: UNCHALLENGED
19:15:47.736 [main] DEBUG org.apache.http.client.protocol.RequestProxyAuthentication - Proxy auth state: UNCHALLENGED
19:15:47.736 [main] DEBUG org.apache.http.impl.client.DefaultHttpClient - Attempt 1 to execute request
19:15:47.736 [main] DEBUG org.apache.http.impl.conn.DefaultClientConnection - Sending request: POST /jsonrpc.php HTTP/1.1
19:15:47.736 [main] DEBUG org.apache.http.wire -  >> "POST /jsonrpc.php HTTP/1.1[\r][\n]"
19:15:47.736 [main] DEBUG org.apache.http.wire -  >> "Accept: */*[\r][\n]"
19:15:47.736 [main] DEBUG org.apache.http.wire -  >> "Content-Type: text/plain; charset=ISO-8859-1[\r][\n]"
19:15:47.736 [main] DEBUG org.apache.http.wire -  >> "Content-Length: 199[\r][\n]"
19:15:47.736 [main] DEBUG org.apache.http.wire -  >> "Host: localhost:81[\r][\n]"
19:15:47.736 [main] DEBUG org.apache.http.wire -  >> "Connection: Keep-Alive[\r][\n]"
19:15:47.736 [main] DEBUG org.apache.http.wire -  >> "User-Agent: Apache-HttpClient/4.5.13 (Java/17)[\r][\n]"
19:15:47.736 [main] DEBUG org.apache.http.wire -  >> "Accept-Encoding: gzip,deflate[\r][\n]"
19:15:47.736 [main] DEBUG org.apache.http.wire -  >> "[\r][\n]"
19:15:47.736 [main] DEBUG org.apache.http.headers - >> POST /jsonrpc.php HTTP/1.1
19:15:47.736 [main] DEBUG org.apache.http.headers - >> Accept: */*
19:15:47.736 [main] DEBUG org.apache.http.headers - >> Content-Type: text/plain; charset=ISO-8859-1
19:15:47.736 [main] DEBUG org.apache.http.headers - >> Content-Length: 199
19:15:47.736 [main] DEBUG org.apache.http.headers - >> Host: localhost:81
19:15:47.736 [main] DEBUG org.apache.http.headers - >> Connection: Keep-Alive
19:15:47.736 [main] DEBUG org.apache.http.headers - >> User-Agent: Apache-HttpClient/4.5.13 (Java/17)
19:15:47.736 [main] DEBUG org.apache.http.headers - >> Accept-Encoding: gzip,deflate
19:15:47.736 [main] DEBUG org.apache.http.wire -  >> "{"jsonrpc":"2.0","method":"createUser","id":123123,"params":{"username":"kyryloAPITestLogin","password":"kyryloAPITestPassword","name":"kyrylo","email":"kyryloAPITest@mail.com","role":"app-manager"}}"
19:15:47.748 [main] DEBUG org.apache.http.wire -  << "HTTP/1.1 401 Unauthorized[\r][\n]"
19:15:47.748 [main] DEBUG org.apache.http.wire -  << "Server: nginx[\r][\n]"
19:15:47.748 [main] DEBUG org.apache.http.wire -  << "Date: Wed, 26 Jul 2023 16:15:47 GMT[\r][\n]"
19:15:47.748 [main] DEBUG org.apache.http.wire -  << "Content-Type: application/json[\r][\n]"
19:15:47.748 [main] DEBUG org.apache.http.wire -  << "Transfer-Encoding: chunked[\r][\n]"
19:15:47.748 [main] DEBUG org.apache.http.wire -  << "Connection: keep-alive[\r][\n]"
19:15:47.748 [main] DEBUG org.apache.http.wire -  << "WWW-Authenticate: Basic realm="JsonRPC"[\r][\n]"
19:15:47.748 [main] DEBUG org.apache.http.wire -  << "[\r][\n]"
19:15:47.748 [main] DEBUG org.apache.http.impl.conn.DefaultClientConnection - Receiving response: HTTP/1.1 401 Unauthorized
19:15:47.748 [main] DEBUG org.apache.http.headers - << HTTP/1.1 401 Unauthorized
19:15:47.748 [main] DEBUG org.apache.http.headers - << Server: nginx
19:15:47.748 [main] DEBUG org.apache.http.headers - << Date: Wed, 26 Jul 2023 16:15:47 GMT
19:15:47.748 [main] DEBUG org.apache.http.headers - << Content-Type: application/json
19:15:47.749 [main] DEBUG org.apache.http.headers - << Transfer-Encoding: chunked
19:15:47.749 [main] DEBUG org.apache.http.headers - << Connection: keep-alive
19:15:47.749 [main] DEBUG org.apache.http.headers - << WWW-Authenticate: Basic realm="JsonRPC"
19:15:47.749 [main] DEBUG org.apache.http.impl.client.DefaultHttpClient - Connection can be kept alive indefinitely
19:15:47.749 [main] DEBUG org.apache.http.impl.client.DefaultHttpClient - Authentication required
19:15:47.749 [main] DEBUG org.apache.http.impl.client.DefaultHttpClient - localhost:81 requested authentication
19:15:47.749 [main] DEBUG org.apache.http.impl.client.TargetAuthenticationStrategy - Authentication schemes in the order of preference: [Negotiate, Kerberos, NTLM, CredSSP, Digest, Basic]
19:15:47.749 [main] DEBUG org.apache.http.impl.client.TargetAuthenticationStrategy - Challenge for Negotiate authentication scheme not available
19:15:47.749 [main] DEBUG org.apache.http.impl.client.TargetAuthenticationStrategy - Challenge for Kerberos authentication scheme not available
19:15:47.749 [main] DEBUG org.apache.http.impl.client.TargetAuthenticationStrategy - Challenge for NTLM authentication scheme not available
19:15:47.749 [main] DEBUG org.apache.http.impl.client.TargetAuthenticationStrategy - Challenge for CredSSP authentication scheme not available
19:15:47.749 [main] DEBUG org.apache.http.impl.client.TargetAuthenticationStrategy - Challenge for Digest authentication scheme not available
19:15:47.749 [main] DEBUG org.apache.http.impl.client.DefaultHttpClient - Selected authentication options: [BASIC [complete=true]]
19:15:47.749 [main] DEBUG org.apache.http.wire -  << "49[\r][\n]"
19:15:47.749 [main] DEBUG org.apache.http.wire -  << "{"jsonrpc":"2.0","error":{"code":401,"message":"Unauthorized"},"id":null}"
19:15:47.749 [main] DEBUG org.apache.http.wire -  << "[\r][\n]"
19:15:47.749 [main] DEBUG org.apache.http.wire -  << "0[\r][\n]"
19:15:47.749 [main] DEBUG org.apache.http.wire -  << "[\r][\n]"
19:15:47.749 [main] DEBUG org.apache.http.client.protocol.RequestAddCookies - CookieSpec selected: ignoreCookies
19:15:47.749 [main] DEBUG org.apache.http.client.protocol.RequestAuthCache - Auth cache not set in the context
19:15:47.749 [main] DEBUG org.apache.http.client.protocol.RequestTargetAuthentication - Target auth state: CHALLENGED
19:15:47.749 [main] DEBUG org.apache.http.client.protocol.RequestTargetAuthentication - Generating response to an authentication challenge using basic scheme
19:15:47.749 [main] DEBUG org.apache.http.client.protocol.RequestProxyAuthentication - Proxy auth state: UNCHALLENGED
19:15:47.749 [main] DEBUG org.apache.http.impl.client.DefaultHttpClient - Attempt 2 to execute request
19:15:47.749 [main] DEBUG org.apache.http.impl.conn.DefaultClientConnection - Sending request: POST /jsonrpc.php HTTP/1.1
19:15:47.749 [main] DEBUG org.apache.http.wire -  >> "POST /jsonrpc.php HTTP/1.1[\r][\n]"
19:15:47.749 [main] DEBUG org.apache.http.wire -  >> "Accept: */*[\r][\n]"
19:15:47.749 [main] DEBUG org.apache.http.wire -  >> "Content-Type: text/plain; charset=ISO-8859-1[\r][\n]"
19:15:47.749 [main] DEBUG org.apache.http.wire -  >> "Content-Length: 199[\r][\n]"
19:15:47.749 [main] DEBUG org.apache.http.wire -  >> "Host: localhost:81[\r][\n]"
19:15:47.749 [main] DEBUG org.apache.http.wire -  >> "Connection: Keep-Alive[\r][\n]"
19:15:47.749 [main] DEBUG org.apache.http.wire -  >> "User-Agent: Apache-HttpClient/4.5.13 (Java/17)[\r][\n]"
19:15:47.749 [main] DEBUG org.apache.http.wire -  >> "Authorization: Basic YWRtaW46YWRtaW4=[\r][\n]"
19:15:47.749 [main] DEBUG org.apache.http.wire -  >> "Accept-Encoding: gzip,deflate[\r][\n]"
19:15:47.749 [main] DEBUG org.apache.http.wire -  >> "[\r][\n]"
19:15:47.749 [main] DEBUG org.apache.http.headers - >> POST /jsonrpc.php HTTP/1.1
19:15:47.749 [main] DEBUG org.apache.http.headers - >> Accept: */*
19:15:47.749 [main] DEBUG org.apache.http.headers - >> Content-Type: text/plain; charset=ISO-8859-1
19:15:47.749 [main] DEBUG org.apache.http.headers - >> Content-Length: 199
19:15:47.749 [main] DEBUG org.apache.http.headers - >> Host: localhost:81
19:15:47.749 [main] DEBUG org.apache.http.headers - >> Connection: Keep-Alive
19:15:47.749 [main] DEBUG org.apache.http.headers - >> User-Agent: Apache-HttpClient/4.5.13 (Java/17)
19:15:47.749 [main] DEBUG org.apache.http.headers - >> Authorization: Basic YWRtaW46YWRtaW4=
19:15:47.749 [main] DEBUG org.apache.http.headers - >> Accept-Encoding: gzip,deflate
19:15:47.749 [main] DEBUG org.apache.http.wire -  >> "{"jsonrpc":"2.0","method":"createUser","id":123123,"params":{"username":"kyryloAPITestLogin","password":"kyryloAPITestPassword","name":"kyrylo","email":"kyryloAPITest@mail.com","role":"app-manager"}}"
19:15:47.901 [main] DEBUG org.apache.http.wire -  << "HTTP/1.1 200 OK[\r][\n]"
19:15:47.901 [main] DEBUG org.apache.http.wire -  << "Server: nginx[\r][\n]"
19:15:47.901 [main] DEBUG org.apache.http.wire -  << "Date: Wed, 26 Jul 2023 16:15:47 GMT[\r][\n]"
19:15:47.901 [main] DEBUG org.apache.http.wire -  << "Content-Type: application/json[\r][\n]"
19:15:47.901 [main] DEBUG org.apache.http.wire -  << "Transfer-Encoding: chunked[\r][\n]"
19:15:47.901 [main] DEBUG org.apache.http.wire -  << "Connection: keep-alive[\r][\n]"
19:15:47.901 [main] DEBUG org.apache.http.wire -  << "Vary: Accept-Encoding[\r][\n]"
19:15:47.901 [main] DEBUG org.apache.http.wire -  << "Content-Encoding: gzip[\r][\n]"
19:15:47.901 [main] DEBUG org.apache.http.wire -  << "[\r][\n]"
19:15:47.901 [main] DEBUG org.apache.http.impl.conn.DefaultClientConnection - Receiving response: HTTP/1.1 200 OK
19:15:47.901 [main] DEBUG org.apache.http.headers - << HTTP/1.1 200 OK
19:15:47.901 [main] DEBUG org.apache.http.headers - << Server: nginx
19:15:47.901 [main] DEBUG org.apache.http.headers - << Date: Wed, 26 Jul 2023 16:15:47 GMT
19:15:47.901 [main] DEBUG org.apache.http.headers - << Content-Type: application/json
19:15:47.901 [main] DEBUG org.apache.http.headers - << Transfer-Encoding: chunked
19:15:47.901 [main] DEBUG org.apache.http.headers - << Connection: keep-alive
19:15:47.901 [main] DEBUG org.apache.http.headers - << Vary: Accept-Encoding
19:15:47.901 [main] DEBUG org.apache.http.headers - << Content-Encoding: gzip
19:15:47.901 [main] DEBUG org.apache.http.impl.client.DefaultHttpClient - Connection can be kept alive indefinitely
19:15:47.901 [main] DEBUG org.apache.http.impl.client.DefaultHttpClient - Authentication succeeded
19:15:47.901 [main] DEBUG org.apache.http.impl.client.TargetAuthenticationStrategy - Caching 'basic' auth scheme for http://localhost:81
19:15:47.901 [main] DEBUG io.restassured.internal.RestAssuredHttpBuilder - Parsing response as: application/json
19:15:47.901 [main] DEBUG org.apache.http.wire -  << "3c[\r][\n]"
19:15:47.901 [main] DEBUG org.apache.http.wire -  << "[0x1f][0x8b][0x8][0x0][0x0][0x0][0x0][0x0][0x0][0x3][0xab]V[0xca]*[0xce][0xcf]+*HV[0xb2]R2[0xd2]3P[0xd2]Q*J-.[0xcd])Q[0xb2]2[0xb6]4[0xd4]Q[0xca]LQ[0xb2]242[0x6][0xa2]Z[0x0]CNu[0x1a]*[0x0][0x0][0x0]"
19:15:47.901 [main] DEBUG org.apache.http.wire -  << "[\r][\n]"
19:15:47.901 [main] DEBUG org.apache.http.wire -  << "0[\r][\n]"
19:15:47.901 [main] DEBUG org.apache.http.wire -  << "[\r][\n]"
19:15:47.901 [main] DEBUG io.restassured.internal.RestAssuredHttpBuilder - Parsed data to instance of: class org.apache.http.conn.EofSensorInputStream
19:15:47.902 [main] DEBUG org.apache.http.impl.conn.BasicClientConnectionManager - Releasing connection org.apache.http.impl.conn.ManagedClientConnectionImpl@7a491a60
19:15:47.902 [main] DEBUG org.apache.http.impl.conn.BasicClientConnectionManager - Connection can be kept alive indefinitely
{
    "jsonrpc": "2.0",
    "result": 391,
    "id": 123123
}
{
    "jsonrpc": "2.0",
    "result": 391,
    "id": 123123
}
Request method:	POST
Request URI:	http://localhost:81/jsonrpc.php
Proxy:			<none>
Request params:	<none>
Query params:	<none>
Form params:	<none>
Path params:	<none>
Headers:		Accept=*/*
				Content-Type=text/plain; charset=ISO-8859-1
Cookies:		<none>
Multiparts:		<none>
Body:
{"jsonrpc":"2.0","method":"createProject","id":345,"params":{"name":"API_Project","description":"API_Project Description","owner_id":391}}
19:15:47.918 [main] DEBUG org.apache.http.impl.conn.BasicClientConnectionManager - Get connection for route {}->http://localhost:81
19:15:47.918 [main] DEBUG org.apache.http.impl.conn.DefaultClientConnectionOperator - Connecting to localhost:81
19:15:47.919 [main] DEBUG org.apache.http.client.protocol.RequestAddCookies - CookieSpec selected: ignoreCookies
19:15:47.919 [main] DEBUG org.apache.http.client.protocol.RequestAuthCache - Auth cache not set in the context
19:15:47.919 [main] DEBUG org.apache.http.client.protocol.RequestTargetAuthentication - Target auth state: UNCHALLENGED
19:15:47.919 [main] DEBUG org.apache.http.client.protocol.RequestProxyAuthentication - Proxy auth state: UNCHALLENGED
19:15:47.919 [main] DEBUG org.apache.http.impl.client.DefaultHttpClient - Attempt 1 to execute request
19:15:47.919 [main] DEBUG org.apache.http.impl.conn.DefaultClientConnection - Sending request: POST /jsonrpc.php HTTP/1.1
19:15:47.919 [main] DEBUG org.apache.http.wire -  >> "POST /jsonrpc.php HTTP/1.1[\r][\n]"
19:15:47.920 [main] DEBUG org.apache.http.wire -  >> "Accept: */*[\r][\n]"
19:15:47.920 [main] DEBUG org.apache.http.wire -  >> "Content-Type: text/plain; charset=ISO-8859-1[\r][\n]"
19:15:47.920 [main] DEBUG org.apache.http.wire -  >> "Content-Length: 138[\r][\n]"
19:15:47.920 [main] DEBUG org.apache.http.wire -  >> "Host: localhost:81[\r][\n]"
19:15:47.920 [main] DEBUG org.apache.http.wire -  >> "Connection: Keep-Alive[\r][\n]"
19:15:47.920 [main] DEBUG org.apache.http.wire -  >> "User-Agent: Apache-HttpClient/4.5.13 (Java/17)[\r][\n]"
19:15:47.920 [main] DEBUG org.apache.http.wire -  >> "Accept-Encoding: gzip,deflate[\r][\n]"
19:15:47.920 [main] DEBUG org.apache.http.wire -  >> "[\r][\n]"
19:15:47.920 [main] DEBUG org.apache.http.headers - >> POST /jsonrpc.php HTTP/1.1
19:15:47.920 [main] DEBUG org.apache.http.headers - >> Accept: */*
19:15:47.920 [main] DEBUG org.apache.http.headers - >> Content-Type: text/plain; charset=ISO-8859-1
19:15:47.920 [main] DEBUG org.apache.http.headers - >> Content-Length: 138
19:15:47.920 [main] DEBUG org.apache.http.headers - >> Host: localhost:81
19:15:47.920 [main] DEBUG org.apache.http.headers - >> Connection: Keep-Alive
19:15:47.920 [main] DEBUG org.apache.http.headers - >> User-Agent: Apache-HttpClient/4.5.13 (Java/17)
19:15:47.920 [main] DEBUG org.apache.http.headers - >> Accept-Encoding: gzip,deflate
19:15:47.920 [main] DEBUG org.apache.http.wire -  >> "{"jsonrpc":"2.0","method":"createProject","id":345,"params":{"name":"API_Project","description":"API_Project Description","owner_id":391}}"
19:15:47.936 [main] DEBUG org.apache.http.wire -  << "HTTP/1.1 401 Unauthorized[\r][\n]"
19:15:47.936 [main] DEBUG org.apache.http.wire -  << "Server: nginx[\r][\n]"
19:15:47.936 [main] DEBUG org.apache.http.wire -  << "Date: Wed, 26 Jul 2023 16:15:47 GMT[\r][\n]"
19:15:47.936 [main] DEBUG org.apache.http.wire -  << "Content-Type: application/json[\r][\n]"
19:15:47.936 [main] DEBUG org.apache.http.wire -  << "Transfer-Encoding: chunked[\r][\n]"
19:15:47.936 [main] DEBUG org.apache.http.wire -  << "Connection: keep-alive[\r][\n]"
19:15:47.936 [main] DEBUG org.apache.http.wire -  << "WWW-Authenticate: Basic realm="JsonRPC"[\r][\n]"
19:15:47.936 [main] DEBUG org.apache.http.wire -  << "[\r][\n]"
19:15:47.936 [main] DEBUG org.apache.http.impl.conn.DefaultClientConnection - Receiving response: HTTP/1.1 401 Unauthorized
19:15:47.936 [main] DEBUG org.apache.http.headers - << HTTP/1.1 401 Unauthorized
19:15:47.936 [main] DEBUG org.apache.http.headers - << Server: nginx
19:15:47.936 [main] DEBUG org.apache.http.headers - << Date: Wed, 26 Jul 2023 16:15:47 GMT
19:15:47.936 [main] DEBUG org.apache.http.headers - << Content-Type: application/json
19:15:47.936 [main] DEBUG org.apache.http.headers - << Transfer-Encoding: chunked
19:15:47.936 [main] DEBUG org.apache.http.headers - << Connection: keep-alive
19:15:47.936 [main] DEBUG org.apache.http.headers - << WWW-Authenticate: Basic realm="JsonRPC"
19:15:47.936 [main] DEBUG org.apache.http.impl.client.DefaultHttpClient - Connection can be kept alive indefinitely
19:15:47.936 [main] DEBUG org.apache.http.impl.client.DefaultHttpClient - Authentication required
19:15:47.936 [main] DEBUG org.apache.http.impl.client.DefaultHttpClient - localhost:81 requested authentication
19:15:47.936 [main] DEBUG org.apache.http.impl.client.TargetAuthenticationStrategy - Authentication schemes in the order of preference: [Negotiate, Kerberos, NTLM, CredSSP, Digest, Basic]
19:15:47.936 [main] DEBUG org.apache.http.impl.client.TargetAuthenticationStrategy - Challenge for Negotiate authentication scheme not available
19:15:47.936 [main] DEBUG org.apache.http.impl.client.TargetAuthenticationStrategy - Challenge for Kerberos authentication scheme not available
19:15:47.936 [main] DEBUG org.apache.http.impl.client.TargetAuthenticationStrategy - Challenge for NTLM authentication scheme not available
19:15:47.936 [main] DEBUG org.apache.http.impl.client.TargetAuthenticationStrategy - Challenge for CredSSP authentication scheme not available
19:15:47.936 [main] DEBUG org.apache.http.impl.client.TargetAuthenticationStrategy - Challenge for Digest authentication scheme not available
19:15:47.936 [main] DEBUG org.apache.http.impl.client.DefaultHttpClient - Selected authentication options: [BASIC [complete=true]]
19:15:47.936 [main] DEBUG org.apache.http.wire -  << "49[\r][\n]"
19:15:47.936 [main] DEBUG org.apache.http.wire -  << "{"jsonrpc":"2.0","error":{"code":401,"message":"Unauthorized"},"id":null}"
19:15:47.936 [main] DEBUG org.apache.http.wire -  << "[\r][\n]"
19:15:47.936 [main] DEBUG org.apache.http.wire -  << "0[\r][\n]"
19:15:47.936 [main] DEBUG org.apache.http.wire -  << "[\r][\n]"
19:15:47.936 [main] DEBUG org.apache.http.client.protocol.RequestAddCookies - CookieSpec selected: ignoreCookies
19:15:47.936 [main] DEBUG org.apache.http.client.protocol.RequestAuthCache - Auth cache not set in the context
19:15:47.936 [main] DEBUG org.apache.http.client.protocol.RequestTargetAuthentication - Target auth state: CHALLENGED
19:15:47.936 [main] DEBUG org.apache.http.client.protocol.RequestTargetAuthentication - Generating response to an authentication challenge using basic scheme
19:15:47.936 [main] DEBUG org.apache.http.client.protocol.RequestProxyAuthentication - Proxy auth state: UNCHALLENGED
19:15:47.936 [main] DEBUG org.apache.http.impl.client.DefaultHttpClient - Attempt 2 to execute request
19:15:47.936 [main] DEBUG org.apache.http.impl.conn.DefaultClientConnection - Sending request: POST /jsonrpc.php HTTP/1.1
19:15:47.936 [main] DEBUG org.apache.http.wire -  >> "POST /jsonrpc.php HTTP/1.1[\r][\n]"
19:15:47.936 [main] DEBUG org.apache.http.wire -  >> "Accept: */*[\r][\n]"
19:15:47.936 [main] DEBUG org.apache.http.wire -  >> "Content-Type: text/plain; charset=ISO-8859-1[\r][\n]"
19:15:47.936 [main] DEBUG org.apache.http.wire -  >> "Content-Length: 138[\r][\n]"
19:15:47.936 [main] DEBUG org.apache.http.wire -  >> "Host: localhost:81[\r][\n]"
19:15:47.936 [main] DEBUG org.apache.http.wire -  >> "Connection: Keep-Alive[\r][\n]"
19:15:47.936 [main] DEBUG org.apache.http.wire -  >> "User-Agent: Apache-HttpClient/4.5.13 (Java/17)[\r][\n]"
19:15:47.936 [main] DEBUG org.apache.http.wire -  >> "Authorization: Basic a3lyeWxvQVBJVGVzdExvZ2luOmt5cnlsb0FQSVRlc3RQYXNzd29yZA==[\r][\n]"
19:15:47.936 [main] DEBUG org.apache.http.wire -  >> "Accept-Encoding: gzip,deflate[\r][\n]"
19:15:47.936 [main] DEBUG org.apache.http.wire -  >> "[\r][\n]"
19:15:47.936 [main] DEBUG org.apache.http.headers - >> POST /jsonrpc.php HTTP/1.1
19:15:47.936 [main] DEBUG org.apache.http.headers - >> Accept: */*
19:15:47.936 [main] DEBUG org.apache.http.headers - >> Content-Type: text/plain; charset=ISO-8859-1
19:15:47.936 [main] DEBUG org.apache.http.headers - >> Content-Length: 138
19:15:47.936 [main] DEBUG org.apache.http.headers - >> Host: localhost:81
19:15:47.936 [main] DEBUG org.apache.http.headers - >> Connection: Keep-Alive
19:15:47.936 [main] DEBUG org.apache.http.headers - >> User-Agent: Apache-HttpClient/4.5.13 (Java/17)
19:15:47.936 [main] DEBUG org.apache.http.headers - >> Authorization: Basic a3lyeWxvQVBJVGVzdExvZ2luOmt5cnlsb0FQSVRlc3RQYXNzd29yZA==
19:15:47.936 [main] DEBUG org.apache.http.headers - >> Accept-Encoding: gzip,deflate
19:15:47.936 [main] DEBUG org.apache.http.wire -  >> "{"jsonrpc":"2.0","method":"createProject","id":345,"params":{"name":"API_Project","description":"API_Project Description","owner_id":391}}"
19:15:48.038 [main] DEBUG org.apache.http.wire -  << "HTTP/1.1 200 OK[\r][\n]"
19:15:48.038 [main] DEBUG org.apache.http.wire -  << "Server: nginx[\r][\n]"
19:15:48.038 [main] DEBUG org.apache.http.wire -  << "Date: Wed, 26 Jul 2023 16:15:48 GMT[\r][\n]"
19:15:48.038 [main] DEBUG org.apache.http.wire -  << "Content-Type: application/json[\r][\n]"
19:15:48.038 [main] DEBUG org.apache.http.wire -  << "Transfer-Encoding: chunked[\r][\n]"
19:15:48.038 [main] DEBUG org.apache.http.wire -  << "Connection: keep-alive[\r][\n]"
19:15:48.038 [main] DEBUG org.apache.http.wire -  << "Vary: Accept-Encoding[\r][\n]"
19:15:48.038 [main] DEBUG org.apache.http.wire -  << "Content-Encoding: gzip[\r][\n]"
19:15:48.038 [main] DEBUG org.apache.http.wire -  << "[\r][\n]"
19:15:48.038 [main] DEBUG org.apache.http.impl.conn.DefaultClientConnection - Receiving response: HTTP/1.1 200 OK
19:15:48.038 [main] DEBUG org.apache.http.headers - << HTTP/1.1 200 OK
19:15:48.038 [main] DEBUG org.apache.http.headers - << Server: nginx
19:15:48.038 [main] DEBUG org.apache.http.headers - << Date: Wed, 26 Jul 2023 16:15:48 GMT
19:15:48.038 [main] DEBUG org.apache.http.headers - << Content-Type: application/json
19:15:48.038 [main] DEBUG org.apache.http.headers - << Transfer-Encoding: chunked
19:15:48.038 [main] DEBUG org.apache.http.headers - << Connection: keep-alive
19:15:48.038 [main] DEBUG org.apache.http.headers - << Vary: Accept-Encoding
19:15:48.038 [main] DEBUG org.apache.http.headers - << Content-Encoding: gzip
19:15:48.038 [main] DEBUG org.apache.http.impl.client.DefaultHttpClient - Connection can be kept alive indefinitely
19:15:48.038 [main] DEBUG org.apache.http.impl.client.DefaultHttpClient - Authentication succeeded
19:15:48.038 [main] DEBUG org.apache.http.impl.client.TargetAuthenticationStrategy - Caching 'basic' auth scheme for http://localhost:81
19:15:48.038 [main] DEBUG io.restassured.internal.RestAssuredHttpBuilder - Parsing response as: application/json
19:15:48.038 [main] DEBUG org.apache.http.wire -  << "3b[\r][\n]"
19:15:48.038 [main] DEBUG org.apache.http.wire -  << "[0x1f][0x8b][0x8][0x0][0x0][0x0][0x0][0x0][0x0][0x3][0xab]V[0xca]*[0xce][0xcf]+*HV[0xb2]R2[0xd2]3P[0xd2]Q*J-.[0xcd])Q[0xb2]223[0xd5]Q[0xca]LQ[0xb2]261[0xad][0x5][0x0]1[0xf9][0x86]^'[0x0][0x0][0x0]"
19:15:48.038 [main] DEBUG org.apache.http.wire -  << "[\r][\n]"
19:15:48.038 [main] DEBUG org.apache.http.wire -  << "0[\r][\n]"
19:15:48.038 [main] DEBUG org.apache.http.wire -  << "[\r][\n]"
19:15:48.038 [main] DEBUG io.restassured.internal.RestAssuredHttpBuilder - Parsed data to instance of: class org.apache.http.conn.EofSensorInputStream
19:15:48.039 [main] DEBUG org.apache.http.impl.conn.BasicClientConnectionManager - Releasing connection org.apache.http.impl.conn.ManagedClientConnectionImpl@139b3a29
19:15:48.039 [main] DEBUG org.apache.http.impl.conn.BasicClientConnectionManager - Connection can be kept alive indefinitely
{
    "jsonrpc": "2.0",
    "result": 265,
    "id": 345
}
{
    "jsonrpc": "2.0",
    "result": 265,
    "id": 345
}
Request method:	DELETE
Request URI:	http://localhost:81/jsonrpc.php
Proxy:			<none>
Request params:	<none>
Query params:	<none>
Form params:	<none>
Path params:	<none>
Headers:		Accept=*/*
				Content-Type=text/plain; charset=ISO-8859-1
Cookies:		<none>
Multiparts:		<none>
Body:
{"jsonrpc":"2.0","method":"removeProject","id":567,"params":{"project_id":265}}
19:15:48.063 [main] DEBUG org.apache.http.impl.conn.BasicClientConnectionManager - Get connection for route {}->http://localhost:81
19:15:48.064 [main] DEBUG org.apache.http.impl.conn.DefaultClientConnectionOperator - Connecting to localhost:81
19:15:48.064 [main] DEBUG org.apache.http.client.protocol.RequestAddCookies - CookieSpec selected: ignoreCookies
19:15:48.064 [main] DEBUG org.apache.http.client.protocol.RequestAuthCache - Auth cache not set in the context
19:15:48.064 [main] DEBUG org.apache.http.client.protocol.RequestTargetAuthentication - Target auth state: UNCHALLENGED
19:15:48.064 [main] DEBUG org.apache.http.client.protocol.RequestProxyAuthentication - Proxy auth state: UNCHALLENGED
19:15:48.064 [main] DEBUG org.apache.http.impl.client.DefaultHttpClient - Attempt 1 to execute request
19:15:48.064 [main] DEBUG org.apache.http.impl.conn.DefaultClientConnection - Sending request: DELETE /jsonrpc.php HTTP/1.1
19:15:48.064 [main] DEBUG org.apache.http.wire -  >> "DELETE /jsonrpc.php HTTP/1.1[\r][\n]"
19:15:48.064 [main] DEBUG org.apache.http.wire -  >> "Accept: */*[\r][\n]"
19:15:48.064 [main] DEBUG org.apache.http.wire -  >> "Content-Type: text/plain; charset=ISO-8859-1[\r][\n]"
19:15:48.064 [main] DEBUG org.apache.http.wire -  >> "Content-Length: 79[\r][\n]"
19:15:48.064 [main] DEBUG org.apache.http.wire -  >> "Host: localhost:81[\r][\n]"
19:15:48.064 [main] DEBUG org.apache.http.wire -  >> "Connection: Keep-Alive[\r][\n]"
19:15:48.064 [main] DEBUG org.apache.http.wire -  >> "User-Agent: Apache-HttpClient/4.5.13 (Java/17)[\r][\n]"
19:15:48.064 [main] DEBUG org.apache.http.wire -  >> "Accept-Encoding: gzip,deflate[\r][\n]"
19:15:48.064 [main] DEBUG org.apache.http.wire -  >> "[\r][\n]"
19:15:48.064 [main] DEBUG org.apache.http.headers - >> DELETE /jsonrpc.php HTTP/1.1
19:15:48.064 [main] DEBUG org.apache.http.headers - >> Accept: */*
19:15:48.064 [main] DEBUG org.apache.http.headers - >> Content-Type: text/plain; charset=ISO-8859-1
19:15:48.064 [main] DEBUG org.apache.http.headers - >> Content-Length: 79
19:15:48.064 [main] DEBUG org.apache.http.headers - >> Host: localhost:81
19:15:48.064 [main] DEBUG org.apache.http.headers - >> Connection: Keep-Alive
19:15:48.064 [main] DEBUG org.apache.http.headers - >> User-Agent: Apache-HttpClient/4.5.13 (Java/17)
19:15:48.064 [main] DEBUG org.apache.http.headers - >> Accept-Encoding: gzip,deflate
19:15:48.064 [main] DEBUG org.apache.http.wire -  >> "{"jsonrpc":"2.0","method":"removeProject","id":567,"params":{"project_id":265}}"
19:15:48.072 [main] DEBUG org.apache.http.wire -  << "HTTP/1.1 401 Unauthorized[\r][\n]"
19:15:48.072 [main] DEBUG org.apache.http.wire -  << "Server: nginx[\r][\n]"
19:15:48.072 [main] DEBUG org.apache.http.wire -  << "Date: Wed, 26 Jul 2023 16:15:48 GMT[\r][\n]"
19:15:48.072 [main] DEBUG org.apache.http.wire -  << "Content-Type: application/json[\r][\n]"
19:15:48.072 [main] DEBUG org.apache.http.wire -  << "Transfer-Encoding: chunked[\r][\n]"
19:15:48.072 [main] DEBUG org.apache.http.wire -  << "Connection: keep-alive[\r][\n]"
19:15:48.072 [main] DEBUG org.apache.http.wire -  << "WWW-Authenticate: Basic realm="JsonRPC"[\r][\n]"
19:15:48.072 [main] DEBUG org.apache.http.wire -  << "[\r][\n]"
19:15:48.072 [main] DEBUG org.apache.http.impl.conn.DefaultClientConnection - Receiving response: HTTP/1.1 401 Unauthorized
19:15:48.072 [main] DEBUG org.apache.http.headers - << HTTP/1.1 401 Unauthorized
19:15:48.072 [main] DEBUG org.apache.http.headers - << Server: nginx
19:15:48.072 [main] DEBUG org.apache.http.headers - << Date: Wed, 26 Jul 2023 16:15:48 GMT
19:15:48.072 [main] DEBUG org.apache.http.headers - << Content-Type: application/json
19:15:48.072 [main] DEBUG org.apache.http.headers - << Transfer-Encoding: chunked
19:15:48.072 [main] DEBUG org.apache.http.headers - << Connection: keep-alive
19:15:48.073 [main] DEBUG org.apache.http.headers - << WWW-Authenticate: Basic realm="JsonRPC"
19:15:48.073 [main] DEBUG org.apache.http.impl.client.DefaultHttpClient - Connection can be kept alive indefinitely
19:15:48.073 [main] DEBUG org.apache.http.impl.client.DefaultHttpClient - Authentication required
19:15:48.073 [main] DEBUG org.apache.http.impl.client.DefaultHttpClient - localhost:81 requested authentication
19:15:48.073 [main] DEBUG org.apache.http.impl.client.TargetAuthenticationStrategy - Authentication schemes in the order of preference: [Negotiate, Kerberos, NTLM, CredSSP, Digest, Basic]
19:15:48.073 [main] DEBUG org.apache.http.impl.client.TargetAuthenticationStrategy - Challenge for Negotiate authentication scheme not available
19:15:48.073 [main] DEBUG org.apache.http.impl.client.TargetAuthenticationStrategy - Challenge for Kerberos authentication scheme not available
19:15:48.073 [main] DEBUG org.apache.http.impl.client.TargetAuthenticationStrategy - Challenge for NTLM authentication scheme not available
19:15:48.073 [main] DEBUG org.apache.http.impl.client.TargetAuthenticationStrategy - Challenge for CredSSP authentication scheme not available
19:15:48.073 [main] DEBUG org.apache.http.impl.client.TargetAuthenticationStrategy - Challenge for Digest authentication scheme not available
19:15:48.073 [main] DEBUG org.apache.http.impl.client.DefaultHttpClient - Selected authentication options: [BASIC [complete=true]]
19:15:48.073 [main] DEBUG org.apache.http.wire -  << "49[\r][\n]"
19:15:48.073 [main] DEBUG org.apache.http.wire -  << "{"jsonrpc":"2.0","error":{"code":401,"message":"Unauthorized"},"id":null}"
19:15:48.073 [main] DEBUG org.apache.http.wire -  << "[\r][\n]"
19:15:48.073 [main] DEBUG org.apache.http.wire -  << "0[\r][\n]"
19:15:48.073 [main] DEBUG org.apache.http.wire -  << "[\r][\n]"
19:15:48.073 [main] DEBUG org.apache.http.client.protocol.RequestAddCookies - CookieSpec selected: ignoreCookies
19:15:48.073 [main] DEBUG org.apache.http.client.protocol.RequestAuthCache - Auth cache not set in the context
19:15:48.073 [main] DEBUG org.apache.http.client.protocol.RequestTargetAuthentication - Target auth state: CHALLENGED
19:15:48.073 [main] DEBUG org.apache.http.client.protocol.RequestTargetAuthentication - Generating response to an authentication challenge using basic scheme
19:15:48.073 [main] DEBUG org.apache.http.client.protocol.RequestProxyAuthentication - Proxy auth state: UNCHALLENGED
19:15:48.073 [main] DEBUG org.apache.http.impl.client.DefaultHttpClient - Attempt 2 to execute request
19:15:48.073 [main] DEBUG org.apache.http.impl.conn.DefaultClientConnection - Sending request: DELETE /jsonrpc.php HTTP/1.1
19:15:48.073 [main] DEBUG org.apache.http.wire -  >> "DELETE /jsonrpc.php HTTP/1.1[\r][\n]"
19:15:48.073 [main] DEBUG org.apache.http.wire -  >> "Accept: */*[\r][\n]"
19:15:48.073 [main] DEBUG org.apache.http.wire -  >> "Content-Type: text/plain; charset=ISO-8859-1[\r][\n]"
19:15:48.073 [main] DEBUG org.apache.http.wire -  >> "Content-Length: 79[\r][\n]"
19:15:48.073 [main] DEBUG org.apache.http.wire -  >> "Host: localhost:81[\r][\n]"
19:15:48.073 [main] DEBUG org.apache.http.wire -  >> "Connection: Keep-Alive[\r][\n]"
19:15:48.073 [main] DEBUG org.apache.http.wire -  >> "User-Agent: Apache-HttpClient/4.5.13 (Java/17)[\r][\n]"
19:15:48.073 [main] DEBUG org.apache.http.wire -  >> "Authorization: Basic a3lyeWxvQVBJVGVzdExvZ2luOmt5cnlsb0FQSVRlc3RQYXNzd29yZA==[\r][\n]"
19:15:48.073 [main] DEBUG org.apache.http.wire -  >> "Accept-Encoding: gzip,deflate[\r][\n]"
19:15:48.073 [main] DEBUG org.apache.http.wire -  >> "[\r][\n]"
19:15:48.073 [main] DEBUG org.apache.http.headers - >> DELETE /jsonrpc.php HTTP/1.1
19:15:48.073 [main] DEBUG org.apache.http.headers - >> Accept: */*
19:15:48.073 [main] DEBUG org.apache.http.headers - >> Content-Type: text/plain; charset=ISO-8859-1
19:15:48.073 [main] DEBUG org.apache.http.headers - >> Content-Length: 79
19:15:48.073 [main] DEBUG org.apache.http.headers - >> Host: localhost:81
19:15:48.073 [main] DEBUG org.apache.http.headers - >> Connection: Keep-Alive
19:15:48.073 [main] DEBUG org.apache.http.headers - >> User-Agent: Apache-HttpClient/4.5.13 (Java/17)
19:15:48.073 [main] DEBUG org.apache.http.headers - >> Authorization: Basic a3lyeWxvQVBJVGVzdExvZ2luOmt5cnlsb0FQSVRlc3RQYXNzd29yZA==
19:15:48.073 [main] DEBUG org.apache.http.headers - >> Accept-Encoding: gzip,deflate
19:15:48.073 [main] DEBUG org.apache.http.wire -  >> "{"jsonrpc":"2.0","method":"removeProject","id":567,"params":{"project_id":265}}"
19:15:48.196 [main] DEBUG org.apache.http.wire -  << "HTTP/1.1 200 OK[\r][\n]"
19:15:48.196 [main] DEBUG org.apache.http.wire -  << "Server: nginx[\r][\n]"
19:15:48.196 [main] DEBUG org.apache.http.wire -  << "Date: Wed, 26 Jul 2023 16:15:48 GMT[\r][\n]"
19:15:48.196 [main] DEBUG org.apache.http.wire -  << "Content-Type: application/json[\r][\n]"
19:15:48.196 [main] DEBUG org.apache.http.wire -  << "Transfer-Encoding: chunked[\r][\n]"
19:15:48.196 [main] DEBUG org.apache.http.wire -  << "Connection: keep-alive[\r][\n]"
19:15:48.196 [main] DEBUG org.apache.http.wire -  << "Vary: Accept-Encoding[\r][\n]"
19:15:48.196 [main] DEBUG org.apache.http.wire -  << "Content-Encoding: gzip[\r][\n]"
19:15:48.196 [main] DEBUG org.apache.http.wire -  << "[\r][\n]"
19:15:48.196 [main] DEBUG org.apache.http.impl.conn.DefaultClientConnection - Receiving response: HTTP/1.1 200 OK
19:15:48.196 [main] DEBUG org.apache.http.headers - << HTTP/1.1 200 OK
19:15:48.196 [main] DEBUG org.apache.http.headers - << Server: nginx
19:15:48.196 [main] DEBUG org.apache.http.headers - << Date: Wed, 26 Jul 2023 16:15:48 GMT
19:15:48.196 [main] DEBUG org.apache.http.headers - << Content-Type: application/json
19:15:48.196 [main] DEBUG org.apache.http.headers - << Transfer-Encoding: chunked
19:15:48.196 [main] DEBUG org.apache.http.headers - << Connection: keep-alive
19:15:48.196 [main] DEBUG org.apache.http.headers - << Vary: Accept-Encoding
19:15:48.196 [main] DEBUG org.apache.http.headers - << Content-Encoding: gzip
19:15:48.196 [main] DEBUG org.apache.http.impl.client.DefaultHttpClient - Connection can be kept alive indefinitely
19:15:48.196 [main] DEBUG org.apache.http.impl.client.DefaultHttpClient - Authentication succeeded
19:15:48.196 [main] DEBUG org.apache.http.impl.client.TargetAuthenticationStrategy - Caching 'basic' auth scheme for http://localhost:81
19:15:48.197 [main] DEBUG io.restassured.internal.RestAssuredHttpBuilder - Parsing response as: application/json
19:15:48.197 [main] DEBUG org.apache.http.wire -  << "3c[\r][\n]"
19:15:48.197 [main] DEBUG org.apache.http.wire -  << "[0x1f][0x8b][0x8][0x0][0x0][0x0][0x0][0x0][0x0][0x3][0xab]V[0xca]*[0xce][0xcf]+*HV[0xb2]R2[0xd2]3P[0xd2]Q*J-.[0xcd])Q[0xb2]*)*M[0xd5]Q[0xca]LQ[0xb2]253[0xaf][0x5][0x0][0xe0][0xd7]6X([0x0][0x0][0x0]"
19:15:48.197 [main] DEBUG org.apache.http.wire -  << "[\r][\n]"
19:15:48.197 [main] DEBUG org.apache.http.wire -  << "0[\r][\n]"
19:15:48.197 [main] DEBUG org.apache.http.wire -  << "[\r][\n]"
19:15:48.197 [main] DEBUG io.restassured.internal.RestAssuredHttpBuilder - Parsed data to instance of: class org.apache.http.conn.EofSensorInputStream
19:15:48.197 [main] DEBUG org.apache.http.impl.conn.BasicClientConnectionManager - Releasing connection org.apache.http.impl.conn.ManagedClientConnectionImpl@7e5c8c80
19:15:48.197 [main] DEBUG org.apache.http.impl.conn.BasicClientConnectionManager - Connection can be kept alive indefinitely
{
    "jsonrpc": "2.0",
    "result": true,
    "id": 567
}
{
    "jsonrpc": "2.0",
    "result": true,
    "id": 567
}
]]></system-out>
  </testcase>
  <testcase name="createTaskValid" classname="API.tests.TaskTest" time="0.396">
    <system-out><![CDATA[Request method:	DELETE
Request URI:	http://localhost:81/jsonrpc.php
Proxy:			<none>
Request params:	<none>
Query params:	<none>
Form params:	<none>
Path params:	<none>
Headers:		Accept=*/*
				Content-Type=text/plain; charset=ISO-8859-1
Cookies:		<none>
Multiparts:		<none>
Body:
{"jsonrpc":"2.0","method":"removeUser","id":234,"params":{"user_id":391}}
19:15:48.213 [main] DEBUG org.apache.http.impl.conn.BasicClientConnectionManager - Get connection for route {}->http://localhost:81
19:15:48.213 [main] DEBUG org.apache.http.impl.conn.DefaultClientConnectionOperator - Connecting to localhost:81
19:15:48.215 [main] DEBUG org.apache.http.client.protocol.RequestAddCookies - CookieSpec selected: ignoreCookies
19:15:48.215 [main] DEBUG org.apache.http.client.protocol.RequestAuthCache - Auth cache not set in the context
19:15:48.215 [main] DEBUG org.apache.http.client.protocol.RequestTargetAuthentication - Target auth state: UNCHALLENGED
19:15:48.215 [main] DEBUG org.apache.http.client.protocol.RequestProxyAuthentication - Proxy auth state: UNCHALLENGED
19:15:48.215 [main] DEBUG org.apache.http.impl.client.DefaultHttpClient - Attempt 1 to execute request
19:15:48.215 [main] DEBUG org.apache.http.impl.conn.DefaultClientConnection - Sending request: DELETE /jsonrpc.php HTTP/1.1
19:15:48.215 [main] DEBUG org.apache.http.wire -  >> "DELETE /jsonrpc.php HTTP/1.1[\r][\n]"
19:15:48.215 [main] DEBUG org.apache.http.wire -  >> "Accept: */*[\r][\n]"
19:15:48.215 [main] DEBUG org.apache.http.wire -  >> "Content-Type: text/plain; charset=ISO-8859-1[\r][\n]"
19:15:48.215 [main] DEBUG org.apache.http.wire -  >> "Content-Length: 73[\r][\n]"
19:15:48.215 [main] DEBUG org.apache.http.wire -  >> "Host: localhost:81[\r][\n]"
19:15:48.215 [main] DEBUG org.apache.http.wire -  >> "Connection: Keep-Alive[\r][\n]"
19:15:48.215 [main] DEBUG org.apache.http.wire -  >> "User-Agent: Apache-HttpClient/4.5.13 (Java/17)[\r][\n]"
19:15:48.215 [main] DEBUG org.apache.http.wire -  >> "Accept-Encoding: gzip,deflate[\r][\n]"
19:15:48.215 [main] DEBUG org.apache.http.wire -  >> "[\r][\n]"
19:15:48.215 [main] DEBUG org.apache.http.headers - >> DELETE /jsonrpc.php HTTP/1.1
19:15:48.215 [main] DEBUG org.apache.http.headers - >> Accept: */*
19:15:48.215 [main] DEBUG org.apache.http.headers - >> Content-Type: text/plain; charset=ISO-8859-1
19:15:48.215 [main] DEBUG org.apache.http.headers - >> Content-Length: 73
19:15:48.215 [main] DEBUG org.apache.http.headers - >> Host: localhost:81
19:15:48.215 [main] DEBUG org.apache.http.headers - >> Connection: Keep-Alive
19:15:48.215 [main] DEBUG org.apache.http.headers - >> User-Agent: Apache-HttpClient/4.5.13 (Java/17)
19:15:48.215 [main] DEBUG org.apache.http.headers - >> Accept-Encoding: gzip,deflate
19:15:48.215 [main] DEBUG org.apache.http.wire -  >> "{"jsonrpc":"2.0","method":"removeUser","id":234,"params":{"user_id":391}}"
19:15:48.221 [main] DEBUG org.apache.http.wire -  << "HTTP/1.1 401 Unauthorized[\r][\n]"
19:15:48.221 [main] DEBUG org.apache.http.wire -  << "Server: nginx[\r][\n]"
19:15:48.221 [main] DEBUG org.apache.http.wire -  << "Date: Wed, 26 Jul 2023 16:15:48 GMT[\r][\n]"
19:15:48.221 [main] DEBUG org.apache.http.wire -  << "Content-Type: application/json[\r][\n]"
19:15:48.221 [main] DEBUG org.apache.http.wire -  << "Transfer-Encoding: chunked[\r][\n]"
19:15:48.221 [main] DEBUG org.apache.http.wire -  << "Connection: keep-alive[\r][\n]"
19:15:48.221 [main] DEBUG org.apache.http.wire -  << "WWW-Authenticate: Basic realm="JsonRPC"[\r][\n]"
19:15:48.221 [main] DEBUG org.apache.http.wire -  << "[\r][\n]"
19:15:48.221 [main] DEBUG org.apache.http.impl.conn.DefaultClientConnection - Receiving response: HTTP/1.1 401 Unauthorized
19:15:48.221 [main] DEBUG org.apache.http.headers - << HTTP/1.1 401 Unauthorized
19:15:48.221 [main] DEBUG org.apache.http.headers - << Server: nginx
19:15:48.221 [main] DEBUG org.apache.http.headers - << Date: Wed, 26 Jul 2023 16:15:48 GMT
19:15:48.221 [main] DEBUG org.apache.http.headers - << Content-Type: application/json
19:15:48.221 [main] DEBUG org.apache.http.headers - << Transfer-Encoding: chunked
19:15:48.221 [main] DEBUG org.apache.http.headers - << Connection: keep-alive
19:15:48.221 [main] DEBUG org.apache.http.headers - << WWW-Authenticate: Basic realm="JsonRPC"
19:15:48.221 [main] DEBUG org.apache.http.impl.client.DefaultHttpClient - Connection can be kept alive indefinitely
19:15:48.221 [main] DEBUG org.apache.http.impl.client.DefaultHttpClient - Authentication required
19:15:48.221 [main] DEBUG org.apache.http.impl.client.DefaultHttpClient - localhost:81 requested authentication
19:15:48.221 [main] DEBUG org.apache.http.impl.client.TargetAuthenticationStrategy - Authentication schemes in the order of preference: [Negotiate, Kerberos, NTLM, CredSSP, Digest, Basic]
19:15:48.221 [main] DEBUG org.apache.http.impl.client.TargetAuthenticationStrategy - Challenge for Negotiate authentication scheme not available
19:15:48.221 [main] DEBUG org.apache.http.impl.client.TargetAuthenticationStrategy - Challenge for Kerberos authentication scheme not available
19:15:48.221 [main] DEBUG org.apache.http.impl.client.TargetAuthenticationStrategy - Challenge for NTLM authentication scheme not available
19:15:48.221 [main] DEBUG org.apache.http.impl.client.TargetAuthenticationStrategy - Challenge for CredSSP authentication scheme not available
19:15:48.221 [main] DEBUG org.apache.http.impl.client.TargetAuthenticationStrategy - Challenge for Digest authentication scheme not available
19:15:48.221 [main] DEBUG org.apache.http.impl.client.DefaultHttpClient - Selected authentication options: [BASIC [complete=true]]
19:15:48.221 [main] DEBUG org.apache.http.wire -  << "49[\r][\n]"
19:15:48.221 [main] DEBUG org.apache.http.wire -  << "{"jsonrpc":"2.0","error":{"code":401,"message":"Unauthorized"},"id":null}"
19:15:48.221 [main] DEBUG org.apache.http.wire -  << "[\r][\n]"
19:15:48.221 [main] DEBUG org.apache.http.wire -  << "0[\r][\n]"
19:15:48.221 [main] DEBUG org.apache.http.wire -  << "[\r][\n]"
19:15:48.221 [main] DEBUG org.apache.http.client.protocol.RequestAddCookies - CookieSpec selected: ignoreCookies
19:15:48.221 [main] DEBUG org.apache.http.client.protocol.RequestAuthCache - Auth cache not set in the context
19:15:48.221 [main] DEBUG org.apache.http.client.protocol.RequestTargetAuthentication - Target auth state: CHALLENGED
19:15:48.221 [main] DEBUG org.apache.http.client.protocol.RequestTargetAuthentication - Generating response to an authentication challenge using basic scheme
19:15:48.222 [main] DEBUG org.apache.http.client.protocol.RequestProxyAuthentication - Proxy auth state: UNCHALLENGED
19:15:48.222 [main] DEBUG org.apache.http.impl.client.DefaultHttpClient - Attempt 2 to execute request
19:15:48.222 [main] DEBUG org.apache.http.impl.conn.DefaultClientConnection - Sending request: DELETE /jsonrpc.php HTTP/1.1
19:15:48.222 [main] DEBUG org.apache.http.wire -  >> "DELETE /jsonrpc.php HTTP/1.1[\r][\n]"
19:15:48.222 [main] DEBUG org.apache.http.wire -  >> "Accept: */*[\r][\n]"
19:15:48.222 [main] DEBUG org.apache.http.wire -  >> "Content-Type: text/plain; charset=ISO-8859-1[\r][\n]"
19:15:48.222 [main] DEBUG org.apache.http.wire -  >> "Content-Length: 73[\r][\n]"
19:15:48.222 [main] DEBUG org.apache.http.wire -  >> "Host: localhost:81[\r][\n]"
19:15:48.222 [main] DEBUG org.apache.http.wire -  >> "Connection: Keep-Alive[\r][\n]"
19:15:48.222 [main] DEBUG org.apache.http.wire -  >> "User-Agent: Apache-HttpClient/4.5.13 (Java/17)[\r][\n]"
19:15:48.222 [main] DEBUG org.apache.http.wire -  >> "Authorization: Basic YWRtaW46YWRtaW4=[\r][\n]"
19:15:48.222 [main] DEBUG org.apache.http.wire -  >> "Accept-Encoding: gzip,deflate[\r][\n]"
19:15:48.222 [main] DEBUG org.apache.http.wire -  >> "[\r][\n]"
19:15:48.222 [main] DEBUG org.apache.http.headers - >> DELETE /jsonrpc.php HTTP/1.1
19:15:48.222 [main] DEBUG org.apache.http.headers - >> Accept: */*
19:15:48.222 [main] DEBUG org.apache.http.headers - >> Content-Type: text/plain; charset=ISO-8859-1
19:15:48.222 [main] DEBUG org.apache.http.headers - >> Content-Length: 73
19:15:48.222 [main] DEBUG org.apache.http.headers - >> Host: localhost:81
19:15:48.222 [main] DEBUG org.apache.http.headers - >> Connection: Keep-Alive
19:15:48.222 [main] DEBUG org.apache.http.headers - >> User-Agent: Apache-HttpClient/4.5.13 (Java/17)
19:15:48.222 [main] DEBUG org.apache.http.headers - >> Authorization: Basic YWRtaW46YWRtaW4=
19:15:48.222 [main] DEBUG org.apache.http.headers - >> Accept-Encoding: gzip,deflate
19:15:48.222 [main] DEBUG org.apache.http.wire -  >> "{"jsonrpc":"2.0","method":"removeUser","id":234,"params":{"user_id":391}}"
19:15:48.310 [main] DEBUG org.apache.http.wire -  << "HTTP/1.1 200 OK[\r][\n]"
19:15:48.310 [main] DEBUG org.apache.http.wire -  << "Server: nginx[\r][\n]"
19:15:48.310 [main] DEBUG org.apache.http.wire -  << "Date: Wed, 26 Jul 2023 16:15:48 GMT[\r][\n]"
19:15:48.310 [main] DEBUG org.apache.http.wire -  << "Content-Type: application/json[\r][\n]"
19:15:48.310 [main] DEBUG org.apache.http.wire -  << "Transfer-Encoding: chunked[\r][\n]"
19:15:48.310 [main] DEBUG org.apache.http.wire -  << "Connection: keep-alive[\r][\n]"
19:15:48.310 [main] DEBUG org.apache.http.wire -  << "Vary: Accept-Encoding[\r][\n]"
19:15:48.310 [main] DEBUG org.apache.http.wire -  << "Content-Encoding: gzip[\r][\n]"
19:15:48.310 [main] DEBUG org.apache.http.wire -  << "[\r][\n]"
19:15:48.310 [main] DEBUG org.apache.http.impl.conn.DefaultClientConnection - Receiving response: HTTP/1.1 200 OK
19:15:48.310 [main] DEBUG org.apache.http.headers - << HTTP/1.1 200 OK
19:15:48.310 [main] DEBUG org.apache.http.headers - << Server: nginx
19:15:48.310 [main] DEBUG org.apache.http.headers - << Date: Wed, 26 Jul 2023 16:15:48 GMT
19:15:48.310 [main] DEBUG org.apache.http.headers - << Content-Type: application/json
19:15:48.310 [main] DEBUG org.apache.http.headers - << Transfer-Encoding: chunked
19:15:48.310 [main] DEBUG org.apache.http.headers - << Connection: keep-alive
19:15:48.310 [main] DEBUG org.apache.http.headers - << Vary: Accept-Encoding
19:15:48.310 [main] DEBUG org.apache.http.headers - << Content-Encoding: gzip
19:15:48.310 [main] DEBUG org.apache.http.impl.client.DefaultHttpClient - Connection can be kept alive indefinitely
19:15:48.310 [main] DEBUG org.apache.http.impl.client.DefaultHttpClient - Authentication succeeded
19:15:48.310 [main] DEBUG org.apache.http.impl.client.TargetAuthenticationStrategy - Caching 'basic' auth scheme for http://localhost:81
19:15:48.311 [main] DEBUG io.restassured.internal.RestAssuredHttpBuilder - Parsing response as: application/json
19:15:48.311 [main] DEBUG org.apache.http.wire -  << "3c[\r][\n]"
19:15:48.311 [main] DEBUG org.apache.http.wire -  << "[0x1f][0x8b][0x8][0x0][0x0][0x0][0x0][0x0][0x0][0x3][0xab]V[0xca]*[0xce][0xcf]+*HV[0xb2]R2[0xd2]3P[0xd2]Q*J-.[0xcd])Q[0xb2]*)*M[0xd5]Q[0xca]LQ[0xb2]226[0xa9][0x5][0x0]q~[0x7][0xe8]([0x0][0x0][0x0]"
19:15:48.311 [main] DEBUG org.apache.http.wire -  << "[\r][\n]"
19:15:48.311 [main] DEBUG org.apache.http.wire -  << "0[\r][\n]"
19:15:48.311 [main] DEBUG org.apache.http.wire -  << "[\r][\n]"
19:15:48.311 [main] DEBUG io.restassured.internal.RestAssuredHttpBuilder - Parsed data to instance of: class org.apache.http.conn.EofSensorInputStream
19:15:48.311 [main] DEBUG org.apache.http.impl.conn.BasicClientConnectionManager - Releasing connection org.apache.http.impl.conn.ManagedClientConnectionImpl@1dae9e61
19:15:48.311 [main] DEBUG org.apache.http.impl.conn.BasicClientConnectionManager - Connection can be kept alive indefinitely
{
    "jsonrpc": "2.0",
    "result": true,
    "id": 234
}
{
    "jsonrpc": "2.0",
    "result": true,
    "id": 234
}
Request method:	POST
Request URI:	http://localhost:81/jsonrpc.php
Proxy:			<none>
Request params:	<none>
Query params:	<none>
Form params:	<none>
Path params:	<none>
Headers:		Accept=*/*
				Content-Type=text/plain; charset=ISO-8859-1
Cookies:		<none>
Multiparts:		<none>
Body:
{"jsonrpc":"2.0","method":"createUser","id":123123,"params":{"username":"kyryloAPITestLogin","password":"kyryloAPITestPassword","name":"kyrylo","email":"kyryloAPITest@mail.com","role":"app-manager"}}
19:15:48.325 [main] DEBUG org.apache.http.impl.conn.BasicClientConnectionManager - Get connection for route {}->http://localhost:81
19:15:48.325 [main] DEBUG org.apache.http.impl.conn.DefaultClientConnectionOperator - Connecting to localhost:81
19:15:48.326 [main] DEBUG org.apache.http.client.protocol.RequestAddCookies - CookieSpec selected: ignoreCookies
19:15:48.326 [main] DEBUG org.apache.http.client.protocol.RequestAuthCache - Auth cache not set in the context
19:15:48.326 [main] DEBUG org.apache.http.client.protocol.RequestTargetAuthentication - Target auth state: UNCHALLENGED
19:15:48.326 [main] DEBUG org.apache.http.client.protocol.RequestProxyAuthentication - Proxy auth state: UNCHALLENGED
19:15:48.326 [main] DEBUG org.apache.http.impl.client.DefaultHttpClient - Attempt 1 to execute request
19:15:48.326 [main] DEBUG org.apache.http.impl.conn.DefaultClientConnection - Sending request: POST /jsonrpc.php HTTP/1.1
19:15:48.326 [main] DEBUG org.apache.http.wire -  >> "POST /jsonrpc.php HTTP/1.1[\r][\n]"
19:15:48.326 [main] DEBUG org.apache.http.wire -  >> "Accept: */*[\r][\n]"
19:15:48.326 [main] DEBUG org.apache.http.wire -  >> "Content-Type: text/plain; charset=ISO-8859-1[\r][\n]"
19:15:48.326 [main] DEBUG org.apache.http.wire -  >> "Content-Length: 199[\r][\n]"
19:15:48.326 [main] DEBUG org.apache.http.wire -  >> "Host: localhost:81[\r][\n]"
19:15:48.326 [main] DEBUG org.apache.http.wire -  >> "Connection: Keep-Alive[\r][\n]"
19:15:48.326 [main] DEBUG org.apache.http.wire -  >> "User-Agent: Apache-HttpClient/4.5.13 (Java/17)[\r][\n]"
19:15:48.326 [main] DEBUG org.apache.http.wire -  >> "Accept-Encoding: gzip,deflate[\r][\n]"
19:15:48.326 [main] DEBUG org.apache.http.wire -  >> "[\r][\n]"
19:15:48.326 [main] DEBUG org.apache.http.headers - >> POST /jsonrpc.php HTTP/1.1
19:15:48.326 [main] DEBUG org.apache.http.headers - >> Accept: */*
19:15:48.326 [main] DEBUG org.apache.http.headers - >> Content-Type: text/plain; charset=ISO-8859-1
19:15:48.326 [main] DEBUG org.apache.http.headers - >> Content-Length: 199
19:15:48.326 [main] DEBUG org.apache.http.headers - >> Host: localhost:81
19:15:48.326 [main] DEBUG org.apache.http.headers - >> Connection: Keep-Alive
19:15:48.326 [main] DEBUG org.apache.http.headers - >> User-Agent: Apache-HttpClient/4.5.13 (Java/17)
19:15:48.326 [main] DEBUG org.apache.http.headers - >> Accept-Encoding: gzip,deflate
19:15:48.326 [main] DEBUG org.apache.http.wire -  >> "{"jsonrpc":"2.0","method":"createUser","id":123123,"params":{"username":"kyryloAPITestLogin","password":"kyryloAPITestPassword","name":"kyrylo","email":"kyryloAPITest@mail.com","role":"app-manager"}}"
19:15:48.331 [main] DEBUG org.apache.http.wire -  << "HTTP/1.1 401 Unauthorized[\r][\n]"
19:15:48.331 [main] DEBUG org.apache.http.wire -  << "Server: nginx[\r][\n]"
19:15:48.331 [main] DEBUG org.apache.http.wire -  << "Date: Wed, 26 Jul 2023 16:15:48 GMT[\r][\n]"
19:15:48.331 [main] DEBUG org.apache.http.wire -  << "Content-Type: application/json[\r][\n]"
19:15:48.331 [main] DEBUG org.apache.http.wire -  << "Transfer-Encoding: chunked[\r][\n]"
19:15:48.331 [main] DEBUG org.apache.http.wire -  << "Connection: keep-alive[\r][\n]"
19:15:48.331 [main] DEBUG org.apache.http.wire -  << "WWW-Authenticate: Basic realm="JsonRPC"[\r][\n]"
19:15:48.331 [main] DEBUG org.apache.http.wire -  << "[\r][\n]"
19:15:48.331 [main] DEBUG org.apache.http.impl.conn.DefaultClientConnection - Receiving response: HTTP/1.1 401 Unauthorized
19:15:48.331 [main] DEBUG org.apache.http.headers - << HTTP/1.1 401 Unauthorized
19:15:48.331 [main] DEBUG org.apache.http.headers - << Server: nginx
19:15:48.331 [main] DEBUG org.apache.http.headers - << Date: Wed, 26 Jul 2023 16:15:48 GMT
19:15:48.331 [main] DEBUG org.apache.http.headers - << Content-Type: application/json
19:15:48.331 [main] DEBUG org.apache.http.headers - << Transfer-Encoding: chunked
19:15:48.331 [main] DEBUG org.apache.http.headers - << Connection: keep-alive
19:15:48.331 [main] DEBUG org.apache.http.headers - << WWW-Authenticate: Basic realm="JsonRPC"
19:15:48.331 [main] DEBUG org.apache.http.impl.client.DefaultHttpClient - Connection can be kept alive indefinitely
19:15:48.331 [main] DEBUG org.apache.http.impl.client.DefaultHttpClient - Authentication required
19:15:48.331 [main] DEBUG org.apache.http.impl.client.DefaultHttpClient - localhost:81 requested authentication
19:15:48.331 [main] DEBUG org.apache.http.impl.client.TargetAuthenticationStrategy - Authentication schemes in the order of preference: [Negotiate, Kerberos, NTLM, CredSSP, Digest, Basic]
19:15:48.331 [main] DEBUG org.apache.http.impl.client.TargetAuthenticationStrategy - Challenge for Negotiate authentication scheme not available
19:15:48.331 [main] DEBUG org.apache.http.impl.client.TargetAuthenticationStrategy - Challenge for Kerberos authentication scheme not available
19:15:48.331 [main] DEBUG org.apache.http.impl.client.TargetAuthenticationStrategy - Challenge for NTLM authentication scheme not available
19:15:48.332 [main] DEBUG org.apache.http.impl.client.TargetAuthenticationStrategy - Challenge for CredSSP authentication scheme not available
19:15:48.332 [main] DEBUG org.apache.http.impl.client.TargetAuthenticationStrategy - Challenge for Digest authentication scheme not available
19:15:48.332 [main] DEBUG org.apache.http.impl.client.DefaultHttpClient - Selected authentication options: [BASIC [complete=true]]
19:15:48.332 [main] DEBUG org.apache.http.wire -  << "49[\r][\n]"
19:15:48.332 [main] DEBUG org.apache.http.wire -  << "{"jsonrpc":"2.0","error":{"code":401,"message":"Unauthorized"},"id":null}"
19:15:48.332 [main] DEBUG org.apache.http.wire -  << "[\r][\n]"
19:15:48.332 [main] DEBUG org.apache.http.wire -  << "0[\r][\n]"
19:15:48.332 [main] DEBUG org.apache.http.wire -  << "[\r][\n]"
19:15:48.332 [main] DEBUG org.apache.http.client.protocol.RequestAddCookies - CookieSpec selected: ignoreCookies
19:15:48.332 [main] DEBUG org.apache.http.client.protocol.RequestAuthCache - Auth cache not set in the context
19:15:48.332 [main] DEBUG org.apache.http.client.protocol.RequestTargetAuthentication - Target auth state: CHALLENGED
19:15:48.332 [main] DEBUG org.apache.http.client.protocol.RequestTargetAuthentication - Generating response to an authentication challenge using basic scheme
19:15:48.332 [main] DEBUG org.apache.http.client.protocol.RequestProxyAuthentication - Proxy auth state: UNCHALLENGED
19:15:48.332 [main] DEBUG org.apache.http.impl.client.DefaultHttpClient - Attempt 2 to execute request
19:15:48.332 [main] DEBUG org.apache.http.impl.conn.DefaultClientConnection - Sending request: POST /jsonrpc.php HTTP/1.1
19:15:48.332 [main] DEBUG org.apache.http.wire -  >> "POST /jsonrpc.php HTTP/1.1[\r][\n]"
19:15:48.332 [main] DEBUG org.apache.http.wire -  >> "Accept: */*[\r][\n]"
19:15:48.332 [main] DEBUG org.apache.http.wire -  >> "Content-Type: text/plain; charset=ISO-8859-1[\r][\n]"
19:15:48.332 [main] DEBUG org.apache.http.wire -  >> "Content-Length: 199[\r][\n]"
19:15:48.332 [main] DEBUG org.apache.http.wire -  >> "Host: localhost:81[\r][\n]"
19:15:48.332 [main] DEBUG org.apache.http.wire -  >> "Connection: Keep-Alive[\r][\n]"
19:15:48.332 [main] DEBUG org.apache.http.wire -  >> "User-Agent: Apache-HttpClient/4.5.13 (Java/17)[\r][\n]"
19:15:48.332 [main] DEBUG org.apache.http.wire -  >> "Authorization: Basic YWRtaW46YWRtaW4=[\r][\n]"
19:15:48.332 [main] DEBUG org.apache.http.wire -  >> "Accept-Encoding: gzip,deflate[\r][\n]"
19:15:48.332 [main] DEBUG org.apache.http.wire -  >> "[\r][\n]"
19:15:48.332 [main] DEBUG org.apache.http.headers - >> POST /jsonrpc.php HTTP/1.1
19:15:48.332 [main] DEBUG org.apache.http.headers - >> Accept: */*
19:15:48.332 [main] DEBUG org.apache.http.headers - >> Content-Type: text/plain; charset=ISO-8859-1
19:15:48.332 [main] DEBUG org.apache.http.headers - >> Content-Length: 199
19:15:48.332 [main] DEBUG org.apache.http.headers - >> Host: localhost:81
19:15:48.332 [main] DEBUG org.apache.http.headers - >> Connection: Keep-Alive
19:15:48.332 [main] DEBUG org.apache.http.headers - >> User-Agent: Apache-HttpClient/4.5.13 (Java/17)
19:15:48.332 [main] DEBUG org.apache.http.headers - >> Authorization: Basic YWRtaW46YWRtaW4=
19:15:48.332 [main] DEBUG org.apache.http.headers - >> Accept-Encoding: gzip,deflate
19:15:48.332 [main] DEBUG org.apache.http.wire -  >> "{"jsonrpc":"2.0","method":"createUser","id":123123,"params":{"username":"kyryloAPITestLogin","password":"kyryloAPITestPassword","name":"kyrylo","email":"kyryloAPITest@mail.com","role":"app-manager"}}"
19:15:48.474 [main] DEBUG org.apache.http.wire -  << "HTTP/1.1 200 OK[\r][\n]"
19:15:48.474 [main] DEBUG org.apache.http.wire -  << "Server: nginx[\r][\n]"
19:15:48.474 [main] DEBUG org.apache.http.wire -  << "Date: Wed, 26 Jul 2023 16:15:48 GMT[\r][\n]"
19:15:48.474 [main] DEBUG org.apache.http.wire -  << "Content-Type: application/json[\r][\n]"
19:15:48.474 [main] DEBUG org.apache.http.wire -  << "Transfer-Encoding: chunked[\r][\n]"
19:15:48.474 [main] DEBUG org.apache.http.wire -  << "Connection: keep-alive[\r][\n]"
19:15:48.474 [main] DEBUG org.apache.http.wire -  << "Vary: Accept-Encoding[\r][\n]"
19:15:48.474 [main] DEBUG org.apache.http.wire -  << "Content-Encoding: gzip[\r][\n]"
19:15:48.474 [main] DEBUG org.apache.http.wire -  << "[\r][\n]"
19:15:48.474 [main] DEBUG org.apache.http.impl.conn.DefaultClientConnection - Receiving response: HTTP/1.1 200 OK
19:15:48.474 [main] DEBUG org.apache.http.headers - << HTTP/1.1 200 OK
19:15:48.474 [main] DEBUG org.apache.http.headers - << Server: nginx
19:15:48.474 [main] DEBUG org.apache.http.headers - << Date: Wed, 26 Jul 2023 16:15:48 GMT
19:15:48.474 [main] DEBUG org.apache.http.headers - << Content-Type: application/json
19:15:48.474 [main] DEBUG org.apache.http.headers - << Transfer-Encoding: chunked
19:15:48.474 [main] DEBUG org.apache.http.headers - << Connection: keep-alive
19:15:48.474 [main] DEBUG org.apache.http.headers - << Vary: Accept-Encoding
19:15:48.474 [main] DEBUG org.apache.http.headers - << Content-Encoding: gzip
19:15:48.474 [main] DEBUG org.apache.http.impl.client.DefaultHttpClient - Connection can be kept alive indefinitely
19:15:48.474 [main] DEBUG org.apache.http.impl.client.DefaultHttpClient - Authentication succeeded
19:15:48.474 [main] DEBUG org.apache.http.impl.client.TargetAuthenticationStrategy - Caching 'basic' auth scheme for http://localhost:81
19:15:48.475 [main] DEBUG io.restassured.internal.RestAssuredHttpBuilder - Parsing response as: application/json
19:15:48.475 [main] DEBUG org.apache.http.wire -  << "3c[\r][\n]"
19:15:48.475 [main] DEBUG org.apache.http.wire -  << "[0x1f][0x8b][0x8][0x0][0x0][0x0][0x0][0x0][0x0][0x3][0xab]V[0xca]*[0xce][0xcf]+*HV[0xb2]R2[0xd2]3P[0xd2]Q*J-.[0xcd])Q[0xb2]2[0xb6]4[0xd2]Q[0xca]LQ[0xb2]242[0x6][0xa2]Z[0x0][0x98]k[0x14]f*[0x0][0x0][0x0]"
19:15:48.475 [main] DEBUG org.apache.http.wire -  << "[\r][\n]"
19:15:48.475 [main] DEBUG org.apache.http.wire -  << "0[\r][\n]"
19:15:48.475 [main] DEBUG org.apache.http.wire -  << "[\r][\n]"
19:15:48.475 [main] DEBUG io.restassured.internal.RestAssuredHttpBuilder - Parsed data to instance of: class org.apache.http.conn.EofSensorInputStream
19:15:48.477 [main] DEBUG org.apache.http.impl.conn.BasicClientConnectionManager - Releasing connection org.apache.http.impl.conn.ManagedClientConnectionImpl@d863bb
19:15:48.478 [main] DEBUG org.apache.http.impl.conn.BasicClientConnectionManager - Connection can be kept alive indefinitely
{
    "jsonrpc": "2.0",
    "result": 392,
    "id": 123123
}
{
    "jsonrpc": "2.0",
    "result": 392,
    "id": 123123
}
Request method:	POST
Request URI:	http://localhost:81/jsonrpc.php
Proxy:			<none>
Request params:	<none>
Query params:	<none>
Form params:	<none>
Path params:	<none>
Headers:		Accept=*/*
				Content-Type=text/plain; charset=ISO-8859-1
Cookies:		<none>
Multiparts:		<none>
Body:
{"jsonrpc":"2.0","method":"createProject","id":345,"params":{"name":"API_Project","description":"API_Project Description","owner_id":392}}
19:15:48.495 [main] DEBUG org.apache.http.impl.conn.BasicClientConnectionManager - Get connection for route {}->http://localhost:81
19:15:48.495 [main] DEBUG org.apache.http.impl.conn.DefaultClientConnectionOperator - Connecting to localhost:81
19:15:48.496 [main] DEBUG org.apache.http.client.protocol.RequestAddCookies - CookieSpec selected: ignoreCookies
19:15:48.496 [main] DEBUG org.apache.http.client.protocol.RequestAuthCache - Auth cache not set in the context
19:15:48.496 [main] DEBUG org.apache.http.client.protocol.RequestTargetAuthentication - Target auth state: UNCHALLENGED
19:15:48.496 [main] DEBUG org.apache.http.client.protocol.RequestProxyAuthentication - Proxy auth state: UNCHALLENGED
19:15:48.496 [main] DEBUG org.apache.http.impl.client.DefaultHttpClient - Attempt 1 to execute request
19:15:48.496 [main] DEBUG org.apache.http.impl.conn.DefaultClientConnection - Sending request: POST /jsonrpc.php HTTP/1.1
19:15:48.496 [main] DEBUG org.apache.http.wire -  >> "POST /jsonrpc.php HTTP/1.1[\r][\n]"
19:15:48.496 [main] DEBUG org.apache.http.wire -  >> "Accept: */*[\r][\n]"
19:15:48.496 [main] DEBUG org.apache.http.wire -  >> "Content-Type: text/plain; charset=ISO-8859-1[\r][\n]"
19:15:48.496 [main] DEBUG org.apache.http.wire -  >> "Content-Length: 138[\r][\n]"
19:15:48.496 [main] DEBUG org.apache.http.wire -  >> "Host: localhost:81[\r][\n]"
19:15:48.496 [main] DEBUG org.apache.http.wire -  >> "Connection: Keep-Alive[\r][\n]"
19:15:48.496 [main] DEBUG org.apache.http.wire -  >> "User-Agent: Apache-HttpClient/4.5.13 (Java/17)[\r][\n]"
19:15:48.496 [main] DEBUG org.apache.http.wire -  >> "Accept-Encoding: gzip,deflate[\r][\n]"
19:15:48.496 [main] DEBUG org.apache.http.wire -  >> "[\r][\n]"
19:15:48.496 [main] DEBUG org.apache.http.headers - >> POST /jsonrpc.php HTTP/1.1
19:15:48.496 [main] DEBUG org.apache.http.headers - >> Accept: */*
19:15:48.496 [main] DEBUG org.apache.http.headers - >> Content-Type: text/plain; charset=ISO-8859-1
19:15:48.496 [main] DEBUG org.apache.http.headers - >> Content-Length: 138
19:15:48.496 [main] DEBUG org.apache.http.headers - >> Host: localhost:81
19:15:48.496 [main] DEBUG org.apache.http.headers - >> Connection: Keep-Alive
19:15:48.496 [main] DEBUG org.apache.http.headers - >> User-Agent: Apache-HttpClient/4.5.13 (Java/17)
19:15:48.496 [main] DEBUG org.apache.http.headers - >> Accept-Encoding: gzip,deflate
19:15:48.496 [main] DEBUG org.apache.http.wire -  >> "{"jsonrpc":"2.0","method":"createProject","id":345,"params":{"name":"API_Project","description":"API_Project Description","owner_id":392}}"
19:15:48.504 [main] DEBUG org.apache.http.wire -  << "HTTP/1.1 401 Unauthorized[\r][\n]"
19:15:48.505 [main] DEBUG org.apache.http.wire -  << "Server: nginx[\r][\n]"
19:15:48.505 [main] DEBUG org.apache.http.wire -  << "Date: Wed, 26 Jul 2023 16:15:48 GMT[\r][\n]"
19:15:48.505 [main] DEBUG org.apache.http.wire -  << "Content-Type: application/json[\r][\n]"
19:15:48.505 [main] DEBUG org.apache.http.wire -  << "Transfer-Encoding: chunked[\r][\n]"
19:15:48.505 [main] DEBUG org.apache.http.wire -  << "Connection: keep-alive[\r][\n]"
19:15:48.505 [main] DEBUG org.apache.http.wire -  << "WWW-Authenticate: Basic realm="JsonRPC"[\r][\n]"
19:15:48.505 [main] DEBUG org.apache.http.wire -  << "[\r][\n]"
19:15:48.505 [main] DEBUG org.apache.http.impl.conn.DefaultClientConnection - Receiving response: HTTP/1.1 401 Unauthorized
19:15:48.505 [main] DEBUG org.apache.http.headers - << HTTP/1.1 401 Unauthorized
19:15:48.505 [main] DEBUG org.apache.http.headers - << Server: nginx
19:15:48.505 [main] DEBUG org.apache.http.headers - << Date: Wed, 26 Jul 2023 16:15:48 GMT
19:15:48.505 [main] DEBUG org.apache.http.headers - << Content-Type: application/json
19:15:48.505 [main] DEBUG org.apache.http.headers - << Transfer-Encoding: chunked
19:15:48.505 [main] DEBUG org.apache.http.headers - << Connection: keep-alive
19:15:48.505 [main] DEBUG org.apache.http.headers - << WWW-Authenticate: Basic realm="JsonRPC"
19:15:48.505 [main] DEBUG org.apache.http.impl.client.DefaultHttpClient - Connection can be kept alive indefinitely
19:15:48.505 [main] DEBUG org.apache.http.impl.client.DefaultHttpClient - Authentication required
19:15:48.505 [main] DEBUG org.apache.http.impl.client.DefaultHttpClient - localhost:81 requested authentication
19:15:48.505 [main] DEBUG org.apache.http.impl.client.TargetAuthenticationStrategy - Authentication schemes in the order of preference: [Negotiate, Kerberos, NTLM, CredSSP, Digest, Basic]
19:15:48.505 [main] DEBUG org.apache.http.impl.client.TargetAuthenticationStrategy - Challenge for Negotiate authentication scheme not available
19:15:48.505 [main] DEBUG org.apache.http.impl.client.TargetAuthenticationStrategy - Challenge for Kerberos authentication scheme not available
19:15:48.505 [main] DEBUG org.apache.http.impl.client.TargetAuthenticationStrategy - Challenge for NTLM authentication scheme not available
19:15:48.505 [main] DEBUG org.apache.http.impl.client.TargetAuthenticationStrategy - Challenge for CredSSP authentication scheme not available
19:15:48.505 [main] DEBUG org.apache.http.impl.client.TargetAuthenticationStrategy - Challenge for Digest authentication scheme not available
19:15:48.505 [main] DEBUG org.apache.http.impl.client.DefaultHttpClient - Selected authentication options: [BASIC [complete=true]]
19:15:48.505 [main] DEBUG org.apache.http.wire -  << "49[\r][\n]"
19:15:48.505 [main] DEBUG org.apache.http.wire -  << "{"jsonrpc":"2.0","error":{"code":401,"message":"Unauthorized"},"id":null}"
19:15:48.505 [main] DEBUG org.apache.http.wire -  << "[\r][\n]"
19:15:48.505 [main] DEBUG org.apache.http.wire -  << "0[\r][\n]"
19:15:48.505 [main] DEBUG org.apache.http.wire -  << "[\r][\n]"
19:15:48.505 [main] DEBUG org.apache.http.client.protocol.RequestAddCookies - CookieSpec selected: ignoreCookies
19:15:48.505 [main] DEBUG org.apache.http.client.protocol.RequestAuthCache - Auth cache not set in the context
19:15:48.505 [main] DEBUG org.apache.http.client.protocol.RequestTargetAuthentication - Target auth state: CHALLENGED
19:15:48.505 [main] DEBUG org.apache.http.client.protocol.RequestTargetAuthentication - Generating response to an authentication challenge using basic scheme
19:15:48.505 [main] DEBUG org.apache.http.client.protocol.RequestProxyAuthentication - Proxy auth state: UNCHALLENGED
19:15:48.505 [main] DEBUG org.apache.http.impl.client.DefaultHttpClient - Attempt 2 to execute request
19:15:48.505 [main] DEBUG org.apache.http.impl.conn.DefaultClientConnection - Sending request: POST /jsonrpc.php HTTP/1.1
19:15:48.505 [main] DEBUG org.apache.http.wire -  >> "POST /jsonrpc.php HTTP/1.1[\r][\n]"
19:15:48.505 [main] DEBUG org.apache.http.wire -  >> "Accept: */*[\r][\n]"
19:15:48.505 [main] DEBUG org.apache.http.wire -  >> "Content-Type: text/plain; charset=ISO-8859-1[\r][\n]"
19:15:48.505 [main] DEBUG org.apache.http.wire -  >> "Content-Length: 138[\r][\n]"
19:15:48.505 [main] DEBUG org.apache.http.wire -  >> "Host: localhost:81[\r][\n]"
19:15:48.505 [main] DEBUG org.apache.http.wire -  >> "Connection: Keep-Alive[\r][\n]"
19:15:48.505 [main] DEBUG org.apache.http.wire -  >> "User-Agent: Apache-HttpClient/4.5.13 (Java/17)[\r][\n]"
19:15:48.505 [main] DEBUG org.apache.http.wire -  >> "Authorization: Basic a3lyeWxvQVBJVGVzdExvZ2luOmt5cnlsb0FQSVRlc3RQYXNzd29yZA==[\r][\n]"
19:15:48.505 [main] DEBUG org.apache.http.wire -  >> "Accept-Encoding: gzip,deflate[\r][\n]"
19:15:48.505 [main] DEBUG org.apache.http.wire -  >> "[\r][\n]"
19:15:48.505 [main] DEBUG org.apache.http.headers - >> POST /jsonrpc.php HTTP/1.1
19:15:48.505 [main] DEBUG org.apache.http.headers - >> Accept: */*
19:15:48.505 [main] DEBUG org.apache.http.headers - >> Content-Type: text/plain; charset=ISO-8859-1
19:15:48.505 [main] DEBUG org.apache.http.headers - >> Content-Length: 138
19:15:48.505 [main] DEBUG org.apache.http.headers - >> Host: localhost:81
19:15:48.505 [main] DEBUG org.apache.http.headers - >> Connection: Keep-Alive
19:15:48.505 [main] DEBUG org.apache.http.headers - >> User-Agent: Apache-HttpClient/4.5.13 (Java/17)
19:15:48.505 [main] DEBUG org.apache.http.headers - >> Authorization: Basic a3lyeWxvQVBJVGVzdExvZ2luOmt5cnlsb0FQSVRlc3RQYXNzd29yZA==
19:15:48.505 [main] DEBUG org.apache.http.headers - >> Accept-Encoding: gzip,deflate
19:15:48.505 [main] DEBUG org.apache.http.wire -  >> "{"jsonrpc":"2.0","method":"createProject","id":345,"params":{"name":"API_Project","description":"API_Project Description","owner_id":392}}"
19:15:48.596 [main] DEBUG org.apache.http.wire -  << "HTTP/1.1 200 OK[\r][\n]"
19:15:48.596 [main] DEBUG org.apache.http.wire -  << "Server: nginx[\r][\n]"
19:15:48.596 [main] DEBUG org.apache.http.wire -  << "Date: Wed, 26 Jul 2023 16:15:48 GMT[\r][\n]"
19:15:48.596 [main] DEBUG org.apache.http.wire -  << "Content-Type: application/json[\r][\n]"
19:15:48.596 [main] DEBUG org.apache.http.wire -  << "Transfer-Encoding: chunked[\r][\n]"
19:15:48.596 [main] DEBUG org.apache.http.wire -  << "Connection: keep-alive[\r][\n]"
19:15:48.596 [main] DEBUG org.apache.http.wire -  << "Vary: Accept-Encoding[\r][\n]"
19:15:48.596 [main] DEBUG org.apache.http.wire -  << "Content-Encoding: gzip[\r][\n]"
19:15:48.596 [main] DEBUG org.apache.http.wire -  << "[\r][\n]"
19:15:48.596 [main] DEBUG org.apache.http.impl.conn.DefaultClientConnection - Receiving response: HTTP/1.1 200 OK
19:15:48.596 [main] DEBUG org.apache.http.headers - << HTTP/1.1 200 OK
19:15:48.596 [main] DEBUG org.apache.http.headers - << Server: nginx
19:15:48.596 [main] DEBUG org.apache.http.headers - << Date: Wed, 26 Jul 2023 16:15:48 GMT
19:15:48.596 [main] DEBUG org.apache.http.headers - << Content-Type: application/json
19:15:48.596 [main] DEBUG org.apache.http.headers - << Transfer-Encoding: chunked
19:15:48.596 [main] DEBUG org.apache.http.headers - << Connection: keep-alive
19:15:48.596 [main] DEBUG org.apache.http.headers - << Vary: Accept-Encoding
19:15:48.596 [main] DEBUG org.apache.http.headers - << Content-Encoding: gzip
19:15:48.596 [main] DEBUG org.apache.http.impl.client.DefaultHttpClient - Connection can be kept alive indefinitely
19:15:48.596 [main] DEBUG org.apache.http.impl.client.DefaultHttpClient - Authentication succeeded
19:15:48.596 [main] DEBUG org.apache.http.impl.client.TargetAuthenticationStrategy - Caching 'basic' auth scheme for http://localhost:81
19:15:48.596 [main] DEBUG io.restassured.internal.RestAssuredHttpBuilder - Parsing response as: application/json
19:15:48.596 [main] DEBUG org.apache.http.wire -  << "3b[\r][\n]"
19:15:48.596 [main] DEBUG org.apache.http.wire -  << "[0x1f][0x8b][0x8][0x0][0x0][0x0][0x0][0x0][0x0][0x3][0xab]V[0xca]*[0xce][0xcf]+*HV[0xb2]R2[0xd2]3P[0xd2]Q*J-.[0xcd])Q[0xb2]223[0xd3]Q[0xca]LQ[0xb2]261[0xad][0x5][0x0]0[0x9f]d[0xc7]'[0x0][0x0][0x0]"
19:15:48.596 [main] DEBUG org.apache.http.wire -  << "[\r][\n]"
19:15:48.596 [main] DEBUG org.apache.http.wire -  << "0[\r][\n]"
19:15:48.596 [main] DEBUG org.apache.http.wire -  << "[\r][\n]"
19:15:48.597 [main] DEBUG io.restassured.internal.RestAssuredHttpBuilder - Parsed data to instance of: class org.apache.http.conn.EofSensorInputStream
19:15:48.597 [main] DEBUG org.apache.http.impl.conn.BasicClientConnectionManager - Releasing connection org.apache.http.impl.conn.ManagedClientConnectionImpl@63fde7ca
19:15:48.597 [main] DEBUG org.apache.http.impl.conn.BasicClientConnectionManager - Connection can be kept alive indefinitely
{
    "jsonrpc": "2.0",
    "result": 266,
    "id": 345
}
{
    "jsonrpc": "2.0",
    "result": 266,
    "id": 345
}
Request method:	POST
Request URI:	http://localhost:81/jsonrpc.php
Proxy:			<none>
Request params:	<none>
Query params:	<none>
Form params:	<none>
Path params:	<none>
Headers:		Accept=*/*
				Content-Type=text/plain; charset=ISO-8859-1
Cookies:		<none>
Multiparts:		<none>
Body:
{"jsonrpc":"2.0","method":"createTask","id":678,"params":{"title":"API_TASK","description":"API_DESCRIPTION","color_id":"green","owner_id":392,"column_id":54,"priority":1,"project_id":266}}
19:15:48.629 [main] DEBUG org.apache.http.impl.conn.BasicClientConnectionManager - Get connection for route {}->http://localhost:81
19:15:48.629 [main] DEBUG org.apache.http.impl.conn.DefaultClientConnectionOperator - Connecting to localhost:81
19:15:48.630 [main] DEBUG org.apache.http.client.protocol.RequestAddCookies - CookieSpec selected: ignoreCookies
19:15:48.630 [main] DEBUG org.apache.http.client.protocol.RequestAuthCache - Auth cache not set in the context
19:15:48.630 [main] DEBUG org.apache.http.client.protocol.RequestTargetAuthentication - Target auth state: UNCHALLENGED
19:15:48.630 [main] DEBUG org.apache.http.client.protocol.RequestProxyAuthentication - Proxy auth state: UNCHALLENGED
19:15:48.630 [main] DEBUG org.apache.http.impl.client.DefaultHttpClient - Attempt 1 to execute request
19:15:48.630 [main] DEBUG org.apache.http.impl.conn.DefaultClientConnection - Sending request: POST /jsonrpc.php HTTP/1.1
19:15:48.630 [main] DEBUG org.apache.http.wire -  >> "POST /jsonrpc.php HTTP/1.1[\r][\n]"
19:15:48.630 [main] DEBUG org.apache.http.wire -  >> "Accept: */*[\r][\n]"
19:15:48.630 [main] DEBUG org.apache.http.wire -  >> "Content-Type: text/plain; charset=ISO-8859-1[\r][\n]"
19:15:48.630 [main] DEBUG org.apache.http.wire -  >> "Content-Length: 189[\r][\n]"
19:15:48.630 [main] DEBUG org.apache.http.wire -  >> "Host: localhost:81[\r][\n]"
19:15:48.630 [main] DEBUG org.apache.http.wire -  >> "Connection: Keep-Alive[\r][\n]"
19:15:48.630 [main] DEBUG org.apache.http.wire -  >> "User-Agent: Apache-HttpClient/4.5.13 (Java/17)[\r][\n]"
19:15:48.630 [main] DEBUG org.apache.http.wire -  >> "Accept-Encoding: gzip,deflate[\r][\n]"
19:15:48.630 [main] DEBUG org.apache.http.wire -  >> "[\r][\n]"
19:15:48.630 [main] DEBUG org.apache.http.headers - >> POST /jsonrpc.php HTTP/1.1
19:15:48.630 [main] DEBUG org.apache.http.headers - >> Accept: */*
19:15:48.630 [main] DEBUG org.apache.http.headers - >> Content-Type: text/plain; charset=ISO-8859-1
19:15:48.630 [main] DEBUG org.apache.http.headers - >> Content-Length: 189
19:15:48.630 [main] DEBUG org.apache.http.headers - >> Host: localhost:81
19:15:48.630 [main] DEBUG org.apache.http.headers - >> Connection: Keep-Alive
19:15:48.630 [main] DEBUG org.apache.http.headers - >> User-Agent: Apache-HttpClient/4.5.13 (Java/17)
19:15:48.630 [main] DEBUG org.apache.http.headers - >> Accept-Encoding: gzip,deflate
19:15:48.630 [main] DEBUG org.apache.http.wire -  >> "{"jsonrpc":"2.0","method":"createTask","id":678,"params":{"title":"API_TASK","description":"API_DESCRIPTION","color_id":"green","owner_id":392,"column_id":54,"priority":1,"project_id":266}}"
19:15:48.636 [main] DEBUG org.apache.http.wire -  << "HTTP/1.1 401 Unauthorized[\r][\n]"
19:15:48.636 [main] DEBUG org.apache.http.wire -  << "Server: nginx[\r][\n]"
19:15:48.636 [main] DEBUG org.apache.http.wire -  << "Date: Wed, 26 Jul 2023 16:15:48 GMT[\r][\n]"
19:15:48.636 [main] DEBUG org.apache.http.wire -  << "Content-Type: application/json[\r][\n]"
19:15:48.636 [main] DEBUG org.apache.http.wire -  << "Transfer-Encoding: chunked[\r][\n]"
19:15:48.636 [main] DEBUG org.apache.http.wire -  << "Connection: keep-alive[\r][\n]"
19:15:48.636 [main] DEBUG org.apache.http.wire -  << "WWW-Authenticate: Basic realm="JsonRPC"[\r][\n]"
19:15:48.636 [main] DEBUG org.apache.http.wire -  << "[\r][\n]"
19:15:48.636 [main] DEBUG org.apache.http.impl.conn.DefaultClientConnection - Receiving response: HTTP/1.1 401 Unauthorized
19:15:48.636 [main] DEBUG org.apache.http.headers - << HTTP/1.1 401 Unauthorized
19:15:48.636 [main] DEBUG org.apache.http.headers - << Server: nginx
19:15:48.636 [main] DEBUG org.apache.http.headers - << Date: Wed, 26 Jul 2023 16:15:48 GMT
19:15:48.636 [main] DEBUG org.apache.http.headers - << Content-Type: application/json
19:15:48.636 [main] DEBUG org.apache.http.headers - << Transfer-Encoding: chunked
19:15:48.636 [main] DEBUG org.apache.http.headers - << Connection: keep-alive
19:15:48.636 [main] DEBUG org.apache.http.headers - << WWW-Authenticate: Basic realm="JsonRPC"
19:15:48.636 [main] DEBUG org.apache.http.impl.client.DefaultHttpClient - Connection can be kept alive indefinitely
19:15:48.636 [main] DEBUG org.apache.http.impl.client.DefaultHttpClient - Authentication required
19:15:48.636 [main] DEBUG org.apache.http.impl.client.DefaultHttpClient - localhost:81 requested authentication
19:15:48.636 [main] DEBUG org.apache.http.impl.client.TargetAuthenticationStrategy - Authentication schemes in the order of preference: [Negotiate, Kerberos, NTLM, CredSSP, Digest, Basic]
19:15:48.636 [main] DEBUG org.apache.http.impl.client.TargetAuthenticationStrategy - Challenge for Negotiate authentication scheme not available
19:15:48.636 [main] DEBUG org.apache.http.impl.client.TargetAuthenticationStrategy - Challenge for Kerberos authentication scheme not available
19:15:48.636 [main] DEBUG org.apache.http.impl.client.TargetAuthenticationStrategy - Challenge for NTLM authentication scheme not available
19:15:48.636 [main] DEBUG org.apache.http.impl.client.TargetAuthenticationStrategy - Challenge for CredSSP authentication scheme not available
19:15:48.636 [main] DEBUG org.apache.http.impl.client.TargetAuthenticationStrategy - Challenge for Digest authentication scheme not available
19:15:48.636 [main] DEBUG org.apache.http.impl.client.DefaultHttpClient - Selected authentication options: [BASIC [complete=true]]
19:15:48.636 [main] DEBUG org.apache.http.wire -  << "49[\r][\n]"
19:15:48.636 [main] DEBUG org.apache.http.wire -  << "{"jsonrpc":"2.0","error":{"code":401,"message":"Unauthorized"},"id":null}"
19:15:48.636 [main] DEBUG org.apache.http.wire -  << "[\r][\n]"
19:15:48.636 [main] DEBUG org.apache.http.wire -  << "0[\r][\n]"
19:15:48.636 [main] DEBUG org.apache.http.wire -  << "[\r][\n]"
19:15:48.636 [main] DEBUG org.apache.http.client.protocol.RequestAddCookies - CookieSpec selected: ignoreCookies
19:15:48.637 [main] DEBUG org.apache.http.client.protocol.RequestAuthCache - Auth cache not set in the context
19:15:48.637 [main] DEBUG org.apache.http.client.protocol.RequestTargetAuthentication - Target auth state: CHALLENGED
19:15:48.637 [main] DEBUG org.apache.http.client.protocol.RequestTargetAuthentication - Generating response to an authentication challenge using basic scheme
19:15:48.637 [main] DEBUG org.apache.http.client.protocol.RequestProxyAuthentication - Proxy auth state: UNCHALLENGED
19:15:48.637 [main] DEBUG org.apache.http.impl.client.DefaultHttpClient - Attempt 2 to execute request
19:15:48.637 [main] DEBUG org.apache.http.impl.conn.DefaultClientConnection - Sending request: POST /jsonrpc.php HTTP/1.1
19:15:48.637 [main] DEBUG org.apache.http.wire -  >> "POST /jsonrpc.php HTTP/1.1[\r][\n]"
19:15:48.637 [main] DEBUG org.apache.http.wire -  >> "Accept: */*[\r][\n]"
19:15:48.637 [main] DEBUG org.apache.http.wire -  >> "Content-Type: text/plain; charset=ISO-8859-1[\r][\n]"
19:15:48.637 [main] DEBUG org.apache.http.wire -  >> "Content-Length: 189[\r][\n]"
19:15:48.637 [main] DEBUG org.apache.http.wire -  >> "Host: localhost:81[\r][\n]"
19:15:48.637 [main] DEBUG org.apache.http.wire -  >> "Connection: Keep-Alive[\r][\n]"
19:15:48.637 [main] DEBUG org.apache.http.wire -  >> "User-Agent: Apache-HttpClient/4.5.13 (Java/17)[\r][\n]"
19:15:48.637 [main] DEBUG org.apache.http.wire -  >> "Authorization: Basic a3lyeWxvQVBJVGVzdExvZ2luOmt5cnlsb0FQSVRlc3RQYXNzd29yZA==[\r][\n]"
19:15:48.637 [main] DEBUG org.apache.http.wire -  >> "Accept-Encoding: gzip,deflate[\r][\n]"
19:15:48.637 [main] DEBUG org.apache.http.wire -  >> "[\r][\n]"
19:15:48.637 [main] DEBUG org.apache.http.headers - >> POST /jsonrpc.php HTTP/1.1
19:15:48.637 [main] DEBUG org.apache.http.headers - >> Accept: */*
19:15:48.637 [main] DEBUG org.apache.http.headers - >> Content-Type: text/plain; charset=ISO-8859-1
19:15:48.637 [main] DEBUG org.apache.http.headers - >> Content-Length: 189
19:15:48.637 [main] DEBUG org.apache.http.headers - >> Host: localhost:81
19:15:48.637 [main] DEBUG org.apache.http.headers - >> Connection: Keep-Alive
19:15:48.637 [main] DEBUG org.apache.http.headers - >> User-Agent: Apache-HttpClient/4.5.13 (Java/17)
19:15:48.637 [main] DEBUG org.apache.http.headers - >> Authorization: Basic a3lyeWxvQVBJVGVzdExvZ2luOmt5cnlsb0FQSVRlc3RQYXNzd29yZA==
19:15:48.637 [main] DEBUG org.apache.http.headers - >> Accept-Encoding: gzip,deflate
19:15:48.637 [main] DEBUG org.apache.http.wire -  >> "{"jsonrpc":"2.0","method":"createTask","id":678,"params":{"title":"API_TASK","description":"API_DESCRIPTION","color_id":"green","owner_id":392,"column_id":54,"priority":1,"project_id":266}}"
19:15:48.759 [main] DEBUG org.apache.http.wire -  << "HTTP/1.1 200 OK[\r][\n]"
19:15:48.759 [main] DEBUG org.apache.http.wire -  << "Server: nginx[\r][\n]"
19:15:48.759 [main] DEBUG org.apache.http.wire -  << "Date: Wed, 26 Jul 2023 16:15:48 GMT[\r][\n]"
19:15:48.759 [main] DEBUG org.apache.http.wire -  << "Content-Type: application/json[\r][\n]"
19:15:48.759 [main] DEBUG org.apache.http.wire -  << "Transfer-Encoding: chunked[\r][\n]"
19:15:48.759 [main] DEBUG org.apache.http.wire -  << "Connection: keep-alive[\r][\n]"
19:15:48.759 [main] DEBUG org.apache.http.wire -  << "Vary: Accept-Encoding[\r][\n]"
19:15:48.759 [main] DEBUG org.apache.http.wire -  << "Content-Encoding: gzip[\r][\n]"
19:15:48.759 [main] DEBUG org.apache.http.wire -  << "[\r][\n]"
19:15:48.759 [main] DEBUG org.apache.http.impl.conn.DefaultClientConnection - Receiving response: HTTP/1.1 200 OK
19:15:48.759 [main] DEBUG org.apache.http.headers - << HTTP/1.1 200 OK
19:15:48.759 [main] DEBUG org.apache.http.headers - << Server: nginx
19:15:48.759 [main] DEBUG org.apache.http.headers - << Date: Wed, 26 Jul 2023 16:15:48 GMT
19:15:48.759 [main] DEBUG org.apache.http.headers - << Content-Type: application/json
19:15:48.759 [main] DEBUG org.apache.http.headers - << Transfer-Encoding: chunked
19:15:48.759 [main] DEBUG org.apache.http.headers - << Connection: keep-alive
19:15:48.759 [main] DEBUG org.apache.http.headers - << Vary: Accept-Encoding
19:15:48.759 [main] DEBUG org.apache.http.headers - << Content-Encoding: gzip
19:15:48.759 [main] DEBUG org.apache.http.impl.client.DefaultHttpClient - Connection can be kept alive indefinitely
19:15:48.759 [main] DEBUG org.apache.http.impl.client.DefaultHttpClient - Authentication succeeded
19:15:48.759 [main] DEBUG org.apache.http.impl.client.TargetAuthenticationStrategy - Caching 'basic' auth scheme for http://localhost:81
19:15:48.760 [main] DEBUG io.restassured.internal.RestAssuredHttpBuilder - Parsing response as: application/json
19:15:48.760 [main] DEBUG org.apache.http.wire -  << "3b[\r][\n]"
19:15:48.760 [main] DEBUG org.apache.http.wire -  << "[0x1f][0x8b][0x8][0x0][0x0][0x0][0x0][0x0][0x0][0x3][0xab]V[0xca]*[0xce][0xcf]+*HV[0xb2]R2[0xd2]3P[0xd2]Q*J-.[0xcd])Q[0xb2]24[0xb3][0xd4]Q[0xca]LQ[0xb2]23[0xb7][0xa8][0x5][0x0][0x1e]7`i'[0x0][0x0][0x0]"
19:15:48.760 [main] DEBUG org.apache.http.wire -  << "[\r][\n]"
19:15:48.760 [main] DEBUG org.apache.http.wire -  << "0[\r][\n]"
19:15:48.760 [main] DEBUG org.apache.http.wire -  << "[\r][\n]"
19:15:48.760 [main] DEBUG io.restassured.internal.RestAssuredHttpBuilder - Parsed data to instance of: class org.apache.http.conn.EofSensorInputStream
19:15:48.762 [main] DEBUG org.apache.http.impl.conn.BasicClientConnectionManager - Releasing connection org.apache.http.impl.conn.ManagedClientConnectionImpl@5e7ea81b
19:15:48.762 [main] DEBUG org.apache.http.impl.conn.BasicClientConnectionManager - Connection can be kept alive indefinitely
{
    "jsonrpc": "2.0",
    "result": 169,
    "id": 678
}
{
    "jsonrpc": "2.0",
    "result": 169,
    "id": 678
}
Request method:	GET
Request URI:	http://localhost:81/jsonrpc.php
Proxy:			<none>
Request params:	<none>
Query params:	<none>
Form params:	<none>
Path params:	<none>
Headers:		Accept=*/*
				Content-Type=text/plain; charset=ISO-8859-1
Cookies:		<none>
Multiparts:		<none>
Body:
{"jsonrpc":"2.0","method":"getTask","id":789,"params":{"task_id":169}}
19:15:48.785 [main] DEBUG org.apache.http.impl.conn.BasicClientConnectionManager - Get connection for route {}->http://localhost:81
19:15:48.786 [main] DEBUG org.apache.http.impl.conn.DefaultClientConnectionOperator - Connecting to localhost:81
19:15:48.787 [main] DEBUG org.apache.http.client.protocol.RequestAddCookies - CookieSpec selected: ignoreCookies
19:15:48.787 [main] DEBUG org.apache.http.client.protocol.RequestAuthCache - Auth cache not set in the context
19:15:48.787 [main] DEBUG org.apache.http.client.protocol.RequestTargetAuthentication - Target auth state: UNCHALLENGED
19:15:48.787 [main] DEBUG org.apache.http.client.protocol.RequestProxyAuthentication - Proxy auth state: UNCHALLENGED
19:15:48.787 [main] DEBUG org.apache.http.impl.client.DefaultHttpClient - Attempt 1 to execute request
19:15:48.787 [main] DEBUG org.apache.http.impl.conn.DefaultClientConnection - Sending request: GET /jsonrpc.php HTTP/1.1
19:15:48.787 [main] DEBUG org.apache.http.wire -  >> "GET /jsonrpc.php HTTP/1.1[\r][\n]"
19:15:48.787 [main] DEBUG org.apache.http.wire -  >> "Accept: */*[\r][\n]"
19:15:48.787 [main] DEBUG org.apache.http.wire -  >> "Content-Type: text/plain; charset=ISO-8859-1[\r][\n]"
19:15:48.787 [main] DEBUG org.apache.http.wire -  >> "Content-Length: 70[\r][\n]"
19:15:48.787 [main] DEBUG org.apache.http.wire -  >> "Host: localhost:81[\r][\n]"
19:15:48.787 [main] DEBUG org.apache.http.wire -  >> "Connection: Keep-Alive[\r][\n]"
19:15:48.787 [main] DEBUG org.apache.http.wire -  >> "User-Agent: Apache-HttpClient/4.5.13 (Java/17)[\r][\n]"
19:15:48.787 [main] DEBUG org.apache.http.wire -  >> "Accept-Encoding: gzip,deflate[\r][\n]"
19:15:48.787 [main] DEBUG org.apache.http.wire -  >> "[\r][\n]"
19:15:48.787 [main] DEBUG org.apache.http.headers - >> GET /jsonrpc.php HTTP/1.1
19:15:48.787 [main] DEBUG org.apache.http.headers - >> Accept: */*
19:15:48.787 [main] DEBUG org.apache.http.headers - >> Content-Type: text/plain; charset=ISO-8859-1
19:15:48.787 [main] DEBUG org.apache.http.headers - >> Content-Length: 70
19:15:48.787 [main] DEBUG org.apache.http.headers - >> Host: localhost:81
19:15:48.787 [main] DEBUG org.apache.http.headers - >> Connection: Keep-Alive
19:15:48.787 [main] DEBUG org.apache.http.headers - >> User-Agent: Apache-HttpClient/4.5.13 (Java/17)
19:15:48.787 [main] DEBUG org.apache.http.headers - >> Accept-Encoding: gzip,deflate
19:15:48.787 [main] DEBUG org.apache.http.wire -  >> "{"jsonrpc":"2.0","method":"getTask","id":789,"params":{"task_id":169}}"
19:15:48.794 [main] DEBUG org.apache.http.wire -  << "HTTP/1.1 401 Unauthorized[\r][\n]"
19:15:48.794 [main] DEBUG org.apache.http.wire -  << "Server: nginx[\r][\n]"
19:15:48.794 [main] DEBUG org.apache.http.wire -  << "Date: Wed, 26 Jul 2023 16:15:48 GMT[\r][\n]"
19:15:48.794 [main] DEBUG org.apache.http.wire -  << "Content-Type: application/json[\r][\n]"
19:15:48.794 [main] DEBUG org.apache.http.wire -  << "Transfer-Encoding: chunked[\r][\n]"
19:15:48.794 [main] DEBUG org.apache.http.wire -  << "Connection: keep-alive[\r][\n]"
19:15:48.794 [main] DEBUG org.apache.http.wire -  << "WWW-Authenticate: Basic realm="JsonRPC"[\r][\n]"
19:15:48.794 [main] DEBUG org.apache.http.wire -  << "[\r][\n]"
19:15:48.794 [main] DEBUG org.apache.http.impl.conn.DefaultClientConnection - Receiving response: HTTP/1.1 401 Unauthorized
19:15:48.794 [main] DEBUG org.apache.http.headers - << HTTP/1.1 401 Unauthorized
19:15:48.794 [main] DEBUG org.apache.http.headers - << Server: nginx
19:15:48.794 [main] DEBUG org.apache.http.headers - << Date: Wed, 26 Jul 2023 16:15:48 GMT
19:15:48.794 [main] DEBUG org.apache.http.headers - << Content-Type: application/json
19:15:48.794 [main] DEBUG org.apache.http.headers - << Transfer-Encoding: chunked
19:15:48.794 [main] DEBUG org.apache.http.headers - << Connection: keep-alive
19:15:48.794 [main] DEBUG org.apache.http.headers - << WWW-Authenticate: Basic realm="JsonRPC"
19:15:48.794 [main] DEBUG org.apache.http.impl.client.DefaultHttpClient - Connection can be kept alive indefinitely
19:15:48.794 [main] DEBUG org.apache.http.impl.client.DefaultHttpClient - Authentication required
19:15:48.794 [main] DEBUG org.apache.http.impl.client.DefaultHttpClient - localhost:81 requested authentication
19:15:48.794 [main] DEBUG org.apache.http.impl.client.TargetAuthenticationStrategy - Authentication schemes in the order of preference: [Negotiate, Kerberos, NTLM, CredSSP, Digest, Basic]
19:15:48.794 [main] DEBUG org.apache.http.impl.client.TargetAuthenticationStrategy - Challenge for Negotiate authentication scheme not available
19:15:48.794 [main] DEBUG org.apache.http.impl.client.TargetAuthenticationStrategy - Challenge for Kerberos authentication scheme not available
19:15:48.794 [main] DEBUG org.apache.http.impl.client.TargetAuthenticationStrategy - Challenge for NTLM authentication scheme not available
19:15:48.794 [main] DEBUG org.apache.http.impl.client.TargetAuthenticationStrategy - Challenge for CredSSP authentication scheme not available
19:15:48.794 [main] DEBUG org.apache.http.impl.client.TargetAuthenticationStrategy - Challenge for Digest authentication scheme not available
19:15:48.794 [main] DEBUG org.apache.http.impl.client.DefaultHttpClient - Selected authentication options: [BASIC [complete=true]]
19:15:48.794 [main] DEBUG org.apache.http.wire -  << "49[\r][\n]"
19:15:48.794 [main] DEBUG org.apache.http.wire -  << "{"jsonrpc":"2.0","error":{"code":401,"message":"Unauthorized"},"id":null}"
19:15:48.794 [main] DEBUG org.apache.http.wire -  << "[\r][\n]"
19:15:48.794 [main] DEBUG org.apache.http.wire -  << "0[\r][\n]"
19:15:48.794 [main] DEBUG org.apache.http.wire -  << "[\r][\n]"
19:15:48.795 [main] DEBUG org.apache.http.client.protocol.RequestAddCookies - CookieSpec selected: ignoreCookies
19:15:48.795 [main] DEBUG org.apache.http.client.protocol.RequestAuthCache - Auth cache not set in the context
19:15:48.795 [main] DEBUG org.apache.http.client.protocol.RequestTargetAuthentication - Target auth state: CHALLENGED
19:15:48.795 [main] DEBUG org.apache.http.client.protocol.RequestTargetAuthentication - Generating response to an authentication challenge using basic scheme
19:15:48.795 [main] DEBUG org.apache.http.client.protocol.RequestProxyAuthentication - Proxy auth state: UNCHALLENGED
19:15:48.795 [main] DEBUG org.apache.http.impl.client.DefaultHttpClient - Attempt 2 to execute request
19:15:48.795 [main] DEBUG org.apache.http.impl.conn.DefaultClientConnection - Sending request: GET /jsonrpc.php HTTP/1.1
19:15:48.795 [main] DEBUG org.apache.http.wire -  >> "GET /jsonrpc.php HTTP/1.1[\r][\n]"
19:15:48.795 [main] DEBUG org.apache.http.wire -  >> "Accept: */*[\r][\n]"
19:15:48.795 [main] DEBUG org.apache.http.wire -  >> "Content-Type: text/plain; charset=ISO-8859-1[\r][\n]"
19:15:48.795 [main] DEBUG org.apache.http.wire -  >> "Content-Length: 70[\r][\n]"
19:15:48.795 [main] DEBUG org.apache.http.wire -  >> "Host: localhost:81[\r][\n]"
19:15:48.795 [main] DEBUG org.apache.http.wire -  >> "Connection: Keep-Alive[\r][\n]"
19:15:48.795 [main] DEBUG org.apache.http.wire -  >> "User-Agent: Apache-HttpClient/4.5.13 (Java/17)[\r][\n]"
19:15:48.795 [main] DEBUG org.apache.http.wire -  >> "Authorization: Basic a3lyeWxvQVBJVGVzdExvZ2luOmt5cnlsb0FQSVRlc3RQYXNzd29yZA==[\r][\n]"
19:15:48.795 [main] DEBUG org.apache.http.wire -  >> "Accept-Encoding: gzip,deflate[\r][\n]"
19:15:48.795 [main] DEBUG org.apache.http.wire -  >> "[\r][\n]"
19:15:48.795 [main] DEBUG org.apache.http.headers - >> GET /jsonrpc.php HTTP/1.1
19:15:48.795 [main] DEBUG org.apache.http.headers - >> Accept: */*
19:15:48.795 [main] DEBUG org.apache.http.headers - >> Content-Type: text/plain; charset=ISO-8859-1
19:15:48.795 [main] DEBUG org.apache.http.headers - >> Content-Length: 70
19:15:48.795 [main] DEBUG org.apache.http.headers - >> Host: localhost:81
19:15:48.795 [main] DEBUG org.apache.http.headers - >> Connection: Keep-Alive
19:15:48.795 [main] DEBUG org.apache.http.headers - >> User-Agent: Apache-HttpClient/4.5.13 (Java/17)
19:15:48.795 [main] DEBUG org.apache.http.headers - >> Authorization: Basic a3lyeWxvQVBJVGVzdExvZ2luOmt5cnlsb0FQSVRlc3RQYXNzd29yZA==
19:15:48.795 [main] DEBUG org.apache.http.headers - >> Accept-Encoding: gzip,deflate
19:15:48.795 [main] DEBUG org.apache.http.wire -  >> "{"jsonrpc":"2.0","method":"getTask","id":789,"params":{"task_id":169}}"
19:15:48.866 [main] DEBUG org.apache.http.wire -  << "HTTP/1.1 200 OK[\r][\n]"
19:15:48.866 [main] DEBUG org.apache.http.wire -  << "Server: nginx[\r][\n]"
19:15:48.866 [main] DEBUG org.apache.http.wire -  << "Date: Wed, 26 Jul 2023 16:15:48 GMT[\r][\n]"
19:15:48.866 [main] DEBUG org.apache.http.wire -  << "Content-Type: application/json[\r][\n]"
19:15:48.866 [main] DEBUG org.apache.http.wire -  << "Transfer-Encoding: chunked[\r][\n]"
19:15:48.866 [main] DEBUG org.apache.http.wire -  << "Connection: keep-alive[\r][\n]"
19:15:48.866 [main] DEBUG org.apache.http.wire -  << "Vary: Accept-Encoding[\r][\n]"
19:15:48.866 [main] DEBUG org.apache.http.wire -  << "Content-Encoding: gzip[\r][\n]"
19:15:48.866 [main] DEBUG org.apache.http.wire -  << "[\r][\n]"
19:15:48.866 [main] DEBUG org.apache.http.impl.conn.DefaultClientConnection - Receiving response: HTTP/1.1 200 OK
19:15:48.866 [main] DEBUG org.apache.http.headers - << HTTP/1.1 200 OK
19:15:48.866 [main] DEBUG org.apache.http.headers - << Server: nginx
19:15:48.866 [main] DEBUG org.apache.http.headers - << Date: Wed, 26 Jul 2023 16:15:48 GMT
19:15:48.866 [main] DEBUG org.apache.http.headers - << Content-Type: application/json
19:15:48.866 [main] DEBUG org.apache.http.headers - << Transfer-Encoding: chunked
19:15:48.866 [main] DEBUG org.apache.http.headers - << Connection: keep-alive
19:15:48.866 [main] DEBUG org.apache.http.headers - << Vary: Accept-Encoding
19:15:48.866 [main] DEBUG org.apache.http.headers - << Content-Encoding: gzip
19:15:48.866 [main] DEBUG org.apache.http.impl.client.DefaultHttpClient - Connection can be kept alive indefinitely
19:15:48.866 [main] DEBUG org.apache.http.impl.client.DefaultHttpClient - Authentication succeeded
19:15:48.866 [main] DEBUG org.apache.http.impl.client.TargetAuthenticationStrategy - Caching 'basic' auth scheme for http://localhost:81
19:15:48.866 [main] DEBUG io.restassured.internal.RestAssuredHttpBuilder - Parsing response as: application/json
19:15:48.866 [main] DEBUG org.apache.http.wire -  << "1b6[\r][\n]"
19:15:48.866 [main] DEBUG org.apache.http.wire -  << "[0x1f][0x8b][0x8][0x0][0x0][0x0][0x0][0x0][0x0][0x3]eR[0xd1]N[0xe3]0[0x10][0xfc][0x15][0xe4][0xa7]C[0x8a][0xae]MZ[0xda][0xb4]o[0x8][0x10][0xaa][0x90][0x0][0x1d][0xbc]G[0xae][0xb3]M[\r][0x8e][0x1d][0xad][0xd7][0x5][0x84][0xfa][0xef][0xb7]v[0xd2]R[0x95][0x97]D[0x99][0xdd][0x9d][0xd9][0x99][0xec][0xb7]x[0xf3][0xce]b[0xa7][0xc4]R[0x14][0xc7]"[0x13][0x8]>[0x18][0x12][0xcb]o[0xa1]k[0xb1][0xcc]g[0x8b]L[0x90]&[0x3][0xdc]p[0xfd][0xbc][0xaa]^[0xaf]_[0x1e][0xb8][0xab][0x6][0xaf]Pw[0xa4][0x9d][0x1d][\n]"
19:15:48.866 [main] DEBUG org.apache.http.wire -  << "[0xb7]w/7[0xff]V[0xcf][0xaf][0xab][0xa7][0xc7]X[0x97][0x4][0x95]B[0x90]}[0x7][0xd3][0x8c]'e[0x99]O[0xcb]C[0xc9][0xb5][0x9d][0x1][0x2][0x96][0xb0][0xc1][0x98][0x1][0xad][0x3][0xcb][0x8c]3[0xa1][0x9c]qXE}[0xd1] [0x80]e[0xc2][0xe][0xdd][0x1b](J`1[0x9b][0xa5][0x9e][0xd0][0xda][0xf4]}5[0xcd][0x84][0xfb][0xb0][0xd0][0x8f]L[0x16][0x5][0xb7];[0xaf][0x7][0xe9]Lx[0xe5][0xb0]'[0xd6][0xbe][0x92][0x8a][0xf4][0x8e][0xbf]r[0xa6][0xe0]%[0x1b][0x87]_i,[0xca][0xc6]}[0x7][0xe1][0xc4][0x92]\[0xb4][0xae][0xd6][0x1b][0xcd][0xbd][0xbf][0x9c] l[0x0][0xc1][0xaa][0x98][0xcd][0xc1][0xb3]'[0x89][0xc9][0x16][0xf3][0x91]n[0xa1][0xf2][0x1d]X[0x8e][0xb3]w[0x99][0x10][0xf0][0xfc]b[0xe6][0xa3]w[0xff][0xa1][#-[0xfc][0x98][0x1b][0x84]w[0xb1][0xe7]4;[0x4][0x15]0IV,D[0xc1]'[0x9d][0x13][0x94]P7[\r][0xe0]9[0xbc]a[0xd7][0xee][0x17][0x1a][0xb7][0xd9][0xa0]l[0xfb]lNX[0xd6][0xd2]C\[0xe1][0x1c][0xef]$k[0x1f][0xcd][0x9c][0xc][0xa8][0xad]6G;[0x1d]j[0x87][0x9a][0xbe]R[0xc6][0xf0]I[0x80]V[0x9a][0x8a][0xe0]N[0xd7]q[0xb5]>[0x8a]c![0xa0]>`[0x1][\r]G[0xb9]%[0xea][0x96][0xa3][0x91]qJ[0x9a][0xad][0xf3]4"[0xe9][0xdf]G[0x1c][0x3]g[0x9c].#[0x1e][0xa7]Mk[0x8b][0xfb][0xe1]<[0xd6]R[0xbd]7[0xe8][0x82][0x8d]7[0x83][0xcd][0xfa]O^.[0xb2][0x8b]b:[0xe5][0xc7]xr[0xc9][0x93]k[0x87]I=U[0xe7][0x11]/[0xe6][0xd9]E[0x9e]sq[0xbf][0xe7][0xcb][0xe0][0xc1]y[0xb9][0xd8][0xff][0x7][0x90][0xe1][0xf4][0x7][0x11][0x3][0x0][0x0]"
19:15:48.866 [main] DEBUG org.apache.http.wire -  << "[\r][\n]"
19:15:48.866 [main] DEBUG org.apache.http.wire -  << "0[\r][\n]"
19:15:48.866 [main] DEBUG org.apache.http.wire -  << "[\r][\n]"
19:15:48.866 [main] DEBUG io.restassured.internal.RestAssuredHttpBuilder - Parsed data to instance of: class org.apache.http.conn.EofSensorInputStream
19:15:48.867 [main] DEBUG org.apache.http.impl.conn.BasicClientConnectionManager - Releasing connection org.apache.http.impl.conn.ManagedClientConnectionImpl@4f571c0e
19:15:48.867 [main] DEBUG org.apache.http.impl.conn.BasicClientConnectionManager - Connection can be kept alive indefinitely
{
    "jsonrpc": "2.0",
    "result": {
        "id": 169,
        "title": "API_TASK",
        "description": "API_DESCRIPTION",
        "date_creation": 1690388148,
        "date_completed": null,
        "date_due": 0,
        "color_id": "green",
        "project_id": 266,
        "column_id": 54,
        "owner_id": 392,
        "position": 1,
        "score": 0,
        "is_active": 1,
        "category_id": 0,
        "creator_id": 392,
        "date_modification": 1690388148,
        "reference": "",
        "date_started": 0,
        "time_spent": null,
        "time_estimated": null,
        "swimlane_id": 266,
        "date_moved": 1690388148,
        "recurrence_status": 0,
        "recurrence_trigger": 0,
        "recurrence_factor": 0,
        "recurrence_timeframe": 0,
        "recurrence_basedate": 0,
        "recurrence_parent": null,
        "recurrence_child": null,
        "priority": 1,
        "external_provider": null,
        "external_uri": null,
        "url": "http://localhost/task/169",
        "color": {
            "name": "Green",
            "background": "rgb(189, 244, 203)",
            "border": "rgb(74, 227, 113)"
        }
    },
    "id": 789
}
{
    "jsonrpc": "2.0",
    "result": {
        "id": 169,
        "title": "API_TASK",
        "description": "API_DESCRIPTION",
        "date_creation": 1690388148,
        "date_completed": null,
        "date_due": 0,
        "color_id": "green",
        "project_id": 266,
        "column_id": 54,
        "owner_id": 392,
        "position": 1,
        "score": 0,
        "is_active": 1,
        "category_id": 0,
        "creator_id": 392,
        "date_modification": 1690388148,
        "reference": "",
        "date_started": 0,
        "time_spent": null,
        "time_estimated": null,
        "swimlane_id": 266,
        "date_moved": 1690388148,
        "recurrence_status": 0,
        "recurrence_trigger": 0,
        "recurrence_factor": 0,
        "recurrence_timeframe": 0,
        "recurrence_basedate": 0,
        "recurrence_parent": null,
        "recurrence_child": null,
        "priority": 1,
        "external_provider": null,
        "external_uri": null,
        "url": "http://localhost/task/169",
        "color": {
            "name": "Green",
            "background": "rgb(189, 244, 203)",
            "border": "rgb(74, 227, 113)"
        }
    },
    "id": 789
}
]]></system-out>
  </testcase>
  <testcase name="deleteTaskValid" classname="API.tests.TaskTest" time="0.414">
    <system-out><![CDATA[Request method:	DELETE
Request URI:	http://localhost:81/jsonrpc.php
Proxy:			<none>
Request params:	<none>
Query params:	<none>
Form params:	<none>
Path params:	<none>
Headers:		Accept=*/*
				Content-Type=text/plain; charset=ISO-8859-1
Cookies:		<none>
Multiparts:		<none>
Body:
{"jsonrpc":"2.0","method":"removeUser","id":234,"params":{"user_id":392}}
19:15:48.891 [main] DEBUG org.apache.http.impl.conn.BasicClientConnectionManager - Get connection for route {}->http://localhost:81
19:15:48.892 [main] DEBUG org.apache.http.impl.conn.DefaultClientConnectionOperator - Connecting to localhost:81
19:15:48.893 [main] DEBUG org.apache.http.client.protocol.RequestAddCookies - CookieSpec selected: ignoreCookies
19:15:48.893 [main] DEBUG org.apache.http.client.protocol.RequestAuthCache - Auth cache not set in the context
19:15:48.893 [main] DEBUG org.apache.http.client.protocol.RequestTargetAuthentication - Target auth state: UNCHALLENGED
19:15:48.894 [main] DEBUG org.apache.http.client.protocol.RequestProxyAuthentication - Proxy auth state: UNCHALLENGED
19:15:48.894 [main] DEBUG org.apache.http.impl.client.DefaultHttpClient - Attempt 1 to execute request
19:15:48.894 [main] DEBUG org.apache.http.impl.conn.DefaultClientConnection - Sending request: DELETE /jsonrpc.php HTTP/1.1
19:15:48.894 [main] DEBUG org.apache.http.wire -  >> "DELETE /jsonrpc.php HTTP/1.1[\r][\n]"
19:15:48.895 [main] DEBUG org.apache.http.wire -  >> "Accept: */*[\r][\n]"
19:15:48.895 [main] DEBUG org.apache.http.wire -  >> "Content-Type: text/plain; charset=ISO-8859-1[\r][\n]"
19:15:48.895 [main] DEBUG org.apache.http.wire -  >> "Content-Length: 73[\r][\n]"
19:15:48.895 [main] DEBUG org.apache.http.wire -  >> "Host: localhost:81[\r][\n]"
19:15:48.895 [main] DEBUG org.apache.http.wire -  >> "Connection: Keep-Alive[\r][\n]"
19:15:48.895 [main] DEBUG org.apache.http.wire -  >> "User-Agent: Apache-HttpClient/4.5.13 (Java/17)[\r][\n]"
19:15:48.895 [main] DEBUG org.apache.http.wire -  >> "Accept-Encoding: gzip,deflate[\r][\n]"
19:15:48.895 [main] DEBUG org.apache.http.wire -  >> "[\r][\n]"
19:15:48.895 [main] DEBUG org.apache.http.headers - >> DELETE /jsonrpc.php HTTP/1.1
19:15:48.895 [main] DEBUG org.apache.http.headers - >> Accept: */*
19:15:48.895 [main] DEBUG org.apache.http.headers - >> Content-Type: text/plain; charset=ISO-8859-1
19:15:48.895 [main] DEBUG org.apache.http.headers - >> Content-Length: 73
19:15:48.895 [main] DEBUG org.apache.http.headers - >> Host: localhost:81
19:15:48.895 [main] DEBUG org.apache.http.headers - >> Connection: Keep-Alive
19:15:48.895 [main] DEBUG org.apache.http.headers - >> User-Agent: Apache-HttpClient/4.5.13 (Java/17)
19:15:48.895 [main] DEBUG org.apache.http.headers - >> Accept-Encoding: gzip,deflate
19:15:48.895 [main] DEBUG org.apache.http.wire -  >> "{"jsonrpc":"2.0","method":"removeUser","id":234,"params":{"user_id":392}}"
19:15:48.905 [main] DEBUG org.apache.http.wire -  << "HTTP/1.1 401 Unauthorized[\r][\n]"
19:15:48.906 [main] DEBUG org.apache.http.wire -  << "Server: nginx[\r][\n]"
19:15:48.906 [main] DEBUG org.apache.http.wire -  << "Date: Wed, 26 Jul 2023 16:15:48 GMT[\r][\n]"
19:15:48.906 [main] DEBUG org.apache.http.wire -  << "Content-Type: application/json[\r][\n]"
19:15:48.906 [main] DEBUG org.apache.http.wire -  << "Transfer-Encoding: chunked[\r][\n]"
19:15:48.906 [main] DEBUG org.apache.http.wire -  << "Connection: keep-alive[\r][\n]"
19:15:48.906 [main] DEBUG org.apache.http.wire -  << "WWW-Authenticate: Basic realm="JsonRPC"[\r][\n]"
19:15:48.906 [main] DEBUG org.apache.http.wire -  << "[\r][\n]"
19:15:48.906 [main] DEBUG org.apache.http.impl.conn.DefaultClientConnection - Receiving response: HTTP/1.1 401 Unauthorized
19:15:48.906 [main] DEBUG org.apache.http.headers - << HTTP/1.1 401 Unauthorized
19:15:48.906 [main] DEBUG org.apache.http.headers - << Server: nginx
19:15:48.906 [main] DEBUG org.apache.http.headers - << Date: Wed, 26 Jul 2023 16:15:48 GMT
19:15:48.906 [main] DEBUG org.apache.http.headers - << Content-Type: application/json
19:15:48.906 [main] DEBUG org.apache.http.headers - << Transfer-Encoding: chunked
19:15:48.906 [main] DEBUG org.apache.http.headers - << Connection: keep-alive
19:15:48.906 [main] DEBUG org.apache.http.headers - << WWW-Authenticate: Basic realm="JsonRPC"
19:15:48.906 [main] DEBUG org.apache.http.impl.client.DefaultHttpClient - Connection can be kept alive indefinitely
19:15:48.906 [main] DEBUG org.apache.http.impl.client.DefaultHttpClient - Authentication required
19:15:48.906 [main] DEBUG org.apache.http.impl.client.DefaultHttpClient - localhost:81 requested authentication
19:15:48.906 [main] DEBUG org.apache.http.impl.client.TargetAuthenticationStrategy - Authentication schemes in the order of preference: [Negotiate, Kerberos, NTLM, CredSSP, Digest, Basic]
19:15:48.906 [main] DEBUG org.apache.http.impl.client.TargetAuthenticationStrategy - Challenge for Negotiate authentication scheme not available
19:15:48.906 [main] DEBUG org.apache.http.impl.client.TargetAuthenticationStrategy - Challenge for Kerberos authentication scheme not available
19:15:48.906 [main] DEBUG org.apache.http.impl.client.TargetAuthenticationStrategy - Challenge for NTLM authentication scheme not available
19:15:48.906 [main] DEBUG org.apache.http.impl.client.TargetAuthenticationStrategy - Challenge for CredSSP authentication scheme not available
19:15:48.906 [main] DEBUG org.apache.http.impl.client.TargetAuthenticationStrategy - Challenge for Digest authentication scheme not available
19:15:48.906 [main] DEBUG org.apache.http.impl.client.DefaultHttpClient - Selected authentication options: [BASIC [complete=true]]
19:15:48.906 [main] DEBUG org.apache.http.wire -  << "49[\r][\n]"
19:15:48.906 [main] DEBUG org.apache.http.wire -  << "{"jsonrpc":"2.0","error":{"code":401,"message":"Unauthorized"},"id":null}"
19:15:48.906 [main] DEBUG org.apache.http.wire -  << "[\r][\n]"
19:15:48.906 [main] DEBUG org.apache.http.wire -  << "0[\r][\n]"
19:15:48.906 [main] DEBUG org.apache.http.wire -  << "[\r][\n]"
19:15:48.906 [main] DEBUG org.apache.http.client.protocol.RequestAddCookies - CookieSpec selected: ignoreCookies
19:15:48.906 [main] DEBUG org.apache.http.client.protocol.RequestAuthCache - Auth cache not set in the context
19:15:48.906 [main] DEBUG org.apache.http.client.protocol.RequestTargetAuthentication - Target auth state: CHALLENGED
19:15:48.906 [main] DEBUG org.apache.http.client.protocol.RequestTargetAuthentication - Generating response to an authentication challenge using basic scheme
19:15:48.906 [main] DEBUG org.apache.http.client.protocol.RequestProxyAuthentication - Proxy auth state: UNCHALLENGED
19:15:48.906 [main] DEBUG org.apache.http.impl.client.DefaultHttpClient - Attempt 2 to execute request
19:15:48.906 [main] DEBUG org.apache.http.impl.conn.DefaultClientConnection - Sending request: DELETE /jsonrpc.php HTTP/1.1
19:15:48.906 [main] DEBUG org.apache.http.wire -  >> "DELETE /jsonrpc.php HTTP/1.1[\r][\n]"
19:15:48.906 [main] DEBUG org.apache.http.wire -  >> "Accept: */*[\r][\n]"
19:15:48.906 [main] DEBUG org.apache.http.wire -  >> "Content-Type: text/plain; charset=ISO-8859-1[\r][\n]"
19:15:48.906 [main] DEBUG org.apache.http.wire -  >> "Content-Length: 73[\r][\n]"
19:15:48.906 [main] DEBUG org.apache.http.wire -  >> "Host: localhost:81[\r][\n]"
19:15:48.906 [main] DEBUG org.apache.http.wire -  >> "Connection: Keep-Alive[\r][\n]"
19:15:48.906 [main] DEBUG org.apache.http.wire -  >> "User-Agent: Apache-HttpClient/4.5.13 (Java/17)[\r][\n]"
19:15:48.906 [main] DEBUG org.apache.http.wire -  >> "Authorization: Basic YWRtaW46YWRtaW4=[\r][\n]"
19:15:48.906 [main] DEBUG org.apache.http.wire -  >> "Accept-Encoding: gzip,deflate[\r][\n]"
19:15:48.906 [main] DEBUG org.apache.http.wire -  >> "[\r][\n]"
19:15:48.906 [main] DEBUG org.apache.http.headers - >> DELETE /jsonrpc.php HTTP/1.1
19:15:48.906 [main] DEBUG org.apache.http.headers - >> Accept: */*
19:15:48.906 [main] DEBUG org.apache.http.headers - >> Content-Type: text/plain; charset=ISO-8859-1
19:15:48.906 [main] DEBUG org.apache.http.headers - >> Content-Length: 73
19:15:48.906 [main] DEBUG org.apache.http.headers - >> Host: localhost:81
19:15:48.906 [main] DEBUG org.apache.http.headers - >> Connection: Keep-Alive
19:15:48.906 [main] DEBUG org.apache.http.headers - >> User-Agent: Apache-HttpClient/4.5.13 (Java/17)
19:15:48.906 [main] DEBUG org.apache.http.headers - >> Authorization: Basic YWRtaW46YWRtaW4=
19:15:48.906 [main] DEBUG org.apache.http.headers - >> Accept-Encoding: gzip,deflate
19:15:48.906 [main] DEBUG org.apache.http.wire -  >> "{"jsonrpc":"2.0","method":"removeUser","id":234,"params":{"user_id":392}}"
19:15:48.998 [main] DEBUG org.apache.http.wire -  << "HTTP/1.1 200 OK[\r][\n]"
19:15:48.998 [main] DEBUG org.apache.http.wire -  << "Server: nginx[\r][\n]"
19:15:48.998 [main] DEBUG org.apache.http.wire -  << "Date: Wed, 26 Jul 2023 16:15:48 GMT[\r][\n]"
19:15:48.998 [main] DEBUG org.apache.http.wire -  << "Content-Type: application/json[\r][\n]"
19:15:48.998 [main] DEBUG org.apache.http.wire -  << "Transfer-Encoding: chunked[\r][\n]"
19:15:48.998 [main] DEBUG org.apache.http.wire -  << "Connection: keep-alive[\r][\n]"
19:15:48.998 [main] DEBUG org.apache.http.wire -  << "Vary: Accept-Encoding[\r][\n]"
19:15:48.998 [main] DEBUG org.apache.http.wire -  << "Content-Encoding: gzip[\r][\n]"
19:15:48.998 [main] DEBUG org.apache.http.wire -  << "[\r][\n]"
19:15:48.998 [main] DEBUG org.apache.http.impl.conn.DefaultClientConnection - Receiving response: HTTP/1.1 200 OK
19:15:48.998 [main] DEBUG org.apache.http.headers - << HTTP/1.1 200 OK
19:15:48.998 [main] DEBUG org.apache.http.headers - << Server: nginx
19:15:48.998 [main] DEBUG org.apache.http.headers - << Date: Wed, 26 Jul 2023 16:15:48 GMT
19:15:48.998 [main] DEBUG org.apache.http.headers - << Content-Type: application/json
19:15:48.998 [main] DEBUG org.apache.http.headers - << Transfer-Encoding: chunked
19:15:48.998 [main] DEBUG org.apache.http.headers - << Connection: keep-alive
19:15:48.998 [main] DEBUG org.apache.http.headers - << Vary: Accept-Encoding
19:15:48.998 [main] DEBUG org.apache.http.headers - << Content-Encoding: gzip
19:15:48.998 [main] DEBUG org.apache.http.impl.client.DefaultHttpClient - Connection can be kept alive indefinitely
19:15:48.998 [main] DEBUG org.apache.http.impl.client.DefaultHttpClient - Authentication succeeded
19:15:48.999 [main] DEBUG org.apache.http.impl.client.TargetAuthenticationStrategy - Caching 'basic' auth scheme for http://localhost:81
19:15:48.999 [main] DEBUG io.restassured.internal.RestAssuredHttpBuilder - Parsing response as: application/json
19:15:48.999 [main] DEBUG org.apache.http.wire -  << "3c[\r][\n]"
19:15:48.999 [main] DEBUG org.apache.http.wire -  << "[0x1f][0x8b][0x8][0x0][0x0][0x0][0x0][0x0][0x0][0x3][0xab]V[0xca]*[0xce][0xcf]+*HV[0xb2]R2[0xd2]3P[0xd2]Q*J-.[0xcd])Q[0xb2]*)*M[0xd5]Q[0xca]LQ[0xb2]226[0xa9][0x5][0x0]q~[0x7][0xe8]([0x0][0x0][0x0]"
19:15:48.999 [main] DEBUG org.apache.http.wire -  << "[\r][\n]"
19:15:48.999 [main] DEBUG org.apache.http.wire -  << "0[\r][\n]"
19:15:48.999 [main] DEBUG org.apache.http.wire -  << "[\r][\n]"
19:15:48.999 [main] DEBUG io.restassured.internal.RestAssuredHttpBuilder - Parsed data to instance of: class org.apache.http.conn.EofSensorInputStream
19:15:48.999 [main] DEBUG org.apache.http.impl.conn.BasicClientConnectionManager - Releasing connection org.apache.http.impl.conn.ManagedClientConnectionImpl@49c555c3
19:15:48.999 [main] DEBUG org.apache.http.impl.conn.BasicClientConnectionManager - Connection can be kept alive indefinitely
{
    "jsonrpc": "2.0",
    "result": true,
    "id": 234
}
{
    "jsonrpc": "2.0",
    "result": true,
    "id": 234
}
Request method:	POST
Request URI:	http://localhost:81/jsonrpc.php
Proxy:			<none>
Request params:	<none>
Query params:	<none>
Form params:	<none>
Path params:	<none>
Headers:		Accept=*/*
				Content-Type=text/plain; charset=ISO-8859-1
Cookies:		<none>
Multiparts:		<none>
Body:
{"jsonrpc":"2.0","method":"createUser","id":123123,"params":{"username":"kyryloAPITestLogin","password":"kyryloAPITestPassword","name":"kyrylo","email":"kyryloAPITest@mail.com","role":"app-manager"}}
19:15:49.017 [main] DEBUG org.apache.http.impl.conn.BasicClientConnectionManager - Get connection for route {}->http://localhost:81
19:15:49.017 [main] DEBUG org.apache.http.impl.conn.DefaultClientConnectionOperator - Connecting to localhost:81
19:15:49.018 [main] DEBUG org.apache.http.client.protocol.RequestAddCookies - CookieSpec selected: ignoreCookies
19:15:49.018 [main] DEBUG org.apache.http.client.protocol.RequestAuthCache - Auth cache not set in the context
19:15:49.018 [main] DEBUG org.apache.http.client.protocol.RequestTargetAuthentication - Target auth state: UNCHALLENGED
19:15:49.018 [main] DEBUG org.apache.http.client.protocol.RequestProxyAuthentication - Proxy auth state: UNCHALLENGED
19:15:49.018 [main] DEBUG org.apache.http.impl.client.DefaultHttpClient - Attempt 1 to execute request
19:15:49.018 [main] DEBUG org.apache.http.impl.conn.DefaultClientConnection - Sending request: POST /jsonrpc.php HTTP/1.1
19:15:49.018 [main] DEBUG org.apache.http.wire -  >> "POST /jsonrpc.php HTTP/1.1[\r][\n]"
19:15:49.018 [main] DEBUG org.apache.http.wire -  >> "Accept: */*[\r][\n]"
19:15:49.018 [main] DEBUG org.apache.http.wire -  >> "Content-Type: text/plain; charset=ISO-8859-1[\r][\n]"
19:15:49.018 [main] DEBUG org.apache.http.wire -  >> "Content-Length: 199[\r][\n]"
19:15:49.018 [main] DEBUG org.apache.http.wire -  >> "Host: localhost:81[\r][\n]"
19:15:49.018 [main] DEBUG org.apache.http.wire -  >> "Connection: Keep-Alive[\r][\n]"
19:15:49.018 [main] DEBUG org.apache.http.wire -  >> "User-Agent: Apache-HttpClient/4.5.13 (Java/17)[\r][\n]"
19:15:49.018 [main] DEBUG org.apache.http.wire -  >> "Accept-Encoding: gzip,deflate[\r][\n]"
19:15:49.018 [main] DEBUG org.apache.http.wire -  >> "[\r][\n]"
19:15:49.018 [main] DEBUG org.apache.http.headers - >> POST /jsonrpc.php HTTP/1.1
19:15:49.018 [main] DEBUG org.apache.http.headers - >> Accept: */*
19:15:49.018 [main] DEBUG org.apache.http.headers - >> Content-Type: text/plain; charset=ISO-8859-1
19:15:49.018 [main] DEBUG org.apache.http.headers - >> Content-Length: 199
19:15:49.018 [main] DEBUG org.apache.http.headers - >> Host: localhost:81
19:15:49.018 [main] DEBUG org.apache.http.headers - >> Connection: Keep-Alive
19:15:49.018 [main] DEBUG org.apache.http.headers - >> User-Agent: Apache-HttpClient/4.5.13 (Java/17)
19:15:49.018 [main] DEBUG org.apache.http.headers - >> Accept-Encoding: gzip,deflate
19:15:49.019 [main] DEBUG org.apache.http.wire -  >> "{"jsonrpc":"2.0","method":"createUser","id":123123,"params":{"username":"kyryloAPITestLogin","password":"kyryloAPITestPassword","name":"kyrylo","email":"kyryloAPITest@mail.com","role":"app-manager"}}"
19:15:49.028 [main] DEBUG org.apache.http.wire -  << "HTTP/1.1 401 Unauthorized[\r][\n]"
19:15:49.029 [main] DEBUG org.apache.http.wire -  << "Server: nginx[\r][\n]"
19:15:49.029 [main] DEBUG org.apache.http.wire -  << "Date: Wed, 26 Jul 2023 16:15:49 GMT[\r][\n]"
19:15:49.029 [main] DEBUG org.apache.http.wire -  << "Content-Type: application/json[\r][\n]"
19:15:49.029 [main] DEBUG org.apache.http.wire -  << "Transfer-Encoding: chunked[\r][\n]"
19:15:49.029 [main] DEBUG org.apache.http.wire -  << "Connection: keep-alive[\r][\n]"
19:15:49.029 [main] DEBUG org.apache.http.wire -  << "WWW-Authenticate: Basic realm="JsonRPC"[\r][\n]"
19:15:49.029 [main] DEBUG org.apache.http.wire -  << "[\r][\n]"
19:15:49.029 [main] DEBUG org.apache.http.impl.conn.DefaultClientConnection - Receiving response: HTTP/1.1 401 Unauthorized
19:15:49.029 [main] DEBUG org.apache.http.headers - << HTTP/1.1 401 Unauthorized
19:15:49.029 [main] DEBUG org.apache.http.headers - << Server: nginx
19:15:49.029 [main] DEBUG org.apache.http.headers - << Date: Wed, 26 Jul 2023 16:15:49 GMT
19:15:49.029 [main] DEBUG org.apache.http.headers - << Content-Type: application/json
19:15:49.029 [main] DEBUG org.apache.http.headers - << Transfer-Encoding: chunked
19:15:49.029 [main] DEBUG org.apache.http.headers - << Connection: keep-alive
19:15:49.029 [main] DEBUG org.apache.http.headers - << WWW-Authenticate: Basic realm="JsonRPC"
19:15:49.029 [main] DEBUG org.apache.http.impl.client.DefaultHttpClient - Connection can be kept alive indefinitely
19:15:49.029 [main] DEBUG org.apache.http.impl.client.DefaultHttpClient - Authentication required
19:15:49.029 [main] DEBUG org.apache.http.impl.client.DefaultHttpClient - localhost:81 requested authentication
19:15:49.029 [main] DEBUG org.apache.http.impl.client.TargetAuthenticationStrategy - Authentication schemes in the order of preference: [Negotiate, Kerberos, NTLM, CredSSP, Digest, Basic]
19:15:49.029 [main] DEBUG org.apache.http.impl.client.TargetAuthenticationStrategy - Challenge for Negotiate authentication scheme not available
19:15:49.029 [main] DEBUG org.apache.http.impl.client.TargetAuthenticationStrategy - Challenge for Kerberos authentication scheme not available
19:15:49.029 [main] DEBUG org.apache.http.impl.client.TargetAuthenticationStrategy - Challenge for NTLM authentication scheme not available
19:15:49.029 [main] DEBUG org.apache.http.impl.client.TargetAuthenticationStrategy - Challenge for CredSSP authentication scheme not available
19:15:49.029 [main] DEBUG org.apache.http.impl.client.TargetAuthenticationStrategy - Challenge for Digest authentication scheme not available
19:15:49.029 [main] DEBUG org.apache.http.impl.client.DefaultHttpClient - Selected authentication options: [BASIC [complete=true]]
19:15:49.029 [main] DEBUG org.apache.http.wire -  << "49[\r][\n]"
19:15:49.029 [main] DEBUG org.apache.http.wire -  << "{"jsonrpc":"2.0","error":{"code":401,"message":"Unauthorized"},"id":null}"
19:15:49.029 [main] DEBUG org.apache.http.wire -  << "[\r][\n]"
19:15:49.029 [main] DEBUG org.apache.http.wire -  << "0[\r][\n]"
19:15:49.029 [main] DEBUG org.apache.http.wire -  << "[\r][\n]"
19:15:49.029 [main] DEBUG org.apache.http.client.protocol.RequestAddCookies - CookieSpec selected: ignoreCookies
19:15:49.029 [main] DEBUG org.apache.http.client.protocol.RequestAuthCache - Auth cache not set in the context
19:15:49.029 [main] DEBUG org.apache.http.client.protocol.RequestTargetAuthentication - Target auth state: CHALLENGED
19:15:49.029 [main] DEBUG org.apache.http.client.protocol.RequestTargetAuthentication - Generating response to an authentication challenge using basic scheme
19:15:49.029 [main] DEBUG org.apache.http.client.protocol.RequestProxyAuthentication - Proxy auth state: UNCHALLENGED
19:15:49.029 [main] DEBUG org.apache.http.impl.client.DefaultHttpClient - Attempt 2 to execute request
19:15:49.029 [main] DEBUG org.apache.http.impl.conn.DefaultClientConnection - Sending request: POST /jsonrpc.php HTTP/1.1
19:15:49.029 [main] DEBUG org.apache.http.wire -  >> "POST /jsonrpc.php HTTP/1.1[\r][\n]"
19:15:49.029 [main] DEBUG org.apache.http.wire -  >> "Accept: */*[\r][\n]"
19:15:49.029 [main] DEBUG org.apache.http.wire -  >> "Content-Type: text/plain; charset=ISO-8859-1[\r][\n]"
19:15:49.029 [main] DEBUG org.apache.http.wire -  >> "Content-Length: 199[\r][\n]"
19:15:49.029 [main] DEBUG org.apache.http.wire -  >> "Host: localhost:81[\r][\n]"
19:15:49.029 [main] DEBUG org.apache.http.wire -  >> "Connection: Keep-Alive[\r][\n]"
19:15:49.029 [main] DEBUG org.apache.http.wire -  >> "User-Agent: Apache-HttpClient/4.5.13 (Java/17)[\r][\n]"
19:15:49.029 [main] DEBUG org.apache.http.wire -  >> "Authorization: Basic YWRtaW46YWRtaW4=[\r][\n]"
19:15:49.029 [main] DEBUG org.apache.http.wire -  >> "Accept-Encoding: gzip,deflate[\r][\n]"
19:15:49.029 [main] DEBUG org.apache.http.wire -  >> "[\r][\n]"
19:15:49.029 [main] DEBUG org.apache.http.headers - >> POST /jsonrpc.php HTTP/1.1
19:15:49.029 [main] DEBUG org.apache.http.headers - >> Accept: */*
19:15:49.029 [main] DEBUG org.apache.http.headers - >> Content-Type: text/plain; charset=ISO-8859-1
19:15:49.029 [main] DEBUG org.apache.http.headers - >> Content-Length: 199
19:15:49.029 [main] DEBUG org.apache.http.headers - >> Host: localhost:81
19:15:49.029 [main] DEBUG org.apache.http.headers - >> Connection: Keep-Alive
19:15:49.029 [main] DEBUG org.apache.http.headers - >> User-Agent: Apache-HttpClient/4.5.13 (Java/17)
19:15:49.029 [main] DEBUG org.apache.http.headers - >> Authorization: Basic YWRtaW46YWRtaW4=
19:15:49.029 [main] DEBUG org.apache.http.headers - >> Accept-Encoding: gzip,deflate
19:15:49.030 [main] DEBUG org.apache.http.wire -  >> "{"jsonrpc":"2.0","method":"createUser","id":123123,"params":{"username":"kyryloAPITestLogin","password":"kyryloAPITestPassword","name":"kyrylo","email":"kyryloAPITest@mail.com","role":"app-manager"}}"
19:15:49.190 [main] DEBUG org.apache.http.wire -  << "HTTP/1.1 200 OK[\r][\n]"
19:15:49.190 [main] DEBUG org.apache.http.wire -  << "Server: nginx[\r][\n]"
19:15:49.190 [main] DEBUG org.apache.http.wire -  << "Date: Wed, 26 Jul 2023 16:15:49 GMT[\r][\n]"
19:15:49.190 [main] DEBUG org.apache.http.wire -  << "Content-Type: application/json[\r][\n]"
19:15:49.190 [main] DEBUG org.apache.http.wire -  << "Transfer-Encoding: chunked[\r][\n]"
19:15:49.190 [main] DEBUG org.apache.http.wire -  << "Connection: keep-alive[\r][\n]"
19:15:49.190 [main] DEBUG org.apache.http.wire -  << "Vary: Accept-Encoding[\r][\n]"
19:15:49.190 [main] DEBUG org.apache.http.wire -  << "Content-Encoding: gzip[\r][\n]"
19:15:49.190 [main] DEBUG org.apache.http.wire -  << "[\r][\n]"
19:15:49.190 [main] DEBUG org.apache.http.impl.conn.DefaultClientConnection - Receiving response: HTTP/1.1 200 OK
19:15:49.190 [main] DEBUG org.apache.http.headers - << HTTP/1.1 200 OK
19:15:49.190 [main] DEBUG org.apache.http.headers - << Server: nginx
19:15:49.190 [main] DEBUG org.apache.http.headers - << Date: Wed, 26 Jul 2023 16:15:49 GMT
19:15:49.190 [main] DEBUG org.apache.http.headers - << Content-Type: application/json
19:15:49.190 [main] DEBUG org.apache.http.headers - << Transfer-Encoding: chunked
19:15:49.190 [main] DEBUG org.apache.http.headers - << Connection: keep-alive
19:15:49.190 [main] DEBUG org.apache.http.headers - << Vary: Accept-Encoding
19:15:49.190 [main] DEBUG org.apache.http.headers - << Content-Encoding: gzip
19:15:49.190 [main] DEBUG org.apache.http.impl.client.DefaultHttpClient - Connection can be kept alive indefinitely
19:15:49.190 [main] DEBUG org.apache.http.impl.client.DefaultHttpClient - Authentication succeeded
19:15:49.190 [main] DEBUG org.apache.http.impl.client.TargetAuthenticationStrategy - Caching 'basic' auth scheme for http://localhost:81
19:15:49.190 [main] DEBUG io.restassured.internal.RestAssuredHttpBuilder - Parsing response as: application/json
19:15:49.190 [main] DEBUG org.apache.http.wire -  << "3c[\r][\n]"
19:15:49.190 [main] DEBUG org.apache.http.wire -  << "[0x1f][0x8b][0x8][0x0][0x0][0x0][0x0][0x0][0x0][0x3][0xab]V[0xca]*[0xce][0xcf]+*HV[0xb2]R2[0xd2]3P[0xd2]Q*J-.[0xcd])Q[0xb2]2[0xb6]4[0xd6]Q[0xca]LQ[0xb2]242[0x6][0xa2]Z[0x0][0xee][0x8a][0x1b][0xfb]*[0x0][0x0][0x0]"
19:15:49.190 [main] DEBUG org.apache.http.wire -  << "[\r][\n]"
19:15:49.190 [main] DEBUG org.apache.http.wire -  << "0[\r][\n]"
19:15:49.190 [main] DEBUG org.apache.http.wire -  << "[\r][\n]"
19:15:49.190 [main] DEBUG io.restassured.internal.RestAssuredHttpBuilder - Parsed data to instance of: class org.apache.http.conn.EofSensorInputStream
19:15:49.191 [main] DEBUG org.apache.http.impl.conn.BasicClientConnectionManager - Releasing connection org.apache.http.impl.conn.ManagedClientConnectionImpl@1fe2c5ad
19:15:49.191 [main] DEBUG org.apache.http.impl.conn.BasicClientConnectionManager - Connection can be kept alive indefinitely
{
    "jsonrpc": "2.0",
    "result": 393,
    "id": 123123
}
{
    "jsonrpc": "2.0",
    "result": 393,
    "id": 123123
}
Request method:	POST
Request URI:	http://localhost:81/jsonrpc.php
Proxy:			<none>
Request params:	<none>
Query params:	<none>
Form params:	<none>
Path params:	<none>
Headers:		Accept=*/*
				Content-Type=text/plain; charset=ISO-8859-1
Cookies:		<none>
Multiparts:		<none>
Body:
{"jsonrpc":"2.0","method":"createProject","id":345,"params":{"name":"API_Project","description":"API_Project Description","owner_id":393}}
19:15:49.206 [main] DEBUG org.apache.http.impl.conn.BasicClientConnectionManager - Get connection for route {}->http://localhost:81
19:15:49.207 [main] DEBUG org.apache.http.impl.conn.DefaultClientConnectionOperator - Connecting to localhost:81
19:15:49.208 [main] DEBUG org.apache.http.client.protocol.RequestAddCookies - CookieSpec selected: ignoreCookies
19:15:49.208 [main] DEBUG org.apache.http.client.protocol.RequestAuthCache - Auth cache not set in the context
19:15:49.208 [main] DEBUG org.apache.http.client.protocol.RequestTargetAuthentication - Target auth state: UNCHALLENGED
19:15:49.208 [main] DEBUG org.apache.http.client.protocol.RequestProxyAuthentication - Proxy auth state: UNCHALLENGED
19:15:49.208 [main] DEBUG org.apache.http.impl.client.DefaultHttpClient - Attempt 1 to execute request
19:15:49.208 [main] DEBUG org.apache.http.impl.conn.DefaultClientConnection - Sending request: POST /jsonrpc.php HTTP/1.1
19:15:49.208 [main] DEBUG org.apache.http.wire -  >> "POST /jsonrpc.php HTTP/1.1[\r][\n]"
19:15:49.208 [main] DEBUG org.apache.http.wire -  >> "Accept: */*[\r][\n]"
19:15:49.208 [main] DEBUG org.apache.http.wire -  >> "Content-Type: text/plain; charset=ISO-8859-1[\r][\n]"
19:15:49.208 [main] DEBUG org.apache.http.wire -  >> "Content-Length: 138[\r][\n]"
19:15:49.208 [main] DEBUG org.apache.http.wire -  >> "Host: localhost:81[\r][\n]"
19:15:49.208 [main] DEBUG org.apache.http.wire -  >> "Connection: Keep-Alive[\r][\n]"
19:15:49.208 [main] DEBUG org.apache.http.wire -  >> "User-Agent: Apache-HttpClient/4.5.13 (Java/17)[\r][\n]"
19:15:49.208 [main] DEBUG org.apache.http.wire -  >> "Accept-Encoding: gzip,deflate[\r][\n]"
19:15:49.208 [main] DEBUG org.apache.http.wire -  >> "[\r][\n]"
19:15:49.208 [main] DEBUG org.apache.http.headers - >> POST /jsonrpc.php HTTP/1.1
19:15:49.208 [main] DEBUG org.apache.http.headers - >> Accept: */*
19:15:49.208 [main] DEBUG org.apache.http.headers - >> Content-Type: text/plain; charset=ISO-8859-1
19:15:49.208 [main] DEBUG org.apache.http.headers - >> Content-Length: 138
19:15:49.208 [main] DEBUG org.apache.http.headers - >> Host: localhost:81
19:15:49.208 [main] DEBUG org.apache.http.headers - >> Connection: Keep-Alive
19:15:49.208 [main] DEBUG org.apache.http.headers - >> User-Agent: Apache-HttpClient/4.5.13 (Java/17)
19:15:49.208 [main] DEBUG org.apache.http.headers - >> Accept-Encoding: gzip,deflate
19:15:49.208 [main] DEBUG org.apache.http.wire -  >> "{"jsonrpc":"2.0","method":"createProject","id":345,"params":{"name":"API_Project","description":"API_Project Description","owner_id":393}}"
19:15:49.214 [main] DEBUG org.apache.http.wire -  << "HTTP/1.1 401 Unauthorized[\r][\n]"
19:15:49.214 [main] DEBUG org.apache.http.wire -  << "Server: nginx[\r][\n]"
19:15:49.214 [main] DEBUG org.apache.http.wire -  << "Date: Wed, 26 Jul 2023 16:15:49 GMT[\r][\n]"
19:15:49.214 [main] DEBUG org.apache.http.wire -  << "Content-Type: application/json[\r][\n]"
19:15:49.214 [main] DEBUG org.apache.http.wire -  << "Transfer-Encoding: chunked[\r][\n]"
19:15:49.214 [main] DEBUG org.apache.http.wire -  << "Connection: keep-alive[\r][\n]"
19:15:49.214 [main] DEBUG org.apache.http.wire -  << "WWW-Authenticate: Basic realm="JsonRPC"[\r][\n]"
19:15:49.214 [main] DEBUG org.apache.http.wire -  << "[\r][\n]"
19:15:49.214 [main] DEBUG org.apache.http.impl.conn.DefaultClientConnection - Receiving response: HTTP/1.1 401 Unauthorized
19:15:49.214 [main] DEBUG org.apache.http.headers - << HTTP/1.1 401 Unauthorized
19:15:49.214 [main] DEBUG org.apache.http.headers - << Server: nginx
19:15:49.214 [main] DEBUG org.apache.http.headers - << Date: Wed, 26 Jul 2023 16:15:49 GMT
19:15:49.214 [main] DEBUG org.apache.http.headers - << Content-Type: application/json
19:15:49.214 [main] DEBUG org.apache.http.headers - << Transfer-Encoding: chunked
19:15:49.214 [main] DEBUG org.apache.http.headers - << Connection: keep-alive
19:15:49.214 [main] DEBUG org.apache.http.headers - << WWW-Authenticate: Basic realm="JsonRPC"
19:15:49.214 [main] DEBUG org.apache.http.impl.client.DefaultHttpClient - Connection can be kept alive indefinitely
19:15:49.214 [main] DEBUG org.apache.http.impl.client.DefaultHttpClient - Authentication required
19:15:49.214 [main] DEBUG org.apache.http.impl.client.DefaultHttpClient - localhost:81 requested authentication
19:15:49.214 [main] DEBUG org.apache.http.impl.client.TargetAuthenticationStrategy - Authentication schemes in the order of preference: [Negotiate, Kerberos, NTLM, CredSSP, Digest, Basic]
19:15:49.214 [main] DEBUG org.apache.http.impl.client.TargetAuthenticationStrategy - Challenge for Negotiate authentication scheme not available
19:15:49.214 [main] DEBUG org.apache.http.impl.client.TargetAuthenticationStrategy - Challenge for Kerberos authentication scheme not available
19:15:49.214 [main] DEBUG org.apache.http.impl.client.TargetAuthenticationStrategy - Challenge for NTLM authentication scheme not available
19:15:49.214 [main] DEBUG org.apache.http.impl.client.TargetAuthenticationStrategy - Challenge for CredSSP authentication scheme not available
19:15:49.214 [main] DEBUG org.apache.http.impl.client.TargetAuthenticationStrategy - Challenge for Digest authentication scheme not available
19:15:49.214 [main] DEBUG org.apache.http.impl.client.DefaultHttpClient - Selected authentication options: [BASIC [complete=true]]
19:15:49.214 [main] DEBUG org.apache.http.wire -  << "49[\r][\n]"
19:15:49.214 [main] DEBUG org.apache.http.wire -  << "{"jsonrpc":"2.0","error":{"code":401,"message":"Unauthorized"},"id":null}"
19:15:49.214 [main] DEBUG org.apache.http.wire -  << "[\r][\n]"
19:15:49.214 [main] DEBUG org.apache.http.wire -  << "0[\r][\n]"
19:15:49.214 [main] DEBUG org.apache.http.wire -  << "[\r][\n]"
19:15:49.215 [main] DEBUG org.apache.http.client.protocol.RequestAddCookies - CookieSpec selected: ignoreCookies
19:15:49.215 [main] DEBUG org.apache.http.client.protocol.RequestAuthCache - Auth cache not set in the context
19:15:49.215 [main] DEBUG org.apache.http.client.protocol.RequestTargetAuthentication - Target auth state: CHALLENGED
19:15:49.215 [main] DEBUG org.apache.http.client.protocol.RequestTargetAuthentication - Generating response to an authentication challenge using basic scheme
19:15:49.215 [main] DEBUG org.apache.http.client.protocol.RequestProxyAuthentication - Proxy auth state: UNCHALLENGED
19:15:49.215 [main] DEBUG org.apache.http.impl.client.DefaultHttpClient - Attempt 2 to execute request
19:15:49.215 [main] DEBUG org.apache.http.impl.conn.DefaultClientConnection - Sending request: POST /jsonrpc.php HTTP/1.1
19:15:49.215 [main] DEBUG org.apache.http.wire -  >> "POST /jsonrpc.php HTTP/1.1[\r][\n]"
19:15:49.215 [main] DEBUG org.apache.http.wire -  >> "Accept: */*[\r][\n]"
19:15:49.215 [main] DEBUG org.apache.http.wire -  >> "Content-Type: text/plain; charset=ISO-8859-1[\r][\n]"
19:15:49.215 [main] DEBUG org.apache.http.wire -  >> "Content-Length: 138[\r][\n]"
19:15:49.215 [main] DEBUG org.apache.http.wire -  >> "Host: localhost:81[\r][\n]"
19:15:49.215 [main] DEBUG org.apache.http.wire -  >> "Connection: Keep-Alive[\r][\n]"
19:15:49.215 [main] DEBUG org.apache.http.wire -  >> "User-Agent: Apache-HttpClient/4.5.13 (Java/17)[\r][\n]"
19:15:49.215 [main] DEBUG org.apache.http.wire -  >> "Authorization: Basic a3lyeWxvQVBJVGVzdExvZ2luOmt5cnlsb0FQSVRlc3RQYXNzd29yZA==[\r][\n]"
19:15:49.215 [main] DEBUG org.apache.http.wire -  >> "Accept-Encoding: gzip,deflate[\r][\n]"
19:15:49.215 [main] DEBUG org.apache.http.wire -  >> "[\r][\n]"
19:15:49.215 [main] DEBUG org.apache.http.headers - >> POST /jsonrpc.php HTTP/1.1
19:15:49.215 [main] DEBUG org.apache.http.headers - >> Accept: */*
19:15:49.215 [main] DEBUG org.apache.http.headers - >> Content-Type: text/plain; charset=ISO-8859-1
19:15:49.215 [main] DEBUG org.apache.http.headers - >> Content-Length: 138
19:15:49.215 [main] DEBUG org.apache.http.headers - >> Host: localhost:81
19:15:49.215 [main] DEBUG org.apache.http.headers - >> Connection: Keep-Alive
19:15:49.215 [main] DEBUG org.apache.http.headers - >> User-Agent: Apache-HttpClient/4.5.13 (Java/17)
19:15:49.215 [main] DEBUG org.apache.http.headers - >> Authorization: Basic a3lyeWxvQVBJVGVzdExvZ2luOmt5cnlsb0FQSVRlc3RQYXNzd29yZA==
19:15:49.215 [main] DEBUG org.apache.http.headers - >> Accept-Encoding: gzip,deflate
19:15:49.215 [main] DEBUG org.apache.http.wire -  >> "{"jsonrpc":"2.0","method":"createProject","id":345,"params":{"name":"API_Project","description":"API_Project Description","owner_id":393}}"
19:15:49.312 [main] DEBUG org.apache.http.wire -  << "HTTP/1.1 200 OK[\r][\n]"
19:15:49.312 [main] DEBUG org.apache.http.wire -  << "Server: nginx[\r][\n]"
19:15:49.312 [main] DEBUG org.apache.http.wire -  << "Date: Wed, 26 Jul 2023 16:15:49 GMT[\r][\n]"
19:15:49.312 [main] DEBUG org.apache.http.wire -  << "Content-Type: application/json[\r][\n]"
19:15:49.312 [main] DEBUG org.apache.http.wire -  << "Transfer-Encoding: chunked[\r][\n]"
19:15:49.312 [main] DEBUG org.apache.http.wire -  << "Connection: keep-alive[\r][\n]"
19:15:49.312 [main] DEBUG org.apache.http.wire -  << "Vary: Accept-Encoding[\r][\n]"
19:15:49.312 [main] DEBUG org.apache.http.wire -  << "Content-Encoding: gzip[\r][\n]"
19:15:49.312 [main] DEBUG org.apache.http.wire -  << "[\r][\n]"
19:15:49.312 [main] DEBUG org.apache.http.impl.conn.DefaultClientConnection - Receiving response: HTTP/1.1 200 OK
19:15:49.312 [main] DEBUG org.apache.http.headers - << HTTP/1.1 200 OK
19:15:49.312 [main] DEBUG org.apache.http.headers - << Server: nginx
19:15:49.312 [main] DEBUG org.apache.http.headers - << Date: Wed, 26 Jul 2023 16:15:49 GMT
19:15:49.312 [main] DEBUG org.apache.http.headers - << Content-Type: application/json
19:15:49.312 [main] DEBUG org.apache.http.headers - << Transfer-Encoding: chunked
19:15:49.312 [main] DEBUG org.apache.http.headers - << Connection: keep-alive
19:15:49.312 [main] DEBUG org.apache.http.headers - << Vary: Accept-Encoding
19:15:49.312 [main] DEBUG org.apache.http.headers - << Content-Encoding: gzip
19:15:49.312 [main] DEBUG org.apache.http.impl.client.DefaultHttpClient - Connection can be kept alive indefinitely
19:15:49.312 [main] DEBUG org.apache.http.impl.client.DefaultHttpClient - Authentication succeeded
19:15:49.312 [main] DEBUG org.apache.http.impl.client.TargetAuthenticationStrategy - Caching 'basic' auth scheme for http://localhost:81
19:15:49.313 [main] DEBUG io.restassured.internal.RestAssuredHttpBuilder - Parsing response as: application/json
19:15:49.313 [main] DEBUG org.apache.http.wire -  << "3b[\r][\n]"
19:15:49.313 [main] DEBUG org.apache.http.wire -  << "[0x1f][0x8b][0x8][0x0][0x0][0x0][0x0][0x0][0x0][0x3][0xab]V[0xca]*[0xce][0xcf]+*HV[0xb2]R2[0xd2]3P[0xd2]Q*J-.[0xcd])Q[0xb2]223[0xd7]Q[0xca]LQ[0xb2]261[0xad][0x5][0x0][0xf0]@[0xea][0x6]'[0x0][0x0][0x0]"
19:15:49.313 [main] DEBUG org.apache.http.wire -  << "[\r][\n]"
19:15:49.313 [main] DEBUG org.apache.http.wire -  << "0[\r][\n]"
19:15:49.313 [main] DEBUG org.apache.http.wire -  << "[\r][\n]"
19:15:49.313 [main] DEBUG io.restassured.internal.RestAssuredHttpBuilder - Parsed data to instance of: class org.apache.http.conn.EofSensorInputStream
19:15:49.313 [main] DEBUG org.apache.http.impl.conn.BasicClientConnectionManager - Releasing connection org.apache.http.impl.conn.ManagedClientConnectionImpl@344cf00f
19:15:49.313 [main] DEBUG org.apache.http.impl.conn.BasicClientConnectionManager - Connection can be kept alive indefinitely
{
    "jsonrpc": "2.0",
    "result": 267,
    "id": 345
}
{
    "jsonrpc": "2.0",
    "result": 267,
    "id": 345
}
Request method:	POST
Request URI:	http://localhost:81/jsonrpc.php
Proxy:			<none>
Request params:	<none>
Query params:	<none>
Form params:	<none>
Path params:	<none>
Headers:		Accept=*/*
				Content-Type=text/plain; charset=ISO-8859-1
Cookies:		<none>
Multiparts:		<none>
Body:
{"jsonrpc":"2.0","method":"createTask","id":678,"params":{"title":"API_TASK","description":"API_DESCRIPTION","color_id":"green","owner_id":393,"column_id":54,"priority":1,"project_id":267}}
19:15:49.322 [main] DEBUG org.apache.http.impl.conn.BasicClientConnectionManager - Get connection for route {}->http://localhost:81
19:15:49.322 [main] DEBUG org.apache.http.impl.conn.DefaultClientConnectionOperator - Connecting to localhost:81
19:15:49.324 [main] DEBUG org.apache.http.client.protocol.RequestAddCookies - CookieSpec selected: ignoreCookies
19:15:49.324 [main] DEBUG org.apache.http.client.protocol.RequestAuthCache - Auth cache not set in the context
19:15:49.324 [main] DEBUG org.apache.http.client.protocol.RequestTargetAuthentication - Target auth state: UNCHALLENGED
19:15:49.324 [main] DEBUG org.apache.http.client.protocol.RequestProxyAuthentication - Proxy auth state: UNCHALLENGED
19:15:49.324 [main] DEBUG org.apache.http.impl.client.DefaultHttpClient - Attempt 1 to execute request
19:15:49.324 [main] DEBUG org.apache.http.impl.conn.DefaultClientConnection - Sending request: POST /jsonrpc.php HTTP/1.1
19:15:49.324 [main] DEBUG org.apache.http.wire -  >> "POST /jsonrpc.php HTTP/1.1[\r][\n]"
19:15:49.324 [main] DEBUG org.apache.http.wire -  >> "Accept: */*[\r][\n]"
19:15:49.324 [main] DEBUG org.apache.http.wire -  >> "Content-Type: text/plain; charset=ISO-8859-1[\r][\n]"
19:15:49.324 [main] DEBUG org.apache.http.wire -  >> "Content-Length: 189[\r][\n]"
19:15:49.324 [main] DEBUG org.apache.http.wire -  >> "Host: localhost:81[\r][\n]"
19:15:49.324 [main] DEBUG org.apache.http.wire -  >> "Connection: Keep-Alive[\r][\n]"
19:15:49.324 [main] DEBUG org.apache.http.wire -  >> "User-Agent: Apache-HttpClient/4.5.13 (Java/17)[\r][\n]"
19:15:49.324 [main] DEBUG org.apache.http.wire -  >> "Accept-Encoding: gzip,deflate[\r][\n]"
19:15:49.324 [main] DEBUG org.apache.http.wire -  >> "[\r][\n]"
19:15:49.324 [main] DEBUG org.apache.http.headers - >> POST /jsonrpc.php HTTP/1.1
19:15:49.324 [main] DEBUG org.apache.http.headers - >> Accept: */*
19:15:49.324 [main] DEBUG org.apache.http.headers - >> Content-Type: text/plain; charset=ISO-8859-1
19:15:49.324 [main] DEBUG org.apache.http.headers - >> Content-Length: 189
19:15:49.324 [main] DEBUG org.apache.http.headers - >> Host: localhost:81
19:15:49.324 [main] DEBUG org.apache.http.headers - >> Connection: Keep-Alive
19:15:49.324 [main] DEBUG org.apache.http.headers - >> User-Agent: Apache-HttpClient/4.5.13 (Java/17)
19:15:49.324 [main] DEBUG org.apache.http.headers - >> Accept-Encoding: gzip,deflate
19:15:49.324 [main] DEBUG org.apache.http.wire -  >> "{"jsonrpc":"2.0","method":"createTask","id":678,"params":{"title":"API_TASK","description":"API_DESCRIPTION","color_id":"green","owner_id":393,"column_id":54,"priority":1,"project_id":267}}"
19:15:49.337 [main] DEBUG org.apache.http.wire -  << "HTTP/1.1 401 Unauthorized[\r][\n]"
19:15:49.337 [main] DEBUG org.apache.http.wire -  << "Server: nginx[\r][\n]"
19:15:49.337 [main] DEBUG org.apache.http.wire -  << "Date: Wed, 26 Jul 2023 16:15:49 GMT[\r][\n]"
19:15:49.337 [main] DEBUG org.apache.http.wire -  << "Content-Type: application/json[\r][\n]"
19:15:49.337 [main] DEBUG org.apache.http.wire -  << "Transfer-Encoding: chunked[\r][\n]"
19:15:49.337 [main] DEBUG org.apache.http.wire -  << "Connection: keep-alive[\r][\n]"
19:15:49.337 [main] DEBUG org.apache.http.wire -  << "WWW-Authenticate: Basic realm="JsonRPC"[\r][\n]"
19:15:49.337 [main] DEBUG org.apache.http.wire -  << "[\r][\n]"
19:15:49.337 [main] DEBUG org.apache.http.impl.conn.DefaultClientConnection - Receiving response: HTTP/1.1 401 Unauthorized
19:15:49.337 [main] DEBUG org.apache.http.headers - << HTTP/1.1 401 Unauthorized
19:15:49.337 [main] DEBUG org.apache.http.headers - << Server: nginx
19:15:49.337 [main] DEBUG org.apache.http.headers - << Date: Wed, 26 Jul 2023 16:15:49 GMT
19:15:49.337 [main] DEBUG org.apache.http.headers - << Content-Type: application/json
19:15:49.337 [main] DEBUG org.apache.http.headers - << Transfer-Encoding: chunked
19:15:49.337 [main] DEBUG org.apache.http.headers - << Connection: keep-alive
19:15:49.337 [main] DEBUG org.apache.http.headers - << WWW-Authenticate: Basic realm="JsonRPC"
19:15:49.337 [main] DEBUG org.apache.http.impl.client.DefaultHttpClient - Connection can be kept alive indefinitely
19:15:49.337 [main] DEBUG org.apache.http.impl.client.DefaultHttpClient - Authentication required
19:15:49.337 [main] DEBUG org.apache.http.impl.client.DefaultHttpClient - localhost:81 requested authentication
19:15:49.337 [main] DEBUG org.apache.http.impl.client.TargetAuthenticationStrategy - Authentication schemes in the order of preference: [Negotiate, Kerberos, NTLM, CredSSP, Digest, Basic]
19:15:49.337 [main] DEBUG org.apache.http.impl.client.TargetAuthenticationStrategy - Challenge for Negotiate authentication scheme not available
19:15:49.337 [main] DEBUG org.apache.http.impl.client.TargetAuthenticationStrategy - Challenge for Kerberos authentication scheme not available
19:15:49.337 [main] DEBUG org.apache.http.impl.client.TargetAuthenticationStrategy - Challenge for NTLM authentication scheme not available
19:15:49.337 [main] DEBUG org.apache.http.impl.client.TargetAuthenticationStrategy - Challenge for CredSSP authentication scheme not available
19:15:49.337 [main] DEBUG org.apache.http.impl.client.TargetAuthenticationStrategy - Challenge for Digest authentication scheme not available
19:15:49.337 [main] DEBUG org.apache.http.impl.client.DefaultHttpClient - Selected authentication options: [BASIC [complete=true]]
19:15:49.337 [main] DEBUG org.apache.http.wire -  << "49[\r][\n]"
19:15:49.337 [main] DEBUG org.apache.http.wire -  << "{"jsonrpc":"2.0","error":{"code":401,"message":"Unauthorized"},"id":null}"
19:15:49.337 [main] DEBUG org.apache.http.wire -  << "[\r][\n]"
19:15:49.337 [main] DEBUG org.apache.http.wire -  << "0[\r][\n]"
19:15:49.337 [main] DEBUG org.apache.http.wire -  << "[\r][\n]"
19:15:49.337 [main] DEBUG org.apache.http.client.protocol.RequestAddCookies - CookieSpec selected: ignoreCookies
19:15:49.337 [main] DEBUG org.apache.http.client.protocol.RequestAuthCache - Auth cache not set in the context
19:15:49.337 [main] DEBUG org.apache.http.client.protocol.RequestTargetAuthentication - Target auth state: CHALLENGED
19:15:49.337 [main] DEBUG org.apache.http.client.protocol.RequestTargetAuthentication - Generating response to an authentication challenge using basic scheme
19:15:49.337 [main] DEBUG org.apache.http.client.protocol.RequestProxyAuthentication - Proxy auth state: UNCHALLENGED
19:15:49.337 [main] DEBUG org.apache.http.impl.client.DefaultHttpClient - Attempt 2 to execute request
19:15:49.337 [main] DEBUG org.apache.http.impl.conn.DefaultClientConnection - Sending request: POST /jsonrpc.php HTTP/1.1
19:15:49.337 [main] DEBUG org.apache.http.wire -  >> "POST /jsonrpc.php HTTP/1.1[\r][\n]"
19:15:49.337 [main] DEBUG org.apache.http.wire -  >> "Accept: */*[\r][\n]"
19:15:49.337 [main] DEBUG org.apache.http.wire -  >> "Content-Type: text/plain; charset=ISO-8859-1[\r][\n]"
19:15:49.337 [main] DEBUG org.apache.http.wire -  >> "Content-Length: 189[\r][\n]"
19:15:49.337 [main] DEBUG org.apache.http.wire -  >> "Host: localhost:81[\r][\n]"
19:15:49.337 [main] DEBUG org.apache.http.wire -  >> "Connection: Keep-Alive[\r][\n]"
19:15:49.337 [main] DEBUG org.apache.http.wire -  >> "User-Agent: Apache-HttpClient/4.5.13 (Java/17)[\r][\n]"
19:15:49.337 [main] DEBUG org.apache.http.wire -  >> "Authorization: Basic a3lyeWxvQVBJVGVzdExvZ2luOmt5cnlsb0FQSVRlc3RQYXNzd29yZA==[\r][\n]"
19:15:49.337 [main] DEBUG org.apache.http.wire -  >> "Accept-Encoding: gzip,deflate[\r][\n]"
19:15:49.337 [main] DEBUG org.apache.http.wire -  >> "[\r][\n]"
19:15:49.337 [main] DEBUG org.apache.http.headers - >> POST /jsonrpc.php HTTP/1.1
19:15:49.337 [main] DEBUG org.apache.http.headers - >> Accept: */*
19:15:49.338 [main] DEBUG org.apache.http.headers - >> Content-Type: text/plain; charset=ISO-8859-1
19:15:49.338 [main] DEBUG org.apache.http.headers - >> Content-Length: 189
19:15:49.338 [main] DEBUG org.apache.http.headers - >> Host: localhost:81
19:15:49.338 [main] DEBUG org.apache.http.headers - >> Connection: Keep-Alive
19:15:49.338 [main] DEBUG org.apache.http.headers - >> User-Agent: Apache-HttpClient/4.5.13 (Java/17)
19:15:49.338 [main] DEBUG org.apache.http.headers - >> Authorization: Basic a3lyeWxvQVBJVGVzdExvZ2luOmt5cnlsb0FQSVRlc3RQYXNzd29yZA==
19:15:49.338 [main] DEBUG org.apache.http.headers - >> Accept-Encoding: gzip,deflate
19:15:49.338 [main] DEBUG org.apache.http.wire -  >> "{"jsonrpc":"2.0","method":"createTask","id":678,"params":{"title":"API_TASK","description":"API_DESCRIPTION","color_id":"green","owner_id":393,"column_id":54,"priority":1,"project_id":267}}"
19:15:49.458 [main] DEBUG org.apache.http.wire -  << "HTTP/1.1 200 OK[\r][\n]"
19:15:49.458 [main] DEBUG org.apache.http.wire -  << "Server: nginx[\r][\n]"
19:15:49.458 [main] DEBUG org.apache.http.wire -  << "Date: Wed, 26 Jul 2023 16:15:49 GMT[\r][\n]"
19:15:49.458 [main] DEBUG org.apache.http.wire -  << "Content-Type: application/json[\r][\n]"
19:15:49.458 [main] DEBUG org.apache.http.wire -  << "Transfer-Encoding: chunked[\r][\n]"
19:15:49.458 [main] DEBUG org.apache.http.wire -  << "Connection: keep-alive[\r][\n]"
19:15:49.458 [main] DEBUG org.apache.http.wire -  << "Vary: Accept-Encoding[\r][\n]"
19:15:49.458 [main] DEBUG org.apache.http.wire -  << "Content-Encoding: gzip[\r][\n]"
19:15:49.458 [main] DEBUG org.apache.http.wire -  << "[\r][\n]"
19:15:49.458 [main] DEBUG org.apache.http.impl.conn.DefaultClientConnection - Receiving response: HTTP/1.1 200 OK
19:15:49.459 [main] DEBUG org.apache.http.headers - << HTTP/1.1 200 OK
19:15:49.459 [main] DEBUG org.apache.http.headers - << Server: nginx
19:15:49.459 [main] DEBUG org.apache.http.headers - << Date: Wed, 26 Jul 2023 16:15:49 GMT
19:15:49.459 [main] DEBUG org.apache.http.headers - << Content-Type: application/json
19:15:49.459 [main] DEBUG org.apache.http.headers - << Transfer-Encoding: chunked
19:15:49.459 [main] DEBUG org.apache.http.headers - << Connection: keep-alive
19:15:49.459 [main] DEBUG org.apache.http.headers - << Vary: Accept-Encoding
19:15:49.459 [main] DEBUG org.apache.http.headers - << Content-Encoding: gzip
19:15:49.459 [main] DEBUG org.apache.http.impl.client.DefaultHttpClient - Connection can be kept alive indefinitely
19:15:49.459 [main] DEBUG org.apache.http.impl.client.DefaultHttpClient - Authentication succeeded
19:15:49.459 [main] DEBUG org.apache.http.impl.client.TargetAuthenticationStrategy - Caching 'basic' auth scheme for http://localhost:81
19:15:49.459 [main] DEBUG io.restassured.internal.RestAssuredHttpBuilder - Parsing response as: application/json
19:15:49.459 [main] DEBUG org.apache.http.wire -  << "3b[\r][\n]"
19:15:49.459 [main] DEBUG org.apache.http.wire -  << "[0x1f][0x8b][0x8][0x0][0x0][0x0][0x0][0x0][0x0][0x3][0xab]V[0xca]*[0xce][0xcf]+*HV[0xb2]R2[0xd2]3P[0xd2]Q*J-.[0xcd])Q[0xb2]247[0xd0]Q[0xca]LQ[0xb2]23[0xb7][0xa8][0x5][0x0][0xf4]E[0x88][0x89]'[0x0][0x0][0x0]"
19:15:49.459 [main] DEBUG org.apache.http.wire -  << "[\r][\n]"
19:15:49.459 [main] DEBUG org.apache.http.wire -  << "0[\r][\n]"
19:15:49.459 [main] DEBUG org.apache.http.wire -  << "[\r][\n]"
19:15:49.459 [main] DEBUG io.restassured.internal.RestAssuredHttpBuilder - Parsed data to instance of: class org.apache.http.conn.EofSensorInputStream
19:15:49.460 [main] DEBUG org.apache.http.impl.conn.BasicClientConnectionManager - Releasing connection org.apache.http.impl.conn.ManagedClientConnectionImpl@6d2f910b
19:15:49.460 [main] DEBUG org.apache.http.impl.conn.BasicClientConnectionManager - Connection can be kept alive indefinitely
{
    "jsonrpc": "2.0",
    "result": 170,
    "id": 678
}
{
    "jsonrpc": "2.0",
    "result": 170,
    "id": 678
}
Request method:	DELETE
Request URI:	http://localhost:81/jsonrpc.php
Proxy:			<none>
Request params:	<none>
Query params:	<none>
Form params:	<none>
Path params:	<none>
Headers:		Accept=*/*
				Content-Type=text/plain; charset=ISO-8859-1
Cookies:		<none>
Multiparts:		<none>
Body:
{"jsonrpc":"2.0","method":"removeTask","id":890,"params":{"task_id":170}}
19:15:49.480 [main] DEBUG org.apache.http.impl.conn.BasicClientConnectionManager - Get connection for route {}->http://localhost:81
19:15:49.480 [main] DEBUG org.apache.http.impl.conn.DefaultClientConnectionOperator - Connecting to localhost:81
19:15:49.482 [main] DEBUG org.apache.http.client.protocol.RequestAddCookies - CookieSpec selected: ignoreCookies
19:15:49.482 [main] DEBUG org.apache.http.client.protocol.RequestAuthCache - Auth cache not set in the context
19:15:49.482 [main] DEBUG org.apache.http.client.protocol.RequestTargetAuthentication - Target auth state: UNCHALLENGED
19:15:49.482 [main] DEBUG org.apache.http.client.protocol.RequestProxyAuthentication - Proxy auth state: UNCHALLENGED
19:15:49.482 [main] DEBUG org.apache.http.impl.client.DefaultHttpClient - Attempt 1 to execute request
19:15:49.482 [main] DEBUG org.apache.http.impl.conn.DefaultClientConnection - Sending request: DELETE /jsonrpc.php HTTP/1.1
19:15:49.482 [main] DEBUG org.apache.http.wire -  >> "DELETE /jsonrpc.php HTTP/1.1[\r][\n]"
19:15:49.482 [main] DEBUG org.apache.http.wire -  >> "Accept: */*[\r][\n]"
19:15:49.482 [main] DEBUG org.apache.http.wire -  >> "Content-Type: text/plain; charset=ISO-8859-1[\r][\n]"
19:15:49.482 [main] DEBUG org.apache.http.wire -  >> "Content-Length: 73[\r][\n]"
19:15:49.482 [main] DEBUG org.apache.http.wire -  >> "Host: localhost:81[\r][\n]"
19:15:49.482 [main] DEBUG org.apache.http.wire -  >> "Connection: Keep-Alive[\r][\n]"
19:15:49.482 [main] DEBUG org.apache.http.wire -  >> "User-Agent: Apache-HttpClient/4.5.13 (Java/17)[\r][\n]"
19:15:49.482 [main] DEBUG org.apache.http.wire -  >> "Accept-Encoding: gzip,deflate[\r][\n]"
19:15:49.482 [main] DEBUG org.apache.http.wire -  >> "[\r][\n]"
19:15:49.482 [main] DEBUG org.apache.http.headers - >> DELETE /jsonrpc.php HTTP/1.1
19:15:49.482 [main] DEBUG org.apache.http.headers - >> Accept: */*
19:15:49.482 [main] DEBUG org.apache.http.headers - >> Content-Type: text/plain; charset=ISO-8859-1
19:15:49.482 [main] DEBUG org.apache.http.headers - >> Content-Length: 73
19:15:49.482 [main] DEBUG org.apache.http.headers - >> Host: localhost:81
19:15:49.482 [main] DEBUG org.apache.http.headers - >> Connection: Keep-Alive
19:15:49.482 [main] DEBUG org.apache.http.headers - >> User-Agent: Apache-HttpClient/4.5.13 (Java/17)
19:15:49.482 [main] DEBUG org.apache.http.headers - >> Accept-Encoding: gzip,deflate
19:15:49.482 [main] DEBUG org.apache.http.wire -  >> "{"jsonrpc":"2.0","method":"removeTask","id":890,"params":{"task_id":170}}"
19:15:49.490 [main] DEBUG org.apache.http.wire -  << "HTTP/1.1 401 Unauthorized[\r][\n]"
19:15:49.490 [main] DEBUG org.apache.http.wire -  << "Server: nginx[\r][\n]"
19:15:49.490 [main] DEBUG org.apache.http.wire -  << "Date: Wed, 26 Jul 2023 16:15:49 GMT[\r][\n]"
19:15:49.490 [main] DEBUG org.apache.http.wire -  << "Content-Type: application/json[\r][\n]"
19:15:49.490 [main] DEBUG org.apache.http.wire -  << "Transfer-Encoding: chunked[\r][\n]"
19:15:49.490 [main] DEBUG org.apache.http.wire -  << "Connection: keep-alive[\r][\n]"
19:15:49.490 [main] DEBUG org.apache.http.wire -  << "WWW-Authenticate: Basic realm="JsonRPC"[\r][\n]"
19:15:49.490 [main] DEBUG org.apache.http.wire -  << "[\r][\n]"
19:15:49.490 [main] DEBUG org.apache.http.impl.conn.DefaultClientConnection - Receiving response: HTTP/1.1 401 Unauthorized
19:15:49.490 [main] DEBUG org.apache.http.headers - << HTTP/1.1 401 Unauthorized
19:15:49.490 [main] DEBUG org.apache.http.headers - << Server: nginx
19:15:49.490 [main] DEBUG org.apache.http.headers - << Date: Wed, 26 Jul 2023 16:15:49 GMT
19:15:49.490 [main] DEBUG org.apache.http.headers - << Content-Type: application/json
19:15:49.490 [main] DEBUG org.apache.http.headers - << Transfer-Encoding: chunked
19:15:49.490 [main] DEBUG org.apache.http.headers - << Connection: keep-alive
19:15:49.490 [main] DEBUG org.apache.http.headers - << WWW-Authenticate: Basic realm="JsonRPC"
19:15:49.490 [main] DEBUG org.apache.http.impl.client.DefaultHttpClient - Connection can be kept alive indefinitely
19:15:49.490 [main] DEBUG org.apache.http.impl.client.DefaultHttpClient - Authentication required
19:15:49.490 [main] DEBUG org.apache.http.impl.client.DefaultHttpClient - localhost:81 requested authentication
19:15:49.490 [main] DEBUG org.apache.http.impl.client.TargetAuthenticationStrategy - Authentication schemes in the order of preference: [Negotiate, Kerberos, NTLM, CredSSP, Digest, Basic]
19:15:49.490 [main] DEBUG org.apache.http.impl.client.TargetAuthenticationStrategy - Challenge for Negotiate authentication scheme not available
19:15:49.490 [main] DEBUG org.apache.http.impl.client.TargetAuthenticationStrategy - Challenge for Kerberos authentication scheme not available
19:15:49.490 [main] DEBUG org.apache.http.impl.client.TargetAuthenticationStrategy - Challenge for NTLM authentication scheme not available
19:15:49.490 [main] DEBUG org.apache.http.impl.client.TargetAuthenticationStrategy - Challenge for CredSSP authentication scheme not available
19:15:49.490 [main] DEBUG org.apache.http.impl.client.TargetAuthenticationStrategy - Challenge for Digest authentication scheme not available
19:15:49.490 [main] DEBUG org.apache.http.impl.client.DefaultHttpClient - Selected authentication options: [BASIC [complete=true]]
19:15:49.490 [main] DEBUG org.apache.http.wire -  << "49[\r][\n]"
19:15:49.490 [main] DEBUG org.apache.http.wire -  << "{"jsonrpc":"2.0","error":{"code":401,"message":"Unauthorized"},"id":null}"
19:15:49.490 [main] DEBUG org.apache.http.wire -  << "[\r][\n]"
19:15:49.490 [main] DEBUG org.apache.http.wire -  << "0[\r][\n]"
19:15:49.490 [main] DEBUG org.apache.http.wire -  << "[\r][\n]"
19:15:49.490 [main] DEBUG org.apache.http.client.protocol.RequestAddCookies - CookieSpec selected: ignoreCookies
19:15:49.490 [main] DEBUG org.apache.http.client.protocol.RequestAuthCache - Auth cache not set in the context
19:15:49.490 [main] DEBUG org.apache.http.client.protocol.RequestTargetAuthentication - Target auth state: CHALLENGED
19:15:49.490 [main] DEBUG org.apache.http.client.protocol.RequestTargetAuthentication - Generating response to an authentication challenge using basic scheme
19:15:49.490 [main] DEBUG org.apache.http.client.protocol.RequestProxyAuthentication - Proxy auth state: UNCHALLENGED
19:15:49.490 [main] DEBUG org.apache.http.impl.client.DefaultHttpClient - Attempt 2 to execute request
19:15:49.490 [main] DEBUG org.apache.http.impl.conn.DefaultClientConnection - Sending request: DELETE /jsonrpc.php HTTP/1.1
19:15:49.490 [main] DEBUG org.apache.http.wire -  >> "DELETE /jsonrpc.php HTTP/1.1[\r][\n]"
19:15:49.490 [main] DEBUG org.apache.http.wire -  >> "Accept: */*[\r][\n]"
19:15:49.490 [main] DEBUG org.apache.http.wire -  >> "Content-Type: text/plain; charset=ISO-8859-1[\r][\n]"
19:15:49.490 [main] DEBUG org.apache.http.wire -  >> "Content-Length: 73[\r][\n]"
19:15:49.490 [main] DEBUG org.apache.http.wire -  >> "Host: localhost:81[\r][\n]"
19:15:49.490 [main] DEBUG org.apache.http.wire -  >> "Connection: Keep-Alive[\r][\n]"
19:15:49.490 [main] DEBUG org.apache.http.wire -  >> "User-Agent: Apache-HttpClient/4.5.13 (Java/17)[\r][\n]"
19:15:49.490 [main] DEBUG org.apache.http.wire -  >> "Authorization: Basic a3lyeWxvQVBJVGVzdExvZ2luOmt5cnlsb0FQSVRlc3RQYXNzd29yZA==[\r][\n]"
19:15:49.490 [main] DEBUG org.apache.http.wire -  >> "Accept-Encoding: gzip,deflate[\r][\n]"
19:15:49.490 [main] DEBUG org.apache.http.wire -  >> "[\r][\n]"
19:15:49.491 [main] DEBUG org.apache.http.headers - >> DELETE /jsonrpc.php HTTP/1.1
19:15:49.491 [main] DEBUG org.apache.http.headers - >> Accept: */*
19:15:49.491 [main] DEBUG org.apache.http.headers - >> Content-Type: text/plain; charset=ISO-8859-1
19:15:49.491 [main] DEBUG org.apache.http.headers - >> Content-Length: 73
19:15:49.491 [main] DEBUG org.apache.http.headers - >> Host: localhost:81
19:15:49.491 [main] DEBUG org.apache.http.headers - >> Connection: Keep-Alive
19:15:49.491 [main] DEBUG org.apache.http.headers - >> User-Agent: Apache-HttpClient/4.5.13 (Java/17)
19:15:49.491 [main] DEBUG org.apache.http.headers - >> Authorization: Basic a3lyeWxvQVBJVGVzdExvZ2luOmt5cnlsb0FQSVRlc3RQYXNzd29yZA==
19:15:49.491 [main] DEBUG org.apache.http.headers - >> Accept-Encoding: gzip,deflate
19:15:49.491 [main] DEBUG org.apache.http.wire -  >> "{"jsonrpc":"2.0","method":"removeTask","id":890,"params":{"task_id":170}}"
19:15:49.590 [main] DEBUG org.apache.http.wire -  << "HTTP/1.1 200 OK[\r][\n]"
19:15:49.590 [main] DEBUG org.apache.http.wire -  << "Server: nginx[\r][\n]"
19:15:49.590 [main] DEBUG org.apache.http.wire -  << "Date: Wed, 26 Jul 2023 16:15:49 GMT[\r][\n]"
19:15:49.590 [main] DEBUG org.apache.http.wire -  << "Content-Type: application/json[\r][\n]"
19:15:49.590 [main] DEBUG org.apache.http.wire -  << "Transfer-Encoding: chunked[\r][\n]"
19:15:49.590 [main] DEBUG org.apache.http.wire -  << "Connection: keep-alive[\r][\n]"
19:15:49.590 [main] DEBUG org.apache.http.wire -  << "Vary: Accept-Encoding[\r][\n]"
19:15:49.590 [main] DEBUG org.apache.http.wire -  << "Content-Encoding: gzip[\r][\n]"
19:15:49.590 [main] DEBUG org.apache.http.wire -  << "[\r][\n]"
19:15:49.590 [main] DEBUG org.apache.http.impl.conn.DefaultClientConnection - Receiving response: HTTP/1.1 200 OK
19:15:49.590 [main] DEBUG org.apache.http.headers - << HTTP/1.1 200 OK
19:15:49.590 [main] DEBUG org.apache.http.headers - << Server: nginx
19:15:49.590 [main] DEBUG org.apache.http.headers - << Date: Wed, 26 Jul 2023 16:15:49 GMT
19:15:49.590 [main] DEBUG org.apache.http.headers - << Content-Type: application/json
19:15:49.590 [main] DEBUG org.apache.http.headers - << Transfer-Encoding: chunked
19:15:49.590 [main] DEBUG org.apache.http.headers - << Connection: keep-alive
19:15:49.590 [main] DEBUG org.apache.http.headers - << Vary: Accept-Encoding
19:15:49.590 [main] DEBUG org.apache.http.headers - << Content-Encoding: gzip
19:15:49.591 [main] DEBUG org.apache.http.impl.client.DefaultHttpClient - Connection can be kept alive indefinitely
19:15:49.591 [main] DEBUG org.apache.http.impl.client.DefaultHttpClient - Authentication succeeded
19:15:49.591 [main] DEBUG org.apache.http.impl.client.TargetAuthenticationStrategy - Caching 'basic' auth scheme for http://localhost:81
19:15:49.591 [main] DEBUG io.restassured.internal.RestAssuredHttpBuilder - Parsing response as: application/json
19:15:49.591 [main] DEBUG org.apache.http.wire -  << "3c[\r][\n]"
19:15:49.591 [main] DEBUG org.apache.http.wire -  << "[0x1f][0x8b][0x8][0x0][0x0][0x0][0x0][0x0][0x0][0x3][0xab]V[0xca]*[0xce][0xcf]+*HV[0xb2]R2[0xd2]3P[0xd2]Q*J-.[0xcd])Q[0xb2]*)*M[0xd5]Q[0xca]LQ[0xb2][0xb2][0xb0]4[0xa8][0x5][0x0][0xc7][0xde]A[0xee]([0x0][0x0][0x0]"
19:15:49.591 [main] DEBUG org.apache.http.wire -  << "[\r][\n]"
19:15:49.591 [main] DEBUG org.apache.http.wire -  << "0[\r][\n]"
19:15:49.591 [main] DEBUG org.apache.http.wire -  << "[\r][\n]"
19:15:49.591 [main] DEBUG io.restassured.internal.RestAssuredHttpBuilder - Parsed data to instance of: class org.apache.http.conn.EofSensorInputStream
19:15:49.591 [main] DEBUG org.apache.http.impl.conn.BasicClientConnectionManager - Releasing connection org.apache.http.impl.conn.ManagedClientConnectionImpl@99774ec
19:15:49.591 [main] DEBUG org.apache.http.impl.conn.BasicClientConnectionManager - Connection can be kept alive indefinitely
{
    "jsonrpc": "2.0",
    "result": true,
    "id": 890
}
{
    "jsonrpc": "2.0",
    "result": true,
    "id": 890
}
]]></system-out>
  </testcase>
  <testcase name="AddCommentToTaskValidData" classname="COMBINED.TaskTest" time="3.088">
    <system-out><![CDATA[Request method:	DELETE
Request URI:	http://localhost:81/jsonrpc.php
Proxy:			<none>
Request params:	<none>
Query params:	<none>
Form params:	<none>
Path params:	<none>
Headers:		Accept=*/*
				Content-Type=text/plain; charset=ISO-8859-1
Cookies:		<none>
Multiparts:		<none>
Body:
{"jsonrpc":"2.0","method":"removeUser","id":234,"params":{"user_id":393}}
19:15:49.611 [main] DEBUG org.apache.http.impl.conn.BasicClientConnectionManager - Get connection for route {}->http://localhost:81
19:15:49.611 [main] DEBUG org.apache.http.impl.conn.DefaultClientConnectionOperator - Connecting to localhost:81
19:15:49.612 [main] DEBUG org.apache.http.client.protocol.RequestAddCookies - CookieSpec selected: ignoreCookies
19:15:49.612 [main] DEBUG org.apache.http.client.protocol.RequestAuthCache - Auth cache not set in the context
19:15:49.612 [main] DEBUG org.apache.http.client.protocol.RequestTargetAuthentication - Target auth state: UNCHALLENGED
19:15:49.612 [main] DEBUG org.apache.http.client.protocol.RequestProxyAuthentication - Proxy auth state: UNCHALLENGED
19:15:49.612 [main] DEBUG org.apache.http.impl.client.DefaultHttpClient - Attempt 1 to execute request
19:15:49.612 [main] DEBUG org.apache.http.impl.conn.DefaultClientConnection - Sending request: DELETE /jsonrpc.php HTTP/1.1
19:15:49.612 [main] DEBUG org.apache.http.wire -  >> "DELETE /jsonrpc.php HTTP/1.1[\r][\n]"
19:15:49.612 [main] DEBUG org.apache.http.wire -  >> "Accept: */*[\r][\n]"
19:15:49.612 [main] DEBUG org.apache.http.wire -  >> "Content-Type: text/plain; charset=ISO-8859-1[\r][\n]"
19:15:49.612 [main] DEBUG org.apache.http.wire -  >> "Content-Length: 73[\r][\n]"
19:15:49.612 [main] DEBUG org.apache.http.wire -  >> "Host: localhost:81[\r][\n]"
19:15:49.612 [main] DEBUG org.apache.http.wire -  >> "Connection: Keep-Alive[\r][\n]"
19:15:49.612 [main] DEBUG org.apache.http.wire -  >> "User-Agent: Apache-HttpClient/4.5.13 (Java/17)[\r][\n]"
19:15:49.612 [main] DEBUG org.apache.http.wire -  >> "Accept-Encoding: gzip,deflate[\r][\n]"
19:15:49.612 [main] DEBUG org.apache.http.wire -  >> "[\r][\n]"
19:15:49.612 [main] DEBUG org.apache.http.headers - >> DELETE /jsonrpc.php HTTP/1.1
19:15:49.612 [main] DEBUG org.apache.http.headers - >> Accept: */*
19:15:49.612 [main] DEBUG org.apache.http.headers - >> Content-Type: text/plain; charset=ISO-8859-1
19:15:49.612 [main] DEBUG org.apache.http.headers - >> Content-Length: 73
19:15:49.612 [main] DEBUG org.apache.http.headers - >> Host: localhost:81
19:15:49.612 [main] DEBUG org.apache.http.headers - >> Connection: Keep-Alive
19:15:49.612 [main] DEBUG org.apache.http.headers - >> User-Agent: Apache-HttpClient/4.5.13 (Java/17)
19:15:49.612 [main] DEBUG org.apache.http.headers - >> Accept-Encoding: gzip,deflate
19:15:49.612 [main] DEBUG org.apache.http.wire -  >> "{"jsonrpc":"2.0","method":"removeUser","id":234,"params":{"user_id":393}}"
19:15:49.621 [main] DEBUG org.apache.http.wire -  << "HTTP/1.1 401 Unauthorized[\r][\n]"
19:15:49.621 [main] DEBUG org.apache.http.wire -  << "Server: nginx[\r][\n]"
19:15:49.621 [main] DEBUG org.apache.http.wire -  << "Date: Wed, 26 Jul 2023 16:15:49 GMT[\r][\n]"
19:15:49.621 [main] DEBUG org.apache.http.wire -  << "Content-Type: application/json[\r][\n]"
19:15:49.621 [main] DEBUG org.apache.http.wire -  << "Transfer-Encoding: chunked[\r][\n]"
19:15:49.621 [main] DEBUG org.apache.http.wire -  << "Connection: keep-alive[\r][\n]"
19:15:49.621 [main] DEBUG org.apache.http.wire -  << "WWW-Authenticate: Basic realm="JsonRPC"[\r][\n]"
19:15:49.621 [main] DEBUG org.apache.http.wire -  << "[\r][\n]"
19:15:49.621 [main] DEBUG org.apache.http.impl.conn.DefaultClientConnection - Receiving response: HTTP/1.1 401 Unauthorized
19:15:49.621 [main] DEBUG org.apache.http.headers - << HTTP/1.1 401 Unauthorized
19:15:49.621 [main] DEBUG org.apache.http.headers - << Server: nginx
19:15:49.621 [main] DEBUG org.apache.http.headers - << Date: Wed, 26 Jul 2023 16:15:49 GMT
19:15:49.621 [main] DEBUG org.apache.http.headers - << Content-Type: application/json
19:15:49.621 [main] DEBUG org.apache.http.headers - << Transfer-Encoding: chunked
19:15:49.621 [main] DEBUG org.apache.http.headers - << Connection: keep-alive
19:15:49.621 [main] DEBUG org.apache.http.headers - << WWW-Authenticate: Basic realm="JsonRPC"
19:15:49.621 [main] DEBUG org.apache.http.impl.client.DefaultHttpClient - Connection can be kept alive indefinitely
19:15:49.621 [main] DEBUG org.apache.http.impl.client.DefaultHttpClient - Authentication required
19:15:49.621 [main] DEBUG org.apache.http.impl.client.DefaultHttpClient - localhost:81 requested authentication
19:15:49.621 [main] DEBUG org.apache.http.impl.client.TargetAuthenticationStrategy - Authentication schemes in the order of preference: [Negotiate, Kerberos, NTLM, CredSSP, Digest, Basic]
19:15:49.621 [main] DEBUG org.apache.http.impl.client.TargetAuthenticationStrategy - Challenge for Negotiate authentication scheme not available
19:15:49.621 [main] DEBUG org.apache.http.impl.client.TargetAuthenticationStrategy - Challenge for Kerberos authentication scheme not available
19:15:49.621 [main] DEBUG org.apache.http.impl.client.TargetAuthenticationStrategy - Challenge for NTLM authentication scheme not available
19:15:49.621 [main] DEBUG org.apache.http.impl.client.TargetAuthenticationStrategy - Challenge for CredSSP authentication scheme not available
19:15:49.621 [main] DEBUG org.apache.http.impl.client.TargetAuthenticationStrategy - Challenge for Digest authentication scheme not available
19:15:49.621 [main] DEBUG org.apache.http.impl.client.DefaultHttpClient - Selected authentication options: [BASIC [complete=true]]
19:15:49.621 [main] DEBUG org.apache.http.wire -  << "49[\r][\n]"
19:15:49.621 [main] DEBUG org.apache.http.wire -  << "{"jsonrpc":"2.0","error":{"code":401,"message":"Unauthorized"},"id":null}"
19:15:49.621 [main] DEBUG org.apache.http.wire -  << "[\r][\n]"
19:15:49.621 [main] DEBUG org.apache.http.wire -  << "0[\r][\n]"
19:15:49.621 [main] DEBUG org.apache.http.wire -  << "[\r][\n]"
19:15:49.621 [main] DEBUG org.apache.http.client.protocol.RequestAddCookies - CookieSpec selected: ignoreCookies
19:15:49.621 [main] DEBUG org.apache.http.client.protocol.RequestAuthCache - Auth cache not set in the context
19:15:49.621 [main] DEBUG org.apache.http.client.protocol.RequestTargetAuthentication - Target auth state: CHALLENGED
19:15:49.622 [main] DEBUG org.apache.http.client.protocol.RequestTargetAuthentication - Generating response to an authentication challenge using basic scheme
19:15:49.622 [main] DEBUG org.apache.http.client.protocol.RequestProxyAuthentication - Proxy auth state: UNCHALLENGED
19:15:49.622 [main] DEBUG org.apache.http.impl.client.DefaultHttpClient - Attempt 2 to execute request
19:15:49.622 [main] DEBUG org.apache.http.impl.conn.DefaultClientConnection - Sending request: DELETE /jsonrpc.php HTTP/1.1
19:15:49.622 [main] DEBUG org.apache.http.wire -  >> "DELETE /jsonrpc.php HTTP/1.1[\r][\n]"
19:15:49.622 [main] DEBUG org.apache.http.wire -  >> "Accept: */*[\r][\n]"
19:15:49.622 [main] DEBUG org.apache.http.wire -  >> "Content-Type: text/plain; charset=ISO-8859-1[\r][\n]"
19:15:49.622 [main] DEBUG org.apache.http.wire -  >> "Content-Length: 73[\r][\n]"
19:15:49.622 [main] DEBUG org.apache.http.wire -  >> "Host: localhost:81[\r][\n]"
19:15:49.622 [main] DEBUG org.apache.http.wire -  >> "Connection: Keep-Alive[\r][\n]"
19:15:49.622 [main] DEBUG org.apache.http.wire -  >> "User-Agent: Apache-HttpClient/4.5.13 (Java/17)[\r][\n]"
19:15:49.622 [main] DEBUG org.apache.http.wire -  >> "Authorization: Basic YWRtaW46YWRtaW4=[\r][\n]"
19:15:49.622 [main] DEBUG org.apache.http.wire -  >> "Accept-Encoding: gzip,deflate[\r][\n]"
19:15:49.622 [main] DEBUG org.apache.http.wire -  >> "[\r][\n]"
19:15:49.622 [main] DEBUG org.apache.http.headers - >> DELETE /jsonrpc.php HTTP/1.1
19:15:49.622 [main] DEBUG org.apache.http.headers - >> Accept: */*
19:15:49.622 [main] DEBUG org.apache.http.headers - >> Content-Type: text/plain; charset=ISO-8859-1
19:15:49.622 [main] DEBUG org.apache.http.headers - >> Content-Length: 73
19:15:49.622 [main] DEBUG org.apache.http.headers - >> Host: localhost:81
19:15:49.622 [main] DEBUG org.apache.http.headers - >> Connection: Keep-Alive
19:15:49.622 [main] DEBUG org.apache.http.headers - >> User-Agent: Apache-HttpClient/4.5.13 (Java/17)
19:15:49.622 [main] DEBUG org.apache.http.headers - >> Authorization: Basic YWRtaW46YWRtaW4=
19:15:49.622 [main] DEBUG org.apache.http.headers - >> Accept-Encoding: gzip,deflate
19:15:49.622 [main] DEBUG org.apache.http.wire -  >> "{"jsonrpc":"2.0","method":"removeUser","id":234,"params":{"user_id":393}}"
19:15:49.767 [main] DEBUG org.apache.http.wire -  << "HTTP/1.1 200 OK[\r][\n]"
19:15:49.767 [main] DEBUG org.apache.http.wire -  << "Server: nginx[\r][\n]"
19:15:49.767 [main] DEBUG org.apache.http.wire -  << "Date: Wed, 26 Jul 2023 16:15:49 GMT[\r][\n]"
19:15:49.767 [main] DEBUG org.apache.http.wire -  << "Content-Type: application/json[\r][\n]"
19:15:49.767 [main] DEBUG org.apache.http.wire -  << "Transfer-Encoding: chunked[\r][\n]"
19:15:49.767 [main] DEBUG org.apache.http.wire -  << "Connection: keep-alive[\r][\n]"
19:15:49.767 [main] DEBUG org.apache.http.wire -  << "Vary: Accept-Encoding[\r][\n]"
19:15:49.767 [main] DEBUG org.apache.http.wire -  << "Content-Encoding: gzip[\r][\n]"
19:15:49.767 [main] DEBUG org.apache.http.wire -  << "[\r][\n]"
19:15:49.767 [main] DEBUG org.apache.http.impl.conn.DefaultClientConnection - Receiving response: HTTP/1.1 200 OK
19:15:49.767 [main] DEBUG org.apache.http.headers - << HTTP/1.1 200 OK
19:15:49.767 [main] DEBUG org.apache.http.headers - << Server: nginx
19:15:49.767 [main] DEBUG org.apache.http.headers - << Date: Wed, 26 Jul 2023 16:15:49 GMT
19:15:49.767 [main] DEBUG org.apache.http.headers - << Content-Type: application/json
19:15:49.767 [main] DEBUG org.apache.http.headers - << Transfer-Encoding: chunked
19:15:49.767 [main] DEBUG org.apache.http.headers - << Connection: keep-alive
19:15:49.767 [main] DEBUG org.apache.http.headers - << Vary: Accept-Encoding
19:15:49.767 [main] DEBUG org.apache.http.headers - << Content-Encoding: gzip
19:15:49.767 [main] DEBUG org.apache.http.impl.client.DefaultHttpClient - Connection can be kept alive indefinitely
19:15:49.767 [main] DEBUG org.apache.http.impl.client.DefaultHttpClient - Authentication succeeded
19:15:49.767 [main] DEBUG org.apache.http.impl.client.TargetAuthenticationStrategy - Caching 'basic' auth scheme for http://localhost:81
19:15:49.767 [main] DEBUG io.restassured.internal.RestAssuredHttpBuilder - Parsing response as: application/json
19:15:49.767 [main] DEBUG org.apache.http.wire -  << "3c[\r][\n]"
19:15:49.767 [main] DEBUG org.apache.http.wire -  << "[0x1f][0x8b][0x8][0x0][0x0][0x0][0x0][0x0][0x0][0x3][0xab]V[0xca]*[0xce][0xcf]+*HV[0xb2]R2[0xd2]3P[0xd2]Q*J-.[0xcd])Q[0xb2]*)*M[0xd5]Q[0xca]LQ[0xb2]226[0xa9][0x5][0x0]q~[0x7][0xe8]([0x0][0x0][0x0]"
19:15:49.767 [main] DEBUG org.apache.http.wire -  << "[\r][\n]"
19:15:49.767 [main] DEBUG org.apache.http.wire -  << "0[\r][\n]"
19:15:49.768 [main] DEBUG org.apache.http.wire -  << "[\r][\n]"
19:15:49.768 [main] DEBUG io.restassured.internal.RestAssuredHttpBuilder - Parsed data to instance of: class org.apache.http.conn.EofSensorInputStream
19:15:49.768 [main] DEBUG org.apache.http.impl.conn.BasicClientConnectionManager - Releasing connection org.apache.http.impl.conn.ManagedClientConnectionImpl@36017835
19:15:49.769 [main] DEBUG org.apache.http.impl.conn.BasicClientConnectionManager - Connection can be kept alive indefinitely
{
    "jsonrpc": "2.0",
    "result": true,
    "id": 234
}
{
    "jsonrpc": "2.0",
    "result": true,
    "id": 234
}
Request method:	POST
Request URI:	http://localhost:81/jsonrpc.php
Proxy:			<none>
Request params:	<none>
Query params:	<none>
Form params:	<none>
Path params:	<none>
Headers:		Accept=*/*
				Content-Type=text/plain; charset=ISO-8859-1
Cookies:		<none>
Multiparts:		<none>
Body:
{"jsonrpc":"2.0","method":"createUser","id":123123,"params":{"username":"kyryloAPITestLogin","password":"kyryloAPITestPassword","name":"kyrylo","email":"kyryloAPITest@mail.com","role":"app-manager"}}
19:15:49.791 [main] DEBUG org.apache.http.impl.conn.BasicClientConnectionManager - Get connection for route {}->http://localhost:81
19:15:49.792 [main] DEBUG org.apache.http.impl.conn.DefaultClientConnectionOperator - Connecting to localhost:81
19:15:49.793 [main] DEBUG org.apache.http.client.protocol.RequestAddCookies - CookieSpec selected: ignoreCookies
19:15:49.794 [main] DEBUG org.apache.http.client.protocol.RequestAuthCache - Auth cache not set in the context
19:15:49.794 [main] DEBUG org.apache.http.client.protocol.RequestTargetAuthentication - Target auth state: UNCHALLENGED
19:15:49.794 [main] DEBUG org.apache.http.client.protocol.RequestProxyAuthentication - Proxy auth state: UNCHALLENGED
19:15:49.794 [main] DEBUG org.apache.http.impl.client.DefaultHttpClient - Attempt 1 to execute request
19:15:49.794 [main] DEBUG org.apache.http.impl.conn.DefaultClientConnection - Sending request: POST /jsonrpc.php HTTP/1.1
19:15:49.794 [main] DEBUG org.apache.http.wire -  >> "POST /jsonrpc.php HTTP/1.1[\r][\n]"
19:15:49.794 [main] DEBUG org.apache.http.wire -  >> "Accept: */*[\r][\n]"
19:15:49.794 [main] DEBUG org.apache.http.wire -  >> "Content-Type: text/plain; charset=ISO-8859-1[\r][\n]"
19:15:49.794 [main] DEBUG org.apache.http.wire -  >> "Content-Length: 199[\r][\n]"
19:15:49.794 [main] DEBUG org.apache.http.wire -  >> "Host: localhost:81[\r][\n]"
19:15:49.794 [main] DEBUG org.apache.http.wire -  >> "Connection: Keep-Alive[\r][\n]"
19:15:49.794 [main] DEBUG org.apache.http.wire -  >> "User-Agent: Apache-HttpClient/4.5.13 (Java/17)[\r][\n]"
19:15:49.794 [main] DEBUG org.apache.http.wire -  >> "Accept-Encoding: gzip,deflate[\r][\n]"
19:15:49.794 [main] DEBUG org.apache.http.wire -  >> "[\r][\n]"
19:15:49.794 [main] DEBUG org.apache.http.headers - >> POST /jsonrpc.php HTTP/1.1
19:15:49.794 [main] DEBUG org.apache.http.headers - >> Accept: */*
19:15:49.794 [main] DEBUG org.apache.http.headers - >> Content-Type: text/plain; charset=ISO-8859-1
19:15:49.794 [main] DEBUG org.apache.http.headers - >> Content-Length: 199
19:15:49.794 [main] DEBUG org.apache.http.headers - >> Host: localhost:81
19:15:49.794 [main] DEBUG org.apache.http.headers - >> Connection: Keep-Alive
19:15:49.794 [main] DEBUG org.apache.http.headers - >> User-Agent: Apache-HttpClient/4.5.13 (Java/17)
19:15:49.794 [main] DEBUG org.apache.http.headers - >> Accept-Encoding: gzip,deflate
19:15:49.794 [main] DEBUG org.apache.http.wire -  >> "{"jsonrpc":"2.0","method":"createUser","id":123123,"params":{"username":"kyryloAPITestLogin","password":"kyryloAPITestPassword","name":"kyrylo","email":"kyryloAPITest@mail.com","role":"app-manager"}}"
19:15:49.810 [main] DEBUG org.apache.http.wire -  << "HTTP/1.1 401 Unauthorized[\r][\n]"
19:15:49.810 [main] DEBUG org.apache.http.wire -  << "Server: nginx[\r][\n]"
19:15:49.810 [main] DEBUG org.apache.http.wire -  << "Date: Wed, 26 Jul 2023 16:15:49 GMT[\r][\n]"
19:15:49.810 [main] DEBUG org.apache.http.wire -  << "Content-Type: application/json[\r][\n]"
19:15:49.810 [main] DEBUG org.apache.http.wire -  << "Transfer-Encoding: chunked[\r][\n]"
19:15:49.810 [main] DEBUG org.apache.http.wire -  << "Connection: keep-alive[\r][\n]"
19:15:49.810 [main] DEBUG org.apache.http.wire -  << "WWW-Authenticate: Basic realm="JsonRPC"[\r][\n]"
19:15:49.810 [main] DEBUG org.apache.http.wire -  << "[\r][\n]"
19:15:49.810 [main] DEBUG org.apache.http.impl.conn.DefaultClientConnection - Receiving response: HTTP/1.1 401 Unauthorized
19:15:49.810 [main] DEBUG org.apache.http.headers - << HTTP/1.1 401 Unauthorized
19:15:49.810 [main] DEBUG org.apache.http.headers - << Server: nginx
19:15:49.810 [main] DEBUG org.apache.http.headers - << Date: Wed, 26 Jul 2023 16:15:49 GMT
19:15:49.810 [main] DEBUG org.apache.http.headers - << Content-Type: application/json
19:15:49.810 [main] DEBUG org.apache.http.headers - << Transfer-Encoding: chunked
19:15:49.810 [main] DEBUG org.apache.http.headers - << Connection: keep-alive
19:15:49.810 [main] DEBUG org.apache.http.headers - << WWW-Authenticate: Basic realm="JsonRPC"
19:15:49.810 [main] DEBUG org.apache.http.impl.client.DefaultHttpClient - Connection can be kept alive indefinitely
19:15:49.810 [main] DEBUG org.apache.http.impl.client.DefaultHttpClient - Authentication required
19:15:49.810 [main] DEBUG org.apache.http.impl.client.DefaultHttpClient - localhost:81 requested authentication
19:15:49.810 [main] DEBUG org.apache.http.impl.client.TargetAuthenticationStrategy - Authentication schemes in the order of preference: [Negotiate, Kerberos, NTLM, CredSSP, Digest, Basic]
19:15:49.810 [main] DEBUG org.apache.http.impl.client.TargetAuthenticationStrategy - Challenge for Negotiate authentication scheme not available
19:15:49.810 [main] DEBUG org.apache.http.impl.client.TargetAuthenticationStrategy - Challenge for Kerberos authentication scheme not available
19:15:49.810 [main] DEBUG org.apache.http.impl.client.TargetAuthenticationStrategy - Challenge for NTLM authentication scheme not available
19:15:49.810 [main] DEBUG org.apache.http.impl.client.TargetAuthenticationStrategy - Challenge for CredSSP authentication scheme not available
19:15:49.810 [main] DEBUG org.apache.http.impl.client.TargetAuthenticationStrategy - Challenge for Digest authentication scheme not available
19:15:49.810 [main] DEBUG org.apache.http.impl.client.DefaultHttpClient - Selected authentication options: [BASIC [complete=true]]
19:15:49.810 [main] DEBUG org.apache.http.wire -  << "49[\r][\n]"
19:15:49.810 [main] DEBUG org.apache.http.wire -  << "{"jsonrpc":"2.0","error":{"code":401,"message":"Unauthorized"},"id":null}"
19:15:49.810 [main] DEBUG org.apache.http.wire -  << "[\r][\n]"
19:15:49.810 [main] DEBUG org.apache.http.wire -  << "0[\r][\n]"
19:15:49.810 [main] DEBUG org.apache.http.wire -  << "[\r][\n]"
19:15:49.811 [main] DEBUG org.apache.http.client.protocol.RequestAddCookies - CookieSpec selected: ignoreCookies
19:15:49.811 [main] DEBUG org.apache.http.client.protocol.RequestAuthCache - Auth cache not set in the context
19:15:49.811 [main] DEBUG org.apache.http.client.protocol.RequestTargetAuthentication - Target auth state: CHALLENGED
19:15:49.811 [main] DEBUG org.apache.http.client.protocol.RequestTargetAuthentication - Generating response to an authentication challenge using basic scheme
19:15:49.811 [main] DEBUG org.apache.http.client.protocol.RequestProxyAuthentication - Proxy auth state: UNCHALLENGED
19:15:49.811 [main] DEBUG org.apache.http.impl.client.DefaultHttpClient - Attempt 2 to execute request
19:15:49.811 [main] DEBUG org.apache.http.impl.conn.DefaultClientConnection - Sending request: POST /jsonrpc.php HTTP/1.1
19:15:49.811 [main] DEBUG org.apache.http.wire -  >> "POST /jsonrpc.php HTTP/1.1[\r][\n]"
19:15:49.811 [main] DEBUG org.apache.http.wire -  >> "Accept: */*[\r][\n]"
19:15:49.811 [main] DEBUG org.apache.http.wire -  >> "Content-Type: text/plain; charset=ISO-8859-1[\r][\n]"
19:15:49.811 [main] DEBUG org.apache.http.wire -  >> "Content-Length: 199[\r][\n]"
19:15:49.811 [main] DEBUG org.apache.http.wire -  >> "Host: localhost:81[\r][\n]"
19:15:49.811 [main] DEBUG org.apache.http.wire -  >> "Connection: Keep-Alive[\r][\n]"
19:15:49.811 [main] DEBUG org.apache.http.wire -  >> "User-Agent: Apache-HttpClient/4.5.13 (Java/17)[\r][\n]"
19:15:49.811 [main] DEBUG org.apache.http.wire -  >> "Authorization: Basic YWRtaW46YWRtaW4=[\r][\n]"
19:15:49.811 [main] DEBUG org.apache.http.wire -  >> "Accept-Encoding: gzip,deflate[\r][\n]"
19:15:49.811 [main] DEBUG org.apache.http.wire -  >> "[\r][\n]"
19:15:49.811 [main] DEBUG org.apache.http.headers - >> POST /jsonrpc.php HTTP/1.1
19:15:49.811 [main] DEBUG org.apache.http.headers - >> Accept: */*
19:15:49.811 [main] DEBUG org.apache.http.headers - >> Content-Type: text/plain; charset=ISO-8859-1
19:15:49.811 [main] DEBUG org.apache.http.headers - >> Content-Length: 199
19:15:49.811 [main] DEBUG org.apache.http.headers - >> Host: localhost:81
19:15:49.811 [main] DEBUG org.apache.http.headers - >> Connection: Keep-Alive
19:15:49.811 [main] DEBUG org.apache.http.headers - >> User-Agent: Apache-HttpClient/4.5.13 (Java/17)
19:15:49.811 [main] DEBUG org.apache.http.headers - >> Authorization: Basic YWRtaW46YWRtaW4=
19:15:49.811 [main] DEBUG org.apache.http.headers - >> Accept-Encoding: gzip,deflate
19:15:49.811 [main] DEBUG org.apache.http.wire -  >> "{"jsonrpc":"2.0","method":"createUser","id":123123,"params":{"username":"kyryloAPITestLogin","password":"kyryloAPITestPassword","name":"kyrylo","email":"kyryloAPITest@mail.com","role":"app-manager"}}"
19:15:50.048 [main] DEBUG org.apache.http.wire -  << "HTTP/1.1 200 OK[\r][\n]"
19:15:50.048 [main] DEBUG org.apache.http.wire -  << "Server: nginx[\r][\n]"
19:15:50.048 [main] DEBUG org.apache.http.wire -  << "Date: Wed, 26 Jul 2023 16:15:50 GMT[\r][\n]"
19:15:50.048 [main] DEBUG org.apache.http.wire -  << "Content-Type: application/json[\r][\n]"
19:15:50.048 [main] DEBUG org.apache.http.wire -  << "Transfer-Encoding: chunked[\r][\n]"
19:15:50.048 [main] DEBUG org.apache.http.wire -  << "Connection: keep-alive[\r][\n]"
19:15:50.048 [main] DEBUG org.apache.http.wire -  << "Vary: Accept-Encoding[\r][\n]"
19:15:50.048 [main] DEBUG org.apache.http.wire -  << "Content-Encoding: gzip[\r][\n]"
19:15:50.048 [main] DEBUG org.apache.http.wire -  << "[\r][\n]"
19:15:50.048 [main] DEBUG org.apache.http.impl.conn.DefaultClientConnection - Receiving response: HTTP/1.1 200 OK
19:15:50.048 [main] DEBUG org.apache.http.headers - << HTTP/1.1 200 OK
19:15:50.048 [main] DEBUG org.apache.http.headers - << Server: nginx
19:15:50.048 [main] DEBUG org.apache.http.headers - << Date: Wed, 26 Jul 2023 16:15:50 GMT
19:15:50.048 [main] DEBUG org.apache.http.headers - << Content-Type: application/json
19:15:50.048 [main] DEBUG org.apache.http.headers - << Transfer-Encoding: chunked
19:15:50.048 [main] DEBUG org.apache.http.headers - << Connection: keep-alive
19:15:50.048 [main] DEBUG org.apache.http.headers - << Vary: Accept-Encoding
19:15:50.048 [main] DEBUG org.apache.http.headers - << Content-Encoding: gzip
19:15:50.048 [main] DEBUG org.apache.http.impl.client.DefaultHttpClient - Connection can be kept alive indefinitely
19:15:50.048 [main] DEBUG org.apache.http.impl.client.DefaultHttpClient - Authentication succeeded
19:15:50.048 [main] DEBUG org.apache.http.impl.client.TargetAuthenticationStrategy - Caching 'basic' auth scheme for http://localhost:81
19:15:50.048 [main] DEBUG io.restassured.internal.RestAssuredHttpBuilder - Parsing response as: application/json
19:15:50.048 [main] DEBUG org.apache.http.wire -  << "3c[\r][\n]"
19:15:50.048 [main] DEBUG org.apache.http.wire -  << "[0x1f][0x8b][0x8][0x0][0x0][0x0][0x0][0x0][0x0][0x3][0xab]V[0xca]*[0xce][0xcf]+*HV[0xb2]R2[0xd2]3P[0xd2]Q*J-.[0xcd])Q[0xb2]2[0xb6]4[0xd1]Q[0xca]LQ[0xb2]242[0x6][0xa2]Z[0x0]. [0xd6][0x9e]*[0x0][0x0][0x0]"
19:15:50.048 [main] DEBUG org.apache.http.wire -  << "[\r][\n]"
19:15:50.048 [main] DEBUG org.apache.http.wire -  << "0[\r][\n]"
19:15:50.048 [main] DEBUG org.apache.http.wire -  << "[\r][\n]"
19:15:50.049 [main] DEBUG io.restassured.internal.RestAssuredHttpBuilder - Parsed data to instance of: class org.apache.http.conn.EofSensorInputStream
19:15:50.049 [main] DEBUG org.apache.http.impl.conn.BasicClientConnectionManager - Releasing connection org.apache.http.impl.conn.ManagedClientConnectionImpl@5d1eb214
19:15:50.049 [main] DEBUG org.apache.http.impl.conn.BasicClientConnectionManager - Connection can be kept alive indefinitely
{
    "jsonrpc": "2.0",
    "result": 394,
    "id": 123123
}
{
    "jsonrpc": "2.0",
    "result": 394,
    "id": 123123
}
Request method:	POST
Request URI:	http://localhost:81/jsonrpc.php
Proxy:			<none>
Request params:	<none>
Query params:	<none>
Form params:	<none>
Path params:	<none>
Headers:		Accept=*/*
				Content-Type=text/plain; charset=ISO-8859-1
Cookies:		<none>
Multiparts:		<none>
Body:
{"jsonrpc":"2.0","method":"createProject","id":345,"params":{"name":"API_Project","description":"API_Project Description","owner_id":394}}
19:15:50.065 [main] DEBUG org.apache.http.impl.conn.BasicClientConnectionManager - Get connection for route {}->http://localhost:81
19:15:50.065 [main] DEBUG org.apache.http.impl.conn.DefaultClientConnectionOperator - Connecting to localhost:81
19:15:50.067 [main] DEBUG org.apache.http.client.protocol.RequestAddCookies - CookieSpec selected: ignoreCookies
19:15:50.067 [main] DEBUG org.apache.http.client.protocol.RequestAuthCache - Auth cache not set in the context
19:15:50.067 [main] DEBUG org.apache.http.client.protocol.RequestTargetAuthentication - Target auth state: UNCHALLENGED
19:15:50.067 [main] DEBUG org.apache.http.client.protocol.RequestProxyAuthentication - Proxy auth state: UNCHALLENGED
19:15:50.067 [main] DEBUG org.apache.http.impl.client.DefaultHttpClient - Attempt 1 to execute request
19:15:50.067 [main] DEBUG org.apache.http.impl.conn.DefaultClientConnection - Sending request: POST /jsonrpc.php HTTP/1.1
19:15:50.067 [main] DEBUG org.apache.http.wire -  >> "POST /jsonrpc.php HTTP/1.1[\r][\n]"
19:15:50.067 [main] DEBUG org.apache.http.wire -  >> "Accept: */*[\r][\n]"
19:15:50.067 [main] DEBUG org.apache.http.wire -  >> "Content-Type: text/plain; charset=ISO-8859-1[\r][\n]"
19:15:50.067 [main] DEBUG org.apache.http.wire -  >> "Content-Length: 138[\r][\n]"
19:15:50.067 [main] DEBUG org.apache.http.wire -  >> "Host: localhost:81[\r][\n]"
19:15:50.067 [main] DEBUG org.apache.http.wire -  >> "Connection: Keep-Alive[\r][\n]"
19:15:50.067 [main] DEBUG org.apache.http.wire -  >> "User-Agent: Apache-HttpClient/4.5.13 (Java/17)[\r][\n]"
19:15:50.067 [main] DEBUG org.apache.http.wire -  >> "Accept-Encoding: gzip,deflate[\r][\n]"
19:15:50.067 [main] DEBUG org.apache.http.wire -  >> "[\r][\n]"
19:15:50.067 [main] DEBUG org.apache.http.headers - >> POST /jsonrpc.php HTTP/1.1
19:15:50.067 [main] DEBUG org.apache.http.headers - >> Accept: */*
19:15:50.067 [main] DEBUG org.apache.http.headers - >> Content-Type: text/plain; charset=ISO-8859-1
19:15:50.067 [main] DEBUG org.apache.http.headers - >> Content-Length: 138
19:15:50.067 [main] DEBUG org.apache.http.headers - >> Host: localhost:81
19:15:50.067 [main] DEBUG org.apache.http.headers - >> Connection: Keep-Alive
19:15:50.067 [main] DEBUG org.apache.http.headers - >> User-Agent: Apache-HttpClient/4.5.13 (Java/17)
19:15:50.067 [main] DEBUG org.apache.http.headers - >> Accept-Encoding: gzip,deflate
19:15:50.067 [main] DEBUG org.apache.http.wire -  >> "{"jsonrpc":"2.0","method":"createProject","id":345,"params":{"name":"API_Project","description":"API_Project Description","owner_id":394}}"
19:15:50.074 [main] DEBUG org.apache.http.wire -  << "HTTP/1.1 401 Unauthorized[\r][\n]"
19:15:50.074 [main] DEBUG org.apache.http.wire -  << "Server: nginx[\r][\n]"
19:15:50.074 [main] DEBUG org.apache.http.wire -  << "Date: Wed, 26 Jul 2023 16:15:50 GMT[\r][\n]"
19:15:50.074 [main] DEBUG org.apache.http.wire -  << "Content-Type: application/json[\r][\n]"
19:15:50.074 [main] DEBUG org.apache.http.wire -  << "Transfer-Encoding: chunked[\r][\n]"
19:15:50.074 [main] DEBUG org.apache.http.wire -  << "Connection: keep-alive[\r][\n]"
19:15:50.074 [main] DEBUG org.apache.http.wire -  << "WWW-Authenticate: Basic realm="JsonRPC"[\r][\n]"
19:15:50.074 [main] DEBUG org.apache.http.wire -  << "[\r][\n]"
19:15:50.074 [main] DEBUG org.apache.http.impl.conn.DefaultClientConnection - Receiving response: HTTP/1.1 401 Unauthorized
19:15:50.074 [main] DEBUG org.apache.http.headers - << HTTP/1.1 401 Unauthorized
19:15:50.074 [main] DEBUG org.apache.http.headers - << Server: nginx
19:15:50.074 [main] DEBUG org.apache.http.headers - << Date: Wed, 26 Jul 2023 16:15:50 GMT
19:15:50.074 [main] DEBUG org.apache.http.headers - << Content-Type: application/json
19:15:50.074 [main] DEBUG org.apache.http.headers - << Transfer-Encoding: chunked
19:15:50.074 [main] DEBUG org.apache.http.headers - << Connection: keep-alive
19:15:50.075 [main] DEBUG org.apache.http.headers - << WWW-Authenticate: Basic realm="JsonRPC"
19:15:50.075 [main] DEBUG org.apache.http.impl.client.DefaultHttpClient - Connection can be kept alive indefinitely
19:15:50.075 [main] DEBUG org.apache.http.impl.client.DefaultHttpClient - Authentication required
19:15:50.075 [main] DEBUG org.apache.http.impl.client.DefaultHttpClient - localhost:81 requested authentication
19:15:50.075 [main] DEBUG org.apache.http.impl.client.TargetAuthenticationStrategy - Authentication schemes in the order of preference: [Negotiate, Kerberos, NTLM, CredSSP, Digest, Basic]
19:15:50.075 [main] DEBUG org.apache.http.impl.client.TargetAuthenticationStrategy - Challenge for Negotiate authentication scheme not available
19:15:50.075 [main] DEBUG org.apache.http.impl.client.TargetAuthenticationStrategy - Challenge for Kerberos authentication scheme not available
19:15:50.075 [main] DEBUG org.apache.http.impl.client.TargetAuthenticationStrategy - Challenge for NTLM authentication scheme not available
19:15:50.075 [main] DEBUG org.apache.http.impl.client.TargetAuthenticationStrategy - Challenge for CredSSP authentication scheme not available
19:15:50.075 [main] DEBUG org.apache.http.impl.client.TargetAuthenticationStrategy - Challenge for Digest authentication scheme not available
19:15:50.075 [main] DEBUG org.apache.http.impl.client.DefaultHttpClient - Selected authentication options: [BASIC [complete=true]]
19:15:50.075 [main] DEBUG org.apache.http.wire -  << "49[\r][\n]"
19:15:50.075 [main] DEBUG org.apache.http.wire -  << "{"jsonrpc":"2.0","error":{"code":401,"message":"Unauthorized"},"id":null}"
19:15:50.075 [main] DEBUG org.apache.http.wire -  << "[\r][\n]"
19:15:50.075 [main] DEBUG org.apache.http.wire -  << "0[\r][\n]"
19:15:50.075 [main] DEBUG org.apache.http.wire -  << "[\r][\n]"
19:15:50.075 [main] DEBUG org.apache.http.client.protocol.RequestAddCookies - CookieSpec selected: ignoreCookies
19:15:50.075 [main] DEBUG org.apache.http.client.protocol.RequestAuthCache - Auth cache not set in the context
19:15:50.075 [main] DEBUG org.apache.http.client.protocol.RequestTargetAuthentication - Target auth state: CHALLENGED
19:15:50.075 [main] DEBUG org.apache.http.client.protocol.RequestTargetAuthentication - Generating response to an authentication challenge using basic scheme
19:15:50.075 [main] DEBUG org.apache.http.client.protocol.RequestProxyAuthentication - Proxy auth state: UNCHALLENGED
19:15:50.075 [main] DEBUG org.apache.http.impl.client.DefaultHttpClient - Attempt 2 to execute request
19:15:50.075 [main] DEBUG org.apache.http.impl.conn.DefaultClientConnection - Sending request: POST /jsonrpc.php HTTP/1.1
19:15:50.075 [main] DEBUG org.apache.http.wire -  >> "POST /jsonrpc.php HTTP/1.1[\r][\n]"
19:15:50.075 [main] DEBUG org.apache.http.wire -  >> "Accept: */*[\r][\n]"
19:15:50.075 [main] DEBUG org.apache.http.wire -  >> "Content-Type: text/plain; charset=ISO-8859-1[\r][\n]"
19:15:50.075 [main] DEBUG org.apache.http.wire -  >> "Content-Length: 138[\r][\n]"
19:15:50.075 [main] DEBUG org.apache.http.wire -  >> "Host: localhost:81[\r][\n]"
19:15:50.075 [main] DEBUG org.apache.http.wire -  >> "Connection: Keep-Alive[\r][\n]"
19:15:50.075 [main] DEBUG org.apache.http.wire -  >> "User-Agent: Apache-HttpClient/4.5.13 (Java/17)[\r][\n]"
19:15:50.075 [main] DEBUG org.apache.http.wire -  >> "Authorization: Basic a3lyeWxvQVBJVGVzdExvZ2luOmt5cnlsb0FQSVRlc3RQYXNzd29yZA==[\r][\n]"
19:15:50.075 [main] DEBUG org.apache.http.wire -  >> "Accept-Encoding: gzip,deflate[\r][\n]"
19:15:50.075 [main] DEBUG org.apache.http.wire -  >> "[\r][\n]"
19:15:50.075 [main] DEBUG org.apache.http.headers - >> POST /jsonrpc.php HTTP/1.1
19:15:50.075 [main] DEBUG org.apache.http.headers - >> Accept: */*
19:15:50.075 [main] DEBUG org.apache.http.headers - >> Content-Type: text/plain; charset=ISO-8859-1
19:15:50.075 [main] DEBUG org.apache.http.headers - >> Content-Length: 138
19:15:50.075 [main] DEBUG org.apache.http.headers - >> Host: localhost:81
19:15:50.075 [main] DEBUG org.apache.http.headers - >> Connection: Keep-Alive
19:15:50.075 [main] DEBUG org.apache.http.headers - >> User-Agent: Apache-HttpClient/4.5.13 (Java/17)
19:15:50.075 [main] DEBUG org.apache.http.headers - >> Authorization: Basic a3lyeWxvQVBJVGVzdExvZ2luOmt5cnlsb0FQSVRlc3RQYXNzd29yZA==
19:15:50.075 [main] DEBUG org.apache.http.headers - >> Accept-Encoding: gzip,deflate
19:15:50.075 [main] DEBUG org.apache.http.wire -  >> "{"jsonrpc":"2.0","method":"createProject","id":345,"params":{"name":"API_Project","description":"API_Project Description","owner_id":394}}"
19:15:50.178 [main] DEBUG org.apache.http.wire -  << "HTTP/1.1 200 OK[\r][\n]"
19:15:50.178 [main] DEBUG org.apache.http.wire -  << "Server: nginx[\r][\n]"
19:15:50.178 [main] DEBUG org.apache.http.wire -  << "Date: Wed, 26 Jul 2023 16:15:50 GMT[\r][\n]"
19:15:50.178 [main] DEBUG org.apache.http.wire -  << "Content-Type: application/json[\r][\n]"
19:15:50.178 [main] DEBUG org.apache.http.wire -  << "Transfer-Encoding: chunked[\r][\n]"
19:15:50.178 [main] DEBUG org.apache.http.wire -  << "Connection: keep-alive[\r][\n]"
19:15:50.178 [main] DEBUG org.apache.http.wire -  << "Vary: Accept-Encoding[\r][\n]"
19:15:50.178 [main] DEBUG org.apache.http.wire -  << "Content-Encoding: gzip[\r][\n]"
19:15:50.178 [main] DEBUG org.apache.http.wire -  << "[\r][\n]"
19:15:50.178 [main] DEBUG org.apache.http.impl.conn.DefaultClientConnection - Receiving response: HTTP/1.1 200 OK
19:15:50.178 [main] DEBUG org.apache.http.headers - << HTTP/1.1 200 OK
19:15:50.178 [main] DEBUG org.apache.http.headers - << Server: nginx
19:15:50.178 [main] DEBUG org.apache.http.headers - << Date: Wed, 26 Jul 2023 16:15:50 GMT
19:15:50.178 [main] DEBUG org.apache.http.headers - << Content-Type: application/json
19:15:50.178 [main] DEBUG org.apache.http.headers - << Transfer-Encoding: chunked
19:15:50.178 [main] DEBUG org.apache.http.headers - << Connection: keep-alive
19:15:50.178 [main] DEBUG org.apache.http.headers - << Vary: Accept-Encoding
19:15:50.178 [main] DEBUG org.apache.http.headers - << Content-Encoding: gzip
19:15:50.178 [main] DEBUG org.apache.http.impl.client.DefaultHttpClient - Connection can be kept alive indefinitely
19:15:50.178 [main] DEBUG org.apache.http.impl.client.DefaultHttpClient - Authentication succeeded
19:15:50.178 [main] DEBUG org.apache.http.impl.client.TargetAuthenticationStrategy - Caching 'basic' auth scheme for http://localhost:81
19:15:50.178 [main] DEBUG io.restassured.internal.RestAssuredHttpBuilder - Parsing response as: application/json
19:15:50.178 [main] DEBUG org.apache.http.wire -  << "3b[\r][\n]"
19:15:50.178 [main] DEBUG org.apache.http.wire -  << "[0x1f][0x8b][0x8][0x0][0x0][0x0][0x0][0x0][0x0][0x3][0xab]V[0xca]*[0xce][0xcf]+*HV[0xb2]R2[0xd2]3P[0xd2]Q*J-.[0xcd])Q[0xb2]22[0xb3][0xd0]Q[0xca]LQ[0xb2]261[0xad][0x5][0x0]6[0xb4][0x12][0x95]'[0x0][0x0][0x0]"
19:15:50.178 [main] DEBUG org.apache.http.wire -  << "[\r][\n]"
19:15:50.178 [main] DEBUG org.apache.http.wire -  << "0[\r][\n]"
19:15:50.178 [main] DEBUG org.apache.http.wire -  << "[\r][\n]"
19:15:50.179 [main] DEBUG io.restassured.internal.RestAssuredHttpBuilder - Parsed data to instance of: class org.apache.http.conn.EofSensorInputStream
19:15:50.179 [main] DEBUG org.apache.http.impl.conn.BasicClientConnectionManager - Releasing connection org.apache.http.impl.conn.ManagedClientConnectionImpl@17e4beda
19:15:50.179 [main] DEBUG org.apache.http.impl.conn.BasicClientConnectionManager - Connection can be kept alive indefinitely
{
    "jsonrpc": "2.0",
    "result": 268,
    "id": 345
}
{
    "jsonrpc": "2.0",
    "result": 268,
    "id": 345
}
19:15:50.197 [main] DEBUG com.codeborne.selenide.impl.CiReportUrl - Variable selenide.reportsUrl not found
19:15:50.285 [main] DEBUG com.codeborne.selenide.impl.Plugins - Using default implementation of com.codeborne.selenide.impl.Photographer: com.codeborne.selenide.impl.WebdriverPhotographer
19:15:50.288 [main] DEBUG com.codeborne.selenide.impl.Plugins - Using default implementation of com.codeborne.selenide.impl.PageSourceExtractor: com.codeborne.selenide.impl.WebPageSourceExtractor
19:15:50.302 [main] DEBUG com.codeborne.selenide.impl.Plugins - Using default implementation of com.codeborne.selenide.impl.PageObjectFactory: com.codeborne.selenide.impl.SelenidePageFactory
19:15:50.321 [main] INFO com.codeborne.selenide.impl.WebDriverThreadLocalContainer - No webdriver is bound to current thread: 1 - let's create a new webdriver
19:15:50.348 [main] DEBUG com.codeborne.selenide.drivercommands.CreateDriverCommand - Creating webdriver in thread 1 (ip: 192.168.1.2, host: N-KV-TYCH1O-F81)...
19:15:50.350 [main] INFO com.codeborne.selenide.impl.FileHelper - Creating folder: C:\Users\k.shmana\Desktop\r_d\Kanboard\build\downloads\1690388150348_17176_1
19:15:50.353 [main] DEBUG com.codeborne.selenide.webdriver.WebDriverFactory - browser=chrome
19:15:50.353 [main] DEBUG com.codeborne.selenide.webdriver.WebDriverFactory - browser.version=null
19:15:50.353 [main] DEBUG com.codeborne.selenide.webdriver.WebDriverFactory - remote=null
19:15:50.353 [main] DEBUG com.codeborne.selenide.webdriver.WebDriverFactory - browserSize=1366x768
19:15:50.353 [main] DEBUG com.codeborne.selenide.webdriver.WebDriverFactory - downloadsFolder=C:\Users\k.shmana\Desktop\r_d\Kanboard\build\downloads\1690388150348_17176_1
19:15:50.639 [Finalizer] DEBUG org.apache.http.impl.conn.DefaultClientConnection - Connection 0.0.0.0:52995<->127.0.0.1:81 closed
19:15:50.640 [Finalizer] DEBUG org.apache.http.impl.conn.DefaultClientConnection - Connection 0.0.0.0:52994<->127.0.0.1:81 closed
19:15:50.641 [Finalizer] DEBUG org.apache.http.impl.conn.DefaultClientConnection - Connection 0.0.0.0:52993<->127.0.0.1:81 closed
19:15:50.641 [Finalizer] DEBUG org.apache.http.impl.conn.DefaultClientConnection - Connection 0.0.0.0:52992<->127.0.0.1:81 closed
19:15:50.641 [Finalizer] DEBUG org.apache.http.impl.conn.DefaultClientConnection - Connection 0.0.0.0:52991<->127.0.0.1:81 closed
19:15:50.642 [Finalizer] DEBUG org.apache.http.impl.conn.DefaultClientConnection - Connection 0.0.0.0:52990<->127.0.0.1:81 closed
19:15:50.642 [Finalizer] DEBUG org.apache.http.impl.conn.DefaultClientConnection - Connection 0.0.0.0:52989<->127.0.0.1:81 closed
19:15:50.643 [Finalizer] DEBUG org.apache.http.impl.conn.DefaultClientConnection - Connection 0.0.0.0:52982<->127.0.0.1:81 closed
19:15:50.643 [Finalizer] DEBUG org.apache.http.impl.conn.DefaultClientConnection - Connection 0.0.0.0:52981<->127.0.0.1:81 closed
19:15:50.643 [Finalizer] DEBUG org.apache.http.impl.conn.DefaultClientConnection - Connection 0.0.0.0:52980<->127.0.0.1:81 closed
19:15:50.644 [Finalizer] DEBUG org.apache.http.impl.conn.DefaultClientConnection - Connection 0.0.0.0:52979<->127.0.0.1:81 closed
19:15:50.644 [Finalizer] DEBUG org.apache.http.impl.conn.DefaultClientConnection - Connection 0.0.0.0:52978<->127.0.0.1:81 closed
19:15:50.645 [Finalizer] DEBUG org.apache.http.impl.conn.DefaultClientConnection - Connection 0.0.0.0:52977<->127.0.0.1:81 closed
19:15:50.645 [Finalizer] DEBUG org.apache.http.impl.conn.DefaultClientConnection - Connection 0.0.0.0:52976<->127.0.0.1:81 closed
19:15:50.645 [Finalizer] DEBUG org.apache.http.impl.conn.DefaultClientConnection - Connection 0.0.0.0:52988<->127.0.0.1:81 closed
19:15:50.645 [Finalizer] DEBUG org.apache.http.impl.conn.DefaultClientConnection - Connection 0.0.0.0:52987<->127.0.0.1:81 closed
19:15:50.646 [Finalizer] DEBUG org.apache.http.impl.conn.DefaultClientConnection - Connection 0.0.0.0:52986<->127.0.0.1:81 closed
19:15:50.646 [Finalizer] DEBUG org.apache.http.impl.conn.DefaultClientConnection - Connection 0.0.0.0:52985<->127.0.0.1:81 closed
19:15:50.646 [Finalizer] DEBUG org.apache.http.impl.conn.DefaultClientConnection - Connection 0.0.0.0:52984<->127.0.0.1:81 closed
19:15:50.646 [Finalizer] DEBUG org.apache.http.impl.conn.DefaultClientConnection - Connection 0.0.0.0:52983<->127.0.0.1:81 closed
19:15:50.646 [Finalizer] DEBUG org.apache.http.impl.conn.DefaultClientConnection - Connection 0.0.0.0:52972<->127.0.0.1:81 closed
19:15:50.647 [Finalizer] DEBUG org.apache.http.impl.conn.DefaultClientConnection - Connection 0.0.0.0:52975<->127.0.0.1:81 closed
19:15:50.647 [Finalizer] DEBUG org.apache.http.impl.conn.DefaultClientConnection - Connection 0.0.0.0:52974<->127.0.0.1:81 closed
19:15:50.647 [Finalizer] DEBUG org.apache.http.impl.conn.DefaultClientConnection - Connection 0.0.0.0:52973<->127.0.0.1:81 closed
19:15:50.723 [Finalizer] DEBUG org.apache.http.impl.conn.DefaultClientConnection - Connection 0.0.0.0:52971<->127.0.0.1:81 closed
19:15:50.822 [main] DEBUG io.github.bonigarcia.wdm.cache.ResolutionCache - Resolution chrome=114 in cache (valid until 19:35:15 26/07/2023 EEST)
19:15:50.823 [main] DEBUG io.github.bonigarcia.wdm.cache.ResolutionCache - Resolution chrome114=114.0.5735.90 in cache (valid until 18:35:15 27/07/2023 EEST)
19:15:50.824 [main] INFO io.github.bonigarcia.wdm.WebDriverManager - Using chromedriver 114.0.5735.90 (resolved driver for Chrome 114)
19:15:50.857 [main] DEBUG io.github.bonigarcia.wdm.WebDriverManager - Driver chromedriver 114.0.5735.90 found in cache
19:15:50.858 [main] INFO io.github.bonigarcia.wdm.WebDriverManager - Exporting webdriver.chrome.driver as C:\Users\k.shmana\.cache\selenium\chromedriver\win32\114.0.5735.90\chromedriver.exe
19:15:50.873 [main] DEBUG com.codeborne.selenide.webdriver.AbstractChromiumDriverFactory - Using chromium preferences: {credentials_enable_service=false, safebrowsing.enabled=true, plugins.always_open_pdf_externally=true, profile.default_content_setting_values.automatic_downloads=1, download.default_directory=C:\Users\k.shmana\Desktop\r_d\Kanboard\build\downloads\1690388150348_17176_1}
19:15:50.873 [main] DEBUG com.codeborne.selenide.webdriver.ChromeDriverFactory - Chrome options: Capabilities {acceptInsecureCerts: true, browserName: chrome, goog:chromeOptions: {args: [--remote-allow-origins=*, --proxy-bypass-list=<-loopb..., --disable-dev-shm-usage, --window-size=1366,768], excludeSwitches: [enable-automation, load-extension], extensions: [], prefs: {credentials_enable_service: false, download.default_directory: C:\Users\k.shmana\Desktop\r..., plugins.always_open_pdf_externally: true, profile.default_content_setting_values.automatic_downloads: 1, safebrowsing.enabled: true}}, pageLoadStrategy: normal, unhandledPromptBehavior: accept}
19:15:51.064 [main] INFO com.codeborne.selenide.webdriver.SelenideNettyClientFactory - Changed readTimeout from PT3M to PT1M30S
19:15:51.125 [main] DEBUG io.netty.util.internal.logging.InternalLoggerFactory - Using SLF4J as the default logging framework
19:15:51.134 [main] DEBUG io.netty.util.ResourceLeakDetector - -Dio.netty.leakDetection.level: simple
19:15:51.134 [main] DEBUG io.netty.util.ResourceLeakDetector - -Dio.netty.leakDetection.targetRecords: 4
19:15:51.140 [main] DEBUG io.netty.util.ResourceLeakDetectorFactory - Loaded default ResourceLeakDetector: io.netty.util.ResourceLeakDetector@6d4062fd
19:15:51.185 [main] DEBUG io.netty.util.internal.PlatformDependent0 - -Dio.netty.noUnsafe: false
19:15:51.185 [main] DEBUG io.netty.util.internal.PlatformDependent0 - Java version: 17
19:15:51.187 [main] DEBUG io.netty.util.internal.PlatformDependent0 - sun.misc.Unsafe.theUnsafe: available
19:15:51.188 [main] DEBUG io.netty.util.internal.PlatformDependent0 - sun.misc.Unsafe.copyMemory: available
19:15:51.189 [main] DEBUG io.netty.util.internal.PlatformDependent0 - sun.misc.Unsafe.storeFence: available
19:15:51.190 [main] DEBUG io.netty.util.internal.PlatformDependent0 - java.nio.Buffer.address: available
19:15:51.192 [main] DEBUG io.netty.util.internal.PlatformDependent0 - direct buffer constructor: unavailable: Reflective setAccessible(true) disabled
19:15:51.195 [main] DEBUG io.netty.util.internal.PlatformDependent0 - java.nio.Bits.unaligned: available, true
19:15:51.199 [main] DEBUG io.netty.util.internal.PlatformDependent0 - jdk.internal.misc.Unsafe.allocateUninitializedArray(int): unavailable: class io.netty.util.internal.PlatformDependent0$7 cannot access class jdk.internal.misc.Unsafe (in module java.base) because module java.base does not export jdk.internal.misc to unnamed module @5cbc508c
19:15:51.201 [main] DEBUG io.netty.util.internal.PlatformDependent0 - java.nio.DirectByteBuffer.<init>(long, int): unavailable
19:15:51.202 [main] DEBUG io.netty.util.internal.PlatformDependent - sun.misc.Unsafe: available
19:15:51.206 [main] DEBUG io.netty.util.internal.PlatformDependent - maxDirectMemory: 2076180480 bytes (maybe)
19:15:51.206 [main] DEBUG io.netty.util.internal.PlatformDependent - -Dio.netty.tmpdir: C:\Users\KFA24~1.SHM\AppData\Local\Temp (java.io.tmpdir)
19:15:51.206 [main] DEBUG io.netty.util.internal.PlatformDependent - -Dio.netty.bitMode: 64 (sun.arch.data.model)
19:15:51.207 [main] DEBUG io.netty.util.internal.PlatformDependent - Platform: Windows
19:15:51.208 [main] DEBUG io.netty.util.internal.PlatformDependent - -Dio.netty.maxDirectMemory: -1 bytes
19:15:51.208 [main] DEBUG io.netty.util.internal.PlatformDependent - -Dio.netty.uninitializedArrayAllocationThreshold: -1
19:15:51.209 [main] DEBUG io.netty.util.internal.CleanerJava9 - java.nio.ByteBuffer.cleaner(): available
19:15:51.209 [main] DEBUG io.netty.util.internal.PlatformDependent - -Dio.netty.noPreferDirect: false
19:15:51.250 [main] DEBUG io.netty.util.internal.PlatformDependent - org.jctools-core.MpscChunkedArrayQueue: available
19:15:51.309 [main] DEBUG io.netty.util.internal.InternalThreadLocalMap - -Dio.netty.threadLocalMap.stringBuilder.initialSize: 1024
19:15:51.309 [main] DEBUG io.netty.util.internal.InternalThreadLocalMap - -Dio.netty.threadLocalMap.stringBuilder.maxSize: 4096
19:15:51.408 [main] DEBUG io.netty.handler.ssl.JdkSslContext - Default protocols (JDK): [TLSv1.3, TLSv1.2] 
19:15:51.408 [main] DEBUG io.netty.handler.ssl.JdkSslContext - Default cipher suites (JDK): [TLS_ECDHE_ECDSA_WITH_AES_256_GCM_SHA384, TLS_ECDHE_ECDSA_WITH_AES_128_GCM_SHA256, TLS_ECDHE_RSA_WITH_AES_128_GCM_SHA256, TLS_ECDHE_RSA_WITH_AES_256_GCM_SHA384, TLS_ECDHE_RSA_WITH_AES_128_CBC_SHA, TLS_ECDHE_RSA_WITH_AES_256_CBC_SHA, TLS_RSA_WITH_AES_128_GCM_SHA256, TLS_RSA_WITH_AES_128_CBC_SHA, TLS_RSA_WITH_AES_256_CBC_SHA, TLS_AES_128_GCM_SHA256, TLS_AES_256_GCM_SHA384]
19:15:51.446 [main] DEBUG io.netty.util.concurrent.GlobalEventExecutor - -Dio.netty.globalEventExecutor.quietPeriodSeconds: 1
19:15:51.482 [main] DEBUG io.netty.channel.MultithreadEventLoopGroup - -Dio.netty.eventLoopThreads: 16
19:15:51.506 [main] DEBUG io.netty.channel.nio.NioEventLoop - -Dio.netty.noKeySetOptimization: false
19:15:51.506 [main] DEBUG io.netty.channel.nio.NioEventLoop - -Dio.netty.selectorAutoRebuildThreshold: 512
19:15:51.642 [main] DEBUG io.netty.buffer.PooledByteBufAllocator - -Dio.netty.allocator.numHeapArenas: 16
19:15:51.643 [main] DEBUG io.netty.buffer.PooledByteBufAllocator - -Dio.netty.allocator.numDirectArenas: 16
19:15:51.643 [main] DEBUG io.netty.buffer.PooledByteBufAllocator - -Dio.netty.allocator.pageSize: 8192
19:15:51.643 [main] DEBUG io.netty.buffer.PooledByteBufAllocator - -Dio.netty.allocator.maxOrder: 9
19:15:51.643 [main] DEBUG io.netty.buffer.PooledByteBufAllocator - -Dio.netty.allocator.chunkSize: 4194304
19:15:51.643 [main] DEBUG io.netty.buffer.PooledByteBufAllocator - -Dio.netty.allocator.smallCacheSize: 256
19:15:51.643 [main] DEBUG io.netty.buffer.PooledByteBufAllocator - -Dio.netty.allocator.normalCacheSize: 64
19:15:51.643 [main] DEBUG io.netty.buffer.PooledByteBufAllocator - -Dio.netty.allocator.maxCachedBufferCapacity: 32768
19:15:51.643 [main] DEBUG io.netty.buffer.PooledByteBufAllocator - -Dio.netty.allocator.cacheTrimInterval: 8192
19:15:51.643 [main] DEBUG io.netty.buffer.PooledByteBufAllocator - -Dio.netty.allocator.cacheTrimIntervalMillis: 0
19:15:51.643 [main] DEBUG io.netty.buffer.PooledByteBufAllocator - -Dio.netty.allocator.useCacheForAllThreads: false
19:15:51.643 [main] DEBUG io.netty.buffer.PooledByteBufAllocator - -Dio.netty.allocator.maxCachedByteBuffersPerChunk: 1023
19:15:51.664 [main] DEBUG io.netty.buffer.ByteBufUtil - -Dio.netty.allocator.type: pooled
19:15:51.664 [main] DEBUG io.netty.buffer.ByteBufUtil - -Dio.netty.threadLocalDirectBufferSize: 0
19:15:51.664 [main] DEBUG io.netty.buffer.ByteBufUtil - -Dio.netty.maxThreadLocalCharBufferSize: 16384
19:15:52.368 [Forwarding newSession on session null to remote] DEBUG io.netty.channel.DefaultChannelId - -Dio.netty.processId: 17176 (auto-detected)
19:15:52.378 [Forwarding newSession on session null to remote] DEBUG io.netty.util.NetUtil - -Djava.net.preferIPv4Stack: false
19:15:52.378 [Forwarding newSession on session null to remote] DEBUG io.netty.util.NetUtil - -Djava.net.preferIPv6Addresses: false
19:15:52.398 [Forwarding newSession on session null to remote] DEBUG io.netty.util.NetUtilInitializations - Loopback interface: lo (Software Loopback Interface 1, 127.0.0.1)
19:15:52.400 [Forwarding newSession on session null to remote] DEBUG io.netty.util.NetUtil - Failed to get SOMAXCONN from sysctl and file \proc\sys\net\core\somaxconn. Default: 200
19:15:52.442 [Forwarding newSession on session null to remote] DEBUG io.netty.channel.DefaultChannelId - -Dio.netty.machineId: 00:00:00:00:00:00:00:e0 (auto-detected)
19:15:52.628 [AsyncHttpClient-1-2] DEBUG io.netty.buffer.AbstractByteBuf - -Dio.netty.buffer.checkAccessible: true
19:15:52.628 [AsyncHttpClient-1-2] DEBUG io.netty.buffer.AbstractByteBuf - -Dio.netty.buffer.checkBounds: true
19:15:52.628 [AsyncHttpClient-1-2] DEBUG io.netty.util.ResourceLeakDetectorFactory - Loaded default ResourceLeakDetector: io.netty.util.ResourceLeakDetector@3f356d87
19:15:52.671 [AsyncHttpClient-1-2] DEBUG org.asynchttpclient.netty.channel.NettyConnectListener - Using new Channel '[id: 0xeab6acba, L:/127.0.0.1:53002 - R:localhost/127.0.0.1:22421]' for 'POST' to '/session'
19:15:52.714 [AsyncHttpClient-1-2] DEBUG io.netty.util.Recycler - -Dio.netty.recycler.maxCapacityPerThread: 4096
19:15:52.714 [AsyncHttpClient-1-2] DEBUG io.netty.util.Recycler - -Dio.netty.recycler.ratio: 8
19:15:52.714 [AsyncHttpClient-1-2] DEBUG io.netty.util.Recycler - -Dio.netty.recycler.chunkSize: 32
19:15:52.714 [AsyncHttpClient-1-2] DEBUG io.netty.util.Recycler - -Dio.netty.recycler.blocking: false
19:15:52.714 [AsyncHttpClient-1-2] DEBUG io.netty.util.Recycler - -Dio.netty.recycler.batchFastThreadLocalOnly: true
19:15:55.118 [AsyncHttpClient-1-2] DEBUG io.netty.handler.codec.compression.Brotli - brotli4j not in the classpath; Brotli support will be unavailable.
19:15:55.118 [AsyncHttpClient-1-2] DEBUG org.asynchttpclient.netty.handler.HttpHandler - 

Request DefaultHttpRequest(decodeResult: success, version: HTTP/1.1)
POST /session HTTP/1.1
User-Agent: selenium/4.9.1 (java windows)
Content-Length: 996
Content-Type: application/json; charset=utf-8
host: localhost:22421
accept: */*

Response DefaultHttpResponse(decodeResult: success, version: HTTP/1.1)
HTTP/1.1 200 OK
Content-Length: 853
Content-Type: application/json; charset=utf-8
cache-control: no-cache

19:15:55.145 [AsyncHttpClient-1-2] DEBUG org.asynchttpclient.netty.channel.ChannelManager - Adding key: http://localhost:22421 for channel [id: 0xeab6acba, L:/127.0.0.1:53002 - R:localhost/127.0.0.1:22421]
19:15:55.483 [main] INFO com.codeborne.selenide.webdriver.SelenideNettyClientFactory - Changed readTimeout from PT3M to PT1M30S
19:15:55.494 [AsyncHttpClient-1-3] DEBUG org.asynchttpclient.netty.channel.NettyConnectListener - Using new Channel '[id: 0x752bf6bd, L:/127.0.0.1:53010 - R:localhost/127.0.0.1:53003]' for 'GET' to '/json/version'
19:15:55.502 [AsyncHttpClient-1-3] DEBUG org.asynchttpclient.netty.handler.HttpHandler - 

Request DefaultFullHttpRequest(decodeResult: success, version: HTTP/1.1, content: EmptyByteBufBE)
GET /json/version HTTP/1.1
User-Agent: selenium/4.9.1 (java windows)
host: localhost:53003
accept: */*

Response DefaultHttpResponse(decodeResult: success, version: HTTP/1.1)
HTTP/1.1 200 OK
Content-Security-Policy: frame-ancestors 'none'
Content-Length: 424
Content-Type: application/json; charset=UTF-8

19:15:55.502 [AsyncHttpClient-1-3] DEBUG org.asynchttpclient.netty.channel.ChannelManager - Adding key: http://localhost:53003 for channel [id: 0x752bf6bd, L:/127.0.0.1:53010 - R:localhost/127.0.0.1:53003]
19:15:55.513 [main] INFO com.codeborne.selenide.webdriver.SelenideNettyClientFactory - Changed readTimeout from PT3M to PT1M30S
19:15:55.529 [main] DEBUG io.netty.util.internal.ThreadLocalRandom - -Dio.netty.initialSeedUniquifier: 0xce7ac1f5fcdbef62
19:15:55.540 [AsyncHttpClient-1-4] DEBUG org.asynchttpclient.netty.channel.NettyConnectListener - Using new Channel '[id: 0x99637c64, L:/127.0.0.1:53011 - R:localhost/127.0.0.1:53003]' for 'GET' to '/devtools/browser/3f355cf1-18c9-4fa3-bcd2-74120e94b0af'
19:15:55.544 [AsyncHttpClient-1-4] DEBUG org.asynchttpclient.netty.handler.WebSocketHandler - 

Request DefaultFullHttpRequest(decodeResult: success, version: HTTP/1.1, content: EmptyByteBufBE)
GET /devtools/browser/3f355cf1-18c9-4fa3-bcd2-74120e94b0af HTTP/1.1
upgrade: websocket
connection: upgrade
sec-websocket-key: pEsHAWHtcUx2wsHZt4O3zg==
sec-websocket-version: 13
origin: http://localhost:53003
host: localhost:53003
accept: */*
user-agent: AHC/2.1

Response DefaultHttpResponse(decodeResult: success, version: HTTP/1.1)
HTTP/1.1 101 WebSocket Protocol Handshake
Upgrade: WebSocket
Connection: Upgrade
Sec-WebSocket-Accept: X/TjT1GG2enkSEjpCxajXDOWuG8=

19:15:55.729 [Forwarding setTimeout on session 3366c2ca039b87d70e1aaf407a304933 to remote] DEBUG org.asynchttpclient.netty.request.NettyRequestSender - Using pooled Channel '[id: 0xeab6acba, L:/127.0.0.1:53002 - R:localhost/127.0.0.1:22421]' for 'POST' to 'http://localhost:22421/session/3366c2ca039b87d70e1aaf407a304933/timeouts'
19:15:55.729 [Forwarding setTimeout on session 3366c2ca039b87d70e1aaf407a304933 to remote] DEBUG org.asynchttpclient.netty.request.NettyRequestSender - Using open Channel [id: 0xeab6acba, L:/127.0.0.1:53002 - R:localhost/127.0.0.1:22421] for POST '/session/3366c2ca039b87d70e1aaf407a304933/timeouts'
19:15:55.736 [AsyncHttpClient-1-2] DEBUG org.asynchttpclient.netty.handler.HttpHandler - 

Request DefaultHttpRequest(decodeResult: success, version: HTTP/1.1)
POST /session/3366c2ca039b87d70e1aaf407a304933/timeouts HTTP/1.1
User-Agent: selenium/4.9.1 (java windows)
Content-Length: 23
Content-Type: application/json; charset=utf-8
host: localhost:22421
accept: */*

Response DefaultHttpResponse(decodeResult: success, version: HTTP/1.1)
HTTP/1.1 200 OK
Content-Length: 14
Content-Type: application/json; charset=utf-8
cache-control: no-cache

19:15:55.737 [AsyncHttpClient-1-2] DEBUG org.asynchttpclient.netty.channel.ChannelManager - Adding key: http://localhost:22421 for channel [id: 0xeab6acba, L:/127.0.0.1:53002 - R:localhost/127.0.0.1:22421]
19:15:55.742 [main] INFO com.codeborne.selenide.webdriver.WebDriverFactory - BrowserName=chrome Version=114.0.5735.248 Platform=windows
19:15:55.742 [main] INFO com.codeborne.selenide.webdriver.WebDriverFactory - Selenide v. 6.15.0
19:15:55.742 [main] INFO com.codeborne.selenide.webdriver.WebDriverFactory - Selenium WebDriver v. 4.9.1 build revision: eb2032df7f
19:15:55.743 [main] INFO com.codeborne.selenide.drivercommands.CreateDriverCommand - Created webdriver in thread 1: ChromeDriver -> ChromeDriver: chrome on windows (3366c2ca039b87d70e1aaf407a304933)
19:15:55.747 [main] INFO com.codeborne.selenide.drivercommands.DisposablesRegistry - Register WebDriverInstance[config=StaticConfig,webDriver=ChromeDriver: chrome on windows (3366c2ca039b87d70e1aaf407a304933),proxy=null,downloadsFolder=C:\Users\k.shmana\Desktop\r_d\Kanboard\build\downloads\1690388150348_17176_1] in 1 [size=1]
19:15:55.747 [main] INFO com.codeborne.selenide.drivercommands.DisposablesRegistry - Add shutdown hook in 1 [size=1]
19:15:55.760 [Forwarding get on session 3366c2ca039b87d70e1aaf407a304933 to remote] DEBUG org.asynchttpclient.netty.request.NettyRequestSender - Using pooled Channel '[id: 0xeab6acba, L:/127.0.0.1:53002 - R:localhost/127.0.0.1:22421]' for 'POST' to 'http://localhost:22421/session/3366c2ca039b87d70e1aaf407a304933/url'
19:15:55.760 [Forwarding get on session 3366c2ca039b87d70e1aaf407a304933 to remote] DEBUG org.asynchttpclient.netty.request.NettyRequestSender - Using open Channel [id: 0xeab6acba, L:/127.0.0.1:53002 - R:localhost/127.0.0.1:22421] for POST '/session/3366c2ca039b87d70e1aaf407a304933/url'
19:15:55.765 [AsyncHttpClient-1-1] DEBUG org.asynchttpclient.netty.channel.DefaultChannelPool - Entry count for : http://localhost:53003 : 1
19:15:56.066 [AsyncHttpClient-1-2] DEBUG org.asynchttpclient.netty.handler.HttpHandler - 

Request DefaultHttpRequest(decodeResult: success, version: HTTP/1.1)
POST /session/3366c2ca039b87d70e1aaf407a304933/url HTTP/1.1
User-Agent: selenium/4.9.1 (java windows)
Content-Length: 55
Content-Type: application/json; charset=utf-8
host: localhost:22421
accept: */*

Response DefaultHttpResponse(decodeResult: success, version: HTTP/1.1)
HTTP/1.1 200 OK
Content-Length: 14
Content-Type: application/json; charset=utf-8
cache-control: no-cache

19:15:56.067 [AsyncHttpClient-1-2] DEBUG org.asynchttpclient.netty.channel.ChannelManager - Adding key: http://localhost:22421 for channel [id: 0xeab6acba, L:/127.0.0.1:53002 - R:localhost/127.0.0.1:22421]
19:15:56.110 [main] DEBUG com.codeborne.selenide.impl.Plugins - Using default implementation of com.codeborne.selenide.impl.WebElementSelector: com.codeborne.selenide.impl.WebElementSelector
19:15:56.115 [main] DEBUG com.codeborne.selenide.impl.Plugins - Using default implementation of com.codeborne.selenide.impl.ElementDescriber: com.codeborne.selenide.impl.SelenideElementDescriber
19:15:56.207 [Forwarding findElement on session 3366c2ca039b87d70e1aaf407a304933 to remote] DEBUG org.asynchttpclient.netty.request.NettyRequestSender - Using pooled Channel '[id: 0xeab6acba, L:/127.0.0.1:53002 - R:localhost/127.0.0.1:22421]' for 'POST' to 'http://localhost:22421/session/3366c2ca039b87d70e1aaf407a304933/element'
19:15:56.207 [Forwarding findElement on session 3366c2ca039b87d70e1aaf407a304933 to remote] DEBUG org.asynchttpclient.netty.request.NettyRequestSender - Using open Channel [id: 0xeab6acba, L:/127.0.0.1:53002 - R:localhost/127.0.0.1:22421] for POST '/session/3366c2ca039b87d70e1aaf407a304933/element'
19:15:56.222 [AsyncHttpClient-1-2] DEBUG org.asynchttpclient.netty.handler.HttpHandler - 

Request DefaultHttpRequest(decodeResult: success, version: HTTP/1.1)
POST /session/3366c2ca039b87d70e1aaf407a304933/element HTTP/1.1
User-Agent: selenium/4.9.1 (java windows)
Content-Length: 75
Content-Type: application/json; charset=utf-8
host: localhost:22421
accept: */*

Response DefaultHttpResponse(decodeResult: success, version: HTTP/1.1)
HTTP/1.1 200 OK
Content-Length: 94
Content-Type: application/json; charset=utf-8
cache-control: no-cache

19:15:56.222 [AsyncHttpClient-1-2] DEBUG org.asynchttpclient.netty.channel.ChannelManager - Adding key: http://localhost:22421 for channel [id: 0xeab6acba, L:/127.0.0.1:53002 - R:localhost/127.0.0.1:22421]
19:15:56.228 [Forwarding sendKeysToElement on session 3366c2ca039b87d70e1aaf407a304933 to remote] DEBUG org.asynchttpclient.netty.request.NettyRequestSender - Using pooled Channel '[id: 0xeab6acba, L:/127.0.0.1:53002 - R:localhost/127.0.0.1:22421]' for 'POST' to 'http://localhost:22421/session/3366c2ca039b87d70e1aaf407a304933/element/EA421F87BA934D30A55A23F1FF87C3B9_element_2/value'
19:15:56.228 [Forwarding sendKeysToElement on session 3366c2ca039b87d70e1aaf407a304933 to remote] DEBUG org.asynchttpclient.netty.request.NettyRequestSender - Using open Channel [id: 0xeab6acba, L:/127.0.0.1:53002 - R:localhost/127.0.0.1:22421] for POST '/session/3366c2ca039b87d70e1aaf407a304933/element/EA421F87BA934D30A55A23F1FF87C3B9_element_2/value'
19:15:56.282 [AsyncHttpClient-1-2] DEBUG org.asynchttpclient.netty.handler.HttpHandler - 

Request DefaultHttpRequest(decodeResult: success, version: HTTP/1.1)
POST /session/3366c2ca039b87d70e1aaf407a304933/element/EA421F87BA934D30A55A23F1FF87C3B9_element_2/value HTTP/1.1
User-Agent: selenium/4.9.1 (java windows)
Content-Length: 267
Content-Type: application/json; charset=utf-8
host: localhost:22421
accept: */*

Response DefaultHttpResponse(decodeResult: success, version: HTTP/1.1)
HTTP/1.1 200 OK
Content-Length: 14
Content-Type: application/json; charset=utf-8
cache-control: no-cache

19:15:56.282 [AsyncHttpClient-1-2] DEBUG org.asynchttpclient.netty.channel.ChannelManager - Adding key: http://localhost:22421 for channel [id: 0xeab6acba, L:/127.0.0.1:53002 - R:localhost/127.0.0.1:22421]
19:15:56.288 [Forwarding findElement on session 3366c2ca039b87d70e1aaf407a304933 to remote] DEBUG org.asynchttpclient.netty.request.NettyRequestSender - Using pooled Channel '[id: 0xeab6acba, L:/127.0.0.1:53002 - R:localhost/127.0.0.1:22421]' for 'POST' to 'http://localhost:22421/session/3366c2ca039b87d70e1aaf407a304933/element'
19:15:56.290 [Forwarding findElement on session 3366c2ca039b87d70e1aaf407a304933 to remote] DEBUG org.asynchttpclient.netty.request.NettyRequestSender - Using open Channel [id: 0xeab6acba, L:/127.0.0.1:53002 - R:localhost/127.0.0.1:22421] for POST '/session/3366c2ca039b87d70e1aaf407a304933/element'
19:15:56.308 [AsyncHttpClient-1-2] DEBUG org.asynchttpclient.netty.handler.HttpHandler - 

Request DefaultHttpRequest(decodeResult: success, version: HTTP/1.1)
POST /session/3366c2ca039b87d70e1aaf407a304933/element HTTP/1.1
User-Agent: selenium/4.9.1 (java windows)
Content-Length: 75
Content-Type: application/json; charset=utf-8
host: localhost:22421
accept: */*

Response DefaultHttpResponse(decodeResult: success, version: HTTP/1.1)
HTTP/1.1 200 OK
Content-Length: 94
Content-Type: application/json; charset=utf-8
cache-control: no-cache

19:15:56.309 [AsyncHttpClient-1-2] DEBUG org.asynchttpclient.netty.channel.ChannelManager - Adding key: http://localhost:22421 for channel [id: 0xeab6acba, L:/127.0.0.1:53002 - R:localhost/127.0.0.1:22421]
19:15:56.312 [Forwarding sendKeysToElement on session 3366c2ca039b87d70e1aaf407a304933 to remote] DEBUG org.asynchttpclient.netty.request.NettyRequestSender - Using pooled Channel '[id: 0xeab6acba, L:/127.0.0.1:53002 - R:localhost/127.0.0.1:22421]' for 'POST' to 'http://localhost:22421/session/3366c2ca039b87d70e1aaf407a304933/element/EA421F87BA934D30A55A23F1FF87C3B9_element_4/value'
19:15:56.312 [Forwarding sendKeysToElement on session 3366c2ca039b87d70e1aaf407a304933 to remote] DEBUG org.asynchttpclient.netty.request.NettyRequestSender - Using open Channel [id: 0xeab6acba, L:/127.0.0.1:53002 - R:localhost/127.0.0.1:22421] for POST '/session/3366c2ca039b87d70e1aaf407a304933/element/EA421F87BA934D30A55A23F1FF87C3B9_element_4/value'
19:15:56.406 [AsyncHttpClient-1-2] DEBUG org.asynchttpclient.netty.handler.HttpHandler - 

Request DefaultHttpRequest(decodeResult: success, version: HTTP/1.1)
POST /session/3366c2ca039b87d70e1aaf407a304933/element/EA421F87BA934D30A55A23F1FF87C3B9_element_4/value HTTP/1.1
User-Agent: selenium/4.9.1 (java windows)
Content-Length: 297
Content-Type: application/json; charset=utf-8
host: localhost:22421
accept: */*

Response DefaultHttpResponse(decodeResult: success, version: HTTP/1.1)
HTTP/1.1 200 OK
Content-Length: 14
Content-Type: application/json; charset=utf-8
cache-control: no-cache

19:15:56.406 [AsyncHttpClient-1-2] DEBUG org.asynchttpclient.netty.channel.ChannelManager - Adding key: http://localhost:22421 for channel [id: 0xeab6acba, L:/127.0.0.1:53002 - R:localhost/127.0.0.1:22421]
19:15:56.430 [main] DEBUG com.codeborne.selenide.impl.Plugins - Using default implementation of com.codeborne.selenide.commands.Clear: com.codeborne.selenide.commands.Clear
19:15:56.475 [main] DEBUG com.codeborne.selenide.impl.Plugins - Using default implementation of com.codeborne.selenide.impl.DownloadFileToFolder: com.codeborne.selenide.impl.DownloadFileToFolder
19:15:56.483 [main] DEBUG com.codeborne.selenide.impl.Plugins - Using default implementation of com.codeborne.selenide.commands.Commands: com.codeborne.selenide.commands.Commands
19:15:56.484 [Forwarding findElement on session 3366c2ca039b87d70e1aaf407a304933 to remote] DEBUG org.asynchttpclient.netty.request.NettyRequestSender - Using pooled Channel '[id: 0xeab6acba, L:/127.0.0.1:53002 - R:localhost/127.0.0.1:22421]' for 'POST' to 'http://localhost:22421/session/3366c2ca039b87d70e1aaf407a304933/element'
19:15:56.484 [Forwarding findElement on session 3366c2ca039b87d70e1aaf407a304933 to remote] DEBUG org.asynchttpclient.netty.request.NettyRequestSender - Using open Channel [id: 0xeab6acba, L:/127.0.0.1:53002 - R:localhost/127.0.0.1:22421] for POST '/session/3366c2ca039b87d70e1aaf407a304933/element'
19:15:56.497 [AsyncHttpClient-1-2] DEBUG org.asynchttpclient.netty.handler.HttpHandler - 

Request DefaultHttpRequest(decodeResult: success, version: HTTP/1.1)
POST /session/3366c2ca039b87d70e1aaf407a304933/element HTTP/1.1
User-Agent: selenium/4.9.1 (java windows)
Content-Length: 73
Content-Type: application/json; charset=utf-8
host: localhost:22421
accept: */*

Response DefaultHttpResponse(decodeResult: success, version: HTTP/1.1)
HTTP/1.1 200 OK
Content-Length: 94
Content-Type: application/json; charset=utf-8
cache-control: no-cache

19:15:56.498 [AsyncHttpClient-1-2] DEBUG org.asynchttpclient.netty.channel.ChannelManager - Adding key: http://localhost:22421 for channel [id: 0xeab6acba, L:/127.0.0.1:53002 - R:localhost/127.0.0.1:22421]
19:15:56.511 [Forwarding isElementDisplayed on session 3366c2ca039b87d70e1aaf407a304933 to remote] DEBUG org.asynchttpclient.netty.request.NettyRequestSender - Using pooled Channel '[id: 0xeab6acba, L:/127.0.0.1:53002 - R:localhost/127.0.0.1:22421]' for 'POST' to 'http://localhost:22421/session/3366c2ca039b87d70e1aaf407a304933/execute/sync'
19:15:56.511 [Forwarding isElementDisplayed on session 3366c2ca039b87d70e1aaf407a304933 to remote] DEBUG org.asynchttpclient.netty.request.NettyRequestSender - Using open Channel [id: 0xeab6acba, L:/127.0.0.1:53002 - R:localhost/127.0.0.1:22421] for POST '/session/3366c2ca039b87d70e1aaf407a304933/execute/sync'
19:15:56.530 [AsyncHttpClient-1-2] DEBUG org.asynchttpclient.netty.handler.HttpHandler - 

Request DefaultHttpRequest(decodeResult: success, version: HTTP/1.1)
POST /session/3366c2ca039b87d70e1aaf407a304933/execute/sync HTTP/1.1
User-Agent: selenium/4.9.1 (java windows)
Content-Length: 48813
Content-Type: application/json; charset=utf-8
host: localhost:22421
accept: */*

Response DefaultHttpResponse(decodeResult: success, version: HTTP/1.1)
HTTP/1.1 200 OK
Content-Length: 14
Content-Type: application/json; charset=utf-8
cache-control: no-cache

19:15:56.530 [AsyncHttpClient-1-2] DEBUG org.asynchttpclient.netty.channel.ChannelManager - Adding key: http://localhost:22421 for channel [id: 0xeab6acba, L:/127.0.0.1:53002 - R:localhost/127.0.0.1:22421]
19:15:56.536 [Forwarding isElementEnabled on session 3366c2ca039b87d70e1aaf407a304933 to remote] DEBUG org.asynchttpclient.netty.request.NettyRequestSender - Using pooled Channel '[id: 0xeab6acba, L:/127.0.0.1:53002 - R:localhost/127.0.0.1:22421]' for 'GET' to 'http://localhost:22421/session/3366c2ca039b87d70e1aaf407a304933/element/EA421F87BA934D30A55A23F1FF87C3B9_element_5/enabled'
19:15:56.536 [Forwarding isElementEnabled on session 3366c2ca039b87d70e1aaf407a304933 to remote] DEBUG org.asynchttpclient.netty.request.NettyRequestSender - Using open Channel [id: 0xeab6acba, L:/127.0.0.1:53002 - R:localhost/127.0.0.1:22421] for GET '/session/3366c2ca039b87d70e1aaf407a304933/element/EA421F87BA934D30A55A23F1FF87C3B9_element_5/enabled'
19:15:56.543 [AsyncHttpClient-1-2] DEBUG org.asynchttpclient.netty.handler.HttpHandler - 

Request DefaultFullHttpRequest(decodeResult: success, version: HTTP/1.1, content: EmptyByteBufBE)
GET /session/3366c2ca039b87d70e1aaf407a304933/element/EA421F87BA934D30A55A23F1FF87C3B9_element_5/enabled HTTP/1.1
User-Agent: selenium/4.9.1 (java windows)
Cache-Control: no-cache
Content-Type: application/json; charset=utf-8
host: localhost:22421
accept: */*

Response DefaultHttpResponse(decodeResult: success, version: HTTP/1.1)
HTTP/1.1 200 OK
Content-Length: 14
Content-Type: application/json; charset=utf-8
cache-control: no-cache

19:15:56.544 [AsyncHttpClient-1-2] DEBUG org.asynchttpclient.netty.channel.ChannelManager - Adding key: http://localhost:22421 for channel [id: 0xeab6acba, L:/127.0.0.1:53002 - R:localhost/127.0.0.1:22421]
19:15:56.545 [Forwarding clickElement on session 3366c2ca039b87d70e1aaf407a304933 to remote] DEBUG org.asynchttpclient.netty.request.NettyRequestSender - Using pooled Channel '[id: 0xeab6acba, L:/127.0.0.1:53002 - R:localhost/127.0.0.1:22421]' for 'POST' to 'http://localhost:22421/session/3366c2ca039b87d70e1aaf407a304933/element/EA421F87BA934D30A55A23F1FF87C3B9_element_5/click'
19:15:56.545 [Forwarding clickElement on session 3366c2ca039b87d70e1aaf407a304933 to remote] DEBUG org.asynchttpclient.netty.request.NettyRequestSender - Using open Channel [id: 0xeab6acba, L:/127.0.0.1:53002 - R:localhost/127.0.0.1:22421] for POST '/session/3366c2ca039b87d70e1aaf407a304933/element/EA421F87BA934D30A55A23F1FF87C3B9_element_5/click'
19:15:56.861 [AsyncHttpClient-1-1] DEBUG org.asynchttpclient.netty.channel.DefaultChannelPool - Entry count for : http://localhost:53003 : 1
19:15:57.010 [AsyncHttpClient-1-2] DEBUG org.asynchttpclient.netty.handler.HttpHandler - 

Request DefaultHttpRequest(decodeResult: success, version: HTTP/1.1)
POST /session/3366c2ca039b87d70e1aaf407a304933/element/EA421F87BA934D30A55A23F1FF87C3B9_element_5/click HTTP/1.1
User-Agent: selenium/4.9.1 (java windows)
Content-Length: 56
Content-Type: application/json; charset=utf-8
host: localhost:22421
accept: */*

Response DefaultHttpResponse(decodeResult: success, version: HTTP/1.1)
HTTP/1.1 200 OK
Content-Length: 14
Content-Type: application/json; charset=utf-8
cache-control: no-cache

19:15:57.010 [AsyncHttpClient-1-2] DEBUG org.asynchttpclient.netty.channel.ChannelManager - Adding key: http://localhost:22421 for channel [id: 0xeab6acba, L:/127.0.0.1:53002 - R:localhost/127.0.0.1:22421]
19:15:57.014 [Forwarding findElement on session 3366c2ca039b87d70e1aaf407a304933 to remote] DEBUG org.asynchttpclient.netty.request.NettyRequestSender - Using pooled Channel '[id: 0xeab6acba, L:/127.0.0.1:53002 - R:localhost/127.0.0.1:22421]' for 'POST' to 'http://localhost:22421/session/3366c2ca039b87d70e1aaf407a304933/element'
19:15:57.014 [Forwarding findElement on session 3366c2ca039b87d70e1aaf407a304933 to remote] DEBUG org.asynchttpclient.netty.request.NettyRequestSender - Using open Channel [id: 0xeab6acba, L:/127.0.0.1:53002 - R:localhost/127.0.0.1:22421] for POST '/session/3366c2ca039b87d70e1aaf407a304933/element'
19:15:57.029 [AsyncHttpClient-1-2] DEBUG org.asynchttpclient.netty.handler.HttpHandler - 

Request DefaultHttpRequest(decodeResult: success, version: HTTP/1.1)
POST /session/3366c2ca039b87d70e1aaf407a304933/element HTTP/1.1
User-Agent: selenium/4.9.1 (java windows)
Content-Length: 72
Content-Type: application/json; charset=utf-8
host: localhost:22421
accept: */*

Response DefaultHttpResponse(decodeResult: success, version: HTTP/1.1)
HTTP/1.1 200 OK
Content-Length: 94
Content-Type: application/json; charset=utf-8
cache-control: no-cache

19:15:57.029 [AsyncHttpClient-1-2] DEBUG org.asynchttpclient.netty.channel.ChannelManager - Adding key: http://localhost:22421 for channel [id: 0xeab6acba, L:/127.0.0.1:53002 - R:localhost/127.0.0.1:22421]
19:15:57.034 [Forwarding isElementDisplayed on session 3366c2ca039b87d70e1aaf407a304933 to remote] DEBUG org.asynchttpclient.netty.request.NettyRequestSender - Using pooled Channel '[id: 0xeab6acba, L:/127.0.0.1:53002 - R:localhost/127.0.0.1:22421]' for 'POST' to 'http://localhost:22421/session/3366c2ca039b87d70e1aaf407a304933/execute/sync'
19:15:57.034 [Forwarding isElementDisplayed on session 3366c2ca039b87d70e1aaf407a304933 to remote] DEBUG org.asynchttpclient.netty.request.NettyRequestSender - Using open Channel [id: 0xeab6acba, L:/127.0.0.1:53002 - R:localhost/127.0.0.1:22421] for POST '/session/3366c2ca039b87d70e1aaf407a304933/execute/sync'
19:15:57.049 [AsyncHttpClient-1-2] DEBUG org.asynchttpclient.netty.handler.HttpHandler - 

Request DefaultHttpRequest(decodeResult: success, version: HTTP/1.1)
POST /session/3366c2ca039b87d70e1aaf407a304933/execute/sync HTTP/1.1
User-Agent: selenium/4.9.1 (java windows)
Content-Length: 48813
Content-Type: application/json; charset=utf-8
host: localhost:22421
accept: */*

Response DefaultHttpResponse(decodeResult: success, version: HTTP/1.1)
HTTP/1.1 200 OK
Content-Length: 14
Content-Type: application/json; charset=utf-8
cache-control: no-cache

19:15:57.050 [AsyncHttpClient-1-2] DEBUG org.asynchttpclient.netty.channel.ChannelManager - Adding key: http://localhost:22421 for channel [id: 0xeab6acba, L:/127.0.0.1:53002 - R:localhost/127.0.0.1:22421]
19:15:57.051 [Forwarding isElementEnabled on session 3366c2ca039b87d70e1aaf407a304933 to remote] DEBUG org.asynchttpclient.netty.request.NettyRequestSender - Using pooled Channel '[id: 0xeab6acba, L:/127.0.0.1:53002 - R:localhost/127.0.0.1:22421]' for 'GET' to 'http://localhost:22421/session/3366c2ca039b87d70e1aaf407a304933/element/B1DC544530A04D71B32F5C40C6BFE943_element_7/enabled'
19:15:57.051 [Forwarding isElementEnabled on session 3366c2ca039b87d70e1aaf407a304933 to remote] DEBUG org.asynchttpclient.netty.request.NettyRequestSender - Using open Channel [id: 0xeab6acba, L:/127.0.0.1:53002 - R:localhost/127.0.0.1:22421] for GET '/session/3366c2ca039b87d70e1aaf407a304933/element/B1DC544530A04D71B32F5C40C6BFE943_element_7/enabled'
19:15:57.059 [AsyncHttpClient-1-2] DEBUG org.asynchttpclient.netty.handler.HttpHandler - 

Request DefaultFullHttpRequest(decodeResult: success, version: HTTP/1.1, content: EmptyByteBufBE)
GET /session/3366c2ca039b87d70e1aaf407a304933/element/B1DC544530A04D71B32F5C40C6BFE943_element_7/enabled HTTP/1.1
User-Agent: selenium/4.9.1 (java windows)
Cache-Control: no-cache
Content-Type: application/json; charset=utf-8
host: localhost:22421
accept: */*

Response DefaultHttpResponse(decodeResult: success, version: HTTP/1.1)
HTTP/1.1 200 OK
Content-Length: 14
Content-Type: application/json; charset=utf-8
cache-control: no-cache

19:15:57.059 [AsyncHttpClient-1-2] DEBUG org.asynchttpclient.netty.channel.ChannelManager - Adding key: http://localhost:22421 for channel [id: 0xeab6acba, L:/127.0.0.1:53002 - R:localhost/127.0.0.1:22421]
19:15:57.061 [Forwarding clickElement on session 3366c2ca039b87d70e1aaf407a304933 to remote] DEBUG org.asynchttpclient.netty.request.NettyRequestSender - Using pooled Channel '[id: 0xeab6acba, L:/127.0.0.1:53002 - R:localhost/127.0.0.1:22421]' for 'POST' to 'http://localhost:22421/session/3366c2ca039b87d70e1aaf407a304933/element/B1DC544530A04D71B32F5C40C6BFE943_element_7/click'
19:15:57.062 [Forwarding clickElement on session 3366c2ca039b87d70e1aaf407a304933 to remote] DEBUG org.asynchttpclient.netty.request.NettyRequestSender - Using open Channel [id: 0xeab6acba, L:/127.0.0.1:53002 - R:localhost/127.0.0.1:22421] for POST '/session/3366c2ca039b87d70e1aaf407a304933/element/B1DC544530A04D71B32F5C40C6BFE943_element_7/click'
19:15:57.257 [AsyncHttpClient-1-2] DEBUG org.asynchttpclient.netty.handler.HttpHandler - 

Request DefaultHttpRequest(decodeResult: success, version: HTTP/1.1)
POST /session/3366c2ca039b87d70e1aaf407a304933/element/B1DC544530A04D71B32F5C40C6BFE943_element_7/click HTTP/1.1
User-Agent: selenium/4.9.1 (java windows)
Content-Length: 56
Content-Type: application/json; charset=utf-8
host: localhost:22421
accept: */*

Response DefaultHttpResponse(decodeResult: success, version: HTTP/1.1)
HTTP/1.1 200 OK
Content-Length: 14
Content-Type: application/json; charset=utf-8
cache-control: no-cache

19:15:57.257 [AsyncHttpClient-1-2] DEBUG org.asynchttpclient.netty.channel.ChannelManager - Adding key: http://localhost:22421 for channel [id: 0xeab6acba, L:/127.0.0.1:53002 - R:localhost/127.0.0.1:22421]
19:15:57.259 [Forwarding findElement on session 3366c2ca039b87d70e1aaf407a304933 to remote] DEBUG org.asynchttpclient.netty.request.NettyRequestSender - Using pooled Channel '[id: 0xeab6acba, L:/127.0.0.1:53002 - R:localhost/127.0.0.1:22421]' for 'POST' to 'http://localhost:22421/session/3366c2ca039b87d70e1aaf407a304933/element'
19:15:57.259 [Forwarding findElement on session 3366c2ca039b87d70e1aaf407a304933 to remote] DEBUG org.asynchttpclient.netty.request.NettyRequestSender - Using open Channel [id: 0xeab6acba, L:/127.0.0.1:53002 - R:localhost/127.0.0.1:22421] for POST '/session/3366c2ca039b87d70e1aaf407a304933/element'
19:15:57.281 [AsyncHttpClient-1-2] DEBUG org.asynchttpclient.netty.handler.HttpHandler - 

Request DefaultHttpRequest(decodeResult: success, version: HTTP/1.1)
POST /session/3366c2ca039b87d70e1aaf407a304933/element HTTP/1.1
User-Agent: selenium/4.9.1 (java windows)
Content-Length: 80
Content-Type: application/json; charset=utf-8
host: localhost:22421
accept: */*

Response DefaultHttpResponse(decodeResult: success, version: HTTP/1.1)
HTTP/1.1 200 OK
Content-Length: 95
Content-Type: application/json; charset=utf-8
cache-control: no-cache

19:15:57.281 [AsyncHttpClient-1-2] DEBUG org.asynchttpclient.netty.channel.ChannelManager - Adding key: http://localhost:22421 for channel [id: 0xeab6acba, L:/127.0.0.1:53002 - R:localhost/127.0.0.1:22421]
19:15:57.286 [Forwarding isElementDisplayed on session 3366c2ca039b87d70e1aaf407a304933 to remote] DEBUG org.asynchttpclient.netty.request.NettyRequestSender - Using pooled Channel '[id: 0xeab6acba, L:/127.0.0.1:53002 - R:localhost/127.0.0.1:22421]' for 'POST' to 'http://localhost:22421/session/3366c2ca039b87d70e1aaf407a304933/execute/sync'
19:15:57.286 [Forwarding isElementDisplayed on session 3366c2ca039b87d70e1aaf407a304933 to remote] DEBUG org.asynchttpclient.netty.request.NettyRequestSender - Using open Channel [id: 0xeab6acba, L:/127.0.0.1:53002 - R:localhost/127.0.0.1:22421] for POST '/session/3366c2ca039b87d70e1aaf407a304933/execute/sync'
19:15:57.301 [AsyncHttpClient-1-2] DEBUG org.asynchttpclient.netty.handler.HttpHandler - 

Request DefaultHttpRequest(decodeResult: success, version: HTTP/1.1)
POST /session/3366c2ca039b87d70e1aaf407a304933/execute/sync HTTP/1.1
User-Agent: selenium/4.9.1 (java windows)
Content-Length: 48814
Content-Type: application/json; charset=utf-8
host: localhost:22421
accept: */*

Response DefaultHttpResponse(decodeResult: success, version: HTTP/1.1)
HTTP/1.1 200 OK
Content-Length: 14
Content-Type: application/json; charset=utf-8
cache-control: no-cache

19:15:57.301 [AsyncHttpClient-1-2] DEBUG org.asynchttpclient.netty.channel.ChannelManager - Adding key: http://localhost:22421 for channel [id: 0xeab6acba, L:/127.0.0.1:53002 - R:localhost/127.0.0.1:22421]
19:15:57.302 [Forwarding isElementEnabled on session 3366c2ca039b87d70e1aaf407a304933 to remote] DEBUG org.asynchttpclient.netty.request.NettyRequestSender - Using pooled Channel '[id: 0xeab6acba, L:/127.0.0.1:53002 - R:localhost/127.0.0.1:22421]' for 'GET' to 'http://localhost:22421/session/3366c2ca039b87d70e1aaf407a304933/element/81D030C285CDF7C4AEAB36D695FA3C72_element_20/enabled'
19:15:57.302 [Forwarding isElementEnabled on session 3366c2ca039b87d70e1aaf407a304933 to remote] DEBUG org.asynchttpclient.netty.request.NettyRequestSender - Using open Channel [id: 0xeab6acba, L:/127.0.0.1:53002 - R:localhost/127.0.0.1:22421] for GET '/session/3366c2ca039b87d70e1aaf407a304933/element/81D030C285CDF7C4AEAB36D695FA3C72_element_20/enabled'
19:15:57.312 [AsyncHttpClient-1-2] DEBUG org.asynchttpclient.netty.handler.HttpHandler - 

Request DefaultFullHttpRequest(decodeResult: success, version: HTTP/1.1, content: EmptyByteBufBE)
GET /session/3366c2ca039b87d70e1aaf407a304933/element/81D030C285CDF7C4AEAB36D695FA3C72_element_20/enabled HTTP/1.1
User-Agent: selenium/4.9.1 (java windows)
Cache-Control: no-cache
Content-Type: application/json; charset=utf-8
host: localhost:22421
accept: */*

Response DefaultHttpResponse(decodeResult: success, version: HTTP/1.1)
HTTP/1.1 200 OK
Content-Length: 14
Content-Type: application/json; charset=utf-8
cache-control: no-cache

19:15:57.313 [AsyncHttpClient-1-2] DEBUG org.asynchttpclient.netty.channel.ChannelManager - Adding key: http://localhost:22421 for channel [id: 0xeab6acba, L:/127.0.0.1:53002 - R:localhost/127.0.0.1:22421]
19:15:57.315 [Forwarding clickElement on session 3366c2ca039b87d70e1aaf407a304933 to remote] DEBUG org.asynchttpclient.netty.request.NettyRequestSender - Using pooled Channel '[id: 0xeab6acba, L:/127.0.0.1:53002 - R:localhost/127.0.0.1:22421]' for 'POST' to 'http://localhost:22421/session/3366c2ca039b87d70e1aaf407a304933/element/81D030C285CDF7C4AEAB36D695FA3C72_element_20/click'
19:15:57.316 [Forwarding clickElement on session 3366c2ca039b87d70e1aaf407a304933 to remote] DEBUG org.asynchttpclient.netty.request.NettyRequestSender - Using open Channel [id: 0xeab6acba, L:/127.0.0.1:53002 - R:localhost/127.0.0.1:22421] for POST '/session/3366c2ca039b87d70e1aaf407a304933/element/81D030C285CDF7C4AEAB36D695FA3C72_element_20/click'
19:15:57.385 [AsyncHttpClient-1-2] DEBUG org.asynchttpclient.netty.handler.HttpHandler - 

Request DefaultHttpRequest(decodeResult: success, version: HTTP/1.1)
POST /session/3366c2ca039b87d70e1aaf407a304933/element/81D030C285CDF7C4AEAB36D695FA3C72_element_20/click HTTP/1.1
User-Agent: selenium/4.9.1 (java windows)
Content-Length: 57
Content-Type: application/json; charset=utf-8
host: localhost:22421
accept: */*

Response DefaultHttpResponse(decodeResult: success, version: HTTP/1.1)
HTTP/1.1 200 OK
Content-Length: 14
Content-Type: application/json; charset=utf-8
cache-control: no-cache

19:15:57.385 [AsyncHttpClient-1-2] DEBUG org.asynchttpclient.netty.channel.ChannelManager - Adding key: http://localhost:22421 for channel [id: 0xeab6acba, L:/127.0.0.1:53002 - R:localhost/127.0.0.1:22421]
19:15:57.389 [Forwarding findElement on session 3366c2ca039b87d70e1aaf407a304933 to remote] DEBUG org.asynchttpclient.netty.request.NettyRequestSender - Using pooled Channel '[id: 0xeab6acba, L:/127.0.0.1:53002 - R:localhost/127.0.0.1:22421]' for 'POST' to 'http://localhost:22421/session/3366c2ca039b87d70e1aaf407a304933/element'
19:15:57.389 [Forwarding findElement on session 3366c2ca039b87d70e1aaf407a304933 to remote] DEBUG org.asynchttpclient.netty.request.NettyRequestSender - Using open Channel [id: 0xeab6acba, L:/127.0.0.1:53002 - R:localhost/127.0.0.1:22421] for POST '/session/3366c2ca039b87d70e1aaf407a304933/element'
19:15:57.468 [AsyncHttpClient-1-2] DEBUG org.asynchttpclient.netty.handler.HttpHandler - 

Request DefaultHttpRequest(decodeResult: success, version: HTTP/1.1)
POST /session/3366c2ca039b87d70e1aaf407a304933/element HTTP/1.1
User-Agent: selenium/4.9.1 (java windows)
Content-Length: 69
Content-Type: application/json; charset=utf-8
host: localhost:22421
accept: */*

Response DefaultHttpResponse(decodeResult: success, version: HTTP/1.1)
HTTP/1.1 404 Not Found
Content-Length: 970
Content-Type: application/json; charset=utf-8
cache-control: no-cache

19:15:57.469 [AsyncHttpClient-1-2] DEBUG org.asynchttpclient.netty.channel.ChannelManager - Adding key: http://localhost:22421 for channel [id: 0xeab6acba, L:/127.0.0.1:53002 - R:localhost/127.0.0.1:22421]
19:15:57.690 [Forwarding findElement on session 3366c2ca039b87d70e1aaf407a304933 to remote] DEBUG org.asynchttpclient.netty.request.NettyRequestSender - Using pooled Channel '[id: 0xeab6acba, L:/127.0.0.1:53002 - R:localhost/127.0.0.1:22421]' for 'POST' to 'http://localhost:22421/session/3366c2ca039b87d70e1aaf407a304933/element'
19:15:57.690 [Forwarding findElement on session 3366c2ca039b87d70e1aaf407a304933 to remote] DEBUG org.asynchttpclient.netty.request.NettyRequestSender - Using open Channel [id: 0xeab6acba, L:/127.0.0.1:53002 - R:localhost/127.0.0.1:22421] for POST '/session/3366c2ca039b87d70e1aaf407a304933/element'
19:15:57.702 [AsyncHttpClient-1-2] DEBUG org.asynchttpclient.netty.handler.HttpHandler - 

Request DefaultHttpRequest(decodeResult: success, version: HTTP/1.1)
POST /session/3366c2ca039b87d70e1aaf407a304933/element HTTP/1.1
User-Agent: selenium/4.9.1 (java windows)
Content-Length: 69
Content-Type: application/json; charset=utf-8
host: localhost:22421
accept: */*

Response DefaultHttpResponse(decodeResult: success, version: HTTP/1.1)
HTTP/1.1 200 OK
Content-Length: 95
Content-Type: application/json; charset=utf-8
cache-control: no-cache

19:15:57.703 [AsyncHttpClient-1-2] DEBUG org.asynchttpclient.netty.channel.ChannelManager - Adding key: http://localhost:22421 for channel [id: 0xeab6acba, L:/127.0.0.1:53002 - R:localhost/127.0.0.1:22421]
19:15:57.706 [Forwarding sendKeysToElement on session 3366c2ca039b87d70e1aaf407a304933 to remote] DEBUG org.asynchttpclient.netty.request.NettyRequestSender - Using pooled Channel '[id: 0xeab6acba, L:/127.0.0.1:53002 - R:localhost/127.0.0.1:22421]' for 'POST' to 'http://localhost:22421/session/3366c2ca039b87d70e1aaf407a304933/element/81D030C285CDF7C4AEAB36D695FA3C72_element_22/value'
19:15:57.706 [Forwarding sendKeysToElement on session 3366c2ca039b87d70e1aaf407a304933 to remote] DEBUG org.asynchttpclient.netty.request.NettyRequestSender - Using open Channel [id: 0xeab6acba, L:/127.0.0.1:53002 - R:localhost/127.0.0.1:22421] for POST '/session/3366c2ca039b87d70e1aaf407a304933/element/81D030C285CDF7C4AEAB36D695FA3C72_element_22/value'
19:15:57.785 [AsyncHttpClient-1-2] DEBUG org.asynchttpclient.netty.handler.HttpHandler - 

Request DefaultHttpRequest(decodeResult: success, version: HTTP/1.1)
POST /session/3366c2ca039b87d70e1aaf407a304933/element/81D030C285CDF7C4AEAB36D695FA3C72_element_22/value HTTP/1.1
User-Agent: selenium/4.9.1 (java windows)
Content-Length: 168
Content-Type: application/json; charset=utf-8
host: localhost:22421
accept: */*

Response DefaultHttpResponse(decodeResult: success, version: HTTP/1.1)
HTTP/1.1 200 OK
Content-Length: 14
Content-Type: application/json; charset=utf-8
cache-control: no-cache

19:15:57.786 [AsyncHttpClient-1-2] DEBUG org.asynchttpclient.netty.channel.ChannelManager - Adding key: http://localhost:22421 for channel [id: 0xeab6acba, L:/127.0.0.1:53002 - R:localhost/127.0.0.1:22421]
19:15:57.790 [Forwarding findElement on session 3366c2ca039b87d70e1aaf407a304933 to remote] DEBUG org.asynchttpclient.netty.request.NettyRequestSender - Using pooled Channel '[id: 0xeab6acba, L:/127.0.0.1:53002 - R:localhost/127.0.0.1:22421]' for 'POST' to 'http://localhost:22421/session/3366c2ca039b87d70e1aaf407a304933/element'
19:15:57.790 [Forwarding findElement on session 3366c2ca039b87d70e1aaf407a304933 to remote] DEBUG org.asynchttpclient.netty.request.NettyRequestSender - Using open Channel [id: 0xeab6acba, L:/127.0.0.1:53002 - R:localhost/127.0.0.1:22421] for POST '/session/3366c2ca039b87d70e1aaf407a304933/element'
19:15:57.813 [AsyncHttpClient-1-2] DEBUG org.asynchttpclient.netty.handler.HttpHandler - 

Request DefaultHttpRequest(decodeResult: success, version: HTTP/1.1)
POST /session/3366c2ca039b87d70e1aaf407a304933/element HTTP/1.1
User-Agent: selenium/4.9.1 (java windows)
Content-Length: 78
Content-Type: application/json; charset=utf-8
host: localhost:22421
accept: */*

Response DefaultHttpResponse(decodeResult: success, version: HTTP/1.1)
HTTP/1.1 200 OK
Content-Length: 95
Content-Type: application/json; charset=utf-8
cache-control: no-cache

19:15:57.814 [AsyncHttpClient-1-2] DEBUG org.asynchttpclient.netty.channel.ChannelManager - Adding key: http://localhost:22421 for channel [id: 0xeab6acba, L:/127.0.0.1:53002 - R:localhost/127.0.0.1:22421]
19:15:57.818 [Forwarding sendKeysToElement on session 3366c2ca039b87d70e1aaf407a304933 to remote] DEBUG org.asynchttpclient.netty.request.NettyRequestSender - Using pooled Channel '[id: 0xeab6acba, L:/127.0.0.1:53002 - R:localhost/127.0.0.1:22421]' for 'POST' to 'http://localhost:22421/session/3366c2ca039b87d70e1aaf407a304933/element/81D030C285CDF7C4AEAB36D695FA3C72_element_23/value'
19:15:57.818 [Forwarding sendKeysToElement on session 3366c2ca039b87d70e1aaf407a304933 to remote] DEBUG org.asynchttpclient.netty.request.NettyRequestSender - Using open Channel [id: 0xeab6acba, L:/127.0.0.1:53002 - R:localhost/127.0.0.1:22421] for POST '/session/3366c2ca039b87d70e1aaf407a304933/element/81D030C285CDF7C4AEAB36D695FA3C72_element_23/value'
19:15:57.944 [AsyncHttpClient-1-2] DEBUG org.asynchttpclient.netty.handler.HttpHandler - 

Request DefaultHttpRequest(decodeResult: success, version: HTTP/1.1)
POST /session/3366c2ca039b87d70e1aaf407a304933/element/81D030C285CDF7C4AEAB36D695FA3C72_element_23/value HTTP/1.1
User-Agent: selenium/4.9.1 (java windows)
Content-Length: 238
Content-Type: application/json; charset=utf-8
host: localhost:22421
accept: */*

Response DefaultHttpResponse(decodeResult: success, version: HTTP/1.1)
HTTP/1.1 200 OK
Content-Length: 14
Content-Type: application/json; charset=utf-8
cache-control: no-cache

19:15:57.944 [AsyncHttpClient-1-2] DEBUG org.asynchttpclient.netty.channel.ChannelManager - Adding key: http://localhost:22421 for channel [id: 0xeab6acba, L:/127.0.0.1:53002 - R:localhost/127.0.0.1:22421]
19:15:57.949 [Forwarding findElement on session 3366c2ca039b87d70e1aaf407a304933 to remote] DEBUG org.asynchttpclient.netty.request.NettyRequestSender - Using pooled Channel '[id: 0xeab6acba, L:/127.0.0.1:53002 - R:localhost/127.0.0.1:22421]' for 'POST' to 'http://localhost:22421/session/3366c2ca039b87d70e1aaf407a304933/element'
19:15:57.949 [Forwarding findElement on session 3366c2ca039b87d70e1aaf407a304933 to remote] DEBUG org.asynchttpclient.netty.request.NettyRequestSender - Using open Channel [id: 0xeab6acba, L:/127.0.0.1:53002 - R:localhost/127.0.0.1:22421] for POST '/session/3366c2ca039b87d70e1aaf407a304933/element'
19:15:57.960 [AsyncHttpClient-1-1] DEBUG org.asynchttpclient.netty.channel.DefaultChannelPool - Entry count for : http://localhost:53003 : 1
19:15:57.980 [AsyncHttpClient-1-2] DEBUG org.asynchttpclient.netty.handler.HttpHandler - 

Request DefaultHttpRequest(decodeResult: success, version: HTTP/1.1)
POST /session/3366c2ca039b87d70e1aaf407a304933/element HTTP/1.1
User-Agent: selenium/4.9.1 (java windows)
Content-Length: 70
Content-Type: application/json; charset=utf-8
host: localhost:22421
accept: */*

Response DefaultHttpResponse(decodeResult: success, version: HTTP/1.1)
HTTP/1.1 200 OK
Content-Length: 95
Content-Type: application/json; charset=utf-8
cache-control: no-cache

19:15:57.981 [AsyncHttpClient-1-2] DEBUG org.asynchttpclient.netty.channel.ChannelManager - Adding key: http://localhost:22421 for channel [id: 0xeab6acba, L:/127.0.0.1:53002 - R:localhost/127.0.0.1:22421]
19:15:57.986 [Forwarding isElementDisplayed on session 3366c2ca039b87d70e1aaf407a304933 to remote] DEBUG org.asynchttpclient.netty.request.NettyRequestSender - Using pooled Channel '[id: 0xeab6acba, L:/127.0.0.1:53002 - R:localhost/127.0.0.1:22421]' for 'POST' to 'http://localhost:22421/session/3366c2ca039b87d70e1aaf407a304933/execute/sync'
19:15:57.986 [Forwarding isElementDisplayed on session 3366c2ca039b87d70e1aaf407a304933 to remote] DEBUG org.asynchttpclient.netty.request.NettyRequestSender - Using open Channel [id: 0xeab6acba, L:/127.0.0.1:53002 - R:localhost/127.0.0.1:22421] for POST '/session/3366c2ca039b87d70e1aaf407a304933/execute/sync'
19:15:58.004 [AsyncHttpClient-1-2] DEBUG org.asynchttpclient.netty.handler.HttpHandler - 

Request DefaultHttpRequest(decodeResult: success, version: HTTP/1.1)
POST /session/3366c2ca039b87d70e1aaf407a304933/execute/sync HTTP/1.1
User-Agent: selenium/4.9.1 (java windows)
Content-Length: 48814
Content-Type: application/json; charset=utf-8
host: localhost:22421
accept: */*

Response DefaultHttpResponse(decodeResult: success, version: HTTP/1.1)
HTTP/1.1 200 OK
Content-Length: 14
Content-Type: application/json; charset=utf-8
cache-control: no-cache

19:15:58.004 [AsyncHttpClient-1-2] DEBUG org.asynchttpclient.netty.channel.ChannelManager - Adding key: http://localhost:22421 for channel [id: 0xeab6acba, L:/127.0.0.1:53002 - R:localhost/127.0.0.1:22421]
19:15:58.006 [Forwarding isElementEnabled on session 3366c2ca039b87d70e1aaf407a304933 to remote] DEBUG org.asynchttpclient.netty.request.NettyRequestSender - Using pooled Channel '[id: 0xeab6acba, L:/127.0.0.1:53002 - R:localhost/127.0.0.1:22421]' for 'GET' to 'http://localhost:22421/session/3366c2ca039b87d70e1aaf407a304933/element/81D030C285CDF7C4AEAB36D695FA3C72_element_24/enabled'
19:15:58.006 [Forwarding isElementEnabled on session 3366c2ca039b87d70e1aaf407a304933 to remote] DEBUG org.asynchttpclient.netty.request.NettyRequestSender - Using open Channel [id: 0xeab6acba, L:/127.0.0.1:53002 - R:localhost/127.0.0.1:22421] for GET '/session/3366c2ca039b87d70e1aaf407a304933/element/81D030C285CDF7C4AEAB36D695FA3C72_element_24/enabled'
19:15:58.020 [AsyncHttpClient-1-2] DEBUG org.asynchttpclient.netty.handler.HttpHandler - 

Request DefaultFullHttpRequest(decodeResult: success, version: HTTP/1.1, content: EmptyByteBufBE)
GET /session/3366c2ca039b87d70e1aaf407a304933/element/81D030C285CDF7C4AEAB36D695FA3C72_element_24/enabled HTTP/1.1
User-Agent: selenium/4.9.1 (java windows)
Cache-Control: no-cache
Content-Type: application/json; charset=utf-8
host: localhost:22421
accept: */*

Response DefaultHttpResponse(decodeResult: success, version: HTTP/1.1)
HTTP/1.1 200 OK
Content-Length: 14
Content-Type: application/json; charset=utf-8
cache-control: no-cache

19:15:58.020 [AsyncHttpClient-1-2] DEBUG org.asynchttpclient.netty.channel.ChannelManager - Adding key: http://localhost:22421 for channel [id: 0xeab6acba, L:/127.0.0.1:53002 - R:localhost/127.0.0.1:22421]
19:15:58.023 [Forwarding clickElement on session 3366c2ca039b87d70e1aaf407a304933 to remote] DEBUG org.asynchttpclient.netty.request.NettyRequestSender - Using pooled Channel '[id: 0xeab6acba, L:/127.0.0.1:53002 - R:localhost/127.0.0.1:22421]' for 'POST' to 'http://localhost:22421/session/3366c2ca039b87d70e1aaf407a304933/element/81D030C285CDF7C4AEAB36D695FA3C72_element_24/click'
19:15:58.023 [Forwarding clickElement on session 3366c2ca039b87d70e1aaf407a304933 to remote] DEBUG org.asynchttpclient.netty.request.NettyRequestSender - Using open Channel [id: 0xeab6acba, L:/127.0.0.1:53002 - R:localhost/127.0.0.1:22421] for POST '/session/3366c2ca039b87d70e1aaf407a304933/element/81D030C285CDF7C4AEAB36D695FA3C72_element_24/click'
19:15:58.085 [AsyncHttpClient-1-2] DEBUG org.asynchttpclient.netty.handler.HttpHandler - 

Request DefaultHttpRequest(decodeResult: success, version: HTTP/1.1)
POST /session/3366c2ca039b87d70e1aaf407a304933/element/81D030C285CDF7C4AEAB36D695FA3C72_element_24/click HTTP/1.1
User-Agent: selenium/4.9.1 (java windows)
Content-Length: 57
Content-Type: application/json; charset=utf-8
host: localhost:22421
accept: */*

Response DefaultHttpResponse(decodeResult: success, version: HTTP/1.1)
HTTP/1.1 200 OK
Content-Length: 14
Content-Type: application/json; charset=utf-8
cache-control: no-cache

19:15:58.086 [AsyncHttpClient-1-2] DEBUG org.asynchttpclient.netty.channel.ChannelManager - Adding key: http://localhost:22421 for channel [id: 0xeab6acba, L:/127.0.0.1:53002 - R:localhost/127.0.0.1:22421]
19:15:58.101 [Forwarding findElement on session 3366c2ca039b87d70e1aaf407a304933 to remote] DEBUG org.asynchttpclient.netty.request.NettyRequestSender - Using pooled Channel '[id: 0xeab6acba, L:/127.0.0.1:53002 - R:localhost/127.0.0.1:22421]' for 'POST' to 'http://localhost:22421/session/3366c2ca039b87d70e1aaf407a304933/element'
19:15:58.101 [Forwarding findElement on session 3366c2ca039b87d70e1aaf407a304933 to remote] DEBUG org.asynchttpclient.netty.request.NettyRequestSender - Using open Channel [id: 0xeab6acba, L:/127.0.0.1:53002 - R:localhost/127.0.0.1:22421] for POST '/session/3366c2ca039b87d70e1aaf407a304933/element'
19:15:58.122 [AsyncHttpClient-1-2] DEBUG org.asynchttpclient.netty.handler.HttpHandler - 

Request DefaultHttpRequest(decodeResult: success, version: HTTP/1.1)
POST /session/3366c2ca039b87d70e1aaf407a304933/element HTTP/1.1
User-Agent: selenium/4.9.1 (java windows)
Content-Length: 69
Content-Type: application/json; charset=utf-8
host: localhost:22421
accept: */*

Response DefaultHttpResponse(decodeResult: success, version: HTTP/1.1)
HTTP/1.1 404 Not Found
Content-Length: 970
Content-Type: application/json; charset=utf-8
cache-control: no-cache

19:15:58.123 [AsyncHttpClient-1-2] DEBUG org.asynchttpclient.netty.channel.ChannelManager - Adding key: http://localhost:22421 for channel [id: 0xeab6acba, L:/127.0.0.1:53002 - R:localhost/127.0.0.1:22421]
19:15:58.129 [main] DEBUG com.codeborne.selenide.impl.Plugins - Using default implementation of com.codeborne.selenide.ex.ErrorFormatter: com.codeborne.selenide.ex.SelenideErrorFormatter
19:15:58.339 [Forwarding findElement on session 3366c2ca039b87d70e1aaf407a304933 to remote] DEBUG org.asynchttpclient.netty.request.NettyRequestSender - Using pooled Channel '[id: 0xeab6acba, L:/127.0.0.1:53002 - R:localhost/127.0.0.1:22421]' for 'POST' to 'http://localhost:22421/session/3366c2ca039b87d70e1aaf407a304933/element'
19:15:58.339 [Forwarding findElement on session 3366c2ca039b87d70e1aaf407a304933 to remote] DEBUG org.asynchttpclient.netty.request.NettyRequestSender - Using open Channel [id: 0xeab6acba, L:/127.0.0.1:53002 - R:localhost/127.0.0.1:22421] for POST '/session/3366c2ca039b87d70e1aaf407a304933/element'
19:15:58.350 [AsyncHttpClient-1-2] DEBUG org.asynchttpclient.netty.handler.HttpHandler - 

Request DefaultHttpRequest(decodeResult: success, version: HTTP/1.1)
POST /session/3366c2ca039b87d70e1aaf407a304933/element HTTP/1.1
User-Agent: selenium/4.9.1 (java windows)
Content-Length: 69
Content-Type: application/json; charset=utf-8
host: localhost:22421
accept: */*

Response DefaultHttpResponse(decodeResult: success, version: HTTP/1.1)
HTTP/1.1 200 OK
Content-Length: 95
Content-Type: application/json; charset=utf-8
cache-control: no-cache

19:15:58.351 [AsyncHttpClient-1-2] DEBUG org.asynchttpclient.netty.channel.ChannelManager - Adding key: http://localhost:22421 for channel [id: 0xeab6acba, L:/127.0.0.1:53002 - R:localhost/127.0.0.1:22421]
19:15:58.356 [Forwarding isElementDisplayed on session 3366c2ca039b87d70e1aaf407a304933 to remote] DEBUG org.asynchttpclient.netty.request.NettyRequestSender - Using pooled Channel '[id: 0xeab6acba, L:/127.0.0.1:53002 - R:localhost/127.0.0.1:22421]' for 'POST' to 'http://localhost:22421/session/3366c2ca039b87d70e1aaf407a304933/execute/sync'
19:15:58.356 [Forwarding isElementDisplayed on session 3366c2ca039b87d70e1aaf407a304933 to remote] DEBUG org.asynchttpclient.netty.request.NettyRequestSender - Using open Channel [id: 0xeab6acba, L:/127.0.0.1:53002 - R:localhost/127.0.0.1:22421] for POST '/session/3366c2ca039b87d70e1aaf407a304933/execute/sync'
19:15:58.368 [AsyncHttpClient-1-2] DEBUG org.asynchttpclient.netty.handler.HttpHandler - 

Request DefaultHttpRequest(decodeResult: success, version: HTTP/1.1)
POST /session/3366c2ca039b87d70e1aaf407a304933/execute/sync HTTP/1.1
User-Agent: selenium/4.9.1 (java windows)
Content-Length: 48814
Content-Type: application/json; charset=utf-8
host: localhost:22421
accept: */*

Response DefaultHttpResponse(decodeResult: success, version: HTTP/1.1)
HTTP/1.1 200 OK
Content-Length: 14
Content-Type: application/json; charset=utf-8
cache-control: no-cache

19:15:58.370 [AsyncHttpClient-1-2] DEBUG org.asynchttpclient.netty.channel.ChannelManager - Adding key: http://localhost:22421 for channel [id: 0xeab6acba, L:/127.0.0.1:53002 - R:localhost/127.0.0.1:22421]
19:15:58.371 [Forwarding isElementEnabled on session 3366c2ca039b87d70e1aaf407a304933 to remote] DEBUG org.asynchttpclient.netty.request.NettyRequestSender - Using pooled Channel '[id: 0xeab6acba, L:/127.0.0.1:53002 - R:localhost/127.0.0.1:22421]' for 'GET' to 'http://localhost:22421/session/3366c2ca039b87d70e1aaf407a304933/element/EA9E65F9CFBBAA22EA228E777C829B2F_element_27/enabled'
19:15:58.371 [Forwarding isElementEnabled on session 3366c2ca039b87d70e1aaf407a304933 to remote] DEBUG org.asynchttpclient.netty.request.NettyRequestSender - Using open Channel [id: 0xeab6acba, L:/127.0.0.1:53002 - R:localhost/127.0.0.1:22421] for GET '/session/3366c2ca039b87d70e1aaf407a304933/element/EA9E65F9CFBBAA22EA228E777C829B2F_element_27/enabled'
19:15:58.379 [AsyncHttpClient-1-2] DEBUG org.asynchttpclient.netty.handler.HttpHandler - 

Request DefaultFullHttpRequest(decodeResult: success, version: HTTP/1.1, content: EmptyByteBufBE)
GET /session/3366c2ca039b87d70e1aaf407a304933/element/EA9E65F9CFBBAA22EA228E777C829B2F_element_27/enabled HTTP/1.1
User-Agent: selenium/4.9.1 (java windows)
Cache-Control: no-cache
Content-Type: application/json; charset=utf-8
host: localhost:22421
accept: */*

Response DefaultHttpResponse(decodeResult: success, version: HTTP/1.1)
HTTP/1.1 200 OK
Content-Length: 14
Content-Type: application/json; charset=utf-8
cache-control: no-cache

19:15:58.380 [AsyncHttpClient-1-2] DEBUG org.asynchttpclient.netty.channel.ChannelManager - Adding key: http://localhost:22421 for channel [id: 0xeab6acba, L:/127.0.0.1:53002 - R:localhost/127.0.0.1:22421]
19:15:58.381 [Forwarding clickElement on session 3366c2ca039b87d70e1aaf407a304933 to remote] DEBUG org.asynchttpclient.netty.request.NettyRequestSender - Using pooled Channel '[id: 0xeab6acba, L:/127.0.0.1:53002 - R:localhost/127.0.0.1:22421]' for 'POST' to 'http://localhost:22421/session/3366c2ca039b87d70e1aaf407a304933/element/EA9E65F9CFBBAA22EA228E777C829B2F_element_27/click'
19:15:58.381 [Forwarding clickElement on session 3366c2ca039b87d70e1aaf407a304933 to remote] DEBUG org.asynchttpclient.netty.request.NettyRequestSender - Using open Channel [id: 0xeab6acba, L:/127.0.0.1:53002 - R:localhost/127.0.0.1:22421] for POST '/session/3366c2ca039b87d70e1aaf407a304933/element/EA9E65F9CFBBAA22EA228E777C829B2F_element_27/click'
19:15:58.519 [AsyncHttpClient-1-2] DEBUG org.asynchttpclient.netty.handler.HttpHandler - 

Request DefaultHttpRequest(decodeResult: success, version: HTTP/1.1)
POST /session/3366c2ca039b87d70e1aaf407a304933/element/EA9E65F9CFBBAA22EA228E777C829B2F_element_27/click HTTP/1.1
User-Agent: selenium/4.9.1 (java windows)
Content-Length: 57
Content-Type: application/json; charset=utf-8
host: localhost:22421
accept: */*

Response DefaultHttpResponse(decodeResult: success, version: HTTP/1.1)
HTTP/1.1 200 OK
Content-Length: 14
Content-Type: application/json; charset=utf-8
cache-control: no-cache

19:15:58.520 [AsyncHttpClient-1-2] DEBUG org.asynchttpclient.netty.channel.ChannelManager - Adding key: http://localhost:22421 for channel [id: 0xeab6acba, L:/127.0.0.1:53002 - R:localhost/127.0.0.1:22421]
19:15:58.522 [Forwarding findElement on session 3366c2ca039b87d70e1aaf407a304933 to remote] DEBUG org.asynchttpclient.netty.request.NettyRequestSender - Using pooled Channel '[id: 0xeab6acba, L:/127.0.0.1:53002 - R:localhost/127.0.0.1:22421]' for 'POST' to 'http://localhost:22421/session/3366c2ca039b87d70e1aaf407a304933/element'
19:15:58.522 [Forwarding findElement on session 3366c2ca039b87d70e1aaf407a304933 to remote] DEBUG org.asynchttpclient.netty.request.NettyRequestSender - Using open Channel [id: 0xeab6acba, L:/127.0.0.1:53002 - R:localhost/127.0.0.1:22421] for POST '/session/3366c2ca039b87d70e1aaf407a304933/element'
19:15:58.537 [AsyncHttpClient-1-2] DEBUG org.asynchttpclient.netty.handler.HttpHandler - 

Request DefaultHttpRequest(decodeResult: success, version: HTTP/1.1)
POST /session/3366c2ca039b87d70e1aaf407a304933/element HTTP/1.1
User-Agent: selenium/4.9.1 (java windows)
Content-Length: 74
Content-Type: application/json; charset=utf-8
host: localhost:22421
accept: */*

Response DefaultHttpResponse(decodeResult: success, version: HTTP/1.1)
HTTP/1.1 200 OK
Content-Length: 95
Content-Type: application/json; charset=utf-8
cache-control: no-cache

19:15:58.539 [AsyncHttpClient-1-2] DEBUG org.asynchttpclient.netty.channel.ChannelManager - Adding key: http://localhost:22421 for channel [id: 0xeab6acba, L:/127.0.0.1:53002 - R:localhost/127.0.0.1:22421]
19:15:58.544 [Forwarding isElementDisplayed on session 3366c2ca039b87d70e1aaf407a304933 to remote] DEBUG org.asynchttpclient.netty.request.NettyRequestSender - Using pooled Channel '[id: 0xeab6acba, L:/127.0.0.1:53002 - R:localhost/127.0.0.1:22421]' for 'POST' to 'http://localhost:22421/session/3366c2ca039b87d70e1aaf407a304933/execute/sync'
19:15:58.544 [Forwarding isElementDisplayed on session 3366c2ca039b87d70e1aaf407a304933 to remote] DEBUG org.asynchttpclient.netty.request.NettyRequestSender - Using open Channel [id: 0xeab6acba, L:/127.0.0.1:53002 - R:localhost/127.0.0.1:22421] for POST '/session/3366c2ca039b87d70e1aaf407a304933/execute/sync'
19:15:58.556 [AsyncHttpClient-1-2] DEBUG org.asynchttpclient.netty.handler.HttpHandler - 

Request DefaultHttpRequest(decodeResult: success, version: HTTP/1.1)
POST /session/3366c2ca039b87d70e1aaf407a304933/execute/sync HTTP/1.1
User-Agent: selenium/4.9.1 (java windows)
Content-Length: 48814
Content-Type: application/json; charset=utf-8
host: localhost:22421
accept: */*

Response DefaultHttpResponse(decodeResult: success, version: HTTP/1.1)
HTTP/1.1 200 OK
Content-Length: 14
Content-Type: application/json; charset=utf-8
cache-control: no-cache

19:15:58.556 [AsyncHttpClient-1-2] DEBUG org.asynchttpclient.netty.channel.ChannelManager - Adding key: http://localhost:22421 for channel [id: 0xeab6acba, L:/127.0.0.1:53002 - R:localhost/127.0.0.1:22421]
19:15:58.557 [Forwarding isElementEnabled on session 3366c2ca039b87d70e1aaf407a304933 to remote] DEBUG org.asynchttpclient.netty.request.NettyRequestSender - Using pooled Channel '[id: 0xeab6acba, L:/127.0.0.1:53002 - R:localhost/127.0.0.1:22421]' for 'GET' to 'http://localhost:22421/session/3366c2ca039b87d70e1aaf407a304933/element/BE43722A9D97A44707785BF3DD5FB6F5_element_29/enabled'
19:15:58.558 [Forwarding isElementEnabled on session 3366c2ca039b87d70e1aaf407a304933 to remote] DEBUG org.asynchttpclient.netty.request.NettyRequestSender - Using open Channel [id: 0xeab6acba, L:/127.0.0.1:53002 - R:localhost/127.0.0.1:22421] for GET '/session/3366c2ca039b87d70e1aaf407a304933/element/BE43722A9D97A44707785BF3DD5FB6F5_element_29/enabled'
19:15:58.566 [AsyncHttpClient-1-2] DEBUG org.asynchttpclient.netty.handler.HttpHandler - 

Request DefaultFullHttpRequest(decodeResult: success, version: HTTP/1.1, content: EmptyByteBufBE)
GET /session/3366c2ca039b87d70e1aaf407a304933/element/BE43722A9D97A44707785BF3DD5FB6F5_element_29/enabled HTTP/1.1
User-Agent: selenium/4.9.1 (java windows)
Cache-Control: no-cache
Content-Type: application/json; charset=utf-8
host: localhost:22421
accept: */*

Response DefaultHttpResponse(decodeResult: success, version: HTTP/1.1)
HTTP/1.1 200 OK
Content-Length: 14
Content-Type: application/json; charset=utf-8
cache-control: no-cache

19:15:58.567 [AsyncHttpClient-1-2] DEBUG org.asynchttpclient.netty.channel.ChannelManager - Adding key: http://localhost:22421 for channel [id: 0xeab6acba, L:/127.0.0.1:53002 - R:localhost/127.0.0.1:22421]
19:15:58.568 [Forwarding clickElement on session 3366c2ca039b87d70e1aaf407a304933 to remote] DEBUG org.asynchttpclient.netty.request.NettyRequestSender - Using pooled Channel '[id: 0xeab6acba, L:/127.0.0.1:53002 - R:localhost/127.0.0.1:22421]' for 'POST' to 'http://localhost:22421/session/3366c2ca039b87d70e1aaf407a304933/element/BE43722A9D97A44707785BF3DD5FB6F5_element_29/click'
19:15:58.568 [Forwarding clickElement on session 3366c2ca039b87d70e1aaf407a304933 to remote] DEBUG org.asynchttpclient.netty.request.NettyRequestSender - Using open Channel [id: 0xeab6acba, L:/127.0.0.1:53002 - R:localhost/127.0.0.1:22421] for POST '/session/3366c2ca039b87d70e1aaf407a304933/element/BE43722A9D97A44707785BF3DD5FB6F5_element_29/click'
19:15:58.629 [AsyncHttpClient-1-2] DEBUG org.asynchttpclient.netty.handler.HttpHandler - 

Request DefaultHttpRequest(decodeResult: success, version: HTTP/1.1)
POST /session/3366c2ca039b87d70e1aaf407a304933/element/BE43722A9D97A44707785BF3DD5FB6F5_element_29/click HTTP/1.1
User-Agent: selenium/4.9.1 (java windows)
Content-Length: 57
Content-Type: application/json; charset=utf-8
host: localhost:22421
accept: */*

Response DefaultHttpResponse(decodeResult: success, version: HTTP/1.1)
HTTP/1.1 200 OK
Content-Length: 14
Content-Type: application/json; charset=utf-8
cache-control: no-cache

19:15:58.629 [AsyncHttpClient-1-2] DEBUG org.asynchttpclient.netty.channel.ChannelManager - Adding key: http://localhost:22421 for channel [id: 0xeab6acba, L:/127.0.0.1:53002 - R:localhost/127.0.0.1:22421]
19:15:58.633 [Forwarding findElement on session 3366c2ca039b87d70e1aaf407a304933 to remote] DEBUG org.asynchttpclient.netty.request.NettyRequestSender - Using pooled Channel '[id: 0xeab6acba, L:/127.0.0.1:53002 - R:localhost/127.0.0.1:22421]' for 'POST' to 'http://localhost:22421/session/3366c2ca039b87d70e1aaf407a304933/element'
19:15:58.633 [Forwarding findElement on session 3366c2ca039b87d70e1aaf407a304933 to remote] DEBUG org.asynchttpclient.netty.request.NettyRequestSender - Using open Channel [id: 0xeab6acba, L:/127.0.0.1:53002 - R:localhost/127.0.0.1:22421] for POST '/session/3366c2ca039b87d70e1aaf407a304933/element'
19:15:58.674 [AsyncHttpClient-1-2] DEBUG org.asynchttpclient.netty.handler.HttpHandler - 

Request DefaultHttpRequest(decodeResult: success, version: HTTP/1.1)
POST /session/3366c2ca039b87d70e1aaf407a304933/element HTTP/1.1
User-Agent: selenium/4.9.1 (java windows)
Content-Length: 146
Content-Type: application/json; charset=utf-8
host: localhost:22421
accept: */*

Response DefaultHttpResponse(decodeResult: success, version: HTTP/1.1)
HTTP/1.1 200 OK
Content-Length: 95
Content-Type: application/json; charset=utf-8
cache-control: no-cache

19:15:58.675 [AsyncHttpClient-1-2] DEBUG org.asynchttpclient.netty.channel.ChannelManager - Adding key: http://localhost:22421 for channel [id: 0xeab6acba, L:/127.0.0.1:53002 - R:localhost/127.0.0.1:22421]
19:15:58.678 [Forwarding sendKeysToElement on session 3366c2ca039b87d70e1aaf407a304933 to remote] DEBUG org.asynchttpclient.netty.request.NettyRequestSender - Using pooled Channel '[id: 0xeab6acba, L:/127.0.0.1:53002 - R:localhost/127.0.0.1:22421]' for 'POST' to 'http://localhost:22421/session/3366c2ca039b87d70e1aaf407a304933/element/BE43722A9D97A44707785BF3DD5FB6F5_element_31/value'
19:15:58.678 [Forwarding sendKeysToElement on session 3366c2ca039b87d70e1aaf407a304933 to remote] DEBUG org.asynchttpclient.netty.request.NettyRequestSender - Using open Channel [id: 0xeab6acba, L:/127.0.0.1:53002 - R:localhost/127.0.0.1:22421] for POST '/session/3366c2ca039b87d70e1aaf407a304933/element/BE43722A9D97A44707785BF3DD5FB6F5_element_31/value'
19:15:58.741 [AsyncHttpClient-1-2] DEBUG org.asynchttpclient.netty.handler.HttpHandler - 

Request DefaultHttpRequest(decodeResult: success, version: HTTP/1.1)
POST /session/3366c2ca039b87d70e1aaf407a304933/element/BE43722A9D97A44707785BF3DD5FB6F5_element_31/value HTTP/1.1
User-Agent: selenium/4.9.1 (java windows)
Content-Length: 208
Content-Type: application/json; charset=utf-8
host: localhost:22421
accept: */*

Response DefaultHttpResponse(decodeResult: success, version: HTTP/1.1)
HTTP/1.1 200 OK
Content-Length: 14
Content-Type: application/json; charset=utf-8
cache-control: no-cache

19:15:58.741 [AsyncHttpClient-1-2] DEBUG org.asynchttpclient.netty.channel.ChannelManager - Adding key: http://localhost:22421 for channel [id: 0xeab6acba, L:/127.0.0.1:53002 - R:localhost/127.0.0.1:22421]
19:15:58.745 [Forwarding findElement on session 3366c2ca039b87d70e1aaf407a304933 to remote] DEBUG org.asynchttpclient.netty.request.NettyRequestSender - Using pooled Channel '[id: 0xeab6acba, L:/127.0.0.1:53002 - R:localhost/127.0.0.1:22421]' for 'POST' to 'http://localhost:22421/session/3366c2ca039b87d70e1aaf407a304933/element'
19:15:58.746 [Forwarding findElement on session 3366c2ca039b87d70e1aaf407a304933 to remote] DEBUG org.asynchttpclient.netty.request.NettyRequestSender - Using open Channel [id: 0xeab6acba, L:/127.0.0.1:53002 - R:localhost/127.0.0.1:22421] for POST '/session/3366c2ca039b87d70e1aaf407a304933/element'
19:15:58.763 [AsyncHttpClient-1-2] DEBUG org.asynchttpclient.netty.handler.HttpHandler - 

Request DefaultHttpRequest(decodeResult: success, version: HTTP/1.1)
POST /session/3366c2ca039b87d70e1aaf407a304933/element HTTP/1.1
User-Agent: selenium/4.9.1 (java windows)
Content-Length: 174
Content-Type: application/json; charset=utf-8
host: localhost:22421
accept: */*

Response DefaultHttpResponse(decodeResult: success, version: HTTP/1.1)
HTTP/1.1 200 OK
Content-Length: 95
Content-Type: application/json; charset=utf-8
cache-control: no-cache

19:15:58.763 [AsyncHttpClient-1-2] DEBUG org.asynchttpclient.netty.channel.ChannelManager - Adding key: http://localhost:22421 for channel [id: 0xeab6acba, L:/127.0.0.1:53002 - R:localhost/127.0.0.1:22421]
19:15:58.766 [Forwarding isElementDisplayed on session 3366c2ca039b87d70e1aaf407a304933 to remote] DEBUG org.asynchttpclient.netty.request.NettyRequestSender - Using pooled Channel '[id: 0xeab6acba, L:/127.0.0.1:53002 - R:localhost/127.0.0.1:22421]' for 'POST' to 'http://localhost:22421/session/3366c2ca039b87d70e1aaf407a304933/execute/sync'
19:15:58.766 [Forwarding isElementDisplayed on session 3366c2ca039b87d70e1aaf407a304933 to remote] DEBUG org.asynchttpclient.netty.request.NettyRequestSender - Using open Channel [id: 0xeab6acba, L:/127.0.0.1:53002 - R:localhost/127.0.0.1:22421] for POST '/session/3366c2ca039b87d70e1aaf407a304933/execute/sync'
19:15:58.781 [AsyncHttpClient-1-2] DEBUG org.asynchttpclient.netty.handler.HttpHandler - 

Request DefaultHttpRequest(decodeResult: success, version: HTTP/1.1)
POST /session/3366c2ca039b87d70e1aaf407a304933/execute/sync HTTP/1.1
User-Agent: selenium/4.9.1 (java windows)
Content-Length: 48814
Content-Type: application/json; charset=utf-8
host: localhost:22421
accept: */*

Response DefaultHttpResponse(decodeResult: success, version: HTTP/1.1)
HTTP/1.1 200 OK
Content-Length: 14
Content-Type: application/json; charset=utf-8
cache-control: no-cache

19:15:58.781 [AsyncHttpClient-1-2] DEBUG org.asynchttpclient.netty.channel.ChannelManager - Adding key: http://localhost:22421 for channel [id: 0xeab6acba, L:/127.0.0.1:53002 - R:localhost/127.0.0.1:22421]
19:15:58.783 [Forwarding isElementEnabled on session 3366c2ca039b87d70e1aaf407a304933 to remote] DEBUG org.asynchttpclient.netty.request.NettyRequestSender - Using pooled Channel '[id: 0xeab6acba, L:/127.0.0.1:53002 - R:localhost/127.0.0.1:22421]' for 'GET' to 'http://localhost:22421/session/3366c2ca039b87d70e1aaf407a304933/element/BE43722A9D97A44707785BF3DD5FB6F5_element_32/enabled'
19:15:58.783 [Forwarding isElementEnabled on session 3366c2ca039b87d70e1aaf407a304933 to remote] DEBUG org.asynchttpclient.netty.request.NettyRequestSender - Using open Channel [id: 0xeab6acba, L:/127.0.0.1:53002 - R:localhost/127.0.0.1:22421] for GET '/session/3366c2ca039b87d70e1aaf407a304933/element/BE43722A9D97A44707785BF3DD5FB6F5_element_32/enabled'
19:15:58.792 [AsyncHttpClient-1-2] DEBUG org.asynchttpclient.netty.handler.HttpHandler - 

Request DefaultFullHttpRequest(decodeResult: success, version: HTTP/1.1, content: EmptyByteBufBE)
GET /session/3366c2ca039b87d70e1aaf407a304933/element/BE43722A9D97A44707785BF3DD5FB6F5_element_32/enabled HTTP/1.1
User-Agent: selenium/4.9.1 (java windows)
Cache-Control: no-cache
Content-Type: application/json; charset=utf-8
host: localhost:22421
accept: */*

Response DefaultHttpResponse(decodeResult: success, version: HTTP/1.1)
HTTP/1.1 200 OK
Content-Length: 14
Content-Type: application/json; charset=utf-8
cache-control: no-cache

19:15:58.792 [AsyncHttpClient-1-2] DEBUG org.asynchttpclient.netty.channel.ChannelManager - Adding key: http://localhost:22421 for channel [id: 0xeab6acba, L:/127.0.0.1:53002 - R:localhost/127.0.0.1:22421]
19:15:58.794 [Forwarding clickElement on session 3366c2ca039b87d70e1aaf407a304933 to remote] DEBUG org.asynchttpclient.netty.request.NettyRequestSender - Using pooled Channel '[id: 0xeab6acba, L:/127.0.0.1:53002 - R:localhost/127.0.0.1:22421]' for 'POST' to 'http://localhost:22421/session/3366c2ca039b87d70e1aaf407a304933/element/BE43722A9D97A44707785BF3DD5FB6F5_element_32/click'
19:15:58.794 [Forwarding clickElement on session 3366c2ca039b87d70e1aaf407a304933 to remote] DEBUG org.asynchttpclient.netty.request.NettyRequestSender - Using open Channel [id: 0xeab6acba, L:/127.0.0.1:53002 - R:localhost/127.0.0.1:22421] for POST '/session/3366c2ca039b87d70e1aaf407a304933/element/BE43722A9D97A44707785BF3DD5FB6F5_element_32/click'
19:15:58.845 [AsyncHttpClient-1-2] DEBUG org.asynchttpclient.netty.handler.HttpHandler - 

Request DefaultHttpRequest(decodeResult: success, version: HTTP/1.1)
POST /session/3366c2ca039b87d70e1aaf407a304933/element/BE43722A9D97A44707785BF3DD5FB6F5_element_32/click HTTP/1.1
User-Agent: selenium/4.9.1 (java windows)
Content-Length: 57
Content-Type: application/json; charset=utf-8
host: localhost:22421
accept: */*

Response DefaultHttpResponse(decodeResult: success, version: HTTP/1.1)
HTTP/1.1 200 OK
Content-Length: 14
Content-Type: application/json; charset=utf-8
cache-control: no-cache

19:15:58.846 [AsyncHttpClient-1-2] DEBUG org.asynchttpclient.netty.channel.ChannelManager - Adding key: http://localhost:22421 for channel [id: 0xeab6acba, L:/127.0.0.1:53002 - R:localhost/127.0.0.1:22421]
19:15:58.852 [Forwarding findElement on session 3366c2ca039b87d70e1aaf407a304933 to remote] DEBUG org.asynchttpclient.netty.request.NettyRequestSender - Using pooled Channel '[id: 0xeab6acba, L:/127.0.0.1:53002 - R:localhost/127.0.0.1:22421]' for 'POST' to 'http://localhost:22421/session/3366c2ca039b87d70e1aaf407a304933/element'
19:15:58.852 [Forwarding findElement on session 3366c2ca039b87d70e1aaf407a304933 to remote] DEBUG org.asynchttpclient.netty.request.NettyRequestSender - Using open Channel [id: 0xeab6acba, L:/127.0.0.1:53002 - R:localhost/127.0.0.1:22421] for POST '/session/3366c2ca039b87d70e1aaf407a304933/element'
19:15:58.875 [AsyncHttpClient-1-2] DEBUG org.asynchttpclient.netty.handler.HttpHandler - 

Request DefaultHttpRequest(decodeResult: success, version: HTTP/1.1)
POST /session/3366c2ca039b87d70e1aaf407a304933/element HTTP/1.1
User-Agent: selenium/4.9.1 (java windows)
Content-Length: 165
Content-Type: application/json; charset=utf-8
host: localhost:22421
accept: */*

Response DefaultHttpResponse(decodeResult: success, version: HTTP/1.1)
HTTP/1.1 404 Not Found
Content-Length: 1031
Content-Type: application/json; charset=utf-8
cache-control: no-cache

19:15:58.875 [AsyncHttpClient-1-2] DEBUG org.asynchttpclient.netty.channel.ChannelManager - Adding key: http://localhost:22421 for channel [id: 0xeab6acba, L:/127.0.0.1:53002 - R:localhost/127.0.0.1:22421]
19:15:59.064 [AsyncHttpClient-1-1] DEBUG org.asynchttpclient.netty.channel.DefaultChannelPool - Entry count for : http://localhost:22421 : 1
19:15:59.064 [AsyncHttpClient-1-1] DEBUG org.asynchttpclient.netty.channel.DefaultChannelPool - Entry count for : http://localhost:53003 : 1
19:15:59.083 [Forwarding findElement on session 3366c2ca039b87d70e1aaf407a304933 to remote] DEBUG org.asynchttpclient.netty.request.NettyRequestSender - Using pooled Channel '[id: 0xeab6acba, L:/127.0.0.1:53002 - R:localhost/127.0.0.1:22421]' for 'POST' to 'http://localhost:22421/session/3366c2ca039b87d70e1aaf407a304933/element'
19:15:59.083 [Forwarding findElement on session 3366c2ca039b87d70e1aaf407a304933 to remote] DEBUG org.asynchttpclient.netty.request.NettyRequestSender - Using open Channel [id: 0xeab6acba, L:/127.0.0.1:53002 - R:localhost/127.0.0.1:22421] for POST '/session/3366c2ca039b87d70e1aaf407a304933/element'
19:15:59.108 [AsyncHttpClient-1-2] DEBUG org.asynchttpclient.netty.handler.HttpHandler - 

Request DefaultHttpRequest(decodeResult: success, version: HTTP/1.1)
POST /session/3366c2ca039b87d70e1aaf407a304933/element HTTP/1.1
User-Agent: selenium/4.9.1 (java windows)
Content-Length: 165
Content-Type: application/json; charset=utf-8
host: localhost:22421
accept: */*

Response DefaultHttpResponse(decodeResult: success, version: HTTP/1.1)
HTTP/1.1 200 OK
Content-Length: 95
Content-Type: application/json; charset=utf-8
cache-control: no-cache

19:15:59.109 [AsyncHttpClient-1-2] DEBUG org.asynchttpclient.netty.channel.ChannelManager - Adding key: http://localhost:22421 for channel [id: 0xeab6acba, L:/127.0.0.1:53002 - R:localhost/127.0.0.1:22421]
19:15:59.111 [Forwarding getElementTagName on session 3366c2ca039b87d70e1aaf407a304933 to remote] DEBUG org.asynchttpclient.netty.request.NettyRequestSender - Using pooled Channel '[id: 0xeab6acba, L:/127.0.0.1:53002 - R:localhost/127.0.0.1:22421]' for 'GET' to 'http://localhost:22421/session/3366c2ca039b87d70e1aaf407a304933/element/B0B8DD04F490D842B769D9E2A9E0F643_element_36/name'
19:15:59.111 [Forwarding getElementTagName on session 3366c2ca039b87d70e1aaf407a304933 to remote] DEBUG org.asynchttpclient.netty.request.NettyRequestSender - Using open Channel [id: 0xeab6acba, L:/127.0.0.1:53002 - R:localhost/127.0.0.1:22421] for GET '/session/3366c2ca039b87d70e1aaf407a304933/element/B0B8DD04F490D842B769D9E2A9E0F643_element_36/name'
19:15:59.124 [AsyncHttpClient-1-2] DEBUG org.asynchttpclient.netty.handler.HttpHandler - 

Request DefaultFullHttpRequest(decodeResult: success, version: HTTP/1.1, content: EmptyByteBufBE)
GET /session/3366c2ca039b87d70e1aaf407a304933/element/B0B8DD04F490D842B769D9E2A9E0F643_element_36/name HTTP/1.1
User-Agent: selenium/4.9.1 (java windows)
Cache-Control: no-cache
Content-Type: application/json; charset=utf-8
host: localhost:22421
accept: */*

Response DefaultHttpResponse(decodeResult: success, version: HTTP/1.1)
HTTP/1.1 200 OK
Content-Length: 13
Content-Type: application/json; charset=utf-8
cache-control: no-cache

19:15:59.125 [AsyncHttpClient-1-2] DEBUG org.asynchttpclient.netty.channel.ChannelManager - Adding key: http://localhost:22421 for channel [id: 0xeab6acba, L:/127.0.0.1:53002 - R:localhost/127.0.0.1:22421]
19:15:59.126 [Forwarding getElementText on session 3366c2ca039b87d70e1aaf407a304933 to remote] DEBUG org.asynchttpclient.netty.request.NettyRequestSender - Using pooled Channel '[id: 0xeab6acba, L:/127.0.0.1:53002 - R:localhost/127.0.0.1:22421]' for 'GET' to 'http://localhost:22421/session/3366c2ca039b87d70e1aaf407a304933/element/B0B8DD04F490D842B769D9E2A9E0F643_element_36/text'
19:15:59.126 [Forwarding getElementText on session 3366c2ca039b87d70e1aaf407a304933 to remote] DEBUG org.asynchttpclient.netty.request.NettyRequestSender - Using open Channel [id: 0xeab6acba, L:/127.0.0.1:53002 - R:localhost/127.0.0.1:22421] for GET '/session/3366c2ca039b87d70e1aaf407a304933/element/B0B8DD04F490D842B769D9E2A9E0F643_element_36/text'
19:15:59.148 [AsyncHttpClient-1-2] DEBUG org.asynchttpclient.netty.handler.HttpHandler - 

Request DefaultFullHttpRequest(decodeResult: success, version: HTTP/1.1, content: EmptyByteBufBE)
GET /session/3366c2ca039b87d70e1aaf407a304933/element/B0B8DD04F490D842B769D9E2A9E0F643_element_36/text HTTP/1.1
User-Agent: selenium/4.9.1 (java windows)
Cache-Control: no-cache
Content-Type: application/json; charset=utf-8
host: localhost:22421
accept: */*

Response DefaultHttpResponse(decodeResult: success, version: HTTP/1.1)
HTTP/1.1 200 OK
Content-Length: 24
Content-Type: application/json; charset=utf-8
cache-control: no-cache

19:15:59.149 [AsyncHttpClient-1-2] DEBUG org.asynchttpclient.netty.channel.ChannelManager - Adding key: http://localhost:22421 for channel [id: 0xeab6acba, L:/127.0.0.1:53002 - R:localhost/127.0.0.1:22421]
]]></system-out>
    <system-err><![CDATA[Starting ChromeDriver 114.0.5735.90 (386bc09e8f4f2e025eddae123f36f6263096ae49-refs/branch-heads/5735@{#1052}) on port 22421
Only local connections are allowed.
Please see https://chromedriver.chromium.org/security-considerations for suggestions on keeping ChromeDriver safe.
ChromeDriver was started successfully.
июл. 26, 2023 7:15:55 PM org.openqa.selenium.devtools.CdpVersionFinder findNearestMatch
WARNING: Unable to find an exact match for CDP version 114, so returning the closest version found: 113
]]></system-err>
  </testcase>
  <testcase name="closeTaskValidData" classname="COMBINED.TaskTest" time="4.944">
    <system-out><![CDATA[Request method:	DELETE
Request URI:	http://localhost:81/jsonrpc.php
Proxy:			<none>
Request params:	<none>
Query params:	<none>
Form params:	<none>
Path params:	<none>
Headers:		Accept=*/*
				Content-Type=text/plain; charset=ISO-8859-1
Cookies:		<none>
Multiparts:		<none>
Body:
{"jsonrpc":"2.0","method":"removeProject","id":567,"params":{"project_id":268}}
19:15:59.181 [main] DEBUG org.apache.http.impl.conn.BasicClientConnectionManager - Get connection for route {}->http://localhost:81
19:15:59.181 [main] DEBUG org.apache.http.impl.conn.DefaultClientConnectionOperator - Connecting to localhost:81
19:15:59.183 [main] DEBUG org.apache.http.client.protocol.RequestAddCookies - CookieSpec selected: ignoreCookies
19:15:59.183 [main] DEBUG org.apache.http.client.protocol.RequestAuthCache - Auth cache not set in the context
19:15:59.183 [main] DEBUG org.apache.http.client.protocol.RequestTargetAuthentication - Target auth state: UNCHALLENGED
19:15:59.183 [main] DEBUG org.apache.http.client.protocol.RequestProxyAuthentication - Proxy auth state: UNCHALLENGED
19:15:59.183 [main] DEBUG org.apache.http.impl.client.DefaultHttpClient - Attempt 1 to execute request
19:15:59.183 [main] DEBUG org.apache.http.impl.conn.DefaultClientConnection - Sending request: DELETE /jsonrpc.php HTTP/1.1
19:15:59.183 [main] DEBUG org.apache.http.wire -  >> "DELETE /jsonrpc.php HTTP/1.1[\r][\n]"
19:15:59.183 [main] DEBUG org.apache.http.wire -  >> "Accept: */*[\r][\n]"
19:15:59.183 [main] DEBUG org.apache.http.wire -  >> "Content-Type: text/plain; charset=ISO-8859-1[\r][\n]"
19:15:59.183 [main] DEBUG org.apache.http.wire -  >> "Content-Length: 79[\r][\n]"
19:15:59.183 [main] DEBUG org.apache.http.wire -  >> "Host: localhost:81[\r][\n]"
19:15:59.183 [main] DEBUG org.apache.http.wire -  >> "Connection: Keep-Alive[\r][\n]"
19:15:59.183 [main] DEBUG org.apache.http.wire -  >> "User-Agent: Apache-HttpClient/4.5.13 (Java/17)[\r][\n]"
19:15:59.183 [main] DEBUG org.apache.http.wire -  >> "Accept-Encoding: gzip,deflate[\r][\n]"
19:15:59.183 [main] DEBUG org.apache.http.wire -  >> "[\r][\n]"
19:15:59.183 [main] DEBUG org.apache.http.headers - >> DELETE /jsonrpc.php HTTP/1.1
19:15:59.183 [main] DEBUG org.apache.http.headers - >> Accept: */*
19:15:59.183 [main] DEBUG org.apache.http.headers - >> Content-Type: text/plain; charset=ISO-8859-1
19:15:59.183 [main] DEBUG org.apache.http.headers - >> Content-Length: 79
19:15:59.183 [main] DEBUG org.apache.http.headers - >> Host: localhost:81
19:15:59.183 [main] DEBUG org.apache.http.headers - >> Connection: Keep-Alive
19:15:59.183 [main] DEBUG org.apache.http.headers - >> User-Agent: Apache-HttpClient/4.5.13 (Java/17)
19:15:59.183 [main] DEBUG org.apache.http.headers - >> Accept-Encoding: gzip,deflate
19:15:59.183 [main] DEBUG org.apache.http.wire -  >> "{"jsonrpc":"2.0","method":"removeProject","id":567,"params":{"project_id":268}}"
19:15:59.199 [main] DEBUG org.apache.http.wire -  << "HTTP/1.1 401 Unauthorized[\r][\n]"
19:15:59.199 [main] DEBUG org.apache.http.wire -  << "Server: nginx[\r][\n]"
19:15:59.199 [main] DEBUG org.apache.http.wire -  << "Date: Wed, 26 Jul 2023 16:15:59 GMT[\r][\n]"
19:15:59.199 [main] DEBUG org.apache.http.wire -  << "Content-Type: application/json[\r][\n]"
19:15:59.199 [main] DEBUG org.apache.http.wire -  << "Transfer-Encoding: chunked[\r][\n]"
19:15:59.199 [main] DEBUG org.apache.http.wire -  << "Connection: keep-alive[\r][\n]"
19:15:59.199 [main] DEBUG org.apache.http.wire -  << "WWW-Authenticate: Basic realm="JsonRPC"[\r][\n]"
19:15:59.199 [main] DEBUG org.apache.http.wire -  << "[\r][\n]"
19:15:59.199 [main] DEBUG org.apache.http.impl.conn.DefaultClientConnection - Receiving response: HTTP/1.1 401 Unauthorized
19:15:59.199 [main] DEBUG org.apache.http.headers - << HTTP/1.1 401 Unauthorized
19:15:59.199 [main] DEBUG org.apache.http.headers - << Server: nginx
19:15:59.199 [main] DEBUG org.apache.http.headers - << Date: Wed, 26 Jul 2023 16:15:59 GMT
19:15:59.199 [main] DEBUG org.apache.http.headers - << Content-Type: application/json
19:15:59.199 [main] DEBUG org.apache.http.headers - << Transfer-Encoding: chunked
19:15:59.199 [main] DEBUG org.apache.http.headers - << Connection: keep-alive
19:15:59.199 [main] DEBUG org.apache.http.headers - << WWW-Authenticate: Basic realm="JsonRPC"
19:15:59.199 [main] DEBUG org.apache.http.impl.client.DefaultHttpClient - Connection can be kept alive indefinitely
19:15:59.199 [main] DEBUG org.apache.http.impl.client.DefaultHttpClient - Authentication required
19:15:59.199 [main] DEBUG org.apache.http.impl.client.DefaultHttpClient - localhost:81 requested authentication
19:15:59.199 [main] DEBUG org.apache.http.impl.client.TargetAuthenticationStrategy - Authentication schemes in the order of preference: [Negotiate, Kerberos, NTLM, CredSSP, Digest, Basic]
19:15:59.199 [main] DEBUG org.apache.http.impl.client.TargetAuthenticationStrategy - Challenge for Negotiate authentication scheme not available
19:15:59.200 [main] DEBUG org.apache.http.impl.client.TargetAuthenticationStrategy - Challenge for Kerberos authentication scheme not available
19:15:59.200 [main] DEBUG org.apache.http.impl.client.TargetAuthenticationStrategy - Challenge for NTLM authentication scheme not available
19:15:59.200 [main] DEBUG org.apache.http.impl.client.TargetAuthenticationStrategy - Challenge for CredSSP authentication scheme not available
19:15:59.200 [main] DEBUG org.apache.http.impl.client.TargetAuthenticationStrategy - Challenge for Digest authentication scheme not available
19:15:59.200 [main] DEBUG org.apache.http.impl.client.DefaultHttpClient - Selected authentication options: [BASIC [complete=true]]
19:15:59.200 [main] DEBUG org.apache.http.wire -  << "49[\r][\n]"
19:15:59.200 [main] DEBUG org.apache.http.wire -  << "{"jsonrpc":"2.0","error":{"code":401,"message":"Unauthorized"},"id":null}"
19:15:59.200 [main] DEBUG org.apache.http.wire -  << "[\r][\n]"
19:15:59.200 [main] DEBUG org.apache.http.wire -  << "0[\r][\n]"
19:15:59.200 [main] DEBUG org.apache.http.wire -  << "[\r][\n]"
19:15:59.200 [main] DEBUG org.apache.http.client.protocol.RequestAddCookies - CookieSpec selected: ignoreCookies
19:15:59.200 [main] DEBUG org.apache.http.client.protocol.RequestAuthCache - Auth cache not set in the context
19:15:59.200 [main] DEBUG org.apache.http.client.protocol.RequestTargetAuthentication - Target auth state: CHALLENGED
19:15:59.200 [main] DEBUG org.apache.http.client.protocol.RequestTargetAuthentication - Generating response to an authentication challenge using basic scheme
19:15:59.201 [main] DEBUG org.apache.http.client.protocol.RequestProxyAuthentication - Proxy auth state: UNCHALLENGED
19:15:59.201 [main] DEBUG org.apache.http.impl.client.DefaultHttpClient - Attempt 2 to execute request
19:15:59.201 [main] DEBUG org.apache.http.impl.conn.DefaultClientConnection - Sending request: DELETE /jsonrpc.php HTTP/1.1
19:15:59.201 [main] DEBUG org.apache.http.wire -  >> "DELETE /jsonrpc.php HTTP/1.1[\r][\n]"
19:15:59.201 [main] DEBUG org.apache.http.wire -  >> "Accept: */*[\r][\n]"
19:15:59.201 [main] DEBUG org.apache.http.wire -  >> "Content-Type: text/plain; charset=ISO-8859-1[\r][\n]"
19:15:59.201 [main] DEBUG org.apache.http.wire -  >> "Content-Length: 79[\r][\n]"
19:15:59.201 [main] DEBUG org.apache.http.wire -  >> "Host: localhost:81[\r][\n]"
19:15:59.201 [main] DEBUG org.apache.http.wire -  >> "Connection: Keep-Alive[\r][\n]"
19:15:59.201 [main] DEBUG org.apache.http.wire -  >> "User-Agent: Apache-HttpClient/4.5.13 (Java/17)[\r][\n]"
19:15:59.201 [main] DEBUG org.apache.http.wire -  >> "Authorization: Basic a3lyeWxvQVBJVGVzdExvZ2luOmt5cnlsb0FQSVRlc3RQYXNzd29yZA==[\r][\n]"
19:15:59.201 [main] DEBUG org.apache.http.wire -  >> "Accept-Encoding: gzip,deflate[\r][\n]"
19:15:59.201 [main] DEBUG org.apache.http.wire -  >> "[\r][\n]"
19:15:59.201 [main] DEBUG org.apache.http.headers - >> DELETE /jsonrpc.php HTTP/1.1
19:15:59.201 [main] DEBUG org.apache.http.headers - >> Accept: */*
19:15:59.201 [main] DEBUG org.apache.http.headers - >> Content-Type: text/plain; charset=ISO-8859-1
19:15:59.201 [main] DEBUG org.apache.http.headers - >> Content-Length: 79
19:15:59.201 [main] DEBUG org.apache.http.headers - >> Host: localhost:81
19:15:59.201 [main] DEBUG org.apache.http.headers - >> Connection: Keep-Alive
19:15:59.201 [main] DEBUG org.apache.http.headers - >> User-Agent: Apache-HttpClient/4.5.13 (Java/17)
19:15:59.201 [main] DEBUG org.apache.http.headers - >> Authorization: Basic a3lyeWxvQVBJVGVzdExvZ2luOmt5cnlsb0FQSVRlc3RQYXNzd29yZA==
19:15:59.201 [main] DEBUG org.apache.http.headers - >> Accept-Encoding: gzip,deflate
19:15:59.201 [main] DEBUG org.apache.http.wire -  >> "{"jsonrpc":"2.0","method":"removeProject","id":567,"params":{"project_id":268}}"
19:15:59.310 [main] DEBUG org.apache.http.wire -  << "HTTP/1.1 200 OK[\r][\n]"
19:15:59.310 [main] DEBUG org.apache.http.wire -  << "Server: nginx[\r][\n]"
19:15:59.310 [main] DEBUG org.apache.http.wire -  << "Date: Wed, 26 Jul 2023 16:15:59 GMT[\r][\n]"
19:15:59.310 [main] DEBUG org.apache.http.wire -  << "Content-Type: application/json[\r][\n]"
19:15:59.310 [main] DEBUG org.apache.http.wire -  << "Transfer-Encoding: chunked[\r][\n]"
19:15:59.310 [main] DEBUG org.apache.http.wire -  << "Connection: keep-alive[\r][\n]"
19:15:59.310 [main] DEBUG org.apache.http.wire -  << "Vary: Accept-Encoding[\r][\n]"
19:15:59.310 [main] DEBUG org.apache.http.wire -  << "Content-Encoding: gzip[\r][\n]"
19:15:59.310 [main] DEBUG org.apache.http.wire -  << "[\r][\n]"
19:15:59.310 [main] DEBUG org.apache.http.impl.conn.DefaultClientConnection - Receiving response: HTTP/1.1 200 OK
19:15:59.310 [main] DEBUG org.apache.http.headers - << HTTP/1.1 200 OK
19:15:59.310 [main] DEBUG org.apache.http.headers - << Server: nginx
19:15:59.310 [main] DEBUG org.apache.http.headers - << Date: Wed, 26 Jul 2023 16:15:59 GMT
19:15:59.310 [main] DEBUG org.apache.http.headers - << Content-Type: application/json
19:15:59.310 [main] DEBUG org.apache.http.headers - << Transfer-Encoding: chunked
19:15:59.310 [main] DEBUG org.apache.http.headers - << Connection: keep-alive
19:15:59.310 [main] DEBUG org.apache.http.headers - << Vary: Accept-Encoding
19:15:59.310 [main] DEBUG org.apache.http.headers - << Content-Encoding: gzip
19:15:59.310 [main] DEBUG org.apache.http.impl.client.DefaultHttpClient - Connection can be kept alive indefinitely
19:15:59.310 [main] DEBUG org.apache.http.impl.client.DefaultHttpClient - Authentication succeeded
19:15:59.310 [main] DEBUG org.apache.http.impl.client.TargetAuthenticationStrategy - Caching 'basic' auth scheme for http://localhost:81
19:15:59.311 [main] DEBUG io.restassured.internal.RestAssuredHttpBuilder - Parsing response as: application/json
19:15:59.311 [main] DEBUG org.apache.http.wire -  << "3c[\r][\n]"
19:15:59.311 [main] DEBUG org.apache.http.wire -  << "[0x1f][0x8b][0x8][0x0][0x0][0x0][0x0][0x0][0x0][0x3][0xab]V[0xca]*[0xce][0xcf]+*HV[0xb2]R2[0xd2]3P[0xd2]Q*J-.[0xcd])Q[0xb2]*)*M[0xd5]Q[0xca]LQ[0xb2]253[0xaf][0x5][0x0][0xe0][0xd7]6X([0x0][0x0][0x0]"
19:15:59.311 [main] DEBUG org.apache.http.wire -  << "[\r][\n]"
19:15:59.311 [main] DEBUG org.apache.http.wire -  << "0[\r][\n]"
19:15:59.311 [main] DEBUG org.apache.http.wire -  << "[\r][\n]"
19:15:59.311 [main] DEBUG io.restassured.internal.RestAssuredHttpBuilder - Parsed data to instance of: class org.apache.http.conn.EofSensorInputStream
19:15:59.312 [main] DEBUG org.apache.http.impl.conn.BasicClientConnectionManager - Releasing connection org.apache.http.impl.conn.ManagedClientConnectionImpl@7308c29a
19:15:59.312 [main] DEBUG org.apache.http.impl.conn.BasicClientConnectionManager - Connection can be kept alive indefinitely
{
    "jsonrpc": "2.0",
    "result": true,
    "id": 567
}
{
    "jsonrpc": "2.0",
    "result": true,
    "id": 567
}
Request method:	DELETE
Request URI:	http://localhost:81/jsonrpc.php
Proxy:			<none>
Request params:	<none>
Query params:	<none>
Form params:	<none>
Path params:	<none>
Headers:		Accept=*/*
				Content-Type=text/plain; charset=ISO-8859-1
Cookies:		<none>
Multiparts:		<none>
Body:
{"jsonrpc":"2.0","method":"removeUser","id":234,"params":{"user_id":394}}
19:15:59.340 [main] DEBUG org.apache.http.impl.conn.BasicClientConnectionManager - Get connection for route {}->http://localhost:81
19:15:59.342 [main] DEBUG org.apache.http.impl.conn.DefaultClientConnectionOperator - Connecting to localhost:81
19:15:59.346 [main] DEBUG org.apache.http.client.protocol.RequestAddCookies - CookieSpec selected: ignoreCookies
19:15:59.346 [main] DEBUG org.apache.http.client.protocol.RequestAuthCache - Auth cache not set in the context
19:15:59.346 [main] DEBUG org.apache.http.client.protocol.RequestTargetAuthentication - Target auth state: UNCHALLENGED
19:15:59.346 [main] DEBUG org.apache.http.client.protocol.RequestProxyAuthentication - Proxy auth state: UNCHALLENGED
19:15:59.346 [main] DEBUG org.apache.http.impl.client.DefaultHttpClient - Attempt 1 to execute request
19:15:59.346 [main] DEBUG org.apache.http.impl.conn.DefaultClientConnection - Sending request: DELETE /jsonrpc.php HTTP/1.1
19:15:59.346 [main] DEBUG org.apache.http.wire -  >> "DELETE /jsonrpc.php HTTP/1.1[\r][\n]"
19:15:59.346 [main] DEBUG org.apache.http.wire -  >> "Accept: */*[\r][\n]"
19:15:59.346 [main] DEBUG org.apache.http.wire -  >> "Content-Type: text/plain; charset=ISO-8859-1[\r][\n]"
19:15:59.346 [main] DEBUG org.apache.http.wire -  >> "Content-Length: 73[\r][\n]"
19:15:59.346 [main] DEBUG org.apache.http.wire -  >> "Host: localhost:81[\r][\n]"
19:15:59.347 [main] DEBUG org.apache.http.wire -  >> "Connection: Keep-Alive[\r][\n]"
19:15:59.347 [main] DEBUG org.apache.http.wire -  >> "User-Agent: Apache-HttpClient/4.5.13 (Java/17)[\r][\n]"
19:15:59.347 [main] DEBUG org.apache.http.wire -  >> "Accept-Encoding: gzip,deflate[\r][\n]"
19:15:59.347 [main] DEBUG org.apache.http.wire -  >> "[\r][\n]"
19:15:59.347 [main] DEBUG org.apache.http.headers - >> DELETE /jsonrpc.php HTTP/1.1
19:15:59.347 [main] DEBUG org.apache.http.headers - >> Accept: */*
19:15:59.347 [main] DEBUG org.apache.http.headers - >> Content-Type: text/plain; charset=ISO-8859-1
19:15:59.347 [main] DEBUG org.apache.http.headers - >> Content-Length: 73
19:15:59.347 [main] DEBUG org.apache.http.headers - >> Host: localhost:81
19:15:59.347 [main] DEBUG org.apache.http.headers - >> Connection: Keep-Alive
19:15:59.347 [main] DEBUG org.apache.http.headers - >> User-Agent: Apache-HttpClient/4.5.13 (Java/17)
19:15:59.347 [main] DEBUG org.apache.http.headers - >> Accept-Encoding: gzip,deflate
19:15:59.347 [main] DEBUG org.apache.http.wire -  >> "{"jsonrpc":"2.0","method":"removeUser","id":234,"params":{"user_id":394}}"
19:15:59.364 [main] DEBUG org.apache.http.wire -  << "HTTP/1.1 401 Unauthorized[\r][\n]"
19:15:59.365 [main] DEBUG org.apache.http.wire -  << "Server: nginx[\r][\n]"
19:15:59.365 [main] DEBUG org.apache.http.wire -  << "Date: Wed, 26 Jul 2023 16:15:59 GMT[\r][\n]"
19:15:59.365 [main] DEBUG org.apache.http.wire -  << "Content-Type: application/json[\r][\n]"
19:15:59.365 [main] DEBUG org.apache.http.wire -  << "Transfer-Encoding: chunked[\r][\n]"
19:15:59.365 [main] DEBUG org.apache.http.wire -  << "Connection: keep-alive[\r][\n]"
19:15:59.365 [main] DEBUG org.apache.http.wire -  << "WWW-Authenticate: Basic realm="JsonRPC"[\r][\n]"
19:15:59.365 [main] DEBUG org.apache.http.wire -  << "[\r][\n]"
19:15:59.365 [main] DEBUG org.apache.http.impl.conn.DefaultClientConnection - Receiving response: HTTP/1.1 401 Unauthorized
19:15:59.365 [main] DEBUG org.apache.http.headers - << HTTP/1.1 401 Unauthorized
19:15:59.365 [main] DEBUG org.apache.http.headers - << Server: nginx
19:15:59.365 [main] DEBUG org.apache.http.headers - << Date: Wed, 26 Jul 2023 16:15:59 GMT
19:15:59.365 [main] DEBUG org.apache.http.headers - << Content-Type: application/json
19:15:59.365 [main] DEBUG org.apache.http.headers - << Transfer-Encoding: chunked
19:15:59.365 [main] DEBUG org.apache.http.headers - << Connection: keep-alive
19:15:59.365 [main] DEBUG org.apache.http.headers - << WWW-Authenticate: Basic realm="JsonRPC"
19:15:59.365 [main] DEBUG org.apache.http.impl.client.DefaultHttpClient - Connection can be kept alive indefinitely
19:15:59.365 [main] DEBUG org.apache.http.impl.client.DefaultHttpClient - Authentication required
19:15:59.365 [main] DEBUG org.apache.http.impl.client.DefaultHttpClient - localhost:81 requested authentication
19:15:59.365 [main] DEBUG org.apache.http.impl.client.TargetAuthenticationStrategy - Authentication schemes in the order of preference: [Negotiate, Kerberos, NTLM, CredSSP, Digest, Basic]
19:15:59.365 [main] DEBUG org.apache.http.impl.client.TargetAuthenticationStrategy - Challenge for Negotiate authentication scheme not available
19:15:59.365 [main] DEBUG org.apache.http.impl.client.TargetAuthenticationStrategy - Challenge for Kerberos authentication scheme not available
19:15:59.365 [main] DEBUG org.apache.http.impl.client.TargetAuthenticationStrategy - Challenge for NTLM authentication scheme not available
19:15:59.365 [main] DEBUG org.apache.http.impl.client.TargetAuthenticationStrategy - Challenge for CredSSP authentication scheme not available
19:15:59.365 [main] DEBUG org.apache.http.impl.client.TargetAuthenticationStrategy - Challenge for Digest authentication scheme not available
19:15:59.365 [main] DEBUG org.apache.http.impl.client.DefaultHttpClient - Selected authentication options: [BASIC [complete=true]]
19:15:59.365 [main] DEBUG org.apache.http.wire -  << "49[\r][\n]"
19:15:59.365 [main] DEBUG org.apache.http.wire -  << "{"jsonrpc":"2.0","error":{"code":401,"message":"Unauthorized"},"id":null}"
19:15:59.365 [main] DEBUG org.apache.http.wire -  << "[\r][\n]"
19:15:59.365 [main] DEBUG org.apache.http.wire -  << "0[\r][\n]"
19:15:59.365 [main] DEBUG org.apache.http.wire -  << "[\r][\n]"
19:15:59.365 [main] DEBUG org.apache.http.client.protocol.RequestAddCookies - CookieSpec selected: ignoreCookies
19:15:59.366 [main] DEBUG org.apache.http.client.protocol.RequestAuthCache - Auth cache not set in the context
19:15:59.366 [main] DEBUG org.apache.http.client.protocol.RequestTargetAuthentication - Target auth state: CHALLENGED
19:15:59.366 [main] DEBUG org.apache.http.client.protocol.RequestTargetAuthentication - Generating response to an authentication challenge using basic scheme
19:15:59.366 [main] DEBUG org.apache.http.client.protocol.RequestProxyAuthentication - Proxy auth state: UNCHALLENGED
19:15:59.366 [main] DEBUG org.apache.http.impl.client.DefaultHttpClient - Attempt 2 to execute request
19:15:59.366 [main] DEBUG org.apache.http.impl.conn.DefaultClientConnection - Sending request: DELETE /jsonrpc.php HTTP/1.1
19:15:59.366 [main] DEBUG org.apache.http.wire -  >> "DELETE /jsonrpc.php HTTP/1.1[\r][\n]"
19:15:59.366 [main] DEBUG org.apache.http.wire -  >> "Accept: */*[\r][\n]"
19:15:59.366 [main] DEBUG org.apache.http.wire -  >> "Content-Type: text/plain; charset=ISO-8859-1[\r][\n]"
19:15:59.366 [main] DEBUG org.apache.http.wire -  >> "Content-Length: 73[\r][\n]"
19:15:59.366 [main] DEBUG org.apache.http.wire -  >> "Host: localhost:81[\r][\n]"
19:15:59.366 [main] DEBUG org.apache.http.wire -  >> "Connection: Keep-Alive[\r][\n]"
19:15:59.366 [main] DEBUG org.apache.http.wire -  >> "User-Agent: Apache-HttpClient/4.5.13 (Java/17)[\r][\n]"
19:15:59.366 [main] DEBUG org.apache.http.wire -  >> "Authorization: Basic YWRtaW46YWRtaW4=[\r][\n]"
19:15:59.366 [main] DEBUG org.apache.http.wire -  >> "Accept-Encoding: gzip,deflate[\r][\n]"
19:15:59.366 [main] DEBUG org.apache.http.wire -  >> "[\r][\n]"
19:15:59.366 [main] DEBUG org.apache.http.headers - >> DELETE /jsonrpc.php HTTP/1.1
19:15:59.366 [main] DEBUG org.apache.http.headers - >> Accept: */*
19:15:59.366 [main] DEBUG org.apache.http.headers - >> Content-Type: text/plain; charset=ISO-8859-1
19:15:59.366 [main] DEBUG org.apache.http.headers - >> Content-Length: 73
19:15:59.366 [main] DEBUG org.apache.http.headers - >> Host: localhost:81
19:15:59.366 [main] DEBUG org.apache.http.headers - >> Connection: Keep-Alive
19:15:59.366 [main] DEBUG org.apache.http.headers - >> User-Agent: Apache-HttpClient/4.5.13 (Java/17)
19:15:59.366 [main] DEBUG org.apache.http.headers - >> Authorization: Basic YWRtaW46YWRtaW4=
19:15:59.366 [main] DEBUG org.apache.http.headers - >> Accept-Encoding: gzip,deflate
19:15:59.366 [main] DEBUG org.apache.http.wire -  >> "{"jsonrpc":"2.0","method":"removeUser","id":234,"params":{"user_id":394}}"
19:15:59.500 [main] DEBUG org.apache.http.wire -  << "HTTP/1.1 200 OK[\r][\n]"
19:15:59.500 [main] DEBUG org.apache.http.wire -  << "Server: nginx[\r][\n]"
19:15:59.500 [main] DEBUG org.apache.http.wire -  << "Date: Wed, 26 Jul 2023 16:15:59 GMT[\r][\n]"
19:15:59.500 [main] DEBUG org.apache.http.wire -  << "Content-Type: application/json[\r][\n]"
19:15:59.500 [main] DEBUG org.apache.http.wire -  << "Transfer-Encoding: chunked[\r][\n]"
19:15:59.500 [main] DEBUG org.apache.http.wire -  << "Connection: keep-alive[\r][\n]"
19:15:59.500 [main] DEBUG org.apache.http.wire -  << "Vary: Accept-Encoding[\r][\n]"
19:15:59.500 [main] DEBUG org.apache.http.wire -  << "Content-Encoding: gzip[\r][\n]"
19:15:59.500 [main] DEBUG org.apache.http.wire -  << "[\r][\n]"
19:15:59.500 [main] DEBUG org.apache.http.impl.conn.DefaultClientConnection - Receiving response: HTTP/1.1 200 OK
19:15:59.500 [main] DEBUG org.apache.http.headers - << HTTP/1.1 200 OK
19:15:59.500 [main] DEBUG org.apache.http.headers - << Server: nginx
19:15:59.500 [main] DEBUG org.apache.http.headers - << Date: Wed, 26 Jul 2023 16:15:59 GMT
19:15:59.500 [main] DEBUG org.apache.http.headers - << Content-Type: application/json
19:15:59.500 [main] DEBUG org.apache.http.headers - << Transfer-Encoding: chunked
19:15:59.500 [main] DEBUG org.apache.http.headers - << Connection: keep-alive
19:15:59.500 [main] DEBUG org.apache.http.headers - << Vary: Accept-Encoding
19:15:59.500 [main] DEBUG org.apache.http.headers - << Content-Encoding: gzip
19:15:59.501 [main] DEBUG org.apache.http.impl.client.DefaultHttpClient - Connection can be kept alive indefinitely
19:15:59.501 [main] DEBUG org.apache.http.impl.client.DefaultHttpClient - Authentication succeeded
19:15:59.501 [main] DEBUG org.apache.http.impl.client.TargetAuthenticationStrategy - Caching 'basic' auth scheme for http://localhost:81
19:15:59.501 [main] DEBUG io.restassured.internal.RestAssuredHttpBuilder - Parsing response as: application/json
19:15:59.501 [main] DEBUG org.apache.http.wire -  << "3c[\r][\n]"
19:15:59.501 [main] DEBUG org.apache.http.wire -  << "[0x1f][0x8b][0x8][0x0][0x0][0x0][0x0][0x0][0x0][0x3][0xab]V[0xca]*[0xce][0xcf]+*HV[0xb2]R2[0xd2]3P[0xd2]Q*J-.[0xcd])Q[0xb2]*)*M[0xd5]Q[0xca]LQ[0xb2]226[0xa9][0x5][0x0]q~[0x7][0xe8]([0x0][0x0][0x0]"
19:15:59.501 [main] DEBUG org.apache.http.wire -  << "[\r][\n]"
19:15:59.501 [main] DEBUG org.apache.http.wire -  << "0[\r][\n]"
19:15:59.501 [main] DEBUG org.apache.http.wire -  << "[\r][\n]"
19:15:59.502 [main] DEBUG io.restassured.internal.RestAssuredHttpBuilder - Parsed data to instance of: class org.apache.http.conn.EofSensorInputStream
19:15:59.505 [main] DEBUG org.apache.http.impl.conn.BasicClientConnectionManager - Releasing connection org.apache.http.impl.conn.ManagedClientConnectionImpl@c8293cb
19:15:59.505 [main] DEBUG org.apache.http.impl.conn.BasicClientConnectionManager - Connection can be kept alive indefinitely
{
    "jsonrpc": "2.0",
    "result": true,
    "id": 234
}
{
    "jsonrpc": "2.0",
    "result": true,
    "id": 234
}
19:15:59.513 [Forwarding close on session 3366c2ca039b87d70e1aaf407a304933 to remote] DEBUG org.asynchttpclient.netty.request.NettyRequestSender - Using pooled Channel '[id: 0xeab6acba, L:/127.0.0.1:53002 - R:localhost/127.0.0.1:22421]' for 'DELETE' to 'http://localhost:22421/session/3366c2ca039b87d70e1aaf407a304933/window'
19:15:59.513 [Forwarding close on session 3366c2ca039b87d70e1aaf407a304933 to remote] DEBUG org.asynchttpclient.netty.request.NettyRequestSender - Using open Channel [id: 0xeab6acba, L:/127.0.0.1:53002 - R:localhost/127.0.0.1:22421] for DELETE '/session/3366c2ca039b87d70e1aaf407a304933/window'
19:15:59.620 [AsyncHttpClient-1-4] DEBUG org.asynchttpclient.netty.handler.WebSocketHandler - Channel Closed: [id: 0x99637c64, L:/127.0.0.1:53011 ! R:localhost/127.0.0.1:53003] with attribute NettyResponseFuture{currentRetry=0,
	isDone=1,
	isCancelled=0,
	asyncHandler=org.asynchttpclient.ws.WebSocketUpgradeHandler@5966949c,
	nettyRequest=org.asynchttpclient.netty.request.NettyRequest@15c85990,
	future=java.util.concurrent.CompletableFuture@5529ad1f[Completed normally],
	uri=ws://localhost:53003/devtools/browser/3f355cf1-18c9-4fa3-bcd2-74120e94b0af,
	keepAlive=true,
	redirectCount=0,
	timeoutsHolder=null,
	inAuth=0,
	touch=1690388155576}
19:15:59.624 [AsyncHttpClient-1-4] DEBUG org.asynchttpclient.netty.channel.ChannelManager - Closing Channel [id: 0x99637c64, L:/127.0.0.1:53011 ! R:localhost/127.0.0.1:53003] 
19:15:59.857 [AsyncHttpClient-1-3] DEBUG org.asynchttpclient.netty.handler.HttpHandler - Unexpected I/O exception on channel [id: 0x752bf6bd, L:/127.0.0.1:53010 - R:localhost/127.0.0.1:53003]
java.net.SocketException: Connection reset
	at java.base/sun.nio.ch.SocketChannelImpl.throwConnectionReset(SocketChannelImpl.java:394)
	at java.base/sun.nio.ch.SocketChannelImpl.read(SocketChannelImpl.java:426)
	at io.netty.buffer.PooledByteBuf.setBytes(PooledByteBuf.java:256)
	at io.netty.buffer.AbstractByteBuf.writeBytes(AbstractByteBuf.java:1132)
	at io.netty.channel.socket.nio.NioSocketChannel.doReadBytes(NioSocketChannel.java:357)
	at io.netty.channel.nio.AbstractNioByteChannel$NioByteUnsafe.read(AbstractNioByteChannel.java:151)
	at io.netty.channel.nio.NioEventLoop.processSelectedKey(NioEventLoop.java:788)
	at io.netty.channel.nio.NioEventLoop.processSelectedKeysOptimized(NioEventLoop.java:724)
	at io.netty.channel.nio.NioEventLoop.processSelectedKeys(NioEventLoop.java:650)
	at io.netty.channel.nio.NioEventLoop.run(NioEventLoop.java:562)
	at io.netty.util.concurrent.SingleThreadEventExecutor$4.run(SingleThreadEventExecutor.java:997)
	at io.netty.util.internal.ThreadExecutorMap$2.run(ThreadExecutorMap.java:74)
	at io.netty.util.concurrent.FastThreadLocalRunnable.run(FastThreadLocalRunnable.java:30)
	at java.base/java.lang.Thread.run(Thread.java:833)
19:15:59.857 [AsyncHttpClient-1-3] DEBUG org.asynchttpclient.netty.channel.ChannelManager - Closing Channel [id: 0x752bf6bd, L:/127.0.0.1:53010 - R:localhost/127.0.0.1:53003] 
19:15:59.860 [AsyncHttpClient-1-3] DEBUG org.asynchttpclient.netty.handler.HttpHandler - Channel Closed: [id: 0x752bf6bd, L:/127.0.0.1:53010 ! R:localhost/127.0.0.1:53003] with attribute DISCARD
19:15:59.867 [AsyncHttpClient-1-2] DEBUG org.asynchttpclient.netty.handler.HttpHandler - 

Request DefaultFullHttpRequest(decodeResult: success, version: HTTP/1.1, content: EmptyByteBufBE)
DELETE /session/3366c2ca039b87d70e1aaf407a304933/window HTTP/1.1
User-Agent: selenium/4.9.1 (java windows)
Content-Type: application/json; charset=utf-8
host: localhost:22421
accept: */*

Response DefaultHttpResponse(decodeResult: success, version: HTTP/1.1)
HTTP/1.1 200 OK
Content-Length: 12
Content-Type: application/json; charset=utf-8
cache-control: no-cache

19:15:59.867 [AsyncHttpClient-1-2] DEBUG org.asynchttpclient.netty.channel.ChannelManager - Adding key: http://localhost:22421 for channel [id: 0xeab6acba, L:/127.0.0.1:53002 - R:localhost/127.0.0.1:22421]
Request method:	POST
Request URI:	http://localhost:81/jsonrpc.php
Proxy:			<none>
Request params:	<none>
Query params:	<none>
Form params:	<none>
Path params:	<none>
Headers:		Accept=*/*
				Content-Type=text/plain; charset=ISO-8859-1
Cookies:		<none>
Multiparts:		<none>
Body:
{"jsonrpc":"2.0","method":"createUser","id":123123,"params":{"username":"kyryloAPITestLogin","password":"kyryloAPITestPassword","name":"kyrylo","email":"kyryloAPITest@mail.com","role":"app-manager"}}
19:15:59.910 [main] DEBUG org.apache.http.impl.conn.BasicClientConnectionManager - Get connection for route {}->http://localhost:81
19:15:59.910 [main] DEBUG org.apache.http.impl.conn.DefaultClientConnectionOperator - Connecting to localhost:81
19:15:59.911 [main] DEBUG org.apache.http.client.protocol.RequestAddCookies - CookieSpec selected: ignoreCookies
19:15:59.911 [main] DEBUG org.apache.http.client.protocol.RequestAuthCache - Auth cache not set in the context
19:15:59.911 [main] DEBUG org.apache.http.client.protocol.RequestTargetAuthentication - Target auth state: UNCHALLENGED
19:15:59.911 [main] DEBUG org.apache.http.client.protocol.RequestProxyAuthentication - Proxy auth state: UNCHALLENGED
19:15:59.911 [main] DEBUG org.apache.http.impl.client.DefaultHttpClient - Attempt 1 to execute request
19:15:59.912 [main] DEBUG org.apache.http.impl.conn.DefaultClientConnection - Sending request: POST /jsonrpc.php HTTP/1.1
19:15:59.912 [main] DEBUG org.apache.http.wire -  >> "POST /jsonrpc.php HTTP/1.1[\r][\n]"
19:15:59.912 [main] DEBUG org.apache.http.wire -  >> "Accept: */*[\r][\n]"
19:15:59.912 [main] DEBUG org.apache.http.wire -  >> "Content-Type: text/plain; charset=ISO-8859-1[\r][\n]"
19:15:59.912 [main] DEBUG org.apache.http.wire -  >> "Content-Length: 199[\r][\n]"
19:15:59.912 [main] DEBUG org.apache.http.wire -  >> "Host: localhost:81[\r][\n]"
19:15:59.912 [main] DEBUG org.apache.http.wire -  >> "Connection: Keep-Alive[\r][\n]"
19:15:59.912 [main] DEBUG org.apache.http.wire -  >> "User-Agent: Apache-HttpClient/4.5.13 (Java/17)[\r][\n]"
19:15:59.912 [main] DEBUG org.apache.http.wire -  >> "Accept-Encoding: gzip,deflate[\r][\n]"
19:15:59.912 [main] DEBUG org.apache.http.wire -  >> "[\r][\n]"
19:15:59.912 [main] DEBUG org.apache.http.headers - >> POST /jsonrpc.php HTTP/1.1
19:15:59.912 [main] DEBUG org.apache.http.headers - >> Accept: */*
19:15:59.912 [main] DEBUG org.apache.http.headers - >> Content-Type: text/plain; charset=ISO-8859-1
19:15:59.912 [main] DEBUG org.apache.http.headers - >> Content-Length: 199
19:15:59.912 [main] DEBUG org.apache.http.headers - >> Host: localhost:81
19:15:59.912 [main] DEBUG org.apache.http.headers - >> Connection: Keep-Alive
19:15:59.912 [main] DEBUG org.apache.http.headers - >> User-Agent: Apache-HttpClient/4.5.13 (Java/17)
19:15:59.912 [main] DEBUG org.apache.http.headers - >> Accept-Encoding: gzip,deflate
19:15:59.912 [main] DEBUG org.apache.http.wire -  >> "{"jsonrpc":"2.0","method":"createUser","id":123123,"params":{"username":"kyryloAPITestLogin","password":"kyryloAPITestPassword","name":"kyrylo","email":"kyryloAPITest@mail.com","role":"app-manager"}}"
19:15:59.923 [main] DEBUG org.apache.http.wire -  << "HTTP/1.1 401 Unauthorized[\r][\n]"
19:15:59.923 [main] DEBUG org.apache.http.wire -  << "Server: nginx[\r][\n]"
19:15:59.923 [main] DEBUG org.apache.http.wire -  << "Date: Wed, 26 Jul 2023 16:15:59 GMT[\r][\n]"
19:15:59.923 [main] DEBUG org.apache.http.wire -  << "Content-Type: application/json[\r][\n]"
19:15:59.923 [main] DEBUG org.apache.http.wire -  << "Transfer-Encoding: chunked[\r][\n]"
19:15:59.923 [main] DEBUG org.apache.http.wire -  << "Connection: keep-alive[\r][\n]"
19:15:59.923 [main] DEBUG org.apache.http.wire -  << "WWW-Authenticate: Basic realm="JsonRPC"[\r][\n]"
19:15:59.923 [main] DEBUG org.apache.http.wire -  << "[\r][\n]"
19:15:59.924 [main] DEBUG org.apache.http.impl.conn.DefaultClientConnection - Receiving response: HTTP/1.1 401 Unauthorized
19:15:59.924 [main] DEBUG org.apache.http.headers - << HTTP/1.1 401 Unauthorized
19:15:59.924 [main] DEBUG org.apache.http.headers - << Server: nginx
19:15:59.924 [main] DEBUG org.apache.http.headers - << Date: Wed, 26 Jul 2023 16:15:59 GMT
19:15:59.924 [main] DEBUG org.apache.http.headers - << Content-Type: application/json
19:15:59.924 [main] DEBUG org.apache.http.headers - << Transfer-Encoding: chunked
19:15:59.924 [main] DEBUG org.apache.http.headers - << Connection: keep-alive
19:15:59.924 [main] DEBUG org.apache.http.headers - << WWW-Authenticate: Basic realm="JsonRPC"
19:15:59.924 [main] DEBUG org.apache.http.impl.client.DefaultHttpClient - Connection can be kept alive indefinitely
19:15:59.924 [main] DEBUG org.apache.http.impl.client.DefaultHttpClient - Authentication required
19:15:59.924 [main] DEBUG org.apache.http.impl.client.DefaultHttpClient - localhost:81 requested authentication
19:15:59.924 [main] DEBUG org.apache.http.impl.client.TargetAuthenticationStrategy - Authentication schemes in the order of preference: [Negotiate, Kerberos, NTLM, CredSSP, Digest, Basic]
19:15:59.924 [main] DEBUG org.apache.http.impl.client.TargetAuthenticationStrategy - Challenge for Negotiate authentication scheme not available
19:15:59.924 [main] DEBUG org.apache.http.impl.client.TargetAuthenticationStrategy - Challenge for Kerberos authentication scheme not available
19:15:59.924 [main] DEBUG org.apache.http.impl.client.TargetAuthenticationStrategy - Challenge for NTLM authentication scheme not available
19:15:59.924 [main] DEBUG org.apache.http.impl.client.TargetAuthenticationStrategy - Challenge for CredSSP authentication scheme not available
19:15:59.924 [main] DEBUG org.apache.http.impl.client.TargetAuthenticationStrategy - Challenge for Digest authentication scheme not available
19:15:59.924 [main] DEBUG org.apache.http.impl.client.DefaultHttpClient - Selected authentication options: [BASIC [complete=true]]
19:15:59.924 [main] DEBUG org.apache.http.wire -  << "49[\r][\n]"
19:15:59.924 [main] DEBUG org.apache.http.wire -  << "{"jsonrpc":"2.0","error":{"code":401,"message":"Unauthorized"},"id":null}"
19:15:59.924 [main] DEBUG org.apache.http.wire -  << "[\r][\n]"
19:15:59.924 [main] DEBUG org.apache.http.wire -  << "0[\r][\n]"
19:15:59.924 [main] DEBUG org.apache.http.wire -  << "[\r][\n]"
19:15:59.924 [main] DEBUG org.apache.http.client.protocol.RequestAddCookies - CookieSpec selected: ignoreCookies
19:15:59.924 [main] DEBUG org.apache.http.client.protocol.RequestAuthCache - Auth cache not set in the context
19:15:59.924 [main] DEBUG org.apache.http.client.protocol.RequestTargetAuthentication - Target auth state: CHALLENGED
19:15:59.924 [main] DEBUG org.apache.http.client.protocol.RequestTargetAuthentication - Generating response to an authentication challenge using basic scheme
19:15:59.924 [main] DEBUG org.apache.http.client.protocol.RequestProxyAuthentication - Proxy auth state: UNCHALLENGED
19:15:59.924 [main] DEBUG org.apache.http.impl.client.DefaultHttpClient - Attempt 2 to execute request
19:15:59.924 [main] DEBUG org.apache.http.impl.conn.DefaultClientConnection - Sending request: POST /jsonrpc.php HTTP/1.1
19:15:59.924 [main] DEBUG org.apache.http.wire -  >> "POST /jsonrpc.php HTTP/1.1[\r][\n]"
19:15:59.924 [main] DEBUG org.apache.http.wire -  >> "Accept: */*[\r][\n]"
19:15:59.924 [main] DEBUG org.apache.http.wire -  >> "Content-Type: text/plain; charset=ISO-8859-1[\r][\n]"
19:15:59.924 [main] DEBUG org.apache.http.wire -  >> "Content-Length: 199[\r][\n]"
19:15:59.924 [main] DEBUG org.apache.http.wire -  >> "Host: localhost:81[\r][\n]"
19:15:59.924 [main] DEBUG org.apache.http.wire -  >> "Connection: Keep-Alive[\r][\n]"
19:15:59.924 [main] DEBUG org.apache.http.wire -  >> "User-Agent: Apache-HttpClient/4.5.13 (Java/17)[\r][\n]"
19:15:59.924 [main] DEBUG org.apache.http.wire -  >> "Authorization: Basic YWRtaW46YWRtaW4=[\r][\n]"
19:15:59.925 [main] DEBUG org.apache.http.wire -  >> "Accept-Encoding: gzip,deflate[\r][\n]"
19:15:59.925 [main] DEBUG org.apache.http.wire -  >> "[\r][\n]"
19:15:59.925 [main] DEBUG org.apache.http.headers - >> POST /jsonrpc.php HTTP/1.1
19:15:59.925 [main] DEBUG org.apache.http.headers - >> Accept: */*
19:15:59.925 [main] DEBUG org.apache.http.headers - >> Content-Type: text/plain; charset=ISO-8859-1
19:15:59.925 [main] DEBUG org.apache.http.headers - >> Content-Length: 199
19:15:59.925 [main] DEBUG org.apache.http.headers - >> Host: localhost:81
19:15:59.925 [main] DEBUG org.apache.http.headers - >> Connection: Keep-Alive
19:15:59.925 [main] DEBUG org.apache.http.headers - >> User-Agent: Apache-HttpClient/4.5.13 (Java/17)
19:15:59.925 [main] DEBUG org.apache.http.headers - >> Authorization: Basic YWRtaW46YWRtaW4=
19:15:59.925 [main] DEBUG org.apache.http.headers - >> Accept-Encoding: gzip,deflate
19:15:59.925 [main] DEBUG org.apache.http.wire -  >> "{"jsonrpc":"2.0","method":"createUser","id":123123,"params":{"username":"kyryloAPITestLogin","password":"kyryloAPITestPassword","name":"kyrylo","email":"kyryloAPITest@mail.com","role":"app-manager"}}"
19:16:00.159 [AsyncHttpClient-1-1] DEBUG org.asynchttpclient.netty.channel.DefaultChannelPool - Entry count for : http://localhost:22421 : 1
19:16:00.161 [AsyncHttpClient-1-1] DEBUG org.asynchttpclient.netty.channel.DefaultChannelPool - Entry count for : http://localhost:53003 : 1
19:16:00.161 [AsyncHttpClient-1-1] DEBUG org.asynchttpclient.netty.channel.DefaultChannelPool - Adding Candidate expired Channel [id: 0x752bf6bd, L:/127.0.0.1:53010 ! R:localhost/127.0.0.1:53003] isIdleTimeoutExpired=false isRemotelyClosed=true isTtlExpired=false
19:16:00.162 [AsyncHttpClient-1-1] DEBUG org.asynchttpclient.netty.channel.DefaultChannelPool - Closing Idle Channel [id: 0x752bf6bd, L:/127.0.0.1:53010 ! R:localhost/127.0.0.1:53003]
19:16:00.162 [AsyncHttpClient-1-1] DEBUG org.asynchttpclient.netty.channel.DefaultChannelPool - Closed 1 connections out of 2 in 1 ms
19:16:00.261 [main] DEBUG org.apache.http.wire -  << "HTTP/1.1 200 OK[\r][\n]"
19:16:00.261 [main] DEBUG org.apache.http.wire -  << "Server: nginx[\r][\n]"
19:16:00.261 [main] DEBUG org.apache.http.wire -  << "Date: Wed, 26 Jul 2023 16:16:00 GMT[\r][\n]"
19:16:00.261 [main] DEBUG org.apache.http.wire -  << "Content-Type: application/json[\r][\n]"
19:16:00.261 [main] DEBUG org.apache.http.wire -  << "Transfer-Encoding: chunked[\r][\n]"
19:16:00.261 [main] DEBUG org.apache.http.wire -  << "Connection: keep-alive[\r][\n]"
19:16:00.261 [main] DEBUG org.apache.http.wire -  << "Vary: Accept-Encoding[\r][\n]"
19:16:00.261 [main] DEBUG org.apache.http.wire -  << "Content-Encoding: gzip[\r][\n]"
19:16:00.261 [main] DEBUG org.apache.http.wire -  << "[\r][\n]"
19:16:00.261 [main] DEBUG org.apache.http.impl.conn.DefaultClientConnection - Receiving response: HTTP/1.1 200 OK
19:16:00.261 [main] DEBUG org.apache.http.headers - << HTTP/1.1 200 OK
19:16:00.261 [main] DEBUG org.apache.http.headers - << Server: nginx
19:16:00.261 [main] DEBUG org.apache.http.headers - << Date: Wed, 26 Jul 2023 16:16:00 GMT
19:16:00.261 [main] DEBUG org.apache.http.headers - << Content-Type: application/json
19:16:00.261 [main] DEBUG org.apache.http.headers - << Transfer-Encoding: chunked
19:16:00.261 [main] DEBUG org.apache.http.headers - << Connection: keep-alive
19:16:00.261 [main] DEBUG org.apache.http.headers - << Vary: Accept-Encoding
19:16:00.261 [main] DEBUG org.apache.http.headers - << Content-Encoding: gzip
19:16:00.261 [main] DEBUG org.apache.http.impl.client.DefaultHttpClient - Connection can be kept alive indefinitely
19:16:00.261 [main] DEBUG org.apache.http.impl.client.DefaultHttpClient - Authentication succeeded
19:16:00.261 [main] DEBUG org.apache.http.impl.client.TargetAuthenticationStrategy - Caching 'basic' auth scheme for http://localhost:81
19:16:00.262 [main] DEBUG io.restassured.internal.RestAssuredHttpBuilder - Parsing response as: application/json
19:16:00.262 [main] DEBUG org.apache.http.wire -  << "3c[\r][\n]"
19:16:00.262 [main] DEBUG org.apache.http.wire -  << "[0x1f][0x8b][0x8][0x0][0x0][0x0][0x0][0x0][0x0][0x3][0xab]V[0xca]*[0xce][0xcf]+*HV[0xb2]R2[0xd2]3P[0xd2]Q*J-.[0xcd])Q[0xb2]2[0xb6]4[0xd5]Q[0xca]LQ[0xb2]242[0x6][0xa2]Z[0x0]X[0xc1][0xd9][0x3]*[0x0][0x0][0x0]"
19:16:00.262 [main] DEBUG org.apache.http.wire -  << "[\r][\n]"
19:16:00.262 [main] DEBUG org.apache.http.wire -  << "0[\r][\n]"
19:16:00.262 [main] DEBUG org.apache.http.wire -  << "[\r][\n]"
19:16:00.262 [main] DEBUG io.restassured.internal.RestAssuredHttpBuilder - Parsed data to instance of: class org.apache.http.conn.EofSensorInputStream
19:16:00.263 [main] DEBUG org.apache.http.impl.conn.BasicClientConnectionManager - Releasing connection org.apache.http.impl.conn.ManagedClientConnectionImpl@84398a
19:16:00.263 [main] DEBUG org.apache.http.impl.conn.BasicClientConnectionManager - Connection can be kept alive indefinitely
{
    "jsonrpc": "2.0",
    "result": 395,
    "id": 123123
}
{
    "jsonrpc": "2.0",
    "result": 395,
    "id": 123123
}
Request method:	POST
Request URI:	http://localhost:81/jsonrpc.php
Proxy:			<none>
Request params:	<none>
Query params:	<none>
Form params:	<none>
Path params:	<none>
Headers:		Accept=*/*
				Content-Type=text/plain; charset=ISO-8859-1
Cookies:		<none>
Multiparts:		<none>
Body:
{"jsonrpc":"2.0","method":"createProject","id":345,"params":{"name":"API_Project","description":"API_Project Description","owner_id":395}}
19:16:00.290 [main] DEBUG org.apache.http.impl.conn.BasicClientConnectionManager - Get connection for route {}->http://localhost:81
19:16:00.290 [main] DEBUG org.apache.http.impl.conn.DefaultClientConnectionOperator - Connecting to localhost:81
19:16:00.292 [main] DEBUG org.apache.http.client.protocol.RequestAddCookies - CookieSpec selected: ignoreCookies
19:16:00.292 [main] DEBUG org.apache.http.client.protocol.RequestAuthCache - Auth cache not set in the context
19:16:00.292 [main] DEBUG org.apache.http.client.protocol.RequestTargetAuthentication - Target auth state: UNCHALLENGED
19:16:00.292 [main] DEBUG org.apache.http.client.protocol.RequestProxyAuthentication - Proxy auth state: UNCHALLENGED
19:16:00.292 [main] DEBUG org.apache.http.impl.client.DefaultHttpClient - Attempt 1 to execute request
19:16:00.292 [main] DEBUG org.apache.http.impl.conn.DefaultClientConnection - Sending request: POST /jsonrpc.php HTTP/1.1
19:16:00.292 [main] DEBUG org.apache.http.wire -  >> "POST /jsonrpc.php HTTP/1.1[\r][\n]"
19:16:00.292 [main] DEBUG org.apache.http.wire -  >> "Accept: */*[\r][\n]"
19:16:00.292 [main] DEBUG org.apache.http.wire -  >> "Content-Type: text/plain; charset=ISO-8859-1[\r][\n]"
19:16:00.292 [main] DEBUG org.apache.http.wire -  >> "Content-Length: 138[\r][\n]"
19:16:00.292 [main] DEBUG org.apache.http.wire -  >> "Host: localhost:81[\r][\n]"
19:16:00.292 [main] DEBUG org.apache.http.wire -  >> "Connection: Keep-Alive[\r][\n]"
19:16:00.292 [main] DEBUG org.apache.http.wire -  >> "User-Agent: Apache-HttpClient/4.5.13 (Java/17)[\r][\n]"
19:16:00.292 [main] DEBUG org.apache.http.wire -  >> "Accept-Encoding: gzip,deflate[\r][\n]"
19:16:00.292 [main] DEBUG org.apache.http.wire -  >> "[\r][\n]"
19:16:00.292 [main] DEBUG org.apache.http.headers - >> POST /jsonrpc.php HTTP/1.1
19:16:00.292 [main] DEBUG org.apache.http.headers - >> Accept: */*
19:16:00.292 [main] DEBUG org.apache.http.headers - >> Content-Type: text/plain; charset=ISO-8859-1
19:16:00.292 [main] DEBUG org.apache.http.headers - >> Content-Length: 138
19:16:00.292 [main] DEBUG org.apache.http.headers - >> Host: localhost:81
19:16:00.292 [main] DEBUG org.apache.http.headers - >> Connection: Keep-Alive
19:16:00.292 [main] DEBUG org.apache.http.headers - >> User-Agent: Apache-HttpClient/4.5.13 (Java/17)
19:16:00.292 [main] DEBUG org.apache.http.headers - >> Accept-Encoding: gzip,deflate
19:16:00.292 [main] DEBUG org.apache.http.wire -  >> "{"jsonrpc":"2.0","method":"createProject","id":345,"params":{"name":"API_Project","description":"API_Project Description","owner_id":395}}"
19:16:00.306 [main] DEBUG org.apache.http.wire -  << "HTTP/1.1 401 Unauthorized[\r][\n]"
19:16:00.306 [main] DEBUG org.apache.http.wire -  << "Server: nginx[\r][\n]"
19:16:00.306 [main] DEBUG org.apache.http.wire -  << "Date: Wed, 26 Jul 2023 16:16:00 GMT[\r][\n]"
19:16:00.306 [main] DEBUG org.apache.http.wire -  << "Content-Type: application/json[\r][\n]"
19:16:00.306 [main] DEBUG org.apache.http.wire -  << "Transfer-Encoding: chunked[\r][\n]"
19:16:00.306 [main] DEBUG org.apache.http.wire -  << "Connection: keep-alive[\r][\n]"
19:16:00.306 [main] DEBUG org.apache.http.wire -  << "WWW-Authenticate: Basic realm="JsonRPC"[\r][\n]"
19:16:00.306 [main] DEBUG org.apache.http.wire -  << "[\r][\n]"
19:16:00.307 [main] DEBUG org.apache.http.impl.conn.DefaultClientConnection - Receiving response: HTTP/1.1 401 Unauthorized
19:16:00.307 [main] DEBUG org.apache.http.headers - << HTTP/1.1 401 Unauthorized
19:16:00.307 [main] DEBUG org.apache.http.headers - << Server: nginx
19:16:00.307 [main] DEBUG org.apache.http.headers - << Date: Wed, 26 Jul 2023 16:16:00 GMT
19:16:00.307 [main] DEBUG org.apache.http.headers - << Content-Type: application/json
19:16:00.307 [main] DEBUG org.apache.http.headers - << Transfer-Encoding: chunked
19:16:00.307 [main] DEBUG org.apache.http.headers - << Connection: keep-alive
19:16:00.307 [main] DEBUG org.apache.http.headers - << WWW-Authenticate: Basic realm="JsonRPC"
19:16:00.307 [main] DEBUG org.apache.http.impl.client.DefaultHttpClient - Connection can be kept alive indefinitely
19:16:00.307 [main] DEBUG org.apache.http.impl.client.DefaultHttpClient - Authentication required
19:16:00.307 [main] DEBUG org.apache.http.impl.client.DefaultHttpClient - localhost:81 requested authentication
19:16:00.307 [main] DEBUG org.apache.http.impl.client.TargetAuthenticationStrategy - Authentication schemes in the order of preference: [Negotiate, Kerberos, NTLM, CredSSP, Digest, Basic]
19:16:00.307 [main] DEBUG org.apache.http.impl.client.TargetAuthenticationStrategy - Challenge for Negotiate authentication scheme not available
19:16:00.307 [main] DEBUG org.apache.http.impl.client.TargetAuthenticationStrategy - Challenge for Kerberos authentication scheme not available
19:16:00.307 [main] DEBUG org.apache.http.impl.client.TargetAuthenticationStrategy - Challenge for NTLM authentication scheme not available
19:16:00.307 [main] DEBUG org.apache.http.impl.client.TargetAuthenticationStrategy - Challenge for CredSSP authentication scheme not available
19:16:00.307 [main] DEBUG org.apache.http.impl.client.TargetAuthenticationStrategy - Challenge for Digest authentication scheme not available
19:16:00.307 [main] DEBUG org.apache.http.impl.client.DefaultHttpClient - Selected authentication options: [BASIC [complete=true]]
19:16:00.307 [main] DEBUG org.apache.http.wire -  << "49[\r][\n]"
19:16:00.307 [main] DEBUG org.apache.http.wire -  << "{"jsonrpc":"2.0","error":{"code":401,"message":"Unauthorized"},"id":null}"
19:16:00.307 [main] DEBUG org.apache.http.wire -  << "[\r][\n]"
19:16:00.307 [main] DEBUG org.apache.http.wire -  << "0[\r][\n]"
19:16:00.307 [main] DEBUG org.apache.http.wire -  << "[\r][\n]"
19:16:00.307 [main] DEBUG org.apache.http.client.protocol.RequestAddCookies - CookieSpec selected: ignoreCookies
19:16:00.307 [main] DEBUG org.apache.http.client.protocol.RequestAuthCache - Auth cache not set in the context
19:16:00.307 [main] DEBUG org.apache.http.client.protocol.RequestTargetAuthentication - Target auth state: CHALLENGED
19:16:00.307 [main] DEBUG org.apache.http.client.protocol.RequestTargetAuthentication - Generating response to an authentication challenge using basic scheme
19:16:00.307 [main] DEBUG org.apache.http.client.protocol.RequestProxyAuthentication - Proxy auth state: UNCHALLENGED
19:16:00.307 [main] DEBUG org.apache.http.impl.client.DefaultHttpClient - Attempt 2 to execute request
19:16:00.307 [main] DEBUG org.apache.http.impl.conn.DefaultClientConnection - Sending request: POST /jsonrpc.php HTTP/1.1
19:16:00.307 [main] DEBUG org.apache.http.wire -  >> "POST /jsonrpc.php HTTP/1.1[\r][\n]"
19:16:00.307 [main] DEBUG org.apache.http.wire -  >> "Accept: */*[\r][\n]"
19:16:00.307 [main] DEBUG org.apache.http.wire -  >> "Content-Type: text/plain; charset=ISO-8859-1[\r][\n]"
19:16:00.307 [main] DEBUG org.apache.http.wire -  >> "Content-Length: 138[\r][\n]"
19:16:00.307 [main] DEBUG org.apache.http.wire -  >> "Host: localhost:81[\r][\n]"
19:16:00.307 [main] DEBUG org.apache.http.wire -  >> "Connection: Keep-Alive[\r][\n]"
19:16:00.307 [main] DEBUG org.apache.http.wire -  >> "User-Agent: Apache-HttpClient/4.5.13 (Java/17)[\r][\n]"
19:16:00.307 [main] DEBUG org.apache.http.wire -  >> "Authorization: Basic a3lyeWxvQVBJVGVzdExvZ2luOmt5cnlsb0FQSVRlc3RQYXNzd29yZA==[\r][\n]"
19:16:00.307 [main] DEBUG org.apache.http.wire -  >> "Accept-Encoding: gzip,deflate[\r][\n]"
19:16:00.307 [main] DEBUG org.apache.http.wire -  >> "[\r][\n]"
19:16:00.307 [main] DEBUG org.apache.http.headers - >> POST /jsonrpc.php HTTP/1.1
19:16:00.307 [main] DEBUG org.apache.http.headers - >> Accept: */*
19:16:00.307 [main] DEBUG org.apache.http.headers - >> Content-Type: text/plain; charset=ISO-8859-1
19:16:00.307 [main] DEBUG org.apache.http.headers - >> Content-Length: 138
19:16:00.307 [main] DEBUG org.apache.http.headers - >> Host: localhost:81
19:16:00.307 [main] DEBUG org.apache.http.headers - >> Connection: Keep-Alive
19:16:00.307 [main] DEBUG org.apache.http.headers - >> User-Agent: Apache-HttpClient/4.5.13 (Java/17)
19:16:00.307 [main] DEBUG org.apache.http.headers - >> Authorization: Basic a3lyeWxvQVBJVGVzdExvZ2luOmt5cnlsb0FQSVRlc3RQYXNzd29yZA==
19:16:00.307 [main] DEBUG org.apache.http.headers - >> Accept-Encoding: gzip,deflate
19:16:00.308 [main] DEBUG org.apache.http.wire -  >> "{"jsonrpc":"2.0","method":"createProject","id":345,"params":{"name":"API_Project","description":"API_Project Description","owner_id":395}}"
19:16:00.485 [main] DEBUG org.apache.http.wire -  << "HTTP/1.1 200 OK[\r][\n]"
19:16:00.485 [main] DEBUG org.apache.http.wire -  << "Server: nginx[\r][\n]"
19:16:00.485 [main] DEBUG org.apache.http.wire -  << "Date: Wed, 26 Jul 2023 16:16:00 GMT[\r][\n]"
19:16:00.485 [main] DEBUG org.apache.http.wire -  << "Content-Type: application/json[\r][\n]"
19:16:00.485 [main] DEBUG org.apache.http.wire -  << "Transfer-Encoding: chunked[\r][\n]"
19:16:00.485 [main] DEBUG org.apache.http.wire -  << "Connection: keep-alive[\r][\n]"
19:16:00.485 [main] DEBUG org.apache.http.wire -  << "Vary: Accept-Encoding[\r][\n]"
19:16:00.485 [main] DEBUG org.apache.http.wire -  << "Content-Encoding: gzip[\r][\n]"
19:16:00.485 [main] DEBUG org.apache.http.wire -  << "[\r][\n]"
19:16:00.485 [main] DEBUG org.apache.http.impl.conn.DefaultClientConnection - Receiving response: HTTP/1.1 200 OK
19:16:00.485 [main] DEBUG org.apache.http.headers - << HTTP/1.1 200 OK
19:16:00.485 [main] DEBUG org.apache.http.headers - << Server: nginx
19:16:00.485 [main] DEBUG org.apache.http.headers - << Date: Wed, 26 Jul 2023 16:16:00 GMT
19:16:00.485 [main] DEBUG org.apache.http.headers - << Content-Type: application/json
19:16:00.485 [main] DEBUG org.apache.http.headers - << Transfer-Encoding: chunked
19:16:00.485 [main] DEBUG org.apache.http.headers - << Connection: keep-alive
19:16:00.485 [main] DEBUG org.apache.http.headers - << Vary: Accept-Encoding
19:16:00.485 [main] DEBUG org.apache.http.headers - << Content-Encoding: gzip
19:16:00.485 [main] DEBUG org.apache.http.impl.client.DefaultHttpClient - Connection can be kept alive indefinitely
19:16:00.485 [main] DEBUG org.apache.http.impl.client.DefaultHttpClient - Authentication succeeded
19:16:00.485 [main] DEBUG org.apache.http.impl.client.TargetAuthenticationStrategy - Caching 'basic' auth scheme for http://localhost:81
19:16:00.486 [main] DEBUG io.restassured.internal.RestAssuredHttpBuilder - Parsing response as: application/json
19:16:00.486 [main] DEBUG org.apache.http.wire -  << "3b[\r][\n]"
19:16:00.486 [main] DEBUG org.apache.http.wire -  << "[0x1f][0x8b][0x8][0x0][0x0][0x0][0x0][0x0][0x0][0x3][0xab]V[0xca]*[0xce][0xcf]+*HV[0xb2]R2[0xd2]3P[0xd2]Q*J-.[0xcd])Q[0xb2]22[0xb3][0xd4]Q[0xca]LQ[0xb2]261[0xad][0x5][0x0][0xf6]k[0x9c]T'[0x0][0x0][0x0]"
19:16:00.486 [main] DEBUG org.apache.http.wire -  << "[\r][\n]"
19:16:00.486 [main] DEBUG org.apache.http.wire -  << "0[\r][\n]"
19:16:00.486 [main] DEBUG org.apache.http.wire -  << "[\r][\n]"
19:16:00.486 [main] DEBUG io.restassured.internal.RestAssuredHttpBuilder - Parsed data to instance of: class org.apache.http.conn.EofSensorInputStream
19:16:00.488 [main] DEBUG org.apache.http.impl.conn.BasicClientConnectionManager - Releasing connection org.apache.http.impl.conn.ManagedClientConnectionImpl@2313c291
19:16:00.488 [main] DEBUG org.apache.http.impl.conn.BasicClientConnectionManager - Connection can be kept alive indefinitely
{
    "jsonrpc": "2.0",
    "result": 269,
    "id": 345
}
{
    "jsonrpc": "2.0",
    "result": 269,
    "id": 345
}
19:16:00.493 [Forwarding getTitle on session 3366c2ca039b87d70e1aaf407a304933 to remote] DEBUG org.asynchttpclient.netty.request.NettyRequestSender - Using pooled Channel '[id: 0xeab6acba, L:/127.0.0.1:53002 - R:localhost/127.0.0.1:22421]' for 'GET' to 'http://localhost:22421/session/3366c2ca039b87d70e1aaf407a304933/title'
19:16:00.493 [Forwarding getTitle on session 3366c2ca039b87d70e1aaf407a304933 to remote] DEBUG org.asynchttpclient.netty.request.NettyRequestSender - Using open Channel [id: 0xeab6acba, L:/127.0.0.1:53002 - R:localhost/127.0.0.1:22421] for GET '/session/3366c2ca039b87d70e1aaf407a304933/title'
19:16:00.495 [AsyncHttpClient-1-2] DEBUG org.asynchttpclient.netty.handler.HttpHandler - 

Request DefaultFullHttpRequest(decodeResult: success, version: HTTP/1.1, content: EmptyByteBufBE)
GET /session/3366c2ca039b87d70e1aaf407a304933/title HTTP/1.1
User-Agent: selenium/4.9.1 (java windows)
Cache-Control: no-cache
Content-Type: application/json; charset=utf-8
host: localhost:22421
accept: */*

Response DefaultHttpResponse(decodeResult: success, version: HTTP/1.1)
HTTP/1.1 404 Not Found
Content-Length: 831
Content-Type: application/json; charset=utf-8
cache-control: no-cache

19:16:00.495 [AsyncHttpClient-1-2] DEBUG org.asynchttpclient.netty.channel.ChannelManager - Adding key: http://localhost:22421 for channel [id: 0xeab6acba, L:/127.0.0.1:53002 - R:localhost/127.0.0.1:22421]
19:16:00.497 [main] DEBUG com.codeborne.selenide.drivercommands.BrowserHealthChecker - Browser session is not found
org.openqa.selenium.NoSuchSessionException: invalid session id
Build info: version: '4.9.1', revision: 'eb2032df7f'
System info: os.name: 'Windows 10', os.arch: 'amd64', os.version: '10.0', java.version: '17'
Driver info: org.openqa.selenium.chrome.ChromeDriver
Command: [3366c2ca039b87d70e1aaf407a304933, getTitle {}]
Capabilities {acceptInsecureCerts: true, browserName: chrome, browserVersion: 114.0.5735.248, chrome: {chromedriverVersion: 114.0.5735.90 (386bc09e8f4f..., userDataDir: C:\Users\KFA24~1.SHM\AppDat...}, goog:chromeOptions: {debuggerAddress: localhost:53003}, networkConnectionEnabled: false, pageLoadStrategy: normal, platformName: windows, proxy: Proxy(), se:cdp: ws://localhost:53003/devtoo..., se:cdpVersion: 114.0.5735.248, setWindowRect: true, strictFileInteractability: false, timeouts: {implicit: 0, pageLoad: 300000, script: 30000}, unhandledPromptBehavior: accept, webauthn:extension:credBlob: true, webauthn:extension:largeBlob: true, webauthn:extension:minPinLength: true, webauthn:extension:prf: true, webauthn:virtualAuthenticators: true}
Session ID: 3366c2ca039b87d70e1aaf407a304933
	at java.base/jdk.internal.reflect.NativeConstructorAccessorImpl.newInstance0(Native Method)
	at java.base/jdk.internal.reflect.NativeConstructorAccessorImpl.newInstance(NativeConstructorAccessorImpl.java:77)
	at java.base/jdk.internal.reflect.DelegatingConstructorAccessorImpl.newInstance(DelegatingConstructorAccessorImpl.java:45)
	at java.base/java.lang.reflect.Constructor.newInstanceWithCaller(Constructor.java:499)
	at java.base/java.lang.reflect.Constructor.newInstance(Constructor.java:480)
	at org.openqa.selenium.remote.codec.w3c.W3CHttpResponseCodec.createException(W3CHttpResponseCodec.java:200)
	at org.openqa.selenium.remote.codec.w3c.W3CHttpResponseCodec.decode(W3CHttpResponseCodec.java:133)
	at org.openqa.selenium.remote.codec.w3c.W3CHttpResponseCodec.decode(W3CHttpResponseCodec.java:53)
	at org.openqa.selenium.remote.HttpCommandExecutor.execute(HttpCommandExecutor.java:193)
	at org.openqa.selenium.remote.service.DriverCommandExecutor.invokeExecute(DriverCommandExecutor.java:183)
	at org.openqa.selenium.remote.service.DriverCommandExecutor.execute(DriverCommandExecutor.java:158)
	at org.openqa.selenium.remote.RemoteWebDriver.execute(RemoteWebDriver.java:543)
	at org.openqa.selenium.remote.RemoteWebDriver.execute(RemoteWebDriver.java:598)
	at org.openqa.selenium.remote.RemoteWebDriver.execute(RemoteWebDriver.java:602)
	at org.openqa.selenium.remote.RemoteWebDriver.getTitle(RemoteWebDriver.java:302)
	at com.codeborne.selenide.drivercommands.BrowserHealthChecker.isBrowserStillOpen(BrowserHealthChecker.java:19)
	at com.codeborne.selenide.impl.WebDriverThreadLocalContainer.getAndCheckWebDriver(WebDriverThreadLocalContainer.java:158)
	at com.codeborne.selenide.WebDriverRunner.getAndCheckWebDriver(WebDriverRunner.java:130)
	at com.codeborne.selenide.impl.StaticDriver.getAndCheckWebDriver(StaticDriver.java:65)
	at com.codeborne.selenide.SelenideDriver.getAndCheckWebDriver(SelenideDriver.java:220)
	at com.codeborne.selenide.drivercommands.Navigator.lambda$navigateTo$0(Navigator.java:72)
	at com.codeborne.selenide.logevents.SelenideLogger.lambda$run$0(SelenideLogger.java:105)
	at com.codeborne.selenide.logevents.SelenideLogger.wrap(SelenideLogger.java:133)
	at com.codeborne.selenide.logevents.SelenideLogger.run(SelenideLogger.java:104)
	at com.codeborne.selenide.drivercommands.Navigator.navigateTo(Navigator.java:70)
	at com.codeborne.selenide.drivercommands.Navigator.open(Navigator.java:32)
	at com.codeborne.selenide.SelenideDriver.open(SelenideDriver.java:101)
	at com.codeborne.selenide.Selenide.open(Selenide.java:53)
	at COMBINED.BaseTests.TaskBaseTestCombined.setUp(TaskBaseTestCombined.java:27)
	at java.base/jdk.internal.reflect.NativeMethodAccessorImpl.invoke0(Native Method)
	at java.base/jdk.internal.reflect.NativeMethodAccessorImpl.invoke(NativeMethodAccessorImpl.java:77)
	at java.base/jdk.internal.reflect.DelegatingMethodAccessorImpl.invoke(DelegatingMethodAccessorImpl.java:43)
	at java.base/java.lang.reflect.Method.invoke(Method.java:568)
	at org.testng.internal.invokers.MethodInvocationHelper.invokeMethod(MethodInvocationHelper.java:139)
	at org.testng.internal.invokers.MethodInvocationHelper.invokeMethodConsideringTimeout(MethodInvocationHelper.java:69)
	at org.testng.internal.invokers.ConfigInvoker.invokeConfigurationMethod(ConfigInvoker.java:361)
	at org.testng.internal.invokers.ConfigInvoker.invokeConfigurations(ConfigInvoker.java:296)
	at org.testng.internal.invokers.TestInvoker.runConfigMethods(TestInvoker.java:823)
	at org.testng.internal.invokers.TestInvoker.invokeMethod(TestInvoker.java:590)
	at org.testng.internal.invokers.TestInvoker.invokeTestMethod(TestInvoker.java:221)
	at org.testng.internal.invokers.MethodRunner.runInSequence(MethodRunner.java:50)
	at org.testng.internal.invokers.TestInvoker$MethodInvocationAgent.invoke(TestInvoker.java:969)
	at org.testng.internal.invokers.TestInvoker.invokeTestMethods(TestInvoker.java:194)
	at org.testng.internal.invokers.TestMethodWorker.invokeTestMethods(TestMethodWorker.java:148)
	at org.testng.internal.invokers.TestMethodWorker.run(TestMethodWorker.java:128)
	at java.base/java.util.ArrayList.forEach(ArrayList.java:1511)
	at org.testng.TestRunner.privateRun(TestRunner.java:829)
	at org.testng.TestRunner.run(TestRunner.java:602)
	at org.testng.SuiteRunner.runTest(SuiteRunner.java:437)
	at org.testng.SuiteRunner.runSequentially(SuiteRunner.java:431)
	at org.testng.SuiteRunner.privateRun(SuiteRunner.java:391)
	at org.testng.SuiteRunner.run(SuiteRunner.java:330)
	at org.testng.SuiteRunnerWorker.runSuite(SuiteRunnerWorker.java:52)
	at org.testng.SuiteRunnerWorker.run(SuiteRunnerWorker.java:95)
	at org.testng.TestNG.runSuitesSequentially(TestNG.java:1256)
	at org.testng.TestNG.runSuitesLocally(TestNG.java:1176)
	at org.testng.TestNG.runSuites(TestNG.java:1099)
	at org.testng.TestNG.run(TestNG.java:1067)
	at org.apache.maven.surefire.testng.TestNGExecutor.run(TestNGExecutor.java:324)
	at org.apache.maven.surefire.testng.TestNGXmlTestSuite.execute(TestNGXmlTestSuite.java:74)
	at org.apache.maven.surefire.testng.TestNGProvider.invoke(TestNGProvider.java:123)
	at org.apache.maven.surefire.booter.ForkedBooter.runSuitesInProcess(ForkedBooter.java:456)
	at org.apache.maven.surefire.booter.ForkedBooter.execute(ForkedBooter.java:169)
	at org.apache.maven.surefire.booter.ForkedBooter.run(ForkedBooter.java:595)
	at org.apache.maven.surefire.booter.ForkedBooter.main(ForkedBooter.java:581)
19:16:00.498 [main] INFO com.codeborne.selenide.impl.WebDriverThreadLocalContainer - Webdriver has been closed meanwhile. Let's re-create it.
19:16:00.499 [main] INFO com.codeborne.selenide.impl.FileHelper - Deleted empty folder: C:\Users\k.shmana\Desktop\r_d\Kanboard\build\downloads\1690388150348_17176_1
19:16:00.499 [main] INFO com.codeborne.selenide.drivercommands.CloseDriverCommand - Close webdriver: 1 -> ChromeDriver: chrome on windows (3366c2ca039b87d70e1aaf407a304933)...
19:16:00.503 [Driver Command Executor] DEBUG org.asynchttpclient.netty.request.NettyRequestSender - Using pooled Channel '[id: 0xeab6acba, L:/127.0.0.1:53002 - R:localhost/127.0.0.1:22421]' for 'DELETE' to 'http://localhost:22421/session/3366c2ca039b87d70e1aaf407a304933'
19:16:00.503 [Driver Command Executor] DEBUG org.asynchttpclient.netty.request.NettyRequestSender - Using open Channel [id: 0xeab6acba, L:/127.0.0.1:53002 - R:localhost/127.0.0.1:22421] for DELETE '/session/3366c2ca039b87d70e1aaf407a304933'
19:16:00.505 [AsyncHttpClient-1-2] DEBUG org.asynchttpclient.netty.handler.HttpHandler - 

Request DefaultFullHttpRequest(decodeResult: success, version: HTTP/1.1, content: EmptyByteBufBE)
DELETE /session/3366c2ca039b87d70e1aaf407a304933 HTTP/1.1
User-Agent: selenium/4.9.1 (java windows)
Content-Type: application/json; charset=utf-8
host: localhost:22421
accept: */*

Response DefaultHttpResponse(decodeResult: success, version: HTTP/1.1)
HTTP/1.1 200 OK
Content-Length: 14
Content-Type: application/json; charset=utf-8
cache-control: no-cache

19:16:00.505 [AsyncHttpClient-1-2] DEBUG org.asynchttpclient.netty.channel.ChannelManager - Adding key: http://localhost:22421 for channel [id: 0xeab6acba, L:/127.0.0.1:53002 - R:localhost/127.0.0.1:22421]
19:16:00.510 [AsyncHttpClient-1-2] DEBUG org.asynchttpclient.netty.handler.HttpHandler - Channel Closed: [id: 0xeab6acba, L:/127.0.0.1:53002 ! R:localhost/127.0.0.1:22421] with attribute DISCARD
19:16:00.593 [main] INFO com.codeborne.selenide.drivercommands.CloseDriverCommand - Closed webdriver 1 in 94 ms
19:16:00.594 [main] INFO com.codeborne.selenide.drivercommands.DisposablesRegistry - Unregister WebDriverInstance[config=StaticConfig,webDriver=ChromeDriver: chrome on windows (null),proxy=null,downloadsFolder=C:\Users\k.shmana\Desktop\r_d\Kanboard\build\downloads\1690388150348_17176_1] in 1 [size=0]
19:16:00.594 [main] DEBUG com.codeborne.selenide.drivercommands.CreateDriverCommand - Creating webdriver in thread 1 (ip: 192.168.1.2, host: N-KV-TYCH1O-F81)...
19:16:00.594 [main] INFO com.codeborne.selenide.impl.FileHelper - Creating folder: C:\Users\k.shmana\Desktop\r_d\Kanboard\build\downloads\1690388160594_17176_1
19:16:00.595 [main] DEBUG com.codeborne.selenide.webdriver.WebDriverFactory - browser=chrome
19:16:00.595 [main] DEBUG com.codeborne.selenide.webdriver.WebDriverFactory - browser.version=null
19:16:00.595 [main] DEBUG com.codeborne.selenide.webdriver.WebDriverFactory - remote=null
19:16:00.595 [main] DEBUG com.codeborne.selenide.webdriver.WebDriverFactory - browserSize=1366x768
19:16:00.595 [main] DEBUG com.codeborne.selenide.webdriver.WebDriverFactory - downloadsFolder=C:\Users\k.shmana\Desktop\r_d\Kanboard\build\downloads\1690388160594_17176_1
19:16:00.595 [main] DEBUG com.codeborne.selenide.webdriver.AbstractChromiumDriverFactory - Using chromium preferences: {credentials_enable_service=false, safebrowsing.enabled=true, plugins.always_open_pdf_externally=true, profile.default_content_setting_values.automatic_downloads=1, download.default_directory=C:\Users\k.shmana\Desktop\r_d\Kanboard\build\downloads\1690388160594_17176_1}
19:16:00.595 [main] DEBUG com.codeborne.selenide.webdriver.ChromeDriverFactory - Chrome options: Capabilities {acceptInsecureCerts: true, browserName: chrome, goog:chromeOptions: {args: [--remote-allow-origins=*, --proxy-bypass-list=<-loopb..., --disable-dev-shm-usage, --window-size=1366,768], excludeSwitches: [enable-automation, load-extension], extensions: [], prefs: {credentials_enable_service: false, download.default_directory: C:\Users\k.shmana\Desktop\r..., plugins.always_open_pdf_externally: true, profile.default_content_setting_values.automatic_downloads: 1, safebrowsing.enabled: true}}, pageLoadStrategy: normal, unhandledPromptBehavior: accept}
19:16:00.604 [main] INFO com.codeborne.selenide.webdriver.SelenideNettyClientFactory - Changed readTimeout from PT3M to PT1M30S
19:16:01.067 [AsyncHttpClient-1-5] DEBUG org.asynchttpclient.netty.channel.NettyConnectListener - Using new Channel '[id: 0xa9bff4f4, L:/127.0.0.1:53033 - R:localhost/127.0.0.1:26604]' for 'POST' to '/session'
19:16:01.261 [AsyncHttpClient-1-1] DEBUG org.asynchttpclient.netty.channel.DefaultChannelPool - Entry count for : http://localhost:22421 : 1
19:16:01.261 [AsyncHttpClient-1-1] DEBUG org.asynchttpclient.netty.channel.DefaultChannelPool - Adding Candidate expired Channel [id: 0xeab6acba, L:/127.0.0.1:53002 ! R:localhost/127.0.0.1:22421] isIdleTimeoutExpired=false isRemotelyClosed=true isTtlExpired=false
19:16:01.261 [AsyncHttpClient-1-1] DEBUG org.asynchttpclient.netty.channel.DefaultChannelPool - Closing Idle Channel [id: 0xeab6acba, L:/127.0.0.1:53002 ! R:localhost/127.0.0.1:22421]
19:16:01.261 [AsyncHttpClient-1-1] DEBUG org.asynchttpclient.netty.channel.DefaultChannelPool - Closed 1 connections out of 1 in 0 ms
19:16:03.200 [AsyncHttpClient-1-5] DEBUG org.asynchttpclient.netty.handler.HttpHandler - 

Request DefaultHttpRequest(decodeResult: success, version: HTTP/1.1)
POST /session HTTP/1.1
User-Agent: selenium/4.9.1 (java windows)
Content-Length: 996
Content-Type: application/json; charset=utf-8
host: localhost:26604
accept: */*

Response DefaultHttpResponse(decodeResult: success, version: HTTP/1.1)
HTTP/1.1 200 OK
Content-Length: 854
Content-Type: application/json; charset=utf-8
cache-control: no-cache

19:16:03.200 [AsyncHttpClient-1-5] DEBUG org.asynchttpclient.netty.channel.ChannelManager - Adding key: http://localhost:26604 for channel [id: 0xa9bff4f4, L:/127.0.0.1:53033 - R:localhost/127.0.0.1:26604]
19:16:03.206 [main] INFO com.codeborne.selenide.webdriver.SelenideNettyClientFactory - Changed readTimeout from PT3M to PT1M30S
19:16:03.210 [AsyncHttpClient-1-6] DEBUG org.asynchttpclient.netty.channel.NettyConnectListener - Using new Channel '[id: 0x886a2031, L:/127.0.0.1:53041 - R:localhost/127.0.0.1:53034]' for 'GET' to '/json/version'
19:16:03.213 [AsyncHttpClient-1-6] DEBUG org.asynchttpclient.netty.handler.HttpHandler - 

Request DefaultFullHttpRequest(decodeResult: success, version: HTTP/1.1, content: EmptyByteBufBE)
GET /json/version HTTP/1.1
User-Agent: selenium/4.9.1 (java windows)
host: localhost:53034
accept: */*

Response DefaultHttpResponse(decodeResult: success, version: HTTP/1.1)
HTTP/1.1 200 OK
Content-Security-Policy: frame-ancestors 'none'
Content-Length: 424
Content-Type: application/json; charset=UTF-8

19:16:03.213 [AsyncHttpClient-1-6] DEBUG org.asynchttpclient.netty.channel.ChannelManager - Adding key: http://localhost:53034 for channel [id: 0x886a2031, L:/127.0.0.1:53041 - R:localhost/127.0.0.1:53034]
19:16:03.214 [main] INFO com.codeborne.selenide.webdriver.SelenideNettyClientFactory - Changed readTimeout from PT3M to PT1M30S
19:16:03.217 [AsyncHttpClient-1-7] DEBUG org.asynchttpclient.netty.channel.NettyConnectListener - Using new Channel '[id: 0xbf0add35, L:/127.0.0.1:53042 - R:localhost/127.0.0.1:53034]' for 'GET' to '/devtools/browser/91721b42-6ae4-4a54-b567-0ccdf95bccb7'
19:16:03.221 [AsyncHttpClient-1-7] DEBUG org.asynchttpclient.netty.handler.WebSocketHandler - 

Request DefaultFullHttpRequest(decodeResult: success, version: HTTP/1.1, content: EmptyByteBufBE)
GET /devtools/browser/91721b42-6ae4-4a54-b567-0ccdf95bccb7 HTTP/1.1
upgrade: websocket
connection: upgrade
sec-websocket-key: 059vnYlAABJeoLo08YASrg==
sec-websocket-version: 13
origin: http://localhost:53034
host: localhost:53034
accept: */*
user-agent: AHC/2.1

Response DefaultHttpResponse(decodeResult: success, version: HTTP/1.1)
HTTP/1.1 101 WebSocket Protocol Handshake
Upgrade: WebSocket
Connection: Upgrade
Sec-WebSocket-Accept: lyZd6CjCZ1lIXiY4nyEuyp/knqc=

19:16:03.232 [Forwarding setTimeout on session bb0e0b6424773eb8f3a28d6ff74a90a0 to remote] DEBUG org.asynchttpclient.netty.request.NettyRequestSender - Using pooled Channel '[id: 0xa9bff4f4, L:/127.0.0.1:53033 - R:localhost/127.0.0.1:26604]' for 'POST' to 'http://localhost:26604/session/bb0e0b6424773eb8f3a28d6ff74a90a0/timeouts'
19:16:03.232 [Forwarding setTimeout on session bb0e0b6424773eb8f3a28d6ff74a90a0 to remote] DEBUG org.asynchttpclient.netty.request.NettyRequestSender - Using open Channel [id: 0xa9bff4f4, L:/127.0.0.1:53033 - R:localhost/127.0.0.1:26604] for POST '/session/bb0e0b6424773eb8f3a28d6ff74a90a0/timeouts'
19:16:03.244 [AsyncHttpClient-1-5] DEBUG org.asynchttpclient.netty.handler.HttpHandler - 

Request DefaultHttpRequest(decodeResult: success, version: HTTP/1.1)
POST /session/bb0e0b6424773eb8f3a28d6ff74a90a0/timeouts HTTP/1.1
User-Agent: selenium/4.9.1 (java windows)
Content-Length: 23
Content-Type: application/json; charset=utf-8
host: localhost:26604
accept: */*

Response DefaultHttpResponse(decodeResult: success, version: HTTP/1.1)
HTTP/1.1 200 OK
Content-Length: 14
Content-Type: application/json; charset=utf-8
cache-control: no-cache

19:16:03.244 [AsyncHttpClient-1-5] DEBUG org.asynchttpclient.netty.channel.ChannelManager - Adding key: http://localhost:26604 for channel [id: 0xa9bff4f4, L:/127.0.0.1:53033 - R:localhost/127.0.0.1:26604]
19:16:03.245 [main] INFO com.codeborne.selenide.webdriver.WebDriverFactory - BrowserName=chrome Version=114.0.5735.248 Platform=windows
19:16:03.246 [main] INFO com.codeborne.selenide.webdriver.WebDriverFactory - Selenide v. 6.15.0
19:16:03.246 [main] INFO com.codeborne.selenide.webdriver.WebDriverFactory - Selenium WebDriver v. 4.9.1 build revision: eb2032df7f
19:16:03.246 [main] INFO com.codeborne.selenide.drivercommands.CreateDriverCommand - Created webdriver in thread 1: ChromeDriver -> ChromeDriver: chrome on windows (bb0e0b6424773eb8f3a28d6ff74a90a0)
19:16:03.246 [main] INFO com.codeborne.selenide.drivercommands.DisposablesRegistry - Register WebDriverInstance[config=StaticConfig,webDriver=ChromeDriver: chrome on windows (bb0e0b6424773eb8f3a28d6ff74a90a0),proxy=null,downloadsFolder=C:\Users\k.shmana\Desktop\r_d\Kanboard\build\downloads\1690388160594_17176_1] in 1 [size=1]
19:16:03.247 [Forwarding get on session bb0e0b6424773eb8f3a28d6ff74a90a0 to remote] DEBUG org.asynchttpclient.netty.request.NettyRequestSender - Using pooled Channel '[id: 0xa9bff4f4, L:/127.0.0.1:53033 - R:localhost/127.0.0.1:26604]' for 'POST' to 'http://localhost:26604/session/bb0e0b6424773eb8f3a28d6ff74a90a0/url'
19:16:03.247 [Forwarding get on session bb0e0b6424773eb8f3a28d6ff74a90a0 to remote] DEBUG org.asynchttpclient.netty.request.NettyRequestSender - Using open Channel [id: 0xa9bff4f4, L:/127.0.0.1:53033 - R:localhost/127.0.0.1:26604] for POST '/session/bb0e0b6424773eb8f3a28d6ff74a90a0/url'
19:16:03.459 [AsyncHttpClient-1-1] DEBUG org.asynchttpclient.netty.channel.DefaultChannelPool - Entry count for : http://localhost:53034 : 1
19:16:03.914 [AsyncHttpClient-1-5] DEBUG org.asynchttpclient.netty.handler.HttpHandler - 

Request DefaultHttpRequest(decodeResult: success, version: HTTP/1.1)
POST /session/bb0e0b6424773eb8f3a28d6ff74a90a0/url HTTP/1.1
User-Agent: selenium/4.9.1 (java windows)
Content-Length: 55
Content-Type: application/json; charset=utf-8
host: localhost:26604
accept: */*

Response DefaultHttpResponse(decodeResult: success, version: HTTP/1.1)
HTTP/1.1 200 OK
Content-Length: 14
Content-Type: application/json; charset=utf-8
cache-control: no-cache

19:16:03.915 [AsyncHttpClient-1-5] DEBUG org.asynchttpclient.netty.channel.ChannelManager - Adding key: http://localhost:26604 for channel [id: 0xa9bff4f4, L:/127.0.0.1:53033 - R:localhost/127.0.0.1:26604]
19:16:03.924 [Forwarding findElement on session bb0e0b6424773eb8f3a28d6ff74a90a0 to remote] DEBUG org.asynchttpclient.netty.request.NettyRequestSender - Using pooled Channel '[id: 0xa9bff4f4, L:/127.0.0.1:53033 - R:localhost/127.0.0.1:26604]' for 'POST' to 'http://localhost:26604/session/bb0e0b6424773eb8f3a28d6ff74a90a0/element'
19:16:03.924 [Forwarding findElement on session bb0e0b6424773eb8f3a28d6ff74a90a0 to remote] DEBUG org.asynchttpclient.netty.request.NettyRequestSender - Using open Channel [id: 0xa9bff4f4, L:/127.0.0.1:53033 - R:localhost/127.0.0.1:26604] for POST '/session/bb0e0b6424773eb8f3a28d6ff74a90a0/element'
19:16:03.980 [AsyncHttpClient-1-5] DEBUG org.asynchttpclient.netty.handler.HttpHandler - 

Request DefaultHttpRequest(decodeResult: success, version: HTTP/1.1)
POST /session/bb0e0b6424773eb8f3a28d6ff74a90a0/element HTTP/1.1
User-Agent: selenium/4.9.1 (java windows)
Content-Length: 75
Content-Type: application/json; charset=utf-8
host: localhost:26604
accept: */*

Response DefaultHttpResponse(decodeResult: success, version: HTTP/1.1)
HTTP/1.1 200 OK
Content-Length: 94
Content-Type: application/json; charset=utf-8
cache-control: no-cache

19:16:03.981 [AsyncHttpClient-1-5] DEBUG org.asynchttpclient.netty.channel.ChannelManager - Adding key: http://localhost:26604 for channel [id: 0xa9bff4f4, L:/127.0.0.1:53033 - R:localhost/127.0.0.1:26604]
19:16:03.983 [Forwarding sendKeysToElement on session bb0e0b6424773eb8f3a28d6ff74a90a0 to remote] DEBUG org.asynchttpclient.netty.request.NettyRequestSender - Using pooled Channel '[id: 0xa9bff4f4, L:/127.0.0.1:53033 - R:localhost/127.0.0.1:26604]' for 'POST' to 'http://localhost:26604/session/bb0e0b6424773eb8f3a28d6ff74a90a0/element/E0D90C2E4359A6E4035A09C194E1C8A6_element_2/value'
19:16:03.983 [Forwarding sendKeysToElement on session bb0e0b6424773eb8f3a28d6ff74a90a0 to remote] DEBUG org.asynchttpclient.netty.request.NettyRequestSender - Using open Channel [id: 0xa9bff4f4, L:/127.0.0.1:53033 - R:localhost/127.0.0.1:26604] for POST '/session/bb0e0b6424773eb8f3a28d6ff74a90a0/element/E0D90C2E4359A6E4035A09C194E1C8A6_element_2/value'
19:16:04.206 [AsyncHttpClient-1-5] DEBUG org.asynchttpclient.netty.handler.HttpHandler - 

Request DefaultHttpRequest(decodeResult: success, version: HTTP/1.1)
POST /session/bb0e0b6424773eb8f3a28d6ff74a90a0/element/E0D90C2E4359A6E4035A09C194E1C8A6_element_2/value HTTP/1.1
User-Agent: selenium/4.9.1 (java windows)
Content-Length: 267
Content-Type: application/json; charset=utf-8
host: localhost:26604
accept: */*

Response DefaultHttpResponse(decodeResult: success, version: HTTP/1.1)
HTTP/1.1 200 OK
Content-Length: 14
Content-Type: application/json; charset=utf-8
cache-control: no-cache

19:16:04.207 [AsyncHttpClient-1-5] DEBUG org.asynchttpclient.netty.channel.ChannelManager - Adding key: http://localhost:26604 for channel [id: 0xa9bff4f4, L:/127.0.0.1:53033 - R:localhost/127.0.0.1:26604]
19:16:04.209 [Forwarding findElement on session bb0e0b6424773eb8f3a28d6ff74a90a0 to remote] DEBUG org.asynchttpclient.netty.request.NettyRequestSender - Using pooled Channel '[id: 0xa9bff4f4, L:/127.0.0.1:53033 - R:localhost/127.0.0.1:26604]' for 'POST' to 'http://localhost:26604/session/bb0e0b6424773eb8f3a28d6ff74a90a0/element'
19:16:04.209 [Forwarding findElement on session bb0e0b6424773eb8f3a28d6ff74a90a0 to remote] DEBUG org.asynchttpclient.netty.request.NettyRequestSender - Using open Channel [id: 0xa9bff4f4, L:/127.0.0.1:53033 - R:localhost/127.0.0.1:26604] for POST '/session/bb0e0b6424773eb8f3a28d6ff74a90a0/element'
19:16:04.231 [AsyncHttpClient-1-5] DEBUG org.asynchttpclient.netty.handler.HttpHandler - 

Request DefaultHttpRequest(decodeResult: success, version: HTTP/1.1)
POST /session/bb0e0b6424773eb8f3a28d6ff74a90a0/element HTTP/1.1
User-Agent: selenium/4.9.1 (java windows)
Content-Length: 75
Content-Type: application/json; charset=utf-8
host: localhost:26604
accept: */*

Response DefaultHttpResponse(decodeResult: success, version: HTTP/1.1)
HTTP/1.1 200 OK
Content-Length: 94
Content-Type: application/json; charset=utf-8
cache-control: no-cache

19:16:04.231 [AsyncHttpClient-1-5] DEBUG org.asynchttpclient.netty.channel.ChannelManager - Adding key: http://localhost:26604 for channel [id: 0xa9bff4f4, L:/127.0.0.1:53033 - R:localhost/127.0.0.1:26604]
19:16:04.234 [Forwarding sendKeysToElement on session bb0e0b6424773eb8f3a28d6ff74a90a0 to remote] DEBUG org.asynchttpclient.netty.request.NettyRequestSender - Using pooled Channel '[id: 0xa9bff4f4, L:/127.0.0.1:53033 - R:localhost/127.0.0.1:26604]' for 'POST' to 'http://localhost:26604/session/bb0e0b6424773eb8f3a28d6ff74a90a0/element/E0D90C2E4359A6E4035A09C194E1C8A6_element_3/value'
19:16:04.234 [Forwarding sendKeysToElement on session bb0e0b6424773eb8f3a28d6ff74a90a0 to remote] DEBUG org.asynchttpclient.netty.request.NettyRequestSender - Using open Channel [id: 0xa9bff4f4, L:/127.0.0.1:53033 - R:localhost/127.0.0.1:26604] for POST '/session/bb0e0b6424773eb8f3a28d6ff74a90a0/element/E0D90C2E4359A6E4035A09C194E1C8A6_element_3/value'
19:16:04.472 [AsyncHttpClient-1-5] DEBUG org.asynchttpclient.netty.handler.HttpHandler - 

Request DefaultHttpRequest(decodeResult: success, version: HTTP/1.1)
POST /session/bb0e0b6424773eb8f3a28d6ff74a90a0/element/E0D90C2E4359A6E4035A09C194E1C8A6_element_3/value HTTP/1.1
User-Agent: selenium/4.9.1 (java windows)
Content-Length: 297
Content-Type: application/json; charset=utf-8
host: localhost:26604
accept: */*

Response DefaultHttpResponse(decodeResult: success, version: HTTP/1.1)
HTTP/1.1 200 OK
Content-Length: 14
Content-Type: application/json; charset=utf-8
cache-control: no-cache

19:16:04.472 [AsyncHttpClient-1-5] DEBUG org.asynchttpclient.netty.channel.ChannelManager - Adding key: http://localhost:26604 for channel [id: 0xa9bff4f4, L:/127.0.0.1:53033 - R:localhost/127.0.0.1:26604]
19:16:04.477 [Forwarding findElement on session bb0e0b6424773eb8f3a28d6ff74a90a0 to remote] DEBUG org.asynchttpclient.netty.request.NettyRequestSender - Using pooled Channel '[id: 0xa9bff4f4, L:/127.0.0.1:53033 - R:localhost/127.0.0.1:26604]' for 'POST' to 'http://localhost:26604/session/bb0e0b6424773eb8f3a28d6ff74a90a0/element'
19:16:04.477 [Forwarding findElement on session bb0e0b6424773eb8f3a28d6ff74a90a0 to remote] DEBUG org.asynchttpclient.netty.request.NettyRequestSender - Using open Channel [id: 0xa9bff4f4, L:/127.0.0.1:53033 - R:localhost/127.0.0.1:26604] for POST '/session/bb0e0b6424773eb8f3a28d6ff74a90a0/element'
19:16:04.499 [AsyncHttpClient-1-5] DEBUG org.asynchttpclient.netty.handler.HttpHandler - 

Request DefaultHttpRequest(decodeResult: success, version: HTTP/1.1)
POST /session/bb0e0b6424773eb8f3a28d6ff74a90a0/element HTTP/1.1
User-Agent: selenium/4.9.1 (java windows)
Content-Length: 73
Content-Type: application/json; charset=utf-8
host: localhost:26604
accept: */*

Response DefaultHttpResponse(decodeResult: success, version: HTTP/1.1)
HTTP/1.1 200 OK
Content-Length: 94
Content-Type: application/json; charset=utf-8
cache-control: no-cache

19:16:04.499 [AsyncHttpClient-1-5] DEBUG org.asynchttpclient.netty.channel.ChannelManager - Adding key: http://localhost:26604 for channel [id: 0xa9bff4f4, L:/127.0.0.1:53033 - R:localhost/127.0.0.1:26604]
19:16:04.504 [Forwarding isElementDisplayed on session bb0e0b6424773eb8f3a28d6ff74a90a0 to remote] DEBUG org.asynchttpclient.netty.request.NettyRequestSender - Using pooled Channel '[id: 0xa9bff4f4, L:/127.0.0.1:53033 - R:localhost/127.0.0.1:26604]' for 'POST' to 'http://localhost:26604/session/bb0e0b6424773eb8f3a28d6ff74a90a0/execute/sync'
19:16:04.504 [Forwarding isElementDisplayed on session bb0e0b6424773eb8f3a28d6ff74a90a0 to remote] DEBUG org.asynchttpclient.netty.request.NettyRequestSender - Using open Channel [id: 0xa9bff4f4, L:/127.0.0.1:53033 - R:localhost/127.0.0.1:26604] for POST '/session/bb0e0b6424773eb8f3a28d6ff74a90a0/execute/sync'
19:16:04.530 [AsyncHttpClient-1-5] DEBUG org.asynchttpclient.netty.handler.HttpHandler - 

Request DefaultHttpRequest(decodeResult: success, version: HTTP/1.1)
POST /session/bb0e0b6424773eb8f3a28d6ff74a90a0/execute/sync HTTP/1.1
User-Agent: selenium/4.9.1 (java windows)
Content-Length: 48813
Content-Type: application/json; charset=utf-8
host: localhost:26604
accept: */*

Response DefaultHttpResponse(decodeResult: success, version: HTTP/1.1)
HTTP/1.1 200 OK
Content-Length: 14
Content-Type: application/json; charset=utf-8
cache-control: no-cache

19:16:04.531 [AsyncHttpClient-1-5] DEBUG org.asynchttpclient.netty.channel.ChannelManager - Adding key: http://localhost:26604 for channel [id: 0xa9bff4f4, L:/127.0.0.1:53033 - R:localhost/127.0.0.1:26604]
19:16:04.532 [Forwarding isElementEnabled on session bb0e0b6424773eb8f3a28d6ff74a90a0 to remote] DEBUG org.asynchttpclient.netty.request.NettyRequestSender - Using pooled Channel '[id: 0xa9bff4f4, L:/127.0.0.1:53033 - R:localhost/127.0.0.1:26604]' for 'GET' to 'http://localhost:26604/session/bb0e0b6424773eb8f3a28d6ff74a90a0/element/E0D90C2E4359A6E4035A09C194E1C8A6_element_5/enabled'
19:16:04.532 [Forwarding isElementEnabled on session bb0e0b6424773eb8f3a28d6ff74a90a0 to remote] DEBUG org.asynchttpclient.netty.request.NettyRequestSender - Using open Channel [id: 0xa9bff4f4, L:/127.0.0.1:53033 - R:localhost/127.0.0.1:26604] for GET '/session/bb0e0b6424773eb8f3a28d6ff74a90a0/element/E0D90C2E4359A6E4035A09C194E1C8A6_element_5/enabled'
19:16:04.543 [AsyncHttpClient-1-5] DEBUG org.asynchttpclient.netty.handler.HttpHandler - 

Request DefaultFullHttpRequest(decodeResult: success, version: HTTP/1.1, content: EmptyByteBufBE)
GET /session/bb0e0b6424773eb8f3a28d6ff74a90a0/element/E0D90C2E4359A6E4035A09C194E1C8A6_element_5/enabled HTTP/1.1
User-Agent: selenium/4.9.1 (java windows)
Cache-Control: no-cache
Content-Type: application/json; charset=utf-8
host: localhost:26604
accept: */*

Response DefaultHttpResponse(decodeResult: success, version: HTTP/1.1)
HTTP/1.1 200 OK
Content-Length: 14
Content-Type: application/json; charset=utf-8
cache-control: no-cache

19:16:04.543 [AsyncHttpClient-1-5] DEBUG org.asynchttpclient.netty.channel.ChannelManager - Adding key: http://localhost:26604 for channel [id: 0xa9bff4f4, L:/127.0.0.1:53033 - R:localhost/127.0.0.1:26604]
19:16:04.546 [Forwarding clickElement on session bb0e0b6424773eb8f3a28d6ff74a90a0 to remote] DEBUG org.asynchttpclient.netty.request.NettyRequestSender - Using pooled Channel '[id: 0xa9bff4f4, L:/127.0.0.1:53033 - R:localhost/127.0.0.1:26604]' for 'POST' to 'http://localhost:26604/session/bb0e0b6424773eb8f3a28d6ff74a90a0/element/E0D90C2E4359A6E4035A09C194E1C8A6_element_5/click'
19:16:04.546 [Forwarding clickElement on session bb0e0b6424773eb8f3a28d6ff74a90a0 to remote] DEBUG org.asynchttpclient.netty.request.NettyRequestSender - Using open Channel [id: 0xa9bff4f4, L:/127.0.0.1:53033 - R:localhost/127.0.0.1:26604] for POST '/session/bb0e0b6424773eb8f3a28d6ff74a90a0/element/E0D90C2E4359A6E4035A09C194E1C8A6_element_5/click'
19:16:04.560 [AsyncHttpClient-1-1] DEBUG org.asynchttpclient.netty.channel.DefaultChannelPool - Entry count for : http://localhost:53034 : 1
19:16:04.977 [AsyncHttpClient-1-5] DEBUG org.asynchttpclient.netty.handler.HttpHandler - 

Request DefaultHttpRequest(decodeResult: success, version: HTTP/1.1)
POST /session/bb0e0b6424773eb8f3a28d6ff74a90a0/element/E0D90C2E4359A6E4035A09C194E1C8A6_element_5/click HTTP/1.1
User-Agent: selenium/4.9.1 (java windows)
Content-Length: 56
Content-Type: application/json; charset=utf-8
host: localhost:26604
accept: */*

Response DefaultHttpResponse(decodeResult: success, version: HTTP/1.1)
HTTP/1.1 200 OK
Content-Length: 14
Content-Type: application/json; charset=utf-8
cache-control: no-cache

19:16:04.978 [AsyncHttpClient-1-5] DEBUG org.asynchttpclient.netty.channel.ChannelManager - Adding key: http://localhost:26604 for channel [id: 0xa9bff4f4, L:/127.0.0.1:53033 - R:localhost/127.0.0.1:26604]
19:16:04.980 [Forwarding findElement on session bb0e0b6424773eb8f3a28d6ff74a90a0 to remote] DEBUG org.asynchttpclient.netty.request.NettyRequestSender - Using pooled Channel '[id: 0xa9bff4f4, L:/127.0.0.1:53033 - R:localhost/127.0.0.1:26604]' for 'POST' to 'http://localhost:26604/session/bb0e0b6424773eb8f3a28d6ff74a90a0/element'
19:16:04.980 [Forwarding findElement on session bb0e0b6424773eb8f3a28d6ff74a90a0 to remote] DEBUG org.asynchttpclient.netty.request.NettyRequestSender - Using open Channel [id: 0xa9bff4f4, L:/127.0.0.1:53033 - R:localhost/127.0.0.1:26604] for POST '/session/bb0e0b6424773eb8f3a28d6ff74a90a0/element'
19:16:04.997 [AsyncHttpClient-1-5] DEBUG org.asynchttpclient.netty.handler.HttpHandler - 

Request DefaultHttpRequest(decodeResult: success, version: HTTP/1.1)
POST /session/bb0e0b6424773eb8f3a28d6ff74a90a0/element HTTP/1.1
User-Agent: selenium/4.9.1 (java windows)
Content-Length: 72
Content-Type: application/json; charset=utf-8
host: localhost:26604
accept: */*

Response DefaultHttpResponse(decodeResult: success, version: HTTP/1.1)
HTTP/1.1 200 OK
Content-Length: 94
Content-Type: application/json; charset=utf-8
cache-control: no-cache

19:16:04.997 [AsyncHttpClient-1-5] DEBUG org.asynchttpclient.netty.channel.ChannelManager - Adding key: http://localhost:26604 for channel [id: 0xa9bff4f4, L:/127.0.0.1:53033 - R:localhost/127.0.0.1:26604]
19:16:05.002 [Forwarding isElementDisplayed on session bb0e0b6424773eb8f3a28d6ff74a90a0 to remote] DEBUG org.asynchttpclient.netty.request.NettyRequestSender - Using pooled Channel '[id: 0xa9bff4f4, L:/127.0.0.1:53033 - R:localhost/127.0.0.1:26604]' for 'POST' to 'http://localhost:26604/session/bb0e0b6424773eb8f3a28d6ff74a90a0/execute/sync'
19:16:05.002 [Forwarding isElementDisplayed on session bb0e0b6424773eb8f3a28d6ff74a90a0 to remote] DEBUG org.asynchttpclient.netty.request.NettyRequestSender - Using open Channel [id: 0xa9bff4f4, L:/127.0.0.1:53033 - R:localhost/127.0.0.1:26604] for POST '/session/bb0e0b6424773eb8f3a28d6ff74a90a0/execute/sync'
19:16:05.028 [AsyncHttpClient-1-5] DEBUG org.asynchttpclient.netty.handler.HttpHandler - 

Request DefaultHttpRequest(decodeResult: success, version: HTTP/1.1)
POST /session/bb0e0b6424773eb8f3a28d6ff74a90a0/execute/sync HTTP/1.1
User-Agent: selenium/4.9.1 (java windows)
Content-Length: 48813
Content-Type: application/json; charset=utf-8
host: localhost:26604
accept: */*

Response DefaultHttpResponse(decodeResult: success, version: HTTP/1.1)
HTTP/1.1 200 OK
Content-Length: 14
Content-Type: application/json; charset=utf-8
cache-control: no-cache

19:16:05.029 [AsyncHttpClient-1-5] DEBUG org.asynchttpclient.netty.channel.ChannelManager - Adding key: http://localhost:26604 for channel [id: 0xa9bff4f4, L:/127.0.0.1:53033 - R:localhost/127.0.0.1:26604]
19:16:05.030 [Forwarding isElementEnabled on session bb0e0b6424773eb8f3a28d6ff74a90a0 to remote] DEBUG org.asynchttpclient.netty.request.NettyRequestSender - Using pooled Channel '[id: 0xa9bff4f4, L:/127.0.0.1:53033 - R:localhost/127.0.0.1:26604]' for 'GET' to 'http://localhost:26604/session/bb0e0b6424773eb8f3a28d6ff74a90a0/element/862FC93662990B13DC11BACEE24FEEDC_element_7/enabled'
19:16:05.030 [Forwarding isElementEnabled on session bb0e0b6424773eb8f3a28d6ff74a90a0 to remote] DEBUG org.asynchttpclient.netty.request.NettyRequestSender - Using open Channel [id: 0xa9bff4f4, L:/127.0.0.1:53033 - R:localhost/127.0.0.1:26604] for GET '/session/bb0e0b6424773eb8f3a28d6ff74a90a0/element/862FC93662990B13DC11BACEE24FEEDC_element_7/enabled'
19:16:05.044 [AsyncHttpClient-1-5] DEBUG org.asynchttpclient.netty.handler.HttpHandler - 

Request DefaultFullHttpRequest(decodeResult: success, version: HTTP/1.1, content: EmptyByteBufBE)
GET /session/bb0e0b6424773eb8f3a28d6ff74a90a0/element/862FC93662990B13DC11BACEE24FEEDC_element_7/enabled HTTP/1.1
User-Agent: selenium/4.9.1 (java windows)
Cache-Control: no-cache
Content-Type: application/json; charset=utf-8
host: localhost:26604
accept: */*

Response DefaultHttpResponse(decodeResult: success, version: HTTP/1.1)
HTTP/1.1 200 OK
Content-Length: 14
Content-Type: application/json; charset=utf-8
cache-control: no-cache

19:16:05.045 [AsyncHttpClient-1-5] DEBUG org.asynchttpclient.netty.channel.ChannelManager - Adding key: http://localhost:26604 for channel [id: 0xa9bff4f4, L:/127.0.0.1:53033 - R:localhost/127.0.0.1:26604]
19:16:05.047 [Forwarding clickElement on session bb0e0b6424773eb8f3a28d6ff74a90a0 to remote] DEBUG org.asynchttpclient.netty.request.NettyRequestSender - Using pooled Channel '[id: 0xa9bff4f4, L:/127.0.0.1:53033 - R:localhost/127.0.0.1:26604]' for 'POST' to 'http://localhost:26604/session/bb0e0b6424773eb8f3a28d6ff74a90a0/element/862FC93662990B13DC11BACEE24FEEDC_element_7/click'
19:16:05.047 [Forwarding clickElement on session bb0e0b6424773eb8f3a28d6ff74a90a0 to remote] DEBUG org.asynchttpclient.netty.request.NettyRequestSender - Using open Channel [id: 0xa9bff4f4, L:/127.0.0.1:53033 - R:localhost/127.0.0.1:26604] for POST '/session/bb0e0b6424773eb8f3a28d6ff74a90a0/element/862FC93662990B13DC11BACEE24FEEDC_element_7/click'
19:16:05.305 [AsyncHttpClient-1-5] DEBUG org.asynchttpclient.netty.handler.HttpHandler - 

Request DefaultHttpRequest(decodeResult: success, version: HTTP/1.1)
POST /session/bb0e0b6424773eb8f3a28d6ff74a90a0/element/862FC93662990B13DC11BACEE24FEEDC_element_7/click HTTP/1.1
User-Agent: selenium/4.9.1 (java windows)
Content-Length: 56
Content-Type: application/json; charset=utf-8
host: localhost:26604
accept: */*

Response DefaultHttpResponse(decodeResult: success, version: HTTP/1.1)
HTTP/1.1 200 OK
Content-Length: 14
Content-Type: application/json; charset=utf-8
cache-control: no-cache

19:16:05.306 [AsyncHttpClient-1-5] DEBUG org.asynchttpclient.netty.channel.ChannelManager - Adding key: http://localhost:26604 for channel [id: 0xa9bff4f4, L:/127.0.0.1:53033 - R:localhost/127.0.0.1:26604]
19:16:05.308 [Forwarding findElement on session bb0e0b6424773eb8f3a28d6ff74a90a0 to remote] DEBUG org.asynchttpclient.netty.request.NettyRequestSender - Using pooled Channel '[id: 0xa9bff4f4, L:/127.0.0.1:53033 - R:localhost/127.0.0.1:26604]' for 'POST' to 'http://localhost:26604/session/bb0e0b6424773eb8f3a28d6ff74a90a0/element'
19:16:05.308 [Forwarding findElement on session bb0e0b6424773eb8f3a28d6ff74a90a0 to remote] DEBUG org.asynchttpclient.netty.request.NettyRequestSender - Using open Channel [id: 0xa9bff4f4, L:/127.0.0.1:53033 - R:localhost/127.0.0.1:26604] for POST '/session/bb0e0b6424773eb8f3a28d6ff74a90a0/element'
19:16:05.329 [AsyncHttpClient-1-5] DEBUG org.asynchttpclient.netty.handler.HttpHandler - 

Request DefaultHttpRequest(decodeResult: success, version: HTTP/1.1)
POST /session/bb0e0b6424773eb8f3a28d6ff74a90a0/element HTTP/1.1
User-Agent: selenium/4.9.1 (java windows)
Content-Length: 80
Content-Type: application/json; charset=utf-8
host: localhost:26604
accept: */*

Response DefaultHttpResponse(decodeResult: success, version: HTTP/1.1)
HTTP/1.1 200 OK
Content-Length: 95
Content-Type: application/json; charset=utf-8
cache-control: no-cache

19:16:05.329 [AsyncHttpClient-1-5] DEBUG org.asynchttpclient.netty.channel.ChannelManager - Adding key: http://localhost:26604 for channel [id: 0xa9bff4f4, L:/127.0.0.1:53033 - R:localhost/127.0.0.1:26604]
19:16:05.335 [Forwarding isElementDisplayed on session bb0e0b6424773eb8f3a28d6ff74a90a0 to remote] DEBUG org.asynchttpclient.netty.request.NettyRequestSender - Using pooled Channel '[id: 0xa9bff4f4, L:/127.0.0.1:53033 - R:localhost/127.0.0.1:26604]' for 'POST' to 'http://localhost:26604/session/bb0e0b6424773eb8f3a28d6ff74a90a0/execute/sync'
19:16:05.335 [Forwarding isElementDisplayed on session bb0e0b6424773eb8f3a28d6ff74a90a0 to remote] DEBUG org.asynchttpclient.netty.request.NettyRequestSender - Using open Channel [id: 0xa9bff4f4, L:/127.0.0.1:53033 - R:localhost/127.0.0.1:26604] for POST '/session/bb0e0b6424773eb8f3a28d6ff74a90a0/execute/sync'
19:16:05.350 [AsyncHttpClient-1-5] DEBUG org.asynchttpclient.netty.handler.HttpHandler - 

Request DefaultHttpRequest(decodeResult: success, version: HTTP/1.1)
POST /session/bb0e0b6424773eb8f3a28d6ff74a90a0/execute/sync HTTP/1.1
User-Agent: selenium/4.9.1 (java windows)
Content-Length: 48814
Content-Type: application/json; charset=utf-8
host: localhost:26604
accept: */*

Response DefaultHttpResponse(decodeResult: success, version: HTTP/1.1)
HTTP/1.1 200 OK
Content-Length: 14
Content-Type: application/json; charset=utf-8
cache-control: no-cache

19:16:05.351 [AsyncHttpClient-1-5] DEBUG org.asynchttpclient.netty.channel.ChannelManager - Adding key: http://localhost:26604 for channel [id: 0xa9bff4f4, L:/127.0.0.1:53033 - R:localhost/127.0.0.1:26604]
19:16:05.351 [Forwarding isElementEnabled on session bb0e0b6424773eb8f3a28d6ff74a90a0 to remote] DEBUG org.asynchttpclient.netty.request.NettyRequestSender - Using pooled Channel '[id: 0xa9bff4f4, L:/127.0.0.1:53033 - R:localhost/127.0.0.1:26604]' for 'GET' to 'http://localhost:26604/session/bb0e0b6424773eb8f3a28d6ff74a90a0/element/7DF4677E83BDBACD619F602A3B3C7282_element_20/enabled'
19:16:05.351 [Forwarding isElementEnabled on session bb0e0b6424773eb8f3a28d6ff74a90a0 to remote] DEBUG org.asynchttpclient.netty.request.NettyRequestSender - Using open Channel [id: 0xa9bff4f4, L:/127.0.0.1:53033 - R:localhost/127.0.0.1:26604] for GET '/session/bb0e0b6424773eb8f3a28d6ff74a90a0/element/7DF4677E83BDBACD619F602A3B3C7282_element_20/enabled'
19:16:05.362 [AsyncHttpClient-1-5] DEBUG org.asynchttpclient.netty.handler.HttpHandler - 

Request DefaultFullHttpRequest(decodeResult: success, version: HTTP/1.1, content: EmptyByteBufBE)
GET /session/bb0e0b6424773eb8f3a28d6ff74a90a0/element/7DF4677E83BDBACD619F602A3B3C7282_element_20/enabled HTTP/1.1
User-Agent: selenium/4.9.1 (java windows)
Cache-Control: no-cache
Content-Type: application/json; charset=utf-8
host: localhost:26604
accept: */*

Response DefaultHttpResponse(decodeResult: success, version: HTTP/1.1)
HTTP/1.1 200 OK
Content-Length: 14
Content-Type: application/json; charset=utf-8
cache-control: no-cache

19:16:05.362 [AsyncHttpClient-1-5] DEBUG org.asynchttpclient.netty.channel.ChannelManager - Adding key: http://localhost:26604 for channel [id: 0xa9bff4f4, L:/127.0.0.1:53033 - R:localhost/127.0.0.1:26604]
19:16:05.364 [Forwarding clickElement on session bb0e0b6424773eb8f3a28d6ff74a90a0 to remote] DEBUG org.asynchttpclient.netty.request.NettyRequestSender - Using pooled Channel '[id: 0xa9bff4f4, L:/127.0.0.1:53033 - R:localhost/127.0.0.1:26604]' for 'POST' to 'http://localhost:26604/session/bb0e0b6424773eb8f3a28d6ff74a90a0/element/7DF4677E83BDBACD619F602A3B3C7282_element_20/click'
19:16:05.364 [Forwarding clickElement on session bb0e0b6424773eb8f3a28d6ff74a90a0 to remote] DEBUG org.asynchttpclient.netty.request.NettyRequestSender - Using open Channel [id: 0xa9bff4f4, L:/127.0.0.1:53033 - R:localhost/127.0.0.1:26604] for POST '/session/bb0e0b6424773eb8f3a28d6ff74a90a0/element/7DF4677E83BDBACD619F602A3B3C7282_element_20/click'
19:16:05.414 [AsyncHttpClient-1-5] DEBUG org.asynchttpclient.netty.handler.HttpHandler - 

Request DefaultHttpRequest(decodeResult: success, version: HTTP/1.1)
POST /session/bb0e0b6424773eb8f3a28d6ff74a90a0/element/7DF4677E83BDBACD619F602A3B3C7282_element_20/click HTTP/1.1
User-Agent: selenium/4.9.1 (java windows)
Content-Length: 57
Content-Type: application/json; charset=utf-8
host: localhost:26604
accept: */*

Response DefaultHttpResponse(decodeResult: success, version: HTTP/1.1)
HTTP/1.1 200 OK
Content-Length: 14
Content-Type: application/json; charset=utf-8
cache-control: no-cache

19:16:05.414 [AsyncHttpClient-1-5] DEBUG org.asynchttpclient.netty.channel.ChannelManager - Adding key: http://localhost:26604 for channel [id: 0xa9bff4f4, L:/127.0.0.1:53033 - R:localhost/127.0.0.1:26604]
19:16:05.416 [Forwarding findElement on session bb0e0b6424773eb8f3a28d6ff74a90a0 to remote] DEBUG org.asynchttpclient.netty.request.NettyRequestSender - Using pooled Channel '[id: 0xa9bff4f4, L:/127.0.0.1:53033 - R:localhost/127.0.0.1:26604]' for 'POST' to 'http://localhost:26604/session/bb0e0b6424773eb8f3a28d6ff74a90a0/element'
19:16:05.416 [Forwarding findElement on session bb0e0b6424773eb8f3a28d6ff74a90a0 to remote] DEBUG org.asynchttpclient.netty.request.NettyRequestSender - Using open Channel [id: 0xa9bff4f4, L:/127.0.0.1:53033 - R:localhost/127.0.0.1:26604] for POST '/session/bb0e0b6424773eb8f3a28d6ff74a90a0/element'
19:16:05.441 [AsyncHttpClient-1-5] DEBUG org.asynchttpclient.netty.handler.HttpHandler - 

Request DefaultHttpRequest(decodeResult: success, version: HTTP/1.1)
POST /session/bb0e0b6424773eb8f3a28d6ff74a90a0/element HTTP/1.1
User-Agent: selenium/4.9.1 (java windows)
Content-Length: 69
Content-Type: application/json; charset=utf-8
host: localhost:26604
accept: */*

Response DefaultHttpResponse(decodeResult: success, version: HTTP/1.1)
HTTP/1.1 404 Not Found
Content-Length: 970
Content-Type: application/json; charset=utf-8
cache-control: no-cache

19:16:05.442 [AsyncHttpClient-1-5] DEBUG org.asynchttpclient.netty.channel.ChannelManager - Adding key: http://localhost:26604 for channel [id: 0xa9bff4f4, L:/127.0.0.1:53033 - R:localhost/127.0.0.1:26604]
19:16:05.659 [AsyncHttpClient-1-1] DEBUG org.asynchttpclient.netty.channel.DefaultChannelPool - Entry count for : http://localhost:26604 : 1
19:16:05.659 [AsyncHttpClient-1-1] DEBUG org.asynchttpclient.netty.channel.DefaultChannelPool - Entry count for : http://localhost:53034 : 1
19:16:05.660 [Forwarding findElement on session bb0e0b6424773eb8f3a28d6ff74a90a0 to remote] DEBUG org.asynchttpclient.netty.request.NettyRequestSender - Using pooled Channel '[id: 0xa9bff4f4, L:/127.0.0.1:53033 - R:localhost/127.0.0.1:26604]' for 'POST' to 'http://localhost:26604/session/bb0e0b6424773eb8f3a28d6ff74a90a0/element'
19:16:05.660 [Forwarding findElement on session bb0e0b6424773eb8f3a28d6ff74a90a0 to remote] DEBUG org.asynchttpclient.netty.request.NettyRequestSender - Using open Channel [id: 0xa9bff4f4, L:/127.0.0.1:53033 - R:localhost/127.0.0.1:26604] for POST '/session/bb0e0b6424773eb8f3a28d6ff74a90a0/element'
19:16:05.670 [AsyncHttpClient-1-5] DEBUG org.asynchttpclient.netty.handler.HttpHandler - 

Request DefaultHttpRequest(decodeResult: success, version: HTTP/1.1)
POST /session/bb0e0b6424773eb8f3a28d6ff74a90a0/element HTTP/1.1
User-Agent: selenium/4.9.1 (java windows)
Content-Length: 69
Content-Type: application/json; charset=utf-8
host: localhost:26604
accept: */*

Response DefaultHttpResponse(decodeResult: success, version: HTTP/1.1)
HTTP/1.1 200 OK
Content-Length: 95
Content-Type: application/json; charset=utf-8
cache-control: no-cache

19:16:05.671 [AsyncHttpClient-1-5] DEBUG org.asynchttpclient.netty.channel.ChannelManager - Adding key: http://localhost:26604 for channel [id: 0xa9bff4f4, L:/127.0.0.1:53033 - R:localhost/127.0.0.1:26604]
19:16:05.672 [Forwarding sendKeysToElement on session bb0e0b6424773eb8f3a28d6ff74a90a0 to remote] DEBUG org.asynchttpclient.netty.request.NettyRequestSender - Using pooled Channel '[id: 0xa9bff4f4, L:/127.0.0.1:53033 - R:localhost/127.0.0.1:26604]' for 'POST' to 'http://localhost:26604/session/bb0e0b6424773eb8f3a28d6ff74a90a0/element/7DF4677E83BDBACD619F602A3B3C7282_element_22/value'
19:16:05.672 [Forwarding sendKeysToElement on session bb0e0b6424773eb8f3a28d6ff74a90a0 to remote] DEBUG org.asynchttpclient.netty.request.NettyRequestSender - Using open Channel [id: 0xa9bff4f4, L:/127.0.0.1:53033 - R:localhost/127.0.0.1:26604] for POST '/session/bb0e0b6424773eb8f3a28d6ff74a90a0/element/7DF4677E83BDBACD619F602A3B3C7282_element_22/value'
19:16:05.723 [AsyncHttpClient-1-5] DEBUG org.asynchttpclient.netty.handler.HttpHandler - 

Request DefaultHttpRequest(decodeResult: success, version: HTTP/1.1)
POST /session/bb0e0b6424773eb8f3a28d6ff74a90a0/element/7DF4677E83BDBACD619F602A3B3C7282_element_22/value HTTP/1.1
User-Agent: selenium/4.9.1 (java windows)
Content-Length: 168
Content-Type: application/json; charset=utf-8
host: localhost:26604
accept: */*

Response DefaultHttpResponse(decodeResult: success, version: HTTP/1.1)
HTTP/1.1 200 OK
Content-Length: 14
Content-Type: application/json; charset=utf-8
cache-control: no-cache

19:16:05.724 [AsyncHttpClient-1-5] DEBUG org.asynchttpclient.netty.channel.ChannelManager - Adding key: http://localhost:26604 for channel [id: 0xa9bff4f4, L:/127.0.0.1:53033 - R:localhost/127.0.0.1:26604]
19:16:05.727 [Forwarding findElement on session bb0e0b6424773eb8f3a28d6ff74a90a0 to remote] DEBUG org.asynchttpclient.netty.request.NettyRequestSender - Using pooled Channel '[id: 0xa9bff4f4, L:/127.0.0.1:53033 - R:localhost/127.0.0.1:26604]' for 'POST' to 'http://localhost:26604/session/bb0e0b6424773eb8f3a28d6ff74a90a0/element'
19:16:05.727 [Forwarding findElement on session bb0e0b6424773eb8f3a28d6ff74a90a0 to remote] DEBUG org.asynchttpclient.netty.request.NettyRequestSender - Using open Channel [id: 0xa9bff4f4, L:/127.0.0.1:53033 - R:localhost/127.0.0.1:26604] for POST '/session/bb0e0b6424773eb8f3a28d6ff74a90a0/element'
19:16:05.741 [AsyncHttpClient-1-5] DEBUG org.asynchttpclient.netty.handler.HttpHandler - 

Request DefaultHttpRequest(decodeResult: success, version: HTTP/1.1)
POST /session/bb0e0b6424773eb8f3a28d6ff74a90a0/element HTTP/1.1
User-Agent: selenium/4.9.1 (java windows)
Content-Length: 78
Content-Type: application/json; charset=utf-8
host: localhost:26604
accept: */*

Response DefaultHttpResponse(decodeResult: success, version: HTTP/1.1)
HTTP/1.1 200 OK
Content-Length: 95
Content-Type: application/json; charset=utf-8
cache-control: no-cache

19:16:05.741 [AsyncHttpClient-1-5] DEBUG org.asynchttpclient.netty.channel.ChannelManager - Adding key: http://localhost:26604 for channel [id: 0xa9bff4f4, L:/127.0.0.1:53033 - R:localhost/127.0.0.1:26604]
19:16:05.743 [Forwarding sendKeysToElement on session bb0e0b6424773eb8f3a28d6ff74a90a0 to remote] DEBUG org.asynchttpclient.netty.request.NettyRequestSender - Using pooled Channel '[id: 0xa9bff4f4, L:/127.0.0.1:53033 - R:localhost/127.0.0.1:26604]' for 'POST' to 'http://localhost:26604/session/bb0e0b6424773eb8f3a28d6ff74a90a0/element/7DF4677E83BDBACD619F602A3B3C7282_element_23/value'
19:16:05.743 [Forwarding sendKeysToElement on session bb0e0b6424773eb8f3a28d6ff74a90a0 to remote] DEBUG org.asynchttpclient.netty.request.NettyRequestSender - Using open Channel [id: 0xa9bff4f4, L:/127.0.0.1:53033 - R:localhost/127.0.0.1:26604] for POST '/session/bb0e0b6424773eb8f3a28d6ff74a90a0/element/7DF4677E83BDBACD619F602A3B3C7282_element_23/value'
19:16:05.826 [AsyncHttpClient-1-5] DEBUG org.asynchttpclient.netty.handler.HttpHandler - 

Request DefaultHttpRequest(decodeResult: success, version: HTTP/1.1)
POST /session/bb0e0b6424773eb8f3a28d6ff74a90a0/element/7DF4677E83BDBACD619F602A3B3C7282_element_23/value HTTP/1.1
User-Agent: selenium/4.9.1 (java windows)
Content-Length: 238
Content-Type: application/json; charset=utf-8
host: localhost:26604
accept: */*

Response DefaultHttpResponse(decodeResult: success, version: HTTP/1.1)
HTTP/1.1 200 OK
Content-Length: 14
Content-Type: application/json; charset=utf-8
cache-control: no-cache

19:16:05.826 [AsyncHttpClient-1-5] DEBUG org.asynchttpclient.netty.channel.ChannelManager - Adding key: http://localhost:26604 for channel [id: 0xa9bff4f4, L:/127.0.0.1:53033 - R:localhost/127.0.0.1:26604]
19:16:05.828 [Forwarding findElement on session bb0e0b6424773eb8f3a28d6ff74a90a0 to remote] DEBUG org.asynchttpclient.netty.request.NettyRequestSender - Using pooled Channel '[id: 0xa9bff4f4, L:/127.0.0.1:53033 - R:localhost/127.0.0.1:26604]' for 'POST' to 'http://localhost:26604/session/bb0e0b6424773eb8f3a28d6ff74a90a0/element'
19:16:05.828 [Forwarding findElement on session bb0e0b6424773eb8f3a28d6ff74a90a0 to remote] DEBUG org.asynchttpclient.netty.request.NettyRequestSender - Using open Channel [id: 0xa9bff4f4, L:/127.0.0.1:53033 - R:localhost/127.0.0.1:26604] for POST '/session/bb0e0b6424773eb8f3a28d6ff74a90a0/element'
19:16:05.842 [AsyncHttpClient-1-5] DEBUG org.asynchttpclient.netty.handler.HttpHandler - 

Request DefaultHttpRequest(decodeResult: success, version: HTTP/1.1)
POST /session/bb0e0b6424773eb8f3a28d6ff74a90a0/element HTTP/1.1
User-Agent: selenium/4.9.1 (java windows)
Content-Length: 70
Content-Type: application/json; charset=utf-8
host: localhost:26604
accept: */*

Response DefaultHttpResponse(decodeResult: success, version: HTTP/1.1)
HTTP/1.1 200 OK
Content-Length: 95
Content-Type: application/json; charset=utf-8
cache-control: no-cache

19:16:05.842 [AsyncHttpClient-1-5] DEBUG org.asynchttpclient.netty.channel.ChannelManager - Adding key: http://localhost:26604 for channel [id: 0xa9bff4f4, L:/127.0.0.1:53033 - R:localhost/127.0.0.1:26604]
19:16:05.846 [Forwarding isElementDisplayed on session bb0e0b6424773eb8f3a28d6ff74a90a0 to remote] DEBUG org.asynchttpclient.netty.request.NettyRequestSender - Using pooled Channel '[id: 0xa9bff4f4, L:/127.0.0.1:53033 - R:localhost/127.0.0.1:26604]' for 'POST' to 'http://localhost:26604/session/bb0e0b6424773eb8f3a28d6ff74a90a0/execute/sync'
19:16:05.846 [Forwarding isElementDisplayed on session bb0e0b6424773eb8f3a28d6ff74a90a0 to remote] DEBUG org.asynchttpclient.netty.request.NettyRequestSender - Using open Channel [id: 0xa9bff4f4, L:/127.0.0.1:53033 - R:localhost/127.0.0.1:26604] for POST '/session/bb0e0b6424773eb8f3a28d6ff74a90a0/execute/sync'
19:16:05.859 [AsyncHttpClient-1-5] DEBUG org.asynchttpclient.netty.handler.HttpHandler - 

Request DefaultHttpRequest(decodeResult: success, version: HTTP/1.1)
POST /session/bb0e0b6424773eb8f3a28d6ff74a90a0/execute/sync HTTP/1.1
User-Agent: selenium/4.9.1 (java windows)
Content-Length: 48814
Content-Type: application/json; charset=utf-8
host: localhost:26604
accept: */*

Response DefaultHttpResponse(decodeResult: success, version: HTTP/1.1)
HTTP/1.1 200 OK
Content-Length: 14
Content-Type: application/json; charset=utf-8
cache-control: no-cache

19:16:05.859 [AsyncHttpClient-1-5] DEBUG org.asynchttpclient.netty.channel.ChannelManager - Adding key: http://localhost:26604 for channel [id: 0xa9bff4f4, L:/127.0.0.1:53033 - R:localhost/127.0.0.1:26604]
19:16:05.860 [Forwarding isElementEnabled on session bb0e0b6424773eb8f3a28d6ff74a90a0 to remote] DEBUG org.asynchttpclient.netty.request.NettyRequestSender - Using pooled Channel '[id: 0xa9bff4f4, L:/127.0.0.1:53033 - R:localhost/127.0.0.1:26604]' for 'GET' to 'http://localhost:26604/session/bb0e0b6424773eb8f3a28d6ff74a90a0/element/7DF4677E83BDBACD619F602A3B3C7282_element_24/enabled'
19:16:05.861 [Forwarding isElementEnabled on session bb0e0b6424773eb8f3a28d6ff74a90a0 to remote] DEBUG org.asynchttpclient.netty.request.NettyRequestSender - Using open Channel [id: 0xa9bff4f4, L:/127.0.0.1:53033 - R:localhost/127.0.0.1:26604] for GET '/session/bb0e0b6424773eb8f3a28d6ff74a90a0/element/7DF4677E83BDBACD619F602A3B3C7282_element_24/enabled'
19:16:05.871 [AsyncHttpClient-1-5] DEBUG org.asynchttpclient.netty.handler.HttpHandler - 

Request DefaultFullHttpRequest(decodeResult: success, version: HTTP/1.1, content: EmptyByteBufBE)
GET /session/bb0e0b6424773eb8f3a28d6ff74a90a0/element/7DF4677E83BDBACD619F602A3B3C7282_element_24/enabled HTTP/1.1
User-Agent: selenium/4.9.1 (java windows)
Cache-Control: no-cache
Content-Type: application/json; charset=utf-8
host: localhost:26604
accept: */*

Response DefaultHttpResponse(decodeResult: success, version: HTTP/1.1)
HTTP/1.1 200 OK
Content-Length: 14
Content-Type: application/json; charset=utf-8
cache-control: no-cache

19:16:05.871 [AsyncHttpClient-1-5] DEBUG org.asynchttpclient.netty.channel.ChannelManager - Adding key: http://localhost:26604 for channel [id: 0xa9bff4f4, L:/127.0.0.1:53033 - R:localhost/127.0.0.1:26604]
19:16:05.872 [Forwarding clickElement on session bb0e0b6424773eb8f3a28d6ff74a90a0 to remote] DEBUG org.asynchttpclient.netty.request.NettyRequestSender - Using pooled Channel '[id: 0xa9bff4f4, L:/127.0.0.1:53033 - R:localhost/127.0.0.1:26604]' for 'POST' to 'http://localhost:26604/session/bb0e0b6424773eb8f3a28d6ff74a90a0/element/7DF4677E83BDBACD619F602A3B3C7282_element_24/click'
19:16:05.872 [Forwarding clickElement on session bb0e0b6424773eb8f3a28d6ff74a90a0 to remote] DEBUG org.asynchttpclient.netty.request.NettyRequestSender - Using open Channel [id: 0xa9bff4f4, L:/127.0.0.1:53033 - R:localhost/127.0.0.1:26604] for POST '/session/bb0e0b6424773eb8f3a28d6ff74a90a0/element/7DF4677E83BDBACD619F602A3B3C7282_element_24/click'
19:16:05.926 [AsyncHttpClient-1-5] DEBUG org.asynchttpclient.netty.handler.HttpHandler - 

Request DefaultHttpRequest(decodeResult: success, version: HTTP/1.1)
POST /session/bb0e0b6424773eb8f3a28d6ff74a90a0/element/7DF4677E83BDBACD619F602A3B3C7282_element_24/click HTTP/1.1
User-Agent: selenium/4.9.1 (java windows)
Content-Length: 57
Content-Type: application/json; charset=utf-8
host: localhost:26604
accept: */*

Response DefaultHttpResponse(decodeResult: success, version: HTTP/1.1)
HTTP/1.1 200 OK
Content-Length: 14
Content-Type: application/json; charset=utf-8
cache-control: no-cache

19:16:05.927 [AsyncHttpClient-1-5] DEBUG org.asynchttpclient.netty.channel.ChannelManager - Adding key: http://localhost:26604 for channel [id: 0xa9bff4f4, L:/127.0.0.1:53033 - R:localhost/127.0.0.1:26604]
19:16:05.928 [Forwarding findElement on session bb0e0b6424773eb8f3a28d6ff74a90a0 to remote] DEBUG org.asynchttpclient.netty.request.NettyRequestSender - Using pooled Channel '[id: 0xa9bff4f4, L:/127.0.0.1:53033 - R:localhost/127.0.0.1:26604]' for 'POST' to 'http://localhost:26604/session/bb0e0b6424773eb8f3a28d6ff74a90a0/element'
19:16:05.928 [Forwarding findElement on session bb0e0b6424773eb8f3a28d6ff74a90a0 to remote] DEBUG org.asynchttpclient.netty.request.NettyRequestSender - Using open Channel [id: 0xa9bff4f4, L:/127.0.0.1:53033 - R:localhost/127.0.0.1:26604] for POST '/session/bb0e0b6424773eb8f3a28d6ff74a90a0/element'
19:16:05.949 [AsyncHttpClient-1-5] DEBUG org.asynchttpclient.netty.handler.HttpHandler - 

Request DefaultHttpRequest(decodeResult: success, version: HTTP/1.1)
POST /session/bb0e0b6424773eb8f3a28d6ff74a90a0/element HTTP/1.1
User-Agent: selenium/4.9.1 (java windows)
Content-Length: 69
Content-Type: application/json; charset=utf-8
host: localhost:26604
accept: */*

Response DefaultHttpResponse(decodeResult: success, version: HTTP/1.1)
HTTP/1.1 404 Not Found
Content-Length: 970
Content-Type: application/json; charset=utf-8
cache-control: no-cache

19:16:05.950 [AsyncHttpClient-1-5] DEBUG org.asynchttpclient.netty.channel.ChannelManager - Adding key: http://localhost:26604 for channel [id: 0xa9bff4f4, L:/127.0.0.1:53033 - R:localhost/127.0.0.1:26604]
19:16:06.161 [Forwarding findElement on session bb0e0b6424773eb8f3a28d6ff74a90a0 to remote] DEBUG org.asynchttpclient.netty.request.NettyRequestSender - Using pooled Channel '[id: 0xa9bff4f4, L:/127.0.0.1:53033 - R:localhost/127.0.0.1:26604]' for 'POST' to 'http://localhost:26604/session/bb0e0b6424773eb8f3a28d6ff74a90a0/element'
19:16:06.161 [Forwarding findElement on session bb0e0b6424773eb8f3a28d6ff74a90a0 to remote] DEBUG org.asynchttpclient.netty.request.NettyRequestSender - Using open Channel [id: 0xa9bff4f4, L:/127.0.0.1:53033 - R:localhost/127.0.0.1:26604] for POST '/session/bb0e0b6424773eb8f3a28d6ff74a90a0/element'
19:16:06.196 [AsyncHttpClient-1-5] DEBUG org.asynchttpclient.netty.handler.HttpHandler - 

Request DefaultHttpRequest(decodeResult: success, version: HTTP/1.1)
POST /session/bb0e0b6424773eb8f3a28d6ff74a90a0/element HTTP/1.1
User-Agent: selenium/4.9.1 (java windows)
Content-Length: 69
Content-Type: application/json; charset=utf-8
host: localhost:26604
accept: */*

Response DefaultHttpResponse(decodeResult: success, version: HTTP/1.1)
HTTP/1.1 200 OK
Content-Length: 95
Content-Type: application/json; charset=utf-8
cache-control: no-cache

19:16:06.196 [AsyncHttpClient-1-5] DEBUG org.asynchttpclient.netty.channel.ChannelManager - Adding key: http://localhost:26604 for channel [id: 0xa9bff4f4, L:/127.0.0.1:53033 - R:localhost/127.0.0.1:26604]
19:16:06.200 [Forwarding isElementDisplayed on session bb0e0b6424773eb8f3a28d6ff74a90a0 to remote] DEBUG org.asynchttpclient.netty.request.NettyRequestSender - Using pooled Channel '[id: 0xa9bff4f4, L:/127.0.0.1:53033 - R:localhost/127.0.0.1:26604]' for 'POST' to 'http://localhost:26604/session/bb0e0b6424773eb8f3a28d6ff74a90a0/execute/sync'
19:16:06.200 [Forwarding isElementDisplayed on session bb0e0b6424773eb8f3a28d6ff74a90a0 to remote] DEBUG org.asynchttpclient.netty.request.NettyRequestSender - Using open Channel [id: 0xa9bff4f4, L:/127.0.0.1:53033 - R:localhost/127.0.0.1:26604] for POST '/session/bb0e0b6424773eb8f3a28d6ff74a90a0/execute/sync'
19:16:06.215 [AsyncHttpClient-1-5] DEBUG org.asynchttpclient.netty.handler.HttpHandler - 

Request DefaultHttpRequest(decodeResult: success, version: HTTP/1.1)
POST /session/bb0e0b6424773eb8f3a28d6ff74a90a0/execute/sync HTTP/1.1
User-Agent: selenium/4.9.1 (java windows)
Content-Length: 48814
Content-Type: application/json; charset=utf-8
host: localhost:26604
accept: */*

Response DefaultHttpResponse(decodeResult: success, version: HTTP/1.1)
HTTP/1.1 200 OK
Content-Length: 14
Content-Type: application/json; charset=utf-8
cache-control: no-cache

19:16:06.215 [AsyncHttpClient-1-5] DEBUG org.asynchttpclient.netty.channel.ChannelManager - Adding key: http://localhost:26604 for channel [id: 0xa9bff4f4, L:/127.0.0.1:53033 - R:localhost/127.0.0.1:26604]
19:16:06.216 [Forwarding isElementEnabled on session bb0e0b6424773eb8f3a28d6ff74a90a0 to remote] DEBUG org.asynchttpclient.netty.request.NettyRequestSender - Using pooled Channel '[id: 0xa9bff4f4, L:/127.0.0.1:53033 - R:localhost/127.0.0.1:26604]' for 'GET' to 'http://localhost:26604/session/bb0e0b6424773eb8f3a28d6ff74a90a0/element/996A4DFA286CA68B555AE06DEAC3CFCF_element_27/enabled'
19:16:06.216 [Forwarding isElementEnabled on session bb0e0b6424773eb8f3a28d6ff74a90a0 to remote] DEBUG org.asynchttpclient.netty.request.NettyRequestSender - Using open Channel [id: 0xa9bff4f4, L:/127.0.0.1:53033 - R:localhost/127.0.0.1:26604] for GET '/session/bb0e0b6424773eb8f3a28d6ff74a90a0/element/996A4DFA286CA68B555AE06DEAC3CFCF_element_27/enabled'
19:16:06.224 [AsyncHttpClient-1-5] DEBUG org.asynchttpclient.netty.handler.HttpHandler - 

Request DefaultFullHttpRequest(decodeResult: success, version: HTTP/1.1, content: EmptyByteBufBE)
GET /session/bb0e0b6424773eb8f3a28d6ff74a90a0/element/996A4DFA286CA68B555AE06DEAC3CFCF_element_27/enabled HTTP/1.1
User-Agent: selenium/4.9.1 (java windows)
Cache-Control: no-cache
Content-Type: application/json; charset=utf-8
host: localhost:26604
accept: */*

Response DefaultHttpResponse(decodeResult: success, version: HTTP/1.1)
HTTP/1.1 200 OK
Content-Length: 14
Content-Type: application/json; charset=utf-8
cache-control: no-cache

19:16:06.224 [AsyncHttpClient-1-5] DEBUG org.asynchttpclient.netty.channel.ChannelManager - Adding key: http://localhost:26604 for channel [id: 0xa9bff4f4, L:/127.0.0.1:53033 - R:localhost/127.0.0.1:26604]
19:16:06.227 [Forwarding clickElement on session bb0e0b6424773eb8f3a28d6ff74a90a0 to remote] DEBUG org.asynchttpclient.netty.request.NettyRequestSender - Using pooled Channel '[id: 0xa9bff4f4, L:/127.0.0.1:53033 - R:localhost/127.0.0.1:26604]' for 'POST' to 'http://localhost:26604/session/bb0e0b6424773eb8f3a28d6ff74a90a0/element/996A4DFA286CA68B555AE06DEAC3CFCF_element_27/click'
19:16:06.227 [Forwarding clickElement on session bb0e0b6424773eb8f3a28d6ff74a90a0 to remote] DEBUG org.asynchttpclient.netty.request.NettyRequestSender - Using open Channel [id: 0xa9bff4f4, L:/127.0.0.1:53033 - R:localhost/127.0.0.1:26604] for POST '/session/bb0e0b6424773eb8f3a28d6ff74a90a0/element/996A4DFA286CA68B555AE06DEAC3CFCF_element_27/click'
19:16:06.354 [AsyncHttpClient-1-5] DEBUG org.asynchttpclient.netty.handler.HttpHandler - 

Request DefaultHttpRequest(decodeResult: success, version: HTTP/1.1)
POST /session/bb0e0b6424773eb8f3a28d6ff74a90a0/element/996A4DFA286CA68B555AE06DEAC3CFCF_element_27/click HTTP/1.1
User-Agent: selenium/4.9.1 (java windows)
Content-Length: 57
Content-Type: application/json; charset=utf-8
host: localhost:26604
accept: */*

Response DefaultHttpResponse(decodeResult: success, version: HTTP/1.1)
HTTP/1.1 200 OK
Content-Length: 14
Content-Type: application/json; charset=utf-8
cache-control: no-cache

19:16:06.354 [AsyncHttpClient-1-5] DEBUG org.asynchttpclient.netty.channel.ChannelManager - Adding key: http://localhost:26604 for channel [id: 0xa9bff4f4, L:/127.0.0.1:53033 - R:localhost/127.0.0.1:26604]
19:16:06.356 [Forwarding findElement on session bb0e0b6424773eb8f3a28d6ff74a90a0 to remote] DEBUG org.asynchttpclient.netty.request.NettyRequestSender - Using pooled Channel '[id: 0xa9bff4f4, L:/127.0.0.1:53033 - R:localhost/127.0.0.1:26604]' for 'POST' to 'http://localhost:26604/session/bb0e0b6424773eb8f3a28d6ff74a90a0/element'
19:16:06.356 [Forwarding findElement on session bb0e0b6424773eb8f3a28d6ff74a90a0 to remote] DEBUG org.asynchttpclient.netty.request.NettyRequestSender - Using open Channel [id: 0xa9bff4f4, L:/127.0.0.1:53033 - R:localhost/127.0.0.1:26604] for POST '/session/bb0e0b6424773eb8f3a28d6ff74a90a0/element'
19:16:06.372 [AsyncHttpClient-1-5] DEBUG org.asynchttpclient.netty.handler.HttpHandler - 

Request DefaultHttpRequest(decodeResult: success, version: HTTP/1.1)
POST /session/bb0e0b6424773eb8f3a28d6ff74a90a0/element HTTP/1.1
User-Agent: selenium/4.9.1 (java windows)
Content-Length: 76
Content-Type: application/json; charset=utf-8
host: localhost:26604
accept: */*

Response DefaultHttpResponse(decodeResult: success, version: HTTP/1.1)
HTTP/1.1 200 OK
Content-Length: 95
Content-Type: application/json; charset=utf-8
cache-control: no-cache

19:16:06.374 [AsyncHttpClient-1-5] DEBUG org.asynchttpclient.netty.channel.ChannelManager - Adding key: http://localhost:26604 for channel [id: 0xa9bff4f4, L:/127.0.0.1:53033 - R:localhost/127.0.0.1:26604]
19:16:06.379 [Forwarding isElementDisplayed on session bb0e0b6424773eb8f3a28d6ff74a90a0 to remote] DEBUG org.asynchttpclient.netty.request.NettyRequestSender - Using pooled Channel '[id: 0xa9bff4f4, L:/127.0.0.1:53033 - R:localhost/127.0.0.1:26604]' for 'POST' to 'http://localhost:26604/session/bb0e0b6424773eb8f3a28d6ff74a90a0/execute/sync'
19:16:06.380 [Forwarding isElementDisplayed on session bb0e0b6424773eb8f3a28d6ff74a90a0 to remote] DEBUG org.asynchttpclient.netty.request.NettyRequestSender - Using open Channel [id: 0xa9bff4f4, L:/127.0.0.1:53033 - R:localhost/127.0.0.1:26604] for POST '/session/bb0e0b6424773eb8f3a28d6ff74a90a0/execute/sync'
19:16:06.391 [AsyncHttpClient-1-5] DEBUG org.asynchttpclient.netty.handler.HttpHandler - 

Request DefaultHttpRequest(decodeResult: success, version: HTTP/1.1)
POST /session/bb0e0b6424773eb8f3a28d6ff74a90a0/execute/sync HTTP/1.1
User-Agent: selenium/4.9.1 (java windows)
Content-Length: 48814
Content-Type: application/json; charset=utf-8
host: localhost:26604
accept: */*

Response DefaultHttpResponse(decodeResult: success, version: HTTP/1.1)
HTTP/1.1 200 OK
Content-Length: 14
Content-Type: application/json; charset=utf-8
cache-control: no-cache

19:16:06.392 [AsyncHttpClient-1-5] DEBUG org.asynchttpclient.netty.channel.ChannelManager - Adding key: http://localhost:26604 for channel [id: 0xa9bff4f4, L:/127.0.0.1:53033 - R:localhost/127.0.0.1:26604]
19:16:06.395 [Forwarding isElementEnabled on session bb0e0b6424773eb8f3a28d6ff74a90a0 to remote] DEBUG org.asynchttpclient.netty.request.NettyRequestSender - Using pooled Channel '[id: 0xa9bff4f4, L:/127.0.0.1:53033 - R:localhost/127.0.0.1:26604]' for 'GET' to 'http://localhost:26604/session/bb0e0b6424773eb8f3a28d6ff74a90a0/element/7A710A5F0105A19859712B5A7B088C93_element_29/enabled'
19:16:06.395 [Forwarding isElementEnabled on session bb0e0b6424773eb8f3a28d6ff74a90a0 to remote] DEBUG org.asynchttpclient.netty.request.NettyRequestSender - Using open Channel [id: 0xa9bff4f4, L:/127.0.0.1:53033 - R:localhost/127.0.0.1:26604] for GET '/session/bb0e0b6424773eb8f3a28d6ff74a90a0/element/7A710A5F0105A19859712B5A7B088C93_element_29/enabled'
19:16:06.407 [AsyncHttpClient-1-5] DEBUG org.asynchttpclient.netty.handler.HttpHandler - 

Request DefaultFullHttpRequest(decodeResult: success, version: HTTP/1.1, content: EmptyByteBufBE)
GET /session/bb0e0b6424773eb8f3a28d6ff74a90a0/element/7A710A5F0105A19859712B5A7B088C93_element_29/enabled HTTP/1.1
User-Agent: selenium/4.9.1 (java windows)
Cache-Control: no-cache
Content-Type: application/json; charset=utf-8
host: localhost:26604
accept: */*

Response DefaultHttpResponse(decodeResult: success, version: HTTP/1.1)
HTTP/1.1 200 OK
Content-Length: 14
Content-Type: application/json; charset=utf-8
cache-control: no-cache

19:16:06.407 [AsyncHttpClient-1-5] DEBUG org.asynchttpclient.netty.channel.ChannelManager - Adding key: http://localhost:26604 for channel [id: 0xa9bff4f4, L:/127.0.0.1:53033 - R:localhost/127.0.0.1:26604]
19:16:06.409 [Forwarding clickElement on session bb0e0b6424773eb8f3a28d6ff74a90a0 to remote] DEBUG org.asynchttpclient.netty.request.NettyRequestSender - Using pooled Channel '[id: 0xa9bff4f4, L:/127.0.0.1:53033 - R:localhost/127.0.0.1:26604]' for 'POST' to 'http://localhost:26604/session/bb0e0b6424773eb8f3a28d6ff74a90a0/element/7A710A5F0105A19859712B5A7B088C93_element_29/click'
19:16:06.409 [Forwarding clickElement on session bb0e0b6424773eb8f3a28d6ff74a90a0 to remote] DEBUG org.asynchttpclient.netty.request.NettyRequestSender - Using open Channel [id: 0xa9bff4f4, L:/127.0.0.1:53033 - R:localhost/127.0.0.1:26604] for POST '/session/bb0e0b6424773eb8f3a28d6ff74a90a0/element/7A710A5F0105A19859712B5A7B088C93_element_29/click'
19:16:06.475 [AsyncHttpClient-1-5] DEBUG org.asynchttpclient.netty.handler.HttpHandler - 

Request DefaultHttpRequest(decodeResult: success, version: HTTP/1.1)
POST /session/bb0e0b6424773eb8f3a28d6ff74a90a0/element/7A710A5F0105A19859712B5A7B088C93_element_29/click HTTP/1.1
User-Agent: selenium/4.9.1 (java windows)
Content-Length: 57
Content-Type: application/json; charset=utf-8
host: localhost:26604
accept: */*

Response DefaultHttpResponse(decodeResult: success, version: HTTP/1.1)
HTTP/1.1 200 OK
Content-Length: 14
Content-Type: application/json; charset=utf-8
cache-control: no-cache

19:16:06.475 [AsyncHttpClient-1-5] DEBUG org.asynchttpclient.netty.channel.ChannelManager - Adding key: http://localhost:26604 for channel [id: 0xa9bff4f4, L:/127.0.0.1:53033 - R:localhost/127.0.0.1:26604]
19:16:06.479 [Forwarding findElement on session bb0e0b6424773eb8f3a28d6ff74a90a0 to remote] DEBUG org.asynchttpclient.netty.request.NettyRequestSender - Using pooled Channel '[id: 0xa9bff4f4, L:/127.0.0.1:53033 - R:localhost/127.0.0.1:26604]' for 'POST' to 'http://localhost:26604/session/bb0e0b6424773eb8f3a28d6ff74a90a0/element'
19:16:06.479 [Forwarding findElement on session bb0e0b6424773eb8f3a28d6ff74a90a0 to remote] DEBUG org.asynchttpclient.netty.request.NettyRequestSender - Using open Channel [id: 0xa9bff4f4, L:/127.0.0.1:53033 - R:localhost/127.0.0.1:26604] for POST '/session/bb0e0b6424773eb8f3a28d6ff74a90a0/element'
19:16:06.504 [AsyncHttpClient-1-5] DEBUG org.asynchttpclient.netty.handler.HttpHandler - 

Request DefaultHttpRequest(decodeResult: success, version: HTTP/1.1)
POST /session/bb0e0b6424773eb8f3a28d6ff74a90a0/element HTTP/1.1
User-Agent: selenium/4.9.1 (java windows)
Content-Length: 69
Content-Type: application/json; charset=utf-8
host: localhost:26604
accept: */*

Response DefaultHttpResponse(decodeResult: success, version: HTTP/1.1)
HTTP/1.1 404 Not Found
Content-Length: 970
Content-Type: application/json; charset=utf-8
cache-control: no-cache

19:16:06.504 [AsyncHttpClient-1-5] DEBUG org.asynchttpclient.netty.channel.ChannelManager - Adding key: http://localhost:26604 for channel [id: 0xa9bff4f4, L:/127.0.0.1:53033 - R:localhost/127.0.0.1:26604]
19:16:06.718 [Forwarding findElement on session bb0e0b6424773eb8f3a28d6ff74a90a0 to remote] DEBUG org.asynchttpclient.netty.request.NettyRequestSender - Using pooled Channel '[id: 0xa9bff4f4, L:/127.0.0.1:53033 - R:localhost/127.0.0.1:26604]' for 'POST' to 'http://localhost:26604/session/bb0e0b6424773eb8f3a28d6ff74a90a0/element'
19:16:06.718 [Forwarding findElement on session bb0e0b6424773eb8f3a28d6ff74a90a0 to remote] DEBUG org.asynchttpclient.netty.request.NettyRequestSender - Using open Channel [id: 0xa9bff4f4, L:/127.0.0.1:53033 - R:localhost/127.0.0.1:26604] for POST '/session/bb0e0b6424773eb8f3a28d6ff74a90a0/element'
19:16:06.733 [AsyncHttpClient-1-5] DEBUG org.asynchttpclient.netty.handler.HttpHandler - 

Request DefaultHttpRequest(decodeResult: success, version: HTTP/1.1)
POST /session/bb0e0b6424773eb8f3a28d6ff74a90a0/element HTTP/1.1
User-Agent: selenium/4.9.1 (java windows)
Content-Length: 69
Content-Type: application/json; charset=utf-8
host: localhost:26604
accept: */*

Response DefaultHttpResponse(decodeResult: success, version: HTTP/1.1)
HTTP/1.1 200 OK
Content-Length: 95
Content-Type: application/json; charset=utf-8
cache-control: no-cache

19:16:06.733 [AsyncHttpClient-1-5] DEBUG org.asynchttpclient.netty.channel.ChannelManager - Adding key: http://localhost:26604 for channel [id: 0xa9bff4f4, L:/127.0.0.1:53033 - R:localhost/127.0.0.1:26604]
19:16:06.737 [Forwarding isElementDisplayed on session bb0e0b6424773eb8f3a28d6ff74a90a0 to remote] DEBUG org.asynchttpclient.netty.request.NettyRequestSender - Using pooled Channel '[id: 0xa9bff4f4, L:/127.0.0.1:53033 - R:localhost/127.0.0.1:26604]' for 'POST' to 'http://localhost:26604/session/bb0e0b6424773eb8f3a28d6ff74a90a0/execute/sync'
19:16:06.737 [Forwarding isElementDisplayed on session bb0e0b6424773eb8f3a28d6ff74a90a0 to remote] DEBUG org.asynchttpclient.netty.request.NettyRequestSender - Using open Channel [id: 0xa9bff4f4, L:/127.0.0.1:53033 - R:localhost/127.0.0.1:26604] for POST '/session/bb0e0b6424773eb8f3a28d6ff74a90a0/execute/sync'
19:16:06.753 [AsyncHttpClient-1-5] DEBUG org.asynchttpclient.netty.handler.HttpHandler - 

Request DefaultHttpRequest(decodeResult: success, version: HTTP/1.1)
POST /session/bb0e0b6424773eb8f3a28d6ff74a90a0/execute/sync HTTP/1.1
User-Agent: selenium/4.9.1 (java windows)
Content-Length: 48814
Content-Type: application/json; charset=utf-8
host: localhost:26604
accept: */*

Response DefaultHttpResponse(decodeResult: success, version: HTTP/1.1)
HTTP/1.1 200 OK
Content-Length: 14
Content-Type: application/json; charset=utf-8
cache-control: no-cache

19:16:06.753 [AsyncHttpClient-1-5] DEBUG org.asynchttpclient.netty.channel.ChannelManager - Adding key: http://localhost:26604 for channel [id: 0xa9bff4f4, L:/127.0.0.1:53033 - R:localhost/127.0.0.1:26604]
19:16:06.754 [Forwarding isElementEnabled on session bb0e0b6424773eb8f3a28d6ff74a90a0 to remote] DEBUG org.asynchttpclient.netty.request.NettyRequestSender - Using pooled Channel '[id: 0xa9bff4f4, L:/127.0.0.1:53033 - R:localhost/127.0.0.1:26604]' for 'GET' to 'http://localhost:26604/session/bb0e0b6424773eb8f3a28d6ff74a90a0/element/7A710A5F0105A19859712B5A7B088C93_element_31/enabled'
19:16:06.754 [Forwarding isElementEnabled on session bb0e0b6424773eb8f3a28d6ff74a90a0 to remote] DEBUG org.asynchttpclient.netty.request.NettyRequestSender - Using open Channel [id: 0xa9bff4f4, L:/127.0.0.1:53033 - R:localhost/127.0.0.1:26604] for GET '/session/bb0e0b6424773eb8f3a28d6ff74a90a0/element/7A710A5F0105A19859712B5A7B088C93_element_31/enabled'
19:16:06.763 [AsyncHttpClient-1-1] DEBUG org.asynchttpclient.netty.channel.DefaultChannelPool - Entry count for : http://localhost:53034 : 1
19:16:06.763 [AsyncHttpClient-1-5] DEBUG org.asynchttpclient.netty.handler.HttpHandler - 

Request DefaultFullHttpRequest(decodeResult: success, version: HTTP/1.1, content: EmptyByteBufBE)
GET /session/bb0e0b6424773eb8f3a28d6ff74a90a0/element/7A710A5F0105A19859712B5A7B088C93_element_31/enabled HTTP/1.1
User-Agent: selenium/4.9.1 (java windows)
Cache-Control: no-cache
Content-Type: application/json; charset=utf-8
host: localhost:26604
accept: */*

Response DefaultHttpResponse(decodeResult: success, version: HTTP/1.1)
HTTP/1.1 200 OK
Content-Length: 14
Content-Type: application/json; charset=utf-8
cache-control: no-cache

19:16:06.763 [AsyncHttpClient-1-5] DEBUG org.asynchttpclient.netty.channel.ChannelManager - Adding key: http://localhost:26604 for channel [id: 0xa9bff4f4, L:/127.0.0.1:53033 - R:localhost/127.0.0.1:26604]
19:16:06.764 [Forwarding clickElement on session bb0e0b6424773eb8f3a28d6ff74a90a0 to remote] DEBUG org.asynchttpclient.netty.request.NettyRequestSender - Using pooled Channel '[id: 0xa9bff4f4, L:/127.0.0.1:53033 - R:localhost/127.0.0.1:26604]' for 'POST' to 'http://localhost:26604/session/bb0e0b6424773eb8f3a28d6ff74a90a0/element/7A710A5F0105A19859712B5A7B088C93_element_31/click'
19:16:06.764 [Forwarding clickElement on session bb0e0b6424773eb8f3a28d6ff74a90a0 to remote] DEBUG org.asynchttpclient.netty.request.NettyRequestSender - Using open Channel [id: 0xa9bff4f4, L:/127.0.0.1:53033 - R:localhost/127.0.0.1:26604] for POST '/session/bb0e0b6424773eb8f3a28d6ff74a90a0/element/7A710A5F0105A19859712B5A7B088C93_element_31/click'
19:16:06.803 [AsyncHttpClient-1-5] DEBUG org.asynchttpclient.netty.handler.HttpHandler - 

Request DefaultHttpRequest(decodeResult: success, version: HTTP/1.1)
POST /session/bb0e0b6424773eb8f3a28d6ff74a90a0/element/7A710A5F0105A19859712B5A7B088C93_element_31/click HTTP/1.1
User-Agent: selenium/4.9.1 (java windows)
Content-Length: 57
Content-Type: application/json; charset=utf-8
host: localhost:26604
accept: */*

Response DefaultHttpResponse(decodeResult: success, version: HTTP/1.1)
HTTP/1.1 200 OK
Content-Length: 14
Content-Type: application/json; charset=utf-8
cache-control: no-cache

19:16:06.803 [AsyncHttpClient-1-5] DEBUG org.asynchttpclient.netty.channel.ChannelManager - Adding key: http://localhost:26604 for channel [id: 0xa9bff4f4, L:/127.0.0.1:53033 - R:localhost/127.0.0.1:26604]
19:16:07.864 [AsyncHttpClient-1-1] DEBUG org.asynchttpclient.netty.channel.DefaultChannelPool - Entry count for : http://localhost:26604 : 1
19:16:07.864 [AsyncHttpClient-1-1] DEBUG org.asynchttpclient.netty.channel.DefaultChannelPool - Entry count for : http://localhost:53034 : 1
19:16:08.815 [Forwarding findElement on session bb0e0b6424773eb8f3a28d6ff74a90a0 to remote] DEBUG org.asynchttpclient.netty.request.NettyRequestSender - Using pooled Channel '[id: 0xa9bff4f4, L:/127.0.0.1:53033 - R:localhost/127.0.0.1:26604]' for 'POST' to 'http://localhost:26604/session/bb0e0b6424773eb8f3a28d6ff74a90a0/element'
19:16:08.815 [Forwarding findElement on session bb0e0b6424773eb8f3a28d6ff74a90a0 to remote] DEBUG org.asynchttpclient.netty.request.NettyRequestSender - Using open Channel [id: 0xa9bff4f4, L:/127.0.0.1:53033 - R:localhost/127.0.0.1:26604] for POST '/session/bb0e0b6424773eb8f3a28d6ff74a90a0/element'
19:16:08.829 [AsyncHttpClient-1-5] DEBUG org.asynchttpclient.netty.handler.HttpHandler - 

Request DefaultHttpRequest(decodeResult: success, version: HTTP/1.1)
POST /session/bb0e0b6424773eb8f3a28d6ff74a90a0/element HTTP/1.1
User-Agent: selenium/4.9.1 (java windows)
Content-Length: 129
Content-Type: application/json; charset=utf-8
host: localhost:26604
accept: */*

Response DefaultHttpResponse(decodeResult: success, version: HTTP/1.1)
HTTP/1.1 200 OK
Content-Length: 95
Content-Type: application/json; charset=utf-8
cache-control: no-cache

19:16:08.829 [AsyncHttpClient-1-5] DEBUG org.asynchttpclient.netty.channel.ChannelManager - Adding key: http://localhost:26604 for channel [id: 0xa9bff4f4, L:/127.0.0.1:53033 - R:localhost/127.0.0.1:26604]
19:16:08.830 [Forwarding getElementTagName on session bb0e0b6424773eb8f3a28d6ff74a90a0 to remote] DEBUG org.asynchttpclient.netty.request.NettyRequestSender - Using pooled Channel '[id: 0xa9bff4f4, L:/127.0.0.1:53033 - R:localhost/127.0.0.1:26604]' for 'GET' to 'http://localhost:26604/session/bb0e0b6424773eb8f3a28d6ff74a90a0/element/E72DDE9BC5DB1D8144404B1D6E09539F_element_34/name'
19:16:08.830 [Forwarding getElementTagName on session bb0e0b6424773eb8f3a28d6ff74a90a0 to remote] DEBUG org.asynchttpclient.netty.request.NettyRequestSender - Using open Channel [id: 0xa9bff4f4, L:/127.0.0.1:53033 - R:localhost/127.0.0.1:26604] for GET '/session/bb0e0b6424773eb8f3a28d6ff74a90a0/element/E72DDE9BC5DB1D8144404B1D6E09539F_element_34/name'
19:16:08.837 [AsyncHttpClient-1-5] DEBUG org.asynchttpclient.netty.handler.HttpHandler - 

Request DefaultFullHttpRequest(decodeResult: success, version: HTTP/1.1, content: EmptyByteBufBE)
GET /session/bb0e0b6424773eb8f3a28d6ff74a90a0/element/E72DDE9BC5DB1D8144404B1D6E09539F_element_34/name HTTP/1.1
User-Agent: selenium/4.9.1 (java windows)
Cache-Control: no-cache
Content-Type: application/json; charset=utf-8
host: localhost:26604
accept: */*

Response DefaultHttpResponse(decodeResult: success, version: HTTP/1.1)
HTTP/1.1 200 OK
Content-Length: 16
Content-Type: application/json; charset=utf-8
cache-control: no-cache

19:16:08.837 [AsyncHttpClient-1-5] DEBUG org.asynchttpclient.netty.channel.ChannelManager - Adding key: http://localhost:26604 for channel [id: 0xa9bff4f4, L:/127.0.0.1:53033 - R:localhost/127.0.0.1:26604]
19:16:08.838 [Forwarding getElementText on session bb0e0b6424773eb8f3a28d6ff74a90a0 to remote] DEBUG org.asynchttpclient.netty.request.NettyRequestSender - Using pooled Channel '[id: 0xa9bff4f4, L:/127.0.0.1:53033 - R:localhost/127.0.0.1:26604]' for 'GET' to 'http://localhost:26604/session/bb0e0b6424773eb8f3a28d6ff74a90a0/element/E72DDE9BC5DB1D8144404B1D6E09539F_element_34/text'
19:16:08.838 [Forwarding getElementText on session bb0e0b6424773eb8f3a28d6ff74a90a0 to remote] DEBUG org.asynchttpclient.netty.request.NettyRequestSender - Using open Channel [id: 0xa9bff4f4, L:/127.0.0.1:53033 - R:localhost/127.0.0.1:26604] for GET '/session/bb0e0b6424773eb8f3a28d6ff74a90a0/element/E72DDE9BC5DB1D8144404B1D6E09539F_element_34/text'
19:16:08.858 [AsyncHttpClient-1-5] DEBUG org.asynchttpclient.netty.handler.HttpHandler - 

Request DefaultFullHttpRequest(decodeResult: success, version: HTTP/1.1, content: EmptyByteBufBE)
GET /session/bb0e0b6424773eb8f3a28d6ff74a90a0/element/E72DDE9BC5DB1D8144404B1D6E09539F_element_34/text HTTP/1.1
User-Agent: selenium/4.9.1 (java windows)
Cache-Control: no-cache
Content-Type: application/json; charset=utf-8
host: localhost:26604
accept: */*

Response DefaultHttpResponse(decodeResult: success, version: HTTP/1.1)
HTTP/1.1 200 OK
Content-Length: 18
Content-Type: application/json; charset=utf-8
cache-control: no-cache

19:16:08.858 [AsyncHttpClient-1-5] DEBUG org.asynchttpclient.netty.channel.ChannelManager - Adding key: http://localhost:26604 for channel [id: 0xa9bff4f4, L:/127.0.0.1:53033 - R:localhost/127.0.0.1:26604]
]]></system-out>
    <system-err><![CDATA[Starting ChromeDriver 114.0.5735.90 (386bc09e8f4f2e025eddae123f36f6263096ae49-refs/branch-heads/5735@{#1052}) on port 26604
Only local connections are allowed.
Please see https://chromedriver.chromium.org/security-considerations for suggestions on keeping ChromeDriver safe.
ChromeDriver was started successfully.
июл. 26, 2023 7:16:03 PM org.openqa.selenium.devtools.CdpVersionFinder findNearestMatch
WARNING: Unable to find an exact match for CDP version 114, so returning the closest version found: 113
]]></system-err>
  </testcase>
  <testcase name="createTaskValidData" classname="COMBINED.TaskTest" time="2.549">
    <system-out><![CDATA[Request method:	DELETE
Request URI:	http://localhost:81/jsonrpc.php
Proxy:			<none>
Request params:	<none>
Query params:	<none>
Form params:	<none>
Path params:	<none>
Headers:		Accept=*/*
				Content-Type=text/plain; charset=ISO-8859-1
Cookies:		<none>
Multiparts:		<none>
Body:
{"jsonrpc":"2.0","method":"removeProject","id":567,"params":{"project_id":269}}
19:16:08.871 [main] DEBUG org.apache.http.impl.conn.BasicClientConnectionManager - Get connection for route {}->http://localhost:81
19:16:08.871 [main] DEBUG org.apache.http.impl.conn.DefaultClientConnectionOperator - Connecting to localhost:81
19:16:08.873 [main] DEBUG org.apache.http.client.protocol.RequestAddCookies - CookieSpec selected: ignoreCookies
19:16:08.873 [main] DEBUG org.apache.http.client.protocol.RequestAuthCache - Auth cache not set in the context
19:16:08.873 [main] DEBUG org.apache.http.client.protocol.RequestTargetAuthentication - Target auth state: UNCHALLENGED
19:16:08.873 [main] DEBUG org.apache.http.client.protocol.RequestProxyAuthentication - Proxy auth state: UNCHALLENGED
19:16:08.873 [main] DEBUG org.apache.http.impl.client.DefaultHttpClient - Attempt 1 to execute request
19:16:08.873 [main] DEBUG org.apache.http.impl.conn.DefaultClientConnection - Sending request: DELETE /jsonrpc.php HTTP/1.1
19:16:08.873 [main] DEBUG org.apache.http.wire -  >> "DELETE /jsonrpc.php HTTP/1.1[\r][\n]"
19:16:08.873 [main] DEBUG org.apache.http.wire -  >> "Accept: */*[\r][\n]"
19:16:08.873 [main] DEBUG org.apache.http.wire -  >> "Content-Type: text/plain; charset=ISO-8859-1[\r][\n]"
19:16:08.873 [main] DEBUG org.apache.http.wire -  >> "Content-Length: 79[\r][\n]"
19:16:08.873 [main] DEBUG org.apache.http.wire -  >> "Host: localhost:81[\r][\n]"
19:16:08.873 [main] DEBUG org.apache.http.wire -  >> "Connection: Keep-Alive[\r][\n]"
19:16:08.873 [main] DEBUG org.apache.http.wire -  >> "User-Agent: Apache-HttpClient/4.5.13 (Java/17)[\r][\n]"
19:16:08.873 [main] DEBUG org.apache.http.wire -  >> "Accept-Encoding: gzip,deflate[\r][\n]"
19:16:08.873 [main] DEBUG org.apache.http.wire -  >> "[\r][\n]"
19:16:08.873 [main] DEBUG org.apache.http.headers - >> DELETE /jsonrpc.php HTTP/1.1
19:16:08.873 [main] DEBUG org.apache.http.headers - >> Accept: */*
19:16:08.873 [main] DEBUG org.apache.http.headers - >> Content-Type: text/plain; charset=ISO-8859-1
19:16:08.873 [main] DEBUG org.apache.http.headers - >> Content-Length: 79
19:16:08.873 [main] DEBUG org.apache.http.headers - >> Host: localhost:81
19:16:08.873 [main] DEBUG org.apache.http.headers - >> Connection: Keep-Alive
19:16:08.873 [main] DEBUG org.apache.http.headers - >> User-Agent: Apache-HttpClient/4.5.13 (Java/17)
19:16:08.873 [main] DEBUG org.apache.http.headers - >> Accept-Encoding: gzip,deflate
19:16:08.873 [main] DEBUG org.apache.http.wire -  >> "{"jsonrpc":"2.0","method":"removeProject","id":567,"params":{"project_id":269}}"
19:16:08.885 [main] DEBUG org.apache.http.wire -  << "HTTP/1.1 401 Unauthorized[\r][\n]"
19:16:08.885 [main] DEBUG org.apache.http.wire -  << "Server: nginx[\r][\n]"
19:16:08.885 [main] DEBUG org.apache.http.wire -  << "Date: Wed, 26 Jul 2023 16:16:08 GMT[\r][\n]"
19:16:08.885 [main] DEBUG org.apache.http.wire -  << "Content-Type: application/json[\r][\n]"
19:16:08.885 [main] DEBUG org.apache.http.wire -  << "Transfer-Encoding: chunked[\r][\n]"
19:16:08.885 [main] DEBUG org.apache.http.wire -  << "Connection: keep-alive[\r][\n]"
19:16:08.885 [main] DEBUG org.apache.http.wire -  << "WWW-Authenticate: Basic realm="JsonRPC"[\r][\n]"
19:16:08.885 [main] DEBUG org.apache.http.wire -  << "[\r][\n]"
19:16:08.885 [main] DEBUG org.apache.http.impl.conn.DefaultClientConnection - Receiving response: HTTP/1.1 401 Unauthorized
19:16:08.885 [main] DEBUG org.apache.http.headers - << HTTP/1.1 401 Unauthorized
19:16:08.885 [main] DEBUG org.apache.http.headers - << Server: nginx
19:16:08.885 [main] DEBUG org.apache.http.headers - << Date: Wed, 26 Jul 2023 16:16:08 GMT
19:16:08.885 [main] DEBUG org.apache.http.headers - << Content-Type: application/json
19:16:08.885 [main] DEBUG org.apache.http.headers - << Transfer-Encoding: chunked
19:16:08.885 [main] DEBUG org.apache.http.headers - << Connection: keep-alive
19:16:08.885 [main] DEBUG org.apache.http.headers - << WWW-Authenticate: Basic realm="JsonRPC"
19:16:08.885 [main] DEBUG org.apache.http.impl.client.DefaultHttpClient - Connection can be kept alive indefinitely
19:16:08.885 [main] DEBUG org.apache.http.impl.client.DefaultHttpClient - Authentication required
19:16:08.885 [main] DEBUG org.apache.http.impl.client.DefaultHttpClient - localhost:81 requested authentication
19:16:08.885 [main] DEBUG org.apache.http.impl.client.TargetAuthenticationStrategy - Authentication schemes in the order of preference: [Negotiate, Kerberos, NTLM, CredSSP, Digest, Basic]
19:16:08.885 [main] DEBUG org.apache.http.impl.client.TargetAuthenticationStrategy - Challenge for Negotiate authentication scheme not available
19:16:08.885 [main] DEBUG org.apache.http.impl.client.TargetAuthenticationStrategy - Challenge for Kerberos authentication scheme not available
19:16:08.885 [main] DEBUG org.apache.http.impl.client.TargetAuthenticationStrategy - Challenge for NTLM authentication scheme not available
19:16:08.885 [main] DEBUG org.apache.http.impl.client.TargetAuthenticationStrategy - Challenge for CredSSP authentication scheme not available
19:16:08.885 [main] DEBUG org.apache.http.impl.client.TargetAuthenticationStrategy - Challenge for Digest authentication scheme not available
19:16:08.885 [main] DEBUG org.apache.http.impl.client.DefaultHttpClient - Selected authentication options: [BASIC [complete=true]]
19:16:08.885 [main] DEBUG org.apache.http.wire -  << "49[\r][\n]"
19:16:08.885 [main] DEBUG org.apache.http.wire -  << "{"jsonrpc":"2.0","error":{"code":401,"message":"Unauthorized"},"id":null}"
19:16:08.885 [main] DEBUG org.apache.http.wire -  << "[\r][\n]"
19:16:08.885 [main] DEBUG org.apache.http.wire -  << "0[\r][\n]"
19:16:08.885 [main] DEBUG org.apache.http.wire -  << "[\r][\n]"
19:16:08.885 [main] DEBUG org.apache.http.client.protocol.RequestAddCookies - CookieSpec selected: ignoreCookies
19:16:08.885 [main] DEBUG org.apache.http.client.protocol.RequestAuthCache - Auth cache not set in the context
19:16:08.885 [main] DEBUG org.apache.http.client.protocol.RequestTargetAuthentication - Target auth state: CHALLENGED
19:16:08.885 [main] DEBUG org.apache.http.client.protocol.RequestTargetAuthentication - Generating response to an authentication challenge using basic scheme
19:16:08.885 [main] DEBUG org.apache.http.client.protocol.RequestProxyAuthentication - Proxy auth state: UNCHALLENGED
19:16:08.885 [main] DEBUG org.apache.http.impl.client.DefaultHttpClient - Attempt 2 to execute request
19:16:08.885 [main] DEBUG org.apache.http.impl.conn.DefaultClientConnection - Sending request: DELETE /jsonrpc.php HTTP/1.1
19:16:08.885 [main] DEBUG org.apache.http.wire -  >> "DELETE /jsonrpc.php HTTP/1.1[\r][\n]"
19:16:08.885 [main] DEBUG org.apache.http.wire -  >> "Accept: */*[\r][\n]"
19:16:08.885 [main] DEBUG org.apache.http.wire -  >> "Content-Type: text/plain; charset=ISO-8859-1[\r][\n]"
19:16:08.885 [main] DEBUG org.apache.http.wire -  >> "Content-Length: 79[\r][\n]"
19:16:08.886 [main] DEBUG org.apache.http.wire -  >> "Host: localhost:81[\r][\n]"
19:16:08.886 [main] DEBUG org.apache.http.wire -  >> "Connection: Keep-Alive[\r][\n]"
19:16:08.886 [main] DEBUG org.apache.http.wire -  >> "User-Agent: Apache-HttpClient/4.5.13 (Java/17)[\r][\n]"
19:16:08.886 [main] DEBUG org.apache.http.wire -  >> "Authorization: Basic a3lyeWxvQVBJVGVzdExvZ2luOmt5cnlsb0FQSVRlc3RQYXNzd29yZA==[\r][\n]"
19:16:08.886 [main] DEBUG org.apache.http.wire -  >> "Accept-Encoding: gzip,deflate[\r][\n]"
19:16:08.886 [main] DEBUG org.apache.http.wire -  >> "[\r][\n]"
19:16:08.886 [main] DEBUG org.apache.http.headers - >> DELETE /jsonrpc.php HTTP/1.1
19:16:08.886 [main] DEBUG org.apache.http.headers - >> Accept: */*
19:16:08.886 [main] DEBUG org.apache.http.headers - >> Content-Type: text/plain; charset=ISO-8859-1
19:16:08.886 [main] DEBUG org.apache.http.headers - >> Content-Length: 79
19:16:08.886 [main] DEBUG org.apache.http.headers - >> Host: localhost:81
19:16:08.886 [main] DEBUG org.apache.http.headers - >> Connection: Keep-Alive
19:16:08.886 [main] DEBUG org.apache.http.headers - >> User-Agent: Apache-HttpClient/4.5.13 (Java/17)
19:16:08.886 [main] DEBUG org.apache.http.headers - >> Authorization: Basic a3lyeWxvQVBJVGVzdExvZ2luOmt5cnlsb0FQSVRlc3RQYXNzd29yZA==
19:16:08.886 [main] DEBUG org.apache.http.headers - >> Accept-Encoding: gzip,deflate
19:16:08.886 [main] DEBUG org.apache.http.wire -  >> "{"jsonrpc":"2.0","method":"removeProject","id":567,"params":{"project_id":269}}"
19:16:08.969 [AsyncHttpClient-1-1] DEBUG org.asynchttpclient.netty.channel.DefaultChannelPool - Entry count for : http://localhost:26604 : 1
19:16:08.969 [AsyncHttpClient-1-1] DEBUG org.asynchttpclient.netty.channel.DefaultChannelPool - Entry count for : http://localhost:53034 : 1
19:16:09.243 [main] DEBUG org.apache.http.wire -  << "HTTP/1.1 200 OK[\r][\n]"
19:16:09.243 [main] DEBUG org.apache.http.wire -  << "Server: nginx[\r][\n]"
19:16:09.243 [main] DEBUG org.apache.http.wire -  << "Date: Wed, 26 Jul 2023 16:16:09 GMT[\r][\n]"
19:16:09.243 [main] DEBUG org.apache.http.wire -  << "Content-Type: application/json[\r][\n]"
19:16:09.243 [main] DEBUG org.apache.http.wire -  << "Transfer-Encoding: chunked[\r][\n]"
19:16:09.243 [main] DEBUG org.apache.http.wire -  << "Connection: keep-alive[\r][\n]"
19:16:09.243 [main] DEBUG org.apache.http.wire -  << "Vary: Accept-Encoding[\r][\n]"
19:16:09.243 [main] DEBUG org.apache.http.wire -  << "Content-Encoding: gzip[\r][\n]"
19:16:09.243 [main] DEBUG org.apache.http.wire -  << "[\r][\n]"
19:16:09.243 [main] DEBUG org.apache.http.impl.conn.DefaultClientConnection - Receiving response: HTTP/1.1 200 OK
19:16:09.243 [main] DEBUG org.apache.http.headers - << HTTP/1.1 200 OK
19:16:09.243 [main] DEBUG org.apache.http.headers - << Server: nginx
19:16:09.243 [main] DEBUG org.apache.http.headers - << Date: Wed, 26 Jul 2023 16:16:09 GMT
19:16:09.243 [main] DEBUG org.apache.http.headers - << Content-Type: application/json
19:16:09.243 [main] DEBUG org.apache.http.headers - << Transfer-Encoding: chunked
19:16:09.243 [main] DEBUG org.apache.http.headers - << Connection: keep-alive
19:16:09.243 [main] DEBUG org.apache.http.headers - << Vary: Accept-Encoding
19:16:09.243 [main] DEBUG org.apache.http.headers - << Content-Encoding: gzip
19:16:09.244 [main] DEBUG org.apache.http.impl.client.DefaultHttpClient - Connection can be kept alive indefinitely
19:16:09.244 [main] DEBUG org.apache.http.impl.client.DefaultHttpClient - Authentication succeeded
19:16:09.244 [main] DEBUG org.apache.http.impl.client.TargetAuthenticationStrategy - Caching 'basic' auth scheme for http://localhost:81
19:16:09.244 [main] DEBUG io.restassured.internal.RestAssuredHttpBuilder - Parsing response as: application/json
19:16:09.244 [main] DEBUG org.apache.http.wire -  << "3c[\r][\n]"
19:16:09.244 [main] DEBUG org.apache.http.wire -  << "[0x1f][0x8b][0x8][0x0][0x0][0x0][0x0][0x0][0x0][0x3][0xab]V[0xca]*[0xce][0xcf]+*HV[0xb2]R2[0xd2]3P[0xd2]Q*J-.[0xcd])Q[0xb2]*)*M[0xd5]Q[0xca]LQ[0xb2]253[0xaf][0x5][0x0][0xe0][0xd7]6X([0x0][0x0][0x0]"
19:16:09.244 [main] DEBUG org.apache.http.wire -  << "[\r][\n]"
19:16:09.244 [main] DEBUG org.apache.http.wire -  << "0[\r][\n]"
19:16:09.244 [main] DEBUG org.apache.http.wire -  << "[\r][\n]"
19:16:09.244 [main] DEBUG io.restassured.internal.RestAssuredHttpBuilder - Parsed data to instance of: class org.apache.http.conn.EofSensorInputStream
19:16:09.244 [main] DEBUG org.apache.http.impl.conn.BasicClientConnectionManager - Releasing connection org.apache.http.impl.conn.ManagedClientConnectionImpl@3ea95c22
19:16:09.244 [main] DEBUG org.apache.http.impl.conn.BasicClientConnectionManager - Connection can be kept alive indefinitely
{
    "jsonrpc": "2.0",
    "result": true,
    "id": 567
}
{
    "jsonrpc": "2.0",
    "result": true,
    "id": 567
}
Request method:	DELETE
Request URI:	http://localhost:81/jsonrpc.php
Proxy:			<none>
Request params:	<none>
Query params:	<none>
Form params:	<none>
Path params:	<none>
Headers:		Accept=*/*
				Content-Type=text/plain; charset=ISO-8859-1
Cookies:		<none>
Multiparts:		<none>
Body:
{"jsonrpc":"2.0","method":"removeUser","id":234,"params":{"user_id":395}}
19:16:09.270 [main] DEBUG org.apache.http.impl.conn.BasicClientConnectionManager - Get connection for route {}->http://localhost:81
19:16:09.271 [main] DEBUG org.apache.http.impl.conn.DefaultClientConnectionOperator - Connecting to localhost:81
19:16:09.271 [main] DEBUG org.apache.http.client.protocol.RequestAddCookies - CookieSpec selected: ignoreCookies
19:16:09.271 [main] DEBUG org.apache.http.client.protocol.RequestAuthCache - Auth cache not set in the context
19:16:09.271 [main] DEBUG org.apache.http.client.protocol.RequestTargetAuthentication - Target auth state: UNCHALLENGED
19:16:09.271 [main] DEBUG org.apache.http.client.protocol.RequestProxyAuthentication - Proxy auth state: UNCHALLENGED
19:16:09.271 [main] DEBUG org.apache.http.impl.client.DefaultHttpClient - Attempt 1 to execute request
19:16:09.271 [main] DEBUG org.apache.http.impl.conn.DefaultClientConnection - Sending request: DELETE /jsonrpc.php HTTP/1.1
19:16:09.271 [main] DEBUG org.apache.http.wire -  >> "DELETE /jsonrpc.php HTTP/1.1[\r][\n]"
19:16:09.271 [main] DEBUG org.apache.http.wire -  >> "Accept: */*[\r][\n]"
19:16:09.271 [main] DEBUG org.apache.http.wire -  >> "Content-Type: text/plain; charset=ISO-8859-1[\r][\n]"
19:16:09.271 [main] DEBUG org.apache.http.wire -  >> "Content-Length: 73[\r][\n]"
19:16:09.271 [main] DEBUG org.apache.http.wire -  >> "Host: localhost:81[\r][\n]"
19:16:09.271 [main] DEBUG org.apache.http.wire -  >> "Connection: Keep-Alive[\r][\n]"
19:16:09.271 [main] DEBUG org.apache.http.wire -  >> "User-Agent: Apache-HttpClient/4.5.13 (Java/17)[\r][\n]"
19:16:09.271 [main] DEBUG org.apache.http.wire -  >> "Accept-Encoding: gzip,deflate[\r][\n]"
19:16:09.271 [main] DEBUG org.apache.http.wire -  >> "[\r][\n]"
19:16:09.271 [main] DEBUG org.apache.http.headers - >> DELETE /jsonrpc.php HTTP/1.1
19:16:09.271 [main] DEBUG org.apache.http.headers - >> Accept: */*
19:16:09.271 [main] DEBUG org.apache.http.headers - >> Content-Type: text/plain; charset=ISO-8859-1
19:16:09.271 [main] DEBUG org.apache.http.headers - >> Content-Length: 73
19:16:09.271 [main] DEBUG org.apache.http.headers - >> Host: localhost:81
19:16:09.271 [main] DEBUG org.apache.http.headers - >> Connection: Keep-Alive
19:16:09.271 [main] DEBUG org.apache.http.headers - >> User-Agent: Apache-HttpClient/4.5.13 (Java/17)
19:16:09.271 [main] DEBUG org.apache.http.headers - >> Accept-Encoding: gzip,deflate
19:16:09.271 [main] DEBUG org.apache.http.wire -  >> "{"jsonrpc":"2.0","method":"removeUser","id":234,"params":{"user_id":395}}"
19:16:09.280 [main] DEBUG org.apache.http.wire -  << "HTTP/1.1 401 Unauthorized[\r][\n]"
19:16:09.280 [main] DEBUG org.apache.http.wire -  << "Server: nginx[\r][\n]"
19:16:09.280 [main] DEBUG org.apache.http.wire -  << "Date: Wed, 26 Jul 2023 16:16:09 GMT[\r][\n]"
19:16:09.280 [main] DEBUG org.apache.http.wire -  << "Content-Type: application/json[\r][\n]"
19:16:09.281 [main] DEBUG org.apache.http.wire -  << "Transfer-Encoding: chunked[\r][\n]"
19:16:09.281 [main] DEBUG org.apache.http.wire -  << "Connection: keep-alive[\r][\n]"
19:16:09.281 [main] DEBUG org.apache.http.wire -  << "WWW-Authenticate: Basic realm="JsonRPC"[\r][\n]"
19:16:09.281 [main] DEBUG org.apache.http.wire -  << "[\r][\n]"
19:16:09.281 [main] DEBUG org.apache.http.impl.conn.DefaultClientConnection - Receiving response: HTTP/1.1 401 Unauthorized
19:16:09.281 [main] DEBUG org.apache.http.headers - << HTTP/1.1 401 Unauthorized
19:16:09.281 [main] DEBUG org.apache.http.headers - << Server: nginx
19:16:09.281 [main] DEBUG org.apache.http.headers - << Date: Wed, 26 Jul 2023 16:16:09 GMT
19:16:09.281 [main] DEBUG org.apache.http.headers - << Content-Type: application/json
19:16:09.281 [main] DEBUG org.apache.http.headers - << Transfer-Encoding: chunked
19:16:09.281 [main] DEBUG org.apache.http.headers - << Connection: keep-alive
19:16:09.281 [main] DEBUG org.apache.http.headers - << WWW-Authenticate: Basic realm="JsonRPC"
19:16:09.281 [main] DEBUG org.apache.http.impl.client.DefaultHttpClient - Connection can be kept alive indefinitely
19:16:09.281 [main] DEBUG org.apache.http.impl.client.DefaultHttpClient - Authentication required
19:16:09.281 [main] DEBUG org.apache.http.impl.client.DefaultHttpClient - localhost:81 requested authentication
19:16:09.281 [main] DEBUG org.apache.http.impl.client.TargetAuthenticationStrategy - Authentication schemes in the order of preference: [Negotiate, Kerberos, NTLM, CredSSP, Digest, Basic]
19:16:09.281 [main] DEBUG org.apache.http.impl.client.TargetAuthenticationStrategy - Challenge for Negotiate authentication scheme not available
19:16:09.281 [main] DEBUG org.apache.http.impl.client.TargetAuthenticationStrategy - Challenge for Kerberos authentication scheme not available
19:16:09.281 [main] DEBUG org.apache.http.impl.client.TargetAuthenticationStrategy - Challenge for NTLM authentication scheme not available
19:16:09.281 [main] DEBUG org.apache.http.impl.client.TargetAuthenticationStrategy - Challenge for CredSSP authentication scheme not available
19:16:09.281 [main] DEBUG org.apache.http.impl.client.TargetAuthenticationStrategy - Challenge for Digest authentication scheme not available
19:16:09.281 [main] DEBUG org.apache.http.impl.client.DefaultHttpClient - Selected authentication options: [BASIC [complete=true]]
19:16:09.281 [main] DEBUG org.apache.http.wire -  << "49[\r][\n]"
19:16:09.281 [main] DEBUG org.apache.http.wire -  << "{"jsonrpc":"2.0","error":{"code":401,"message":"Unauthorized"},"id":null}"
19:16:09.281 [main] DEBUG org.apache.http.wire -  << "[\r][\n]"
19:16:09.281 [main] DEBUG org.apache.http.wire -  << "0[\r][\n]"
19:16:09.281 [main] DEBUG org.apache.http.wire -  << "[\r][\n]"
19:16:09.281 [main] DEBUG org.apache.http.client.protocol.RequestAddCookies - CookieSpec selected: ignoreCookies
19:16:09.281 [main] DEBUG org.apache.http.client.protocol.RequestAuthCache - Auth cache not set in the context
19:16:09.281 [main] DEBUG org.apache.http.client.protocol.RequestTargetAuthentication - Target auth state: CHALLENGED
19:16:09.281 [main] DEBUG org.apache.http.client.protocol.RequestTargetAuthentication - Generating response to an authentication challenge using basic scheme
19:16:09.281 [main] DEBUG org.apache.http.client.protocol.RequestProxyAuthentication - Proxy auth state: UNCHALLENGED
19:16:09.281 [main] DEBUG org.apache.http.impl.client.DefaultHttpClient - Attempt 2 to execute request
19:16:09.281 [main] DEBUG org.apache.http.impl.conn.DefaultClientConnection - Sending request: DELETE /jsonrpc.php HTTP/1.1
19:16:09.281 [main] DEBUG org.apache.http.wire -  >> "DELETE /jsonrpc.php HTTP/1.1[\r][\n]"
19:16:09.281 [main] DEBUG org.apache.http.wire -  >> "Accept: */*[\r][\n]"
19:16:09.281 [main] DEBUG org.apache.http.wire -  >> "Content-Type: text/plain; charset=ISO-8859-1[\r][\n]"
19:16:09.281 [main] DEBUG org.apache.http.wire -  >> "Content-Length: 73[\r][\n]"
19:16:09.281 [main] DEBUG org.apache.http.wire -  >> "Host: localhost:81[\r][\n]"
19:16:09.282 [main] DEBUG org.apache.http.wire -  >> "Connection: Keep-Alive[\r][\n]"
19:16:09.282 [main] DEBUG org.apache.http.wire -  >> "User-Agent: Apache-HttpClient/4.5.13 (Java/17)[\r][\n]"
19:16:09.282 [main] DEBUG org.apache.http.wire -  >> "Authorization: Basic YWRtaW46YWRtaW4=[\r][\n]"
19:16:09.282 [main] DEBUG org.apache.http.wire -  >> "Accept-Encoding: gzip,deflate[\r][\n]"
19:16:09.282 [main] DEBUG org.apache.http.wire -  >> "[\r][\n]"
19:16:09.282 [main] DEBUG org.apache.http.headers - >> DELETE /jsonrpc.php HTTP/1.1
19:16:09.282 [main] DEBUG org.apache.http.headers - >> Accept: */*
19:16:09.282 [main] DEBUG org.apache.http.headers - >> Content-Type: text/plain; charset=ISO-8859-1
19:16:09.282 [main] DEBUG org.apache.http.headers - >> Content-Length: 73
19:16:09.282 [main] DEBUG org.apache.http.headers - >> Host: localhost:81
19:16:09.282 [main] DEBUG org.apache.http.headers - >> Connection: Keep-Alive
19:16:09.282 [main] DEBUG org.apache.http.headers - >> User-Agent: Apache-HttpClient/4.5.13 (Java/17)
19:16:09.282 [main] DEBUG org.apache.http.headers - >> Authorization: Basic YWRtaW46YWRtaW4=
19:16:09.282 [main] DEBUG org.apache.http.headers - >> Accept-Encoding: gzip,deflate
19:16:09.282 [main] DEBUG org.apache.http.wire -  >> "{"jsonrpc":"2.0","method":"removeUser","id":234,"params":{"user_id":395}}"
19:16:09.387 [main] DEBUG org.apache.http.wire -  << "HTTP/1.1 200 OK[\r][\n]"
19:16:09.387 [main] DEBUG org.apache.http.wire -  << "Server: nginx[\r][\n]"
19:16:09.387 [main] DEBUG org.apache.http.wire -  << "Date: Wed, 26 Jul 2023 16:16:09 GMT[\r][\n]"
19:16:09.387 [main] DEBUG org.apache.http.wire -  << "Content-Type: application/json[\r][\n]"
19:16:09.387 [main] DEBUG org.apache.http.wire -  << "Transfer-Encoding: chunked[\r][\n]"
19:16:09.387 [main] DEBUG org.apache.http.wire -  << "Connection: keep-alive[\r][\n]"
19:16:09.387 [main] DEBUG org.apache.http.wire -  << "Vary: Accept-Encoding[\r][\n]"
19:16:09.387 [main] DEBUG org.apache.http.wire -  << "Content-Encoding: gzip[\r][\n]"
19:16:09.387 [main] DEBUG org.apache.http.wire -  << "[\r][\n]"
19:16:09.387 [main] DEBUG org.apache.http.impl.conn.DefaultClientConnection - Receiving response: HTTP/1.1 200 OK
19:16:09.387 [main] DEBUG org.apache.http.headers - << HTTP/1.1 200 OK
19:16:09.387 [main] DEBUG org.apache.http.headers - << Server: nginx
19:16:09.387 [main] DEBUG org.apache.http.headers - << Date: Wed, 26 Jul 2023 16:16:09 GMT
19:16:09.387 [main] DEBUG org.apache.http.headers - << Content-Type: application/json
19:16:09.387 [main] DEBUG org.apache.http.headers - << Transfer-Encoding: chunked
19:16:09.387 [main] DEBUG org.apache.http.headers - << Connection: keep-alive
19:16:09.387 [main] DEBUG org.apache.http.headers - << Vary: Accept-Encoding
19:16:09.387 [main] DEBUG org.apache.http.headers - << Content-Encoding: gzip
19:16:09.387 [main] DEBUG org.apache.http.impl.client.DefaultHttpClient - Connection can be kept alive indefinitely
19:16:09.387 [main] DEBUG org.apache.http.impl.client.DefaultHttpClient - Authentication succeeded
19:16:09.387 [main] DEBUG org.apache.http.impl.client.TargetAuthenticationStrategy - Caching 'basic' auth scheme for http://localhost:81
19:16:09.387 [main] DEBUG io.restassured.internal.RestAssuredHttpBuilder - Parsing response as: application/json
19:16:09.387 [main] DEBUG org.apache.http.wire -  << "3c[\r][\n]"
19:16:09.387 [main] DEBUG org.apache.http.wire -  << "[0x1f][0x8b][0x8][0x0][0x0][0x0][0x0][0x0][0x0][0x3][0xab]V[0xca]*[0xce][0xcf]+*HV[0xb2]R2[0xd2]3P[0xd2]Q*J-.[0xcd])Q[0xb2]*)*M[0xd5]Q[0xca]LQ[0xb2]226[0xa9][0x5][0x0]q~[0x7][0xe8]([0x0][0x0][0x0]"
19:16:09.387 [main] DEBUG org.apache.http.wire -  << "[\r][\n]"
19:16:09.387 [main] DEBUG org.apache.http.wire -  << "0[\r][\n]"
19:16:09.387 [main] DEBUG org.apache.http.wire -  << "[\r][\n]"
19:16:09.387 [main] DEBUG io.restassured.internal.RestAssuredHttpBuilder - Parsed data to instance of: class org.apache.http.conn.EofSensorInputStream
19:16:09.388 [main] DEBUG org.apache.http.impl.conn.BasicClientConnectionManager - Releasing connection org.apache.http.impl.conn.ManagedClientConnectionImpl@7d68886c
19:16:09.388 [main] DEBUG org.apache.http.impl.conn.BasicClientConnectionManager - Connection can be kept alive indefinitely
{
    "jsonrpc": "2.0",
    "result": true,
    "id": 234
}
{
    "jsonrpc": "2.0",
    "result": true,
    "id": 234
}
19:16:09.392 [Forwarding close on session bb0e0b6424773eb8f3a28d6ff74a90a0 to remote] DEBUG org.asynchttpclient.netty.request.NettyRequestSender - Using pooled Channel '[id: 0xa9bff4f4, L:/127.0.0.1:53033 - R:localhost/127.0.0.1:26604]' for 'DELETE' to 'http://localhost:26604/session/bb0e0b6424773eb8f3a28d6ff74a90a0/window'
19:16:09.392 [Forwarding close on session bb0e0b6424773eb8f3a28d6ff74a90a0 to remote] DEBUG org.asynchttpclient.netty.request.NettyRequestSender - Using open Channel [id: 0xa9bff4f4, L:/127.0.0.1:53033 - R:localhost/127.0.0.1:26604] for DELETE '/session/bb0e0b6424773eb8f3a28d6ff74a90a0/window'
19:16:09.550 [AsyncHttpClient-1-6] DEBUG org.asynchttpclient.netty.handler.HttpHandler - Unexpected I/O exception on channel [id: 0x886a2031, L:/127.0.0.1:53041 - R:localhost/127.0.0.1:53034]
java.net.SocketException: Connection reset
	at java.base/sun.nio.ch.SocketChannelImpl.throwConnectionReset(SocketChannelImpl.java:394)
	at java.base/sun.nio.ch.SocketChannelImpl.read(SocketChannelImpl.java:426)
	at io.netty.buffer.PooledByteBuf.setBytes(PooledByteBuf.java:256)
	at io.netty.buffer.AbstractByteBuf.writeBytes(AbstractByteBuf.java:1132)
	at io.netty.channel.socket.nio.NioSocketChannel.doReadBytes(NioSocketChannel.java:357)
	at io.netty.channel.nio.AbstractNioByteChannel$NioByteUnsafe.read(AbstractNioByteChannel.java:151)
	at io.netty.channel.nio.NioEventLoop.processSelectedKey(NioEventLoop.java:788)
	at io.netty.channel.nio.NioEventLoop.processSelectedKeysOptimized(NioEventLoop.java:724)
	at io.netty.channel.nio.NioEventLoop.processSelectedKeys(NioEventLoop.java:650)
	at io.netty.channel.nio.NioEventLoop.run(NioEventLoop.java:562)
	at io.netty.util.concurrent.SingleThreadEventExecutor$4.run(SingleThreadEventExecutor.java:997)
	at io.netty.util.internal.ThreadExecutorMap$2.run(ThreadExecutorMap.java:74)
	at io.netty.util.concurrent.FastThreadLocalRunnable.run(FastThreadLocalRunnable.java:30)
	at java.base/java.lang.Thread.run(Thread.java:833)
19:16:09.551 [AsyncHttpClient-1-6] DEBUG org.asynchttpclient.netty.channel.ChannelManager - Closing Channel [id: 0x886a2031, L:/127.0.0.1:53041 - R:localhost/127.0.0.1:53034] 
19:16:09.553 [AsyncHttpClient-1-6] DEBUG org.asynchttpclient.netty.handler.HttpHandler - Channel Closed: [id: 0x886a2031, L:/127.0.0.1:53041 ! R:localhost/127.0.0.1:53034] with attribute DISCARD
19:16:09.564 [AsyncHttpClient-1-7] DEBUG org.asynchttpclient.netty.handler.WebSocketHandler - Unexpected I/O exception on channel [id: 0xbf0add35, L:/127.0.0.1:53042 - R:localhost/127.0.0.1:53034]
java.net.SocketException: Connection reset
	at java.base/sun.nio.ch.SocketChannelImpl.throwConnectionReset(SocketChannelImpl.java:394)
	at java.base/sun.nio.ch.SocketChannelImpl.read(SocketChannelImpl.java:426)
	at io.netty.buffer.PooledByteBuf.setBytes(PooledByteBuf.java:256)
	at io.netty.buffer.AbstractByteBuf.writeBytes(AbstractByteBuf.java:1132)
	at io.netty.channel.socket.nio.NioSocketChannel.doReadBytes(NioSocketChannel.java:357)
	at io.netty.channel.nio.AbstractNioByteChannel$NioByteUnsafe.read(AbstractNioByteChannel.java:151)
	at io.netty.channel.nio.NioEventLoop.processSelectedKey(NioEventLoop.java:788)
	at io.netty.channel.nio.NioEventLoop.processSelectedKeysOptimized(NioEventLoop.java:724)
	at io.netty.channel.nio.NioEventLoop.processSelectedKeys(NioEventLoop.java:650)
	at io.netty.channel.nio.NioEventLoop.run(NioEventLoop.java:562)
	at io.netty.util.concurrent.SingleThreadEventExecutor$4.run(SingleThreadEventExecutor.java:997)
	at io.netty.util.internal.ThreadExecutorMap$2.run(ThreadExecutorMap.java:74)
	at io.netty.util.concurrent.FastThreadLocalRunnable.run(FastThreadLocalRunnable.java:30)
	at java.base/java.lang.Thread.run(Thread.java:833)
19:16:09.571 [AsyncHttpClient-1-7] DEBUG org.asynchttpclient.netty.handler.WebSocketHandler - Was unable to recover Future: NettyResponseFuture{currentRetry=0,
	isDone=1,
	isCancelled=0,
	asyncHandler=org.asynchttpclient.ws.WebSocketUpgradeHandler@775a61f2,
	nettyRequest=org.asynchttpclient.netty.request.NettyRequest@75213bd9,
	future=java.util.concurrent.CompletableFuture@17b1f49b[Completed normally],
	uri=ws://localhost:53034/devtools/browser/91721b42-6ae4-4a54-b567-0ccdf95bccb7,
	keepAlive=true,
	redirectCount=0,
	timeoutsHolder=null,
	inAuth=0,
	touch=1690388169565}
19:16:09.571 [AsyncHttpClient-1-7] DEBUG org.asynchttpclient.netty.channel.ChannelManager - Closing Channel [id: 0xbf0add35, L:/127.0.0.1:53042 - R:localhost/127.0.0.1:53034] 
19:16:09.572 [AsyncHttpClient-1-7] WARN org.asynchttpclient.netty.handler.WebSocketHandler - onError
java.net.SocketException: Connection reset
	at java.base/sun.nio.ch.SocketChannelImpl.throwConnectionReset(SocketChannelImpl.java:394)
	at java.base/sun.nio.ch.SocketChannelImpl.read(SocketChannelImpl.java:426)
	at io.netty.buffer.PooledByteBuf.setBytes(PooledByteBuf.java:256)
	at io.netty.buffer.AbstractByteBuf.writeBytes(AbstractByteBuf.java:1132)
	at io.netty.channel.socket.nio.NioSocketChannel.doReadBytes(NioSocketChannel.java:357)
	at io.netty.channel.nio.AbstractNioByteChannel$NioByteUnsafe.read(AbstractNioByteChannel.java:151)
	at io.netty.channel.nio.NioEventLoop.processSelectedKey(NioEventLoop.java:788)
	at io.netty.channel.nio.NioEventLoop.processSelectedKeysOptimized(NioEventLoop.java:724)
	at io.netty.channel.nio.NioEventLoop.processSelectedKeys(NioEventLoop.java:650)
	at io.netty.channel.nio.NioEventLoop.run(NioEventLoop.java:562)
	at io.netty.util.concurrent.SingleThreadEventExecutor$4.run(SingleThreadEventExecutor.java:997)
	at io.netty.util.internal.ThreadExecutorMap$2.run(ThreadExecutorMap.java:74)
	at io.netty.util.concurrent.FastThreadLocalRunnable.run(FastThreadLocalRunnable.java:30)
	at java.base/java.lang.Thread.run(Thread.java:833)
19:16:09.576 [AsyncHttpClient-1-7] DEBUG org.asynchttpclient.netty.channel.ChannelManager - Closing Channel [id: 0xbf0add35, L:/127.0.0.1:53042 ! R:localhost/127.0.0.1:53034] 
19:16:09.576 [AsyncHttpClient-1-7] DEBUG org.asynchttpclient.netty.handler.WebSocketHandler - Channel Closed: [id: 0xbf0add35, L:/127.0.0.1:53042 ! R:localhost/127.0.0.1:53034] with attribute DISCARD
19:16:09.601 [AsyncHttpClient-1-5] DEBUG org.asynchttpclient.netty.handler.HttpHandler - 

Request DefaultFullHttpRequest(decodeResult: success, version: HTTP/1.1, content: EmptyByteBufBE)
DELETE /session/bb0e0b6424773eb8f3a28d6ff74a90a0/window HTTP/1.1
User-Agent: selenium/4.9.1 (java windows)
Content-Type: application/json; charset=utf-8
host: localhost:26604
accept: */*

Response DefaultHttpResponse(decodeResult: success, version: HTTP/1.1)
HTTP/1.1 200 OK
Content-Length: 12
Content-Type: application/json; charset=utf-8
cache-control: no-cache

19:16:09.601 [AsyncHttpClient-1-5] DEBUG org.asynchttpclient.netty.channel.ChannelManager - Adding key: http://localhost:26604 for channel [id: 0xa9bff4f4, L:/127.0.0.1:53033 - R:localhost/127.0.0.1:26604]
Request method:	POST
Request URI:	http://localhost:81/jsonrpc.php
Proxy:			<none>
Request params:	<none>
Query params:	<none>
Form params:	<none>
Path params:	<none>
Headers:		Accept=*/*
				Content-Type=text/plain; charset=ISO-8859-1
Cookies:		<none>
Multiparts:		<none>
Body:
{"jsonrpc":"2.0","method":"createUser","id":123123,"params":{"username":"kyryloAPITestLogin","password":"kyryloAPITestPassword","name":"kyrylo","email":"kyryloAPITest@mail.com","role":"app-manager"}}
19:16:09.671 [main] DEBUG org.apache.http.impl.conn.BasicClientConnectionManager - Get connection for route {}->http://localhost:81
19:16:09.671 [main] DEBUG org.apache.http.impl.conn.DefaultClientConnectionOperator - Connecting to localhost:81
19:16:09.672 [main] DEBUG org.apache.http.client.protocol.RequestAddCookies - CookieSpec selected: ignoreCookies
19:16:09.672 [main] DEBUG org.apache.http.client.protocol.RequestAuthCache - Auth cache not set in the context
19:16:09.672 [main] DEBUG org.apache.http.client.protocol.RequestTargetAuthentication - Target auth state: UNCHALLENGED
19:16:09.672 [main] DEBUG org.apache.http.client.protocol.RequestProxyAuthentication - Proxy auth state: UNCHALLENGED
19:16:09.672 [main] DEBUG org.apache.http.impl.client.DefaultHttpClient - Attempt 1 to execute request
19:16:09.672 [main] DEBUG org.apache.http.impl.conn.DefaultClientConnection - Sending request: POST /jsonrpc.php HTTP/1.1
19:16:09.672 [main] DEBUG org.apache.http.wire -  >> "POST /jsonrpc.php HTTP/1.1[\r][\n]"
19:16:09.672 [main] DEBUG org.apache.http.wire -  >> "Accept: */*[\r][\n]"
19:16:09.672 [main] DEBUG org.apache.http.wire -  >> "Content-Type: text/plain; charset=ISO-8859-1[\r][\n]"
19:16:09.672 [main] DEBUG org.apache.http.wire -  >> "Content-Length: 199[\r][\n]"
19:16:09.672 [main] DEBUG org.apache.http.wire -  >> "Host: localhost:81[\r][\n]"
19:16:09.672 [main] DEBUG org.apache.http.wire -  >> "Connection: Keep-Alive[\r][\n]"
19:16:09.672 [main] DEBUG org.apache.http.wire -  >> "User-Agent: Apache-HttpClient/4.5.13 (Java/17)[\r][\n]"
19:16:09.672 [main] DEBUG org.apache.http.wire -  >> "Accept-Encoding: gzip,deflate[\r][\n]"
19:16:09.672 [main] DEBUG org.apache.http.wire -  >> "[\r][\n]"
19:16:09.672 [main] DEBUG org.apache.http.headers - >> POST /jsonrpc.php HTTP/1.1
19:16:09.672 [main] DEBUG org.apache.http.headers - >> Accept: */*
19:16:09.672 [main] DEBUG org.apache.http.headers - >> Content-Type: text/plain; charset=ISO-8859-1
19:16:09.672 [main] DEBUG org.apache.http.headers - >> Content-Length: 199
19:16:09.672 [main] DEBUG org.apache.http.headers - >> Host: localhost:81
19:16:09.672 [main] DEBUG org.apache.http.headers - >> Connection: Keep-Alive
19:16:09.672 [main] DEBUG org.apache.http.headers - >> User-Agent: Apache-HttpClient/4.5.13 (Java/17)
19:16:09.672 [main] DEBUG org.apache.http.headers - >> Accept-Encoding: gzip,deflate
19:16:09.673 [main] DEBUG org.apache.http.wire -  >> "{"jsonrpc":"2.0","method":"createUser","id":123123,"params":{"username":"kyryloAPITestLogin","password":"kyryloAPITestPassword","name":"kyrylo","email":"kyryloAPITest@mail.com","role":"app-manager"}}"
19:16:09.690 [main] DEBUG org.apache.http.wire -  << "HTTP/1.1 401 Unauthorized[\r][\n]"
19:16:09.690 [main] DEBUG org.apache.http.wire -  << "Server: nginx[\r][\n]"
19:16:09.690 [main] DEBUG org.apache.http.wire -  << "Date: Wed, 26 Jul 2023 16:16:09 GMT[\r][\n]"
19:16:09.690 [main] DEBUG org.apache.http.wire -  << "Content-Type: application/json[\r][\n]"
19:16:09.690 [main] DEBUG org.apache.http.wire -  << "Transfer-Encoding: chunked[\r][\n]"
19:16:09.690 [main] DEBUG org.apache.http.wire -  << "Connection: keep-alive[\r][\n]"
19:16:09.690 [main] DEBUG org.apache.http.wire -  << "WWW-Authenticate: Basic realm="JsonRPC"[\r][\n]"
19:16:09.690 [main] DEBUG org.apache.http.wire -  << "[\r][\n]"
19:16:09.690 [main] DEBUG org.apache.http.impl.conn.DefaultClientConnection - Receiving response: HTTP/1.1 401 Unauthorized
19:16:09.690 [main] DEBUG org.apache.http.headers - << HTTP/1.1 401 Unauthorized
19:16:09.690 [main] DEBUG org.apache.http.headers - << Server: nginx
19:16:09.690 [main] DEBUG org.apache.http.headers - << Date: Wed, 26 Jul 2023 16:16:09 GMT
19:16:09.690 [main] DEBUG org.apache.http.headers - << Content-Type: application/json
19:16:09.690 [main] DEBUG org.apache.http.headers - << Transfer-Encoding: chunked
19:16:09.690 [main] DEBUG org.apache.http.headers - << Connection: keep-alive
19:16:09.690 [main] DEBUG org.apache.http.headers - << WWW-Authenticate: Basic realm="JsonRPC"
19:16:09.691 [main] DEBUG org.apache.http.impl.client.DefaultHttpClient - Connection can be kept alive indefinitely
19:16:09.691 [main] DEBUG org.apache.http.impl.client.DefaultHttpClient - Authentication required
19:16:09.691 [main] DEBUG org.apache.http.impl.client.DefaultHttpClient - localhost:81 requested authentication
19:16:09.691 [main] DEBUG org.apache.http.impl.client.TargetAuthenticationStrategy - Authentication schemes in the order of preference: [Negotiate, Kerberos, NTLM, CredSSP, Digest, Basic]
19:16:09.691 [main] DEBUG org.apache.http.impl.client.TargetAuthenticationStrategy - Challenge for Negotiate authentication scheme not available
19:16:09.691 [main] DEBUG org.apache.http.impl.client.TargetAuthenticationStrategy - Challenge for Kerberos authentication scheme not available
19:16:09.691 [main] DEBUG org.apache.http.impl.client.TargetAuthenticationStrategy - Challenge for NTLM authentication scheme not available
19:16:09.691 [main] DEBUG org.apache.http.impl.client.TargetAuthenticationStrategy - Challenge for CredSSP authentication scheme not available
19:16:09.691 [main] DEBUG org.apache.http.impl.client.TargetAuthenticationStrategy - Challenge for Digest authentication scheme not available
19:16:09.691 [main] DEBUG org.apache.http.impl.client.DefaultHttpClient - Selected authentication options: [BASIC [complete=true]]
19:16:09.691 [main] DEBUG org.apache.http.wire -  << "49[\r][\n]"
19:16:09.691 [main] DEBUG org.apache.http.wire -  << "{"jsonrpc":"2.0","error":{"code":401,"message":"Unauthorized"},"id":null}"
19:16:09.691 [main] DEBUG org.apache.http.wire -  << "[\r][\n]"
19:16:09.691 [main] DEBUG org.apache.http.wire -  << "0[\r][\n]"
19:16:09.691 [main] DEBUG org.apache.http.wire -  << "[\r][\n]"
19:16:09.691 [main] DEBUG org.apache.http.client.protocol.RequestAddCookies - CookieSpec selected: ignoreCookies
19:16:09.691 [main] DEBUG org.apache.http.client.protocol.RequestAuthCache - Auth cache not set in the context
19:16:09.691 [main] DEBUG org.apache.http.client.protocol.RequestTargetAuthentication - Target auth state: CHALLENGED
19:16:09.691 [main] DEBUG org.apache.http.client.protocol.RequestTargetAuthentication - Generating response to an authentication challenge using basic scheme
19:16:09.691 [main] DEBUG org.apache.http.client.protocol.RequestProxyAuthentication - Proxy auth state: UNCHALLENGED
19:16:09.691 [main] DEBUG org.apache.http.impl.client.DefaultHttpClient - Attempt 2 to execute request
19:16:09.691 [main] DEBUG org.apache.http.impl.conn.DefaultClientConnection - Sending request: POST /jsonrpc.php HTTP/1.1
19:16:09.691 [main] DEBUG org.apache.http.wire -  >> "POST /jsonrpc.php HTTP/1.1[\r][\n]"
19:16:09.691 [main] DEBUG org.apache.http.wire -  >> "Accept: */*[\r][\n]"
19:16:09.691 [main] DEBUG org.apache.http.wire -  >> "Content-Type: text/plain; charset=ISO-8859-1[\r][\n]"
19:16:09.691 [main] DEBUG org.apache.http.wire -  >> "Content-Length: 199[\r][\n]"
19:16:09.691 [main] DEBUG org.apache.http.wire -  >> "Host: localhost:81[\r][\n]"
19:16:09.691 [main] DEBUG org.apache.http.wire -  >> "Connection: Keep-Alive[\r][\n]"
19:16:09.691 [main] DEBUG org.apache.http.wire -  >> "User-Agent: Apache-HttpClient/4.5.13 (Java/17)[\r][\n]"
19:16:09.691 [main] DEBUG org.apache.http.wire -  >> "Authorization: Basic YWRtaW46YWRtaW4=[\r][\n]"
19:16:09.691 [main] DEBUG org.apache.http.wire -  >> "Accept-Encoding: gzip,deflate[\r][\n]"
19:16:09.691 [main] DEBUG org.apache.http.wire -  >> "[\r][\n]"
19:16:09.691 [main] DEBUG org.apache.http.headers - >> POST /jsonrpc.php HTTP/1.1
19:16:09.691 [main] DEBUG org.apache.http.headers - >> Accept: */*
19:16:09.691 [main] DEBUG org.apache.http.headers - >> Content-Type: text/plain; charset=ISO-8859-1
19:16:09.691 [main] DEBUG org.apache.http.headers - >> Content-Length: 199
19:16:09.691 [main] DEBUG org.apache.http.headers - >> Host: localhost:81
19:16:09.691 [main] DEBUG org.apache.http.headers - >> Connection: Keep-Alive
19:16:09.691 [main] DEBUG org.apache.http.headers - >> User-Agent: Apache-HttpClient/4.5.13 (Java/17)
19:16:09.691 [main] DEBUG org.apache.http.headers - >> Authorization: Basic YWRtaW46YWRtaW4=
19:16:09.691 [main] DEBUG org.apache.http.headers - >> Accept-Encoding: gzip,deflate
19:16:09.691 [main] DEBUG org.apache.http.wire -  >> "{"jsonrpc":"2.0","method":"createUser","id":123123,"params":{"username":"kyryloAPITestLogin","password":"kyryloAPITestPassword","name":"kyrylo","email":"kyryloAPITest@mail.com","role":"app-manager"}}"
19:16:10.066 [AsyncHttpClient-1-1] DEBUG org.asynchttpclient.netty.channel.DefaultChannelPool - Entry count for : http://localhost:26604 : 1
19:16:10.066 [AsyncHttpClient-1-1] DEBUG org.asynchttpclient.netty.channel.DefaultChannelPool - Entry count for : http://localhost:53034 : 1
19:16:10.066 [AsyncHttpClient-1-1] DEBUG org.asynchttpclient.netty.channel.DefaultChannelPool - Adding Candidate expired Channel [id: 0x886a2031, L:/127.0.0.1:53041 ! R:localhost/127.0.0.1:53034] isIdleTimeoutExpired=false isRemotelyClosed=true isTtlExpired=false
19:16:10.066 [AsyncHttpClient-1-1] DEBUG org.asynchttpclient.netty.channel.DefaultChannelPool - Closing Idle Channel [id: 0x886a2031, L:/127.0.0.1:53041 ! R:localhost/127.0.0.1:53034]
19:16:10.066 [AsyncHttpClient-1-1] DEBUG org.asynchttpclient.netty.channel.DefaultChannelPool - Closed 1 connections out of 2 in 0 ms
19:16:10.120 [main] DEBUG org.apache.http.wire -  << "HTTP/1.1 200 OK[\r][\n]"
19:16:10.120 [main] DEBUG org.apache.http.wire -  << "Server: nginx[\r][\n]"
19:16:10.120 [main] DEBUG org.apache.http.wire -  << "Date: Wed, 26 Jul 2023 16:16:10 GMT[\r][\n]"
19:16:10.120 [main] DEBUG org.apache.http.wire -  << "Content-Type: application/json[\r][\n]"
19:16:10.120 [main] DEBUG org.apache.http.wire -  << "Transfer-Encoding: chunked[\r][\n]"
19:16:10.120 [main] DEBUG org.apache.http.wire -  << "Connection: keep-alive[\r][\n]"
19:16:10.120 [main] DEBUG org.apache.http.wire -  << "Vary: Accept-Encoding[\r][\n]"
19:16:10.120 [main] DEBUG org.apache.http.wire -  << "Content-Encoding: gzip[\r][\n]"
19:16:10.120 [main] DEBUG org.apache.http.wire -  << "[\r][\n]"
19:16:10.120 [main] DEBUG org.apache.http.impl.conn.DefaultClientConnection - Receiving response: HTTP/1.1 200 OK
19:16:10.120 [main] DEBUG org.apache.http.headers - << HTTP/1.1 200 OK
19:16:10.120 [main] DEBUG org.apache.http.headers - << Server: nginx
19:16:10.120 [main] DEBUG org.apache.http.headers - << Date: Wed, 26 Jul 2023 16:16:10 GMT
19:16:10.120 [main] DEBUG org.apache.http.headers - << Content-Type: application/json
19:16:10.120 [main] DEBUG org.apache.http.headers - << Transfer-Encoding: chunked
19:16:10.120 [main] DEBUG org.apache.http.headers - << Connection: keep-alive
19:16:10.121 [main] DEBUG org.apache.http.headers - << Vary: Accept-Encoding
19:16:10.121 [main] DEBUG org.apache.http.headers - << Content-Encoding: gzip
19:16:10.121 [main] DEBUG org.apache.http.impl.client.DefaultHttpClient - Connection can be kept alive indefinitely
19:16:10.121 [main] DEBUG org.apache.http.impl.client.DefaultHttpClient - Authentication succeeded
19:16:10.121 [main] DEBUG org.apache.http.impl.client.TargetAuthenticationStrategy - Caching 'basic' auth scheme for http://localhost:81
19:16:10.121 [main] DEBUG io.restassured.internal.RestAssuredHttpBuilder - Parsing response as: application/json
19:16:10.121 [main] DEBUG org.apache.http.wire -  << "3c[\r][\n]"
19:16:10.121 [main] DEBUG org.apache.http.wire -  << "[0x1f][0x8b][0x8][0x0][0x0][0x0][0x0][0x0][0x0][0x3][0xab]V[0xca]*[0xce][0xcf]+*HV[0xb2]R2[0xd2]3P[0xd2]Q*J-.[0xcd])Q[0xb2]2[0xb6]4[0xd3]Q[0xca]LQ[0xb2]242[0x6][0xa2]Z[0x0][0x83][0xe4][0xb8]*[0x0][0x0][0x0]"
19:16:10.121 [main] DEBUG org.apache.http.wire -  << "[\r][\n]"
19:16:10.121 [main] DEBUG org.apache.http.wire -  << "0[\r][\n]"
19:16:10.121 [main] DEBUG org.apache.http.wire -  << "[\r][\n]"
19:16:10.121 [main] DEBUG io.restassured.internal.RestAssuredHttpBuilder - Parsed data to instance of: class org.apache.http.conn.EofSensorInputStream
19:16:10.122 [main] DEBUG org.apache.http.impl.conn.BasicClientConnectionManager - Releasing connection org.apache.http.impl.conn.ManagedClientConnectionImpl@214faadd
19:16:10.122 [main] DEBUG org.apache.http.impl.conn.BasicClientConnectionManager - Connection can be kept alive indefinitely
{
    "jsonrpc": "2.0",
    "result": 396,
    "id": 123123
}
{
    "jsonrpc": "2.0",
    "result": 396,
    "id": 123123
}
Request method:	POST
Request URI:	http://localhost:81/jsonrpc.php
Proxy:			<none>
Request params:	<none>
Query params:	<none>
Form params:	<none>
Path params:	<none>
Headers:		Accept=*/*
				Content-Type=text/plain; charset=ISO-8859-1
Cookies:		<none>
Multiparts:		<none>
Body:
{"jsonrpc":"2.0","method":"createProject","id":345,"params":{"name":"API_Project","description":"API_Project Description","owner_id":396}}
19:16:10.148 [main] DEBUG org.apache.http.impl.conn.BasicClientConnectionManager - Get connection for route {}->http://localhost:81
19:16:10.148 [main] DEBUG org.apache.http.impl.conn.DefaultClientConnectionOperator - Connecting to localhost:81
19:16:10.149 [main] DEBUG org.apache.http.client.protocol.RequestAddCookies - CookieSpec selected: ignoreCookies
19:16:10.149 [main] DEBUG org.apache.http.client.protocol.RequestAuthCache - Auth cache not set in the context
19:16:10.149 [main] DEBUG org.apache.http.client.protocol.RequestTargetAuthentication - Target auth state: UNCHALLENGED
19:16:10.149 [main] DEBUG org.apache.http.client.protocol.RequestProxyAuthentication - Proxy auth state: UNCHALLENGED
19:16:10.149 [main] DEBUG org.apache.http.impl.client.DefaultHttpClient - Attempt 1 to execute request
19:16:10.149 [main] DEBUG org.apache.http.impl.conn.DefaultClientConnection - Sending request: POST /jsonrpc.php HTTP/1.1
19:16:10.149 [main] DEBUG org.apache.http.wire -  >> "POST /jsonrpc.php HTTP/1.1[\r][\n]"
19:16:10.149 [main] DEBUG org.apache.http.wire -  >> "Accept: */*[\r][\n]"
19:16:10.149 [main] DEBUG org.apache.http.wire -  >> "Content-Type: text/plain; charset=ISO-8859-1[\r][\n]"
19:16:10.149 [main] DEBUG org.apache.http.wire -  >> "Content-Length: 138[\r][\n]"
19:16:10.149 [main] DEBUG org.apache.http.wire -  >> "Host: localhost:81[\r][\n]"
19:16:10.149 [main] DEBUG org.apache.http.wire -  >> "Connection: Keep-Alive[\r][\n]"
19:16:10.149 [main] DEBUG org.apache.http.wire -  >> "User-Agent: Apache-HttpClient/4.5.13 (Java/17)[\r][\n]"
19:16:10.149 [main] DEBUG org.apache.http.wire -  >> "Accept-Encoding: gzip,deflate[\r][\n]"
19:16:10.149 [main] DEBUG org.apache.http.wire -  >> "[\r][\n]"
19:16:10.149 [main] DEBUG org.apache.http.headers - >> POST /jsonrpc.php HTTP/1.1
19:16:10.149 [main] DEBUG org.apache.http.headers - >> Accept: */*
19:16:10.149 [main] DEBUG org.apache.http.headers - >> Content-Type: text/plain; charset=ISO-8859-1
19:16:10.149 [main] DEBUG org.apache.http.headers - >> Content-Length: 138
19:16:10.149 [main] DEBUG org.apache.http.headers - >> Host: localhost:81
19:16:10.149 [main] DEBUG org.apache.http.headers - >> Connection: Keep-Alive
19:16:10.149 [main] DEBUG org.apache.http.headers - >> User-Agent: Apache-HttpClient/4.5.13 (Java/17)
19:16:10.149 [main] DEBUG org.apache.http.headers - >> Accept-Encoding: gzip,deflate
19:16:10.149 [main] DEBUG org.apache.http.wire -  >> "{"jsonrpc":"2.0","method":"createProject","id":345,"params":{"name":"API_Project","description":"API_Project Description","owner_id":396}}"
19:16:10.163 [main] DEBUG org.apache.http.wire -  << "HTTP/1.1 401 Unauthorized[\r][\n]"
19:16:10.163 [main] DEBUG org.apache.http.wire -  << "Server: nginx[\r][\n]"
19:16:10.163 [main] DEBUG org.apache.http.wire -  << "Date: Wed, 26 Jul 2023 16:16:10 GMT[\r][\n]"
19:16:10.163 [main] DEBUG org.apache.http.wire -  << "Content-Type: application/json[\r][\n]"
19:16:10.163 [main] DEBUG org.apache.http.wire -  << "Transfer-Encoding: chunked[\r][\n]"
19:16:10.163 [main] DEBUG org.apache.http.wire -  << "Connection: keep-alive[\r][\n]"
19:16:10.163 [main] DEBUG org.apache.http.wire -  << "WWW-Authenticate: Basic realm="JsonRPC"[\r][\n]"
19:16:10.163 [main] DEBUG org.apache.http.wire -  << "[\r][\n]"
19:16:10.163 [main] DEBUG org.apache.http.impl.conn.DefaultClientConnection - Receiving response: HTTP/1.1 401 Unauthorized
19:16:10.163 [main] DEBUG org.apache.http.headers - << HTTP/1.1 401 Unauthorized
19:16:10.163 [main] DEBUG org.apache.http.headers - << Server: nginx
19:16:10.163 [main] DEBUG org.apache.http.headers - << Date: Wed, 26 Jul 2023 16:16:10 GMT
19:16:10.163 [main] DEBUG org.apache.http.headers - << Content-Type: application/json
19:16:10.163 [main] DEBUG org.apache.http.headers - << Transfer-Encoding: chunked
19:16:10.163 [main] DEBUG org.apache.http.headers - << Connection: keep-alive
19:16:10.163 [main] DEBUG org.apache.http.headers - << WWW-Authenticate: Basic realm="JsonRPC"
19:16:10.164 [main] DEBUG org.apache.http.impl.client.DefaultHttpClient - Connection can be kept alive indefinitely
19:16:10.164 [main] DEBUG org.apache.http.impl.client.DefaultHttpClient - Authentication required
19:16:10.164 [main] DEBUG org.apache.http.impl.client.DefaultHttpClient - localhost:81 requested authentication
19:16:10.164 [main] DEBUG org.apache.http.impl.client.TargetAuthenticationStrategy - Authentication schemes in the order of preference: [Negotiate, Kerberos, NTLM, CredSSP, Digest, Basic]
19:16:10.164 [main] DEBUG org.apache.http.impl.client.TargetAuthenticationStrategy - Challenge for Negotiate authentication scheme not available
19:16:10.164 [main] DEBUG org.apache.http.impl.client.TargetAuthenticationStrategy - Challenge for Kerberos authentication scheme not available
19:16:10.164 [main] DEBUG org.apache.http.impl.client.TargetAuthenticationStrategy - Challenge for NTLM authentication scheme not available
19:16:10.164 [main] DEBUG org.apache.http.impl.client.TargetAuthenticationStrategy - Challenge for CredSSP authentication scheme not available
19:16:10.164 [main] DEBUG org.apache.http.impl.client.TargetAuthenticationStrategy - Challenge for Digest authentication scheme not available
19:16:10.164 [main] DEBUG org.apache.http.impl.client.DefaultHttpClient - Selected authentication options: [BASIC [complete=true]]
19:16:10.164 [main] DEBUG org.apache.http.wire -  << "49[\r][\n]"
19:16:10.164 [main] DEBUG org.apache.http.wire -  << "{"jsonrpc":"2.0","error":{"code":401,"message":"Unauthorized"},"id":null}"
19:16:10.164 [main] DEBUG org.apache.http.wire -  << "[\r][\n]"
19:16:10.164 [main] DEBUG org.apache.http.wire -  << "0[\r][\n]"
19:16:10.164 [main] DEBUG org.apache.http.wire -  << "[\r][\n]"
19:16:10.164 [main] DEBUG org.apache.http.client.protocol.RequestAddCookies - CookieSpec selected: ignoreCookies
19:16:10.164 [main] DEBUG org.apache.http.client.protocol.RequestAuthCache - Auth cache not set in the context
19:16:10.164 [main] DEBUG org.apache.http.client.protocol.RequestTargetAuthentication - Target auth state: CHALLENGED
19:16:10.164 [main] DEBUG org.apache.http.client.protocol.RequestTargetAuthentication - Generating response to an authentication challenge using basic scheme
19:16:10.164 [main] DEBUG org.apache.http.client.protocol.RequestProxyAuthentication - Proxy auth state: UNCHALLENGED
19:16:10.164 [main] DEBUG org.apache.http.impl.client.DefaultHttpClient - Attempt 2 to execute request
19:16:10.164 [main] DEBUG org.apache.http.impl.conn.DefaultClientConnection - Sending request: POST /jsonrpc.php HTTP/1.1
19:16:10.164 [main] DEBUG org.apache.http.wire -  >> "POST /jsonrpc.php HTTP/1.1[\r][\n]"
19:16:10.164 [main] DEBUG org.apache.http.wire -  >> "Accept: */*[\r][\n]"
19:16:10.164 [main] DEBUG org.apache.http.wire -  >> "Content-Type: text/plain; charset=ISO-8859-1[\r][\n]"
19:16:10.164 [main] DEBUG org.apache.http.wire -  >> "Content-Length: 138[\r][\n]"
19:16:10.164 [main] DEBUG org.apache.http.wire -  >> "Host: localhost:81[\r][\n]"
19:16:10.164 [main] DEBUG org.apache.http.wire -  >> "Connection: Keep-Alive[\r][\n]"
19:16:10.164 [main] DEBUG org.apache.http.wire -  >> "User-Agent: Apache-HttpClient/4.5.13 (Java/17)[\r][\n]"
19:16:10.164 [main] DEBUG org.apache.http.wire -  >> "Authorization: Basic a3lyeWxvQVBJVGVzdExvZ2luOmt5cnlsb0FQSVRlc3RQYXNzd29yZA==[\r][\n]"
19:16:10.164 [main] DEBUG org.apache.http.wire -  >> "Accept-Encoding: gzip,deflate[\r][\n]"
19:16:10.164 [main] DEBUG org.apache.http.wire -  >> "[\r][\n]"
19:16:10.164 [main] DEBUG org.apache.http.headers - >> POST /jsonrpc.php HTTP/1.1
19:16:10.164 [main] DEBUG org.apache.http.headers - >> Accept: */*
19:16:10.164 [main] DEBUG org.apache.http.headers - >> Content-Type: text/plain; charset=ISO-8859-1
19:16:10.164 [main] DEBUG org.apache.http.headers - >> Content-Length: 138
19:16:10.164 [main] DEBUG org.apache.http.headers - >> Host: localhost:81
19:16:10.164 [main] DEBUG org.apache.http.headers - >> Connection: Keep-Alive
19:16:10.164 [main] DEBUG org.apache.http.headers - >> User-Agent: Apache-HttpClient/4.5.13 (Java/17)
19:16:10.164 [main] DEBUG org.apache.http.headers - >> Authorization: Basic a3lyeWxvQVBJVGVzdExvZ2luOmt5cnlsb0FQSVRlc3RQYXNzd29yZA==
19:16:10.164 [main] DEBUG org.apache.http.headers - >> Accept-Encoding: gzip,deflate
19:16:10.164 [main] DEBUG org.apache.http.wire -  >> "{"jsonrpc":"2.0","method":"createProject","id":345,"params":{"name":"API_Project","description":"API_Project Description","owner_id":396}}"
19:16:10.373 [main] DEBUG org.apache.http.wire -  << "HTTP/1.1 200 OK[\r][\n]"
19:16:10.373 [main] DEBUG org.apache.http.wire -  << "Server: nginx[\r][\n]"
19:16:10.373 [main] DEBUG org.apache.http.wire -  << "Date: Wed, 26 Jul 2023 16:16:10 GMT[\r][\n]"
19:16:10.373 [main] DEBUG org.apache.http.wire -  << "Content-Type: application/json[\r][\n]"
19:16:10.373 [main] DEBUG org.apache.http.wire -  << "Transfer-Encoding: chunked[\r][\n]"
19:16:10.373 [main] DEBUG org.apache.http.wire -  << "Connection: keep-alive[\r][\n]"
19:16:10.373 [main] DEBUG org.apache.http.wire -  << "Vary: Accept-Encoding[\r][\n]"
19:16:10.373 [main] DEBUG org.apache.http.wire -  << "Content-Encoding: gzip[\r][\n]"
19:16:10.373 [main] DEBUG org.apache.http.wire -  << "[\r][\n]"
19:16:10.373 [main] DEBUG org.apache.http.impl.conn.DefaultClientConnection - Receiving response: HTTP/1.1 200 OK
19:16:10.373 [main] DEBUG org.apache.http.headers - << HTTP/1.1 200 OK
19:16:10.373 [main] DEBUG org.apache.http.headers - << Server: nginx
19:16:10.373 [main] DEBUG org.apache.http.headers - << Date: Wed, 26 Jul 2023 16:16:10 GMT
19:16:10.373 [main] DEBUG org.apache.http.headers - << Content-Type: application/json
19:16:10.373 [main] DEBUG org.apache.http.headers - << Transfer-Encoding: chunked
19:16:10.373 [main] DEBUG org.apache.http.headers - << Connection: keep-alive
19:16:10.373 [main] DEBUG org.apache.http.headers - << Vary: Accept-Encoding
19:16:10.373 [main] DEBUG org.apache.http.headers - << Content-Encoding: gzip
19:16:10.373 [main] DEBUG org.apache.http.impl.client.DefaultHttpClient - Connection can be kept alive indefinitely
19:16:10.373 [main] DEBUG org.apache.http.impl.client.DefaultHttpClient - Authentication succeeded
19:16:10.373 [main] DEBUG org.apache.http.impl.client.TargetAuthenticationStrategy - Caching 'basic' auth scheme for http://localhost:81
19:16:10.374 [main] DEBUG io.restassured.internal.RestAssuredHttpBuilder - Parsing response as: application/json
19:16:10.374 [main] DEBUG org.apache.http.wire -  << "3b[\r][\n]"
19:16:10.374 [main] DEBUG org.apache.http.wire -  << "[0x1f][0x8b][0x8][0x0][0x0][0x0][0x0][0x0][0x0][0x3][0xab]V[0xca]*[0xce][0xcf]+*HV[0xb2]R2[0xd2]3P[0xd2]Q*J-.[0xcd])Q[0xb2]227[0xd0]Q[0xca]LQ[0xb2]261[0xad][0x5][0x0][0x1c][0x19]t[0xb4]'[0x0][0x0][0x0]"
19:16:10.374 [main] DEBUG org.apache.http.wire -  << "[\r][\n]"
19:16:10.374 [main] DEBUG org.apache.http.wire -  << "0[\r][\n]"
19:16:10.374 [main] DEBUG org.apache.http.wire -  << "[\r][\n]"
19:16:10.374 [main] DEBUG io.restassured.internal.RestAssuredHttpBuilder - Parsed data to instance of: class org.apache.http.conn.EofSensorInputStream
19:16:10.374 [main] DEBUG org.apache.http.impl.conn.BasicClientConnectionManager - Releasing connection org.apache.http.impl.conn.ManagedClientConnectionImpl@53cddaec
19:16:10.374 [main] DEBUG org.apache.http.impl.conn.BasicClientConnectionManager - Connection can be kept alive indefinitely
{
    "jsonrpc": "2.0",
    "result": 270,
    "id": 345
}
{
    "jsonrpc": "2.0",
    "result": 270,
    "id": 345
}
19:16:10.378 [Forwarding getTitle on session bb0e0b6424773eb8f3a28d6ff74a90a0 to remote] DEBUG org.asynchttpclient.netty.request.NettyRequestSender - Using pooled Channel '[id: 0xa9bff4f4, L:/127.0.0.1:53033 - R:localhost/127.0.0.1:26604]' for 'GET' to 'http://localhost:26604/session/bb0e0b6424773eb8f3a28d6ff74a90a0/title'
19:16:10.378 [Forwarding getTitle on session bb0e0b6424773eb8f3a28d6ff74a90a0 to remote] DEBUG org.asynchttpclient.netty.request.NettyRequestSender - Using open Channel [id: 0xa9bff4f4, L:/127.0.0.1:53033 - R:localhost/127.0.0.1:26604] for GET '/session/bb0e0b6424773eb8f3a28d6ff74a90a0/title'
19:16:10.379 [AsyncHttpClient-1-5] DEBUG org.asynchttpclient.netty.handler.HttpHandler - 

Request DefaultFullHttpRequest(decodeResult: success, version: HTTP/1.1, content: EmptyByteBufBE)
GET /session/bb0e0b6424773eb8f3a28d6ff74a90a0/title HTTP/1.1
User-Agent: selenium/4.9.1 (java windows)
Cache-Control: no-cache
Content-Type: application/json; charset=utf-8
host: localhost:26604
accept: */*

Response DefaultHttpResponse(decodeResult: success, version: HTTP/1.1)
HTTP/1.1 404 Not Found
Content-Length: 831
Content-Type: application/json; charset=utf-8
cache-control: no-cache

19:16:10.379 [AsyncHttpClient-1-5] DEBUG org.asynchttpclient.netty.channel.ChannelManager - Adding key: http://localhost:26604 for channel [id: 0xa9bff4f4, L:/127.0.0.1:53033 - R:localhost/127.0.0.1:26604]
19:16:10.381 [main] DEBUG com.codeborne.selenide.drivercommands.BrowserHealthChecker - Browser session is not found
org.openqa.selenium.NoSuchSessionException: invalid session id
Build info: version: '4.9.1', revision: 'eb2032df7f'
System info: os.name: 'Windows 10', os.arch: 'amd64', os.version: '10.0', java.version: '17'
Driver info: org.openqa.selenium.chrome.ChromeDriver
Command: [bb0e0b6424773eb8f3a28d6ff74a90a0, getTitle {}]
Capabilities {acceptInsecureCerts: true, browserName: chrome, browserVersion: 114.0.5735.248, chrome: {chromedriverVersion: 114.0.5735.90 (386bc09e8f4f..., userDataDir: C:\Users\KFA24~1.SHM\AppDat...}, goog:chromeOptions: {debuggerAddress: localhost:53034}, networkConnectionEnabled: false, pageLoadStrategy: normal, platformName: windows, proxy: Proxy(), se:cdp: ws://localhost:53034/devtoo..., se:cdpVersion: 114.0.5735.248, setWindowRect: true, strictFileInteractability: false, timeouts: {implicit: 0, pageLoad: 300000, script: 30000}, unhandledPromptBehavior: accept, webauthn:extension:credBlob: true, webauthn:extension:largeBlob: true, webauthn:extension:minPinLength: true, webauthn:extension:prf: true, webauthn:virtualAuthenticators: true}
Session ID: bb0e0b6424773eb8f3a28d6ff74a90a0
	at java.base/jdk.internal.reflect.NativeConstructorAccessorImpl.newInstance0(Native Method)
	at java.base/jdk.internal.reflect.NativeConstructorAccessorImpl.newInstance(NativeConstructorAccessorImpl.java:77)
	at java.base/jdk.internal.reflect.DelegatingConstructorAccessorImpl.newInstance(DelegatingConstructorAccessorImpl.java:45)
	at java.base/java.lang.reflect.Constructor.newInstanceWithCaller(Constructor.java:499)
	at java.base/java.lang.reflect.Constructor.newInstance(Constructor.java:480)
	at org.openqa.selenium.remote.codec.w3c.W3CHttpResponseCodec.createException(W3CHttpResponseCodec.java:200)
	at org.openqa.selenium.remote.codec.w3c.W3CHttpResponseCodec.decode(W3CHttpResponseCodec.java:133)
	at org.openqa.selenium.remote.codec.w3c.W3CHttpResponseCodec.decode(W3CHttpResponseCodec.java:53)
	at org.openqa.selenium.remote.HttpCommandExecutor.execute(HttpCommandExecutor.java:193)
	at org.openqa.selenium.remote.service.DriverCommandExecutor.invokeExecute(DriverCommandExecutor.java:183)
	at org.openqa.selenium.remote.service.DriverCommandExecutor.execute(DriverCommandExecutor.java:158)
	at org.openqa.selenium.remote.RemoteWebDriver.execute(RemoteWebDriver.java:543)
	at org.openqa.selenium.remote.RemoteWebDriver.execute(RemoteWebDriver.java:598)
	at org.openqa.selenium.remote.RemoteWebDriver.execute(RemoteWebDriver.java:602)
	at org.openqa.selenium.remote.RemoteWebDriver.getTitle(RemoteWebDriver.java:302)
	at com.codeborne.selenide.drivercommands.BrowserHealthChecker.isBrowserStillOpen(BrowserHealthChecker.java:19)
	at com.codeborne.selenide.impl.WebDriverThreadLocalContainer.getAndCheckWebDriver(WebDriverThreadLocalContainer.java:158)
	at com.codeborne.selenide.WebDriverRunner.getAndCheckWebDriver(WebDriverRunner.java:130)
	at com.codeborne.selenide.impl.StaticDriver.getAndCheckWebDriver(StaticDriver.java:65)
	at com.codeborne.selenide.SelenideDriver.getAndCheckWebDriver(SelenideDriver.java:220)
	at com.codeborne.selenide.drivercommands.Navigator.lambda$navigateTo$0(Navigator.java:72)
	at com.codeborne.selenide.logevents.SelenideLogger.lambda$run$0(SelenideLogger.java:105)
	at com.codeborne.selenide.logevents.SelenideLogger.wrap(SelenideLogger.java:133)
	at com.codeborne.selenide.logevents.SelenideLogger.run(SelenideLogger.java:104)
	at com.codeborne.selenide.drivercommands.Navigator.navigateTo(Navigator.java:70)
	at com.codeborne.selenide.drivercommands.Navigator.open(Navigator.java:32)
	at com.codeborne.selenide.SelenideDriver.open(SelenideDriver.java:101)
	at com.codeborne.selenide.Selenide.open(Selenide.java:53)
	at COMBINED.BaseTests.TaskBaseTestCombined.setUp(TaskBaseTestCombined.java:27)
	at java.base/jdk.internal.reflect.NativeMethodAccessorImpl.invoke0(Native Method)
	at java.base/jdk.internal.reflect.NativeMethodAccessorImpl.invoke(NativeMethodAccessorImpl.java:77)
	at java.base/jdk.internal.reflect.DelegatingMethodAccessorImpl.invoke(DelegatingMethodAccessorImpl.java:43)
	at java.base/java.lang.reflect.Method.invoke(Method.java:568)
	at org.testng.internal.invokers.MethodInvocationHelper.invokeMethod(MethodInvocationHelper.java:139)
	at org.testng.internal.invokers.MethodInvocationHelper.invokeMethodConsideringTimeout(MethodInvocationHelper.java:69)
	at org.testng.internal.invokers.ConfigInvoker.invokeConfigurationMethod(ConfigInvoker.java:361)
	at org.testng.internal.invokers.ConfigInvoker.invokeConfigurations(ConfigInvoker.java:296)
	at org.testng.internal.invokers.TestInvoker.runConfigMethods(TestInvoker.java:823)
	at org.testng.internal.invokers.TestInvoker.invokeMethod(TestInvoker.java:590)
	at org.testng.internal.invokers.TestInvoker.invokeTestMethod(TestInvoker.java:221)
	at org.testng.internal.invokers.MethodRunner.runInSequence(MethodRunner.java:50)
	at org.testng.internal.invokers.TestInvoker$MethodInvocationAgent.invoke(TestInvoker.java:969)
	at org.testng.internal.invokers.TestInvoker.invokeTestMethods(TestInvoker.java:194)
	at org.testng.internal.invokers.TestMethodWorker.invokeTestMethods(TestMethodWorker.java:148)
	at org.testng.internal.invokers.TestMethodWorker.run(TestMethodWorker.java:128)
	at java.base/java.util.ArrayList.forEach(ArrayList.java:1511)
	at org.testng.TestRunner.privateRun(TestRunner.java:829)
	at org.testng.TestRunner.run(TestRunner.java:602)
	at org.testng.SuiteRunner.runTest(SuiteRunner.java:437)
	at org.testng.SuiteRunner.runSequentially(SuiteRunner.java:431)
	at org.testng.SuiteRunner.privateRun(SuiteRunner.java:391)
	at org.testng.SuiteRunner.run(SuiteRunner.java:330)
	at org.testng.SuiteRunnerWorker.runSuite(SuiteRunnerWorker.java:52)
	at org.testng.SuiteRunnerWorker.run(SuiteRunnerWorker.java:95)
	at org.testng.TestNG.runSuitesSequentially(TestNG.java:1256)
	at org.testng.TestNG.runSuitesLocally(TestNG.java:1176)
	at org.testng.TestNG.runSuites(TestNG.java:1099)
	at org.testng.TestNG.run(TestNG.java:1067)
	at org.apache.maven.surefire.testng.TestNGExecutor.run(TestNGExecutor.java:324)
	at org.apache.maven.surefire.testng.TestNGXmlTestSuite.execute(TestNGXmlTestSuite.java:74)
	at org.apache.maven.surefire.testng.TestNGProvider.invoke(TestNGProvider.java:123)
	at org.apache.maven.surefire.booter.ForkedBooter.runSuitesInProcess(ForkedBooter.java:456)
	at org.apache.maven.surefire.booter.ForkedBooter.execute(ForkedBooter.java:169)
	at org.apache.maven.surefire.booter.ForkedBooter.run(ForkedBooter.java:595)
	at org.apache.maven.surefire.booter.ForkedBooter.main(ForkedBooter.java:581)
19:16:10.381 [main] INFO com.codeborne.selenide.impl.WebDriverThreadLocalContainer - Webdriver has been closed meanwhile. Let's re-create it.
19:16:10.382 [main] INFO com.codeborne.selenide.impl.FileHelper - Deleted empty folder: C:\Users\k.shmana\Desktop\r_d\Kanboard\build\downloads\1690388160594_17176_1
19:16:10.382 [main] INFO com.codeborne.selenide.drivercommands.CloseDriverCommand - Close webdriver: 1 -> ChromeDriver: chrome on windows (bb0e0b6424773eb8f3a28d6ff74a90a0)...
19:16:10.383 [Driver Command Executor] DEBUG org.asynchttpclient.netty.request.NettyRequestSender - Using pooled Channel '[id: 0xa9bff4f4, L:/127.0.0.1:53033 - R:localhost/127.0.0.1:26604]' for 'DELETE' to 'http://localhost:26604/session/bb0e0b6424773eb8f3a28d6ff74a90a0'
19:16:10.383 [Driver Command Executor] DEBUG org.asynchttpclient.netty.request.NettyRequestSender - Using open Channel [id: 0xa9bff4f4, L:/127.0.0.1:53033 - R:localhost/127.0.0.1:26604] for DELETE '/session/bb0e0b6424773eb8f3a28d6ff74a90a0'
19:16:10.384 [AsyncHttpClient-1-5] DEBUG org.asynchttpclient.netty.handler.HttpHandler - 

Request DefaultFullHttpRequest(decodeResult: success, version: HTTP/1.1, content: EmptyByteBufBE)
DELETE /session/bb0e0b6424773eb8f3a28d6ff74a90a0 HTTP/1.1
User-Agent: selenium/4.9.1 (java windows)
Content-Type: application/json; charset=utf-8
host: localhost:26604
accept: */*

Response DefaultHttpResponse(decodeResult: success, version: HTTP/1.1)
HTTP/1.1 200 OK
Content-Length: 14
Content-Type: application/json; charset=utf-8
cache-control: no-cache

19:16:10.384 [AsyncHttpClient-1-5] DEBUG org.asynchttpclient.netty.channel.ChannelManager - Adding key: http://localhost:26604 for channel [id: 0xa9bff4f4, L:/127.0.0.1:53033 - R:localhost/127.0.0.1:26604]
19:16:10.387 [AsyncHttpClient-1-5] DEBUG org.asynchttpclient.netty.handler.HttpHandler - Channel Closed: [id: 0xa9bff4f4, L:/127.0.0.1:53033 ! R:localhost/127.0.0.1:26604] with attribute DISCARD
19:16:10.468 [main] INFO com.codeborne.selenide.drivercommands.CloseDriverCommand - Closed webdriver 1 in 86 ms
19:16:10.468 [main] INFO com.codeborne.selenide.drivercommands.DisposablesRegistry - Unregister WebDriverInstance[config=StaticConfig,webDriver=ChromeDriver: chrome on windows (null),proxy=null,downloadsFolder=C:\Users\k.shmana\Desktop\r_d\Kanboard\build\downloads\1690388160594_17176_1] in 1 [size=0]
19:16:10.468 [main] DEBUG com.codeborne.selenide.drivercommands.CreateDriverCommand - Creating webdriver in thread 1 (ip: 192.168.1.2, host: N-KV-TYCH1O-F81)...
19:16:10.469 [main] INFO com.codeborne.selenide.impl.FileHelper - Creating folder: C:\Users\k.shmana\Desktop\r_d\Kanboard\build\downloads\1690388170468_17176_1
19:16:10.470 [main] DEBUG com.codeborne.selenide.webdriver.WebDriverFactory - browser=chrome
19:16:10.470 [main] DEBUG com.codeborne.selenide.webdriver.WebDriverFactory - browser.version=null
19:16:10.470 [main] DEBUG com.codeborne.selenide.webdriver.WebDriverFactory - remote=null
19:16:10.470 [main] DEBUG com.codeborne.selenide.webdriver.WebDriverFactory - browserSize=1366x768
19:16:10.470 [main] DEBUG com.codeborne.selenide.webdriver.WebDriverFactory - downloadsFolder=C:\Users\k.shmana\Desktop\r_d\Kanboard\build\downloads\1690388170468_17176_1
19:16:10.470 [main] DEBUG com.codeborne.selenide.webdriver.AbstractChromiumDriverFactory - Using chromium preferences: {credentials_enable_service=false, safebrowsing.enabled=true, plugins.always_open_pdf_externally=true, profile.default_content_setting_values.automatic_downloads=1, download.default_directory=C:\Users\k.shmana\Desktop\r_d\Kanboard\build\downloads\1690388170468_17176_1}
19:16:10.470 [main] DEBUG com.codeborne.selenide.webdriver.ChromeDriverFactory - Chrome options: Capabilities {acceptInsecureCerts: true, browserName: chrome, goog:chromeOptions: {args: [--remote-allow-origins=*, --proxy-bypass-list=<-loopb..., --disable-dev-shm-usage, --window-size=1366,768], excludeSwitches: [enable-automation, load-extension], extensions: [], prefs: {credentials_enable_service: false, download.default_directory: C:\Users\k.shmana\Desktop\r..., plugins.always_open_pdf_externally: true, profile.default_content_setting_values.automatic_downloads: 1, safebrowsing.enabled: true}}, pageLoadStrategy: normal, unhandledPromptBehavior: accept}
19:16:10.476 [main] INFO com.codeborne.selenide.webdriver.SelenideNettyClientFactory - Changed readTimeout from PT3M to PT1M30S
19:16:10.592 [AsyncHttpClient-1-8] DEBUG org.asynchttpclient.netty.channel.NettyConnectListener - Using new Channel '[id: 0xeca16c79, L:/127.0.0.1:53065 - R:localhost/127.0.0.1:8656]' for 'POST' to '/session'
19:16:11.171 [AsyncHttpClient-1-1] DEBUG org.asynchttpclient.netty.channel.DefaultChannelPool - Entry count for : http://localhost:26604 : 1
19:16:11.171 [AsyncHttpClient-1-1] DEBUG org.asynchttpclient.netty.channel.DefaultChannelPool - Adding Candidate expired Channel [id: 0xa9bff4f4, L:/127.0.0.1:53033 ! R:localhost/127.0.0.1:26604] isIdleTimeoutExpired=false isRemotelyClosed=true isTtlExpired=false
19:16:11.171 [AsyncHttpClient-1-1] DEBUG org.asynchttpclient.netty.channel.DefaultChannelPool - Closing Idle Channel [id: 0xa9bff4f4, L:/127.0.0.1:53033 ! R:localhost/127.0.0.1:26604]
19:16:11.172 [AsyncHttpClient-1-1] DEBUG org.asynchttpclient.netty.channel.DefaultChannelPool - Closed 1 connections out of 1 in 1 ms
19:16:11.888 [AsyncHttpClient-1-8] DEBUG org.asynchttpclient.netty.handler.HttpHandler - 

Request DefaultHttpRequest(decodeResult: success, version: HTTP/1.1)
POST /session HTTP/1.1
User-Agent: selenium/4.9.1 (java windows)
Content-Length: 996
Content-Type: application/json; charset=utf-8
host: localhost:8656
accept: */*

Response DefaultHttpResponse(decodeResult: success, version: HTTP/1.1)
HTTP/1.1 200 OK
Content-Length: 853
Content-Type: application/json; charset=utf-8
cache-control: no-cache

19:16:11.889 [AsyncHttpClient-1-8] DEBUG org.asynchttpclient.netty.channel.ChannelManager - Adding key: http://localhost:8656 for channel [id: 0xeca16c79, L:/127.0.0.1:53065 - R:localhost/127.0.0.1:8656]
19:16:11.907 [main] INFO com.codeborne.selenide.webdriver.SelenideNettyClientFactory - Changed readTimeout from PT3M to PT1M30S
19:16:11.914 [AsyncHttpClient-1-9] DEBUG org.asynchttpclient.netty.channel.NettyConnectListener - Using new Channel '[id: 0x7a5157a8, L:/127.0.0.1:53072 - R:localhost/127.0.0.1:53066]' for 'GET' to '/json/version'
19:16:11.919 [AsyncHttpClient-1-9] DEBUG org.asynchttpclient.netty.handler.HttpHandler - 

Request DefaultFullHttpRequest(decodeResult: success, version: HTTP/1.1, content: EmptyByteBufBE)
GET /json/version HTTP/1.1
User-Agent: selenium/4.9.1 (java windows)
host: localhost:53066
accept: */*

Response DefaultHttpResponse(decodeResult: success, version: HTTP/1.1)
HTTP/1.1 200 OK
Content-Security-Policy: frame-ancestors 'none'
Content-Length: 424
Content-Type: application/json; charset=UTF-8

19:16:11.920 [AsyncHttpClient-1-9] DEBUG org.asynchttpclient.netty.channel.ChannelManager - Adding key: http://localhost:53066 for channel [id: 0x7a5157a8, L:/127.0.0.1:53072 - R:localhost/127.0.0.1:53066]
19:16:11.921 [main] INFO com.codeborne.selenide.webdriver.SelenideNettyClientFactory - Changed readTimeout from PT3M to PT1M30S
19:16:11.931 [AsyncHttpClient-1-10] DEBUG org.asynchttpclient.netty.channel.NettyConnectListener - Using new Channel '[id: 0x76b8c107, L:/127.0.0.1:53073 - R:localhost/127.0.0.1:53066]' for 'GET' to '/devtools/browser/72d68504-b540-48b6-9250-56b3fd60124a'
19:16:11.941 [AsyncHttpClient-1-10] DEBUG org.asynchttpclient.netty.handler.WebSocketHandler - 

Request DefaultFullHttpRequest(decodeResult: success, version: HTTP/1.1, content: EmptyByteBufBE)
GET /devtools/browser/72d68504-b540-48b6-9250-56b3fd60124a HTTP/1.1
upgrade: websocket
connection: upgrade
sec-websocket-key: 73pCl2uvnm0gtoUrg+SpsQ==
sec-websocket-version: 13
origin: http://localhost:53066
host: localhost:53066
accept: */*
user-agent: AHC/2.1

Response DefaultHttpResponse(decodeResult: success, version: HTTP/1.1)
HTTP/1.1 101 WebSocket Protocol Handshake
Upgrade: WebSocket
Connection: Upgrade
Sec-WebSocket-Accept: Ag7dwwE6eNprAyRaLUJahsibkhY=

19:16:11.951 [Forwarding setTimeout on session bc0194dcba207c000dc7ac77f6499d90 to remote] DEBUG org.asynchttpclient.netty.request.NettyRequestSender - Using pooled Channel '[id: 0xeca16c79, L:/127.0.0.1:53065 - R:localhost/127.0.0.1:8656]' for 'POST' to 'http://localhost:8656/session/bc0194dcba207c000dc7ac77f6499d90/timeouts'
19:16:11.951 [Forwarding setTimeout on session bc0194dcba207c000dc7ac77f6499d90 to remote] DEBUG org.asynchttpclient.netty.request.NettyRequestSender - Using open Channel [id: 0xeca16c79, L:/127.0.0.1:53065 - R:localhost/127.0.0.1:8656] for POST '/session/bc0194dcba207c000dc7ac77f6499d90/timeouts'
19:16:11.958 [AsyncHttpClient-1-8] DEBUG org.asynchttpclient.netty.handler.HttpHandler - 

Request DefaultHttpRequest(decodeResult: success, version: HTTP/1.1)
POST /session/bc0194dcba207c000dc7ac77f6499d90/timeouts HTTP/1.1
User-Agent: selenium/4.9.1 (java windows)
Content-Length: 23
Content-Type: application/json; charset=utf-8
host: localhost:8656
accept: */*

Response DefaultHttpResponse(decodeResult: success, version: HTTP/1.1)
HTTP/1.1 200 OK
Content-Length: 14
Content-Type: application/json; charset=utf-8
cache-control: no-cache

19:16:11.958 [AsyncHttpClient-1-8] DEBUG org.asynchttpclient.netty.channel.ChannelManager - Adding key: http://localhost:8656 for channel [id: 0xeca16c79, L:/127.0.0.1:53065 - R:localhost/127.0.0.1:8656]
19:16:11.962 [main] INFO com.codeborne.selenide.webdriver.WebDriverFactory - BrowserName=chrome Version=114.0.5735.248 Platform=windows
19:16:11.962 [main] INFO com.codeborne.selenide.webdriver.WebDriverFactory - Selenide v. 6.15.0
19:16:11.962 [main] INFO com.codeborne.selenide.webdriver.WebDriverFactory - Selenium WebDriver v. 4.9.1 build revision: eb2032df7f
19:16:11.962 [main] INFO com.codeborne.selenide.drivercommands.CreateDriverCommand - Created webdriver in thread 1: ChromeDriver -> ChromeDriver: chrome on windows (bc0194dcba207c000dc7ac77f6499d90)
19:16:11.962 [main] INFO com.codeborne.selenide.drivercommands.DisposablesRegistry - Register WebDriverInstance[config=StaticConfig,webDriver=ChromeDriver: chrome on windows (bc0194dcba207c000dc7ac77f6499d90),proxy=null,downloadsFolder=C:\Users\k.shmana\Desktop\r_d\Kanboard\build\downloads\1690388170468_17176_1] in 1 [size=1]
19:16:11.963 [Forwarding get on session bc0194dcba207c000dc7ac77f6499d90 to remote] DEBUG org.asynchttpclient.netty.request.NettyRequestSender - Using pooled Channel '[id: 0xeca16c79, L:/127.0.0.1:53065 - R:localhost/127.0.0.1:8656]' for 'POST' to 'http://localhost:8656/session/bc0194dcba207c000dc7ac77f6499d90/url'
19:16:11.963 [Forwarding get on session bc0194dcba207c000dc7ac77f6499d90 to remote] DEBUG org.asynchttpclient.netty.request.NettyRequestSender - Using open Channel [id: 0xeca16c79, L:/127.0.0.1:53065 - R:localhost/127.0.0.1:8656] for POST '/session/bc0194dcba207c000dc7ac77f6499d90/url'
19:16:12.259 [AsyncHttpClient-1-1] DEBUG org.asynchttpclient.netty.channel.DefaultChannelPool - Entry count for : http://localhost:53066 : 1
19:16:12.548 [AsyncHttpClient-1-8] DEBUG org.asynchttpclient.netty.handler.HttpHandler - 

Request DefaultHttpRequest(decodeResult: success, version: HTTP/1.1)
POST /session/bc0194dcba207c000dc7ac77f6499d90/url HTTP/1.1
User-Agent: selenium/4.9.1 (java windows)
Content-Length: 55
Content-Type: application/json; charset=utf-8
host: localhost:8656
accept: */*

Response DefaultHttpResponse(decodeResult: success, version: HTTP/1.1)
HTTP/1.1 200 OK
Content-Length: 14
Content-Type: application/json; charset=utf-8
cache-control: no-cache

19:16:12.548 [AsyncHttpClient-1-8] DEBUG org.asynchttpclient.netty.channel.ChannelManager - Adding key: http://localhost:8656 for channel [id: 0xeca16c79, L:/127.0.0.1:53065 - R:localhost/127.0.0.1:8656]
19:16:12.572 [Forwarding findElement on session bc0194dcba207c000dc7ac77f6499d90 to remote] DEBUG org.asynchttpclient.netty.request.NettyRequestSender - Using pooled Channel '[id: 0xeca16c79, L:/127.0.0.1:53065 - R:localhost/127.0.0.1:8656]' for 'POST' to 'http://localhost:8656/session/bc0194dcba207c000dc7ac77f6499d90/element'
19:16:12.572 [Forwarding findElement on session bc0194dcba207c000dc7ac77f6499d90 to remote] DEBUG org.asynchttpclient.netty.request.NettyRequestSender - Using open Channel [id: 0xeca16c79, L:/127.0.0.1:53065 - R:localhost/127.0.0.1:8656] for POST '/session/bc0194dcba207c000dc7ac77f6499d90/element'
19:16:12.612 [AsyncHttpClient-1-8] DEBUG org.asynchttpclient.netty.handler.HttpHandler - 

Request DefaultHttpRequest(decodeResult: success, version: HTTP/1.1)
POST /session/bc0194dcba207c000dc7ac77f6499d90/element HTTP/1.1
User-Agent: selenium/4.9.1 (java windows)
Content-Length: 75
Content-Type: application/json; charset=utf-8
host: localhost:8656
accept: */*

Response DefaultHttpResponse(decodeResult: success, version: HTTP/1.1)
HTTP/1.1 200 OK
Content-Length: 94
Content-Type: application/json; charset=utf-8
cache-control: no-cache

19:16:12.613 [AsyncHttpClient-1-8] DEBUG org.asynchttpclient.netty.channel.ChannelManager - Adding key: http://localhost:8656 for channel [id: 0xeca16c79, L:/127.0.0.1:53065 - R:localhost/127.0.0.1:8656]
19:16:12.615 [Forwarding sendKeysToElement on session bc0194dcba207c000dc7ac77f6499d90 to remote] DEBUG org.asynchttpclient.netty.request.NettyRequestSender - Using pooled Channel '[id: 0xeca16c79, L:/127.0.0.1:53065 - R:localhost/127.0.0.1:8656]' for 'POST' to 'http://localhost:8656/session/bc0194dcba207c000dc7ac77f6499d90/element/CD88A9355D5B0946F168849387977F80_element_2/value'
19:16:12.615 [Forwarding sendKeysToElement on session bc0194dcba207c000dc7ac77f6499d90 to remote] DEBUG org.asynchttpclient.netty.request.NettyRequestSender - Using open Channel [id: 0xeca16c79, L:/127.0.0.1:53065 - R:localhost/127.0.0.1:8656] for POST '/session/bc0194dcba207c000dc7ac77f6499d90/element/CD88A9355D5B0946F168849387977F80_element_2/value'
19:16:12.780 [AsyncHttpClient-1-8] DEBUG org.asynchttpclient.netty.handler.HttpHandler - 

Request DefaultHttpRequest(decodeResult: success, version: HTTP/1.1)
POST /session/bc0194dcba207c000dc7ac77f6499d90/element/CD88A9355D5B0946F168849387977F80_element_2/value HTTP/1.1
User-Agent: selenium/4.9.1 (java windows)
Content-Length: 267
Content-Type: application/json; charset=utf-8
host: localhost:8656
accept: */*

Response DefaultHttpResponse(decodeResult: success, version: HTTP/1.1)
HTTP/1.1 200 OK
Content-Length: 14
Content-Type: application/json; charset=utf-8
cache-control: no-cache

19:16:12.780 [AsyncHttpClient-1-8] DEBUG org.asynchttpclient.netty.channel.ChannelManager - Adding key: http://localhost:8656 for channel [id: 0xeca16c79, L:/127.0.0.1:53065 - R:localhost/127.0.0.1:8656]
19:16:12.784 [Forwarding findElement on session bc0194dcba207c000dc7ac77f6499d90 to remote] DEBUG org.asynchttpclient.netty.request.NettyRequestSender - Using pooled Channel '[id: 0xeca16c79, L:/127.0.0.1:53065 - R:localhost/127.0.0.1:8656]' for 'POST' to 'http://localhost:8656/session/bc0194dcba207c000dc7ac77f6499d90/element'
19:16:12.784 [Forwarding findElement on session bc0194dcba207c000dc7ac77f6499d90 to remote] DEBUG org.asynchttpclient.netty.request.NettyRequestSender - Using open Channel [id: 0xeca16c79, L:/127.0.0.1:53065 - R:localhost/127.0.0.1:8656] for POST '/session/bc0194dcba207c000dc7ac77f6499d90/element'
19:16:12.813 [AsyncHttpClient-1-8] DEBUG org.asynchttpclient.netty.handler.HttpHandler - 

Request DefaultHttpRequest(decodeResult: success, version: HTTP/1.1)
POST /session/bc0194dcba207c000dc7ac77f6499d90/element HTTP/1.1
User-Agent: selenium/4.9.1 (java windows)
Content-Length: 75
Content-Type: application/json; charset=utf-8
host: localhost:8656
accept: */*

Response DefaultHttpResponse(decodeResult: success, version: HTTP/1.1)
HTTP/1.1 200 OK
Content-Length: 94
Content-Type: application/json; charset=utf-8
cache-control: no-cache

19:16:12.813 [AsyncHttpClient-1-8] DEBUG org.asynchttpclient.netty.channel.ChannelManager - Adding key: http://localhost:8656 for channel [id: 0xeca16c79, L:/127.0.0.1:53065 - R:localhost/127.0.0.1:8656]
19:16:12.816 [Forwarding sendKeysToElement on session bc0194dcba207c000dc7ac77f6499d90 to remote] DEBUG org.asynchttpclient.netty.request.NettyRequestSender - Using pooled Channel '[id: 0xeca16c79, L:/127.0.0.1:53065 - R:localhost/127.0.0.1:8656]' for 'POST' to 'http://localhost:8656/session/bc0194dcba207c000dc7ac77f6499d90/element/CD88A9355D5B0946F168849387977F80_element_4/value'
19:16:12.816 [Forwarding sendKeysToElement on session bc0194dcba207c000dc7ac77f6499d90 to remote] DEBUG org.asynchttpclient.netty.request.NettyRequestSender - Using open Channel [id: 0xeca16c79, L:/127.0.0.1:53065 - R:localhost/127.0.0.1:8656] for POST '/session/bc0194dcba207c000dc7ac77f6499d90/element/CD88A9355D5B0946F168849387977F80_element_4/value'
19:16:13.140 [AsyncHttpClient-1-8] DEBUG org.asynchttpclient.netty.handler.HttpHandler - 

Request DefaultHttpRequest(decodeResult: success, version: HTTP/1.1)
POST /session/bc0194dcba207c000dc7ac77f6499d90/element/CD88A9355D5B0946F168849387977F80_element_4/value HTTP/1.1
User-Agent: selenium/4.9.1 (java windows)
Content-Length: 297
Content-Type: application/json; charset=utf-8
host: localhost:8656
accept: */*

Response DefaultHttpResponse(decodeResult: success, version: HTTP/1.1)
HTTP/1.1 200 OK
Content-Length: 14
Content-Type: application/json; charset=utf-8
cache-control: no-cache

19:16:13.140 [AsyncHttpClient-1-8] DEBUG org.asynchttpclient.netty.channel.ChannelManager - Adding key: http://localhost:8656 for channel [id: 0xeca16c79, L:/127.0.0.1:53065 - R:localhost/127.0.0.1:8656]
19:16:13.142 [Forwarding findElement on session bc0194dcba207c000dc7ac77f6499d90 to remote] DEBUG org.asynchttpclient.netty.request.NettyRequestSender - Using pooled Channel '[id: 0xeca16c79, L:/127.0.0.1:53065 - R:localhost/127.0.0.1:8656]' for 'POST' to 'http://localhost:8656/session/bc0194dcba207c000dc7ac77f6499d90/element'
19:16:13.144 [Forwarding findElement on session bc0194dcba207c000dc7ac77f6499d90 to remote] DEBUG org.asynchttpclient.netty.request.NettyRequestSender - Using open Channel [id: 0xeca16c79, L:/127.0.0.1:53065 - R:localhost/127.0.0.1:8656] for POST '/session/bc0194dcba207c000dc7ac77f6499d90/element'
19:16:13.176 [AsyncHttpClient-1-8] DEBUG org.asynchttpclient.netty.handler.HttpHandler - 

Request DefaultHttpRequest(decodeResult: success, version: HTTP/1.1)
POST /session/bc0194dcba207c000dc7ac77f6499d90/element HTTP/1.1
User-Agent: selenium/4.9.1 (java windows)
Content-Length: 73
Content-Type: application/json; charset=utf-8
host: localhost:8656
accept: */*

Response DefaultHttpResponse(decodeResult: success, version: HTTP/1.1)
HTTP/1.1 200 OK
Content-Length: 94
Content-Type: application/json; charset=utf-8
cache-control: no-cache

19:16:13.177 [AsyncHttpClient-1-8] DEBUG org.asynchttpclient.netty.channel.ChannelManager - Adding key: http://localhost:8656 for channel [id: 0xeca16c79, L:/127.0.0.1:53065 - R:localhost/127.0.0.1:8656]
19:16:13.181 [Forwarding isElementDisplayed on session bc0194dcba207c000dc7ac77f6499d90 to remote] DEBUG org.asynchttpclient.netty.request.NettyRequestSender - Using pooled Channel '[id: 0xeca16c79, L:/127.0.0.1:53065 - R:localhost/127.0.0.1:8656]' for 'POST' to 'http://localhost:8656/session/bc0194dcba207c000dc7ac77f6499d90/execute/sync'
19:16:13.181 [Forwarding isElementDisplayed on session bc0194dcba207c000dc7ac77f6499d90 to remote] DEBUG org.asynchttpclient.netty.request.NettyRequestSender - Using open Channel [id: 0xeca16c79, L:/127.0.0.1:53065 - R:localhost/127.0.0.1:8656] for POST '/session/bc0194dcba207c000dc7ac77f6499d90/execute/sync'
19:16:13.214 [AsyncHttpClient-1-8] DEBUG org.asynchttpclient.netty.handler.HttpHandler - 

Request DefaultHttpRequest(decodeResult: success, version: HTTP/1.1)
POST /session/bc0194dcba207c000dc7ac77f6499d90/execute/sync HTTP/1.1
User-Agent: selenium/4.9.1 (java windows)
Content-Length: 48813
Content-Type: application/json; charset=utf-8
host: localhost:8656
accept: */*

Response DefaultHttpResponse(decodeResult: success, version: HTTP/1.1)
HTTP/1.1 200 OK
Content-Length: 14
Content-Type: application/json; charset=utf-8
cache-control: no-cache

19:16:13.215 [AsyncHttpClient-1-8] DEBUG org.asynchttpclient.netty.channel.ChannelManager - Adding key: http://localhost:8656 for channel [id: 0xeca16c79, L:/127.0.0.1:53065 - R:localhost/127.0.0.1:8656]
19:16:13.217 [Forwarding isElementEnabled on session bc0194dcba207c000dc7ac77f6499d90 to remote] DEBUG org.asynchttpclient.netty.request.NettyRequestSender - Using pooled Channel '[id: 0xeca16c79, L:/127.0.0.1:53065 - R:localhost/127.0.0.1:8656]' for 'GET' to 'http://localhost:8656/session/bc0194dcba207c000dc7ac77f6499d90/element/CD88A9355D5B0946F168849387977F80_element_5/enabled'
19:16:13.218 [Forwarding isElementEnabled on session bc0194dcba207c000dc7ac77f6499d90 to remote] DEBUG org.asynchttpclient.netty.request.NettyRequestSender - Using open Channel [id: 0xeca16c79, L:/127.0.0.1:53065 - R:localhost/127.0.0.1:8656] for GET '/session/bc0194dcba207c000dc7ac77f6499d90/element/CD88A9355D5B0946F168849387977F80_element_5/enabled'
19:16:13.233 [AsyncHttpClient-1-8] DEBUG org.asynchttpclient.netty.handler.HttpHandler - 

Request DefaultFullHttpRequest(decodeResult: success, version: HTTP/1.1, content: EmptyByteBufBE)
GET /session/bc0194dcba207c000dc7ac77f6499d90/element/CD88A9355D5B0946F168849387977F80_element_5/enabled HTTP/1.1
User-Agent: selenium/4.9.1 (java windows)
Cache-Control: no-cache
Content-Type: application/json; charset=utf-8
host: localhost:8656
accept: */*

Response DefaultHttpResponse(decodeResult: success, version: HTTP/1.1)
HTTP/1.1 200 OK
Content-Length: 14
Content-Type: application/json; charset=utf-8
cache-control: no-cache

19:16:13.233 [AsyncHttpClient-1-8] DEBUG org.asynchttpclient.netty.channel.ChannelManager - Adding key: http://localhost:8656 for channel [id: 0xeca16c79, L:/127.0.0.1:53065 - R:localhost/127.0.0.1:8656]
19:16:13.239 [Forwarding clickElement on session bc0194dcba207c000dc7ac77f6499d90 to remote] DEBUG org.asynchttpclient.netty.request.NettyRequestSender - Using pooled Channel '[id: 0xeca16c79, L:/127.0.0.1:53065 - R:localhost/127.0.0.1:8656]' for 'POST' to 'http://localhost:8656/session/bc0194dcba207c000dc7ac77f6499d90/element/CD88A9355D5B0946F168849387977F80_element_5/click'
19:16:13.239 [Forwarding clickElement on session bc0194dcba207c000dc7ac77f6499d90 to remote] DEBUG org.asynchttpclient.netty.request.NettyRequestSender - Using open Channel [id: 0xeca16c79, L:/127.0.0.1:53065 - R:localhost/127.0.0.1:8656] for POST '/session/bc0194dcba207c000dc7ac77f6499d90/element/CD88A9355D5B0946F168849387977F80_element_5/click'
19:16:13.362 [AsyncHttpClient-1-1] DEBUG org.asynchttpclient.netty.channel.DefaultChannelPool - Entry count for : http://localhost:53066 : 1
19:16:13.794 [AsyncHttpClient-1-8] DEBUG org.asynchttpclient.netty.handler.HttpHandler - 

Request DefaultHttpRequest(decodeResult: success, version: HTTP/1.1)
POST /session/bc0194dcba207c000dc7ac77f6499d90/element/CD88A9355D5B0946F168849387977F80_element_5/click HTTP/1.1
User-Agent: selenium/4.9.1 (java windows)
Content-Length: 56
Content-Type: application/json; charset=utf-8
host: localhost:8656
accept: */*

Response DefaultHttpResponse(decodeResult: success, version: HTTP/1.1)
HTTP/1.1 200 OK
Content-Length: 14
Content-Type: application/json; charset=utf-8
cache-control: no-cache

19:16:13.794 [AsyncHttpClient-1-8] DEBUG org.asynchttpclient.netty.channel.ChannelManager - Adding key: http://localhost:8656 for channel [id: 0xeca16c79, L:/127.0.0.1:53065 - R:localhost/127.0.0.1:8656]
19:16:13.797 [Forwarding findElement on session bc0194dcba207c000dc7ac77f6499d90 to remote] DEBUG org.asynchttpclient.netty.request.NettyRequestSender - Using pooled Channel '[id: 0xeca16c79, L:/127.0.0.1:53065 - R:localhost/127.0.0.1:8656]' for 'POST' to 'http://localhost:8656/session/bc0194dcba207c000dc7ac77f6499d90/element'
19:16:13.797 [Forwarding findElement on session bc0194dcba207c000dc7ac77f6499d90 to remote] DEBUG org.asynchttpclient.netty.request.NettyRequestSender - Using open Channel [id: 0xeca16c79, L:/127.0.0.1:53065 - R:localhost/127.0.0.1:8656] for POST '/session/bc0194dcba207c000dc7ac77f6499d90/element'
19:16:13.819 [AsyncHttpClient-1-8] DEBUG org.asynchttpclient.netty.handler.HttpHandler - 

Request DefaultHttpRequest(decodeResult: success, version: HTTP/1.1)
POST /session/bc0194dcba207c000dc7ac77f6499d90/element HTTP/1.1
User-Agent: selenium/4.9.1 (java windows)
Content-Length: 72
Content-Type: application/json; charset=utf-8
host: localhost:8656
accept: */*

Response DefaultHttpResponse(decodeResult: success, version: HTTP/1.1)
HTTP/1.1 200 OK
Content-Length: 95
Content-Type: application/json; charset=utf-8
cache-control: no-cache

19:16:13.819 [AsyncHttpClient-1-8] DEBUG org.asynchttpclient.netty.channel.ChannelManager - Adding key: http://localhost:8656 for channel [id: 0xeca16c79, L:/127.0.0.1:53065 - R:localhost/127.0.0.1:8656]
19:16:13.824 [Forwarding isElementDisplayed on session bc0194dcba207c000dc7ac77f6499d90 to remote] DEBUG org.asynchttpclient.netty.request.NettyRequestSender - Using pooled Channel '[id: 0xeca16c79, L:/127.0.0.1:53065 - R:localhost/127.0.0.1:8656]' for 'POST' to 'http://localhost:8656/session/bc0194dcba207c000dc7ac77f6499d90/execute/sync'
19:16:13.824 [Forwarding isElementDisplayed on session bc0194dcba207c000dc7ac77f6499d90 to remote] DEBUG org.asynchttpclient.netty.request.NettyRequestSender - Using open Channel [id: 0xeca16c79, L:/127.0.0.1:53065 - R:localhost/127.0.0.1:8656] for POST '/session/bc0194dcba207c000dc7ac77f6499d90/execute/sync'
19:16:13.850 [AsyncHttpClient-1-8] DEBUG org.asynchttpclient.netty.handler.HttpHandler - 

Request DefaultHttpRequest(decodeResult: success, version: HTTP/1.1)
POST /session/bc0194dcba207c000dc7ac77f6499d90/execute/sync HTTP/1.1
User-Agent: selenium/4.9.1 (java windows)
Content-Length: 48814
Content-Type: application/json; charset=utf-8
host: localhost:8656
accept: */*

Response DefaultHttpResponse(decodeResult: success, version: HTTP/1.1)
HTTP/1.1 200 OK
Content-Length: 14
Content-Type: application/json; charset=utf-8
cache-control: no-cache

19:16:13.851 [AsyncHttpClient-1-8] DEBUG org.asynchttpclient.netty.channel.ChannelManager - Adding key: http://localhost:8656 for channel [id: 0xeca16c79, L:/127.0.0.1:53065 - R:localhost/127.0.0.1:8656]
19:16:13.853 [Forwarding isElementEnabled on session bc0194dcba207c000dc7ac77f6499d90 to remote] DEBUG org.asynchttpclient.netty.request.NettyRequestSender - Using pooled Channel '[id: 0xeca16c79, L:/127.0.0.1:53065 - R:localhost/127.0.0.1:8656]' for 'GET' to 'http://localhost:8656/session/bc0194dcba207c000dc7ac77f6499d90/element/8E1B180906B026100A0965E211DAE572_element_19/enabled'
19:16:13.853 [Forwarding isElementEnabled on session bc0194dcba207c000dc7ac77f6499d90 to remote] DEBUG org.asynchttpclient.netty.request.NettyRequestSender - Using open Channel [id: 0xeca16c79, L:/127.0.0.1:53065 - R:localhost/127.0.0.1:8656] for GET '/session/bc0194dcba207c000dc7ac77f6499d90/element/8E1B180906B026100A0965E211DAE572_element_19/enabled'
19:16:13.868 [AsyncHttpClient-1-8] DEBUG org.asynchttpclient.netty.handler.HttpHandler - 

Request DefaultFullHttpRequest(decodeResult: success, version: HTTP/1.1, content: EmptyByteBufBE)
GET /session/bc0194dcba207c000dc7ac77f6499d90/element/8E1B180906B026100A0965E211DAE572_element_19/enabled HTTP/1.1
User-Agent: selenium/4.9.1 (java windows)
Cache-Control: no-cache
Content-Type: application/json; charset=utf-8
host: localhost:8656
accept: */*

Response DefaultHttpResponse(decodeResult: success, version: HTTP/1.1)
HTTP/1.1 200 OK
Content-Length: 14
Content-Type: application/json; charset=utf-8
cache-control: no-cache

19:16:13.869 [AsyncHttpClient-1-8] DEBUG org.asynchttpclient.netty.channel.ChannelManager - Adding key: http://localhost:8656 for channel [id: 0xeca16c79, L:/127.0.0.1:53065 - R:localhost/127.0.0.1:8656]
19:16:13.870 [Forwarding clickElement on session bc0194dcba207c000dc7ac77f6499d90 to remote] DEBUG org.asynchttpclient.netty.request.NettyRequestSender - Using pooled Channel '[id: 0xeca16c79, L:/127.0.0.1:53065 - R:localhost/127.0.0.1:8656]' for 'POST' to 'http://localhost:8656/session/bc0194dcba207c000dc7ac77f6499d90/element/8E1B180906B026100A0965E211DAE572_element_19/click'
19:16:13.870 [Forwarding clickElement on session bc0194dcba207c000dc7ac77f6499d90 to remote] DEBUG org.asynchttpclient.netty.request.NettyRequestSender - Using open Channel [id: 0xeca16c79, L:/127.0.0.1:53065 - R:localhost/127.0.0.1:8656] for POST '/session/bc0194dcba207c000dc7ac77f6499d90/element/8E1B180906B026100A0965E211DAE572_element_19/click'
19:16:14.088 [AsyncHttpClient-1-8] DEBUG org.asynchttpclient.netty.handler.HttpHandler - 

Request DefaultHttpRequest(decodeResult: success, version: HTTP/1.1)
POST /session/bc0194dcba207c000dc7ac77f6499d90/element/8E1B180906B026100A0965E211DAE572_element_19/click HTTP/1.1
User-Agent: selenium/4.9.1 (java windows)
Content-Length: 57
Content-Type: application/json; charset=utf-8
host: localhost:8656
accept: */*

Response DefaultHttpResponse(decodeResult: success, version: HTTP/1.1)
HTTP/1.1 200 OK
Content-Length: 14
Content-Type: application/json; charset=utf-8
cache-control: no-cache

19:16:14.088 [AsyncHttpClient-1-8] DEBUG org.asynchttpclient.netty.channel.ChannelManager - Adding key: http://localhost:8656 for channel [id: 0xeca16c79, L:/127.0.0.1:53065 - R:localhost/127.0.0.1:8656]
19:16:14.090 [Forwarding findElement on session bc0194dcba207c000dc7ac77f6499d90 to remote] DEBUG org.asynchttpclient.netty.request.NettyRequestSender - Using pooled Channel '[id: 0xeca16c79, L:/127.0.0.1:53065 - R:localhost/127.0.0.1:8656]' for 'POST' to 'http://localhost:8656/session/bc0194dcba207c000dc7ac77f6499d90/element'
19:16:14.090 [Forwarding findElement on session bc0194dcba207c000dc7ac77f6499d90 to remote] DEBUG org.asynchttpclient.netty.request.NettyRequestSender - Using open Channel [id: 0xeca16c79, L:/127.0.0.1:53065 - R:localhost/127.0.0.1:8656] for POST '/session/bc0194dcba207c000dc7ac77f6499d90/element'
19:16:14.113 [AsyncHttpClient-1-8] DEBUG org.asynchttpclient.netty.handler.HttpHandler - 

Request DefaultHttpRequest(decodeResult: success, version: HTTP/1.1)
POST /session/bc0194dcba207c000dc7ac77f6499d90/element HTTP/1.1
User-Agent: selenium/4.9.1 (java windows)
Content-Length: 80
Content-Type: application/json; charset=utf-8
host: localhost:8656
accept: */*

Response DefaultHttpResponse(decodeResult: success, version: HTTP/1.1)
HTTP/1.1 200 OK
Content-Length: 95
Content-Type: application/json; charset=utf-8
cache-control: no-cache

19:16:14.113 [AsyncHttpClient-1-8] DEBUG org.asynchttpclient.netty.channel.ChannelManager - Adding key: http://localhost:8656 for channel [id: 0xeca16c79, L:/127.0.0.1:53065 - R:localhost/127.0.0.1:8656]
19:16:14.118 [Forwarding isElementDisplayed on session bc0194dcba207c000dc7ac77f6499d90 to remote] DEBUG org.asynchttpclient.netty.request.NettyRequestSender - Using pooled Channel '[id: 0xeca16c79, L:/127.0.0.1:53065 - R:localhost/127.0.0.1:8656]' for 'POST' to 'http://localhost:8656/session/bc0194dcba207c000dc7ac77f6499d90/execute/sync'
19:16:14.118 [Forwarding isElementDisplayed on session bc0194dcba207c000dc7ac77f6499d90 to remote] DEBUG org.asynchttpclient.netty.request.NettyRequestSender - Using open Channel [id: 0xeca16c79, L:/127.0.0.1:53065 - R:localhost/127.0.0.1:8656] for POST '/session/bc0194dcba207c000dc7ac77f6499d90/execute/sync'
19:16:14.138 [AsyncHttpClient-1-8] DEBUG org.asynchttpclient.netty.handler.HttpHandler - 

Request DefaultHttpRequest(decodeResult: success, version: HTTP/1.1)
POST /session/bc0194dcba207c000dc7ac77f6499d90/execute/sync HTTP/1.1
User-Agent: selenium/4.9.1 (java windows)
Content-Length: 48814
Content-Type: application/json; charset=utf-8
host: localhost:8656
accept: */*

Response DefaultHttpResponse(decodeResult: success, version: HTTP/1.1)
HTTP/1.1 200 OK
Content-Length: 14
Content-Type: application/json; charset=utf-8
cache-control: no-cache

19:16:14.138 [AsyncHttpClient-1-8] DEBUG org.asynchttpclient.netty.channel.ChannelManager - Adding key: http://localhost:8656 for channel [id: 0xeca16c79, L:/127.0.0.1:53065 - R:localhost/127.0.0.1:8656]
19:16:14.140 [Forwarding isElementEnabled on session bc0194dcba207c000dc7ac77f6499d90 to remote] DEBUG org.asynchttpclient.netty.request.NettyRequestSender - Using pooled Channel '[id: 0xeca16c79, L:/127.0.0.1:53065 - R:localhost/127.0.0.1:8656]' for 'GET' to 'http://localhost:8656/session/bc0194dcba207c000dc7ac77f6499d90/element/19327B5E76A0243A124D960736116405_element_20/enabled'
19:16:14.140 [Forwarding isElementEnabled on session bc0194dcba207c000dc7ac77f6499d90 to remote] DEBUG org.asynchttpclient.netty.request.NettyRequestSender - Using open Channel [id: 0xeca16c79, L:/127.0.0.1:53065 - R:localhost/127.0.0.1:8656] for GET '/session/bc0194dcba207c000dc7ac77f6499d90/element/19327B5E76A0243A124D960736116405_element_20/enabled'
19:16:14.155 [AsyncHttpClient-1-8] DEBUG org.asynchttpclient.netty.handler.HttpHandler - 

Request DefaultFullHttpRequest(decodeResult: success, version: HTTP/1.1, content: EmptyByteBufBE)
GET /session/bc0194dcba207c000dc7ac77f6499d90/element/19327B5E76A0243A124D960736116405_element_20/enabled HTTP/1.1
User-Agent: selenium/4.9.1 (java windows)
Cache-Control: no-cache
Content-Type: application/json; charset=utf-8
host: localhost:8656
accept: */*

Response DefaultHttpResponse(decodeResult: success, version: HTTP/1.1)
HTTP/1.1 200 OK
Content-Length: 14
Content-Type: application/json; charset=utf-8
cache-control: no-cache

19:16:14.156 [AsyncHttpClient-1-8] DEBUG org.asynchttpclient.netty.channel.ChannelManager - Adding key: http://localhost:8656 for channel [id: 0xeca16c79, L:/127.0.0.1:53065 - R:localhost/127.0.0.1:8656]
19:16:14.157 [Forwarding clickElement on session bc0194dcba207c000dc7ac77f6499d90 to remote] DEBUG org.asynchttpclient.netty.request.NettyRequestSender - Using pooled Channel '[id: 0xeca16c79, L:/127.0.0.1:53065 - R:localhost/127.0.0.1:8656]' for 'POST' to 'http://localhost:8656/session/bc0194dcba207c000dc7ac77f6499d90/element/19327B5E76A0243A124D960736116405_element_20/click'
19:16:14.157 [Forwarding clickElement on session bc0194dcba207c000dc7ac77f6499d90 to remote] DEBUG org.asynchttpclient.netty.request.NettyRequestSender - Using open Channel [id: 0xeca16c79, L:/127.0.0.1:53065 - R:localhost/127.0.0.1:8656] for POST '/session/bc0194dcba207c000dc7ac77f6499d90/element/19327B5E76A0243A124D960736116405_element_20/click'
19:16:14.238 [AsyncHttpClient-1-8] DEBUG org.asynchttpclient.netty.handler.HttpHandler - 

Request DefaultHttpRequest(decodeResult: success, version: HTTP/1.1)
POST /session/bc0194dcba207c000dc7ac77f6499d90/element/19327B5E76A0243A124D960736116405_element_20/click HTTP/1.1
User-Agent: selenium/4.9.1 (java windows)
Content-Length: 57
Content-Type: application/json; charset=utf-8
host: localhost:8656
accept: */*

Response DefaultHttpResponse(decodeResult: success, version: HTTP/1.1)
HTTP/1.1 200 OK
Content-Length: 14
Content-Type: application/json; charset=utf-8
cache-control: no-cache

19:16:14.238 [AsyncHttpClient-1-8] DEBUG org.asynchttpclient.netty.channel.ChannelManager - Adding key: http://localhost:8656 for channel [id: 0xeca16c79, L:/127.0.0.1:53065 - R:localhost/127.0.0.1:8656]
19:16:14.241 [Forwarding findElement on session bc0194dcba207c000dc7ac77f6499d90 to remote] DEBUG org.asynchttpclient.netty.request.NettyRequestSender - Using pooled Channel '[id: 0xeca16c79, L:/127.0.0.1:53065 - R:localhost/127.0.0.1:8656]' for 'POST' to 'http://localhost:8656/session/bc0194dcba207c000dc7ac77f6499d90/element'
19:16:14.241 [Forwarding findElement on session bc0194dcba207c000dc7ac77f6499d90 to remote] DEBUG org.asynchttpclient.netty.request.NettyRequestSender - Using open Channel [id: 0xeca16c79, L:/127.0.0.1:53065 - R:localhost/127.0.0.1:8656] for POST '/session/bc0194dcba207c000dc7ac77f6499d90/element'
19:16:14.332 [AsyncHttpClient-1-8] DEBUG org.asynchttpclient.netty.handler.HttpHandler - 

Request DefaultHttpRequest(decodeResult: success, version: HTTP/1.1)
POST /session/bc0194dcba207c000dc7ac77f6499d90/element HTTP/1.1
User-Agent: selenium/4.9.1 (java windows)
Content-Length: 69
Content-Type: application/json; charset=utf-8
host: localhost:8656
accept: */*

Response DefaultHttpResponse(decodeResult: success, version: HTTP/1.1)
HTTP/1.1 404 Not Found
Content-Length: 970
Content-Type: application/json; charset=utf-8
cache-control: no-cache

19:16:14.332 [AsyncHttpClient-1-8] DEBUG org.asynchttpclient.netty.channel.ChannelManager - Adding key: http://localhost:8656 for channel [id: 0xeca16c79, L:/127.0.0.1:53065 - R:localhost/127.0.0.1:8656]
19:16:14.460 [AsyncHttpClient-1-1] DEBUG org.asynchttpclient.netty.channel.DefaultChannelPool - Entry count for : http://localhost:8656 : 1
19:16:14.460 [AsyncHttpClient-1-1] DEBUG org.asynchttpclient.netty.channel.DefaultChannelPool - Entry count for : http://localhost:53066 : 1
19:16:14.548 [Forwarding findElement on session bc0194dcba207c000dc7ac77f6499d90 to remote] DEBUG org.asynchttpclient.netty.request.NettyRequestSender - Using pooled Channel '[id: 0xeca16c79, L:/127.0.0.1:53065 - R:localhost/127.0.0.1:8656]' for 'POST' to 'http://localhost:8656/session/bc0194dcba207c000dc7ac77f6499d90/element'
19:16:14.548 [Forwarding findElement on session bc0194dcba207c000dc7ac77f6499d90 to remote] DEBUG org.asynchttpclient.netty.request.NettyRequestSender - Using open Channel [id: 0xeca16c79, L:/127.0.0.1:53065 - R:localhost/127.0.0.1:8656] for POST '/session/bc0194dcba207c000dc7ac77f6499d90/element'
19:16:14.561 [AsyncHttpClient-1-8] DEBUG org.asynchttpclient.netty.handler.HttpHandler - 

Request DefaultHttpRequest(decodeResult: success, version: HTTP/1.1)
POST /session/bc0194dcba207c000dc7ac77f6499d90/element HTTP/1.1
User-Agent: selenium/4.9.1 (java windows)
Content-Length: 69
Content-Type: application/json; charset=utf-8
host: localhost:8656
accept: */*

Response DefaultHttpResponse(decodeResult: success, version: HTTP/1.1)
HTTP/1.1 200 OK
Content-Length: 95
Content-Type: application/json; charset=utf-8
cache-control: no-cache

19:16:14.562 [AsyncHttpClient-1-8] DEBUG org.asynchttpclient.netty.channel.ChannelManager - Adding key: http://localhost:8656 for channel [id: 0xeca16c79, L:/127.0.0.1:53065 - R:localhost/127.0.0.1:8656]
19:16:14.565 [Forwarding sendKeysToElement on session bc0194dcba207c000dc7ac77f6499d90 to remote] DEBUG org.asynchttpclient.netty.request.NettyRequestSender - Using pooled Channel '[id: 0xeca16c79, L:/127.0.0.1:53065 - R:localhost/127.0.0.1:8656]' for 'POST' to 'http://localhost:8656/session/bc0194dcba207c000dc7ac77f6499d90/element/19327B5E76A0243A124D960736116405_element_22/value'
19:16:14.565 [Forwarding sendKeysToElement on session bc0194dcba207c000dc7ac77f6499d90 to remote] DEBUG org.asynchttpclient.netty.request.NettyRequestSender - Using open Channel [id: 0xeca16c79, L:/127.0.0.1:53065 - R:localhost/127.0.0.1:8656] for POST '/session/bc0194dcba207c000dc7ac77f6499d90/element/19327B5E76A0243A124D960736116405_element_22/value'
19:16:14.645 [AsyncHttpClient-1-8] DEBUG org.asynchttpclient.netty.handler.HttpHandler - 

Request DefaultHttpRequest(decodeResult: success, version: HTTP/1.1)
POST /session/bc0194dcba207c000dc7ac77f6499d90/element/19327B5E76A0243A124D960736116405_element_22/value HTTP/1.1
User-Agent: selenium/4.9.1 (java windows)
Content-Length: 168
Content-Type: application/json; charset=utf-8
host: localhost:8656
accept: */*

Response DefaultHttpResponse(decodeResult: success, version: HTTP/1.1)
HTTP/1.1 200 OK
Content-Length: 14
Content-Type: application/json; charset=utf-8
cache-control: no-cache

19:16:14.646 [AsyncHttpClient-1-8] DEBUG org.asynchttpclient.netty.channel.ChannelManager - Adding key: http://localhost:8656 for channel [id: 0xeca16c79, L:/127.0.0.1:53065 - R:localhost/127.0.0.1:8656]
19:16:14.648 [Forwarding findElement on session bc0194dcba207c000dc7ac77f6499d90 to remote] DEBUG org.asynchttpclient.netty.request.NettyRequestSender - Using pooled Channel '[id: 0xeca16c79, L:/127.0.0.1:53065 - R:localhost/127.0.0.1:8656]' for 'POST' to 'http://localhost:8656/session/bc0194dcba207c000dc7ac77f6499d90/element'
19:16:14.648 [Forwarding findElement on session bc0194dcba207c000dc7ac77f6499d90 to remote] DEBUG org.asynchttpclient.netty.request.NettyRequestSender - Using open Channel [id: 0xeca16c79, L:/127.0.0.1:53065 - R:localhost/127.0.0.1:8656] for POST '/session/bc0194dcba207c000dc7ac77f6499d90/element'
19:16:14.666 [AsyncHttpClient-1-8] DEBUG org.asynchttpclient.netty.handler.HttpHandler - 

Request DefaultHttpRequest(decodeResult: success, version: HTTP/1.1)
POST /session/bc0194dcba207c000dc7ac77f6499d90/element HTTP/1.1
User-Agent: selenium/4.9.1 (java windows)
Content-Length: 78
Content-Type: application/json; charset=utf-8
host: localhost:8656
accept: */*

Response DefaultHttpResponse(decodeResult: success, version: HTTP/1.1)
HTTP/1.1 200 OK
Content-Length: 95
Content-Type: application/json; charset=utf-8
cache-control: no-cache

19:16:14.667 [AsyncHttpClient-1-8] DEBUG org.asynchttpclient.netty.channel.ChannelManager - Adding key: http://localhost:8656 for channel [id: 0xeca16c79, L:/127.0.0.1:53065 - R:localhost/127.0.0.1:8656]
19:16:14.669 [Forwarding sendKeysToElement on session bc0194dcba207c000dc7ac77f6499d90 to remote] DEBUG org.asynchttpclient.netty.request.NettyRequestSender - Using pooled Channel '[id: 0xeca16c79, L:/127.0.0.1:53065 - R:localhost/127.0.0.1:8656]' for 'POST' to 'http://localhost:8656/session/bc0194dcba207c000dc7ac77f6499d90/element/19327B5E76A0243A124D960736116405_element_23/value'
19:16:14.669 [Forwarding sendKeysToElement on session bc0194dcba207c000dc7ac77f6499d90 to remote] DEBUG org.asynchttpclient.netty.request.NettyRequestSender - Using open Channel [id: 0xeca16c79, L:/127.0.0.1:53065 - R:localhost/127.0.0.1:8656] for POST '/session/bc0194dcba207c000dc7ac77f6499d90/element/19327B5E76A0243A124D960736116405_element_23/value'
19:16:14.745 [AsyncHttpClient-1-8] DEBUG org.asynchttpclient.netty.handler.HttpHandler - 

Request DefaultHttpRequest(decodeResult: success, version: HTTP/1.1)
POST /session/bc0194dcba207c000dc7ac77f6499d90/element/19327B5E76A0243A124D960736116405_element_23/value HTTP/1.1
User-Agent: selenium/4.9.1 (java windows)
Content-Length: 238
Content-Type: application/json; charset=utf-8
host: localhost:8656
accept: */*

Response DefaultHttpResponse(decodeResult: success, version: HTTP/1.1)
HTTP/1.1 200 OK
Content-Length: 14
Content-Type: application/json; charset=utf-8
cache-control: no-cache

19:16:14.746 [AsyncHttpClient-1-8] DEBUG org.asynchttpclient.netty.channel.ChannelManager - Adding key: http://localhost:8656 for channel [id: 0xeca16c79, L:/127.0.0.1:53065 - R:localhost/127.0.0.1:8656]
19:16:14.747 [Forwarding findElement on session bc0194dcba207c000dc7ac77f6499d90 to remote] DEBUG org.asynchttpclient.netty.request.NettyRequestSender - Using pooled Channel '[id: 0xeca16c79, L:/127.0.0.1:53065 - R:localhost/127.0.0.1:8656]' for 'POST' to 'http://localhost:8656/session/bc0194dcba207c000dc7ac77f6499d90/element'
19:16:14.747 [Forwarding findElement on session bc0194dcba207c000dc7ac77f6499d90 to remote] DEBUG org.asynchttpclient.netty.request.NettyRequestSender - Using open Channel [id: 0xeca16c79, L:/127.0.0.1:53065 - R:localhost/127.0.0.1:8656] for POST '/session/bc0194dcba207c000dc7ac77f6499d90/element'
19:16:14.761 [AsyncHttpClient-1-8] DEBUG org.asynchttpclient.netty.handler.HttpHandler - 

Request DefaultHttpRequest(decodeResult: success, version: HTTP/1.1)
POST /session/bc0194dcba207c000dc7ac77f6499d90/element HTTP/1.1
User-Agent: selenium/4.9.1 (java windows)
Content-Length: 70
Content-Type: application/json; charset=utf-8
host: localhost:8656
accept: */*

Response DefaultHttpResponse(decodeResult: success, version: HTTP/1.1)
HTTP/1.1 200 OK
Content-Length: 95
Content-Type: application/json; charset=utf-8
cache-control: no-cache

19:16:14.761 [AsyncHttpClient-1-8] DEBUG org.asynchttpclient.netty.channel.ChannelManager - Adding key: http://localhost:8656 for channel [id: 0xeca16c79, L:/127.0.0.1:53065 - R:localhost/127.0.0.1:8656]
19:16:14.765 [Forwarding isElementDisplayed on session bc0194dcba207c000dc7ac77f6499d90 to remote] DEBUG org.asynchttpclient.netty.request.NettyRequestSender - Using pooled Channel '[id: 0xeca16c79, L:/127.0.0.1:53065 - R:localhost/127.0.0.1:8656]' for 'POST' to 'http://localhost:8656/session/bc0194dcba207c000dc7ac77f6499d90/execute/sync'
19:16:14.765 [Forwarding isElementDisplayed on session bc0194dcba207c000dc7ac77f6499d90 to remote] DEBUG org.asynchttpclient.netty.request.NettyRequestSender - Using open Channel [id: 0xeca16c79, L:/127.0.0.1:53065 - R:localhost/127.0.0.1:8656] for POST '/session/bc0194dcba207c000dc7ac77f6499d90/execute/sync'
19:16:14.775 [AsyncHttpClient-1-8] DEBUG org.asynchttpclient.netty.handler.HttpHandler - 

Request DefaultHttpRequest(decodeResult: success, version: HTTP/1.1)
POST /session/bc0194dcba207c000dc7ac77f6499d90/execute/sync HTTP/1.1
User-Agent: selenium/4.9.1 (java windows)
Content-Length: 48814
Content-Type: application/json; charset=utf-8
host: localhost:8656
accept: */*

Response DefaultHttpResponse(decodeResult: success, version: HTTP/1.1)
HTTP/1.1 200 OK
Content-Length: 14
Content-Type: application/json; charset=utf-8
cache-control: no-cache

19:16:14.775 [AsyncHttpClient-1-8] DEBUG org.asynchttpclient.netty.channel.ChannelManager - Adding key: http://localhost:8656 for channel [id: 0xeca16c79, L:/127.0.0.1:53065 - R:localhost/127.0.0.1:8656]
19:16:14.776 [Forwarding isElementEnabled on session bc0194dcba207c000dc7ac77f6499d90 to remote] DEBUG org.asynchttpclient.netty.request.NettyRequestSender - Using pooled Channel '[id: 0xeca16c79, L:/127.0.0.1:53065 - R:localhost/127.0.0.1:8656]' for 'GET' to 'http://localhost:8656/session/bc0194dcba207c000dc7ac77f6499d90/element/19327B5E76A0243A124D960736116405_element_24/enabled'
19:16:14.777 [Forwarding isElementEnabled on session bc0194dcba207c000dc7ac77f6499d90 to remote] DEBUG org.asynchttpclient.netty.request.NettyRequestSender - Using open Channel [id: 0xeca16c79, L:/127.0.0.1:53065 - R:localhost/127.0.0.1:8656] for GET '/session/bc0194dcba207c000dc7ac77f6499d90/element/19327B5E76A0243A124D960736116405_element_24/enabled'
19:16:14.785 [AsyncHttpClient-1-8] DEBUG org.asynchttpclient.netty.handler.HttpHandler - 

Request DefaultFullHttpRequest(decodeResult: success, version: HTTP/1.1, content: EmptyByteBufBE)
GET /session/bc0194dcba207c000dc7ac77f6499d90/element/19327B5E76A0243A124D960736116405_element_24/enabled HTTP/1.1
User-Agent: selenium/4.9.1 (java windows)
Cache-Control: no-cache
Content-Type: application/json; charset=utf-8
host: localhost:8656
accept: */*

Response DefaultHttpResponse(decodeResult: success, version: HTTP/1.1)
HTTP/1.1 200 OK
Content-Length: 14
Content-Type: application/json; charset=utf-8
cache-control: no-cache

19:16:14.786 [AsyncHttpClient-1-8] DEBUG org.asynchttpclient.netty.channel.ChannelManager - Adding key: http://localhost:8656 for channel [id: 0xeca16c79, L:/127.0.0.1:53065 - R:localhost/127.0.0.1:8656]
19:16:14.787 [Forwarding clickElement on session bc0194dcba207c000dc7ac77f6499d90 to remote] DEBUG org.asynchttpclient.netty.request.NettyRequestSender - Using pooled Channel '[id: 0xeca16c79, L:/127.0.0.1:53065 - R:localhost/127.0.0.1:8656]' for 'POST' to 'http://localhost:8656/session/bc0194dcba207c000dc7ac77f6499d90/element/19327B5E76A0243A124D960736116405_element_24/click'
19:16:14.787 [Forwarding clickElement on session bc0194dcba207c000dc7ac77f6499d90 to remote] DEBUG org.asynchttpclient.netty.request.NettyRequestSender - Using open Channel [id: 0xeca16c79, L:/127.0.0.1:53065 - R:localhost/127.0.0.1:8656] for POST '/session/bc0194dcba207c000dc7ac77f6499d90/element/19327B5E76A0243A124D960736116405_element_24/click'
19:16:14.845 [AsyncHttpClient-1-8] DEBUG org.asynchttpclient.netty.handler.HttpHandler - 

Request DefaultHttpRequest(decodeResult: success, version: HTTP/1.1)
POST /session/bc0194dcba207c000dc7ac77f6499d90/element/19327B5E76A0243A124D960736116405_element_24/click HTTP/1.1
User-Agent: selenium/4.9.1 (java windows)
Content-Length: 57
Content-Type: application/json; charset=utf-8
host: localhost:8656
accept: */*

Response DefaultHttpResponse(decodeResult: success, version: HTTP/1.1)
HTTP/1.1 200 OK
Content-Length: 14
Content-Type: application/json; charset=utf-8
cache-control: no-cache

19:16:14.845 [AsyncHttpClient-1-8] DEBUG org.asynchttpclient.netty.channel.ChannelManager - Adding key: http://localhost:8656 for channel [id: 0xeca16c79, L:/127.0.0.1:53065 - R:localhost/127.0.0.1:8656]
19:16:14.846 [Forwarding findElement on session bc0194dcba207c000dc7ac77f6499d90 to remote] DEBUG org.asynchttpclient.netty.request.NettyRequestSender - Using pooled Channel '[id: 0xeca16c79, L:/127.0.0.1:53065 - R:localhost/127.0.0.1:8656]' for 'POST' to 'http://localhost:8656/session/bc0194dcba207c000dc7ac77f6499d90/element'
19:16:14.846 [Forwarding findElement on session bc0194dcba207c000dc7ac77f6499d90 to remote] DEBUG org.asynchttpclient.netty.request.NettyRequestSender - Using open Channel [id: 0xeca16c79, L:/127.0.0.1:53065 - R:localhost/127.0.0.1:8656] for POST '/session/bc0194dcba207c000dc7ac77f6499d90/element'
19:16:14.863 [AsyncHttpClient-1-8] DEBUG org.asynchttpclient.netty.handler.HttpHandler - 

Request DefaultHttpRequest(decodeResult: success, version: HTTP/1.1)
POST /session/bc0194dcba207c000dc7ac77f6499d90/element HTTP/1.1
User-Agent: selenium/4.9.1 (java windows)
Content-Length: 69
Content-Type: application/json; charset=utf-8
host: localhost:8656
accept: */*

Response DefaultHttpResponse(decodeResult: success, version: HTTP/1.1)
HTTP/1.1 404 Not Found
Content-Length: 970
Content-Type: application/json; charset=utf-8
cache-control: no-cache

19:16:14.863 [AsyncHttpClient-1-8] DEBUG org.asynchttpclient.netty.channel.ChannelManager - Adding key: http://localhost:8656 for channel [id: 0xeca16c79, L:/127.0.0.1:53065 - R:localhost/127.0.0.1:8656]
19:16:15.078 [Forwarding findElement on session bc0194dcba207c000dc7ac77f6499d90 to remote] DEBUG org.asynchttpclient.netty.request.NettyRequestSender - Using pooled Channel '[id: 0xeca16c79, L:/127.0.0.1:53065 - R:localhost/127.0.0.1:8656]' for 'POST' to 'http://localhost:8656/session/bc0194dcba207c000dc7ac77f6499d90/element'
19:16:15.078 [Forwarding findElement on session bc0194dcba207c000dc7ac77f6499d90 to remote] DEBUG org.asynchttpclient.netty.request.NettyRequestSender - Using open Channel [id: 0xeca16c79, L:/127.0.0.1:53065 - R:localhost/127.0.0.1:8656] for POST '/session/bc0194dcba207c000dc7ac77f6499d90/element'
19:16:15.090 [AsyncHttpClient-1-8] DEBUG org.asynchttpclient.netty.handler.HttpHandler - 

Request DefaultHttpRequest(decodeResult: success, version: HTTP/1.1)
POST /session/bc0194dcba207c000dc7ac77f6499d90/element HTTP/1.1
User-Agent: selenium/4.9.1 (java windows)
Content-Length: 69
Content-Type: application/json; charset=utf-8
host: localhost:8656
accept: */*

Response DefaultHttpResponse(decodeResult: success, version: HTTP/1.1)
HTTP/1.1 200 OK
Content-Length: 95
Content-Type: application/json; charset=utf-8
cache-control: no-cache

19:16:15.090 [AsyncHttpClient-1-8] DEBUG org.asynchttpclient.netty.channel.ChannelManager - Adding key: http://localhost:8656 for channel [id: 0xeca16c79, L:/127.0.0.1:53065 - R:localhost/127.0.0.1:8656]
19:16:15.091 [Forwarding getElementTagName on session bc0194dcba207c000dc7ac77f6499d90 to remote] DEBUG org.asynchttpclient.netty.request.NettyRequestSender - Using pooled Channel '[id: 0xeca16c79, L:/127.0.0.1:53065 - R:localhost/127.0.0.1:8656]' for 'GET' to 'http://localhost:8656/session/bc0194dcba207c000dc7ac77f6499d90/element/FBA6EBEA549ABAF836DCBBAB1E321DC9_element_30/name'
19:16:15.091 [Forwarding getElementTagName on session bc0194dcba207c000dc7ac77f6499d90 to remote] DEBUG org.asynchttpclient.netty.request.NettyRequestSender - Using open Channel [id: 0xeca16c79, L:/127.0.0.1:53065 - R:localhost/127.0.0.1:8656] for GET '/session/bc0194dcba207c000dc7ac77f6499d90/element/FBA6EBEA549ABAF836DCBBAB1E321DC9_element_30/name'
19:16:15.099 [AsyncHttpClient-1-8] DEBUG org.asynchttpclient.netty.handler.HttpHandler - 

Request DefaultFullHttpRequest(decodeResult: success, version: HTTP/1.1, content: EmptyByteBufBE)
GET /session/bc0194dcba207c000dc7ac77f6499d90/element/FBA6EBEA549ABAF836DCBBAB1E321DC9_element_30/name HTTP/1.1
User-Agent: selenium/4.9.1 (java windows)
Cache-Control: no-cache
Content-Type: application/json; charset=utf-8
host: localhost:8656
accept: */*

Response DefaultHttpResponse(decodeResult: success, version: HTTP/1.1)
HTTP/1.1 200 OK
Content-Length: 13
Content-Type: application/json; charset=utf-8
cache-control: no-cache

19:16:15.099 [AsyncHttpClient-1-8] DEBUG org.asynchttpclient.netty.channel.ChannelManager - Adding key: http://localhost:8656 for channel [id: 0xeca16c79, L:/127.0.0.1:53065 - R:localhost/127.0.0.1:8656]
19:16:15.102 [Forwarding getElementText on session bc0194dcba207c000dc7ac77f6499d90 to remote] DEBUG org.asynchttpclient.netty.request.NettyRequestSender - Using pooled Channel '[id: 0xeca16c79, L:/127.0.0.1:53065 - R:localhost/127.0.0.1:8656]' for 'GET' to 'http://localhost:8656/session/bc0194dcba207c000dc7ac77f6499d90/element/FBA6EBEA549ABAF836DCBBAB1E321DC9_element_30/text'
19:16:15.103 [Forwarding getElementText on session bc0194dcba207c000dc7ac77f6499d90 to remote] DEBUG org.asynchttpclient.netty.request.NettyRequestSender - Using open Channel [id: 0xeca16c79, L:/127.0.0.1:53065 - R:localhost/127.0.0.1:8656] for GET '/session/bc0194dcba207c000dc7ac77f6499d90/element/FBA6EBEA549ABAF836DCBBAB1E321DC9_element_30/text'
19:16:15.127 [AsyncHttpClient-1-8] DEBUG org.asynchttpclient.netty.handler.HttpHandler - 

Request DefaultFullHttpRequest(decodeResult: success, version: HTTP/1.1, content: EmptyByteBufBE)
GET /session/bc0194dcba207c000dc7ac77f6499d90/element/FBA6EBEA549ABAF836DCBBAB1E321DC9_element_30/text HTTP/1.1
User-Agent: selenium/4.9.1 (java windows)
Cache-Control: no-cache
Content-Type: application/json; charset=utf-8
host: localhost:8656
accept: */*

Response DefaultHttpResponse(decodeResult: success, version: HTTP/1.1)
HTTP/1.1 200 OK
Content-Length: 20
Content-Type: application/json; charset=utf-8
cache-control: no-cache

19:16:15.127 [AsyncHttpClient-1-8] DEBUG org.asynchttpclient.netty.channel.ChannelManager - Adding key: http://localhost:8656 for channel [id: 0xeca16c79, L:/127.0.0.1:53065 - R:localhost/127.0.0.1:8656]
]]></system-out>
    <system-err><![CDATA[июл. 26, 2023 7:16:09 PM org.openqa.selenium.remote.http.WebSocket$Listener onError
WARNING: Connection reset
java.net.SocketException: Connection reset
	at java.base/sun.nio.ch.SocketChannelImpl.throwConnectionReset(SocketChannelImpl.java:394)
	at java.base/sun.nio.ch.SocketChannelImpl.read(SocketChannelImpl.java:426)
	at io.netty.buffer.PooledByteBuf.setBytes(PooledByteBuf.java:256)
	at io.netty.buffer.AbstractByteBuf.writeBytes(AbstractByteBuf.java:1132)
	at io.netty.channel.socket.nio.NioSocketChannel.doReadBytes(NioSocketChannel.java:357)
	at io.netty.channel.nio.AbstractNioByteChannel$NioByteUnsafe.read(AbstractNioByteChannel.java:151)
	at io.netty.channel.nio.NioEventLoop.processSelectedKey(NioEventLoop.java:788)
	at io.netty.channel.nio.NioEventLoop.processSelectedKeysOptimized(NioEventLoop.java:724)
	at io.netty.channel.nio.NioEventLoop.processSelectedKeys(NioEventLoop.java:650)
	at io.netty.channel.nio.NioEventLoop.run(NioEventLoop.java:562)
	at io.netty.util.concurrent.SingleThreadEventExecutor$4.run(SingleThreadEventExecutor.java:997)
	at io.netty.util.internal.ThreadExecutorMap$2.run(ThreadExecutorMap.java:74)
	at io.netty.util.concurrent.FastThreadLocalRunnable.run(FastThreadLocalRunnable.java:30)
	at java.base/java.lang.Thread.run(Thread.java:833)

Starting ChromeDriver 114.0.5735.90 (386bc09e8f4f2e025eddae123f36f6263096ae49-refs/branch-heads/5735@{#1052}) on port 8656
Only local connections are allowed.
Please see https://chromedriver.chromium.org/security-considerations for suggestions on keeping ChromeDriver safe.
ChromeDriver was started successfully.
июл. 26, 2023 7:16:11 PM org.openqa.selenium.devtools.CdpVersionFinder findNearestMatch
WARNING: Unable to find an exact match for CDP version 114, so returning the closest version found: 113
]]></system-err>
  </testcase>
  <testcase name="createProjectUI" classname="UI.tests.ProjectTest" time="3.125">
    <system-out><![CDATA[Request method:	DELETE
Request URI:	http://localhost:81/jsonrpc.php
Proxy:			<none>
Request params:	<none>
Query params:	<none>
Form params:	<none>
Path params:	<none>
Headers:		Accept=*/*
				Content-Type=text/plain; charset=ISO-8859-1
Cookies:		<none>
Multiparts:		<none>
Body:
{"jsonrpc":"2.0","method":"removeProject","id":567,"params":{"project_id":270}}
19:16:15.148 [main] DEBUG org.apache.http.impl.conn.BasicClientConnectionManager - Get connection for route {}->http://localhost:81
19:16:15.149 [main] DEBUG org.apache.http.impl.conn.DefaultClientConnectionOperator - Connecting to localhost:81
19:16:15.150 [main] DEBUG org.apache.http.client.protocol.RequestAddCookies - CookieSpec selected: ignoreCookies
19:16:15.150 [main] DEBUG org.apache.http.client.protocol.RequestAuthCache - Auth cache not set in the context
19:16:15.150 [main] DEBUG org.apache.http.client.protocol.RequestTargetAuthentication - Target auth state: UNCHALLENGED
19:16:15.150 [main] DEBUG org.apache.http.client.protocol.RequestProxyAuthentication - Proxy auth state: UNCHALLENGED
19:16:15.150 [main] DEBUG org.apache.http.impl.client.DefaultHttpClient - Attempt 1 to execute request
19:16:15.150 [main] DEBUG org.apache.http.impl.conn.DefaultClientConnection - Sending request: DELETE /jsonrpc.php HTTP/1.1
19:16:15.150 [main] DEBUG org.apache.http.wire -  >> "DELETE /jsonrpc.php HTTP/1.1[\r][\n]"
19:16:15.150 [main] DEBUG org.apache.http.wire -  >> "Accept: */*[\r][\n]"
19:16:15.150 [main] DEBUG org.apache.http.wire -  >> "Content-Type: text/plain; charset=ISO-8859-1[\r][\n]"
19:16:15.150 [main] DEBUG org.apache.http.wire -  >> "Content-Length: 79[\r][\n]"
19:16:15.150 [main] DEBUG org.apache.http.wire -  >> "Host: localhost:81[\r][\n]"
19:16:15.150 [main] DEBUG org.apache.http.wire -  >> "Connection: Keep-Alive[\r][\n]"
19:16:15.150 [main] DEBUG org.apache.http.wire -  >> "User-Agent: Apache-HttpClient/4.5.13 (Java/17)[\r][\n]"
19:16:15.150 [main] DEBUG org.apache.http.wire -  >> "Accept-Encoding: gzip,deflate[\r][\n]"
19:16:15.150 [main] DEBUG org.apache.http.wire -  >> "[\r][\n]"
19:16:15.150 [main] DEBUG org.apache.http.headers - >> DELETE /jsonrpc.php HTTP/1.1
19:16:15.150 [main] DEBUG org.apache.http.headers - >> Accept: */*
19:16:15.150 [main] DEBUG org.apache.http.headers - >> Content-Type: text/plain; charset=ISO-8859-1
19:16:15.150 [main] DEBUG org.apache.http.headers - >> Content-Length: 79
19:16:15.150 [main] DEBUG org.apache.http.headers - >> Host: localhost:81
19:16:15.150 [main] DEBUG org.apache.http.headers - >> Connection: Keep-Alive
19:16:15.150 [main] DEBUG org.apache.http.headers - >> User-Agent: Apache-HttpClient/4.5.13 (Java/17)
19:16:15.150 [main] DEBUG org.apache.http.headers - >> Accept-Encoding: gzip,deflate
19:16:15.150 [main] DEBUG org.apache.http.wire -  >> "{"jsonrpc":"2.0","method":"removeProject","id":567,"params":{"project_id":270}}"
19:16:15.165 [main] DEBUG org.apache.http.wire -  << "HTTP/1.1 401 Unauthorized[\r][\n]"
19:16:15.165 [main] DEBUG org.apache.http.wire -  << "Server: nginx[\r][\n]"
19:16:15.165 [main] DEBUG org.apache.http.wire -  << "Date: Wed, 26 Jul 2023 16:16:15 GMT[\r][\n]"
19:16:15.165 [main] DEBUG org.apache.http.wire -  << "Content-Type: application/json[\r][\n]"
19:16:15.165 [main] DEBUG org.apache.http.wire -  << "Transfer-Encoding: chunked[\r][\n]"
19:16:15.165 [main] DEBUG org.apache.http.wire -  << "Connection: keep-alive[\r][\n]"
19:16:15.165 [main] DEBUG org.apache.http.wire -  << "WWW-Authenticate: Basic realm="JsonRPC"[\r][\n]"
19:16:15.165 [main] DEBUG org.apache.http.wire -  << "[\r][\n]"
19:16:15.165 [main] DEBUG org.apache.http.impl.conn.DefaultClientConnection - Receiving response: HTTP/1.1 401 Unauthorized
19:16:15.165 [main] DEBUG org.apache.http.headers - << HTTP/1.1 401 Unauthorized
19:16:15.165 [main] DEBUG org.apache.http.headers - << Server: nginx
19:16:15.165 [main] DEBUG org.apache.http.headers - << Date: Wed, 26 Jul 2023 16:16:15 GMT
19:16:15.165 [main] DEBUG org.apache.http.headers - << Content-Type: application/json
19:16:15.165 [main] DEBUG org.apache.http.headers - << Transfer-Encoding: chunked
19:16:15.165 [main] DEBUG org.apache.http.headers - << Connection: keep-alive
19:16:15.165 [main] DEBUG org.apache.http.headers - << WWW-Authenticate: Basic realm="JsonRPC"
19:16:15.165 [main] DEBUG org.apache.http.impl.client.DefaultHttpClient - Connection can be kept alive indefinitely
19:16:15.165 [main] DEBUG org.apache.http.impl.client.DefaultHttpClient - Authentication required
19:16:15.165 [main] DEBUG org.apache.http.impl.client.DefaultHttpClient - localhost:81 requested authentication
19:16:15.165 [main] DEBUG org.apache.http.impl.client.TargetAuthenticationStrategy - Authentication schemes in the order of preference: [Negotiate, Kerberos, NTLM, CredSSP, Digest, Basic]
19:16:15.165 [main] DEBUG org.apache.http.impl.client.TargetAuthenticationStrategy - Challenge for Negotiate authentication scheme not available
19:16:15.165 [main] DEBUG org.apache.http.impl.client.TargetAuthenticationStrategy - Challenge for Kerberos authentication scheme not available
19:16:15.165 [main] DEBUG org.apache.http.impl.client.TargetAuthenticationStrategy - Challenge for NTLM authentication scheme not available
19:16:15.165 [main] DEBUG org.apache.http.impl.client.TargetAuthenticationStrategy - Challenge for CredSSP authentication scheme not available
19:16:15.165 [main] DEBUG org.apache.http.impl.client.TargetAuthenticationStrategy - Challenge for Digest authentication scheme not available
19:16:15.166 [main] DEBUG org.apache.http.impl.client.DefaultHttpClient - Selected authentication options: [BASIC [complete=true]]
19:16:15.166 [main] DEBUG org.apache.http.wire -  << "49[\r][\n]"
19:16:15.166 [main] DEBUG org.apache.http.wire -  << "{"jsonrpc":"2.0","error":{"code":401,"message":"Unauthorized"},"id":null}"
19:16:15.166 [main] DEBUG org.apache.http.wire -  << "[\r][\n]"
19:16:15.166 [main] DEBUG org.apache.http.wire -  << "0[\r][\n]"
19:16:15.166 [main] DEBUG org.apache.http.wire -  << "[\r][\n]"
19:16:15.166 [main] DEBUG org.apache.http.client.protocol.RequestAddCookies - CookieSpec selected: ignoreCookies
19:16:15.166 [main] DEBUG org.apache.http.client.protocol.RequestAuthCache - Auth cache not set in the context
19:16:15.166 [main] DEBUG org.apache.http.client.protocol.RequestTargetAuthentication - Target auth state: CHALLENGED
19:16:15.166 [main] DEBUG org.apache.http.client.protocol.RequestTargetAuthentication - Generating response to an authentication challenge using basic scheme
19:16:15.166 [main] DEBUG org.apache.http.client.protocol.RequestProxyAuthentication - Proxy auth state: UNCHALLENGED
19:16:15.166 [main] DEBUG org.apache.http.impl.client.DefaultHttpClient - Attempt 2 to execute request
19:16:15.166 [main] DEBUG org.apache.http.impl.conn.DefaultClientConnection - Sending request: DELETE /jsonrpc.php HTTP/1.1
19:16:15.166 [main] DEBUG org.apache.http.wire -  >> "DELETE /jsonrpc.php HTTP/1.1[\r][\n]"
19:16:15.166 [main] DEBUG org.apache.http.wire -  >> "Accept: */*[\r][\n]"
19:16:15.166 [main] DEBUG org.apache.http.wire -  >> "Content-Type: text/plain; charset=ISO-8859-1[\r][\n]"
19:16:15.166 [main] DEBUG org.apache.http.wire -  >> "Content-Length: 79[\r][\n]"
19:16:15.166 [main] DEBUG org.apache.http.wire -  >> "Host: localhost:81[\r][\n]"
19:16:15.166 [main] DEBUG org.apache.http.wire -  >> "Connection: Keep-Alive[\r][\n]"
19:16:15.166 [main] DEBUG org.apache.http.wire -  >> "User-Agent: Apache-HttpClient/4.5.13 (Java/17)[\r][\n]"
19:16:15.166 [main] DEBUG org.apache.http.wire -  >> "Authorization: Basic a3lyeWxvQVBJVGVzdExvZ2luOmt5cnlsb0FQSVRlc3RQYXNzd29yZA==[\r][\n]"
19:16:15.166 [main] DEBUG org.apache.http.wire -  >> "Accept-Encoding: gzip,deflate[\r][\n]"
19:16:15.166 [main] DEBUG org.apache.http.wire -  >> "[\r][\n]"
19:16:15.166 [main] DEBUG org.apache.http.headers - >> DELETE /jsonrpc.php HTTP/1.1
19:16:15.166 [main] DEBUG org.apache.http.headers - >> Accept: */*
19:16:15.166 [main] DEBUG org.apache.http.headers - >> Content-Type: text/plain; charset=ISO-8859-1
19:16:15.166 [main] DEBUG org.apache.http.headers - >> Content-Length: 79
19:16:15.166 [main] DEBUG org.apache.http.headers - >> Host: localhost:81
19:16:15.166 [main] DEBUG org.apache.http.headers - >> Connection: Keep-Alive
19:16:15.166 [main] DEBUG org.apache.http.headers - >> User-Agent: Apache-HttpClient/4.5.13 (Java/17)
19:16:15.166 [main] DEBUG org.apache.http.headers - >> Authorization: Basic a3lyeWxvQVBJVGVzdExvZ2luOmt5cnlsb0FQSVRlc3RQYXNzd29yZA==
19:16:15.166 [main] DEBUG org.apache.http.headers - >> Accept-Encoding: gzip,deflate
19:16:15.166 [main] DEBUG org.apache.http.wire -  >> "{"jsonrpc":"2.0","method":"removeProject","id":567,"params":{"project_id":270}}"
19:16:15.272 [main] DEBUG org.apache.http.wire -  << "HTTP/1.1 200 OK[\r][\n]"
19:16:15.273 [main] DEBUG org.apache.http.wire -  << "Server: nginx[\r][\n]"
19:16:15.273 [main] DEBUG org.apache.http.wire -  << "Date: Wed, 26 Jul 2023 16:16:15 GMT[\r][\n]"
19:16:15.273 [main] DEBUG org.apache.http.wire -  << "Content-Type: application/json[\r][\n]"
19:16:15.273 [main] DEBUG org.apache.http.wire -  << "Transfer-Encoding: chunked[\r][\n]"
19:16:15.273 [main] DEBUG org.apache.http.wire -  << "Connection: keep-alive[\r][\n]"
19:16:15.273 [main] DEBUG org.apache.http.wire -  << "Vary: Accept-Encoding[\r][\n]"
19:16:15.273 [main] DEBUG org.apache.http.wire -  << "Content-Encoding: gzip[\r][\n]"
19:16:15.273 [main] DEBUG org.apache.http.wire -  << "[\r][\n]"
19:16:15.273 [main] DEBUG org.apache.http.impl.conn.DefaultClientConnection - Receiving response: HTTP/1.1 200 OK
19:16:15.273 [main] DEBUG org.apache.http.headers - << HTTP/1.1 200 OK
19:16:15.273 [main] DEBUG org.apache.http.headers - << Server: nginx
19:16:15.273 [main] DEBUG org.apache.http.headers - << Date: Wed, 26 Jul 2023 16:16:15 GMT
19:16:15.273 [main] DEBUG org.apache.http.headers - << Content-Type: application/json
19:16:15.273 [main] DEBUG org.apache.http.headers - << Transfer-Encoding: chunked
19:16:15.273 [main] DEBUG org.apache.http.headers - << Connection: keep-alive
19:16:15.273 [main] DEBUG org.apache.http.headers - << Vary: Accept-Encoding
19:16:15.273 [main] DEBUG org.apache.http.headers - << Content-Encoding: gzip
19:16:15.273 [main] DEBUG org.apache.http.impl.client.DefaultHttpClient - Connection can be kept alive indefinitely
19:16:15.273 [main] DEBUG org.apache.http.impl.client.DefaultHttpClient - Authentication succeeded
19:16:15.273 [main] DEBUG org.apache.http.impl.client.TargetAuthenticationStrategy - Caching 'basic' auth scheme for http://localhost:81
19:16:15.275 [main] DEBUG io.restassured.internal.RestAssuredHttpBuilder - Parsing response as: application/json
19:16:15.275 [main] DEBUG org.apache.http.wire -  << "3c[\r][\n]"
19:16:15.276 [main] DEBUG org.apache.http.wire -  << "[0x1f][0x8b][0x8][0x0][0x0][0x0][0x0][0x0][0x0][0x3][0xab]V[0xca]*[0xce][0xcf]+*HV[0xb2]R2[0xd2]3P[0xd2]Q*J-.[0xcd])Q[0xb2]*)*M[0xd5]Q[0xca]LQ[0xb2]253[0xaf][0x5][0x0][0xe0][0xd7]6X([0x0][0x0][0x0]"
19:16:15.276 [main] DEBUG org.apache.http.wire -  << "[\r][\n]"
19:16:15.276 [main] DEBUG org.apache.http.wire -  << "0[\r][\n]"
19:16:15.276 [main] DEBUG org.apache.http.wire -  << "[\r][\n]"
19:16:15.276 [main] DEBUG io.restassured.internal.RestAssuredHttpBuilder - Parsed data to instance of: class org.apache.http.conn.EofSensorInputStream
19:16:15.278 [main] DEBUG org.apache.http.impl.conn.BasicClientConnectionManager - Releasing connection org.apache.http.impl.conn.ManagedClientConnectionImpl@2cdb1581
19:16:15.278 [main] DEBUG org.apache.http.impl.conn.BasicClientConnectionManager - Connection can be kept alive indefinitely
{
    "jsonrpc": "2.0",
    "result": true,
    "id": 567
}
{
    "jsonrpc": "2.0",
    "result": true,
    "id": 567
}
Request method:	DELETE
Request URI:	http://localhost:81/jsonrpc.php
Proxy:			<none>
Request params:	<none>
Query params:	<none>
Form params:	<none>
Path params:	<none>
Headers:		Accept=*/*
				Content-Type=text/plain; charset=ISO-8859-1
Cookies:		<none>
Multiparts:		<none>
Body:
{"jsonrpc":"2.0","method":"removeUser","id":234,"params":{"user_id":396}}
19:16:15.299 [main] DEBUG org.apache.http.impl.conn.BasicClientConnectionManager - Get connection for route {}->http://localhost:81
19:16:15.299 [main] DEBUG org.apache.http.impl.conn.DefaultClientConnectionOperator - Connecting to localhost:81
19:16:15.300 [main] DEBUG org.apache.http.client.protocol.RequestAddCookies - CookieSpec selected: ignoreCookies
19:16:15.300 [main] DEBUG org.apache.http.client.protocol.RequestAuthCache - Auth cache not set in the context
19:16:15.300 [main] DEBUG org.apache.http.client.protocol.RequestTargetAuthentication - Target auth state: UNCHALLENGED
19:16:15.300 [main] DEBUG org.apache.http.client.protocol.RequestProxyAuthentication - Proxy auth state: UNCHALLENGED
19:16:15.300 [main] DEBUG org.apache.http.impl.client.DefaultHttpClient - Attempt 1 to execute request
19:16:15.300 [main] DEBUG org.apache.http.impl.conn.DefaultClientConnection - Sending request: DELETE /jsonrpc.php HTTP/1.1
19:16:15.300 [main] DEBUG org.apache.http.wire -  >> "DELETE /jsonrpc.php HTTP/1.1[\r][\n]"
19:16:15.300 [main] DEBUG org.apache.http.wire -  >> "Accept: */*[\r][\n]"
19:16:15.300 [main] DEBUG org.apache.http.wire -  >> "Content-Type: text/plain; charset=ISO-8859-1[\r][\n]"
19:16:15.300 [main] DEBUG org.apache.http.wire -  >> "Content-Length: 73[\r][\n]"
19:16:15.300 [main] DEBUG org.apache.http.wire -  >> "Host: localhost:81[\r][\n]"
19:16:15.300 [main] DEBUG org.apache.http.wire -  >> "Connection: Keep-Alive[\r][\n]"
19:16:15.300 [main] DEBUG org.apache.http.wire -  >> "User-Agent: Apache-HttpClient/4.5.13 (Java/17)[\r][\n]"
19:16:15.300 [main] DEBUG org.apache.http.wire -  >> "Accept-Encoding: gzip,deflate[\r][\n]"
19:16:15.300 [main] DEBUG org.apache.http.wire -  >> "[\r][\n]"
19:16:15.300 [main] DEBUG org.apache.http.headers - >> DELETE /jsonrpc.php HTTP/1.1
19:16:15.300 [main] DEBUG org.apache.http.headers - >> Accept: */*
19:16:15.300 [main] DEBUG org.apache.http.headers - >> Content-Type: text/plain; charset=ISO-8859-1
19:16:15.300 [main] DEBUG org.apache.http.headers - >> Content-Length: 73
19:16:15.300 [main] DEBUG org.apache.http.headers - >> Host: localhost:81
19:16:15.300 [main] DEBUG org.apache.http.headers - >> Connection: Keep-Alive
19:16:15.300 [main] DEBUG org.apache.http.headers - >> User-Agent: Apache-HttpClient/4.5.13 (Java/17)
19:16:15.300 [main] DEBUG org.apache.http.headers - >> Accept-Encoding: gzip,deflate
19:16:15.300 [main] DEBUG org.apache.http.wire -  >> "{"jsonrpc":"2.0","method":"removeUser","id":234,"params":{"user_id":396}}"
19:16:15.315 [main] DEBUG org.apache.http.wire -  << "HTTP/1.1 401 Unauthorized[\r][\n]"
19:16:15.315 [main] DEBUG org.apache.http.wire -  << "Server: nginx[\r][\n]"
19:16:15.315 [main] DEBUG org.apache.http.wire -  << "Date: Wed, 26 Jul 2023 16:16:15 GMT[\r][\n]"
19:16:15.315 [main] DEBUG org.apache.http.wire -  << "Content-Type: application/json[\r][\n]"
19:16:15.315 [main] DEBUG org.apache.http.wire -  << "Transfer-Encoding: chunked[\r][\n]"
19:16:15.315 [main] DEBUG org.apache.http.wire -  << "Connection: keep-alive[\r][\n]"
19:16:15.315 [main] DEBUG org.apache.http.wire -  << "WWW-Authenticate: Basic realm="JsonRPC"[\r][\n]"
19:16:15.315 [main] DEBUG org.apache.http.wire -  << "[\r][\n]"
19:16:15.315 [main] DEBUG org.apache.http.impl.conn.DefaultClientConnection - Receiving response: HTTP/1.1 401 Unauthorized
19:16:15.315 [main] DEBUG org.apache.http.headers - << HTTP/1.1 401 Unauthorized
19:16:15.315 [main] DEBUG org.apache.http.headers - << Server: nginx
19:16:15.315 [main] DEBUG org.apache.http.headers - << Date: Wed, 26 Jul 2023 16:16:15 GMT
19:16:15.315 [main] DEBUG org.apache.http.headers - << Content-Type: application/json
19:16:15.315 [main] DEBUG org.apache.http.headers - << Transfer-Encoding: chunked
19:16:15.315 [main] DEBUG org.apache.http.headers - << Connection: keep-alive
19:16:15.315 [main] DEBUG org.apache.http.headers - << WWW-Authenticate: Basic realm="JsonRPC"
19:16:15.315 [main] DEBUG org.apache.http.impl.client.DefaultHttpClient - Connection can be kept alive indefinitely
19:16:15.315 [main] DEBUG org.apache.http.impl.client.DefaultHttpClient - Authentication required
19:16:15.315 [main] DEBUG org.apache.http.impl.client.DefaultHttpClient - localhost:81 requested authentication
19:16:15.316 [main] DEBUG org.apache.http.impl.client.TargetAuthenticationStrategy - Authentication schemes in the order of preference: [Negotiate, Kerberos, NTLM, CredSSP, Digest, Basic]
19:16:15.316 [main] DEBUG org.apache.http.impl.client.TargetAuthenticationStrategy - Challenge for Negotiate authentication scheme not available
19:16:15.316 [main] DEBUG org.apache.http.impl.client.TargetAuthenticationStrategy - Challenge for Kerberos authentication scheme not available
19:16:15.316 [main] DEBUG org.apache.http.impl.client.TargetAuthenticationStrategy - Challenge for NTLM authentication scheme not available
19:16:15.316 [main] DEBUG org.apache.http.impl.client.TargetAuthenticationStrategy - Challenge for CredSSP authentication scheme not available
19:16:15.316 [main] DEBUG org.apache.http.impl.client.TargetAuthenticationStrategy - Challenge for Digest authentication scheme not available
19:16:15.316 [main] DEBUG org.apache.http.impl.client.DefaultHttpClient - Selected authentication options: [BASIC [complete=true]]
19:16:15.316 [main] DEBUG org.apache.http.wire -  << "49[\r][\n]"
19:16:15.316 [main] DEBUG org.apache.http.wire -  << "{"jsonrpc":"2.0","error":{"code":401,"message":"Unauthorized"},"id":null}"
19:16:15.316 [main] DEBUG org.apache.http.wire -  << "[\r][\n]"
19:16:15.316 [main] DEBUG org.apache.http.wire -  << "0[\r][\n]"
19:16:15.316 [main] DEBUG org.apache.http.wire -  << "[\r][\n]"
19:16:15.316 [main] DEBUG org.apache.http.client.protocol.RequestAddCookies - CookieSpec selected: ignoreCookies
19:16:15.316 [main] DEBUG org.apache.http.client.protocol.RequestAuthCache - Auth cache not set in the context
19:16:15.316 [main] DEBUG org.apache.http.client.protocol.RequestTargetAuthentication - Target auth state: CHALLENGED
19:16:15.316 [main] DEBUG org.apache.http.client.protocol.RequestTargetAuthentication - Generating response to an authentication challenge using basic scheme
19:16:15.316 [main] DEBUG org.apache.http.client.protocol.RequestProxyAuthentication - Proxy auth state: UNCHALLENGED
19:16:15.316 [main] DEBUG org.apache.http.impl.client.DefaultHttpClient - Attempt 2 to execute request
19:16:15.316 [main] DEBUG org.apache.http.impl.conn.DefaultClientConnection - Sending request: DELETE /jsonrpc.php HTTP/1.1
19:16:15.316 [main] DEBUG org.apache.http.wire -  >> "DELETE /jsonrpc.php HTTP/1.1[\r][\n]"
19:16:15.316 [main] DEBUG org.apache.http.wire -  >> "Accept: */*[\r][\n]"
19:16:15.316 [main] DEBUG org.apache.http.wire -  >> "Content-Type: text/plain; charset=ISO-8859-1[\r][\n]"
19:16:15.316 [main] DEBUG org.apache.http.wire -  >> "Content-Length: 73[\r][\n]"
19:16:15.316 [main] DEBUG org.apache.http.wire -  >> "Host: localhost:81[\r][\n]"
19:16:15.316 [main] DEBUG org.apache.http.wire -  >> "Connection: Keep-Alive[\r][\n]"
19:16:15.316 [main] DEBUG org.apache.http.wire -  >> "User-Agent: Apache-HttpClient/4.5.13 (Java/17)[\r][\n]"
19:16:15.316 [main] DEBUG org.apache.http.wire -  >> "Authorization: Basic YWRtaW46YWRtaW4=[\r][\n]"
19:16:15.316 [main] DEBUG org.apache.http.wire -  >> "Accept-Encoding: gzip,deflate[\r][\n]"
19:16:15.316 [main] DEBUG org.apache.http.wire -  >> "[\r][\n]"
19:16:15.316 [main] DEBUG org.apache.http.headers - >> DELETE /jsonrpc.php HTTP/1.1
19:16:15.316 [main] DEBUG org.apache.http.headers - >> Accept: */*
19:16:15.316 [main] DEBUG org.apache.http.headers - >> Content-Type: text/plain; charset=ISO-8859-1
19:16:15.316 [main] DEBUG org.apache.http.headers - >> Content-Length: 73
19:16:15.316 [main] DEBUG org.apache.http.headers - >> Host: localhost:81
19:16:15.316 [main] DEBUG org.apache.http.headers - >> Connection: Keep-Alive
19:16:15.316 [main] DEBUG org.apache.http.headers - >> User-Agent: Apache-HttpClient/4.5.13 (Java/17)
19:16:15.316 [main] DEBUG org.apache.http.headers - >> Authorization: Basic YWRtaW46YWRtaW4=
19:16:15.316 [main] DEBUG org.apache.http.headers - >> Accept-Encoding: gzip,deflate
19:16:15.316 [main] DEBUG org.apache.http.wire -  >> "{"jsonrpc":"2.0","method":"removeUser","id":234,"params":{"user_id":396}}"
19:16:15.443 [main] DEBUG org.apache.http.wire -  << "HTTP/1.1 200 OK[\r][\n]"
19:16:15.443 [main] DEBUG org.apache.http.wire -  << "Server: nginx[\r][\n]"
19:16:15.443 [main] DEBUG org.apache.http.wire -  << "Date: Wed, 26 Jul 2023 16:16:15 GMT[\r][\n]"
19:16:15.443 [main] DEBUG org.apache.http.wire -  << "Content-Type: application/json[\r][\n]"
19:16:15.443 [main] DEBUG org.apache.http.wire -  << "Transfer-Encoding: chunked[\r][\n]"
19:16:15.443 [main] DEBUG org.apache.http.wire -  << "Connection: keep-alive[\r][\n]"
19:16:15.443 [main] DEBUG org.apache.http.wire -  << "Vary: Accept-Encoding[\r][\n]"
19:16:15.443 [main] DEBUG org.apache.http.wire -  << "Content-Encoding: gzip[\r][\n]"
19:16:15.443 [main] DEBUG org.apache.http.wire -  << "[\r][\n]"
19:16:15.443 [main] DEBUG org.apache.http.impl.conn.DefaultClientConnection - Receiving response: HTTP/1.1 200 OK
19:16:15.443 [main] DEBUG org.apache.http.headers - << HTTP/1.1 200 OK
19:16:15.443 [main] DEBUG org.apache.http.headers - << Server: nginx
19:16:15.443 [main] DEBUG org.apache.http.headers - << Date: Wed, 26 Jul 2023 16:16:15 GMT
19:16:15.443 [main] DEBUG org.apache.http.headers - << Content-Type: application/json
19:16:15.443 [main] DEBUG org.apache.http.headers - << Transfer-Encoding: chunked
19:16:15.443 [main] DEBUG org.apache.http.headers - << Connection: keep-alive
19:16:15.443 [main] DEBUG org.apache.http.headers - << Vary: Accept-Encoding
19:16:15.443 [main] DEBUG org.apache.http.headers - << Content-Encoding: gzip
19:16:15.444 [main] DEBUG org.apache.http.impl.client.DefaultHttpClient - Connection can be kept alive indefinitely
19:16:15.444 [main] DEBUG org.apache.http.impl.client.DefaultHttpClient - Authentication succeeded
19:16:15.444 [main] DEBUG org.apache.http.impl.client.TargetAuthenticationStrategy - Caching 'basic' auth scheme for http://localhost:81
19:16:15.444 [main] DEBUG io.restassured.internal.RestAssuredHttpBuilder - Parsing response as: application/json
19:16:15.444 [main] DEBUG org.apache.http.wire -  << "3c[\r][\n]"
19:16:15.444 [main] DEBUG org.apache.http.wire -  << "[0x1f][0x8b][0x8][0x0][0x0][0x0][0x0][0x0][0x0][0x3][0xab]V[0xca]*[0xce][0xcf]+*HV[0xb2]R2[0xd2]3P[0xd2]Q*J-.[0xcd])Q[0xb2]*)*M[0xd5]Q[0xca]LQ[0xb2]226[0xa9][0x5][0x0]q~[0x7][0xe8]([0x0][0x0][0x0]"
19:16:15.444 [main] DEBUG org.apache.http.wire -  << "[\r][\n]"
19:16:15.444 [main] DEBUG org.apache.http.wire -  << "0[\r][\n]"
19:16:15.444 [main] DEBUG org.apache.http.wire -  << "[\r][\n]"
19:16:15.444 [main] DEBUG io.restassured.internal.RestAssuredHttpBuilder - Parsed data to instance of: class org.apache.http.conn.EofSensorInputStream
19:16:15.444 [main] DEBUG org.apache.http.impl.conn.BasicClientConnectionManager - Releasing connection org.apache.http.impl.conn.ManagedClientConnectionImpl@2ef2fa78
19:16:15.444 [main] DEBUG org.apache.http.impl.conn.BasicClientConnectionManager - Connection can be kept alive indefinitely
{
    "jsonrpc": "2.0",
    "result": true,
    "id": 234
}
{
    "jsonrpc": "2.0",
    "result": true,
    "id": 234
}
19:16:15.450 [Forwarding close on session bc0194dcba207c000dc7ac77f6499d90 to remote] DEBUG org.asynchttpclient.netty.request.NettyRequestSender - Using pooled Channel '[id: 0xeca16c79, L:/127.0.0.1:53065 - R:localhost/127.0.0.1:8656]' for 'DELETE' to 'http://localhost:8656/session/bc0194dcba207c000dc7ac77f6499d90/window'
19:16:15.450 [Forwarding close on session bc0194dcba207c000dc7ac77f6499d90 to remote] DEBUG org.asynchttpclient.netty.request.NettyRequestSender - Using open Channel [id: 0xeca16c79, L:/127.0.0.1:53065 - R:localhost/127.0.0.1:8656] for DELETE '/session/bc0194dcba207c000dc7ac77f6499d90/window'
19:16:15.561 [AsyncHttpClient-1-1] DEBUG org.asynchttpclient.netty.channel.DefaultChannelPool - Entry count for : http://localhost:53066 : 1
19:16:15.605 [AsyncHttpClient-1-9] DEBUG org.asynchttpclient.netty.handler.HttpHandler - Unexpected I/O exception on channel [id: 0x7a5157a8, L:/127.0.0.1:53072 - R:localhost/127.0.0.1:53066]
java.net.SocketException: Connection reset
	at java.base/sun.nio.ch.SocketChannelImpl.throwConnectionReset(SocketChannelImpl.java:394)
	at java.base/sun.nio.ch.SocketChannelImpl.read(SocketChannelImpl.java:426)
	at io.netty.buffer.PooledByteBuf.setBytes(PooledByteBuf.java:256)
	at io.netty.buffer.AbstractByteBuf.writeBytes(AbstractByteBuf.java:1132)
	at io.netty.channel.socket.nio.NioSocketChannel.doReadBytes(NioSocketChannel.java:357)
	at io.netty.channel.nio.AbstractNioByteChannel$NioByteUnsafe.read(AbstractNioByteChannel.java:151)
	at io.netty.channel.nio.NioEventLoop.processSelectedKey(NioEventLoop.java:788)
	at io.netty.channel.nio.NioEventLoop.processSelectedKeysOptimized(NioEventLoop.java:724)
	at io.netty.channel.nio.NioEventLoop.processSelectedKeys(NioEventLoop.java:650)
	at io.netty.channel.nio.NioEventLoop.run(NioEventLoop.java:562)
	at io.netty.util.concurrent.SingleThreadEventExecutor$4.run(SingleThreadEventExecutor.java:997)
	at io.netty.util.internal.ThreadExecutorMap$2.run(ThreadExecutorMap.java:74)
	at io.netty.util.concurrent.FastThreadLocalRunnable.run(FastThreadLocalRunnable.java:30)
	at java.base/java.lang.Thread.run(Thread.java:833)
19:16:15.606 [AsyncHttpClient-1-9] DEBUG org.asynchttpclient.netty.channel.ChannelManager - Closing Channel [id: 0x7a5157a8, L:/127.0.0.1:53072 - R:localhost/127.0.0.1:53066] 
19:16:15.607 [AsyncHttpClient-1-9] DEBUG org.asynchttpclient.netty.handler.HttpHandler - Channel Closed: [id: 0x7a5157a8, L:/127.0.0.1:53072 ! R:localhost/127.0.0.1:53066] with attribute DISCARD
19:16:15.614 [AsyncHttpClient-1-10] DEBUG org.asynchttpclient.netty.handler.WebSocketHandler - Unexpected I/O exception on channel [id: 0x76b8c107, L:/127.0.0.1:53073 - R:localhost/127.0.0.1:53066]
java.net.SocketException: Connection reset
	at java.base/sun.nio.ch.SocketChannelImpl.throwConnectionReset(SocketChannelImpl.java:394)
	at java.base/sun.nio.ch.SocketChannelImpl.read(SocketChannelImpl.java:426)
	at io.netty.buffer.PooledByteBuf.setBytes(PooledByteBuf.java:256)
	at io.netty.buffer.AbstractByteBuf.writeBytes(AbstractByteBuf.java:1132)
	at io.netty.channel.socket.nio.NioSocketChannel.doReadBytes(NioSocketChannel.java:357)
	at io.netty.channel.nio.AbstractNioByteChannel$NioByteUnsafe.read(AbstractNioByteChannel.java:151)
	at io.netty.channel.nio.NioEventLoop.processSelectedKey(NioEventLoop.java:788)
	at io.netty.channel.nio.NioEventLoop.processSelectedKeysOptimized(NioEventLoop.java:724)
	at io.netty.channel.nio.NioEventLoop.processSelectedKeys(NioEventLoop.java:650)
	at io.netty.channel.nio.NioEventLoop.run(NioEventLoop.java:562)
	at io.netty.util.concurrent.SingleThreadEventExecutor$4.run(SingleThreadEventExecutor.java:997)
	at io.netty.util.internal.ThreadExecutorMap$2.run(ThreadExecutorMap.java:74)
	at io.netty.util.concurrent.FastThreadLocalRunnable.run(FastThreadLocalRunnable.java:30)
	at java.base/java.lang.Thread.run(Thread.java:833)
19:16:15.614 [AsyncHttpClient-1-10] DEBUG org.asynchttpclient.netty.handler.WebSocketHandler - Was unable to recover Future: NettyResponseFuture{currentRetry=0,
	isDone=1,
	isCancelled=0,
	asyncHandler=org.asynchttpclient.ws.WebSocketUpgradeHandler@2a90efc2,
	nettyRequest=org.asynchttpclient.netty.request.NettyRequest@6f9264f4,
	future=java.util.concurrent.CompletableFuture@b3b30a0[Completed normally],
	uri=ws://localhost:53066/devtools/browser/72d68504-b540-48b6-9250-56b3fd60124a,
	keepAlive=true,
	redirectCount=0,
	timeoutsHolder=null,
	inAuth=0,
	touch=1690388175614}
19:16:15.614 [AsyncHttpClient-1-10] DEBUG org.asynchttpclient.netty.channel.ChannelManager - Closing Channel [id: 0x76b8c107, L:/127.0.0.1:53073 - R:localhost/127.0.0.1:53066] 
19:16:15.614 [AsyncHttpClient-1-10] WARN org.asynchttpclient.netty.handler.WebSocketHandler - onError
java.net.SocketException: Connection reset
	at java.base/sun.nio.ch.SocketChannelImpl.throwConnectionReset(SocketChannelImpl.java:394)
	at java.base/sun.nio.ch.SocketChannelImpl.read(SocketChannelImpl.java:426)
	at io.netty.buffer.PooledByteBuf.setBytes(PooledByteBuf.java:256)
	at io.netty.buffer.AbstractByteBuf.writeBytes(AbstractByteBuf.java:1132)
	at io.netty.channel.socket.nio.NioSocketChannel.doReadBytes(NioSocketChannel.java:357)
	at io.netty.channel.nio.AbstractNioByteChannel$NioByteUnsafe.read(AbstractNioByteChannel.java:151)
	at io.netty.channel.nio.NioEventLoop.processSelectedKey(NioEventLoop.java:788)
	at io.netty.channel.nio.NioEventLoop.processSelectedKeysOptimized(NioEventLoop.java:724)
	at io.netty.channel.nio.NioEventLoop.processSelectedKeys(NioEventLoop.java:650)
	at io.netty.channel.nio.NioEventLoop.run(NioEventLoop.java:562)
	at io.netty.util.concurrent.SingleThreadEventExecutor$4.run(SingleThreadEventExecutor.java:997)
	at io.netty.util.internal.ThreadExecutorMap$2.run(ThreadExecutorMap.java:74)
	at io.netty.util.concurrent.FastThreadLocalRunnable.run(FastThreadLocalRunnable.java:30)
	at java.base/java.lang.Thread.run(Thread.java:833)
19:16:15.616 [AsyncHttpClient-1-10] DEBUG org.asynchttpclient.netty.channel.ChannelManager - Closing Channel [id: 0x76b8c107, L:/127.0.0.1:53073 ! R:localhost/127.0.0.1:53066] 
19:16:15.616 [AsyncHttpClient-1-10] DEBUG org.asynchttpclient.netty.handler.WebSocketHandler - Channel Closed: [id: 0x76b8c107, L:/127.0.0.1:53073 ! R:localhost/127.0.0.1:53066] with attribute DISCARD
19:16:15.646 [AsyncHttpClient-1-8] DEBUG org.asynchttpclient.netty.handler.HttpHandler - 

Request DefaultFullHttpRequest(decodeResult: success, version: HTTP/1.1, content: EmptyByteBufBE)
DELETE /session/bc0194dcba207c000dc7ac77f6499d90/window HTTP/1.1
User-Agent: selenium/4.9.1 (java windows)
Content-Type: application/json; charset=utf-8
host: localhost:8656
accept: */*

Response DefaultHttpResponse(decodeResult: success, version: HTTP/1.1)
HTTP/1.1 200 OK
Content-Length: 12
Content-Type: application/json; charset=utf-8
cache-control: no-cache

19:16:15.646 [AsyncHttpClient-1-8] DEBUG org.asynchttpclient.netty.channel.ChannelManager - Adding key: http://localhost:8656 for channel [id: 0xeca16c79, L:/127.0.0.1:53065 - R:localhost/127.0.0.1:8656]
Request method:	POST
Request URI:	http://localhost:81/jsonrpc.php
Proxy:			<none>
Request params:	<none>
Query params:	<none>
Form params:	<none>
Path params:	<none>
Headers:		Accept=*/*
				Content-Type=text/plain; charset=ISO-8859-1
Cookies:		<none>
Multiparts:		<none>
Body:
{"jsonrpc":"2.0","method":"createUser","id":123123,"params":{"username":"kyryloAPITestLogin","password":"kyryloAPITestPassword","name":"kyrylo","email":"kyryloAPITest@mail.com","role":"app-manager"}}
19:16:15.682 [main] DEBUG org.apache.http.impl.conn.BasicClientConnectionManager - Get connection for route {}->http://localhost:81
19:16:15.683 [main] DEBUG org.apache.http.impl.conn.DefaultClientConnectionOperator - Connecting to localhost:81
19:16:15.685 [main] DEBUG org.apache.http.client.protocol.RequestAddCookies - CookieSpec selected: ignoreCookies
19:16:15.685 [main] DEBUG org.apache.http.client.protocol.RequestAuthCache - Auth cache not set in the context
19:16:15.685 [main] DEBUG org.apache.http.client.protocol.RequestTargetAuthentication - Target auth state: UNCHALLENGED
19:16:15.685 [main] DEBUG org.apache.http.client.protocol.RequestProxyAuthentication - Proxy auth state: UNCHALLENGED
19:16:15.685 [main] DEBUG org.apache.http.impl.client.DefaultHttpClient - Attempt 1 to execute request
19:16:15.685 [main] DEBUG org.apache.http.impl.conn.DefaultClientConnection - Sending request: POST /jsonrpc.php HTTP/1.1
19:16:15.685 [main] DEBUG org.apache.http.wire -  >> "POST /jsonrpc.php HTTP/1.1[\r][\n]"
19:16:15.685 [main] DEBUG org.apache.http.wire -  >> "Accept: */*[\r][\n]"
19:16:15.685 [main] DEBUG org.apache.http.wire -  >> "Content-Type: text/plain; charset=ISO-8859-1[\r][\n]"
19:16:15.685 [main] DEBUG org.apache.http.wire -  >> "Content-Length: 199[\r][\n]"
19:16:15.685 [main] DEBUG org.apache.http.wire -  >> "Host: localhost:81[\r][\n]"
19:16:15.685 [main] DEBUG org.apache.http.wire -  >> "Connection: Keep-Alive[\r][\n]"
19:16:15.685 [main] DEBUG org.apache.http.wire -  >> "User-Agent: Apache-HttpClient/4.5.13 (Java/17)[\r][\n]"
19:16:15.685 [main] DEBUG org.apache.http.wire -  >> "Accept-Encoding: gzip,deflate[\r][\n]"
19:16:15.685 [main] DEBUG org.apache.http.wire -  >> "[\r][\n]"
19:16:15.685 [main] DEBUG org.apache.http.headers - >> POST /jsonrpc.php HTTP/1.1
19:16:15.685 [main] DEBUG org.apache.http.headers - >> Accept: */*
19:16:15.685 [main] DEBUG org.apache.http.headers - >> Content-Type: text/plain; charset=ISO-8859-1
19:16:15.685 [main] DEBUG org.apache.http.headers - >> Content-Length: 199
19:16:15.685 [main] DEBUG org.apache.http.headers - >> Host: localhost:81
19:16:15.685 [main] DEBUG org.apache.http.headers - >> Connection: Keep-Alive
19:16:15.685 [main] DEBUG org.apache.http.headers - >> User-Agent: Apache-HttpClient/4.5.13 (Java/17)
19:16:15.685 [main] DEBUG org.apache.http.headers - >> Accept-Encoding: gzip,deflate
19:16:15.685 [main] DEBUG org.apache.http.wire -  >> "{"jsonrpc":"2.0","method":"createUser","id":123123,"params":{"username":"kyryloAPITestLogin","password":"kyryloAPITestPassword","name":"kyrylo","email":"kyryloAPITest@mail.com","role":"app-manager"}}"
19:16:15.703 [main] DEBUG org.apache.http.wire -  << "HTTP/1.1 401 Unauthorized[\r][\n]"
19:16:15.703 [main] DEBUG org.apache.http.wire -  << "Server: nginx[\r][\n]"
19:16:15.703 [main] DEBUG org.apache.http.wire -  << "Date: Wed, 26 Jul 2023 16:16:15 GMT[\r][\n]"
19:16:15.703 [main] DEBUG org.apache.http.wire -  << "Content-Type: application/json[\r][\n]"
19:16:15.703 [main] DEBUG org.apache.http.wire -  << "Transfer-Encoding: chunked[\r][\n]"
19:16:15.703 [main] DEBUG org.apache.http.wire -  << "Connection: keep-alive[\r][\n]"
19:16:15.703 [main] DEBUG org.apache.http.wire -  << "WWW-Authenticate: Basic realm="JsonRPC"[\r][\n]"
19:16:15.703 [main] DEBUG org.apache.http.wire -  << "[\r][\n]"
19:16:15.703 [main] DEBUG org.apache.http.impl.conn.DefaultClientConnection - Receiving response: HTTP/1.1 401 Unauthorized
19:16:15.703 [main] DEBUG org.apache.http.headers - << HTTP/1.1 401 Unauthorized
19:16:15.703 [main] DEBUG org.apache.http.headers - << Server: nginx
19:16:15.703 [main] DEBUG org.apache.http.headers - << Date: Wed, 26 Jul 2023 16:16:15 GMT
19:16:15.703 [main] DEBUG org.apache.http.headers - << Content-Type: application/json
19:16:15.703 [main] DEBUG org.apache.http.headers - << Transfer-Encoding: chunked
19:16:15.703 [main] DEBUG org.apache.http.headers - << Connection: keep-alive
19:16:15.703 [main] DEBUG org.apache.http.headers - << WWW-Authenticate: Basic realm="JsonRPC"
19:16:15.703 [main] DEBUG org.apache.http.impl.client.DefaultHttpClient - Connection can be kept alive indefinitely
19:16:15.703 [main] DEBUG org.apache.http.impl.client.DefaultHttpClient - Authentication required
19:16:15.703 [main] DEBUG org.apache.http.impl.client.DefaultHttpClient - localhost:81 requested authentication
19:16:15.703 [main] DEBUG org.apache.http.impl.client.TargetAuthenticationStrategy - Authentication schemes in the order of preference: [Negotiate, Kerberos, NTLM, CredSSP, Digest, Basic]
19:16:15.703 [main] DEBUG org.apache.http.impl.client.TargetAuthenticationStrategy - Challenge for Negotiate authentication scheme not available
19:16:15.703 [main] DEBUG org.apache.http.impl.client.TargetAuthenticationStrategy - Challenge for Kerberos authentication scheme not available
19:16:15.703 [main] DEBUG org.apache.http.impl.client.TargetAuthenticationStrategy - Challenge for NTLM authentication scheme not available
19:16:15.703 [main] DEBUG org.apache.http.impl.client.TargetAuthenticationStrategy - Challenge for CredSSP authentication scheme not available
19:16:15.703 [main] DEBUG org.apache.http.impl.client.TargetAuthenticationStrategy - Challenge for Digest authentication scheme not available
19:16:15.703 [main] DEBUG org.apache.http.impl.client.DefaultHttpClient - Selected authentication options: [BASIC [complete=true]]
19:16:15.703 [main] DEBUG org.apache.http.wire -  << "49[\r][\n]"
19:16:15.703 [main] DEBUG org.apache.http.wire -  << "{"jsonrpc":"2.0","error":{"code":401,"message":"Unauthorized"},"id":null}"
19:16:15.703 [main] DEBUG org.apache.http.wire -  << "[\r][\n]"
19:16:15.703 [main] DEBUG org.apache.http.wire -  << "0[\r][\n]"
19:16:15.703 [main] DEBUG org.apache.http.wire -  << "[\r][\n]"
19:16:15.704 [main] DEBUG org.apache.http.client.protocol.RequestAddCookies - CookieSpec selected: ignoreCookies
19:16:15.704 [main] DEBUG org.apache.http.client.protocol.RequestAuthCache - Auth cache not set in the context
19:16:15.704 [main] DEBUG org.apache.http.client.protocol.RequestTargetAuthentication - Target auth state: CHALLENGED
19:16:15.704 [main] DEBUG org.apache.http.client.protocol.RequestTargetAuthentication - Generating response to an authentication challenge using basic scheme
19:16:15.704 [main] DEBUG org.apache.http.client.protocol.RequestProxyAuthentication - Proxy auth state: UNCHALLENGED
19:16:15.704 [main] DEBUG org.apache.http.impl.client.DefaultHttpClient - Attempt 2 to execute request
19:16:15.704 [main] DEBUG org.apache.http.impl.conn.DefaultClientConnection - Sending request: POST /jsonrpc.php HTTP/1.1
19:16:15.704 [main] DEBUG org.apache.http.wire -  >> "POST /jsonrpc.php HTTP/1.1[\r][\n]"
19:16:15.704 [main] DEBUG org.apache.http.wire -  >> "Accept: */*[\r][\n]"
19:16:15.704 [main] DEBUG org.apache.http.wire -  >> "Content-Type: text/plain; charset=ISO-8859-1[\r][\n]"
19:16:15.704 [main] DEBUG org.apache.http.wire -  >> "Content-Length: 199[\r][\n]"
19:16:15.704 [main] DEBUG org.apache.http.wire -  >> "Host: localhost:81[\r][\n]"
19:16:15.704 [main] DEBUG org.apache.http.wire -  >> "Connection: Keep-Alive[\r][\n]"
19:16:15.704 [main] DEBUG org.apache.http.wire -  >> "User-Agent: Apache-HttpClient/4.5.13 (Java/17)[\r][\n]"
19:16:15.704 [main] DEBUG org.apache.http.wire -  >> "Authorization: Basic YWRtaW46YWRtaW4=[\r][\n]"
19:16:15.704 [main] DEBUG org.apache.http.wire -  >> "Accept-Encoding: gzip,deflate[\r][\n]"
19:16:15.704 [main] DEBUG org.apache.http.wire -  >> "[\r][\n]"
19:16:15.704 [main] DEBUG org.apache.http.headers - >> POST /jsonrpc.php HTTP/1.1
19:16:15.704 [main] DEBUG org.apache.http.headers - >> Accept: */*
19:16:15.704 [main] DEBUG org.apache.http.headers - >> Content-Type: text/plain; charset=ISO-8859-1
19:16:15.704 [main] DEBUG org.apache.http.headers - >> Content-Length: 199
19:16:15.704 [main] DEBUG org.apache.http.headers - >> Host: localhost:81
19:16:15.704 [main] DEBUG org.apache.http.headers - >> Connection: Keep-Alive
19:16:15.704 [main] DEBUG org.apache.http.headers - >> User-Agent: Apache-HttpClient/4.5.13 (Java/17)
19:16:15.704 [main] DEBUG org.apache.http.headers - >> Authorization: Basic YWRtaW46YWRtaW4=
19:16:15.704 [main] DEBUG org.apache.http.headers - >> Accept-Encoding: gzip,deflate
19:16:15.704 [main] DEBUG org.apache.http.wire -  >> "{"jsonrpc":"2.0","method":"createUser","id":123123,"params":{"username":"kyryloAPITestLogin","password":"kyryloAPITestPassword","name":"kyrylo","email":"kyryloAPITest@mail.com","role":"app-manager"}}"
19:16:15.949 [main] DEBUG org.apache.http.wire -  << "HTTP/1.1 200 OK[\r][\n]"
19:16:15.949 [main] DEBUG org.apache.http.wire -  << "Server: nginx[\r][\n]"
19:16:15.949 [main] DEBUG org.apache.http.wire -  << "Date: Wed, 26 Jul 2023 16:16:15 GMT[\r][\n]"
19:16:15.949 [main] DEBUG org.apache.http.wire -  << "Content-Type: application/json[\r][\n]"
19:16:15.949 [main] DEBUG org.apache.http.wire -  << "Transfer-Encoding: chunked[\r][\n]"
19:16:15.949 [main] DEBUG org.apache.http.wire -  << "Connection: keep-alive[\r][\n]"
19:16:15.949 [main] DEBUG org.apache.http.wire -  << "Vary: Accept-Encoding[\r][\n]"
19:16:15.949 [main] DEBUG org.apache.http.wire -  << "Content-Encoding: gzip[\r][\n]"
19:16:15.949 [main] DEBUG org.apache.http.wire -  << "[\r][\n]"
19:16:15.949 [main] DEBUG org.apache.http.impl.conn.DefaultClientConnection - Receiving response: HTTP/1.1 200 OK
19:16:15.949 [main] DEBUG org.apache.http.headers - << HTTP/1.1 200 OK
19:16:15.949 [main] DEBUG org.apache.http.headers - << Server: nginx
19:16:15.949 [main] DEBUG org.apache.http.headers - << Date: Wed, 26 Jul 2023 16:16:15 GMT
19:16:15.949 [main] DEBUG org.apache.http.headers - << Content-Type: application/json
19:16:15.949 [main] DEBUG org.apache.http.headers - << Transfer-Encoding: chunked
19:16:15.949 [main] DEBUG org.apache.http.headers - << Connection: keep-alive
19:16:15.949 [main] DEBUG org.apache.http.headers - << Vary: Accept-Encoding
19:16:15.949 [main] DEBUG org.apache.http.headers - << Content-Encoding: gzip
19:16:15.949 [main] DEBUG org.apache.http.impl.client.DefaultHttpClient - Connection can be kept alive indefinitely
19:16:15.949 [main] DEBUG org.apache.http.impl.client.DefaultHttpClient - Authentication succeeded
19:16:15.949 [main] DEBUG org.apache.http.impl.client.TargetAuthenticationStrategy - Caching 'basic' auth scheme for http://localhost:81
19:16:15.950 [main] DEBUG io.restassured.internal.RestAssuredHttpBuilder - Parsing response as: application/json
19:16:15.950 [main] DEBUG org.apache.http.wire -  << "3c[\r][\n]"
19:16:15.950 [main] DEBUG org.apache.http.wire -  << "[0x1f][0x8b][0x8][0x0][0x0][0x0][0x0][0x0][0x0][0x3][0xab]V[0xca]*[0xce][0xcf]+*HV[0xb2]R2[0xd2]3P[0xd2]Q*J-.[0xcd])Q[0xb2]2[0xb6]4[0xd7]Q[0xca]LQ[0xb2]242[0x6][0xa2]Z[0x0][0xf5][0x5][0xb7][0xe2]*[0x0][0x0][0x0]"
19:16:15.950 [main] DEBUG org.apache.http.wire -  << "[\r][\n]"
19:16:15.950 [main] DEBUG org.apache.http.wire -  << "0[\r][\n]"
19:16:15.950 [main] DEBUG org.apache.http.wire -  << "[\r][\n]"
19:16:15.950 [main] DEBUG io.restassured.internal.RestAssuredHttpBuilder - Parsed data to instance of: class org.apache.http.conn.EofSensorInputStream
19:16:15.950 [main] DEBUG org.apache.http.impl.conn.BasicClientConnectionManager - Releasing connection org.apache.http.impl.conn.ManagedClientConnectionImpl@7a61020a
19:16:15.950 [main] DEBUG org.apache.http.impl.conn.BasicClientConnectionManager - Connection can be kept alive indefinitely
{
    "jsonrpc": "2.0",
    "result": 397,
    "id": 123123
}
{
    "jsonrpc": "2.0",
    "result": 397,
    "id": 123123
}
19:16:15.957 [Forwarding getTitle on session bc0194dcba207c000dc7ac77f6499d90 to remote] DEBUG org.asynchttpclient.netty.request.NettyRequestSender - Using pooled Channel '[id: 0xeca16c79, L:/127.0.0.1:53065 - R:localhost/127.0.0.1:8656]' for 'GET' to 'http://localhost:8656/session/bc0194dcba207c000dc7ac77f6499d90/title'
19:16:15.957 [Forwarding getTitle on session bc0194dcba207c000dc7ac77f6499d90 to remote] DEBUG org.asynchttpclient.netty.request.NettyRequestSender - Using open Channel [id: 0xeca16c79, L:/127.0.0.1:53065 - R:localhost/127.0.0.1:8656] for GET '/session/bc0194dcba207c000dc7ac77f6499d90/title'
19:16:15.958 [AsyncHttpClient-1-8] DEBUG org.asynchttpclient.netty.handler.HttpHandler - 

Request DefaultFullHttpRequest(decodeResult: success, version: HTTP/1.1, content: EmptyByteBufBE)
GET /session/bc0194dcba207c000dc7ac77f6499d90/title HTTP/1.1
User-Agent: selenium/4.9.1 (java windows)
Cache-Control: no-cache
Content-Type: application/json; charset=utf-8
host: localhost:8656
accept: */*

Response DefaultHttpResponse(decodeResult: success, version: HTTP/1.1)
HTTP/1.1 404 Not Found
Content-Length: 831
Content-Type: application/json; charset=utf-8
cache-control: no-cache

19:16:15.958 [AsyncHttpClient-1-8] DEBUG org.asynchttpclient.netty.channel.ChannelManager - Adding key: http://localhost:8656 for channel [id: 0xeca16c79, L:/127.0.0.1:53065 - R:localhost/127.0.0.1:8656]
19:16:15.959 [main] DEBUG com.codeborne.selenide.drivercommands.BrowserHealthChecker - Browser session is not found
org.openqa.selenium.NoSuchSessionException: invalid session id
Build info: version: '4.9.1', revision: 'eb2032df7f'
System info: os.name: 'Windows 10', os.arch: 'amd64', os.version: '10.0', java.version: '17'
Driver info: org.openqa.selenium.chrome.ChromeDriver
Command: [bc0194dcba207c000dc7ac77f6499d90, getTitle {}]
Capabilities {acceptInsecureCerts: true, browserName: chrome, browserVersion: 114.0.5735.248, chrome: {chromedriverVersion: 114.0.5735.90 (386bc09e8f4f..., userDataDir: C:\Users\KFA24~1.SHM\AppDat...}, goog:chromeOptions: {debuggerAddress: localhost:53066}, networkConnectionEnabled: false, pageLoadStrategy: normal, platformName: windows, proxy: Proxy(), se:cdp: ws://localhost:53066/devtoo..., se:cdpVersion: 114.0.5735.248, setWindowRect: true, strictFileInteractability: false, timeouts: {implicit: 0, pageLoad: 300000, script: 30000}, unhandledPromptBehavior: accept, webauthn:extension:credBlob: true, webauthn:extension:largeBlob: true, webauthn:extension:minPinLength: true, webauthn:extension:prf: true, webauthn:virtualAuthenticators: true}
Session ID: bc0194dcba207c000dc7ac77f6499d90
	at java.base/jdk.internal.reflect.NativeConstructorAccessorImpl.newInstance0(Native Method)
	at java.base/jdk.internal.reflect.NativeConstructorAccessorImpl.newInstance(NativeConstructorAccessorImpl.java:77)
	at java.base/jdk.internal.reflect.DelegatingConstructorAccessorImpl.newInstance(DelegatingConstructorAccessorImpl.java:45)
	at java.base/java.lang.reflect.Constructor.newInstanceWithCaller(Constructor.java:499)
	at java.base/java.lang.reflect.Constructor.newInstance(Constructor.java:480)
	at org.openqa.selenium.remote.codec.w3c.W3CHttpResponseCodec.createException(W3CHttpResponseCodec.java:200)
	at org.openqa.selenium.remote.codec.w3c.W3CHttpResponseCodec.decode(W3CHttpResponseCodec.java:133)
	at org.openqa.selenium.remote.codec.w3c.W3CHttpResponseCodec.decode(W3CHttpResponseCodec.java:53)
	at org.openqa.selenium.remote.HttpCommandExecutor.execute(HttpCommandExecutor.java:193)
	at org.openqa.selenium.remote.service.DriverCommandExecutor.invokeExecute(DriverCommandExecutor.java:183)
	at org.openqa.selenium.remote.service.DriverCommandExecutor.execute(DriverCommandExecutor.java:158)
	at org.openqa.selenium.remote.RemoteWebDriver.execute(RemoteWebDriver.java:543)
	at org.openqa.selenium.remote.RemoteWebDriver.execute(RemoteWebDriver.java:598)
	at org.openqa.selenium.remote.RemoteWebDriver.execute(RemoteWebDriver.java:602)
	at org.openqa.selenium.remote.RemoteWebDriver.getTitle(RemoteWebDriver.java:302)
	at com.codeborne.selenide.drivercommands.BrowserHealthChecker.isBrowserStillOpen(BrowserHealthChecker.java:19)
	at com.codeborne.selenide.impl.WebDriverThreadLocalContainer.getAndCheckWebDriver(WebDriverThreadLocalContainer.java:158)
	at com.codeborne.selenide.WebDriverRunner.getAndCheckWebDriver(WebDriverRunner.java:130)
	at com.codeborne.selenide.impl.StaticDriver.getAndCheckWebDriver(StaticDriver.java:65)
	at com.codeborne.selenide.SelenideDriver.getAndCheckWebDriver(SelenideDriver.java:220)
	at com.codeborne.selenide.drivercommands.Navigator.lambda$navigateTo$0(Navigator.java:72)
	at com.codeborne.selenide.logevents.SelenideLogger.lambda$run$0(SelenideLogger.java:105)
	at com.codeborne.selenide.logevents.SelenideLogger.wrap(SelenideLogger.java:133)
	at com.codeborne.selenide.logevents.SelenideLogger.run(SelenideLogger.java:104)
	at com.codeborne.selenide.drivercommands.Navigator.navigateTo(Navigator.java:70)
	at com.codeborne.selenide.drivercommands.Navigator.open(Navigator.java:32)
	at com.codeborne.selenide.SelenideDriver.open(SelenideDriver.java:101)
	at com.codeborne.selenide.Selenide.open(Selenide.java:53)
	at UI.tests.BaseUITest.setUp(BaseUITest.java:27)
	at java.base/jdk.internal.reflect.NativeMethodAccessorImpl.invoke0(Native Method)
	at java.base/jdk.internal.reflect.NativeMethodAccessorImpl.invoke(NativeMethodAccessorImpl.java:77)
	at java.base/jdk.internal.reflect.DelegatingMethodAccessorImpl.invoke(DelegatingMethodAccessorImpl.java:43)
	at java.base/java.lang.reflect.Method.invoke(Method.java:568)
	at org.testng.internal.invokers.MethodInvocationHelper.invokeMethod(MethodInvocationHelper.java:139)
	at org.testng.internal.invokers.MethodInvocationHelper.invokeMethodConsideringTimeout(MethodInvocationHelper.java:69)
	at org.testng.internal.invokers.ConfigInvoker.invokeConfigurationMethod(ConfigInvoker.java:361)
	at org.testng.internal.invokers.ConfigInvoker.invokeConfigurations(ConfigInvoker.java:296)
	at org.testng.internal.invokers.TestInvoker.runConfigMethods(TestInvoker.java:823)
	at org.testng.internal.invokers.TestInvoker.invokeMethod(TestInvoker.java:590)
	at org.testng.internal.invokers.TestInvoker.invokeTestMethod(TestInvoker.java:221)
	at org.testng.internal.invokers.MethodRunner.runInSequence(MethodRunner.java:50)
	at org.testng.internal.invokers.TestInvoker$MethodInvocationAgent.invoke(TestInvoker.java:969)
	at org.testng.internal.invokers.TestInvoker.invokeTestMethods(TestInvoker.java:194)
	at org.testng.internal.invokers.TestMethodWorker.invokeTestMethods(TestMethodWorker.java:148)
	at org.testng.internal.invokers.TestMethodWorker.run(TestMethodWorker.java:128)
	at java.base/java.util.ArrayList.forEach(ArrayList.java:1511)
	at org.testng.TestRunner.privateRun(TestRunner.java:829)
	at org.testng.TestRunner.run(TestRunner.java:602)
	at org.testng.SuiteRunner.runTest(SuiteRunner.java:437)
	at org.testng.SuiteRunner.runSequentially(SuiteRunner.java:431)
	at org.testng.SuiteRunner.privateRun(SuiteRunner.java:391)
	at org.testng.SuiteRunner.run(SuiteRunner.java:330)
	at org.testng.SuiteRunnerWorker.runSuite(SuiteRunnerWorker.java:52)
	at org.testng.SuiteRunnerWorker.run(SuiteRunnerWorker.java:95)
	at org.testng.TestNG.runSuitesSequentially(TestNG.java:1256)
	at org.testng.TestNG.runSuitesLocally(TestNG.java:1176)
	at org.testng.TestNG.runSuites(TestNG.java:1099)
	at org.testng.TestNG.run(TestNG.java:1067)
	at org.apache.maven.surefire.testng.TestNGExecutor.run(TestNGExecutor.java:324)
	at org.apache.maven.surefire.testng.TestNGXmlTestSuite.execute(TestNGXmlTestSuite.java:74)
	at org.apache.maven.surefire.testng.TestNGProvider.invoke(TestNGProvider.java:123)
	at org.apache.maven.surefire.booter.ForkedBooter.runSuitesInProcess(ForkedBooter.java:456)
	at org.apache.maven.surefire.booter.ForkedBooter.execute(ForkedBooter.java:169)
	at org.apache.maven.surefire.booter.ForkedBooter.run(ForkedBooter.java:595)
	at org.apache.maven.surefire.booter.ForkedBooter.main(ForkedBooter.java:581)
19:16:15.959 [main] INFO com.codeborne.selenide.impl.WebDriverThreadLocalContainer - Webdriver has been closed meanwhile. Let's re-create it.
19:16:15.960 [main] INFO com.codeborne.selenide.impl.FileHelper - Deleted empty folder: C:\Users\k.shmana\Desktop\r_d\Kanboard\build\downloads\1690388170468_17176_1
19:16:15.960 [main] INFO com.codeborne.selenide.drivercommands.CloseDriverCommand - Close webdriver: 1 -> ChromeDriver: chrome on windows (bc0194dcba207c000dc7ac77f6499d90)...
19:16:15.961 [Driver Command Executor] DEBUG org.asynchttpclient.netty.request.NettyRequestSender - Using pooled Channel '[id: 0xeca16c79, L:/127.0.0.1:53065 - R:localhost/127.0.0.1:8656]' for 'DELETE' to 'http://localhost:8656/session/bc0194dcba207c000dc7ac77f6499d90'
19:16:15.961 [Driver Command Executor] DEBUG org.asynchttpclient.netty.request.NettyRequestSender - Using open Channel [id: 0xeca16c79, L:/127.0.0.1:53065 - R:localhost/127.0.0.1:8656] for DELETE '/session/bc0194dcba207c000dc7ac77f6499d90'
19:16:15.962 [AsyncHttpClient-1-8] DEBUG org.asynchttpclient.netty.handler.HttpHandler - 

Request DefaultFullHttpRequest(decodeResult: success, version: HTTP/1.1, content: EmptyByteBufBE)
DELETE /session/bc0194dcba207c000dc7ac77f6499d90 HTTP/1.1
User-Agent: selenium/4.9.1 (java windows)
Content-Type: application/json; charset=utf-8
host: localhost:8656
accept: */*

Response DefaultHttpResponse(decodeResult: success, version: HTTP/1.1)
HTTP/1.1 200 OK
Content-Length: 14
Content-Type: application/json; charset=utf-8
cache-control: no-cache

19:16:15.962 [AsyncHttpClient-1-8] DEBUG org.asynchttpclient.netty.channel.ChannelManager - Adding key: http://localhost:8656 for channel [id: 0xeca16c79, L:/127.0.0.1:53065 - R:localhost/127.0.0.1:8656]
19:16:15.964 [AsyncHttpClient-1-8] DEBUG org.asynchttpclient.netty.handler.HttpHandler - Channel Closed: [id: 0xeca16c79, L:/127.0.0.1:53065 ! R:localhost/127.0.0.1:8656] with attribute DISCARD
19:16:16.033 [main] INFO com.codeborne.selenide.drivercommands.CloseDriverCommand - Closed webdriver 1 in 73 ms
19:16:16.033 [main] INFO com.codeborne.selenide.drivercommands.DisposablesRegistry - Unregister WebDriverInstance[config=StaticConfig,webDriver=ChromeDriver: chrome on windows (null),proxy=null,downloadsFolder=C:\Users\k.shmana\Desktop\r_d\Kanboard\build\downloads\1690388170468_17176_1] in 1 [size=0]
19:16:16.033 [main] DEBUG com.codeborne.selenide.drivercommands.CreateDriverCommand - Creating webdriver in thread 1 (ip: 192.168.1.2, host: N-KV-TYCH1O-F81)...
19:16:16.034 [main] INFO com.codeborne.selenide.impl.FileHelper - Creating folder: C:\Users\k.shmana\Desktop\r_d\Kanboard\build\downloads\1690388176033_17176_1
19:16:16.036 [main] DEBUG com.codeborne.selenide.webdriver.WebDriverFactory - browser=chrome
19:16:16.036 [main] DEBUG com.codeborne.selenide.webdriver.WebDriverFactory - browser.version=null
19:16:16.036 [main] DEBUG com.codeborne.selenide.webdriver.WebDriverFactory - remote=null
19:16:16.036 [main] DEBUG com.codeborne.selenide.webdriver.WebDriverFactory - browserSize=1366x768
19:16:16.036 [main] DEBUG com.codeborne.selenide.webdriver.WebDriverFactory - downloadsFolder=C:\Users\k.shmana\Desktop\r_d\Kanboard\build\downloads\1690388176033_17176_1
19:16:16.036 [main] DEBUG com.codeborne.selenide.webdriver.AbstractChromiumDriverFactory - Using chromium preferences: {credentials_enable_service=false, safebrowsing.enabled=true, plugins.always_open_pdf_externally=true, profile.default_content_setting_values.automatic_downloads=1, download.default_directory=C:\Users\k.shmana\Desktop\r_d\Kanboard\build\downloads\1690388176033_17176_1}
19:16:16.037 [main] DEBUG com.codeborne.selenide.webdriver.ChromeDriverFactory - Chrome options: Capabilities {acceptInsecureCerts: true, browserName: chrome, goog:chromeOptions: {args: [--remote-allow-origins=*, --proxy-bypass-list=<-loopb..., --disable-dev-shm-usage, --window-size=1366,768], excludeSwitches: [enable-automation, load-extension], extensions: [], prefs: {credentials_enable_service: false, download.default_directory: C:\Users\k.shmana\Desktop\r..., plugins.always_open_pdf_externally: true, profile.default_content_setting_values.automatic_downloads: 1, safebrowsing.enabled: true}}, pageLoadStrategy: normal, unhandledPromptBehavior: accept}
19:16:16.047 [main] INFO com.codeborne.selenide.webdriver.SelenideNettyClientFactory - Changed readTimeout from PT3M to PT1M30S
19:16:16.228 [AsyncHttpClient-1-11] DEBUG org.asynchttpclient.netty.channel.NettyConnectListener - Using new Channel '[id: 0x3a6b7c5a, L:/127.0.0.1:53091 - R:localhost/127.0.0.1:41802]' for 'POST' to '/session'
19:16:16.675 [AsyncHttpClient-1-1] DEBUG org.asynchttpclient.netty.channel.DefaultChannelPool - Entry count for : http://localhost:8656 : 1
19:16:16.675 [AsyncHttpClient-1-1] DEBUG org.asynchttpclient.netty.channel.DefaultChannelPool - Entry count for : http://localhost:53066 : 1
19:16:16.677 [AsyncHttpClient-1-1] DEBUG org.asynchttpclient.netty.channel.DefaultChannelPool - Adding Candidate expired Channel [id: 0xeca16c79, L:/127.0.0.1:53065 ! R:localhost/127.0.0.1:8656] isIdleTimeoutExpired=false isRemotelyClosed=true isTtlExpired=false
19:16:16.677 [AsyncHttpClient-1-1] DEBUG org.asynchttpclient.netty.channel.DefaultChannelPool - Closing Idle Channel [id: 0xeca16c79, L:/127.0.0.1:53065 ! R:localhost/127.0.0.1:8656]
19:16:16.677 [AsyncHttpClient-1-1] DEBUG org.asynchttpclient.netty.channel.DefaultChannelPool - Adding Candidate expired Channel [id: 0x7a5157a8, L:/127.0.0.1:53072 ! R:localhost/127.0.0.1:53066] isIdleTimeoutExpired=false isRemotelyClosed=true isTtlExpired=false
19:16:16.677 [AsyncHttpClient-1-1] DEBUG org.asynchttpclient.netty.channel.DefaultChannelPool - Closing Idle Channel [id: 0x7a5157a8, L:/127.0.0.1:53072 ! R:localhost/127.0.0.1:53066]
19:16:16.677 [AsyncHttpClient-1-1] DEBUG org.asynchttpclient.netty.channel.DefaultChannelPool - Closed 2 connections out of 2 in 2 ms
19:16:17.667 [AsyncHttpClient-1-11] DEBUG org.asynchttpclient.netty.handler.HttpHandler - 

Request DefaultHttpRequest(decodeResult: success, version: HTTP/1.1)
POST /session HTTP/1.1
User-Agent: selenium/4.9.1 (java windows)
Content-Length: 996
Content-Type: application/json; charset=utf-8
host: localhost:41802
accept: */*

Response DefaultHttpResponse(decodeResult: success, version: HTTP/1.1)
HTTP/1.1 200 OK
Content-Length: 853
Content-Type: application/json; charset=utf-8
cache-control: no-cache

19:16:17.668 [AsyncHttpClient-1-11] DEBUG org.asynchttpclient.netty.channel.ChannelManager - Adding key: http://localhost:41802 for channel [id: 0x3a6b7c5a, L:/127.0.0.1:53091 - R:localhost/127.0.0.1:41802]
19:16:17.675 [main] INFO com.codeborne.selenide.webdriver.SelenideNettyClientFactory - Changed readTimeout from PT3M to PT1M30S
19:16:17.678 [AsyncHttpClient-1-12] DEBUG org.asynchttpclient.netty.channel.NettyConnectListener - Using new Channel '[id: 0x0c40b87a, L:/127.0.0.1:53099 - R:localhost/127.0.0.1:53092]' for 'GET' to '/json/version'
19:16:17.682 [AsyncHttpClient-1-12] DEBUG org.asynchttpclient.netty.handler.HttpHandler - 

Request DefaultFullHttpRequest(decodeResult: success, version: HTTP/1.1, content: EmptyByteBufBE)
GET /json/version HTTP/1.1
User-Agent: selenium/4.9.1 (java windows)
host: localhost:53092
accept: */*

Response DefaultHttpResponse(decodeResult: success, version: HTTP/1.1)
HTTP/1.1 200 OK
Content-Security-Policy: frame-ancestors 'none'
Content-Length: 424
Content-Type: application/json; charset=UTF-8

19:16:17.682 [AsyncHttpClient-1-12] DEBUG org.asynchttpclient.netty.channel.ChannelManager - Adding key: http://localhost:53092 for channel [id: 0x0c40b87a, L:/127.0.0.1:53099 - R:localhost/127.0.0.1:53092]
19:16:17.683 [main] INFO com.codeborne.selenide.webdriver.SelenideNettyClientFactory - Changed readTimeout from PT3M to PT1M30S
19:16:17.687 [AsyncHttpClient-1-13] DEBUG org.asynchttpclient.netty.channel.NettyConnectListener - Using new Channel '[id: 0xbaedcc0d, L:/127.0.0.1:53100 - R:localhost/127.0.0.1:53092]' for 'GET' to '/devtools/browser/a6d345b9-bb41-4669-b00e-67b1560bca6c'
19:16:17.691 [AsyncHttpClient-1-13] DEBUG org.asynchttpclient.netty.handler.WebSocketHandler - 

Request DefaultFullHttpRequest(decodeResult: success, version: HTTP/1.1, content: EmptyByteBufBE)
GET /devtools/browser/a6d345b9-bb41-4669-b00e-67b1560bca6c HTTP/1.1
upgrade: websocket
connection: upgrade
sec-websocket-key: JZJoY2yoAx2QghoSIR9TcA==
sec-websocket-version: 13
origin: http://localhost:53092
host: localhost:53092
accept: */*
user-agent: AHC/2.1

Response DefaultHttpResponse(decodeResult: success, version: HTTP/1.1)
HTTP/1.1 101 WebSocket Protocol Handshake
Upgrade: WebSocket
Connection: Upgrade
Sec-WebSocket-Accept: GWxy2KyjLojhW7wPqsKGlX8B+ok=

19:16:17.700 [Forwarding setTimeout on session c53e310a2c2857a5c1ac0280a435562f to remote] DEBUG org.asynchttpclient.netty.request.NettyRequestSender - Using pooled Channel '[id: 0x3a6b7c5a, L:/127.0.0.1:53091 - R:localhost/127.0.0.1:41802]' for 'POST' to 'http://localhost:41802/session/c53e310a2c2857a5c1ac0280a435562f/timeouts'
19:16:17.700 [Forwarding setTimeout on session c53e310a2c2857a5c1ac0280a435562f to remote] DEBUG org.asynchttpclient.netty.request.NettyRequestSender - Using open Channel [id: 0x3a6b7c5a, L:/127.0.0.1:53091 - R:localhost/127.0.0.1:41802] for POST '/session/c53e310a2c2857a5c1ac0280a435562f/timeouts'
19:16:17.701 [AsyncHttpClient-1-11] DEBUG org.asynchttpclient.netty.handler.HttpHandler - 

Request DefaultHttpRequest(decodeResult: success, version: HTTP/1.1)
POST /session/c53e310a2c2857a5c1ac0280a435562f/timeouts HTTP/1.1
User-Agent: selenium/4.9.1 (java windows)
Content-Length: 23
Content-Type: application/json; charset=utf-8
host: localhost:41802
accept: */*

Response DefaultHttpResponse(decodeResult: success, version: HTTP/1.1)
HTTP/1.1 200 OK
Content-Length: 14
Content-Type: application/json; charset=utf-8
cache-control: no-cache

19:16:17.702 [AsyncHttpClient-1-11] DEBUG org.asynchttpclient.netty.channel.ChannelManager - Adding key: http://localhost:41802 for channel [id: 0x3a6b7c5a, L:/127.0.0.1:53091 - R:localhost/127.0.0.1:41802]
19:16:17.702 [main] INFO com.codeborne.selenide.webdriver.WebDriverFactory - BrowserName=chrome Version=114.0.5735.248 Platform=windows
19:16:17.702 [main] INFO com.codeborne.selenide.webdriver.WebDriverFactory - Selenide v. 6.15.0
19:16:17.702 [main] INFO com.codeborne.selenide.webdriver.WebDriverFactory - Selenium WebDriver v. 4.9.1 build revision: eb2032df7f
19:16:17.702 [main] INFO com.codeborne.selenide.drivercommands.CreateDriverCommand - Created webdriver in thread 1: ChromeDriver -> ChromeDriver: chrome on windows (c53e310a2c2857a5c1ac0280a435562f)
19:16:17.702 [main] INFO com.codeborne.selenide.drivercommands.DisposablesRegistry - Register WebDriverInstance[config=StaticConfig,webDriver=ChromeDriver: chrome on windows (c53e310a2c2857a5c1ac0280a435562f),proxy=null,downloadsFolder=C:\Users\k.shmana\Desktop\r_d\Kanboard\build\downloads\1690388176033_17176_1] in 1 [size=1]
19:16:17.703 [Forwarding get on session c53e310a2c2857a5c1ac0280a435562f to remote] DEBUG org.asynchttpclient.netty.request.NettyRequestSender - Using pooled Channel '[id: 0x3a6b7c5a, L:/127.0.0.1:53091 - R:localhost/127.0.0.1:41802]' for 'POST' to 'http://localhost:41802/session/c53e310a2c2857a5c1ac0280a435562f/url'
19:16:17.703 [Forwarding get on session c53e310a2c2857a5c1ac0280a435562f to remote] DEBUG org.asynchttpclient.netty.request.NettyRequestSender - Using open Channel [id: 0x3a6b7c5a, L:/127.0.0.1:53091 - R:localhost/127.0.0.1:41802] for POST '/session/c53e310a2c2857a5c1ac0280a435562f/url'
19:16:17.760 [AsyncHttpClient-1-1] DEBUG org.asynchttpclient.netty.channel.DefaultChannelPool - Entry count for : http://localhost:53092 : 1
19:16:18.056 [AsyncHttpClient-1-11] DEBUG org.asynchttpclient.netty.handler.HttpHandler - 

Request DefaultHttpRequest(decodeResult: success, version: HTTP/1.1)
POST /session/c53e310a2c2857a5c1ac0280a435562f/url HTTP/1.1
User-Agent: selenium/4.9.1 (java windows)
Content-Length: 55
Content-Type: application/json; charset=utf-8
host: localhost:41802
accept: */*

Response DefaultHttpResponse(decodeResult: success, version: HTTP/1.1)
HTTP/1.1 200 OK
Content-Length: 14
Content-Type: application/json; charset=utf-8
cache-control: no-cache

19:16:18.056 [AsyncHttpClient-1-11] DEBUG org.asynchttpclient.netty.channel.ChannelManager - Adding key: http://localhost:41802 for channel [id: 0x3a6b7c5a, L:/127.0.0.1:53091 - R:localhost/127.0.0.1:41802]
19:16:18.066 [Forwarding findElement on session c53e310a2c2857a5c1ac0280a435562f to remote] DEBUG org.asynchttpclient.netty.request.NettyRequestSender - Using pooled Channel '[id: 0x3a6b7c5a, L:/127.0.0.1:53091 - R:localhost/127.0.0.1:41802]' for 'POST' to 'http://localhost:41802/session/c53e310a2c2857a5c1ac0280a435562f/element'
19:16:18.066 [Forwarding findElement on session c53e310a2c2857a5c1ac0280a435562f to remote] DEBUG org.asynchttpclient.netty.request.NettyRequestSender - Using open Channel [id: 0x3a6b7c5a, L:/127.0.0.1:53091 - R:localhost/127.0.0.1:41802] for POST '/session/c53e310a2c2857a5c1ac0280a435562f/element'
19:16:18.099 [AsyncHttpClient-1-11] DEBUG org.asynchttpclient.netty.handler.HttpHandler - 

Request DefaultHttpRequest(decodeResult: success, version: HTTP/1.1)
POST /session/c53e310a2c2857a5c1ac0280a435562f/element HTTP/1.1
User-Agent: selenium/4.9.1 (java windows)
Content-Length: 75
Content-Type: application/json; charset=utf-8
host: localhost:41802
accept: */*

Response DefaultHttpResponse(decodeResult: success, version: HTTP/1.1)
HTTP/1.1 200 OK
Content-Length: 94
Content-Type: application/json; charset=utf-8
cache-control: no-cache

19:16:18.100 [AsyncHttpClient-1-11] DEBUG org.asynchttpclient.netty.channel.ChannelManager - Adding key: http://localhost:41802 for channel [id: 0x3a6b7c5a, L:/127.0.0.1:53091 - R:localhost/127.0.0.1:41802]
19:16:18.101 [Forwarding sendKeysToElement on session c53e310a2c2857a5c1ac0280a435562f to remote] DEBUG org.asynchttpclient.netty.request.NettyRequestSender - Using pooled Channel '[id: 0x3a6b7c5a, L:/127.0.0.1:53091 - R:localhost/127.0.0.1:41802]' for 'POST' to 'http://localhost:41802/session/c53e310a2c2857a5c1ac0280a435562f/element/688223B39CF05198FF357FCECCC25556_element_2/value'
19:16:18.102 [Forwarding sendKeysToElement on session c53e310a2c2857a5c1ac0280a435562f to remote] DEBUG org.asynchttpclient.netty.request.NettyRequestSender - Using open Channel [id: 0x3a6b7c5a, L:/127.0.0.1:53091 - R:localhost/127.0.0.1:41802] for POST '/session/c53e310a2c2857a5c1ac0280a435562f/element/688223B39CF05198FF357FCECCC25556_element_2/value'
19:16:18.255 [AsyncHttpClient-1-11] DEBUG org.asynchttpclient.netty.handler.HttpHandler - 

Request DefaultHttpRequest(decodeResult: success, version: HTTP/1.1)
POST /session/c53e310a2c2857a5c1ac0280a435562f/element/688223B39CF05198FF357FCECCC25556_element_2/value HTTP/1.1
User-Agent: selenium/4.9.1 (java windows)
Content-Length: 267
Content-Type: application/json; charset=utf-8
host: localhost:41802
accept: */*

Response DefaultHttpResponse(decodeResult: success, version: HTTP/1.1)
HTTP/1.1 200 OK
Content-Length: 14
Content-Type: application/json; charset=utf-8
cache-control: no-cache

19:16:18.256 [AsyncHttpClient-1-11] DEBUG org.asynchttpclient.netty.channel.ChannelManager - Adding key: http://localhost:41802 for channel [id: 0x3a6b7c5a, L:/127.0.0.1:53091 - R:localhost/127.0.0.1:41802]
19:16:18.264 [Forwarding findElement on session c53e310a2c2857a5c1ac0280a435562f to remote] DEBUG org.asynchttpclient.netty.request.NettyRequestSender - Using pooled Channel '[id: 0x3a6b7c5a, L:/127.0.0.1:53091 - R:localhost/127.0.0.1:41802]' for 'POST' to 'http://localhost:41802/session/c53e310a2c2857a5c1ac0280a435562f/element'
19:16:18.264 [Forwarding findElement on session c53e310a2c2857a5c1ac0280a435562f to remote] DEBUG org.asynchttpclient.netty.request.NettyRequestSender - Using open Channel [id: 0x3a6b7c5a, L:/127.0.0.1:53091 - R:localhost/127.0.0.1:41802] for POST '/session/c53e310a2c2857a5c1ac0280a435562f/element'
19:16:18.293 [AsyncHttpClient-1-11] DEBUG org.asynchttpclient.netty.handler.HttpHandler - 

Request DefaultHttpRequest(decodeResult: success, version: HTTP/1.1)
POST /session/c53e310a2c2857a5c1ac0280a435562f/element HTTP/1.1
User-Agent: selenium/4.9.1 (java windows)
Content-Length: 75
Content-Type: application/json; charset=utf-8
host: localhost:41802
accept: */*

Response DefaultHttpResponse(decodeResult: success, version: HTTP/1.1)
HTTP/1.1 200 OK
Content-Length: 94
Content-Type: application/json; charset=utf-8
cache-control: no-cache

19:16:18.293 [AsyncHttpClient-1-11] DEBUG org.asynchttpclient.netty.channel.ChannelManager - Adding key: http://localhost:41802 for channel [id: 0x3a6b7c5a, L:/127.0.0.1:53091 - R:localhost/127.0.0.1:41802]
19:16:18.298 [Forwarding sendKeysToElement on session c53e310a2c2857a5c1ac0280a435562f to remote] DEBUG org.asynchttpclient.netty.request.NettyRequestSender - Using pooled Channel '[id: 0x3a6b7c5a, L:/127.0.0.1:53091 - R:localhost/127.0.0.1:41802]' for 'POST' to 'http://localhost:41802/session/c53e310a2c2857a5c1ac0280a435562f/element/688223B39CF05198FF357FCECCC25556_element_4/value'
19:16:18.298 [Forwarding sendKeysToElement on session c53e310a2c2857a5c1ac0280a435562f to remote] DEBUG org.asynchttpclient.netty.request.NettyRequestSender - Using open Channel [id: 0x3a6b7c5a, L:/127.0.0.1:53091 - R:localhost/127.0.0.1:41802] for POST '/session/c53e310a2c2857a5c1ac0280a435562f/element/688223B39CF05198FF357FCECCC25556_element_4/value'
19:16:18.449 [AsyncHttpClient-1-11] DEBUG org.asynchttpclient.netty.handler.HttpHandler - 

Request DefaultHttpRequest(decodeResult: success, version: HTTP/1.1)
POST /session/c53e310a2c2857a5c1ac0280a435562f/element/688223B39CF05198FF357FCECCC25556_element_4/value HTTP/1.1
User-Agent: selenium/4.9.1 (java windows)
Content-Length: 297
Content-Type: application/json; charset=utf-8
host: localhost:41802
accept: */*

Response DefaultHttpResponse(decodeResult: success, version: HTTP/1.1)
HTTP/1.1 200 OK
Content-Length: 14
Content-Type: application/json; charset=utf-8
cache-control: no-cache

19:16:18.449 [AsyncHttpClient-1-11] DEBUG org.asynchttpclient.netty.channel.ChannelManager - Adding key: http://localhost:41802 for channel [id: 0x3a6b7c5a, L:/127.0.0.1:53091 - R:localhost/127.0.0.1:41802]
19:16:18.450 [Forwarding findElement on session c53e310a2c2857a5c1ac0280a435562f to remote] DEBUG org.asynchttpclient.netty.request.NettyRequestSender - Using pooled Channel '[id: 0x3a6b7c5a, L:/127.0.0.1:53091 - R:localhost/127.0.0.1:41802]' for 'POST' to 'http://localhost:41802/session/c53e310a2c2857a5c1ac0280a435562f/element'
19:16:18.450 [Forwarding findElement on session c53e310a2c2857a5c1ac0280a435562f to remote] DEBUG org.asynchttpclient.netty.request.NettyRequestSender - Using open Channel [id: 0x3a6b7c5a, L:/127.0.0.1:53091 - R:localhost/127.0.0.1:41802] for POST '/session/c53e310a2c2857a5c1ac0280a435562f/element'
19:16:18.474 [AsyncHttpClient-1-11] DEBUG org.asynchttpclient.netty.handler.HttpHandler - 

Request DefaultHttpRequest(decodeResult: success, version: HTTP/1.1)
POST /session/c53e310a2c2857a5c1ac0280a435562f/element HTTP/1.1
User-Agent: selenium/4.9.1 (java windows)
Content-Length: 73
Content-Type: application/json; charset=utf-8
host: localhost:41802
accept: */*

Response DefaultHttpResponse(decodeResult: success, version: HTTP/1.1)
HTTP/1.1 200 OK
Content-Length: 94
Content-Type: application/json; charset=utf-8
cache-control: no-cache

19:16:18.474 [AsyncHttpClient-1-11] DEBUG org.asynchttpclient.netty.channel.ChannelManager - Adding key: http://localhost:41802 for channel [id: 0x3a6b7c5a, L:/127.0.0.1:53091 - R:localhost/127.0.0.1:41802]
19:16:18.478 [Forwarding isElementDisplayed on session c53e310a2c2857a5c1ac0280a435562f to remote] DEBUG org.asynchttpclient.netty.request.NettyRequestSender - Using pooled Channel '[id: 0x3a6b7c5a, L:/127.0.0.1:53091 - R:localhost/127.0.0.1:41802]' for 'POST' to 'http://localhost:41802/session/c53e310a2c2857a5c1ac0280a435562f/execute/sync'
19:16:18.478 [Forwarding isElementDisplayed on session c53e310a2c2857a5c1ac0280a435562f to remote] DEBUG org.asynchttpclient.netty.request.NettyRequestSender - Using open Channel [id: 0x3a6b7c5a, L:/127.0.0.1:53091 - R:localhost/127.0.0.1:41802] for POST '/session/c53e310a2c2857a5c1ac0280a435562f/execute/sync'
19:16:18.502 [AsyncHttpClient-1-11] DEBUG org.asynchttpclient.netty.handler.HttpHandler - 

Request DefaultHttpRequest(decodeResult: success, version: HTTP/1.1)
POST /session/c53e310a2c2857a5c1ac0280a435562f/execute/sync HTTP/1.1
User-Agent: selenium/4.9.1 (java windows)
Content-Length: 48813
Content-Type: application/json; charset=utf-8
host: localhost:41802
accept: */*

Response DefaultHttpResponse(decodeResult: success, version: HTTP/1.1)
HTTP/1.1 200 OK
Content-Length: 14
Content-Type: application/json; charset=utf-8
cache-control: no-cache

19:16:18.503 [AsyncHttpClient-1-11] DEBUG org.asynchttpclient.netty.channel.ChannelManager - Adding key: http://localhost:41802 for channel [id: 0x3a6b7c5a, L:/127.0.0.1:53091 - R:localhost/127.0.0.1:41802]
19:16:18.504 [Forwarding isElementEnabled on session c53e310a2c2857a5c1ac0280a435562f to remote] DEBUG org.asynchttpclient.netty.request.NettyRequestSender - Using pooled Channel '[id: 0x3a6b7c5a, L:/127.0.0.1:53091 - R:localhost/127.0.0.1:41802]' for 'GET' to 'http://localhost:41802/session/c53e310a2c2857a5c1ac0280a435562f/element/688223B39CF05198FF357FCECCC25556_element_5/enabled'
19:16:18.504 [Forwarding isElementEnabled on session c53e310a2c2857a5c1ac0280a435562f to remote] DEBUG org.asynchttpclient.netty.request.NettyRequestSender - Using open Channel [id: 0x3a6b7c5a, L:/127.0.0.1:53091 - R:localhost/127.0.0.1:41802] for GET '/session/c53e310a2c2857a5c1ac0280a435562f/element/688223B39CF05198FF357FCECCC25556_element_5/enabled'
19:16:18.515 [AsyncHttpClient-1-11] DEBUG org.asynchttpclient.netty.handler.HttpHandler - 

Request DefaultFullHttpRequest(decodeResult: success, version: HTTP/1.1, content: EmptyByteBufBE)
GET /session/c53e310a2c2857a5c1ac0280a435562f/element/688223B39CF05198FF357FCECCC25556_element_5/enabled HTTP/1.1
User-Agent: selenium/4.9.1 (java windows)
Cache-Control: no-cache
Content-Type: application/json; charset=utf-8
host: localhost:41802
accept: */*

Response DefaultHttpResponse(decodeResult: success, version: HTTP/1.1)
HTTP/1.1 200 OK
Content-Length: 14
Content-Type: application/json; charset=utf-8
cache-control: no-cache

19:16:18.515 [AsyncHttpClient-1-11] DEBUG org.asynchttpclient.netty.channel.ChannelManager - Adding key: http://localhost:41802 for channel [id: 0x3a6b7c5a, L:/127.0.0.1:53091 - R:localhost/127.0.0.1:41802]
19:16:18.517 [Forwarding clickElement on session c53e310a2c2857a5c1ac0280a435562f to remote] DEBUG org.asynchttpclient.netty.request.NettyRequestSender - Using pooled Channel '[id: 0x3a6b7c5a, L:/127.0.0.1:53091 - R:localhost/127.0.0.1:41802]' for 'POST' to 'http://localhost:41802/session/c53e310a2c2857a5c1ac0280a435562f/element/688223B39CF05198FF357FCECCC25556_element_5/click'
19:16:18.518 [Forwarding clickElement on session c53e310a2c2857a5c1ac0280a435562f to remote] DEBUG org.asynchttpclient.netty.request.NettyRequestSender - Using open Channel [id: 0x3a6b7c5a, L:/127.0.0.1:53091 - R:localhost/127.0.0.1:41802] for POST '/session/c53e310a2c2857a5c1ac0280a435562f/element/688223B39CF05198FF357FCECCC25556_element_5/click'
19:16:18.860 [AsyncHttpClient-1-1] DEBUG org.asynchttpclient.netty.channel.DefaultChannelPool - Entry count for : http://localhost:53092 : 1
19:16:18.993 [AsyncHttpClient-1-11] DEBUG org.asynchttpclient.netty.handler.HttpHandler - 

Request DefaultHttpRequest(decodeResult: success, version: HTTP/1.1)
POST /session/c53e310a2c2857a5c1ac0280a435562f/element/688223B39CF05198FF357FCECCC25556_element_5/click HTTP/1.1
User-Agent: selenium/4.9.1 (java windows)
Content-Length: 56
Content-Type: application/json; charset=utf-8
host: localhost:41802
accept: */*

Response DefaultHttpResponse(decodeResult: success, version: HTTP/1.1)
HTTP/1.1 200 OK
Content-Length: 14
Content-Type: application/json; charset=utf-8
cache-control: no-cache

19:16:18.994 [AsyncHttpClient-1-11] DEBUG org.asynchttpclient.netty.channel.ChannelManager - Adding key: http://localhost:41802 for channel [id: 0x3a6b7c5a, L:/127.0.0.1:53091 - R:localhost/127.0.0.1:41802]
19:16:18.996 [Forwarding findElement on session c53e310a2c2857a5c1ac0280a435562f to remote] DEBUG org.asynchttpclient.netty.request.NettyRequestSender - Using pooled Channel '[id: 0x3a6b7c5a, L:/127.0.0.1:53091 - R:localhost/127.0.0.1:41802]' for 'POST' to 'http://localhost:41802/session/c53e310a2c2857a5c1ac0280a435562f/element'
19:16:18.996 [Forwarding findElement on session c53e310a2c2857a5c1ac0280a435562f to remote] DEBUG org.asynchttpclient.netty.request.NettyRequestSender - Using open Channel [id: 0x3a6b7c5a, L:/127.0.0.1:53091 - R:localhost/127.0.0.1:41802] for POST '/session/c53e310a2c2857a5c1ac0280a435562f/element'
19:16:19.046 [AsyncHttpClient-1-11] DEBUG org.asynchttpclient.netty.handler.HttpHandler - 

Request DefaultHttpRequest(decodeResult: success, version: HTTP/1.1)
POST /session/c53e310a2c2857a5c1ac0280a435562f/element HTTP/1.1
User-Agent: selenium/4.9.1 (java windows)
Content-Length: 135
Content-Type: application/json; charset=utf-8
host: localhost:41802
accept: */*

Response DefaultHttpResponse(decodeResult: success, version: HTTP/1.1)
HTTP/1.1 200 OK
Content-Length: 95
Content-Type: application/json; charset=utf-8
cache-control: no-cache

19:16:19.046 [AsyncHttpClient-1-11] DEBUG org.asynchttpclient.netty.channel.ChannelManager - Adding key: http://localhost:41802 for channel [id: 0x3a6b7c5a, L:/127.0.0.1:53091 - R:localhost/127.0.0.1:41802]
19:16:19.051 [Forwarding isElementDisplayed on session c53e310a2c2857a5c1ac0280a435562f to remote] DEBUG org.asynchttpclient.netty.request.NettyRequestSender - Using pooled Channel '[id: 0x3a6b7c5a, L:/127.0.0.1:53091 - R:localhost/127.0.0.1:41802]' for 'POST' to 'http://localhost:41802/session/c53e310a2c2857a5c1ac0280a435562f/execute/sync'
19:16:19.051 [Forwarding isElementDisplayed on session c53e310a2c2857a5c1ac0280a435562f to remote] DEBUG org.asynchttpclient.netty.request.NettyRequestSender - Using open Channel [id: 0x3a6b7c5a, L:/127.0.0.1:53091 - R:localhost/127.0.0.1:41802] for POST '/session/c53e310a2c2857a5c1ac0280a435562f/execute/sync'
19:16:19.073 [AsyncHttpClient-1-11] DEBUG org.asynchttpclient.netty.handler.HttpHandler - 

Request DefaultHttpRequest(decodeResult: success, version: HTTP/1.1)
POST /session/c53e310a2c2857a5c1ac0280a435562f/execute/sync HTTP/1.1
User-Agent: selenium/4.9.1 (java windows)
Content-Length: 48814
Content-Type: application/json; charset=utf-8
host: localhost:41802
accept: */*

Response DefaultHttpResponse(decodeResult: success, version: HTTP/1.1)
HTTP/1.1 200 OK
Content-Length: 14
Content-Type: application/json; charset=utf-8
cache-control: no-cache

19:16:19.073 [AsyncHttpClient-1-11] DEBUG org.asynchttpclient.netty.channel.ChannelManager - Adding key: http://localhost:41802 for channel [id: 0x3a6b7c5a, L:/127.0.0.1:53091 - R:localhost/127.0.0.1:41802]
19:16:19.077 [Forwarding isElementEnabled on session c53e310a2c2857a5c1ac0280a435562f to remote] DEBUG org.asynchttpclient.netty.request.NettyRequestSender - Using pooled Channel '[id: 0x3a6b7c5a, L:/127.0.0.1:53091 - R:localhost/127.0.0.1:41802]' for 'GET' to 'http://localhost:41802/session/c53e310a2c2857a5c1ac0280a435562f/element/64DE900E04B2CAB776381212C52C0AFD_element_18/enabled'
19:16:19.077 [Forwarding isElementEnabled on session c53e310a2c2857a5c1ac0280a435562f to remote] DEBUG org.asynchttpclient.netty.request.NettyRequestSender - Using open Channel [id: 0x3a6b7c5a, L:/127.0.0.1:53091 - R:localhost/127.0.0.1:41802] for GET '/session/c53e310a2c2857a5c1ac0280a435562f/element/64DE900E04B2CAB776381212C52C0AFD_element_18/enabled'
19:16:19.089 [AsyncHttpClient-1-11] DEBUG org.asynchttpclient.netty.handler.HttpHandler - 

Request DefaultFullHttpRequest(decodeResult: success, version: HTTP/1.1, content: EmptyByteBufBE)
GET /session/c53e310a2c2857a5c1ac0280a435562f/element/64DE900E04B2CAB776381212C52C0AFD_element_18/enabled HTTP/1.1
User-Agent: selenium/4.9.1 (java windows)
Cache-Control: no-cache
Content-Type: application/json; charset=utf-8
host: localhost:41802
accept: */*

Response DefaultHttpResponse(decodeResult: success, version: HTTP/1.1)
HTTP/1.1 200 OK
Content-Length: 14
Content-Type: application/json; charset=utf-8
cache-control: no-cache

19:16:19.089 [AsyncHttpClient-1-11] DEBUG org.asynchttpclient.netty.channel.ChannelManager - Adding key: http://localhost:41802 for channel [id: 0x3a6b7c5a, L:/127.0.0.1:53091 - R:localhost/127.0.0.1:41802]
19:16:19.091 [Forwarding clickElement on session c53e310a2c2857a5c1ac0280a435562f to remote] DEBUG org.asynchttpclient.netty.request.NettyRequestSender - Using pooled Channel '[id: 0x3a6b7c5a, L:/127.0.0.1:53091 - R:localhost/127.0.0.1:41802]' for 'POST' to 'http://localhost:41802/session/c53e310a2c2857a5c1ac0280a435562f/element/64DE900E04B2CAB776381212C52C0AFD_element_18/click'
19:16:19.091 [Forwarding clickElement on session c53e310a2c2857a5c1ac0280a435562f to remote] DEBUG org.asynchttpclient.netty.request.NettyRequestSender - Using open Channel [id: 0x3a6b7c5a, L:/127.0.0.1:53091 - R:localhost/127.0.0.1:41802] for POST '/session/c53e310a2c2857a5c1ac0280a435562f/element/64DE900E04B2CAB776381212C52C0AFD_element_18/click'
19:16:19.158 [AsyncHttpClient-1-11] DEBUG org.asynchttpclient.netty.handler.HttpHandler - 

Request DefaultHttpRequest(decodeResult: success, version: HTTP/1.1)
POST /session/c53e310a2c2857a5c1ac0280a435562f/element/64DE900E04B2CAB776381212C52C0AFD_element_18/click HTTP/1.1
User-Agent: selenium/4.9.1 (java windows)
Content-Length: 57
Content-Type: application/json; charset=utf-8
host: localhost:41802
accept: */*

Response DefaultHttpResponse(decodeResult: success, version: HTTP/1.1)
HTTP/1.1 200 OK
Content-Length: 14
Content-Type: application/json; charset=utf-8
cache-control: no-cache

19:16:19.159 [AsyncHttpClient-1-11] DEBUG org.asynchttpclient.netty.channel.ChannelManager - Adding key: http://localhost:41802 for channel [id: 0x3a6b7c5a, L:/127.0.0.1:53091 - R:localhost/127.0.0.1:41802]
19:16:19.163 [Forwarding findElement on session c53e310a2c2857a5c1ac0280a435562f to remote] DEBUG org.asynchttpclient.netty.request.NettyRequestSender - Using pooled Channel '[id: 0x3a6b7c5a, L:/127.0.0.1:53091 - R:localhost/127.0.0.1:41802]' for 'POST' to 'http://localhost:41802/session/c53e310a2c2857a5c1ac0280a435562f/element'
19:16:19.163 [Forwarding findElement on session c53e310a2c2857a5c1ac0280a435562f to remote] DEBUG org.asynchttpclient.netty.request.NettyRequestSender - Using open Channel [id: 0x3a6b7c5a, L:/127.0.0.1:53091 - R:localhost/127.0.0.1:41802] for POST '/session/c53e310a2c2857a5c1ac0280a435562f/element'
19:16:19.200 [AsyncHttpClient-1-11] DEBUG org.asynchttpclient.netty.handler.HttpHandler - 

Request DefaultHttpRequest(decodeResult: success, version: HTTP/1.1)
POST /session/c53e310a2c2857a5c1ac0280a435562f/element HTTP/1.1
User-Agent: selenium/4.9.1 (java windows)
Content-Length: 71
Content-Type: application/json; charset=utf-8
host: localhost:41802
accept: */*

Response DefaultHttpResponse(decodeResult: success, version: HTTP/1.1)
HTTP/1.1 404 Not Found
Content-Length: 972
Content-Type: application/json; charset=utf-8
cache-control: no-cache

19:16:19.201 [AsyncHttpClient-1-11] DEBUG org.asynchttpclient.netty.channel.ChannelManager - Adding key: http://localhost:41802 for channel [id: 0x3a6b7c5a, L:/127.0.0.1:53091 - R:localhost/127.0.0.1:41802]
19:16:19.408 [Forwarding findElement on session c53e310a2c2857a5c1ac0280a435562f to remote] DEBUG org.asynchttpclient.netty.request.NettyRequestSender - Using pooled Channel '[id: 0x3a6b7c5a, L:/127.0.0.1:53091 - R:localhost/127.0.0.1:41802]' for 'POST' to 'http://localhost:41802/session/c53e310a2c2857a5c1ac0280a435562f/element'
19:16:19.408 [Forwarding findElement on session c53e310a2c2857a5c1ac0280a435562f to remote] DEBUG org.asynchttpclient.netty.request.NettyRequestSender - Using open Channel [id: 0x3a6b7c5a, L:/127.0.0.1:53091 - R:localhost/127.0.0.1:41802] for POST '/session/c53e310a2c2857a5c1ac0280a435562f/element'
19:16:19.422 [AsyncHttpClient-1-11] DEBUG org.asynchttpclient.netty.handler.HttpHandler - 

Request DefaultHttpRequest(decodeResult: success, version: HTTP/1.1)
POST /session/c53e310a2c2857a5c1ac0280a435562f/element HTTP/1.1
User-Agent: selenium/4.9.1 (java windows)
Content-Length: 71
Content-Type: application/json; charset=utf-8
host: localhost:41802
accept: */*

Response DefaultHttpResponse(decodeResult: success, version: HTTP/1.1)
HTTP/1.1 200 OK
Content-Length: 95
Content-Type: application/json; charset=utf-8
cache-control: no-cache

19:16:19.422 [AsyncHttpClient-1-11] DEBUG org.asynchttpclient.netty.channel.ChannelManager - Adding key: http://localhost:41802 for channel [id: 0x3a6b7c5a, L:/127.0.0.1:53091 - R:localhost/127.0.0.1:41802]
19:16:19.425 [Forwarding sendKeysToElement on session c53e310a2c2857a5c1ac0280a435562f to remote] DEBUG org.asynchttpclient.netty.request.NettyRequestSender - Using pooled Channel '[id: 0x3a6b7c5a, L:/127.0.0.1:53091 - R:localhost/127.0.0.1:41802]' for 'POST' to 'http://localhost:41802/session/c53e310a2c2857a5c1ac0280a435562f/element/64DE900E04B2CAB776381212C52C0AFD_element_19/value'
19:16:19.425 [Forwarding sendKeysToElement on session c53e310a2c2857a5c1ac0280a435562f to remote] DEBUG org.asynchttpclient.netty.request.NettyRequestSender - Using open Channel [id: 0x3a6b7c5a, L:/127.0.0.1:53091 - R:localhost/127.0.0.1:41802] for POST '/session/c53e310a2c2857a5c1ac0280a435562f/element/64DE900E04B2CAB776381212C52C0AFD_element_19/value'
19:16:19.495 [AsyncHttpClient-1-11] DEBUG org.asynchttpclient.netty.handler.HttpHandler - 

Request DefaultHttpRequest(decodeResult: success, version: HTTP/1.1)
POST /session/c53e310a2c2857a5c1ac0280a435562f/element/64DE900E04B2CAB776381212C52C0AFD_element_19/value HTTP/1.1
User-Agent: selenium/4.9.1 (java windows)
Content-Length: 218
Content-Type: application/json; charset=utf-8
host: localhost:41802
accept: */*

Response DefaultHttpResponse(decodeResult: success, version: HTTP/1.1)
HTTP/1.1 200 OK
Content-Length: 14
Content-Type: application/json; charset=utf-8
cache-control: no-cache

19:16:19.495 [AsyncHttpClient-1-11] DEBUG org.asynchttpclient.netty.channel.ChannelManager - Adding key: http://localhost:41802 for channel [id: 0x3a6b7c5a, L:/127.0.0.1:53091 - R:localhost/127.0.0.1:41802]
19:16:19.501 [Forwarding findElement on session c53e310a2c2857a5c1ac0280a435562f to remote] DEBUG org.asynchttpclient.netty.request.NettyRequestSender - Using pooled Channel '[id: 0x3a6b7c5a, L:/127.0.0.1:53091 - R:localhost/127.0.0.1:41802]' for 'POST' to 'http://localhost:41802/session/c53e310a2c2857a5c1ac0280a435562f/element'
19:16:19.501 [Forwarding findElement on session c53e310a2c2857a5c1ac0280a435562f to remote] DEBUG org.asynchttpclient.netty.request.NettyRequestSender - Using open Channel [id: 0x3a6b7c5a, L:/127.0.0.1:53091 - R:localhost/127.0.0.1:41802] for POST '/session/c53e310a2c2857a5c1ac0280a435562f/element'
19:16:19.525 [AsyncHttpClient-1-11] DEBUG org.asynchttpclient.netty.handler.HttpHandler - 

Request DefaultHttpRequest(decodeResult: success, version: HTTP/1.1)
POST /session/c53e310a2c2857a5c1ac0280a435562f/element HTTP/1.1
User-Agent: selenium/4.9.1 (java windows)
Content-Length: 77
Content-Type: application/json; charset=utf-8
host: localhost:41802
accept: */*

Response DefaultHttpResponse(decodeResult: success, version: HTTP/1.1)
HTTP/1.1 200 OK
Content-Length: 95
Content-Type: application/json; charset=utf-8
cache-control: no-cache

19:16:19.525 [AsyncHttpClient-1-11] DEBUG org.asynchttpclient.netty.channel.ChannelManager - Adding key: http://localhost:41802 for channel [id: 0x3a6b7c5a, L:/127.0.0.1:53091 - R:localhost/127.0.0.1:41802]
19:16:19.528 [Forwarding sendKeysToElement on session c53e310a2c2857a5c1ac0280a435562f to remote] DEBUG org.asynchttpclient.netty.request.NettyRequestSender - Using pooled Channel '[id: 0x3a6b7c5a, L:/127.0.0.1:53091 - R:localhost/127.0.0.1:41802]' for 'POST' to 'http://localhost:41802/session/c53e310a2c2857a5c1ac0280a435562f/element/64DE900E04B2CAB776381212C52C0AFD_element_21/value'
19:16:19.528 [Forwarding sendKeysToElement on session c53e310a2c2857a5c1ac0280a435562f to remote] DEBUG org.asynchttpclient.netty.request.NettyRequestSender - Using open Channel [id: 0x3a6b7c5a, L:/127.0.0.1:53091 - R:localhost/127.0.0.1:41802] for POST '/session/c53e310a2c2857a5c1ac0280a435562f/element/64DE900E04B2CAB776381212C52C0AFD_element_21/value'
19:16:19.650 [AsyncHttpClient-1-11] DEBUG org.asynchttpclient.netty.handler.HttpHandler - 

Request DefaultHttpRequest(decodeResult: success, version: HTTP/1.1)
POST /session/c53e310a2c2857a5c1ac0280a435562f/element/64DE900E04B2CAB776381212C52C0AFD_element_21/value HTTP/1.1
User-Agent: selenium/4.9.1 (java windows)
Content-Length: 138
Content-Type: application/json; charset=utf-8
host: localhost:41802
accept: */*

Response DefaultHttpResponse(decodeResult: success, version: HTTP/1.1)
HTTP/1.1 200 OK
Content-Length: 14
Content-Type: application/json; charset=utf-8
cache-control: no-cache

19:16:19.650 [AsyncHttpClient-1-11] DEBUG org.asynchttpclient.netty.channel.ChannelManager - Adding key: http://localhost:41802 for channel [id: 0x3a6b7c5a, L:/127.0.0.1:53091 - R:localhost/127.0.0.1:41802]
19:16:19.653 [Forwarding findElement on session c53e310a2c2857a5c1ac0280a435562f to remote] DEBUG org.asynchttpclient.netty.request.NettyRequestSender - Using pooled Channel '[id: 0x3a6b7c5a, L:/127.0.0.1:53091 - R:localhost/127.0.0.1:41802]' for 'POST' to 'http://localhost:41802/session/c53e310a2c2857a5c1ac0280a435562f/element'
19:16:19.653 [Forwarding findElement on session c53e310a2c2857a5c1ac0280a435562f to remote] DEBUG org.asynchttpclient.netty.request.NettyRequestSender - Using open Channel [id: 0x3a6b7c5a, L:/127.0.0.1:53091 - R:localhost/127.0.0.1:41802] for POST '/session/c53e310a2c2857a5c1ac0280a435562f/element'
19:16:19.677 [AsyncHttpClient-1-11] DEBUG org.asynchttpclient.netty.handler.HttpHandler - 

Request DefaultHttpRequest(decodeResult: success, version: HTTP/1.1)
POST /session/c53e310a2c2857a5c1ac0280a435562f/element HTTP/1.1
User-Agent: selenium/4.9.1 (java windows)
Content-Length: 70
Content-Type: application/json; charset=utf-8
host: localhost:41802
accept: */*

Response DefaultHttpResponse(decodeResult: success, version: HTTP/1.1)
HTTP/1.1 200 OK
Content-Length: 95
Content-Type: application/json; charset=utf-8
cache-control: no-cache

19:16:19.677 [AsyncHttpClient-1-11] DEBUG org.asynchttpclient.netty.channel.ChannelManager - Adding key: http://localhost:41802 for channel [id: 0x3a6b7c5a, L:/127.0.0.1:53091 - R:localhost/127.0.0.1:41802]
19:16:19.681 [Forwarding isElementDisplayed on session c53e310a2c2857a5c1ac0280a435562f to remote] DEBUG org.asynchttpclient.netty.request.NettyRequestSender - Using pooled Channel '[id: 0x3a6b7c5a, L:/127.0.0.1:53091 - R:localhost/127.0.0.1:41802]' for 'POST' to 'http://localhost:41802/session/c53e310a2c2857a5c1ac0280a435562f/execute/sync'
19:16:19.681 [Forwarding isElementDisplayed on session c53e310a2c2857a5c1ac0280a435562f to remote] DEBUG org.asynchttpclient.netty.request.NettyRequestSender - Using open Channel [id: 0x3a6b7c5a, L:/127.0.0.1:53091 - R:localhost/127.0.0.1:41802] for POST '/session/c53e310a2c2857a5c1ac0280a435562f/execute/sync'
19:16:19.697 [AsyncHttpClient-1-11] DEBUG org.asynchttpclient.netty.handler.HttpHandler - 

Request DefaultHttpRequest(decodeResult: success, version: HTTP/1.1)
POST /session/c53e310a2c2857a5c1ac0280a435562f/execute/sync HTTP/1.1
User-Agent: selenium/4.9.1 (java windows)
Content-Length: 48814
Content-Type: application/json; charset=utf-8
host: localhost:41802
accept: */*

Response DefaultHttpResponse(decodeResult: success, version: HTTP/1.1)
HTTP/1.1 200 OK
Content-Length: 14
Content-Type: application/json; charset=utf-8
cache-control: no-cache

19:16:19.698 [AsyncHttpClient-1-11] DEBUG org.asynchttpclient.netty.channel.ChannelManager - Adding key: http://localhost:41802 for channel [id: 0x3a6b7c5a, L:/127.0.0.1:53091 - R:localhost/127.0.0.1:41802]
19:16:19.699 [Forwarding isElementEnabled on session c53e310a2c2857a5c1ac0280a435562f to remote] DEBUG org.asynchttpclient.netty.request.NettyRequestSender - Using pooled Channel '[id: 0x3a6b7c5a, L:/127.0.0.1:53091 - R:localhost/127.0.0.1:41802]' for 'GET' to 'http://localhost:41802/session/c53e310a2c2857a5c1ac0280a435562f/element/64DE900E04B2CAB776381212C52C0AFD_element_22/enabled'
19:16:19.699 [Forwarding isElementEnabled on session c53e310a2c2857a5c1ac0280a435562f to remote] DEBUG org.asynchttpclient.netty.request.NettyRequestSender - Using open Channel [id: 0x3a6b7c5a, L:/127.0.0.1:53091 - R:localhost/127.0.0.1:41802] for GET '/session/c53e310a2c2857a5c1ac0280a435562f/element/64DE900E04B2CAB776381212C52C0AFD_element_22/enabled'
19:16:19.712 [AsyncHttpClient-1-11] DEBUG org.asynchttpclient.netty.handler.HttpHandler - 

Request DefaultFullHttpRequest(decodeResult: success, version: HTTP/1.1, content: EmptyByteBufBE)
GET /session/c53e310a2c2857a5c1ac0280a435562f/element/64DE900E04B2CAB776381212C52C0AFD_element_22/enabled HTTP/1.1
User-Agent: selenium/4.9.1 (java windows)
Cache-Control: no-cache
Content-Type: application/json; charset=utf-8
host: localhost:41802
accept: */*

Response DefaultHttpResponse(decodeResult: success, version: HTTP/1.1)
HTTP/1.1 200 OK
Content-Length: 14
Content-Type: application/json; charset=utf-8
cache-control: no-cache

19:16:19.712 [AsyncHttpClient-1-11] DEBUG org.asynchttpclient.netty.channel.ChannelManager - Adding key: http://localhost:41802 for channel [id: 0x3a6b7c5a, L:/127.0.0.1:53091 - R:localhost/127.0.0.1:41802]
19:16:19.713 [Forwarding clickElement on session c53e310a2c2857a5c1ac0280a435562f to remote] DEBUG org.asynchttpclient.netty.request.NettyRequestSender - Using pooled Channel '[id: 0x3a6b7c5a, L:/127.0.0.1:53091 - R:localhost/127.0.0.1:41802]' for 'POST' to 'http://localhost:41802/session/c53e310a2c2857a5c1ac0280a435562f/element/64DE900E04B2CAB776381212C52C0AFD_element_22/click'
19:16:19.714 [Forwarding clickElement on session c53e310a2c2857a5c1ac0280a435562f to remote] DEBUG org.asynchttpclient.netty.request.NettyRequestSender - Using open Channel [id: 0x3a6b7c5a, L:/127.0.0.1:53091 - R:localhost/127.0.0.1:41802] for POST '/session/c53e310a2c2857a5c1ac0280a435562f/element/64DE900E04B2CAB776381212C52C0AFD_element_22/click'
19:16:19.793 [AsyncHttpClient-1-11] DEBUG org.asynchttpclient.netty.handler.HttpHandler - 

Request DefaultHttpRequest(decodeResult: success, version: HTTP/1.1)
POST /session/c53e310a2c2857a5c1ac0280a435562f/element/64DE900E04B2CAB776381212C52C0AFD_element_22/click HTTP/1.1
User-Agent: selenium/4.9.1 (java windows)
Content-Length: 57
Content-Type: application/json; charset=utf-8
host: localhost:41802
accept: */*

Response DefaultHttpResponse(decodeResult: success, version: HTTP/1.1)
HTTP/1.1 200 OK
Content-Length: 14
Content-Type: application/json; charset=utf-8
cache-control: no-cache

19:16:19.793 [AsyncHttpClient-1-11] DEBUG org.asynchttpclient.netty.channel.ChannelManager - Adding key: http://localhost:41802 for channel [id: 0x3a6b7c5a, L:/127.0.0.1:53091 - R:localhost/127.0.0.1:41802]
19:16:19.975 [AsyncHttpClient-1-1] DEBUG org.asynchttpclient.netty.channel.DefaultChannelPool - Entry count for : http://localhost:53092 : 1
19:16:19.975 [AsyncHttpClient-1-1] DEBUG org.asynchttpclient.netty.channel.DefaultChannelPool - Entry count for : http://localhost:41802 : 1
19:16:20.813 [Forwarding findElement on session c53e310a2c2857a5c1ac0280a435562f to remote] DEBUG org.asynchttpclient.netty.request.NettyRequestSender - Using pooled Channel '[id: 0x3a6b7c5a, L:/127.0.0.1:53091 - R:localhost/127.0.0.1:41802]' for 'POST' to 'http://localhost:41802/session/c53e310a2c2857a5c1ac0280a435562f/element'
19:16:20.813 [Forwarding findElement on session c53e310a2c2857a5c1ac0280a435562f to remote] DEBUG org.asynchttpclient.netty.request.NettyRequestSender - Using open Channel [id: 0x3a6b7c5a, L:/127.0.0.1:53091 - R:localhost/127.0.0.1:41802] for POST '/session/c53e310a2c2857a5c1ac0280a435562f/element'
19:16:20.828 [AsyncHttpClient-1-11] DEBUG org.asynchttpclient.netty.handler.HttpHandler - 

Request DefaultHttpRequest(decodeResult: success, version: HTTP/1.1)
POST /session/c53e310a2c2857a5c1ac0280a435562f/element HTTP/1.1
User-Agent: selenium/4.9.1 (java windows)
Content-Length: 69
Content-Type: application/json; charset=utf-8
host: localhost:41802
accept: */*

Response DefaultHttpResponse(decodeResult: success, version: HTTP/1.1)
HTTP/1.1 200 OK
Content-Length: 95
Content-Type: application/json; charset=utf-8
cache-control: no-cache

19:16:20.828 [AsyncHttpClient-1-11] DEBUG org.asynchttpclient.netty.channel.ChannelManager - Adding key: http://localhost:41802 for channel [id: 0x3a6b7c5a, L:/127.0.0.1:53091 - R:localhost/127.0.0.1:41802]
19:16:20.829 [Forwarding getElementTagName on session c53e310a2c2857a5c1ac0280a435562f to remote] DEBUG org.asynchttpclient.netty.request.NettyRequestSender - Using pooled Channel '[id: 0x3a6b7c5a, L:/127.0.0.1:53091 - R:localhost/127.0.0.1:41802]' for 'GET' to 'http://localhost:41802/session/c53e310a2c2857a5c1ac0280a435562f/element/2653BAAD03A8106C7042B1AD56FCFBAC_element_26/name'
19:16:20.829 [Forwarding getElementTagName on session c53e310a2c2857a5c1ac0280a435562f to remote] DEBUG org.asynchttpclient.netty.request.NettyRequestSender - Using open Channel [id: 0x3a6b7c5a, L:/127.0.0.1:53091 - R:localhost/127.0.0.1:41802] for GET '/session/c53e310a2c2857a5c1ac0280a435562f/element/2653BAAD03A8106C7042B1AD56FCFBAC_element_26/name'
19:16:20.838 [AsyncHttpClient-1-11] DEBUG org.asynchttpclient.netty.handler.HttpHandler - 

Request DefaultFullHttpRequest(decodeResult: success, version: HTTP/1.1, content: EmptyByteBufBE)
GET /session/c53e310a2c2857a5c1ac0280a435562f/element/2653BAAD03A8106C7042B1AD56FCFBAC_element_26/name HTTP/1.1
User-Agent: selenium/4.9.1 (java windows)
Cache-Control: no-cache
Content-Type: application/json; charset=utf-8
host: localhost:41802
accept: */*

Response DefaultHttpResponse(decodeResult: success, version: HTTP/1.1)
HTTP/1.1 200 OK
Content-Length: 16
Content-Type: application/json; charset=utf-8
cache-control: no-cache

19:16:20.838 [AsyncHttpClient-1-11] DEBUG org.asynchttpclient.netty.channel.ChannelManager - Adding key: http://localhost:41802 for channel [id: 0x3a6b7c5a, L:/127.0.0.1:53091 - R:localhost/127.0.0.1:41802]
19:16:20.839 [Forwarding getElementText on session c53e310a2c2857a5c1ac0280a435562f to remote] DEBUG org.asynchttpclient.netty.request.NettyRequestSender - Using pooled Channel '[id: 0x3a6b7c5a, L:/127.0.0.1:53091 - R:localhost/127.0.0.1:41802]' for 'GET' to 'http://localhost:41802/session/c53e310a2c2857a5c1ac0280a435562f/element/2653BAAD03A8106C7042B1AD56FCFBAC_element_26/text'
19:16:20.839 [Forwarding getElementText on session c53e310a2c2857a5c1ac0280a435562f to remote] DEBUG org.asynchttpclient.netty.request.NettyRequestSender - Using open Channel [id: 0x3a6b7c5a, L:/127.0.0.1:53091 - R:localhost/127.0.0.1:41802] for GET '/session/c53e310a2c2857a5c1ac0280a435562f/element/2653BAAD03A8106C7042B1AD56FCFBAC_element_26/text'
19:16:20.855 [AsyncHttpClient-1-11] DEBUG org.asynchttpclient.netty.handler.HttpHandler - 

Request DefaultFullHttpRequest(decodeResult: success, version: HTTP/1.1, content: EmptyByteBufBE)
GET /session/c53e310a2c2857a5c1ac0280a435562f/element/2653BAAD03A8106C7042B1AD56FCFBAC_element_26/text HTTP/1.1
User-Agent: selenium/4.9.1 (java windows)
Cache-Control: no-cache
Content-Type: application/json; charset=utf-8
host: localhost:41802
accept: */*

Response DefaultHttpResponse(decodeResult: success, version: HTTP/1.1)
HTTP/1.1 200 OK
Content-Length: 25
Content-Type: application/json; charset=utf-8
cache-control: no-cache

19:16:20.856 [AsyncHttpClient-1-11] DEBUG org.asynchttpclient.netty.channel.ChannelManager - Adding key: http://localhost:41802 for channel [id: 0x3a6b7c5a, L:/127.0.0.1:53091 - R:localhost/127.0.0.1:41802]
19:16:21.059 [AsyncHttpClient-1-1] DEBUG org.asynchttpclient.netty.channel.DefaultChannelPool - Entry count for : http://localhost:53092 : 1
19:16:21.059 [AsyncHttpClient-1-1] DEBUG org.asynchttpclient.netty.channel.DefaultChannelPool - Entry count for : http://localhost:41802 : 1
]]></system-out>
    <system-err><![CDATA[июл. 26, 2023 7:16:15 PM org.openqa.selenium.remote.http.WebSocket$Listener onError
WARNING: Connection reset
java.net.SocketException: Connection reset
	at java.base/sun.nio.ch.SocketChannelImpl.throwConnectionReset(SocketChannelImpl.java:394)
	at java.base/sun.nio.ch.SocketChannelImpl.read(SocketChannelImpl.java:426)
	at io.netty.buffer.PooledByteBuf.setBytes(PooledByteBuf.java:256)
	at io.netty.buffer.AbstractByteBuf.writeBytes(AbstractByteBuf.java:1132)
	at io.netty.channel.socket.nio.NioSocketChannel.doReadBytes(NioSocketChannel.java:357)
	at io.netty.channel.nio.AbstractNioByteChannel$NioByteUnsafe.read(AbstractNioByteChannel.java:151)
	at io.netty.channel.nio.NioEventLoop.processSelectedKey(NioEventLoop.java:788)
	at io.netty.channel.nio.NioEventLoop.processSelectedKeysOptimized(NioEventLoop.java:724)
	at io.netty.channel.nio.NioEventLoop.processSelectedKeys(NioEventLoop.java:650)
	at io.netty.channel.nio.NioEventLoop.run(NioEventLoop.java:562)
	at io.netty.util.concurrent.SingleThreadEventExecutor$4.run(SingleThreadEventExecutor.java:997)
	at io.netty.util.internal.ThreadExecutorMap$2.run(ThreadExecutorMap.java:74)
	at io.netty.util.concurrent.FastThreadLocalRunnable.run(FastThreadLocalRunnable.java:30)
	at java.base/java.lang.Thread.run(Thread.java:833)

Starting ChromeDriver 114.0.5735.90 (386bc09e8f4f2e025eddae123f36f6263096ae49-refs/branch-heads/5735@{#1052}) on port 41802
Only local connections are allowed.
Please see https://chromedriver.chromium.org/security-considerations for suggestions on keeping ChromeDriver safe.
ChromeDriver was started successfully.
июл. 26, 2023 7:16:17 PM org.openqa.selenium.devtools.CdpVersionFinder findNearestMatch
WARNING: Unable to find an exact match for CDP version 114, so returning the closest version found: 113
]]></system-err>
  </testcase>
  <testcase name="loginWithCorrectCredentialAdmin" classname="UI.tests.LogInTest" time="0.852">
    <system-out><![CDATA[19:16:21.186 [Forwarding close on session c53e310a2c2857a5c1ac0280a435562f to remote] DEBUG org.asynchttpclient.netty.request.NettyRequestSender - Using pooled Channel '[id: 0x3a6b7c5a, L:/127.0.0.1:53091 - R:localhost/127.0.0.1:41802]' for 'DELETE' to 'http://localhost:41802/session/c53e310a2c2857a5c1ac0280a435562f/window'
19:16:21.187 [Forwarding close on session c53e310a2c2857a5c1ac0280a435562f to remote] DEBUG org.asynchttpclient.netty.request.NettyRequestSender - Using open Channel [id: 0x3a6b7c5a, L:/127.0.0.1:53091 - R:localhost/127.0.0.1:41802] for DELETE '/session/c53e310a2c2857a5c1ac0280a435562f/window'
19:16:21.290 [AsyncHttpClient-1-13] DEBUG org.asynchttpclient.netty.handler.WebSocketHandler - Unexpected I/O exception on channel [id: 0xbaedcc0d, L:/127.0.0.1:53100 - R:localhost/127.0.0.1:53092]
java.net.SocketException: Connection reset
	at java.base/sun.nio.ch.SocketChannelImpl.throwConnectionReset(SocketChannelImpl.java:394)
	at java.base/sun.nio.ch.SocketChannelImpl.read(SocketChannelImpl.java:426)
	at io.netty.buffer.PooledByteBuf.setBytes(PooledByteBuf.java:256)
	at io.netty.buffer.AbstractByteBuf.writeBytes(AbstractByteBuf.java:1132)
	at io.netty.channel.socket.nio.NioSocketChannel.doReadBytes(NioSocketChannel.java:357)
	at io.netty.channel.nio.AbstractNioByteChannel$NioByteUnsafe.read(AbstractNioByteChannel.java:151)
	at io.netty.channel.nio.NioEventLoop.processSelectedKey(NioEventLoop.java:788)
	at io.netty.channel.nio.NioEventLoop.processSelectedKeysOptimized(NioEventLoop.java:724)
	at io.netty.channel.nio.NioEventLoop.processSelectedKeys(NioEventLoop.java:650)
	at io.netty.channel.nio.NioEventLoop.run(NioEventLoop.java:562)
	at io.netty.util.concurrent.SingleThreadEventExecutor$4.run(SingleThreadEventExecutor.java:997)
	at io.netty.util.internal.ThreadExecutorMap$2.run(ThreadExecutorMap.java:74)
	at io.netty.util.concurrent.FastThreadLocalRunnable.run(FastThreadLocalRunnable.java:30)
	at java.base/java.lang.Thread.run(Thread.java:833)
19:16:21.290 [AsyncHttpClient-1-12] DEBUG org.asynchttpclient.netty.handler.HttpHandler - Unexpected I/O exception on channel [id: 0x0c40b87a, L:/127.0.0.1:53099 - R:localhost/127.0.0.1:53092]
java.net.SocketException: Connection reset
	at java.base/sun.nio.ch.SocketChannelImpl.throwConnectionReset(SocketChannelImpl.java:394)
	at java.base/sun.nio.ch.SocketChannelImpl.read(SocketChannelImpl.java:426)
	at io.netty.buffer.PooledByteBuf.setBytes(PooledByteBuf.java:256)
	at io.netty.buffer.AbstractByteBuf.writeBytes(AbstractByteBuf.java:1132)
	at io.netty.channel.socket.nio.NioSocketChannel.doReadBytes(NioSocketChannel.java:357)
	at io.netty.channel.nio.AbstractNioByteChannel$NioByteUnsafe.read(AbstractNioByteChannel.java:151)
	at io.netty.channel.nio.NioEventLoop.processSelectedKey(NioEventLoop.java:788)
	at io.netty.channel.nio.NioEventLoop.processSelectedKeysOptimized(NioEventLoop.java:724)
	at io.netty.channel.nio.NioEventLoop.processSelectedKeys(NioEventLoop.java:650)
	at io.netty.channel.nio.NioEventLoop.run(NioEventLoop.java:562)
	at io.netty.util.concurrent.SingleThreadEventExecutor$4.run(SingleThreadEventExecutor.java:997)
	at io.netty.util.internal.ThreadExecutorMap$2.run(ThreadExecutorMap.java:74)
	at io.netty.util.concurrent.FastThreadLocalRunnable.run(FastThreadLocalRunnable.java:30)
	at java.base/java.lang.Thread.run(Thread.java:833)
19:16:21.290 [AsyncHttpClient-1-13] DEBUG org.asynchttpclient.netty.handler.WebSocketHandler - Was unable to recover Future: NettyResponseFuture{currentRetry=0,
	isDone=1,
	isCancelled=0,
	asyncHandler=org.asynchttpclient.ws.WebSocketUpgradeHandler@658a1785,
	nettyRequest=org.asynchttpclient.netty.request.NettyRequest@2baf25df,
	future=java.util.concurrent.CompletableFuture@1db0d3ee[Completed normally],
	uri=ws://localhost:53092/devtools/browser/a6d345b9-bb41-4669-b00e-67b1560bca6c,
	keepAlive=true,
	redirectCount=0,
	timeoutsHolder=null,
	inAuth=0,
	touch=1690388181290}
19:16:21.290 [AsyncHttpClient-1-13] DEBUG org.asynchttpclient.netty.channel.ChannelManager - Closing Channel [id: 0xbaedcc0d, L:/127.0.0.1:53100 - R:localhost/127.0.0.1:53092] 
19:16:21.290 [AsyncHttpClient-1-12] DEBUG org.asynchttpclient.netty.channel.ChannelManager - Closing Channel [id: 0x0c40b87a, L:/127.0.0.1:53099 - R:localhost/127.0.0.1:53092] 
19:16:21.290 [AsyncHttpClient-1-13] WARN org.asynchttpclient.netty.handler.WebSocketHandler - onError
java.net.SocketException: Connection reset
	at java.base/sun.nio.ch.SocketChannelImpl.throwConnectionReset(SocketChannelImpl.java:394)
	at java.base/sun.nio.ch.SocketChannelImpl.read(SocketChannelImpl.java:426)
	at io.netty.buffer.PooledByteBuf.setBytes(PooledByteBuf.java:256)
	at io.netty.buffer.AbstractByteBuf.writeBytes(AbstractByteBuf.java:1132)
	at io.netty.channel.socket.nio.NioSocketChannel.doReadBytes(NioSocketChannel.java:357)
	at io.netty.channel.nio.AbstractNioByteChannel$NioByteUnsafe.read(AbstractNioByteChannel.java:151)
	at io.netty.channel.nio.NioEventLoop.processSelectedKey(NioEventLoop.java:788)
	at io.netty.channel.nio.NioEventLoop.processSelectedKeysOptimized(NioEventLoop.java:724)
	at io.netty.channel.nio.NioEventLoop.processSelectedKeys(NioEventLoop.java:650)
	at io.netty.channel.nio.NioEventLoop.run(NioEventLoop.java:562)
	at io.netty.util.concurrent.SingleThreadEventExecutor$4.run(SingleThreadEventExecutor.java:997)
	at io.netty.util.internal.ThreadExecutorMap$2.run(ThreadExecutorMap.java:74)
	at io.netty.util.concurrent.FastThreadLocalRunnable.run(FastThreadLocalRunnable.java:30)
	at java.base/java.lang.Thread.run(Thread.java:833)
19:16:21.290 [AsyncHttpClient-1-12] DEBUG org.asynchttpclient.netty.handler.HttpHandler - Channel Closed: [id: 0x0c40b87a, L:/127.0.0.1:53099 ! R:localhost/127.0.0.1:53092] with attribute DISCARD
19:16:21.291 [AsyncHttpClient-1-13] DEBUG org.asynchttpclient.netty.channel.ChannelManager - Closing Channel [id: 0xbaedcc0d, L:/127.0.0.1:53100 ! R:localhost/127.0.0.1:53092] 
19:16:21.291 [AsyncHttpClient-1-13] DEBUG org.asynchttpclient.netty.handler.WebSocketHandler - Channel Closed: [id: 0xbaedcc0d, L:/127.0.0.1:53100 ! R:localhost/127.0.0.1:53092] with attribute DISCARD
19:16:21.319 [AsyncHttpClient-1-11] DEBUG org.asynchttpclient.netty.handler.HttpHandler - 

Request DefaultFullHttpRequest(decodeResult: success, version: HTTP/1.1, content: EmptyByteBufBE)
DELETE /session/c53e310a2c2857a5c1ac0280a435562f/window HTTP/1.1
User-Agent: selenium/4.9.1 (java windows)
Content-Type: application/json; charset=utf-8
host: localhost:41802
accept: */*

Response DefaultHttpResponse(decodeResult: success, version: HTTP/1.1)
HTTP/1.1 200 OK
Content-Length: 12
Content-Type: application/json; charset=utf-8
cache-control: no-cache

19:16:21.319 [AsyncHttpClient-1-11] DEBUG org.asynchttpclient.netty.channel.ChannelManager - Adding key: http://localhost:41802 for channel [id: 0x3a6b7c5a, L:/127.0.0.1:53091 - R:localhost/127.0.0.1:41802]
Request method:	DELETE
Request URI:	http://localhost:81/jsonrpc.php
Proxy:			<none>
Request params:	<none>
Query params:	<none>
Form params:	<none>
Path params:	<none>
Headers:		Accept=*/*
				Content-Type=text/plain; charset=ISO-8859-1
Cookies:		<none>
Multiparts:		<none>
Body:
{"jsonrpc":"2.0","method":"removeUser","id":234,"params":{"user_id":397}}
19:16:21.338 [main] DEBUG org.apache.http.impl.conn.BasicClientConnectionManager - Get connection for route {}->http://localhost:81
19:16:21.338 [main] DEBUG org.apache.http.impl.conn.DefaultClientConnectionOperator - Connecting to localhost:81
19:16:21.339 [main] DEBUG org.apache.http.client.protocol.RequestAddCookies - CookieSpec selected: ignoreCookies
19:16:21.339 [main] DEBUG org.apache.http.client.protocol.RequestAuthCache - Auth cache not set in the context
19:16:21.339 [main] DEBUG org.apache.http.client.protocol.RequestTargetAuthentication - Target auth state: UNCHALLENGED
19:16:21.339 [main] DEBUG org.apache.http.client.protocol.RequestProxyAuthentication - Proxy auth state: UNCHALLENGED
19:16:21.339 [main] DEBUG org.apache.http.impl.client.DefaultHttpClient - Attempt 1 to execute request
19:16:21.339 [main] DEBUG org.apache.http.impl.conn.DefaultClientConnection - Sending request: DELETE /jsonrpc.php HTTP/1.1
19:16:21.339 [main] DEBUG org.apache.http.wire -  >> "DELETE /jsonrpc.php HTTP/1.1[\r][\n]"
19:16:21.339 [main] DEBUG org.apache.http.wire -  >> "Accept: */*[\r][\n]"
19:16:21.339 [main] DEBUG org.apache.http.wire -  >> "Content-Type: text/plain; charset=ISO-8859-1[\r][\n]"
19:16:21.339 [main] DEBUG org.apache.http.wire -  >> "Content-Length: 73[\r][\n]"
19:16:21.339 [main] DEBUG org.apache.http.wire -  >> "Host: localhost:81[\r][\n]"
19:16:21.339 [main] DEBUG org.apache.http.wire -  >> "Connection: Keep-Alive[\r][\n]"
19:16:21.339 [main] DEBUG org.apache.http.wire -  >> "User-Agent: Apache-HttpClient/4.5.13 (Java/17)[\r][\n]"
19:16:21.339 [main] DEBUG org.apache.http.wire -  >> "Accept-Encoding: gzip,deflate[\r][\n]"
19:16:21.339 [main] DEBUG org.apache.http.wire -  >> "[\r][\n]"
19:16:21.339 [main] DEBUG org.apache.http.headers - >> DELETE /jsonrpc.php HTTP/1.1
19:16:21.339 [main] DEBUG org.apache.http.headers - >> Accept: */*
19:16:21.339 [main] DEBUG org.apache.http.headers - >> Content-Type: text/plain; charset=ISO-8859-1
19:16:21.339 [main] DEBUG org.apache.http.headers - >> Content-Length: 73
19:16:21.339 [main] DEBUG org.apache.http.headers - >> Host: localhost:81
19:16:21.339 [main] DEBUG org.apache.http.headers - >> Connection: Keep-Alive
19:16:21.339 [main] DEBUG org.apache.http.headers - >> User-Agent: Apache-HttpClient/4.5.13 (Java/17)
19:16:21.339 [main] DEBUG org.apache.http.headers - >> Accept-Encoding: gzip,deflate
19:16:21.339 [main] DEBUG org.apache.http.wire -  >> "{"jsonrpc":"2.0","method":"removeUser","id":234,"params":{"user_id":397}}"
19:16:21.355 [main] DEBUG org.apache.http.wire -  << "HTTP/1.1 401 Unauthorized[\r][\n]"
19:16:21.355 [main] DEBUG org.apache.http.wire -  << "Server: nginx[\r][\n]"
19:16:21.355 [main] DEBUG org.apache.http.wire -  << "Date: Wed, 26 Jul 2023 16:16:21 GMT[\r][\n]"
19:16:21.355 [main] DEBUG org.apache.http.wire -  << "Content-Type: application/json[\r][\n]"
19:16:21.355 [main] DEBUG org.apache.http.wire -  << "Transfer-Encoding: chunked[\r][\n]"
19:16:21.355 [main] DEBUG org.apache.http.wire -  << "Connection: keep-alive[\r][\n]"
19:16:21.355 [main] DEBUG org.apache.http.wire -  << "WWW-Authenticate: Basic realm="JsonRPC"[\r][\n]"
19:16:21.355 [main] DEBUG org.apache.http.wire -  << "[\r][\n]"
19:16:21.355 [main] DEBUG org.apache.http.impl.conn.DefaultClientConnection - Receiving response: HTTP/1.1 401 Unauthorized
19:16:21.355 [main] DEBUG org.apache.http.headers - << HTTP/1.1 401 Unauthorized
19:16:21.355 [main] DEBUG org.apache.http.headers - << Server: nginx
19:16:21.355 [main] DEBUG org.apache.http.headers - << Date: Wed, 26 Jul 2023 16:16:21 GMT
19:16:21.355 [main] DEBUG org.apache.http.headers - << Content-Type: application/json
19:16:21.355 [main] DEBUG org.apache.http.headers - << Transfer-Encoding: chunked
19:16:21.355 [main] DEBUG org.apache.http.headers - << Connection: keep-alive
19:16:21.355 [main] DEBUG org.apache.http.headers - << WWW-Authenticate: Basic realm="JsonRPC"
19:16:21.355 [main] DEBUG org.apache.http.impl.client.DefaultHttpClient - Connection can be kept alive indefinitely
19:16:21.355 [main] DEBUG org.apache.http.impl.client.DefaultHttpClient - Authentication required
19:16:21.355 [main] DEBUG org.apache.http.impl.client.DefaultHttpClient - localhost:81 requested authentication
19:16:21.356 [main] DEBUG org.apache.http.impl.client.TargetAuthenticationStrategy - Authentication schemes in the order of preference: [Negotiate, Kerberos, NTLM, CredSSP, Digest, Basic]
19:16:21.356 [main] DEBUG org.apache.http.impl.client.TargetAuthenticationStrategy - Challenge for Negotiate authentication scheme not available
19:16:21.356 [main] DEBUG org.apache.http.impl.client.TargetAuthenticationStrategy - Challenge for Kerberos authentication scheme not available
19:16:21.356 [main] DEBUG org.apache.http.impl.client.TargetAuthenticationStrategy - Challenge for NTLM authentication scheme not available
19:16:21.356 [main] DEBUG org.apache.http.impl.client.TargetAuthenticationStrategy - Challenge for CredSSP authentication scheme not available
19:16:21.356 [main] DEBUG org.apache.http.impl.client.TargetAuthenticationStrategy - Challenge for Digest authentication scheme not available
19:16:21.356 [main] DEBUG org.apache.http.impl.client.DefaultHttpClient - Selected authentication options: [BASIC [complete=true]]
19:16:21.356 [main] DEBUG org.apache.http.wire -  << "49[\r][\n]"
19:16:21.356 [main] DEBUG org.apache.http.wire -  << "{"jsonrpc":"2.0","error":{"code":401,"message":"Unauthorized"},"id":null}"
19:16:21.356 [main] DEBUG org.apache.http.wire -  << "[\r][\n]"
19:16:21.356 [main] DEBUG org.apache.http.wire -  << "0[\r][\n]"
19:16:21.356 [main] DEBUG org.apache.http.wire -  << "[\r][\n]"
19:16:21.356 [main] DEBUG org.apache.http.client.protocol.RequestAddCookies - CookieSpec selected: ignoreCookies
19:16:21.356 [main] DEBUG org.apache.http.client.protocol.RequestAuthCache - Auth cache not set in the context
19:16:21.356 [main] DEBUG org.apache.http.client.protocol.RequestTargetAuthentication - Target auth state: CHALLENGED
19:16:21.356 [main] DEBUG org.apache.http.client.protocol.RequestTargetAuthentication - Generating response to an authentication challenge using basic scheme
19:16:21.356 [main] DEBUG org.apache.http.client.protocol.RequestProxyAuthentication - Proxy auth state: UNCHALLENGED
19:16:21.356 [main] DEBUG org.apache.http.impl.client.DefaultHttpClient - Attempt 2 to execute request
19:16:21.356 [main] DEBUG org.apache.http.impl.conn.DefaultClientConnection - Sending request: DELETE /jsonrpc.php HTTP/1.1
19:16:21.356 [main] DEBUG org.apache.http.wire -  >> "DELETE /jsonrpc.php HTTP/1.1[\r][\n]"
19:16:21.356 [main] DEBUG org.apache.http.wire -  >> "Accept: */*[\r][\n]"
19:16:21.356 [main] DEBUG org.apache.http.wire -  >> "Content-Type: text/plain; charset=ISO-8859-1[\r][\n]"
19:16:21.356 [main] DEBUG org.apache.http.wire -  >> "Content-Length: 73[\r][\n]"
19:16:21.356 [main] DEBUG org.apache.http.wire -  >> "Host: localhost:81[\r][\n]"
19:16:21.356 [main] DEBUG org.apache.http.wire -  >> "Connection: Keep-Alive[\r][\n]"
19:16:21.356 [main] DEBUG org.apache.http.wire -  >> "User-Agent: Apache-HttpClient/4.5.13 (Java/17)[\r][\n]"
19:16:21.356 [main] DEBUG org.apache.http.wire -  >> "Authorization: Basic YWRtaW46YWRtaW4=[\r][\n]"
19:16:21.356 [main] DEBUG org.apache.http.wire -  >> "Accept-Encoding: gzip,deflate[\r][\n]"
19:16:21.356 [main] DEBUG org.apache.http.wire -  >> "[\r][\n]"
19:16:21.356 [main] DEBUG org.apache.http.headers - >> DELETE /jsonrpc.php HTTP/1.1
19:16:21.356 [main] DEBUG org.apache.http.headers - >> Accept: */*
19:16:21.356 [main] DEBUG org.apache.http.headers - >> Content-Type: text/plain; charset=ISO-8859-1
19:16:21.356 [main] DEBUG org.apache.http.headers - >> Content-Length: 73
19:16:21.356 [main] DEBUG org.apache.http.headers - >> Host: localhost:81
19:16:21.356 [main] DEBUG org.apache.http.headers - >> Connection: Keep-Alive
19:16:21.356 [main] DEBUG org.apache.http.headers - >> User-Agent: Apache-HttpClient/4.5.13 (Java/17)
19:16:21.356 [main] DEBUG org.apache.http.headers - >> Authorization: Basic YWRtaW46YWRtaW4=
19:16:21.356 [main] DEBUG org.apache.http.headers - >> Accept-Encoding: gzip,deflate
19:16:21.356 [main] DEBUG org.apache.http.wire -  >> "{"jsonrpc":"2.0","method":"removeUser","id":234,"params":{"user_id":397}}"
19:16:22.164 [AsyncHttpClient-1-1] DEBUG org.asynchttpclient.netty.channel.DefaultChannelPool - Entry count for : http://localhost:53092 : 1
19:16:22.164 [AsyncHttpClient-1-1] DEBUG org.asynchttpclient.netty.channel.DefaultChannelPool - Entry count for : http://localhost:41802 : 1
19:16:22.164 [AsyncHttpClient-1-1] DEBUG org.asynchttpclient.netty.channel.DefaultChannelPool - Adding Candidate expired Channel [id: 0x0c40b87a, L:/127.0.0.1:53099 ! R:localhost/127.0.0.1:53092] isIdleTimeoutExpired=false isRemotelyClosed=true isTtlExpired=false
19:16:22.164 [AsyncHttpClient-1-1] DEBUG org.asynchttpclient.netty.channel.DefaultChannelPool - Closing Idle Channel [id: 0x0c40b87a, L:/127.0.0.1:53099 ! R:localhost/127.0.0.1:53092]
19:16:22.164 [AsyncHttpClient-1-1] DEBUG org.asynchttpclient.netty.channel.DefaultChannelPool - Closed 1 connections out of 2 in 0 ms
19:16:22.243 [main] DEBUG org.apache.http.wire -  << "HTTP/1.1 200 OK[\r][\n]"
19:16:22.243 [main] DEBUG org.apache.http.wire -  << "Server: nginx[\r][\n]"
19:16:22.243 [main] DEBUG org.apache.http.wire -  << "Date: Wed, 26 Jul 2023 16:16:22 GMT[\r][\n]"
19:16:22.243 [main] DEBUG org.apache.http.wire -  << "Content-Type: application/json[\r][\n]"
19:16:22.243 [main] DEBUG org.apache.http.wire -  << "Transfer-Encoding: chunked[\r][\n]"
19:16:22.243 [main] DEBUG org.apache.http.wire -  << "Connection: keep-alive[\r][\n]"
19:16:22.243 [main] DEBUG org.apache.http.wire -  << "Vary: Accept-Encoding[\r][\n]"
19:16:22.243 [main] DEBUG org.apache.http.wire -  << "Content-Encoding: gzip[\r][\n]"
19:16:22.243 [main] DEBUG org.apache.http.wire -  << "[\r][\n]"
19:16:22.243 [main] DEBUG org.apache.http.impl.conn.DefaultClientConnection - Receiving response: HTTP/1.1 200 OK
19:16:22.243 [main] DEBUG org.apache.http.headers - << HTTP/1.1 200 OK
19:16:22.243 [main] DEBUG org.apache.http.headers - << Server: nginx
19:16:22.243 [main] DEBUG org.apache.http.headers - << Date: Wed, 26 Jul 2023 16:16:22 GMT
19:16:22.243 [main] DEBUG org.apache.http.headers - << Content-Type: application/json
19:16:22.243 [main] DEBUG org.apache.http.headers - << Transfer-Encoding: chunked
19:16:22.243 [main] DEBUG org.apache.http.headers - << Connection: keep-alive
19:16:22.243 [main] DEBUG org.apache.http.headers - << Vary: Accept-Encoding
19:16:22.244 [main] DEBUG org.apache.http.headers - << Content-Encoding: gzip
19:16:22.244 [main] DEBUG org.apache.http.impl.client.DefaultHttpClient - Connection can be kept alive indefinitely
19:16:22.244 [main] DEBUG org.apache.http.impl.client.DefaultHttpClient - Authentication succeeded
19:16:22.244 [main] DEBUG org.apache.http.impl.client.TargetAuthenticationStrategy - Caching 'basic' auth scheme for http://localhost:81
19:16:22.244 [main] DEBUG io.restassured.internal.RestAssuredHttpBuilder - Parsing response as: application/json
19:16:22.244 [main] DEBUG org.apache.http.wire -  << "3c[\r][\n]"
19:16:22.244 [main] DEBUG org.apache.http.wire -  << "[0x1f][0x8b][0x8][0x0][0x0][0x0][0x0][0x0][0x0][0x3][0xab]V[0xca]*[0xce][0xcf]+*HV[0xb2]R2[0xd2]3P[0xd2]Q*J-.[0xcd])Q[0xb2]*)*M[0xd5]Q[0xca]LQ[0xb2]226[0xa9][0x5][0x0]q~[0x7][0xe8]([0x0][0x0][0x0]"
19:16:22.244 [main] DEBUG org.apache.http.wire -  << "[\r][\n]"
19:16:22.244 [main] DEBUG org.apache.http.wire -  << "0[\r][\n]"
19:16:22.244 [main] DEBUG org.apache.http.wire -  << "[\r][\n]"
19:16:22.244 [main] DEBUG io.restassured.internal.RestAssuredHttpBuilder - Parsed data to instance of: class org.apache.http.conn.EofSensorInputStream
19:16:22.245 [main] DEBUG org.apache.http.impl.conn.BasicClientConnectionManager - Releasing connection org.apache.http.impl.conn.ManagedClientConnectionImpl@6d9f78a6
19:16:22.245 [main] DEBUG org.apache.http.impl.conn.BasicClientConnectionManager - Connection can be kept alive indefinitely
{
    "jsonrpc": "2.0",
    "result": true,
    "id": 234
}
{
    "jsonrpc": "2.0",
    "result": true,
    "id": 234
}
Request method:	POST
Request URI:	http://localhost:81/jsonrpc.php
Proxy:			<none>
Request params:	<none>
Query params:	<none>
Form params:	<none>
Path params:	<none>
Headers:		Accept=*/*
				Content-Type=text/plain; charset=ISO-8859-1
Cookies:		<none>
Multiparts:		<none>
Body:
{"jsonrpc":"2.0","method":"createUser","id":123123,"params":{"username":"kyryloAPITestLogin","password":"kyryloAPITestPassword","name":"kyrylo","email":"kyryloAPITest@mail.com","role":"app-manager"}}
19:16:22.255 [main] DEBUG org.apache.http.impl.conn.BasicClientConnectionManager - Get connection for route {}->http://localhost:81
19:16:22.255 [main] DEBUG org.apache.http.impl.conn.DefaultClientConnectionOperator - Connecting to localhost:81
19:16:22.256 [main] DEBUG org.apache.http.client.protocol.RequestAddCookies - CookieSpec selected: ignoreCookies
19:16:22.256 [main] DEBUG org.apache.http.client.protocol.RequestAuthCache - Auth cache not set in the context
19:16:22.256 [main] DEBUG org.apache.http.client.protocol.RequestTargetAuthentication - Target auth state: UNCHALLENGED
19:16:22.256 [main] DEBUG org.apache.http.client.protocol.RequestProxyAuthentication - Proxy auth state: UNCHALLENGED
19:16:22.256 [main] DEBUG org.apache.http.impl.client.DefaultHttpClient - Attempt 1 to execute request
19:16:22.256 [main] DEBUG org.apache.http.impl.conn.DefaultClientConnection - Sending request: POST /jsonrpc.php HTTP/1.1
19:16:22.256 [main] DEBUG org.apache.http.wire -  >> "POST /jsonrpc.php HTTP/1.1[\r][\n]"
19:16:22.256 [main] DEBUG org.apache.http.wire -  >> "Accept: */*[\r][\n]"
19:16:22.256 [main] DEBUG org.apache.http.wire -  >> "Content-Type: text/plain; charset=ISO-8859-1[\r][\n]"
19:16:22.256 [main] DEBUG org.apache.http.wire -  >> "Content-Length: 199[\r][\n]"
19:16:22.256 [main] DEBUG org.apache.http.wire -  >> "Host: localhost:81[\r][\n]"
19:16:22.256 [main] DEBUG org.apache.http.wire -  >> "Connection: Keep-Alive[\r][\n]"
19:16:22.256 [main] DEBUG org.apache.http.wire -  >> "User-Agent: Apache-HttpClient/4.5.13 (Java/17)[\r][\n]"
19:16:22.256 [main] DEBUG org.apache.http.wire -  >> "Accept-Encoding: gzip,deflate[\r][\n]"
19:16:22.256 [main] DEBUG org.apache.http.wire -  >> "[\r][\n]"
19:16:22.256 [main] DEBUG org.apache.http.headers - >> POST /jsonrpc.php HTTP/1.1
19:16:22.256 [main] DEBUG org.apache.http.headers - >> Accept: */*
19:16:22.256 [main] DEBUG org.apache.http.headers - >> Content-Type: text/plain; charset=ISO-8859-1
19:16:22.256 [main] DEBUG org.apache.http.headers - >> Content-Length: 199
19:16:22.256 [main] DEBUG org.apache.http.headers - >> Host: localhost:81
19:16:22.256 [main] DEBUG org.apache.http.headers - >> Connection: Keep-Alive
19:16:22.256 [main] DEBUG org.apache.http.headers - >> User-Agent: Apache-HttpClient/4.5.13 (Java/17)
19:16:22.256 [main] DEBUG org.apache.http.headers - >> Accept-Encoding: gzip,deflate
19:16:22.256 [main] DEBUG org.apache.http.wire -  >> "{"jsonrpc":"2.0","method":"createUser","id":123123,"params":{"username":"kyryloAPITestLogin","password":"kyryloAPITestPassword","name":"kyrylo","email":"kyryloAPITest@mail.com","role":"app-manager"}}"
19:16:22.267 [main] DEBUG org.apache.http.wire -  << "HTTP/1.1 401 Unauthorized[\r][\n]"
19:16:22.267 [main] DEBUG org.apache.http.wire -  << "Server: nginx[\r][\n]"
19:16:22.267 [main] DEBUG org.apache.http.wire -  << "Date: Wed, 26 Jul 2023 16:16:22 GMT[\r][\n]"
19:16:22.267 [main] DEBUG org.apache.http.wire -  << "Content-Type: application/json[\r][\n]"
19:16:22.267 [main] DEBUG org.apache.http.wire -  << "Transfer-Encoding: chunked[\r][\n]"
19:16:22.267 [main] DEBUG org.apache.http.wire -  << "Connection: keep-alive[\r][\n]"
19:16:22.267 [main] DEBUG org.apache.http.wire -  << "WWW-Authenticate: Basic realm="JsonRPC"[\r][\n]"
19:16:22.267 [main] DEBUG org.apache.http.wire -  << "[\r][\n]"
19:16:22.267 [main] DEBUG org.apache.http.impl.conn.DefaultClientConnection - Receiving response: HTTP/1.1 401 Unauthorized
19:16:22.267 [main] DEBUG org.apache.http.headers - << HTTP/1.1 401 Unauthorized
19:16:22.267 [main] DEBUG org.apache.http.headers - << Server: nginx
19:16:22.267 [main] DEBUG org.apache.http.headers - << Date: Wed, 26 Jul 2023 16:16:22 GMT
19:16:22.267 [main] DEBUG org.apache.http.headers - << Content-Type: application/json
19:16:22.267 [main] DEBUG org.apache.http.headers - << Transfer-Encoding: chunked
19:16:22.267 [main] DEBUG org.apache.http.headers - << Connection: keep-alive
19:16:22.267 [main] DEBUG org.apache.http.headers - << WWW-Authenticate: Basic realm="JsonRPC"
19:16:22.267 [main] DEBUG org.apache.http.impl.client.DefaultHttpClient - Connection can be kept alive indefinitely
19:16:22.267 [main] DEBUG org.apache.http.impl.client.DefaultHttpClient - Authentication required
19:16:22.267 [main] DEBUG org.apache.http.impl.client.DefaultHttpClient - localhost:81 requested authentication
19:16:22.267 [main] DEBUG org.apache.http.impl.client.TargetAuthenticationStrategy - Authentication schemes in the order of preference: [Negotiate, Kerberos, NTLM, CredSSP, Digest, Basic]
19:16:22.267 [main] DEBUG org.apache.http.impl.client.TargetAuthenticationStrategy - Challenge for Negotiate authentication scheme not available
19:16:22.267 [main] DEBUG org.apache.http.impl.client.TargetAuthenticationStrategy - Challenge for Kerberos authentication scheme not available
19:16:22.267 [main] DEBUG org.apache.http.impl.client.TargetAuthenticationStrategy - Challenge for NTLM authentication scheme not available
19:16:22.267 [main] DEBUG org.apache.http.impl.client.TargetAuthenticationStrategy - Challenge for CredSSP authentication scheme not available
19:16:22.267 [main] DEBUG org.apache.http.impl.client.TargetAuthenticationStrategy - Challenge for Digest authentication scheme not available
19:16:22.267 [main] DEBUG org.apache.http.impl.client.DefaultHttpClient - Selected authentication options: [BASIC [complete=true]]
19:16:22.267 [main] DEBUG org.apache.http.wire -  << "49[\r][\n]"
19:16:22.267 [main] DEBUG org.apache.http.wire -  << "{"jsonrpc":"2.0","error":{"code":401,"message":"Unauthorized"},"id":null}"
19:16:22.267 [main] DEBUG org.apache.http.wire -  << "[\r][\n]"
19:16:22.267 [main] DEBUG org.apache.http.wire -  << "0[\r][\n]"
19:16:22.267 [main] DEBUG org.apache.http.wire -  << "[\r][\n]"
19:16:22.267 [main] DEBUG org.apache.http.client.protocol.RequestAddCookies - CookieSpec selected: ignoreCookies
19:16:22.267 [main] DEBUG org.apache.http.client.protocol.RequestAuthCache - Auth cache not set in the context
19:16:22.267 [main] DEBUG org.apache.http.client.protocol.RequestTargetAuthentication - Target auth state: CHALLENGED
19:16:22.267 [main] DEBUG org.apache.http.client.protocol.RequestTargetAuthentication - Generating response to an authentication challenge using basic scheme
19:16:22.267 [main] DEBUG org.apache.http.client.protocol.RequestProxyAuthentication - Proxy auth state: UNCHALLENGED
19:16:22.267 [main] DEBUG org.apache.http.impl.client.DefaultHttpClient - Attempt 2 to execute request
19:16:22.267 [main] DEBUG org.apache.http.impl.conn.DefaultClientConnection - Sending request: POST /jsonrpc.php HTTP/1.1
19:16:22.267 [main] DEBUG org.apache.http.wire -  >> "POST /jsonrpc.php HTTP/1.1[\r][\n]"
19:16:22.267 [main] DEBUG org.apache.http.wire -  >> "Accept: */*[\r][\n]"
19:16:22.267 [main] DEBUG org.apache.http.wire -  >> "Content-Type: text/plain; charset=ISO-8859-1[\r][\n]"
19:16:22.267 [main] DEBUG org.apache.http.wire -  >> "Content-Length: 199[\r][\n]"
19:16:22.267 [main] DEBUG org.apache.http.wire -  >> "Host: localhost:81[\r][\n]"
19:16:22.267 [main] DEBUG org.apache.http.wire -  >> "Connection: Keep-Alive[\r][\n]"
19:16:22.267 [main] DEBUG org.apache.http.wire -  >> "User-Agent: Apache-HttpClient/4.5.13 (Java/17)[\r][\n]"
19:16:22.267 [main] DEBUG org.apache.http.wire -  >> "Authorization: Basic YWRtaW46YWRtaW4=[\r][\n]"
19:16:22.267 [main] DEBUG org.apache.http.wire -  >> "Accept-Encoding: gzip,deflate[\r][\n]"
19:16:22.267 [main] DEBUG org.apache.http.wire -  >> "[\r][\n]"
19:16:22.267 [main] DEBUG org.apache.http.headers - >> POST /jsonrpc.php HTTP/1.1
19:16:22.267 [main] DEBUG org.apache.http.headers - >> Accept: */*
19:16:22.267 [main] DEBUG org.apache.http.headers - >> Content-Type: text/plain; charset=ISO-8859-1
19:16:22.267 [main] DEBUG org.apache.http.headers - >> Content-Length: 199
19:16:22.267 [main] DEBUG org.apache.http.headers - >> Host: localhost:81
19:16:22.267 [main] DEBUG org.apache.http.headers - >> Connection: Keep-Alive
19:16:22.267 [main] DEBUG org.apache.http.headers - >> User-Agent: Apache-HttpClient/4.5.13 (Java/17)
19:16:22.267 [main] DEBUG org.apache.http.headers - >> Authorization: Basic YWRtaW46YWRtaW4=
19:16:22.267 [main] DEBUG org.apache.http.headers - >> Accept-Encoding: gzip,deflate
19:16:22.267 [main] DEBUG org.apache.http.wire -  >> "{"jsonrpc":"2.0","method":"createUser","id":123123,"params":{"username":"kyryloAPITestLogin","password":"kyryloAPITestPassword","name":"kyrylo","email":"kyryloAPITest@mail.com","role":"app-manager"}}"
19:16:23.261 [AsyncHttpClient-1-1] DEBUG org.asynchttpclient.netty.channel.DefaultChannelPool - Entry count for : http://localhost:41802 : 1
19:16:23.450 [main] DEBUG org.apache.http.wire -  << "HTTP/1.1 200 OK[\r][\n]"
19:16:23.450 [main] DEBUG org.apache.http.wire -  << "Server: nginx[\r][\n]"
19:16:23.450 [main] DEBUG org.apache.http.wire -  << "Date: Wed, 26 Jul 2023 16:16:23 GMT[\r][\n]"
19:16:23.450 [main] DEBUG org.apache.http.wire -  << "Content-Type: application/json[\r][\n]"
19:16:23.450 [main] DEBUG org.apache.http.wire -  << "Transfer-Encoding: chunked[\r][\n]"
19:16:23.450 [main] DEBUG org.apache.http.wire -  << "Connection: keep-alive[\r][\n]"
19:16:23.450 [main] DEBUG org.apache.http.wire -  << "Vary: Accept-Encoding[\r][\n]"
19:16:23.450 [main] DEBUG org.apache.http.wire -  << "Content-Encoding: gzip[\r][\n]"
19:16:23.450 [main] DEBUG org.apache.http.wire -  << "[\r][\n]"
19:16:23.450 [main] DEBUG org.apache.http.impl.conn.DefaultClientConnection - Receiving response: HTTP/1.1 200 OK
19:16:23.450 [main] DEBUG org.apache.http.headers - << HTTP/1.1 200 OK
19:16:23.450 [main] DEBUG org.apache.http.headers - << Server: nginx
19:16:23.450 [main] DEBUG org.apache.http.headers - << Date: Wed, 26 Jul 2023 16:16:23 GMT
19:16:23.450 [main] DEBUG org.apache.http.headers - << Content-Type: application/json
19:16:23.450 [main] DEBUG org.apache.http.headers - << Transfer-Encoding: chunked
19:16:23.450 [main] DEBUG org.apache.http.headers - << Connection: keep-alive
19:16:23.450 [main] DEBUG org.apache.http.headers - << Vary: Accept-Encoding
19:16:23.450 [main] DEBUG org.apache.http.headers - << Content-Encoding: gzip
19:16:23.450 [main] DEBUG org.apache.http.impl.client.DefaultHttpClient - Connection can be kept alive indefinitely
19:16:23.450 [main] DEBUG org.apache.http.impl.client.DefaultHttpClient - Authentication succeeded
19:16:23.450 [main] DEBUG org.apache.http.impl.client.TargetAuthenticationStrategy - Caching 'basic' auth scheme for http://localhost:81
19:16:23.451 [main] DEBUG io.restassured.internal.RestAssuredHttpBuilder - Parsing response as: application/json
19:16:23.451 [main] DEBUG org.apache.http.wire -  << "3c[\r][\n]"
19:16:23.451 [main] DEBUG org.apache.http.wire -  << "[0x1f][0x8b][0x8][0x0][0x0][0x0][0x0][0x0][0x0][0x3][0xab]V[0xca]*[0xce][0xcf]+*HV[0xb2]R2[0xd2]3P[0xd2]Q*J-.[0xcd])Q[0xb2]2[0xb6][0xb4][0xd0]Q[0xca]LQ[0xb2]242[0x6][0xa2]Z[0x0][0x3][0xb1]#[0xb4]*[0x0][0x0][0x0]"
19:16:23.451 [main] DEBUG org.apache.http.wire -  << "[\r][\n]"
19:16:23.451 [main] DEBUG org.apache.http.wire -  << "0[\r][\n]"
19:16:23.451 [main] DEBUG org.apache.http.wire -  << "[\r][\n]"
19:16:23.451 [main] DEBUG io.restassured.internal.RestAssuredHttpBuilder - Parsed data to instance of: class org.apache.http.conn.EofSensorInputStream
19:16:23.451 [main] DEBUG org.apache.http.impl.conn.BasicClientConnectionManager - Releasing connection org.apache.http.impl.conn.ManagedClientConnectionImpl@6ee9fcac
19:16:23.451 [main] DEBUG org.apache.http.impl.conn.BasicClientConnectionManager - Connection can be kept alive indefinitely
{
    "jsonrpc": "2.0",
    "result": 398,
    "id": 123123
}
{
    "jsonrpc": "2.0",
    "result": 398,
    "id": 123123
}
19:16:23.457 [Forwarding getTitle on session c53e310a2c2857a5c1ac0280a435562f to remote] DEBUG org.asynchttpclient.netty.request.NettyRequestSender - Using pooled Channel '[id: 0x3a6b7c5a, L:/127.0.0.1:53091 - R:localhost/127.0.0.1:41802]' for 'GET' to 'http://localhost:41802/session/c53e310a2c2857a5c1ac0280a435562f/title'
19:16:23.457 [Forwarding getTitle on session c53e310a2c2857a5c1ac0280a435562f to remote] DEBUG org.asynchttpclient.netty.request.NettyRequestSender - Using open Channel [id: 0x3a6b7c5a, L:/127.0.0.1:53091 - R:localhost/127.0.0.1:41802] for GET '/session/c53e310a2c2857a5c1ac0280a435562f/title'
19:16:23.458 [AsyncHttpClient-1-11] DEBUG org.asynchttpclient.netty.handler.HttpHandler - 

Request DefaultFullHttpRequest(decodeResult: success, version: HTTP/1.1, content: EmptyByteBufBE)
GET /session/c53e310a2c2857a5c1ac0280a435562f/title HTTP/1.1
User-Agent: selenium/4.9.1 (java windows)
Cache-Control: no-cache
Content-Type: application/json; charset=utf-8
host: localhost:41802
accept: */*

Response DefaultHttpResponse(decodeResult: success, version: HTTP/1.1)
HTTP/1.1 404 Not Found
Content-Length: 831
Content-Type: application/json; charset=utf-8
cache-control: no-cache

19:16:23.458 [AsyncHttpClient-1-11] DEBUG org.asynchttpclient.netty.channel.ChannelManager - Adding key: http://localhost:41802 for channel [id: 0x3a6b7c5a, L:/127.0.0.1:53091 - R:localhost/127.0.0.1:41802]
19:16:23.459 [main] DEBUG com.codeborne.selenide.drivercommands.BrowserHealthChecker - Browser session is not found
org.openqa.selenium.NoSuchSessionException: invalid session id
Build info: version: '4.9.1', revision: 'eb2032df7f'
System info: os.name: 'Windows 10', os.arch: 'amd64', os.version: '10.0', java.version: '17'
Driver info: org.openqa.selenium.chrome.ChromeDriver
Command: [c53e310a2c2857a5c1ac0280a435562f, getTitle {}]
Capabilities {acceptInsecureCerts: true, browserName: chrome, browserVersion: 114.0.5735.248, chrome: {chromedriverVersion: 114.0.5735.90 (386bc09e8f4f..., userDataDir: C:\Users\KFA24~1.SHM\AppDat...}, goog:chromeOptions: {debuggerAddress: localhost:53092}, networkConnectionEnabled: false, pageLoadStrategy: normal, platformName: windows, proxy: Proxy(), se:cdp: ws://localhost:53092/devtoo..., se:cdpVersion: 114.0.5735.248, setWindowRect: true, strictFileInteractability: false, timeouts: {implicit: 0, pageLoad: 300000, script: 30000}, unhandledPromptBehavior: accept, webauthn:extension:credBlob: true, webauthn:extension:largeBlob: true, webauthn:extension:minPinLength: true, webauthn:extension:prf: true, webauthn:virtualAuthenticators: true}
Session ID: c53e310a2c2857a5c1ac0280a435562f
	at java.base/jdk.internal.reflect.NativeConstructorAccessorImpl.newInstance0(Native Method)
	at java.base/jdk.internal.reflect.NativeConstructorAccessorImpl.newInstance(NativeConstructorAccessorImpl.java:77)
	at java.base/jdk.internal.reflect.DelegatingConstructorAccessorImpl.newInstance(DelegatingConstructorAccessorImpl.java:45)
	at java.base/java.lang.reflect.Constructor.newInstanceWithCaller(Constructor.java:499)
	at java.base/java.lang.reflect.Constructor.newInstance(Constructor.java:480)
	at org.openqa.selenium.remote.codec.w3c.W3CHttpResponseCodec.createException(W3CHttpResponseCodec.java:200)
	at org.openqa.selenium.remote.codec.w3c.W3CHttpResponseCodec.decode(W3CHttpResponseCodec.java:133)
	at org.openqa.selenium.remote.codec.w3c.W3CHttpResponseCodec.decode(W3CHttpResponseCodec.java:53)
	at org.openqa.selenium.remote.HttpCommandExecutor.execute(HttpCommandExecutor.java:193)
	at org.openqa.selenium.remote.service.DriverCommandExecutor.invokeExecute(DriverCommandExecutor.java:183)
	at org.openqa.selenium.remote.service.DriverCommandExecutor.execute(DriverCommandExecutor.java:158)
	at org.openqa.selenium.remote.RemoteWebDriver.execute(RemoteWebDriver.java:543)
	at org.openqa.selenium.remote.RemoteWebDriver.execute(RemoteWebDriver.java:598)
	at org.openqa.selenium.remote.RemoteWebDriver.execute(RemoteWebDriver.java:602)
	at org.openqa.selenium.remote.RemoteWebDriver.getTitle(RemoteWebDriver.java:302)
	at com.codeborne.selenide.drivercommands.BrowserHealthChecker.isBrowserStillOpen(BrowserHealthChecker.java:19)
	at com.codeborne.selenide.impl.WebDriverThreadLocalContainer.getAndCheckWebDriver(WebDriverThreadLocalContainer.java:158)
	at com.codeborne.selenide.WebDriverRunner.getAndCheckWebDriver(WebDriverRunner.java:130)
	at com.codeborne.selenide.impl.StaticDriver.getAndCheckWebDriver(StaticDriver.java:65)
	at com.codeborne.selenide.SelenideDriver.getAndCheckWebDriver(SelenideDriver.java:220)
	at com.codeborne.selenide.drivercommands.Navigator.lambda$navigateTo$0(Navigator.java:72)
	at com.codeborne.selenide.logevents.SelenideLogger.lambda$run$0(SelenideLogger.java:105)
	at com.codeborne.selenide.logevents.SelenideLogger.wrap(SelenideLogger.java:133)
	at com.codeborne.selenide.logevents.SelenideLogger.run(SelenideLogger.java:104)
	at com.codeborne.selenide.drivercommands.Navigator.navigateTo(Navigator.java:70)
	at com.codeborne.selenide.drivercommands.Navigator.open(Navigator.java:32)
	at com.codeborne.selenide.SelenideDriver.open(SelenideDriver.java:101)
	at com.codeborne.selenide.Selenide.open(Selenide.java:53)
	at UI.tests.BaseUITest.setUp(BaseUITest.java:27)
	at java.base/jdk.internal.reflect.NativeMethodAccessorImpl.invoke0(Native Method)
	at java.base/jdk.internal.reflect.NativeMethodAccessorImpl.invoke(NativeMethodAccessorImpl.java:77)
	at java.base/jdk.internal.reflect.DelegatingMethodAccessorImpl.invoke(DelegatingMethodAccessorImpl.java:43)
	at java.base/java.lang.reflect.Method.invoke(Method.java:568)
	at org.testng.internal.invokers.MethodInvocationHelper.invokeMethod(MethodInvocationHelper.java:139)
	at org.testng.internal.invokers.MethodInvocationHelper.invokeMethodConsideringTimeout(MethodInvocationHelper.java:69)
	at org.testng.internal.invokers.ConfigInvoker.invokeConfigurationMethod(ConfigInvoker.java:361)
	at org.testng.internal.invokers.ConfigInvoker.invokeConfigurations(ConfigInvoker.java:296)
	at org.testng.internal.invokers.TestInvoker.runConfigMethods(TestInvoker.java:823)
	at org.testng.internal.invokers.TestInvoker.invokeMethod(TestInvoker.java:590)
	at org.testng.internal.invokers.TestInvoker.invokeTestMethod(TestInvoker.java:221)
	at org.testng.internal.invokers.MethodRunner.runInSequence(MethodRunner.java:50)
	at org.testng.internal.invokers.TestInvoker$MethodInvocationAgent.invoke(TestInvoker.java:969)
	at org.testng.internal.invokers.TestInvoker.invokeTestMethods(TestInvoker.java:194)
	at org.testng.internal.invokers.TestMethodWorker.invokeTestMethods(TestMethodWorker.java:148)
	at org.testng.internal.invokers.TestMethodWorker.run(TestMethodWorker.java:128)
	at java.base/java.util.ArrayList.forEach(ArrayList.java:1511)
	at org.testng.TestRunner.privateRun(TestRunner.java:829)
	at org.testng.TestRunner.run(TestRunner.java:602)
	at org.testng.SuiteRunner.runTest(SuiteRunner.java:437)
	at org.testng.SuiteRunner.runSequentially(SuiteRunner.java:431)
	at org.testng.SuiteRunner.privateRun(SuiteRunner.java:391)
	at org.testng.SuiteRunner.run(SuiteRunner.java:330)
	at org.testng.SuiteRunnerWorker.runSuite(SuiteRunnerWorker.java:52)
	at org.testng.SuiteRunnerWorker.run(SuiteRunnerWorker.java:95)
	at org.testng.TestNG.runSuitesSequentially(TestNG.java:1256)
	at org.testng.TestNG.runSuitesLocally(TestNG.java:1176)
	at org.testng.TestNG.runSuites(TestNG.java:1099)
	at org.testng.TestNG.run(TestNG.java:1067)
	at org.apache.maven.surefire.testng.TestNGExecutor.run(TestNGExecutor.java:324)
	at org.apache.maven.surefire.testng.TestNGXmlTestSuite.execute(TestNGXmlTestSuite.java:74)
	at org.apache.maven.surefire.testng.TestNGProvider.invoke(TestNGProvider.java:123)
	at org.apache.maven.surefire.booter.ForkedBooter.runSuitesInProcess(ForkedBooter.java:456)
	at org.apache.maven.surefire.booter.ForkedBooter.execute(ForkedBooter.java:169)
	at org.apache.maven.surefire.booter.ForkedBooter.run(ForkedBooter.java:595)
	at org.apache.maven.surefire.booter.ForkedBooter.main(ForkedBooter.java:581)
19:16:23.460 [main] INFO com.codeborne.selenide.impl.WebDriverThreadLocalContainer - Webdriver has been closed meanwhile. Let's re-create it.
19:16:23.460 [main] INFO com.codeborne.selenide.impl.FileHelper - Deleted empty folder: C:\Users\k.shmana\Desktop\r_d\Kanboard\build\downloads\1690388176033_17176_1
19:16:23.460 [main] INFO com.codeborne.selenide.drivercommands.CloseDriverCommand - Close webdriver: 1 -> ChromeDriver: chrome on windows (c53e310a2c2857a5c1ac0280a435562f)...
19:16:23.461 [Driver Command Executor] DEBUG org.asynchttpclient.netty.request.NettyRequestSender - Using pooled Channel '[id: 0x3a6b7c5a, L:/127.0.0.1:53091 - R:localhost/127.0.0.1:41802]' for 'DELETE' to 'http://localhost:41802/session/c53e310a2c2857a5c1ac0280a435562f'
19:16:23.461 [Driver Command Executor] DEBUG org.asynchttpclient.netty.request.NettyRequestSender - Using open Channel [id: 0x3a6b7c5a, L:/127.0.0.1:53091 - R:localhost/127.0.0.1:41802] for DELETE '/session/c53e310a2c2857a5c1ac0280a435562f'
19:16:23.462 [AsyncHttpClient-1-11] DEBUG org.asynchttpclient.netty.handler.HttpHandler - 

Request DefaultFullHttpRequest(decodeResult: success, version: HTTP/1.1, content: EmptyByteBufBE)
DELETE /session/c53e310a2c2857a5c1ac0280a435562f HTTP/1.1
User-Agent: selenium/4.9.1 (java windows)
Content-Type: application/json; charset=utf-8
host: localhost:41802
accept: */*

Response DefaultHttpResponse(decodeResult: success, version: HTTP/1.1)
HTTP/1.1 200 OK
Content-Length: 14
Content-Type: application/json; charset=utf-8
cache-control: no-cache

19:16:23.462 [AsyncHttpClient-1-11] DEBUG org.asynchttpclient.netty.channel.ChannelManager - Adding key: http://localhost:41802 for channel [id: 0x3a6b7c5a, L:/127.0.0.1:53091 - R:localhost/127.0.0.1:41802]
19:16:23.464 [AsyncHttpClient-1-11] DEBUG org.asynchttpclient.netty.handler.HttpHandler - Channel Closed: [id: 0x3a6b7c5a, L:/127.0.0.1:53091 ! R:localhost/127.0.0.1:41802] with attribute DISCARD
19:16:23.518 [main] INFO com.codeborne.selenide.drivercommands.CloseDriverCommand - Closed webdriver 1 in 58 ms
19:16:23.518 [main] INFO com.codeborne.selenide.drivercommands.DisposablesRegistry - Unregister WebDriverInstance[config=StaticConfig,webDriver=ChromeDriver: chrome on windows (null),proxy=null,downloadsFolder=C:\Users\k.shmana\Desktop\r_d\Kanboard\build\downloads\1690388176033_17176_1] in 1 [size=0]
19:16:23.518 [main] DEBUG com.codeborne.selenide.drivercommands.CreateDriverCommand - Creating webdriver in thread 1 (ip: 192.168.1.2, host: N-KV-TYCH1O-F81)...
19:16:23.520 [main] INFO com.codeborne.selenide.impl.FileHelper - Creating folder: C:\Users\k.shmana\Desktop\r_d\Kanboard\build\downloads\1690388183518_17176_1
19:16:23.520 [main] DEBUG com.codeborne.selenide.webdriver.WebDriverFactory - browser=chrome
19:16:23.520 [main] DEBUG com.codeborne.selenide.webdriver.WebDriverFactory - browser.version=null
19:16:23.520 [main] DEBUG com.codeborne.selenide.webdriver.WebDriverFactory - remote=null
19:16:23.520 [main] DEBUG com.codeborne.selenide.webdriver.WebDriverFactory - browserSize=1366x768
19:16:23.520 [main] DEBUG com.codeborne.selenide.webdriver.WebDriverFactory - downloadsFolder=C:\Users\k.shmana\Desktop\r_d\Kanboard\build\downloads\1690388183518_17176_1
19:16:23.521 [main] DEBUG com.codeborne.selenide.webdriver.AbstractChromiumDriverFactory - Using chromium preferences: {credentials_enable_service=false, safebrowsing.enabled=true, plugins.always_open_pdf_externally=true, profile.default_content_setting_values.automatic_downloads=1, download.default_directory=C:\Users\k.shmana\Desktop\r_d\Kanboard\build\downloads\1690388183518_17176_1}
19:16:23.521 [main] DEBUG com.codeborne.selenide.webdriver.ChromeDriverFactory - Chrome options: Capabilities {acceptInsecureCerts: true, browserName: chrome, goog:chromeOptions: {args: [--remote-allow-origins=*, --proxy-bypass-list=<-loopb..., --disable-dev-shm-usage, --window-size=1366,768], excludeSwitches: [enable-automation, load-extension], extensions: [], prefs: {credentials_enable_service: false, download.default_directory: C:\Users\k.shmana\Desktop\r..., plugins.always_open_pdf_externally: true, profile.default_content_setting_values.automatic_downloads: 1, safebrowsing.enabled: true}}, pageLoadStrategy: normal, unhandledPromptBehavior: accept}
19:16:23.527 [main] INFO com.codeborne.selenide.webdriver.SelenideNettyClientFactory - Changed readTimeout from PT3M to PT1M30S
19:16:23.643 [AsyncHttpClient-1-14] DEBUG org.asynchttpclient.netty.channel.NettyConnectListener - Using new Channel '[id: 0x18c87aa2, L:/127.0.0.1:53115 - R:localhost/127.0.0.1:24989]' for 'POST' to '/session'
19:16:24.361 [AsyncHttpClient-1-1] DEBUG org.asynchttpclient.netty.channel.DefaultChannelPool - Entry count for : http://localhost:41802 : 1
19:16:24.361 [AsyncHttpClient-1-1] DEBUG org.asynchttpclient.netty.channel.DefaultChannelPool - Adding Candidate expired Channel [id: 0x3a6b7c5a, L:/127.0.0.1:53091 ! R:localhost/127.0.0.1:41802] isIdleTimeoutExpired=false isRemotelyClosed=true isTtlExpired=false
19:16:24.361 [AsyncHttpClient-1-1] DEBUG org.asynchttpclient.netty.channel.DefaultChannelPool - Closing Idle Channel [id: 0x3a6b7c5a, L:/127.0.0.1:53091 ! R:localhost/127.0.0.1:41802]
19:16:24.361 [AsyncHttpClient-1-1] DEBUG org.asynchttpclient.netty.channel.DefaultChannelPool - Closed 1 connections out of 1 in 0 ms
19:16:24.738 [AsyncHttpClient-1-14] DEBUG org.asynchttpclient.netty.handler.HttpHandler - 

Request DefaultHttpRequest(decodeResult: success, version: HTTP/1.1)
POST /session HTTP/1.1
User-Agent: selenium/4.9.1 (java windows)
Content-Length: 996
Content-Type: application/json; charset=utf-8
host: localhost:24989
accept: */*

Response DefaultHttpResponse(decodeResult: success, version: HTTP/1.1)
HTTP/1.1 200 OK
Content-Length: 854
Content-Type: application/json; charset=utf-8
cache-control: no-cache

19:16:24.738 [AsyncHttpClient-1-14] DEBUG org.asynchttpclient.netty.channel.ChannelManager - Adding key: http://localhost:24989 for channel [id: 0x18c87aa2, L:/127.0.0.1:53115 - R:localhost/127.0.0.1:24989]
19:16:24.743 [main] INFO com.codeborne.selenide.webdriver.SelenideNettyClientFactory - Changed readTimeout from PT3M to PT1M30S
19:16:24.750 [AsyncHttpClient-1-15] DEBUG org.asynchttpclient.netty.channel.NettyConnectListener - Using new Channel '[id: 0x116e8def, L:/127.0.0.1:53124 - R:localhost/127.0.0.1:53117]' for 'GET' to '/json/version'
19:16:24.754 [AsyncHttpClient-1-15] DEBUG org.asynchttpclient.netty.handler.HttpHandler - 

Request DefaultFullHttpRequest(decodeResult: success, version: HTTP/1.1, content: EmptyByteBufBE)
GET /json/version HTTP/1.1
User-Agent: selenium/4.9.1 (java windows)
host: localhost:53117
accept: */*

Response DefaultHttpResponse(decodeResult: success, version: HTTP/1.1)
HTTP/1.1 200 OK
Content-Security-Policy: frame-ancestors 'none'
Content-Length: 424
Content-Type: application/json; charset=UTF-8

19:16:24.755 [AsyncHttpClient-1-15] DEBUG org.asynchttpclient.netty.channel.ChannelManager - Adding key: http://localhost:53117 for channel [id: 0x116e8def, L:/127.0.0.1:53124 - R:localhost/127.0.0.1:53117]
19:16:24.755 [main] INFO com.codeborne.selenide.webdriver.SelenideNettyClientFactory - Changed readTimeout from PT3M to PT1M30S
19:16:24.758 [AsyncHttpClient-1-16] DEBUG org.asynchttpclient.netty.channel.NettyConnectListener - Using new Channel '[id: 0x3cdc061a, L:/127.0.0.1:53125 - R:localhost/127.0.0.1:53117]' for 'GET' to '/devtools/browser/6199d88d-988a-43e6-bb53-0bb1a4038ec7'
19:16:24.762 [AsyncHttpClient-1-16] DEBUG org.asynchttpclient.netty.handler.WebSocketHandler - 

Request DefaultFullHttpRequest(decodeResult: success, version: HTTP/1.1, content: EmptyByteBufBE)
GET /devtools/browser/6199d88d-988a-43e6-bb53-0bb1a4038ec7 HTTP/1.1
upgrade: websocket
connection: upgrade
sec-websocket-key: z2nk5WefWxl1e3jZ7PRzrg==
sec-websocket-version: 13
origin: http://localhost:53117
host: localhost:53117
accept: */*
user-agent: AHC/2.1

Response DefaultHttpResponse(decodeResult: success, version: HTTP/1.1)
HTTP/1.1 101 WebSocket Protocol Handshake
Upgrade: WebSocket
Connection: Upgrade
Sec-WebSocket-Accept: aCMXJzuLJa1fp5kNQt49YafRKh4=

19:16:24.766 [Forwarding setTimeout on session a380d061cd360e2f1793e6fe7553c9d7 to remote] DEBUG org.asynchttpclient.netty.request.NettyRequestSender - Using pooled Channel '[id: 0x18c87aa2, L:/127.0.0.1:53115 - R:localhost/127.0.0.1:24989]' for 'POST' to 'http://localhost:24989/session/a380d061cd360e2f1793e6fe7553c9d7/timeouts'
19:16:24.766 [Forwarding setTimeout on session a380d061cd360e2f1793e6fe7553c9d7 to remote] DEBUG org.asynchttpclient.netty.request.NettyRequestSender - Using open Channel [id: 0x18c87aa2, L:/127.0.0.1:53115 - R:localhost/127.0.0.1:24989] for POST '/session/a380d061cd360e2f1793e6fe7553c9d7/timeouts'
19:16:24.767 [AsyncHttpClient-1-14] DEBUG org.asynchttpclient.netty.handler.HttpHandler - 

Request DefaultHttpRequest(decodeResult: success, version: HTTP/1.1)
POST /session/a380d061cd360e2f1793e6fe7553c9d7/timeouts HTTP/1.1
User-Agent: selenium/4.9.1 (java windows)
Content-Length: 23
Content-Type: application/json; charset=utf-8
host: localhost:24989
accept: */*

Response DefaultHttpResponse(decodeResult: success, version: HTTP/1.1)
HTTP/1.1 200 OK
Content-Length: 14
Content-Type: application/json; charset=utf-8
cache-control: no-cache

19:16:24.767 [AsyncHttpClient-1-14] DEBUG org.asynchttpclient.netty.channel.ChannelManager - Adding key: http://localhost:24989 for channel [id: 0x18c87aa2, L:/127.0.0.1:53115 - R:localhost/127.0.0.1:24989]
19:16:24.767 [main] INFO com.codeborne.selenide.webdriver.WebDriverFactory - BrowserName=chrome Version=114.0.5735.248 Platform=windows
19:16:24.768 [main] INFO com.codeborne.selenide.webdriver.WebDriverFactory - Selenide v. 6.15.0
19:16:24.768 [main] INFO com.codeborne.selenide.webdriver.WebDriverFactory - Selenium WebDriver v. 4.9.1 build revision: eb2032df7f
19:16:24.768 [main] INFO com.codeborne.selenide.drivercommands.CreateDriverCommand - Created webdriver in thread 1: ChromeDriver -> ChromeDriver: chrome on windows (a380d061cd360e2f1793e6fe7553c9d7)
19:16:24.768 [main] INFO com.codeborne.selenide.drivercommands.DisposablesRegistry - Register WebDriverInstance[config=StaticConfig,webDriver=ChromeDriver: chrome on windows (a380d061cd360e2f1793e6fe7553c9d7),proxy=null,downloadsFolder=C:\Users\k.shmana\Desktop\r_d\Kanboard\build\downloads\1690388183518_17176_1] in 1 [size=1]
19:16:24.768 [Forwarding get on session a380d061cd360e2f1793e6fe7553c9d7 to remote] DEBUG org.asynchttpclient.netty.request.NettyRequestSender - Using pooled Channel '[id: 0x18c87aa2, L:/127.0.0.1:53115 - R:localhost/127.0.0.1:24989]' for 'POST' to 'http://localhost:24989/session/a380d061cd360e2f1793e6fe7553c9d7/url'
19:16:24.768 [Forwarding get on session a380d061cd360e2f1793e6fe7553c9d7 to remote] DEBUG org.asynchttpclient.netty.request.NettyRequestSender - Using open Channel [id: 0x18c87aa2, L:/127.0.0.1:53115 - R:localhost/127.0.0.1:24989] for POST '/session/a380d061cd360e2f1793e6fe7553c9d7/url'
19:16:25.171 [AsyncHttpClient-1-14] DEBUG org.asynchttpclient.netty.handler.HttpHandler - 

Request DefaultHttpRequest(decodeResult: success, version: HTTP/1.1)
POST /session/a380d061cd360e2f1793e6fe7553c9d7/url HTTP/1.1
User-Agent: selenium/4.9.1 (java windows)
Content-Length: 55
Content-Type: application/json; charset=utf-8
host: localhost:24989
accept: */*

Response DefaultHttpResponse(decodeResult: success, version: HTTP/1.1)
HTTP/1.1 200 OK
Content-Length: 14
Content-Type: application/json; charset=utf-8
cache-control: no-cache

19:16:25.171 [AsyncHttpClient-1-14] DEBUG org.asynchttpclient.netty.channel.ChannelManager - Adding key: http://localhost:24989 for channel [id: 0x18c87aa2, L:/127.0.0.1:53115 - R:localhost/127.0.0.1:24989]
19:16:25.180 [Forwarding findElement on session a380d061cd360e2f1793e6fe7553c9d7 to remote] DEBUG org.asynchttpclient.netty.request.NettyRequestSender - Using pooled Channel '[id: 0x18c87aa2, L:/127.0.0.1:53115 - R:localhost/127.0.0.1:24989]' for 'POST' to 'http://localhost:24989/session/a380d061cd360e2f1793e6fe7553c9d7/element'
19:16:25.180 [Forwarding findElement on session a380d061cd360e2f1793e6fe7553c9d7 to remote] DEBUG org.asynchttpclient.netty.request.NettyRequestSender - Using open Channel [id: 0x18c87aa2, L:/127.0.0.1:53115 - R:localhost/127.0.0.1:24989] for POST '/session/a380d061cd360e2f1793e6fe7553c9d7/element'
19:16:25.222 [AsyncHttpClient-1-14] DEBUG org.asynchttpclient.netty.handler.HttpHandler - 

Request DefaultHttpRequest(decodeResult: success, version: HTTP/1.1)
POST /session/a380d061cd360e2f1793e6fe7553c9d7/element HTTP/1.1
User-Agent: selenium/4.9.1 (java windows)
Content-Length: 75
Content-Type: application/json; charset=utf-8
host: localhost:24989
accept: */*

Response DefaultHttpResponse(decodeResult: success, version: HTTP/1.1)
HTTP/1.1 200 OK
Content-Length: 94
Content-Type: application/json; charset=utf-8
cache-control: no-cache

19:16:25.222 [AsyncHttpClient-1-14] DEBUG org.asynchttpclient.netty.channel.ChannelManager - Adding key: http://localhost:24989 for channel [id: 0x18c87aa2, L:/127.0.0.1:53115 - R:localhost/127.0.0.1:24989]
19:16:25.224 [Forwarding sendKeysToElement on session a380d061cd360e2f1793e6fe7553c9d7 to remote] DEBUG org.asynchttpclient.netty.request.NettyRequestSender - Using pooled Channel '[id: 0x18c87aa2, L:/127.0.0.1:53115 - R:localhost/127.0.0.1:24989]' for 'POST' to 'http://localhost:24989/session/a380d061cd360e2f1793e6fe7553c9d7/element/7F65628A8292A26D23830172DA21EEFE_element_2/value'
19:16:25.224 [Forwarding sendKeysToElement on session a380d061cd360e2f1793e6fe7553c9d7 to remote] DEBUG org.asynchttpclient.netty.request.NettyRequestSender - Using open Channel [id: 0x18c87aa2, L:/127.0.0.1:53115 - R:localhost/127.0.0.1:24989] for POST '/session/a380d061cd360e2f1793e6fe7553c9d7/element/7F65628A8292A26D23830172DA21EEFE_element_2/value'
19:16:25.395 [AsyncHttpClient-1-14] DEBUG org.asynchttpclient.netty.handler.HttpHandler - 

Request DefaultHttpRequest(decodeResult: success, version: HTTP/1.1)
POST /session/a380d061cd360e2f1793e6fe7553c9d7/element/7F65628A8292A26D23830172DA21EEFE_element_2/value HTTP/1.1
User-Agent: selenium/4.9.1 (java windows)
Content-Length: 267
Content-Type: application/json; charset=utf-8
host: localhost:24989
accept: */*

Response DefaultHttpResponse(decodeResult: success, version: HTTP/1.1)
HTTP/1.1 200 OK
Content-Length: 14
Content-Type: application/json; charset=utf-8
cache-control: no-cache

19:16:25.396 [AsyncHttpClient-1-14] DEBUG org.asynchttpclient.netty.channel.ChannelManager - Adding key: http://localhost:24989 for channel [id: 0x18c87aa2, L:/127.0.0.1:53115 - R:localhost/127.0.0.1:24989]
19:16:25.398 [Forwarding findElement on session a380d061cd360e2f1793e6fe7553c9d7 to remote] DEBUG org.asynchttpclient.netty.request.NettyRequestSender - Using pooled Channel '[id: 0x18c87aa2, L:/127.0.0.1:53115 - R:localhost/127.0.0.1:24989]' for 'POST' to 'http://localhost:24989/session/a380d061cd360e2f1793e6fe7553c9d7/element'
19:16:25.398 [Forwarding findElement on session a380d061cd360e2f1793e6fe7553c9d7 to remote] DEBUG org.asynchttpclient.netty.request.NettyRequestSender - Using open Channel [id: 0x18c87aa2, L:/127.0.0.1:53115 - R:localhost/127.0.0.1:24989] for POST '/session/a380d061cd360e2f1793e6fe7553c9d7/element'
19:16:25.442 [AsyncHttpClient-1-14] DEBUG org.asynchttpclient.netty.handler.HttpHandler - 

Request DefaultHttpRequest(decodeResult: success, version: HTTP/1.1)
POST /session/a380d061cd360e2f1793e6fe7553c9d7/element HTTP/1.1
User-Agent: selenium/4.9.1 (java windows)
Content-Length: 75
Content-Type: application/json; charset=utf-8
host: localhost:24989
accept: */*

Response DefaultHttpResponse(decodeResult: success, version: HTTP/1.1)
HTTP/1.1 200 OK
Content-Length: 94
Content-Type: application/json; charset=utf-8
cache-control: no-cache

19:16:25.443 [AsyncHttpClient-1-14] DEBUG org.asynchttpclient.netty.channel.ChannelManager - Adding key: http://localhost:24989 for channel [id: 0x18c87aa2, L:/127.0.0.1:53115 - R:localhost/127.0.0.1:24989]
19:16:25.444 [Forwarding sendKeysToElement on session a380d061cd360e2f1793e6fe7553c9d7 to remote] DEBUG org.asynchttpclient.netty.request.NettyRequestSender - Using pooled Channel '[id: 0x18c87aa2, L:/127.0.0.1:53115 - R:localhost/127.0.0.1:24989]' for 'POST' to 'http://localhost:24989/session/a380d061cd360e2f1793e6fe7553c9d7/element/7F65628A8292A26D23830172DA21EEFE_element_4/value'
19:16:25.444 [Forwarding sendKeysToElement on session a380d061cd360e2f1793e6fe7553c9d7 to remote] DEBUG org.asynchttpclient.netty.request.NettyRequestSender - Using open Channel [id: 0x18c87aa2, L:/127.0.0.1:53115 - R:localhost/127.0.0.1:24989] for POST '/session/a380d061cd360e2f1793e6fe7553c9d7/element/7F65628A8292A26D23830172DA21EEFE_element_4/value'
19:16:25.461 [AsyncHttpClient-1-1] DEBUG org.asynchttpclient.netty.channel.DefaultChannelPool - Entry count for : http://localhost:53117 : 1
19:16:25.590 [AsyncHttpClient-1-14] DEBUG org.asynchttpclient.netty.handler.HttpHandler - 

Request DefaultHttpRequest(decodeResult: success, version: HTTP/1.1)
POST /session/a380d061cd360e2f1793e6fe7553c9d7/element/7F65628A8292A26D23830172DA21EEFE_element_4/value HTTP/1.1
User-Agent: selenium/4.9.1 (java windows)
Content-Length: 297
Content-Type: application/json; charset=utf-8
host: localhost:24989
accept: */*

Response DefaultHttpResponse(decodeResult: success, version: HTTP/1.1)
HTTP/1.1 200 OK
Content-Length: 14
Content-Type: application/json; charset=utf-8
cache-control: no-cache

19:16:25.590 [AsyncHttpClient-1-14] DEBUG org.asynchttpclient.netty.channel.ChannelManager - Adding key: http://localhost:24989 for channel [id: 0x18c87aa2, L:/127.0.0.1:53115 - R:localhost/127.0.0.1:24989]
19:16:25.591 [Forwarding findElement on session a380d061cd360e2f1793e6fe7553c9d7 to remote] DEBUG org.asynchttpclient.netty.request.NettyRequestSender - Using pooled Channel '[id: 0x18c87aa2, L:/127.0.0.1:53115 - R:localhost/127.0.0.1:24989]' for 'POST' to 'http://localhost:24989/session/a380d061cd360e2f1793e6fe7553c9d7/element'
19:16:25.591 [Forwarding findElement on session a380d061cd360e2f1793e6fe7553c9d7 to remote] DEBUG org.asynchttpclient.netty.request.NettyRequestSender - Using open Channel [id: 0x18c87aa2, L:/127.0.0.1:53115 - R:localhost/127.0.0.1:24989] for POST '/session/a380d061cd360e2f1793e6fe7553c9d7/element'
19:16:25.611 [AsyncHttpClient-1-14] DEBUG org.asynchttpclient.netty.handler.HttpHandler - 

Request DefaultHttpRequest(decodeResult: success, version: HTTP/1.1)
POST /session/a380d061cd360e2f1793e6fe7553c9d7/element HTTP/1.1
User-Agent: selenium/4.9.1 (java windows)
Content-Length: 73
Content-Type: application/json; charset=utf-8
host: localhost:24989
accept: */*

Response DefaultHttpResponse(decodeResult: success, version: HTTP/1.1)
HTTP/1.1 200 OK
Content-Length: 94
Content-Type: application/json; charset=utf-8
cache-control: no-cache

19:16:25.611 [AsyncHttpClient-1-14] DEBUG org.asynchttpclient.netty.channel.ChannelManager - Adding key: http://localhost:24989 for channel [id: 0x18c87aa2, L:/127.0.0.1:53115 - R:localhost/127.0.0.1:24989]
19:16:25.617 [Forwarding isElementDisplayed on session a380d061cd360e2f1793e6fe7553c9d7 to remote] DEBUG org.asynchttpclient.netty.request.NettyRequestSender - Using pooled Channel '[id: 0x18c87aa2, L:/127.0.0.1:53115 - R:localhost/127.0.0.1:24989]' for 'POST' to 'http://localhost:24989/session/a380d061cd360e2f1793e6fe7553c9d7/execute/sync'
19:16:25.617 [Forwarding isElementDisplayed on session a380d061cd360e2f1793e6fe7553c9d7 to remote] DEBUG org.asynchttpclient.netty.request.NettyRequestSender - Using open Channel [id: 0x18c87aa2, L:/127.0.0.1:53115 - R:localhost/127.0.0.1:24989] for POST '/session/a380d061cd360e2f1793e6fe7553c9d7/execute/sync'
19:16:25.638 [AsyncHttpClient-1-14] DEBUG org.asynchttpclient.netty.handler.HttpHandler - 

Request DefaultHttpRequest(decodeResult: success, version: HTTP/1.1)
POST /session/a380d061cd360e2f1793e6fe7553c9d7/execute/sync HTTP/1.1
User-Agent: selenium/4.9.1 (java windows)
Content-Length: 48813
Content-Type: application/json; charset=utf-8
host: localhost:24989
accept: */*

Response DefaultHttpResponse(decodeResult: success, version: HTTP/1.1)
HTTP/1.1 200 OK
Content-Length: 14
Content-Type: application/json; charset=utf-8
cache-control: no-cache

19:16:25.638 [AsyncHttpClient-1-14] DEBUG org.asynchttpclient.netty.channel.ChannelManager - Adding key: http://localhost:24989 for channel [id: 0x18c87aa2, L:/127.0.0.1:53115 - R:localhost/127.0.0.1:24989]
19:16:25.639 [Forwarding isElementEnabled on session a380d061cd360e2f1793e6fe7553c9d7 to remote] DEBUG org.asynchttpclient.netty.request.NettyRequestSender - Using pooled Channel '[id: 0x18c87aa2, L:/127.0.0.1:53115 - R:localhost/127.0.0.1:24989]' for 'GET' to 'http://localhost:24989/session/a380d061cd360e2f1793e6fe7553c9d7/element/7F65628A8292A26D23830172DA21EEFE_element_5/enabled'
19:16:25.639 [Forwarding isElementEnabled on session a380d061cd360e2f1793e6fe7553c9d7 to remote] DEBUG org.asynchttpclient.netty.request.NettyRequestSender - Using open Channel [id: 0x18c87aa2, L:/127.0.0.1:53115 - R:localhost/127.0.0.1:24989] for GET '/session/a380d061cd360e2f1793e6fe7553c9d7/element/7F65628A8292A26D23830172DA21EEFE_element_5/enabled'
19:16:25.651 [AsyncHttpClient-1-14] DEBUG org.asynchttpclient.netty.handler.HttpHandler - 

Request DefaultFullHttpRequest(decodeResult: success, version: HTTP/1.1, content: EmptyByteBufBE)
GET /session/a380d061cd360e2f1793e6fe7553c9d7/element/7F65628A8292A26D23830172DA21EEFE_element_5/enabled HTTP/1.1
User-Agent: selenium/4.9.1 (java windows)
Cache-Control: no-cache
Content-Type: application/json; charset=utf-8
host: localhost:24989
accept: */*

Response DefaultHttpResponse(decodeResult: success, version: HTTP/1.1)
HTTP/1.1 200 OK
Content-Length: 14
Content-Type: application/json; charset=utf-8
cache-control: no-cache

19:16:25.652 [AsyncHttpClient-1-14] DEBUG org.asynchttpclient.netty.channel.ChannelManager - Adding key: http://localhost:24989 for channel [id: 0x18c87aa2, L:/127.0.0.1:53115 - R:localhost/127.0.0.1:24989]
19:16:25.654 [Forwarding clickElement on session a380d061cd360e2f1793e6fe7553c9d7 to remote] DEBUG org.asynchttpclient.netty.request.NettyRequestSender - Using pooled Channel '[id: 0x18c87aa2, L:/127.0.0.1:53115 - R:localhost/127.0.0.1:24989]' for 'POST' to 'http://localhost:24989/session/a380d061cd360e2f1793e6fe7553c9d7/element/7F65628A8292A26D23830172DA21EEFE_element_5/click'
19:16:25.654 [Forwarding clickElement on session a380d061cd360e2f1793e6fe7553c9d7 to remote] DEBUG org.asynchttpclient.netty.request.NettyRequestSender - Using open Channel [id: 0x18c87aa2, L:/127.0.0.1:53115 - R:localhost/127.0.0.1:24989] for POST '/session/a380d061cd360e2f1793e6fe7553c9d7/element/7F65628A8292A26D23830172DA21EEFE_element_5/click'
19:16:25.957 [AsyncHttpClient-1-14] DEBUG org.asynchttpclient.netty.handler.HttpHandler - 

Request DefaultHttpRequest(decodeResult: success, version: HTTP/1.1)
POST /session/a380d061cd360e2f1793e6fe7553c9d7/element/7F65628A8292A26D23830172DA21EEFE_element_5/click HTTP/1.1
User-Agent: selenium/4.9.1 (java windows)
Content-Length: 56
Content-Type: application/json; charset=utf-8
host: localhost:24989
accept: */*

Response DefaultHttpResponse(decodeResult: success, version: HTTP/1.1)
HTTP/1.1 200 OK
Content-Length: 14
Content-Type: application/json; charset=utf-8
cache-control: no-cache

19:16:25.958 [AsyncHttpClient-1-14] DEBUG org.asynchttpclient.netty.channel.ChannelManager - Adding key: http://localhost:24989 for channel [id: 0x18c87aa2, L:/127.0.0.1:53115 - R:localhost/127.0.0.1:24989]
19:16:25.959 [Forwarding findElement on session a380d061cd360e2f1793e6fe7553c9d7 to remote] DEBUG org.asynchttpclient.netty.request.NettyRequestSender - Using pooled Channel '[id: 0x18c87aa2, L:/127.0.0.1:53115 - R:localhost/127.0.0.1:24989]' for 'POST' to 'http://localhost:24989/session/a380d061cd360e2f1793e6fe7553c9d7/element'
19:16:25.959 [Forwarding findElement on session a380d061cd360e2f1793e6fe7553c9d7 to remote] DEBUG org.asynchttpclient.netty.request.NettyRequestSender - Using open Channel [id: 0x18c87aa2, L:/127.0.0.1:53115 - R:localhost/127.0.0.1:24989] for POST '/session/a380d061cd360e2f1793e6fe7553c9d7/element'
19:16:25.979 [AsyncHttpClient-1-14] DEBUG org.asynchttpclient.netty.handler.HttpHandler - 

Request DefaultHttpRequest(decodeResult: success, version: HTTP/1.1)
POST /session/a380d061cd360e2f1793e6fe7553c9d7/element HTTP/1.1
User-Agent: selenium/4.9.1 (java windows)
Content-Length: 69
Content-Type: application/json; charset=utf-8
host: localhost:24989
accept: */*

Response DefaultHttpResponse(decodeResult: success, version: HTTP/1.1)
HTTP/1.1 200 OK
Content-Length: 95
Content-Type: application/json; charset=utf-8
cache-control: no-cache

19:16:25.979 [AsyncHttpClient-1-14] DEBUG org.asynchttpclient.netty.channel.ChannelManager - Adding key: http://localhost:24989 for channel [id: 0x18c87aa2, L:/127.0.0.1:53115 - R:localhost/127.0.0.1:24989]
19:16:25.981 [Forwarding getElementTagName on session a380d061cd360e2f1793e6fe7553c9d7 to remote] DEBUG org.asynchttpclient.netty.request.NettyRequestSender - Using pooled Channel '[id: 0x18c87aa2, L:/127.0.0.1:53115 - R:localhost/127.0.0.1:24989]' for 'GET' to 'http://localhost:24989/session/a380d061cd360e2f1793e6fe7553c9d7/element/2ECE1BC2EBFF068F58F4B19E853C30B5_element_18/name'
19:16:25.981 [Forwarding getElementTagName on session a380d061cd360e2f1793e6fe7553c9d7 to remote] DEBUG org.asynchttpclient.netty.request.NettyRequestSender - Using open Channel [id: 0x18c87aa2, L:/127.0.0.1:53115 - R:localhost/127.0.0.1:24989] for GET '/session/a380d061cd360e2f1793e6fe7553c9d7/element/2ECE1BC2EBFF068F58F4B19E853C30B5_element_18/name'
19:16:25.989 [AsyncHttpClient-1-14] DEBUG org.asynchttpclient.netty.handler.HttpHandler - 

Request DefaultFullHttpRequest(decodeResult: success, version: HTTP/1.1, content: EmptyByteBufBE)
GET /session/a380d061cd360e2f1793e6fe7553c9d7/element/2ECE1BC2EBFF068F58F4B19E853C30B5_element_18/name HTTP/1.1
User-Agent: selenium/4.9.1 (java windows)
Cache-Control: no-cache
Content-Type: application/json; charset=utf-8
host: localhost:24989
accept: */*

Response DefaultHttpResponse(decodeResult: success, version: HTTP/1.1)
HTTP/1.1 200 OK
Content-Length: 16
Content-Type: application/json; charset=utf-8
cache-control: no-cache

19:16:25.989 [AsyncHttpClient-1-14] DEBUG org.asynchttpclient.netty.channel.ChannelManager - Adding key: http://localhost:24989 for channel [id: 0x18c87aa2, L:/127.0.0.1:53115 - R:localhost/127.0.0.1:24989]
19:16:25.990 [Forwarding getElementText on session a380d061cd360e2f1793e6fe7553c9d7 to remote] DEBUG org.asynchttpclient.netty.request.NettyRequestSender - Using pooled Channel '[id: 0x18c87aa2, L:/127.0.0.1:53115 - R:localhost/127.0.0.1:24989]' for 'GET' to 'http://localhost:24989/session/a380d061cd360e2f1793e6fe7553c9d7/element/2ECE1BC2EBFF068F58F4B19E853C30B5_element_18/text'
19:16:25.991 [Forwarding getElementText on session a380d061cd360e2f1793e6fe7553c9d7 to remote] DEBUG org.asynchttpclient.netty.request.NettyRequestSender - Using open Channel [id: 0x18c87aa2, L:/127.0.0.1:53115 - R:localhost/127.0.0.1:24989] for GET '/session/a380d061cd360e2f1793e6fe7553c9d7/element/2ECE1BC2EBFF068F58F4B19E853C30B5_element_18/text'
19:16:26.010 [AsyncHttpClient-1-14] DEBUG org.asynchttpclient.netty.handler.HttpHandler - 

Request DefaultFullHttpRequest(decodeResult: success, version: HTTP/1.1, content: EmptyByteBufBE)
GET /session/a380d061cd360e2f1793e6fe7553c9d7/element/2ECE1BC2EBFF068F58F4B19E853C30B5_element_18/text HTTP/1.1
User-Agent: selenium/4.9.1 (java windows)
Cache-Control: no-cache
Content-Type: application/json; charset=utf-8
host: localhost:24989
accept: */*

Response DefaultHttpResponse(decodeResult: success, version: HTTP/1.1)
HTTP/1.1 200 OK
Content-Length: 32
Content-Type: application/json; charset=utf-8
cache-control: no-cache

19:16:26.011 [AsyncHttpClient-1-14] DEBUG org.asynchttpclient.netty.channel.ChannelManager - Adding key: http://localhost:24989 for channel [id: 0x18c87aa2, L:/127.0.0.1:53115 - R:localhost/127.0.0.1:24989]
19:16:26.012 [Forwarding getCurrentUrl on session a380d061cd360e2f1793e6fe7553c9d7 to remote] DEBUG org.asynchttpclient.netty.request.NettyRequestSender - Using pooled Channel '[id: 0x18c87aa2, L:/127.0.0.1:53115 - R:localhost/127.0.0.1:24989]' for 'GET' to 'http://localhost:24989/session/a380d061cd360e2f1793e6fe7553c9d7/url'
19:16:26.012 [Forwarding getCurrentUrl on session a380d061cd360e2f1793e6fe7553c9d7 to remote] DEBUG org.asynchttpclient.netty.request.NettyRequestSender - Using open Channel [id: 0x18c87aa2, L:/127.0.0.1:53115 - R:localhost/127.0.0.1:24989] for GET '/session/a380d061cd360e2f1793e6fe7553c9d7/url'
19:16:26.018 [AsyncHttpClient-1-14] DEBUG org.asynchttpclient.netty.handler.HttpHandler - 

Request DefaultFullHttpRequest(decodeResult: success, version: HTTP/1.1, content: EmptyByteBufBE)
GET /session/a380d061cd360e2f1793e6fe7553c9d7/url HTTP/1.1
User-Agent: selenium/4.9.1 (java windows)
Cache-Control: no-cache
Content-Type: application/json; charset=utf-8
host: localhost:24989
accept: */*

Response DefaultHttpResponse(decodeResult: success, version: HTTP/1.1)
HTTP/1.1 200 OK
Content-Length: 41
Content-Type: application/json; charset=utf-8
cache-control: no-cache

19:16:26.019 [AsyncHttpClient-1-14] DEBUG org.asynchttpclient.netty.channel.ChannelManager - Adding key: http://localhost:24989 for channel [id: 0x18c87aa2, L:/127.0.0.1:53115 - R:localhost/127.0.0.1:24989]
]]></system-out>
    <system-err><![CDATA[июл. 26, 2023 7:16:21 PM org.openqa.selenium.remote.http.WebSocket$Listener onError
WARNING: Connection reset
java.net.SocketException: Connection reset
	at java.base/sun.nio.ch.SocketChannelImpl.throwConnectionReset(SocketChannelImpl.java:394)
	at java.base/sun.nio.ch.SocketChannelImpl.read(SocketChannelImpl.java:426)
	at io.netty.buffer.PooledByteBuf.setBytes(PooledByteBuf.java:256)
	at io.netty.buffer.AbstractByteBuf.writeBytes(AbstractByteBuf.java:1132)
	at io.netty.channel.socket.nio.NioSocketChannel.doReadBytes(NioSocketChannel.java:357)
	at io.netty.channel.nio.AbstractNioByteChannel$NioByteUnsafe.read(AbstractNioByteChannel.java:151)
	at io.netty.channel.nio.NioEventLoop.processSelectedKey(NioEventLoop.java:788)
	at io.netty.channel.nio.NioEventLoop.processSelectedKeysOptimized(NioEventLoop.java:724)
	at io.netty.channel.nio.NioEventLoop.processSelectedKeys(NioEventLoop.java:650)
	at io.netty.channel.nio.NioEventLoop.run(NioEventLoop.java:562)
	at io.netty.util.concurrent.SingleThreadEventExecutor$4.run(SingleThreadEventExecutor.java:997)
	at io.netty.util.internal.ThreadExecutorMap$2.run(ThreadExecutorMap.java:74)
	at io.netty.util.concurrent.FastThreadLocalRunnable.run(FastThreadLocalRunnable.java:30)
	at java.base/java.lang.Thread.run(Thread.java:833)

Starting ChromeDriver 114.0.5735.90 (386bc09e8f4f2e025eddae123f36f6263096ae49-refs/branch-heads/5735@{#1052}) on port 24989
Only local connections are allowed.
Please see https://chromedriver.chromium.org/security-considerations for suggestions on keeping ChromeDriver safe.
ChromeDriver was started successfully.
июл. 26, 2023 7:16:24 PM org.openqa.selenium.devtools.CdpVersionFinder findNearestMatch
WARNING: Unable to find an exact match for CDP version 114, so returning the closest version found: 113
]]></system-err>
  </testcase>
  <testcase name="loginWithIncorrectPassword" classname="UI.tests.LogInTest" time="0.8">
    <system-out><![CDATA[19:16:26.023 [Forwarding close on session a380d061cd360e2f1793e6fe7553c9d7 to remote] DEBUG org.asynchttpclient.netty.request.NettyRequestSender - Using pooled Channel '[id: 0x18c87aa2, L:/127.0.0.1:53115 - R:localhost/127.0.0.1:24989]' for 'DELETE' to 'http://localhost:24989/session/a380d061cd360e2f1793e6fe7553c9d7/window'
19:16:26.024 [Forwarding close on session a380d061cd360e2f1793e6fe7553c9d7 to remote] DEBUG org.asynchttpclient.netty.request.NettyRequestSender - Using open Channel [id: 0x18c87aa2, L:/127.0.0.1:53115 - R:localhost/127.0.0.1:24989] for DELETE '/session/a380d061cd360e2f1793e6fe7553c9d7/window'
19:16:26.215 [AsyncHttpClient-1-15] DEBUG org.asynchttpclient.netty.handler.HttpHandler - Unexpected I/O exception on channel [id: 0x116e8def, L:/127.0.0.1:53124 - R:localhost/127.0.0.1:53117]
java.net.SocketException: Connection reset
	at java.base/sun.nio.ch.SocketChannelImpl.throwConnectionReset(SocketChannelImpl.java:394)
	at java.base/sun.nio.ch.SocketChannelImpl.read(SocketChannelImpl.java:426)
	at io.netty.buffer.PooledByteBuf.setBytes(PooledByteBuf.java:256)
	at io.netty.buffer.AbstractByteBuf.writeBytes(AbstractByteBuf.java:1132)
	at io.netty.channel.socket.nio.NioSocketChannel.doReadBytes(NioSocketChannel.java:357)
	at io.netty.channel.nio.AbstractNioByteChannel$NioByteUnsafe.read(AbstractNioByteChannel.java:151)
	at io.netty.channel.nio.NioEventLoop.processSelectedKey(NioEventLoop.java:788)
	at io.netty.channel.nio.NioEventLoop.processSelectedKeysOptimized(NioEventLoop.java:724)
	at io.netty.channel.nio.NioEventLoop.processSelectedKeys(NioEventLoop.java:650)
	at io.netty.channel.nio.NioEventLoop.run(NioEventLoop.java:562)
	at io.netty.util.concurrent.SingleThreadEventExecutor$4.run(SingleThreadEventExecutor.java:997)
	at io.netty.util.internal.ThreadExecutorMap$2.run(ThreadExecutorMap.java:74)
	at io.netty.util.concurrent.FastThreadLocalRunnable.run(FastThreadLocalRunnable.java:30)
	at java.base/java.lang.Thread.run(Thread.java:833)
19:16:26.216 [AsyncHttpClient-1-15] DEBUG org.asynchttpclient.netty.channel.ChannelManager - Closing Channel [id: 0x116e8def, L:/127.0.0.1:53124 - R:localhost/127.0.0.1:53117] 
19:16:26.217 [AsyncHttpClient-1-15] DEBUG org.asynchttpclient.netty.handler.HttpHandler - Channel Closed: [id: 0x116e8def, L:/127.0.0.1:53124 ! R:localhost/127.0.0.1:53117] with attribute DISCARD
19:16:26.230 [AsyncHttpClient-1-16] DEBUG org.asynchttpclient.netty.handler.WebSocketHandler - Unexpected I/O exception on channel [id: 0x3cdc061a, L:/127.0.0.1:53125 - R:localhost/127.0.0.1:53117]
java.net.SocketException: Connection reset
	at java.base/sun.nio.ch.SocketChannelImpl.throwConnectionReset(SocketChannelImpl.java:394)
	at java.base/sun.nio.ch.SocketChannelImpl.read(SocketChannelImpl.java:426)
	at io.netty.buffer.PooledByteBuf.setBytes(PooledByteBuf.java:256)
	at io.netty.buffer.AbstractByteBuf.writeBytes(AbstractByteBuf.java:1132)
	at io.netty.channel.socket.nio.NioSocketChannel.doReadBytes(NioSocketChannel.java:357)
	at io.netty.channel.nio.AbstractNioByteChannel$NioByteUnsafe.read(AbstractNioByteChannel.java:151)
	at io.netty.channel.nio.NioEventLoop.processSelectedKey(NioEventLoop.java:788)
	at io.netty.channel.nio.NioEventLoop.processSelectedKeysOptimized(NioEventLoop.java:724)
	at io.netty.channel.nio.NioEventLoop.processSelectedKeys(NioEventLoop.java:650)
	at io.netty.channel.nio.NioEventLoop.run(NioEventLoop.java:562)
	at io.netty.util.concurrent.SingleThreadEventExecutor$4.run(SingleThreadEventExecutor.java:997)
	at io.netty.util.internal.ThreadExecutorMap$2.run(ThreadExecutorMap.java:74)
	at io.netty.util.concurrent.FastThreadLocalRunnable.run(FastThreadLocalRunnable.java:30)
	at java.base/java.lang.Thread.run(Thread.java:833)
19:16:26.230 [AsyncHttpClient-1-16] DEBUG org.asynchttpclient.netty.handler.WebSocketHandler - Was unable to recover Future: NettyResponseFuture{currentRetry=0,
	isDone=1,
	isCancelled=0,
	asyncHandler=org.asynchttpclient.ws.WebSocketUpgradeHandler@689205b9,
	nettyRequest=org.asynchttpclient.netty.request.NettyRequest@5d38103c,
	future=java.util.concurrent.CompletableFuture@10de5691[Completed normally],
	uri=ws://localhost:53117/devtools/browser/6199d88d-988a-43e6-bb53-0bb1a4038ec7,
	keepAlive=true,
	redirectCount=0,
	timeoutsHolder=null,
	inAuth=0,
	touch=1690388186230}
19:16:26.230 [AsyncHttpClient-1-16] DEBUG org.asynchttpclient.netty.channel.ChannelManager - Closing Channel [id: 0x3cdc061a, L:/127.0.0.1:53125 - R:localhost/127.0.0.1:53117] 
19:16:26.230 [AsyncHttpClient-1-16] WARN org.asynchttpclient.netty.handler.WebSocketHandler - onError
java.net.SocketException: Connection reset
	at java.base/sun.nio.ch.SocketChannelImpl.throwConnectionReset(SocketChannelImpl.java:394)
	at java.base/sun.nio.ch.SocketChannelImpl.read(SocketChannelImpl.java:426)
	at io.netty.buffer.PooledByteBuf.setBytes(PooledByteBuf.java:256)
	at io.netty.buffer.AbstractByteBuf.writeBytes(AbstractByteBuf.java:1132)
	at io.netty.channel.socket.nio.NioSocketChannel.doReadBytes(NioSocketChannel.java:357)
	at io.netty.channel.nio.AbstractNioByteChannel$NioByteUnsafe.read(AbstractNioByteChannel.java:151)
	at io.netty.channel.nio.NioEventLoop.processSelectedKey(NioEventLoop.java:788)
	at io.netty.channel.nio.NioEventLoop.processSelectedKeysOptimized(NioEventLoop.java:724)
	at io.netty.channel.nio.NioEventLoop.processSelectedKeys(NioEventLoop.java:650)
	at io.netty.channel.nio.NioEventLoop.run(NioEventLoop.java:562)
	at io.netty.util.concurrent.SingleThreadEventExecutor$4.run(SingleThreadEventExecutor.java:997)
	at io.netty.util.internal.ThreadExecutorMap$2.run(ThreadExecutorMap.java:74)
	at io.netty.util.concurrent.FastThreadLocalRunnable.run(FastThreadLocalRunnable.java:30)
	at java.base/java.lang.Thread.run(Thread.java:833)
19:16:26.232 [AsyncHttpClient-1-16] DEBUG org.asynchttpclient.netty.channel.ChannelManager - Closing Channel [id: 0x3cdc061a, L:/127.0.0.1:53125 ! R:localhost/127.0.0.1:53117] 
19:16:26.232 [AsyncHttpClient-1-16] DEBUG org.asynchttpclient.netty.handler.WebSocketHandler - Channel Closed: [id: 0x3cdc061a, L:/127.0.0.1:53125 ! R:localhost/127.0.0.1:53117] with attribute DISCARD
19:16:26.252 [AsyncHttpClient-1-14] DEBUG org.asynchttpclient.netty.handler.HttpHandler - 

Request DefaultFullHttpRequest(decodeResult: success, version: HTTP/1.1, content: EmptyByteBufBE)
DELETE /session/a380d061cd360e2f1793e6fe7553c9d7/window HTTP/1.1
User-Agent: selenium/4.9.1 (java windows)
Content-Type: application/json; charset=utf-8
host: localhost:24989
accept: */*

Response DefaultHttpResponse(decodeResult: success, version: HTTP/1.1)
HTTP/1.1 200 OK
Content-Length: 12
Content-Type: application/json; charset=utf-8
cache-control: no-cache

19:16:26.253 [AsyncHttpClient-1-14] DEBUG org.asynchttpclient.netty.channel.ChannelManager - Adding key: http://localhost:24989 for channel [id: 0x18c87aa2, L:/127.0.0.1:53115 - R:localhost/127.0.0.1:24989]
Request method:	DELETE
Request URI:	http://localhost:81/jsonrpc.php
Proxy:			<none>
Request params:	<none>
Query params:	<none>
Form params:	<none>
Path params:	<none>
Headers:		Accept=*/*
				Content-Type=text/plain; charset=ISO-8859-1
Cookies:		<none>
Multiparts:		<none>
Body:
{"jsonrpc":"2.0","method":"removeUser","id":234,"params":{"user_id":398}}
19:16:26.266 [main] DEBUG org.apache.http.impl.conn.BasicClientConnectionManager - Get connection for route {}->http://localhost:81
19:16:26.266 [main] DEBUG org.apache.http.impl.conn.DefaultClientConnectionOperator - Connecting to localhost:81
19:16:26.267 [main] DEBUG org.apache.http.client.protocol.RequestAddCookies - CookieSpec selected: ignoreCookies
19:16:26.267 [main] DEBUG org.apache.http.client.protocol.RequestAuthCache - Auth cache not set in the context
19:16:26.267 [main] DEBUG org.apache.http.client.protocol.RequestTargetAuthentication - Target auth state: UNCHALLENGED
19:16:26.268 [main] DEBUG org.apache.http.client.protocol.RequestProxyAuthentication - Proxy auth state: UNCHALLENGED
19:16:26.268 [main] DEBUG org.apache.http.impl.client.DefaultHttpClient - Attempt 1 to execute request
19:16:26.268 [main] DEBUG org.apache.http.impl.conn.DefaultClientConnection - Sending request: DELETE /jsonrpc.php HTTP/1.1
19:16:26.268 [main] DEBUG org.apache.http.wire -  >> "DELETE /jsonrpc.php HTTP/1.1[\r][\n]"
19:16:26.268 [main] DEBUG org.apache.http.wire -  >> "Accept: */*[\r][\n]"
19:16:26.268 [main] DEBUG org.apache.http.wire -  >> "Content-Type: text/plain; charset=ISO-8859-1[\r][\n]"
19:16:26.268 [main] DEBUG org.apache.http.wire -  >> "Content-Length: 73[\r][\n]"
19:16:26.268 [main] DEBUG org.apache.http.wire -  >> "Host: localhost:81[\r][\n]"
19:16:26.268 [main] DEBUG org.apache.http.wire -  >> "Connection: Keep-Alive[\r][\n]"
19:16:26.268 [main] DEBUG org.apache.http.wire -  >> "User-Agent: Apache-HttpClient/4.5.13 (Java/17)[\r][\n]"
19:16:26.268 [main] DEBUG org.apache.http.wire -  >> "Accept-Encoding: gzip,deflate[\r][\n]"
19:16:26.268 [main] DEBUG org.apache.http.wire -  >> "[\r][\n]"
19:16:26.268 [main] DEBUG org.apache.http.headers - >> DELETE /jsonrpc.php HTTP/1.1
19:16:26.268 [main] DEBUG org.apache.http.headers - >> Accept: */*
19:16:26.268 [main] DEBUG org.apache.http.headers - >> Content-Type: text/plain; charset=ISO-8859-1
19:16:26.268 [main] DEBUG org.apache.http.headers - >> Content-Length: 73
19:16:26.268 [main] DEBUG org.apache.http.headers - >> Host: localhost:81
19:16:26.268 [main] DEBUG org.apache.http.headers - >> Connection: Keep-Alive
19:16:26.268 [main] DEBUG org.apache.http.headers - >> User-Agent: Apache-HttpClient/4.5.13 (Java/17)
19:16:26.268 [main] DEBUG org.apache.http.headers - >> Accept-Encoding: gzip,deflate
19:16:26.268 [main] DEBUG org.apache.http.wire -  >> "{"jsonrpc":"2.0","method":"removeUser","id":234,"params":{"user_id":398}}"
19:16:26.278 [main] DEBUG org.apache.http.wire -  << "HTTP/1.1 401 Unauthorized[\r][\n]"
19:16:26.278 [main] DEBUG org.apache.http.wire -  << "Server: nginx[\r][\n]"
19:16:26.278 [main] DEBUG org.apache.http.wire -  << "Date: Wed, 26 Jul 2023 16:16:26 GMT[\r][\n]"
19:16:26.278 [main] DEBUG org.apache.http.wire -  << "Content-Type: application/json[\r][\n]"
19:16:26.278 [main] DEBUG org.apache.http.wire -  << "Transfer-Encoding: chunked[\r][\n]"
19:16:26.278 [main] DEBUG org.apache.http.wire -  << "Connection: keep-alive[\r][\n]"
19:16:26.278 [main] DEBUG org.apache.http.wire -  << "WWW-Authenticate: Basic realm="JsonRPC"[\r][\n]"
19:16:26.278 [main] DEBUG org.apache.http.wire -  << "[\r][\n]"
19:16:26.278 [main] DEBUG org.apache.http.impl.conn.DefaultClientConnection - Receiving response: HTTP/1.1 401 Unauthorized
19:16:26.278 [main] DEBUG org.apache.http.headers - << HTTP/1.1 401 Unauthorized
19:16:26.278 [main] DEBUG org.apache.http.headers - << Server: nginx
19:16:26.278 [main] DEBUG org.apache.http.headers - << Date: Wed, 26 Jul 2023 16:16:26 GMT
19:16:26.278 [main] DEBUG org.apache.http.headers - << Content-Type: application/json
19:16:26.278 [main] DEBUG org.apache.http.headers - << Transfer-Encoding: chunked
19:16:26.278 [main] DEBUG org.apache.http.headers - << Connection: keep-alive
19:16:26.278 [main] DEBUG org.apache.http.headers - << WWW-Authenticate: Basic realm="JsonRPC"
19:16:26.278 [main] DEBUG org.apache.http.impl.client.DefaultHttpClient - Connection can be kept alive indefinitely
19:16:26.278 [main] DEBUG org.apache.http.impl.client.DefaultHttpClient - Authentication required
19:16:26.278 [main] DEBUG org.apache.http.impl.client.DefaultHttpClient - localhost:81 requested authentication
19:16:26.278 [main] DEBUG org.apache.http.impl.client.TargetAuthenticationStrategy - Authentication schemes in the order of preference: [Negotiate, Kerberos, NTLM, CredSSP, Digest, Basic]
19:16:26.278 [main] DEBUG org.apache.http.impl.client.TargetAuthenticationStrategy - Challenge for Negotiate authentication scheme not available
19:16:26.278 [main] DEBUG org.apache.http.impl.client.TargetAuthenticationStrategy - Challenge for Kerberos authentication scheme not available
19:16:26.278 [main] DEBUG org.apache.http.impl.client.TargetAuthenticationStrategy - Challenge for NTLM authentication scheme not available
19:16:26.278 [main] DEBUG org.apache.http.impl.client.TargetAuthenticationStrategy - Challenge for CredSSP authentication scheme not available
19:16:26.278 [main] DEBUG org.apache.http.impl.client.TargetAuthenticationStrategy - Challenge for Digest authentication scheme not available
19:16:26.279 [main] DEBUG org.apache.http.impl.client.DefaultHttpClient - Selected authentication options: [BASIC [complete=true]]
19:16:26.279 [main] DEBUG org.apache.http.wire -  << "49[\r][\n]"
19:16:26.279 [main] DEBUG org.apache.http.wire -  << "{"jsonrpc":"2.0","error":{"code":401,"message":"Unauthorized"},"id":null}"
19:16:26.279 [main] DEBUG org.apache.http.wire -  << "[\r][\n]"
19:16:26.279 [main] DEBUG org.apache.http.wire -  << "0[\r][\n]"
19:16:26.279 [main] DEBUG org.apache.http.wire -  << "[\r][\n]"
19:16:26.279 [main] DEBUG org.apache.http.client.protocol.RequestAddCookies - CookieSpec selected: ignoreCookies
19:16:26.279 [main] DEBUG org.apache.http.client.protocol.RequestAuthCache - Auth cache not set in the context
19:16:26.279 [main] DEBUG org.apache.http.client.protocol.RequestTargetAuthentication - Target auth state: CHALLENGED
19:16:26.279 [main] DEBUG org.apache.http.client.protocol.RequestTargetAuthentication - Generating response to an authentication challenge using basic scheme
19:16:26.279 [main] DEBUG org.apache.http.client.protocol.RequestProxyAuthentication - Proxy auth state: UNCHALLENGED
19:16:26.279 [main] DEBUG org.apache.http.impl.client.DefaultHttpClient - Attempt 2 to execute request
19:16:26.279 [main] DEBUG org.apache.http.impl.conn.DefaultClientConnection - Sending request: DELETE /jsonrpc.php HTTP/1.1
19:16:26.279 [main] DEBUG org.apache.http.wire -  >> "DELETE /jsonrpc.php HTTP/1.1[\r][\n]"
19:16:26.279 [main] DEBUG org.apache.http.wire -  >> "Accept: */*[\r][\n]"
19:16:26.279 [main] DEBUG org.apache.http.wire -  >> "Content-Type: text/plain; charset=ISO-8859-1[\r][\n]"
19:16:26.279 [main] DEBUG org.apache.http.wire -  >> "Content-Length: 73[\r][\n]"
19:16:26.279 [main] DEBUG org.apache.http.wire -  >> "Host: localhost:81[\r][\n]"
19:16:26.279 [main] DEBUG org.apache.http.wire -  >> "Connection: Keep-Alive[\r][\n]"
19:16:26.279 [main] DEBUG org.apache.http.wire -  >> "User-Agent: Apache-HttpClient/4.5.13 (Java/17)[\r][\n]"
19:16:26.279 [main] DEBUG org.apache.http.wire -  >> "Authorization: Basic YWRtaW46YWRtaW4=[\r][\n]"
19:16:26.279 [main] DEBUG org.apache.http.wire -  >> "Accept-Encoding: gzip,deflate[\r][\n]"
19:16:26.279 [main] DEBUG org.apache.http.wire -  >> "[\r][\n]"
19:16:26.279 [main] DEBUG org.apache.http.headers - >> DELETE /jsonrpc.php HTTP/1.1
19:16:26.279 [main] DEBUG org.apache.http.headers - >> Accept: */*
19:16:26.279 [main] DEBUG org.apache.http.headers - >> Content-Type: text/plain; charset=ISO-8859-1
19:16:26.279 [main] DEBUG org.apache.http.headers - >> Content-Length: 73
19:16:26.279 [main] DEBUG org.apache.http.headers - >> Host: localhost:81
19:16:26.279 [main] DEBUG org.apache.http.headers - >> Connection: Keep-Alive
19:16:26.279 [main] DEBUG org.apache.http.headers - >> User-Agent: Apache-HttpClient/4.5.13 (Java/17)
19:16:26.279 [main] DEBUG org.apache.http.headers - >> Authorization: Basic YWRtaW46YWRtaW4=
19:16:26.279 [main] DEBUG org.apache.http.headers - >> Accept-Encoding: gzip,deflate
19:16:26.279 [main] DEBUG org.apache.http.wire -  >> "{"jsonrpc":"2.0","method":"removeUser","id":234,"params":{"user_id":398}}"
19:16:26.407 [main] DEBUG org.apache.http.wire -  << "HTTP/1.1 200 OK[\r][\n]"
19:16:26.407 [main] DEBUG org.apache.http.wire -  << "Server: nginx[\r][\n]"
19:16:26.407 [main] DEBUG org.apache.http.wire -  << "Date: Wed, 26 Jul 2023 16:16:26 GMT[\r][\n]"
19:16:26.407 [main] DEBUG org.apache.http.wire -  << "Content-Type: application/json[\r][\n]"
19:16:26.407 [main] DEBUG org.apache.http.wire -  << "Transfer-Encoding: chunked[\r][\n]"
19:16:26.407 [main] DEBUG org.apache.http.wire -  << "Connection: keep-alive[\r][\n]"
19:16:26.407 [main] DEBUG org.apache.http.wire -  << "Vary: Accept-Encoding[\r][\n]"
19:16:26.407 [main] DEBUG org.apache.http.wire -  << "Content-Encoding: gzip[\r][\n]"
19:16:26.407 [main] DEBUG org.apache.http.wire -  << "[\r][\n]"
19:16:26.407 [main] DEBUG org.apache.http.impl.conn.DefaultClientConnection - Receiving response: HTTP/1.1 200 OK
19:16:26.407 [main] DEBUG org.apache.http.headers - << HTTP/1.1 200 OK
19:16:26.407 [main] DEBUG org.apache.http.headers - << Server: nginx
19:16:26.407 [main] DEBUG org.apache.http.headers - << Date: Wed, 26 Jul 2023 16:16:26 GMT
19:16:26.407 [main] DEBUG org.apache.http.headers - << Content-Type: application/json
19:16:26.407 [main] DEBUG org.apache.http.headers - << Transfer-Encoding: chunked
19:16:26.407 [main] DEBUG org.apache.http.headers - << Connection: keep-alive
19:16:26.407 [main] DEBUG org.apache.http.headers - << Vary: Accept-Encoding
19:16:26.407 [main] DEBUG org.apache.http.headers - << Content-Encoding: gzip
19:16:26.407 [main] DEBUG org.apache.http.impl.client.DefaultHttpClient - Connection can be kept alive indefinitely
19:16:26.407 [main] DEBUG org.apache.http.impl.client.DefaultHttpClient - Authentication succeeded
19:16:26.407 [main] DEBUG org.apache.http.impl.client.TargetAuthenticationStrategy - Caching 'basic' auth scheme for http://localhost:81
19:16:26.407 [main] DEBUG io.restassured.internal.RestAssuredHttpBuilder - Parsing response as: application/json
19:16:26.407 [main] DEBUG org.apache.http.wire -  << "3c[\r][\n]"
19:16:26.407 [main] DEBUG org.apache.http.wire -  << "[0x1f][0x8b][0x8][0x0][0x0][0x0][0x0][0x0][0x0][0x3][0xab]V[0xca]*[0xce][0xcf]+*HV[0xb2]R2[0xd2]3P[0xd2]Q*J-.[0xcd])Q[0xb2]*)*M[0xd5]Q[0xca]LQ[0xb2]226[0xa9][0x5][0x0]q~[0x7][0xe8]([0x0][0x0][0x0]"
19:16:26.407 [main] DEBUG org.apache.http.wire -  << "[\r][\n]"
19:16:26.407 [main] DEBUG org.apache.http.wire -  << "0[\r][\n]"
19:16:26.407 [main] DEBUG org.apache.http.wire -  << "[\r][\n]"
19:16:26.407 [main] DEBUG io.restassured.internal.RestAssuredHttpBuilder - Parsed data to instance of: class org.apache.http.conn.EofSensorInputStream
19:16:26.408 [main] DEBUG org.apache.http.impl.conn.BasicClientConnectionManager - Releasing connection org.apache.http.impl.conn.ManagedClientConnectionImpl@4cdc1d81
19:16:26.408 [main] DEBUG org.apache.http.impl.conn.BasicClientConnectionManager - Connection can be kept alive indefinitely
{
    "jsonrpc": "2.0",
    "result": true,
    "id": 234
}
{
    "jsonrpc": "2.0",
    "result": true,
    "id": 234
}
Request method:	POST
Request URI:	http://localhost:81/jsonrpc.php
Proxy:			<none>
Request params:	<none>
Query params:	<none>
Form params:	<none>
Path params:	<none>
Headers:		Accept=*/*
				Content-Type=text/plain; charset=ISO-8859-1
Cookies:		<none>
Multiparts:		<none>
Body:
{"jsonrpc":"2.0","method":"createUser","id":123123,"params":{"username":"kyryloAPITestLogin","password":"kyryloAPITestPassword","name":"kyrylo","email":"kyryloAPITest@mail.com","role":"app-manager"}}
19:16:26.428 [main] DEBUG org.apache.http.impl.conn.BasicClientConnectionManager - Get connection for route {}->http://localhost:81
19:16:26.428 [main] DEBUG org.apache.http.impl.conn.DefaultClientConnectionOperator - Connecting to localhost:81
19:16:26.429 [main] DEBUG org.apache.http.client.protocol.RequestAddCookies - CookieSpec selected: ignoreCookies
19:16:26.429 [main] DEBUG org.apache.http.client.protocol.RequestAuthCache - Auth cache not set in the context
19:16:26.429 [main] DEBUG org.apache.http.client.protocol.RequestTargetAuthentication - Target auth state: UNCHALLENGED
19:16:26.429 [main] DEBUG org.apache.http.client.protocol.RequestProxyAuthentication - Proxy auth state: UNCHALLENGED
19:16:26.429 [main] DEBUG org.apache.http.impl.client.DefaultHttpClient - Attempt 1 to execute request
19:16:26.429 [main] DEBUG org.apache.http.impl.conn.DefaultClientConnection - Sending request: POST /jsonrpc.php HTTP/1.1
19:16:26.429 [main] DEBUG org.apache.http.wire -  >> "POST /jsonrpc.php HTTP/1.1[\r][\n]"
19:16:26.429 [main] DEBUG org.apache.http.wire -  >> "Accept: */*[\r][\n]"
19:16:26.429 [main] DEBUG org.apache.http.wire -  >> "Content-Type: text/plain; charset=ISO-8859-1[\r][\n]"
19:16:26.429 [main] DEBUG org.apache.http.wire -  >> "Content-Length: 199[\r][\n]"
19:16:26.429 [main] DEBUG org.apache.http.wire -  >> "Host: localhost:81[\r][\n]"
19:16:26.429 [main] DEBUG org.apache.http.wire -  >> "Connection: Keep-Alive[\r][\n]"
19:16:26.429 [main] DEBUG org.apache.http.wire -  >> "User-Agent: Apache-HttpClient/4.5.13 (Java/17)[\r][\n]"
19:16:26.429 [main] DEBUG org.apache.http.wire -  >> "Accept-Encoding: gzip,deflate[\r][\n]"
19:16:26.429 [main] DEBUG org.apache.http.wire -  >> "[\r][\n]"
19:16:26.429 [main] DEBUG org.apache.http.headers - >> POST /jsonrpc.php HTTP/1.1
19:16:26.429 [main] DEBUG org.apache.http.headers - >> Accept: */*
19:16:26.429 [main] DEBUG org.apache.http.headers - >> Content-Type: text/plain; charset=ISO-8859-1
19:16:26.429 [main] DEBUG org.apache.http.headers - >> Content-Length: 199
19:16:26.429 [main] DEBUG org.apache.http.headers - >> Host: localhost:81
19:16:26.429 [main] DEBUG org.apache.http.headers - >> Connection: Keep-Alive
19:16:26.429 [main] DEBUG org.apache.http.headers - >> User-Agent: Apache-HttpClient/4.5.13 (Java/17)
19:16:26.429 [main] DEBUG org.apache.http.headers - >> Accept-Encoding: gzip,deflate
19:16:26.429 [main] DEBUG org.apache.http.wire -  >> "{"jsonrpc":"2.0","method":"createUser","id":123123,"params":{"username":"kyryloAPITestLogin","password":"kyryloAPITestPassword","name":"kyrylo","email":"kyryloAPITest@mail.com","role":"app-manager"}}"
19:16:26.439 [main] DEBUG org.apache.http.wire -  << "HTTP/1.1 401 Unauthorized[\r][\n]"
19:16:26.439 [main] DEBUG org.apache.http.wire -  << "Server: nginx[\r][\n]"
19:16:26.439 [main] DEBUG org.apache.http.wire -  << "Date: Wed, 26 Jul 2023 16:16:26 GMT[\r][\n]"
19:16:26.439 [main] DEBUG org.apache.http.wire -  << "Content-Type: application/json[\r][\n]"
19:16:26.439 [main] DEBUG org.apache.http.wire -  << "Transfer-Encoding: chunked[\r][\n]"
19:16:26.439 [main] DEBUG org.apache.http.wire -  << "Connection: keep-alive[\r][\n]"
19:16:26.439 [main] DEBUG org.apache.http.wire -  << "WWW-Authenticate: Basic realm="JsonRPC"[\r][\n]"
19:16:26.439 [main] DEBUG org.apache.http.wire -  << "[\r][\n]"
19:16:26.439 [main] DEBUG org.apache.http.impl.conn.DefaultClientConnection - Receiving response: HTTP/1.1 401 Unauthorized
19:16:26.439 [main] DEBUG org.apache.http.headers - << HTTP/1.1 401 Unauthorized
19:16:26.439 [main] DEBUG org.apache.http.headers - << Server: nginx
19:16:26.439 [main] DEBUG org.apache.http.headers - << Date: Wed, 26 Jul 2023 16:16:26 GMT
19:16:26.439 [main] DEBUG org.apache.http.headers - << Content-Type: application/json
19:16:26.439 [main] DEBUG org.apache.http.headers - << Transfer-Encoding: chunked
19:16:26.439 [main] DEBUG org.apache.http.headers - << Connection: keep-alive
19:16:26.439 [main] DEBUG org.apache.http.headers - << WWW-Authenticate: Basic realm="JsonRPC"
19:16:26.439 [main] DEBUG org.apache.http.impl.client.DefaultHttpClient - Connection can be kept alive indefinitely
19:16:26.439 [main] DEBUG org.apache.http.impl.client.DefaultHttpClient - Authentication required
19:16:26.439 [main] DEBUG org.apache.http.impl.client.DefaultHttpClient - localhost:81 requested authentication
19:16:26.440 [main] DEBUG org.apache.http.impl.client.TargetAuthenticationStrategy - Authentication schemes in the order of preference: [Negotiate, Kerberos, NTLM, CredSSP, Digest, Basic]
19:16:26.440 [main] DEBUG org.apache.http.impl.client.TargetAuthenticationStrategy - Challenge for Negotiate authentication scheme not available
19:16:26.440 [main] DEBUG org.apache.http.impl.client.TargetAuthenticationStrategy - Challenge for Kerberos authentication scheme not available
19:16:26.440 [main] DEBUG org.apache.http.impl.client.TargetAuthenticationStrategy - Challenge for NTLM authentication scheme not available
19:16:26.440 [main] DEBUG org.apache.http.impl.client.TargetAuthenticationStrategy - Challenge for CredSSP authentication scheme not available
19:16:26.440 [main] DEBUG org.apache.http.impl.client.TargetAuthenticationStrategy - Challenge for Digest authentication scheme not available
19:16:26.440 [main] DEBUG org.apache.http.impl.client.DefaultHttpClient - Selected authentication options: [BASIC [complete=true]]
19:16:26.440 [main] DEBUG org.apache.http.wire -  << "49[\r][\n]"
19:16:26.440 [main] DEBUG org.apache.http.wire -  << "{"jsonrpc":"2.0","error":{"code":401,"message":"Unauthorized"},"id":null}"
19:16:26.440 [main] DEBUG org.apache.http.wire -  << "[\r][\n]"
19:16:26.440 [main] DEBUG org.apache.http.wire -  << "0[\r][\n]"
19:16:26.440 [main] DEBUG org.apache.http.wire -  << "[\r][\n]"
19:16:26.440 [main] DEBUG org.apache.http.client.protocol.RequestAddCookies - CookieSpec selected: ignoreCookies
19:16:26.440 [main] DEBUG org.apache.http.client.protocol.RequestAuthCache - Auth cache not set in the context
19:16:26.440 [main] DEBUG org.apache.http.client.protocol.RequestTargetAuthentication - Target auth state: CHALLENGED
19:16:26.440 [main] DEBUG org.apache.http.client.protocol.RequestTargetAuthentication - Generating response to an authentication challenge using basic scheme
19:16:26.440 [main] DEBUG org.apache.http.client.protocol.RequestProxyAuthentication - Proxy auth state: UNCHALLENGED
19:16:26.440 [main] DEBUG org.apache.http.impl.client.DefaultHttpClient - Attempt 2 to execute request
19:16:26.440 [main] DEBUG org.apache.http.impl.conn.DefaultClientConnection - Sending request: POST /jsonrpc.php HTTP/1.1
19:16:26.440 [main] DEBUG org.apache.http.wire -  >> "POST /jsonrpc.php HTTP/1.1[\r][\n]"
19:16:26.440 [main] DEBUG org.apache.http.wire -  >> "Accept: */*[\r][\n]"
19:16:26.440 [main] DEBUG org.apache.http.wire -  >> "Content-Type: text/plain; charset=ISO-8859-1[\r][\n]"
19:16:26.440 [main] DEBUG org.apache.http.wire -  >> "Content-Length: 199[\r][\n]"
19:16:26.440 [main] DEBUG org.apache.http.wire -  >> "Host: localhost:81[\r][\n]"
19:16:26.440 [main] DEBUG org.apache.http.wire -  >> "Connection: Keep-Alive[\r][\n]"
19:16:26.440 [main] DEBUG org.apache.http.wire -  >> "User-Agent: Apache-HttpClient/4.5.13 (Java/17)[\r][\n]"
19:16:26.440 [main] DEBUG org.apache.http.wire -  >> "Authorization: Basic YWRtaW46YWRtaW4=[\r][\n]"
19:16:26.440 [main] DEBUG org.apache.http.wire -  >> "Accept-Encoding: gzip,deflate[\r][\n]"
19:16:26.440 [main] DEBUG org.apache.http.wire -  >> "[\r][\n]"
19:16:26.440 [main] DEBUG org.apache.http.headers - >> POST /jsonrpc.php HTTP/1.1
19:16:26.440 [main] DEBUG org.apache.http.headers - >> Accept: */*
19:16:26.440 [main] DEBUG org.apache.http.headers - >> Content-Type: text/plain; charset=ISO-8859-1
19:16:26.440 [main] DEBUG org.apache.http.headers - >> Content-Length: 199
19:16:26.440 [main] DEBUG org.apache.http.headers - >> Host: localhost:81
19:16:26.440 [main] DEBUG org.apache.http.headers - >> Connection: Keep-Alive
19:16:26.440 [main] DEBUG org.apache.http.headers - >> User-Agent: Apache-HttpClient/4.5.13 (Java/17)
19:16:26.440 [main] DEBUG org.apache.http.headers - >> Authorization: Basic YWRtaW46YWRtaW4=
19:16:26.440 [main] DEBUG org.apache.http.headers - >> Accept-Encoding: gzip,deflate
19:16:26.440 [main] DEBUG org.apache.http.wire -  >> "{"jsonrpc":"2.0","method":"createUser","id":123123,"params":{"username":"kyryloAPITestLogin","password":"kyryloAPITestPassword","name":"kyrylo","email":"kyryloAPITest@mail.com","role":"app-manager"}}"
19:16:26.563 [AsyncHttpClient-1-1] DEBUG org.asynchttpclient.netty.channel.DefaultChannelPool - Entry count for : http://localhost:53117 : 1
19:16:26.563 [AsyncHttpClient-1-1] DEBUG org.asynchttpclient.netty.channel.DefaultChannelPool - Entry count for : http://localhost:24989 : 1
19:16:26.563 [AsyncHttpClient-1-1] DEBUG org.asynchttpclient.netty.channel.DefaultChannelPool - Adding Candidate expired Channel [id: 0x116e8def, L:/127.0.0.1:53124 ! R:localhost/127.0.0.1:53117] isIdleTimeoutExpired=false isRemotelyClosed=true isTtlExpired=false
19:16:26.563 [AsyncHttpClient-1-1] DEBUG org.asynchttpclient.netty.channel.DefaultChannelPool - Closing Idle Channel [id: 0x116e8def, L:/127.0.0.1:53124 ! R:localhost/127.0.0.1:53117]
19:16:26.563 [AsyncHttpClient-1-1] DEBUG org.asynchttpclient.netty.channel.DefaultChannelPool - Closed 1 connections out of 2 in 0 ms
19:16:26.642 [main] DEBUG org.apache.http.wire -  << "HTTP/1.1 200 OK[\r][\n]"
19:16:26.642 [main] DEBUG org.apache.http.wire -  << "Server: nginx[\r][\n]"
19:16:26.642 [main] DEBUG org.apache.http.wire -  << "Date: Wed, 26 Jul 2023 16:16:26 GMT[\r][\n]"
19:16:26.642 [main] DEBUG org.apache.http.wire -  << "Content-Type: application/json[\r][\n]"
19:16:26.642 [main] DEBUG org.apache.http.wire -  << "Transfer-Encoding: chunked[\r][\n]"
19:16:26.642 [main] DEBUG org.apache.http.wire -  << "Connection: keep-alive[\r][\n]"
19:16:26.642 [main] DEBUG org.apache.http.wire -  << "Vary: Accept-Encoding[\r][\n]"
19:16:26.642 [main] DEBUG org.apache.http.wire -  << "Content-Encoding: gzip[\r][\n]"
19:16:26.642 [main] DEBUG org.apache.http.wire -  << "[\r][\n]"
19:16:26.642 [main] DEBUG org.apache.http.impl.conn.DefaultClientConnection - Receiving response: HTTP/1.1 200 OK
19:16:26.642 [main] DEBUG org.apache.http.headers - << HTTP/1.1 200 OK
19:16:26.642 [main] DEBUG org.apache.http.headers - << Server: nginx
19:16:26.642 [main] DEBUG org.apache.http.headers - << Date: Wed, 26 Jul 2023 16:16:26 GMT
19:16:26.642 [main] DEBUG org.apache.http.headers - << Content-Type: application/json
19:16:26.642 [main] DEBUG org.apache.http.headers - << Transfer-Encoding: chunked
19:16:26.642 [main] DEBUG org.apache.http.headers - << Connection: keep-alive
19:16:26.642 [main] DEBUG org.apache.http.headers - << Vary: Accept-Encoding
19:16:26.642 [main] DEBUG org.apache.http.headers - << Content-Encoding: gzip
19:16:26.642 [main] DEBUG org.apache.http.impl.client.DefaultHttpClient - Connection can be kept alive indefinitely
19:16:26.642 [main] DEBUG org.apache.http.impl.client.DefaultHttpClient - Authentication succeeded
19:16:26.642 [main] DEBUG org.apache.http.impl.client.TargetAuthenticationStrategy - Caching 'basic' auth scheme for http://localhost:81
19:16:26.643 [main] DEBUG io.restassured.internal.RestAssuredHttpBuilder - Parsing response as: application/json
19:16:26.643 [main] DEBUG org.apache.http.wire -  << "3c[\r][\n]"
19:16:26.643 [main] DEBUG org.apache.http.wire -  << "[0x1f][0x8b][0x8][0x0][0x0][0x0][0x0][0x0][0x0][0x3][0xab]V[0xca]*[0xce][0xcf]+*HV[0xb2]R2[0xd2]3P[0xd2]Q*J-.[0xcd])Q[0xb2]2[0xb6][0xb4][0xd4]Q[0xca]LQ[0xb2]242[0x6][0xa2]Z[0x0]uP,)*[0x0][0x0][0x0]"
19:16:26.643 [main] DEBUG org.apache.http.wire -  << "[\r][\n]"
19:16:26.643 [main] DEBUG org.apache.http.wire -  << "0[\r][\n]"
19:16:26.643 [main] DEBUG org.apache.http.wire -  << "[\r][\n]"
19:16:26.643 [main] DEBUG io.restassured.internal.RestAssuredHttpBuilder - Parsed data to instance of: class org.apache.http.conn.EofSensorInputStream
19:16:26.644 [main] DEBUG org.apache.http.impl.conn.BasicClientConnectionManager - Releasing connection org.apache.http.impl.conn.ManagedClientConnectionImpl@389d371a
19:16:26.644 [main] DEBUG org.apache.http.impl.conn.BasicClientConnectionManager - Connection can be kept alive indefinitely
{
    "jsonrpc": "2.0",
    "result": 399,
    "id": 123123
}
{
    "jsonrpc": "2.0",
    "result": 399,
    "id": 123123
}
19:16:26.649 [Forwarding getTitle on session a380d061cd360e2f1793e6fe7553c9d7 to remote] DEBUG org.asynchttpclient.netty.request.NettyRequestSender - Using pooled Channel '[id: 0x18c87aa2, L:/127.0.0.1:53115 - R:localhost/127.0.0.1:24989]' for 'GET' to 'http://localhost:24989/session/a380d061cd360e2f1793e6fe7553c9d7/title'
19:16:26.649 [Forwarding getTitle on session a380d061cd360e2f1793e6fe7553c9d7 to remote] DEBUG org.asynchttpclient.netty.request.NettyRequestSender - Using open Channel [id: 0x18c87aa2, L:/127.0.0.1:53115 - R:localhost/127.0.0.1:24989] for GET '/session/a380d061cd360e2f1793e6fe7553c9d7/title'
19:16:26.650 [AsyncHttpClient-1-14] DEBUG org.asynchttpclient.netty.handler.HttpHandler - 

Request DefaultFullHttpRequest(decodeResult: success, version: HTTP/1.1, content: EmptyByteBufBE)
GET /session/a380d061cd360e2f1793e6fe7553c9d7/title HTTP/1.1
User-Agent: selenium/4.9.1 (java windows)
Cache-Control: no-cache
Content-Type: application/json; charset=utf-8
host: localhost:24989
accept: */*

Response DefaultHttpResponse(decodeResult: success, version: HTTP/1.1)
HTTP/1.1 404 Not Found
Content-Length: 831
Content-Type: application/json; charset=utf-8
cache-control: no-cache

19:16:26.651 [AsyncHttpClient-1-14] DEBUG org.asynchttpclient.netty.channel.ChannelManager - Adding key: http://localhost:24989 for channel [id: 0x18c87aa2, L:/127.0.0.1:53115 - R:localhost/127.0.0.1:24989]
19:16:26.652 [main] DEBUG com.codeborne.selenide.drivercommands.BrowserHealthChecker - Browser session is not found
org.openqa.selenium.NoSuchSessionException: invalid session id
Build info: version: '4.9.1', revision: 'eb2032df7f'
System info: os.name: 'Windows 10', os.arch: 'amd64', os.version: '10.0', java.version: '17'
Driver info: org.openqa.selenium.chrome.ChromeDriver
Command: [a380d061cd360e2f1793e6fe7553c9d7, getTitle {}]
Capabilities {acceptInsecureCerts: true, browserName: chrome, browserVersion: 114.0.5735.248, chrome: {chromedriverVersion: 114.0.5735.90 (386bc09e8f4f..., userDataDir: C:\Users\KFA24~1.SHM\AppDat...}, goog:chromeOptions: {debuggerAddress: localhost:53117}, networkConnectionEnabled: false, pageLoadStrategy: normal, platformName: windows, proxy: Proxy(), se:cdp: ws://localhost:53117/devtoo..., se:cdpVersion: 114.0.5735.248, setWindowRect: true, strictFileInteractability: false, timeouts: {implicit: 0, pageLoad: 300000, script: 30000}, unhandledPromptBehavior: accept, webauthn:extension:credBlob: true, webauthn:extension:largeBlob: true, webauthn:extension:minPinLength: true, webauthn:extension:prf: true, webauthn:virtualAuthenticators: true}
Session ID: a380d061cd360e2f1793e6fe7553c9d7
	at java.base/jdk.internal.reflect.NativeConstructorAccessorImpl.newInstance0(Native Method)
	at java.base/jdk.internal.reflect.NativeConstructorAccessorImpl.newInstance(NativeConstructorAccessorImpl.java:77)
	at java.base/jdk.internal.reflect.DelegatingConstructorAccessorImpl.newInstance(DelegatingConstructorAccessorImpl.java:45)
	at java.base/java.lang.reflect.Constructor.newInstanceWithCaller(Constructor.java:499)
	at java.base/java.lang.reflect.Constructor.newInstance(Constructor.java:480)
	at org.openqa.selenium.remote.codec.w3c.W3CHttpResponseCodec.createException(W3CHttpResponseCodec.java:200)
	at org.openqa.selenium.remote.codec.w3c.W3CHttpResponseCodec.decode(W3CHttpResponseCodec.java:133)
	at org.openqa.selenium.remote.codec.w3c.W3CHttpResponseCodec.decode(W3CHttpResponseCodec.java:53)
	at org.openqa.selenium.remote.HttpCommandExecutor.execute(HttpCommandExecutor.java:193)
	at org.openqa.selenium.remote.service.DriverCommandExecutor.invokeExecute(DriverCommandExecutor.java:183)
	at org.openqa.selenium.remote.service.DriverCommandExecutor.execute(DriverCommandExecutor.java:158)
	at org.openqa.selenium.remote.RemoteWebDriver.execute(RemoteWebDriver.java:543)
	at org.openqa.selenium.remote.RemoteWebDriver.execute(RemoteWebDriver.java:598)
	at org.openqa.selenium.remote.RemoteWebDriver.execute(RemoteWebDriver.java:602)
	at org.openqa.selenium.remote.RemoteWebDriver.getTitle(RemoteWebDriver.java:302)
	at com.codeborne.selenide.drivercommands.BrowserHealthChecker.isBrowserStillOpen(BrowserHealthChecker.java:19)
	at com.codeborne.selenide.impl.WebDriverThreadLocalContainer.getAndCheckWebDriver(WebDriverThreadLocalContainer.java:158)
	at com.codeborne.selenide.WebDriverRunner.getAndCheckWebDriver(WebDriverRunner.java:130)
	at com.codeborne.selenide.impl.StaticDriver.getAndCheckWebDriver(StaticDriver.java:65)
	at com.codeborne.selenide.SelenideDriver.getAndCheckWebDriver(SelenideDriver.java:220)
	at com.codeborne.selenide.drivercommands.Navigator.lambda$navigateTo$0(Navigator.java:72)
	at com.codeborne.selenide.logevents.SelenideLogger.lambda$run$0(SelenideLogger.java:105)
	at com.codeborne.selenide.logevents.SelenideLogger.wrap(SelenideLogger.java:133)
	at com.codeborne.selenide.logevents.SelenideLogger.run(SelenideLogger.java:104)
	at com.codeborne.selenide.drivercommands.Navigator.navigateTo(Navigator.java:70)
	at com.codeborne.selenide.drivercommands.Navigator.open(Navigator.java:32)
	at com.codeborne.selenide.SelenideDriver.open(SelenideDriver.java:101)
	at com.codeborne.selenide.Selenide.open(Selenide.java:53)
	at UI.tests.BaseUITest.setUp(BaseUITest.java:27)
	at java.base/jdk.internal.reflect.NativeMethodAccessorImpl.invoke0(Native Method)
	at java.base/jdk.internal.reflect.NativeMethodAccessorImpl.invoke(NativeMethodAccessorImpl.java:77)
	at java.base/jdk.internal.reflect.DelegatingMethodAccessorImpl.invoke(DelegatingMethodAccessorImpl.java:43)
	at java.base/java.lang.reflect.Method.invoke(Method.java:568)
	at org.testng.internal.invokers.MethodInvocationHelper.invokeMethod(MethodInvocationHelper.java:139)
	at org.testng.internal.invokers.MethodInvocationHelper.invokeMethodConsideringTimeout(MethodInvocationHelper.java:69)
	at org.testng.internal.invokers.ConfigInvoker.invokeConfigurationMethod(ConfigInvoker.java:361)
	at org.testng.internal.invokers.ConfigInvoker.invokeConfigurations(ConfigInvoker.java:296)
	at org.testng.internal.invokers.TestInvoker.runConfigMethods(TestInvoker.java:823)
	at org.testng.internal.invokers.TestInvoker.invokeMethod(TestInvoker.java:590)
	at org.testng.internal.invokers.TestInvoker.invokeTestMethod(TestInvoker.java:221)
	at org.testng.internal.invokers.MethodRunner.runInSequence(MethodRunner.java:50)
	at org.testng.internal.invokers.TestInvoker$MethodInvocationAgent.invoke(TestInvoker.java:969)
	at org.testng.internal.invokers.TestInvoker.invokeTestMethods(TestInvoker.java:194)
	at org.testng.internal.invokers.TestMethodWorker.invokeTestMethods(TestMethodWorker.java:148)
	at org.testng.internal.invokers.TestMethodWorker.run(TestMethodWorker.java:128)
	at java.base/java.util.ArrayList.forEach(ArrayList.java:1511)
	at org.testng.TestRunner.privateRun(TestRunner.java:829)
	at org.testng.TestRunner.run(TestRunner.java:602)
	at org.testng.SuiteRunner.runTest(SuiteRunner.java:437)
	at org.testng.SuiteRunner.runSequentially(SuiteRunner.java:431)
	at org.testng.SuiteRunner.privateRun(SuiteRunner.java:391)
	at org.testng.SuiteRunner.run(SuiteRunner.java:330)
	at org.testng.SuiteRunnerWorker.runSuite(SuiteRunnerWorker.java:52)
	at org.testng.SuiteRunnerWorker.run(SuiteRunnerWorker.java:95)
	at org.testng.TestNG.runSuitesSequentially(TestNG.java:1256)
	at org.testng.TestNG.runSuitesLocally(TestNG.java:1176)
	at org.testng.TestNG.runSuites(TestNG.java:1099)
	at org.testng.TestNG.run(TestNG.java:1067)
	at org.apache.maven.surefire.testng.TestNGExecutor.run(TestNGExecutor.java:324)
	at org.apache.maven.surefire.testng.TestNGXmlTestSuite.execute(TestNGXmlTestSuite.java:74)
	at org.apache.maven.surefire.testng.TestNGProvider.invoke(TestNGProvider.java:123)
	at org.apache.maven.surefire.booter.ForkedBooter.runSuitesInProcess(ForkedBooter.java:456)
	at org.apache.maven.surefire.booter.ForkedBooter.execute(ForkedBooter.java:169)
	at org.apache.maven.surefire.booter.ForkedBooter.run(ForkedBooter.java:595)
	at org.apache.maven.surefire.booter.ForkedBooter.main(ForkedBooter.java:581)
19:16:26.652 [main] INFO com.codeborne.selenide.impl.WebDriverThreadLocalContainer - Webdriver has been closed meanwhile. Let's re-create it.
19:16:26.652 [main] INFO com.codeborne.selenide.impl.FileHelper - Deleted empty folder: C:\Users\k.shmana\Desktop\r_d\Kanboard\build\downloads\1690388183518_17176_1
19:16:26.652 [main] INFO com.codeborne.selenide.drivercommands.CloseDriverCommand - Close webdriver: 1 -> ChromeDriver: chrome on windows (a380d061cd360e2f1793e6fe7553c9d7)...
19:16:26.653 [Driver Command Executor] DEBUG org.asynchttpclient.netty.request.NettyRequestSender - Using pooled Channel '[id: 0x18c87aa2, L:/127.0.0.1:53115 - R:localhost/127.0.0.1:24989]' for 'DELETE' to 'http://localhost:24989/session/a380d061cd360e2f1793e6fe7553c9d7'
19:16:26.653 [Driver Command Executor] DEBUG org.asynchttpclient.netty.request.NettyRequestSender - Using open Channel [id: 0x18c87aa2, L:/127.0.0.1:53115 - R:localhost/127.0.0.1:24989] for DELETE '/session/a380d061cd360e2f1793e6fe7553c9d7'
19:16:26.654 [AsyncHttpClient-1-14] DEBUG org.asynchttpclient.netty.handler.HttpHandler - 

Request DefaultFullHttpRequest(decodeResult: success, version: HTTP/1.1, content: EmptyByteBufBE)
DELETE /session/a380d061cd360e2f1793e6fe7553c9d7 HTTP/1.1
User-Agent: selenium/4.9.1 (java windows)
Content-Type: application/json; charset=utf-8
host: localhost:24989
accept: */*

Response DefaultHttpResponse(decodeResult: success, version: HTTP/1.1)
HTTP/1.1 200 OK
Content-Length: 14
Content-Type: application/json; charset=utf-8
cache-control: no-cache

19:16:26.654 [AsyncHttpClient-1-14] DEBUG org.asynchttpclient.netty.channel.ChannelManager - Adding key: http://localhost:24989 for channel [id: 0x18c87aa2, L:/127.0.0.1:53115 - R:localhost/127.0.0.1:24989]
19:16:26.656 [AsyncHttpClient-1-14] DEBUG org.asynchttpclient.netty.handler.HttpHandler - Channel Closed: [id: 0x18c87aa2, L:/127.0.0.1:53115 ! R:localhost/127.0.0.1:24989] with attribute DISCARD
19:16:26.717 [main] INFO com.codeborne.selenide.drivercommands.CloseDriverCommand - Closed webdriver 1 in 65 ms
19:16:26.717 [main] INFO com.codeborne.selenide.drivercommands.DisposablesRegistry - Unregister WebDriverInstance[config=StaticConfig,webDriver=ChromeDriver: chrome on windows (null),proxy=null,downloadsFolder=C:\Users\k.shmana\Desktop\r_d\Kanboard\build\downloads\1690388183518_17176_1] in 1 [size=0]
19:16:26.717 [main] DEBUG com.codeborne.selenide.drivercommands.CreateDriverCommand - Creating webdriver in thread 1 (ip: 192.168.1.2, host: N-KV-TYCH1O-F81)...
19:16:26.717 [main] INFO com.codeborne.selenide.impl.FileHelper - Creating folder: C:\Users\k.shmana\Desktop\r_d\Kanboard\build\downloads\1690388186717_17176_1
19:16:26.717 [main] DEBUG com.codeborne.selenide.webdriver.WebDriverFactory - browser=chrome
19:16:26.717 [main] DEBUG com.codeborne.selenide.webdriver.WebDriverFactory - browser.version=null
19:16:26.717 [main] DEBUG com.codeborne.selenide.webdriver.WebDriverFactory - remote=null
19:16:26.717 [main] DEBUG com.codeborne.selenide.webdriver.WebDriverFactory - browserSize=1366x768
19:16:26.717 [main] DEBUG com.codeborne.selenide.webdriver.WebDriverFactory - downloadsFolder=C:\Users\k.shmana\Desktop\r_d\Kanboard\build\downloads\1690388186717_17176_1
19:16:26.717 [main] DEBUG com.codeborne.selenide.webdriver.AbstractChromiumDriverFactory - Using chromium preferences: {credentials_enable_service=false, safebrowsing.enabled=true, plugins.always_open_pdf_externally=true, profile.default_content_setting_values.automatic_downloads=1, download.default_directory=C:\Users\k.shmana\Desktop\r_d\Kanboard\build\downloads\1690388186717_17176_1}
19:16:26.718 [main] DEBUG com.codeborne.selenide.webdriver.ChromeDriverFactory - Chrome options: Capabilities {acceptInsecureCerts: true, browserName: chrome, goog:chromeOptions: {args: [--remote-allow-origins=*, --proxy-bypass-list=<-loopb..., --disable-dev-shm-usage, --window-size=1366,768], excludeSwitches: [enable-automation, load-extension], extensions: [], prefs: {credentials_enable_service: false, download.default_directory: C:\Users\k.shmana\Desktop\r..., plugins.always_open_pdf_externally: true, profile.default_content_setting_values.automatic_downloads: 1, safebrowsing.enabled: true}}, pageLoadStrategy: normal, unhandledPromptBehavior: accept}
19:16:26.721 [main] INFO com.codeborne.selenide.webdriver.SelenideNettyClientFactory - Changed readTimeout from PT3M to PT1M30S
19:16:26.801 [AsyncHttpClient-1-17] DEBUG org.asynchttpclient.netty.channel.NettyConnectListener - Using new Channel '[id: 0x749921ed, L:/127.0.0.1:53138 - R:localhost/127.0.0.1:46308]' for 'POST' to '/session'
19:16:27.660 [AsyncHttpClient-1-1] DEBUG org.asynchttpclient.netty.channel.DefaultChannelPool - Entry count for : http://localhost:24989 : 1
19:16:27.660 [AsyncHttpClient-1-1] DEBUG org.asynchttpclient.netty.channel.DefaultChannelPool - Adding Candidate expired Channel [id: 0x18c87aa2, L:/127.0.0.1:53115 ! R:localhost/127.0.0.1:24989] isIdleTimeoutExpired=false isRemotelyClosed=true isTtlExpired=false
19:16:27.660 [AsyncHttpClient-1-1] DEBUG org.asynchttpclient.netty.channel.DefaultChannelPool - Closing Idle Channel [id: 0x18c87aa2, L:/127.0.0.1:53115 ! R:localhost/127.0.0.1:24989]
19:16:27.660 [AsyncHttpClient-1-1] DEBUG org.asynchttpclient.netty.channel.DefaultChannelPool - Closed 1 connections out of 1 in 0 ms
19:16:28.145 [AsyncHttpClient-1-17] DEBUG org.asynchttpclient.netty.handler.HttpHandler - 

Request DefaultHttpRequest(decodeResult: success, version: HTTP/1.1)
POST /session HTTP/1.1
User-Agent: selenium/4.9.1 (java windows)
Content-Length: 996
Content-Type: application/json; charset=utf-8
host: localhost:46308
accept: */*

Response DefaultHttpResponse(decodeResult: success, version: HTTP/1.1)
HTTP/1.1 200 OK
Content-Length: 854
Content-Type: application/json; charset=utf-8
cache-control: no-cache

19:16:28.146 [AsyncHttpClient-1-17] DEBUG org.asynchttpclient.netty.channel.ChannelManager - Adding key: http://localhost:46308 for channel [id: 0x749921ed, L:/127.0.0.1:53138 - R:localhost/127.0.0.1:46308]
19:16:28.152 [main] INFO com.codeborne.selenide.webdriver.SelenideNettyClientFactory - Changed readTimeout from PT3M to PT1M30S
19:16:28.155 [AsyncHttpClient-1-2] DEBUG org.asynchttpclient.netty.channel.NettyConnectListener - Using new Channel '[id: 0x64270606, L:/127.0.0.1:53146 - R:localhost/127.0.0.1:53139]' for 'GET' to '/json/version'
19:16:28.156 [AsyncHttpClient-1-2] DEBUG org.asynchttpclient.netty.handler.HttpHandler - 

Request DefaultFullHttpRequest(decodeResult: success, version: HTTP/1.1, content: EmptyByteBufBE)
GET /json/version HTTP/1.1
User-Agent: selenium/4.9.1 (java windows)
host: localhost:53139
accept: */*

Response DefaultHttpResponse(decodeResult: success, version: HTTP/1.1)
HTTP/1.1 200 OK
Content-Security-Policy: frame-ancestors 'none'
Content-Length: 424
Content-Type: application/json; charset=UTF-8

19:16:28.157 [AsyncHttpClient-1-2] DEBUG org.asynchttpclient.netty.channel.ChannelManager - Adding key: http://localhost:53139 for channel [id: 0x64270606, L:/127.0.0.1:53146 - R:localhost/127.0.0.1:53139]
19:16:28.157 [main] INFO com.codeborne.selenide.webdriver.SelenideNettyClientFactory - Changed readTimeout from PT3M to PT1M30S
19:16:28.160 [AsyncHttpClient-1-3] DEBUG org.asynchttpclient.netty.channel.NettyConnectListener - Using new Channel '[id: 0x26146c1d, L:/127.0.0.1:53147 - R:localhost/127.0.0.1:53139]' for 'GET' to '/devtools/browser/8752af5e-5253-49c1-94ea-0d4cbd36ed91'
19:16:28.162 [AsyncHttpClient-1-3] DEBUG org.asynchttpclient.netty.handler.WebSocketHandler - 

Request DefaultFullHttpRequest(decodeResult: success, version: HTTP/1.1, content: EmptyByteBufBE)
GET /devtools/browser/8752af5e-5253-49c1-94ea-0d4cbd36ed91 HTTP/1.1
upgrade: websocket
connection: upgrade
sec-websocket-key: jB3kzn0/3XJttMUYcFGZAA==
sec-websocket-version: 13
origin: http://localhost:53139
host: localhost:53139
accept: */*
user-agent: AHC/2.1

Response DefaultHttpResponse(decodeResult: success, version: HTTP/1.1)
HTTP/1.1 101 WebSocket Protocol Handshake
Upgrade: WebSocket
Connection: Upgrade
Sec-WebSocket-Accept: FgXjg8ljAZKOd5WU5hbhNPstsxI=

19:16:28.169 [Forwarding setTimeout on session e8683a75d94856c8e35463f995703f28 to remote] DEBUG org.asynchttpclient.netty.request.NettyRequestSender - Using pooled Channel '[id: 0x749921ed, L:/127.0.0.1:53138 - R:localhost/127.0.0.1:46308]' for 'POST' to 'http://localhost:46308/session/e8683a75d94856c8e35463f995703f28/timeouts'
19:16:28.169 [Forwarding setTimeout on session e8683a75d94856c8e35463f995703f28 to remote] DEBUG org.asynchttpclient.netty.request.NettyRequestSender - Using open Channel [id: 0x749921ed, L:/127.0.0.1:53138 - R:localhost/127.0.0.1:46308] for POST '/session/e8683a75d94856c8e35463f995703f28/timeouts'
19:16:28.171 [AsyncHttpClient-1-17] DEBUG org.asynchttpclient.netty.handler.HttpHandler - 

Request DefaultHttpRequest(decodeResult: success, version: HTTP/1.1)
POST /session/e8683a75d94856c8e35463f995703f28/timeouts HTTP/1.1
User-Agent: selenium/4.9.1 (java windows)
Content-Length: 23
Content-Type: application/json; charset=utf-8
host: localhost:46308
accept: */*

Response DefaultHttpResponse(decodeResult: success, version: HTTP/1.1)
HTTP/1.1 200 OK
Content-Length: 14
Content-Type: application/json; charset=utf-8
cache-control: no-cache

19:16:28.172 [AsyncHttpClient-1-17] DEBUG org.asynchttpclient.netty.channel.ChannelManager - Adding key: http://localhost:46308 for channel [id: 0x749921ed, L:/127.0.0.1:53138 - R:localhost/127.0.0.1:46308]
19:16:28.173 [main] INFO com.codeborne.selenide.webdriver.WebDriverFactory - BrowserName=chrome Version=114.0.5735.248 Platform=windows
19:16:28.173 [main] INFO com.codeborne.selenide.webdriver.WebDriverFactory - Selenide v. 6.15.0
19:16:28.173 [main] INFO com.codeborne.selenide.webdriver.WebDriverFactory - Selenium WebDriver v. 4.9.1 build revision: eb2032df7f
19:16:28.173 [main] INFO com.codeborne.selenide.drivercommands.CreateDriverCommand - Created webdriver in thread 1: ChromeDriver -> ChromeDriver: chrome on windows (e8683a75d94856c8e35463f995703f28)
19:16:28.173 [main] INFO com.codeborne.selenide.drivercommands.DisposablesRegistry - Register WebDriverInstance[config=StaticConfig,webDriver=ChromeDriver: chrome on windows (e8683a75d94856c8e35463f995703f28),proxy=null,downloadsFolder=C:\Users\k.shmana\Desktop\r_d\Kanboard\build\downloads\1690388186717_17176_1] in 1 [size=1]
19:16:28.174 [Forwarding get on session e8683a75d94856c8e35463f995703f28 to remote] DEBUG org.asynchttpclient.netty.request.NettyRequestSender - Using pooled Channel '[id: 0x749921ed, L:/127.0.0.1:53138 - R:localhost/127.0.0.1:46308]' for 'POST' to 'http://localhost:46308/session/e8683a75d94856c8e35463f995703f28/url'
19:16:28.174 [Forwarding get on session e8683a75d94856c8e35463f995703f28 to remote] DEBUG org.asynchttpclient.netty.request.NettyRequestSender - Using open Channel [id: 0x749921ed, L:/127.0.0.1:53138 - R:localhost/127.0.0.1:46308] for POST '/session/e8683a75d94856c8e35463f995703f28/url'
19:16:28.580 [AsyncHttpClient-1-17] DEBUG org.asynchttpclient.netty.handler.HttpHandler - 

Request DefaultHttpRequest(decodeResult: success, version: HTTP/1.1)
POST /session/e8683a75d94856c8e35463f995703f28/url HTTP/1.1
User-Agent: selenium/4.9.1 (java windows)
Content-Length: 55
Content-Type: application/json; charset=utf-8
host: localhost:46308
accept: */*

Response DefaultHttpResponse(decodeResult: success, version: HTTP/1.1)
HTTP/1.1 200 OK
Content-Length: 14
Content-Type: application/json; charset=utf-8
cache-control: no-cache

19:16:28.580 [AsyncHttpClient-1-17] DEBUG org.asynchttpclient.netty.channel.ChannelManager - Adding key: http://localhost:46308 for channel [id: 0x749921ed, L:/127.0.0.1:53138 - R:localhost/127.0.0.1:46308]
19:16:28.593 [Forwarding findElement on session e8683a75d94856c8e35463f995703f28 to remote] DEBUG org.asynchttpclient.netty.request.NettyRequestSender - Using pooled Channel '[id: 0x749921ed, L:/127.0.0.1:53138 - R:localhost/127.0.0.1:46308]' for 'POST' to 'http://localhost:46308/session/e8683a75d94856c8e35463f995703f28/element'
19:16:28.593 [Forwarding findElement on session e8683a75d94856c8e35463f995703f28 to remote] DEBUG org.asynchttpclient.netty.request.NettyRequestSender - Using open Channel [id: 0x749921ed, L:/127.0.0.1:53138 - R:localhost/127.0.0.1:46308] for POST '/session/e8683a75d94856c8e35463f995703f28/element'
19:16:28.618 [AsyncHttpClient-1-17] DEBUG org.asynchttpclient.netty.handler.HttpHandler - 

Request DefaultHttpRequest(decodeResult: success, version: HTTP/1.1)
POST /session/e8683a75d94856c8e35463f995703f28/element HTTP/1.1
User-Agent: selenium/4.9.1 (java windows)
Content-Length: 75
Content-Type: application/json; charset=utf-8
host: localhost:46308
accept: */*

Response DefaultHttpResponse(decodeResult: success, version: HTTP/1.1)
HTTP/1.1 200 OK
Content-Length: 94
Content-Type: application/json; charset=utf-8
cache-control: no-cache

19:16:28.618 [AsyncHttpClient-1-17] DEBUG org.asynchttpclient.netty.channel.ChannelManager - Adding key: http://localhost:46308 for channel [id: 0x749921ed, L:/127.0.0.1:53138 - R:localhost/127.0.0.1:46308]
19:16:28.620 [Forwarding sendKeysToElement on session e8683a75d94856c8e35463f995703f28 to remote] DEBUG org.asynchttpclient.netty.request.NettyRequestSender - Using pooled Channel '[id: 0x749921ed, L:/127.0.0.1:53138 - R:localhost/127.0.0.1:46308]' for 'POST' to 'http://localhost:46308/session/e8683a75d94856c8e35463f995703f28/element/228AEA17D0D574DFDCC44905B9769F66_element_2/value'
19:16:28.620 [Forwarding sendKeysToElement on session e8683a75d94856c8e35463f995703f28 to remote] DEBUG org.asynchttpclient.netty.request.NettyRequestSender - Using open Channel [id: 0x749921ed, L:/127.0.0.1:53138 - R:localhost/127.0.0.1:46308] for POST '/session/e8683a75d94856c8e35463f995703f28/element/228AEA17D0D574DFDCC44905B9769F66_element_2/value'
19:16:28.763 [AsyncHttpClient-1-1] DEBUG org.asynchttpclient.netty.channel.DefaultChannelPool - Entry count for : http://localhost:53139 : 1
19:16:28.819 [AsyncHttpClient-1-17] DEBUG org.asynchttpclient.netty.handler.HttpHandler - 

Request DefaultHttpRequest(decodeResult: success, version: HTTP/1.1)
POST /session/e8683a75d94856c8e35463f995703f28/element/228AEA17D0D574DFDCC44905B9769F66_element_2/value HTTP/1.1
User-Agent: selenium/4.9.1 (java windows)
Content-Length: 267
Content-Type: application/json; charset=utf-8
host: localhost:46308
accept: */*

Response DefaultHttpResponse(decodeResult: success, version: HTTP/1.1)
HTTP/1.1 200 OK
Content-Length: 14
Content-Type: application/json; charset=utf-8
cache-control: no-cache

19:16:28.821 [AsyncHttpClient-1-17] DEBUG org.asynchttpclient.netty.channel.ChannelManager - Adding key: http://localhost:46308 for channel [id: 0x749921ed, L:/127.0.0.1:53138 - R:localhost/127.0.0.1:46308]
19:16:28.827 [Forwarding findElement on session e8683a75d94856c8e35463f995703f28 to remote] DEBUG org.asynchttpclient.netty.request.NettyRequestSender - Using pooled Channel '[id: 0x749921ed, L:/127.0.0.1:53138 - R:localhost/127.0.0.1:46308]' for 'POST' to 'http://localhost:46308/session/e8683a75d94856c8e35463f995703f28/element'
19:16:28.827 [Forwarding findElement on session e8683a75d94856c8e35463f995703f28 to remote] DEBUG org.asynchttpclient.netty.request.NettyRequestSender - Using open Channel [id: 0x749921ed, L:/127.0.0.1:53138 - R:localhost/127.0.0.1:46308] for POST '/session/e8683a75d94856c8e35463f995703f28/element'
19:16:28.854 [AsyncHttpClient-1-17] DEBUG org.asynchttpclient.netty.handler.HttpHandler - 

Request DefaultHttpRequest(decodeResult: success, version: HTTP/1.1)
POST /session/e8683a75d94856c8e35463f995703f28/element HTTP/1.1
User-Agent: selenium/4.9.1 (java windows)
Content-Length: 75
Content-Type: application/json; charset=utf-8
host: localhost:46308
accept: */*

Response DefaultHttpResponse(decodeResult: success, version: HTTP/1.1)
HTTP/1.1 200 OK
Content-Length: 94
Content-Type: application/json; charset=utf-8
cache-control: no-cache

19:16:28.854 [AsyncHttpClient-1-17] DEBUG org.asynchttpclient.netty.channel.ChannelManager - Adding key: http://localhost:46308 for channel [id: 0x749921ed, L:/127.0.0.1:53138 - R:localhost/127.0.0.1:46308]
19:16:28.855 [Forwarding sendKeysToElement on session e8683a75d94856c8e35463f995703f28 to remote] DEBUG org.asynchttpclient.netty.request.NettyRequestSender - Using pooled Channel '[id: 0x749921ed, L:/127.0.0.1:53138 - R:localhost/127.0.0.1:46308]' for 'POST' to 'http://localhost:46308/session/e8683a75d94856c8e35463f995703f28/element/228AEA17D0D574DFDCC44905B9769F66_element_4/value'
19:16:28.855 [Forwarding sendKeysToElement on session e8683a75d94856c8e35463f995703f28 to remote] DEBUG org.asynchttpclient.netty.request.NettyRequestSender - Using open Channel [id: 0x749921ed, L:/127.0.0.1:53138 - R:localhost/127.0.0.1:46308] for POST '/session/e8683a75d94856c8e35463f995703f28/element/228AEA17D0D574DFDCC44905B9769F66_element_4/value'
19:16:28.977 [AsyncHttpClient-1-17] DEBUG org.asynchttpclient.netty.handler.HttpHandler - 

Request DefaultHttpRequest(decodeResult: success, version: HTTP/1.1)
POST /session/e8683a75d94856c8e35463f995703f28/element/228AEA17D0D574DFDCC44905B9769F66_element_4/value HTTP/1.1
User-Agent: selenium/4.9.1 (java windows)
Content-Length: 117
Content-Type: application/json; charset=utf-8
host: localhost:46308
accept: */*

Response DefaultHttpResponse(decodeResult: success, version: HTTP/1.1)
HTTP/1.1 200 OK
Content-Length: 14
Content-Type: application/json; charset=utf-8
cache-control: no-cache

19:16:28.978 [AsyncHttpClient-1-17] DEBUG org.asynchttpclient.netty.channel.ChannelManager - Adding key: http://localhost:46308 for channel [id: 0x749921ed, L:/127.0.0.1:53138 - R:localhost/127.0.0.1:46308]
19:16:28.982 [Forwarding findElement on session e8683a75d94856c8e35463f995703f28 to remote] DEBUG org.asynchttpclient.netty.request.NettyRequestSender - Using pooled Channel '[id: 0x749921ed, L:/127.0.0.1:53138 - R:localhost/127.0.0.1:46308]' for 'POST' to 'http://localhost:46308/session/e8683a75d94856c8e35463f995703f28/element'
19:16:28.982 [Forwarding findElement on session e8683a75d94856c8e35463f995703f28 to remote] DEBUG org.asynchttpclient.netty.request.NettyRequestSender - Using open Channel [id: 0x749921ed, L:/127.0.0.1:53138 - R:localhost/127.0.0.1:46308] for POST '/session/e8683a75d94856c8e35463f995703f28/element'
19:16:29.007 [AsyncHttpClient-1-17] DEBUG org.asynchttpclient.netty.handler.HttpHandler - 

Request DefaultHttpRequest(decodeResult: success, version: HTTP/1.1)
POST /session/e8683a75d94856c8e35463f995703f28/element HTTP/1.1
User-Agent: selenium/4.9.1 (java windows)
Content-Length: 73
Content-Type: application/json; charset=utf-8
host: localhost:46308
accept: */*

Response DefaultHttpResponse(decodeResult: success, version: HTTP/1.1)
HTTP/1.1 200 OK
Content-Length: 94
Content-Type: application/json; charset=utf-8
cache-control: no-cache

19:16:29.007 [AsyncHttpClient-1-17] DEBUG org.asynchttpclient.netty.channel.ChannelManager - Adding key: http://localhost:46308 for channel [id: 0x749921ed, L:/127.0.0.1:53138 - R:localhost/127.0.0.1:46308]
19:16:29.012 [Forwarding isElementDisplayed on session e8683a75d94856c8e35463f995703f28 to remote] DEBUG org.asynchttpclient.netty.request.NettyRequestSender - Using pooled Channel '[id: 0x749921ed, L:/127.0.0.1:53138 - R:localhost/127.0.0.1:46308]' for 'POST' to 'http://localhost:46308/session/e8683a75d94856c8e35463f995703f28/execute/sync'
19:16:29.012 [Forwarding isElementDisplayed on session e8683a75d94856c8e35463f995703f28 to remote] DEBUG org.asynchttpclient.netty.request.NettyRequestSender - Using open Channel [id: 0x749921ed, L:/127.0.0.1:53138 - R:localhost/127.0.0.1:46308] for POST '/session/e8683a75d94856c8e35463f995703f28/execute/sync'
19:16:29.036 [AsyncHttpClient-1-17] DEBUG org.asynchttpclient.netty.handler.HttpHandler - 

Request DefaultHttpRequest(decodeResult: success, version: HTTP/1.1)
POST /session/e8683a75d94856c8e35463f995703f28/execute/sync HTTP/1.1
User-Agent: selenium/4.9.1 (java windows)
Content-Length: 48813
Content-Type: application/json; charset=utf-8
host: localhost:46308
accept: */*

Response DefaultHttpResponse(decodeResult: success, version: HTTP/1.1)
HTTP/1.1 200 OK
Content-Length: 14
Content-Type: application/json; charset=utf-8
cache-control: no-cache

19:16:29.037 [AsyncHttpClient-1-17] DEBUG org.asynchttpclient.netty.channel.ChannelManager - Adding key: http://localhost:46308 for channel [id: 0x749921ed, L:/127.0.0.1:53138 - R:localhost/127.0.0.1:46308]
19:16:29.038 [Forwarding isElementEnabled on session e8683a75d94856c8e35463f995703f28 to remote] DEBUG org.asynchttpclient.netty.request.NettyRequestSender - Using pooled Channel '[id: 0x749921ed, L:/127.0.0.1:53138 - R:localhost/127.0.0.1:46308]' for 'GET' to 'http://localhost:46308/session/e8683a75d94856c8e35463f995703f28/element/228AEA17D0D574DFDCC44905B9769F66_element_5/enabled'
19:16:29.038 [Forwarding isElementEnabled on session e8683a75d94856c8e35463f995703f28 to remote] DEBUG org.asynchttpclient.netty.request.NettyRequestSender - Using open Channel [id: 0x749921ed, L:/127.0.0.1:53138 - R:localhost/127.0.0.1:46308] for GET '/session/e8683a75d94856c8e35463f995703f28/element/228AEA17D0D574DFDCC44905B9769F66_element_5/enabled'
19:16:29.052 [AsyncHttpClient-1-17] DEBUG org.asynchttpclient.netty.handler.HttpHandler - 

Request DefaultFullHttpRequest(decodeResult: success, version: HTTP/1.1, content: EmptyByteBufBE)
GET /session/e8683a75d94856c8e35463f995703f28/element/228AEA17D0D574DFDCC44905B9769F66_element_5/enabled HTTP/1.1
User-Agent: selenium/4.9.1 (java windows)
Cache-Control: no-cache
Content-Type: application/json; charset=utf-8
host: localhost:46308
accept: */*

Response DefaultHttpResponse(decodeResult: success, version: HTTP/1.1)
HTTP/1.1 200 OK
Content-Length: 14
Content-Type: application/json; charset=utf-8
cache-control: no-cache

19:16:29.052 [AsyncHttpClient-1-17] DEBUG org.asynchttpclient.netty.channel.ChannelManager - Adding key: http://localhost:46308 for channel [id: 0x749921ed, L:/127.0.0.1:53138 - R:localhost/127.0.0.1:46308]
19:16:29.054 [Forwarding clickElement on session e8683a75d94856c8e35463f995703f28 to remote] DEBUG org.asynchttpclient.netty.request.NettyRequestSender - Using pooled Channel '[id: 0x749921ed, L:/127.0.0.1:53138 - R:localhost/127.0.0.1:46308]' for 'POST' to 'http://localhost:46308/session/e8683a75d94856c8e35463f995703f28/element/228AEA17D0D574DFDCC44905B9769F66_element_5/click'
19:16:29.054 [Forwarding clickElement on session e8683a75d94856c8e35463f995703f28 to remote] DEBUG org.asynchttpclient.netty.request.NettyRequestSender - Using open Channel [id: 0x749921ed, L:/127.0.0.1:53138 - R:localhost/127.0.0.1:46308] for POST '/session/e8683a75d94856c8e35463f995703f28/element/228AEA17D0D574DFDCC44905B9769F66_element_5/click'
19:16:29.332 [AsyncHttpClient-1-17] DEBUG org.asynchttpclient.netty.handler.HttpHandler - 

Request DefaultHttpRequest(decodeResult: success, version: HTTP/1.1)
POST /session/e8683a75d94856c8e35463f995703f28/element/228AEA17D0D574DFDCC44905B9769F66_element_5/click HTTP/1.1
User-Agent: selenium/4.9.1 (java windows)
Content-Length: 56
Content-Type: application/json; charset=utf-8
host: localhost:46308
accept: */*

Response DefaultHttpResponse(decodeResult: success, version: HTTP/1.1)
HTTP/1.1 200 OK
Content-Length: 14
Content-Type: application/json; charset=utf-8
cache-control: no-cache

19:16:29.332 [AsyncHttpClient-1-17] DEBUG org.asynchttpclient.netty.channel.ChannelManager - Adding key: http://localhost:46308 for channel [id: 0x749921ed, L:/127.0.0.1:53138 - R:localhost/127.0.0.1:46308]
19:16:29.334 [Forwarding findElement on session e8683a75d94856c8e35463f995703f28 to remote] DEBUG org.asynchttpclient.netty.request.NettyRequestSender - Using pooled Channel '[id: 0x749921ed, L:/127.0.0.1:53138 - R:localhost/127.0.0.1:46308]' for 'POST' to 'http://localhost:46308/session/e8683a75d94856c8e35463f995703f28/element'
19:16:29.334 [Forwarding findElement on session e8683a75d94856c8e35463f995703f28 to remote] DEBUG org.asynchttpclient.netty.request.NettyRequestSender - Using open Channel [id: 0x749921ed, L:/127.0.0.1:53138 - R:localhost/127.0.0.1:46308] for POST '/session/e8683a75d94856c8e35463f995703f28/element'
19:16:29.359 [AsyncHttpClient-1-17] DEBUG org.asynchttpclient.netty.handler.HttpHandler - 

Request DefaultHttpRequest(decodeResult: success, version: HTTP/1.1)
POST /session/e8683a75d94856c8e35463f995703f28/element HTTP/1.1
User-Agent: selenium/4.9.1 (java windows)
Content-Length: 78
Content-Type: application/json; charset=utf-8
host: localhost:46308
accept: */*

Response DefaultHttpResponse(decodeResult: success, version: HTTP/1.1)
HTTP/1.1 200 OK
Content-Length: 94
Content-Type: application/json; charset=utf-8
cache-control: no-cache

19:16:29.359 [AsyncHttpClient-1-17] DEBUG org.asynchttpclient.netty.channel.ChannelManager - Adding key: http://localhost:46308 for channel [id: 0x749921ed, L:/127.0.0.1:53138 - R:localhost/127.0.0.1:46308]
19:16:29.360 [Forwarding getElementTagName on session e8683a75d94856c8e35463f995703f28 to remote] DEBUG org.asynchttpclient.netty.request.NettyRequestSender - Using pooled Channel '[id: 0x749921ed, L:/127.0.0.1:53138 - R:localhost/127.0.0.1:46308]' for 'GET' to 'http://localhost:46308/session/e8683a75d94856c8e35463f995703f28/element/5A18ADD6E78F93267DE864617E6C6753_element_8/name'
19:16:29.360 [Forwarding getElementTagName on session e8683a75d94856c8e35463f995703f28 to remote] DEBUG org.asynchttpclient.netty.request.NettyRequestSender - Using open Channel [id: 0x749921ed, L:/127.0.0.1:53138 - R:localhost/127.0.0.1:46308] for GET '/session/e8683a75d94856c8e35463f995703f28/element/5A18ADD6E78F93267DE864617E6C6753_element_8/name'
19:16:29.366 [AsyncHttpClient-1-17] DEBUG org.asynchttpclient.netty.handler.HttpHandler - 

Request DefaultFullHttpRequest(decodeResult: success, version: HTTP/1.1, content: EmptyByteBufBE)
GET /session/e8683a75d94856c8e35463f995703f28/element/5A18ADD6E78F93267DE864617E6C6753_element_8/name HTTP/1.1
User-Agent: selenium/4.9.1 (java windows)
Cache-Control: no-cache
Content-Type: application/json; charset=utf-8
host: localhost:46308
accept: */*

Response DefaultHttpResponse(decodeResult: success, version: HTTP/1.1)
HTTP/1.1 200 OK
Content-Length: 13
Content-Type: application/json; charset=utf-8
cache-control: no-cache

19:16:29.366 [AsyncHttpClient-1-17] DEBUG org.asynchttpclient.netty.channel.ChannelManager - Adding key: http://localhost:46308 for channel [id: 0x749921ed, L:/127.0.0.1:53138 - R:localhost/127.0.0.1:46308]
19:16:29.367 [Forwarding getElementText on session e8683a75d94856c8e35463f995703f28 to remote] DEBUG org.asynchttpclient.netty.request.NettyRequestSender - Using pooled Channel '[id: 0x749921ed, L:/127.0.0.1:53138 - R:localhost/127.0.0.1:46308]' for 'GET' to 'http://localhost:46308/session/e8683a75d94856c8e35463f995703f28/element/5A18ADD6E78F93267DE864617E6C6753_element_8/text'
19:16:29.367 [Forwarding getElementText on session e8683a75d94856c8e35463f995703f28 to remote] DEBUG org.asynchttpclient.netty.request.NettyRequestSender - Using open Channel [id: 0x749921ed, L:/127.0.0.1:53138 - R:localhost/127.0.0.1:46308] for GET '/session/e8683a75d94856c8e35463f995703f28/element/5A18ADD6E78F93267DE864617E6C6753_element_8/text'
19:16:29.383 [AsyncHttpClient-1-17] DEBUG org.asynchttpclient.netty.handler.HttpHandler - 

Request DefaultFullHttpRequest(decodeResult: success, version: HTTP/1.1, content: EmptyByteBufBE)
GET /session/e8683a75d94856c8e35463f995703f28/element/5A18ADD6E78F93267DE864617E6C6753_element_8/text HTTP/1.1
User-Agent: selenium/4.9.1 (java windows)
Cache-Control: no-cache
Content-Type: application/json; charset=utf-8
host: localhost:46308
accept: */*

Response DefaultHttpResponse(decodeResult: success, version: HTTP/1.1)
HTTP/1.1 200 OK
Content-Length: 36
Content-Type: application/json; charset=utf-8
cache-control: no-cache

19:16:29.384 [AsyncHttpClient-1-17] DEBUG org.asynchttpclient.netty.channel.ChannelManager - Adding key: http://localhost:46308 for channel [id: 0x749921ed, L:/127.0.0.1:53138 - R:localhost/127.0.0.1:46308]
]]></system-out>
    <system-err><![CDATA[июл. 26, 2023 7:16:26 PM org.openqa.selenium.remote.http.WebSocket$Listener onError
WARNING: Connection reset
java.net.SocketException: Connection reset
	at java.base/sun.nio.ch.SocketChannelImpl.throwConnectionReset(SocketChannelImpl.java:394)
	at java.base/sun.nio.ch.SocketChannelImpl.read(SocketChannelImpl.java:426)
	at io.netty.buffer.PooledByteBuf.setBytes(PooledByteBuf.java:256)
	at io.netty.buffer.AbstractByteBuf.writeBytes(AbstractByteBuf.java:1132)
	at io.netty.channel.socket.nio.NioSocketChannel.doReadBytes(NioSocketChannel.java:357)
	at io.netty.channel.nio.AbstractNioByteChannel$NioByteUnsafe.read(AbstractNioByteChannel.java:151)
	at io.netty.channel.nio.NioEventLoop.processSelectedKey(NioEventLoop.java:788)
	at io.netty.channel.nio.NioEventLoop.processSelectedKeysOptimized(NioEventLoop.java:724)
	at io.netty.channel.nio.NioEventLoop.processSelectedKeys(NioEventLoop.java:650)
	at io.netty.channel.nio.NioEventLoop.run(NioEventLoop.java:562)
	at io.netty.util.concurrent.SingleThreadEventExecutor$4.run(SingleThreadEventExecutor.java:997)
	at io.netty.util.internal.ThreadExecutorMap$2.run(ThreadExecutorMap.java:74)
	at io.netty.util.concurrent.FastThreadLocalRunnable.run(FastThreadLocalRunnable.java:30)
	at java.base/java.lang.Thread.run(Thread.java:833)

Starting ChromeDriver 114.0.5735.90 (386bc09e8f4f2e025eddae123f36f6263096ae49-refs/branch-heads/5735@{#1052}) on port 46308
Only local connections are allowed.
Please see https://chromedriver.chromium.org/security-considerations for suggestions on keeping ChromeDriver safe.
ChromeDriver was started successfully.
июл. 26, 2023 7:16:28 PM org.openqa.selenium.devtools.CdpVersionFinder findNearestMatch
WARNING: Unable to find an exact match for CDP version 114, so returning the closest version found: 113
]]></system-err>
  </testcase>
  <testcase name="loginWithIncorrectUsername" classname="UI.tests.LogInTest" time="0.923">
    <system-out><![CDATA[19:16:29.388 [Forwarding close on session e8683a75d94856c8e35463f995703f28 to remote] DEBUG org.asynchttpclient.netty.request.NettyRequestSender - Using pooled Channel '[id: 0x749921ed, L:/127.0.0.1:53138 - R:localhost/127.0.0.1:46308]' for 'DELETE' to 'http://localhost:46308/session/e8683a75d94856c8e35463f995703f28/window'
19:16:29.388 [Forwarding close on session e8683a75d94856c8e35463f995703f28 to remote] DEBUG org.asynchttpclient.netty.request.NettyRequestSender - Using open Channel [id: 0x749921ed, L:/127.0.0.1:53138 - R:localhost/127.0.0.1:46308] for DELETE '/session/e8683a75d94856c8e35463f995703f28/window'
19:16:29.566 [AsyncHttpClient-1-2] DEBUG org.asynchttpclient.netty.handler.HttpHandler - Unexpected I/O exception on channel [id: 0x64270606, L:/127.0.0.1:53146 - R:localhost/127.0.0.1:53139]
java.net.SocketException: Connection reset
	at java.base/sun.nio.ch.SocketChannelImpl.throwConnectionReset(SocketChannelImpl.java:394)
	at java.base/sun.nio.ch.SocketChannelImpl.read(SocketChannelImpl.java:426)
	at io.netty.buffer.PooledByteBuf.setBytes(PooledByteBuf.java:256)
	at io.netty.buffer.AbstractByteBuf.writeBytes(AbstractByteBuf.java:1132)
	at io.netty.channel.socket.nio.NioSocketChannel.doReadBytes(NioSocketChannel.java:357)
	at io.netty.channel.nio.AbstractNioByteChannel$NioByteUnsafe.read(AbstractNioByteChannel.java:151)
	at io.netty.channel.nio.NioEventLoop.processSelectedKey(NioEventLoop.java:788)
	at io.netty.channel.nio.NioEventLoop.processSelectedKeysOptimized(NioEventLoop.java:724)
	at io.netty.channel.nio.NioEventLoop.processSelectedKeys(NioEventLoop.java:650)
	at io.netty.channel.nio.NioEventLoop.run(NioEventLoop.java:562)
	at io.netty.util.concurrent.SingleThreadEventExecutor$4.run(SingleThreadEventExecutor.java:997)
	at io.netty.util.internal.ThreadExecutorMap$2.run(ThreadExecutorMap.java:74)
	at io.netty.util.concurrent.FastThreadLocalRunnable.run(FastThreadLocalRunnable.java:30)
	at java.base/java.lang.Thread.run(Thread.java:833)
19:16:29.566 [AsyncHttpClient-1-2] DEBUG org.asynchttpclient.netty.channel.ChannelManager - Closing Channel [id: 0x64270606, L:/127.0.0.1:53146 - R:localhost/127.0.0.1:53139] 
19:16:29.566 [AsyncHttpClient-1-3] DEBUG org.asynchttpclient.netty.handler.WebSocketHandler - Unexpected I/O exception on channel [id: 0x26146c1d, L:/127.0.0.1:53147 - R:localhost/127.0.0.1:53139]
java.net.SocketException: Connection reset
	at java.base/sun.nio.ch.SocketChannelImpl.throwConnectionReset(SocketChannelImpl.java:394)
	at java.base/sun.nio.ch.SocketChannelImpl.read(SocketChannelImpl.java:426)
	at io.netty.buffer.PooledByteBuf.setBytes(PooledByteBuf.java:256)
	at io.netty.buffer.AbstractByteBuf.writeBytes(AbstractByteBuf.java:1132)
	at io.netty.channel.socket.nio.NioSocketChannel.doReadBytes(NioSocketChannel.java:357)
	at io.netty.channel.nio.AbstractNioByteChannel$NioByteUnsafe.read(AbstractNioByteChannel.java:151)
	at io.netty.channel.nio.NioEventLoop.processSelectedKey(NioEventLoop.java:788)
	at io.netty.channel.nio.NioEventLoop.processSelectedKeysOptimized(NioEventLoop.java:724)
	at io.netty.channel.nio.NioEventLoop.processSelectedKeys(NioEventLoop.java:650)
	at io.netty.channel.nio.NioEventLoop.run(NioEventLoop.java:562)
	at io.netty.util.concurrent.SingleThreadEventExecutor$4.run(SingleThreadEventExecutor.java:997)
	at io.netty.util.internal.ThreadExecutorMap$2.run(ThreadExecutorMap.java:74)
	at io.netty.util.concurrent.FastThreadLocalRunnable.run(FastThreadLocalRunnable.java:30)
	at java.base/java.lang.Thread.run(Thread.java:833)
19:16:29.566 [AsyncHttpClient-1-3] DEBUG org.asynchttpclient.netty.handler.WebSocketHandler - Was unable to recover Future: NettyResponseFuture{currentRetry=0,
	isDone=1,
	isCancelled=0,
	asyncHandler=org.asynchttpclient.ws.WebSocketUpgradeHandler@2050ac09,
	nettyRequest=org.asynchttpclient.netty.request.NettyRequest@1ce2d92e,
	future=java.util.concurrent.CompletableFuture@2ef351a0[Completed normally],
	uri=ws://localhost:53139/devtools/browser/8752af5e-5253-49c1-94ea-0d4cbd36ed91,
	keepAlive=true,
	redirectCount=0,
	timeoutsHolder=null,
	inAuth=0,
	touch=1690388189566}
19:16:29.566 [AsyncHttpClient-1-3] DEBUG org.asynchttpclient.netty.channel.ChannelManager - Closing Channel [id: 0x26146c1d, L:/127.0.0.1:53147 - R:localhost/127.0.0.1:53139] 
19:16:29.566 [AsyncHttpClient-1-2] DEBUG org.asynchttpclient.netty.handler.HttpHandler - Channel Closed: [id: 0x64270606, L:/127.0.0.1:53146 ! R:localhost/127.0.0.1:53139] with attribute DISCARD
19:16:29.566 [AsyncHttpClient-1-3] WARN org.asynchttpclient.netty.handler.WebSocketHandler - onError
java.net.SocketException: Connection reset
	at java.base/sun.nio.ch.SocketChannelImpl.throwConnectionReset(SocketChannelImpl.java:394)
	at java.base/sun.nio.ch.SocketChannelImpl.read(SocketChannelImpl.java:426)
	at io.netty.buffer.PooledByteBuf.setBytes(PooledByteBuf.java:256)
	at io.netty.buffer.AbstractByteBuf.writeBytes(AbstractByteBuf.java:1132)
	at io.netty.channel.socket.nio.NioSocketChannel.doReadBytes(NioSocketChannel.java:357)
	at io.netty.channel.nio.AbstractNioByteChannel$NioByteUnsafe.read(AbstractNioByteChannel.java:151)
	at io.netty.channel.nio.NioEventLoop.processSelectedKey(NioEventLoop.java:788)
	at io.netty.channel.nio.NioEventLoop.processSelectedKeysOptimized(NioEventLoop.java:724)
	at io.netty.channel.nio.NioEventLoop.processSelectedKeys(NioEventLoop.java:650)
	at io.netty.channel.nio.NioEventLoop.run(NioEventLoop.java:562)
	at io.netty.util.concurrent.SingleThreadEventExecutor$4.run(SingleThreadEventExecutor.java:997)
	at io.netty.util.internal.ThreadExecutorMap$2.run(ThreadExecutorMap.java:74)
	at io.netty.util.concurrent.FastThreadLocalRunnable.run(FastThreadLocalRunnable.java:30)
	at java.base/java.lang.Thread.run(Thread.java:833)
19:16:29.568 [AsyncHttpClient-1-3] DEBUG org.asynchttpclient.netty.channel.ChannelManager - Closing Channel [id: 0x26146c1d, L:/127.0.0.1:53147 ! R:localhost/127.0.0.1:53139] 
19:16:29.568 [AsyncHttpClient-1-3] DEBUG org.asynchttpclient.netty.handler.WebSocketHandler - Channel Closed: [id: 0x26146c1d, L:/127.0.0.1:53147 ! R:localhost/127.0.0.1:53139] with attribute DISCARD
19:16:29.586 [AsyncHttpClient-1-17] DEBUG org.asynchttpclient.netty.handler.HttpHandler - 

Request DefaultFullHttpRequest(decodeResult: success, version: HTTP/1.1, content: EmptyByteBufBE)
DELETE /session/e8683a75d94856c8e35463f995703f28/window HTTP/1.1
User-Agent: selenium/4.9.1 (java windows)
Content-Type: application/json; charset=utf-8
host: localhost:46308
accept: */*

Response DefaultHttpResponse(decodeResult: success, version: HTTP/1.1)
HTTP/1.1 200 OK
Content-Length: 12
Content-Type: application/json; charset=utf-8
cache-control: no-cache

19:16:29.588 [AsyncHttpClient-1-17] DEBUG org.asynchttpclient.netty.channel.ChannelManager - Adding key: http://localhost:46308 for channel [id: 0x749921ed, L:/127.0.0.1:53138 - R:localhost/127.0.0.1:46308]
Request method:	DELETE
Request URI:	http://localhost:81/jsonrpc.php
Proxy:			<none>
Request params:	<none>
Query params:	<none>
Form params:	<none>
Path params:	<none>
Headers:		Accept=*/*
				Content-Type=text/plain; charset=ISO-8859-1
Cookies:		<none>
Multiparts:		<none>
Body:
{"jsonrpc":"2.0","method":"removeUser","id":234,"params":{"user_id":399}}
19:16:29.611 [main] DEBUG org.apache.http.impl.conn.BasicClientConnectionManager - Get connection for route {}->http://localhost:81
19:16:29.611 [main] DEBUG org.apache.http.impl.conn.DefaultClientConnectionOperator - Connecting to localhost:81
19:16:29.612 [main] DEBUG org.apache.http.client.protocol.RequestAddCookies - CookieSpec selected: ignoreCookies
19:16:29.612 [main] DEBUG org.apache.http.client.protocol.RequestAuthCache - Auth cache not set in the context
19:16:29.612 [main] DEBUG org.apache.http.client.protocol.RequestTargetAuthentication - Target auth state: UNCHALLENGED
19:16:29.612 [main] DEBUG org.apache.http.client.protocol.RequestProxyAuthentication - Proxy auth state: UNCHALLENGED
19:16:29.612 [main] DEBUG org.apache.http.impl.client.DefaultHttpClient - Attempt 1 to execute request
19:16:29.612 [main] DEBUG org.apache.http.impl.conn.DefaultClientConnection - Sending request: DELETE /jsonrpc.php HTTP/1.1
19:16:29.612 [main] DEBUG org.apache.http.wire -  >> "DELETE /jsonrpc.php HTTP/1.1[\r][\n]"
19:16:29.612 [main] DEBUG org.apache.http.wire -  >> "Accept: */*[\r][\n]"
19:16:29.612 [main] DEBUG org.apache.http.wire -  >> "Content-Type: text/plain; charset=ISO-8859-1[\r][\n]"
19:16:29.612 [main] DEBUG org.apache.http.wire -  >> "Content-Length: 73[\r][\n]"
19:16:29.612 [main] DEBUG org.apache.http.wire -  >> "Host: localhost:81[\r][\n]"
19:16:29.612 [main] DEBUG org.apache.http.wire -  >> "Connection: Keep-Alive[\r][\n]"
19:16:29.612 [main] DEBUG org.apache.http.wire -  >> "User-Agent: Apache-HttpClient/4.5.13 (Java/17)[\r][\n]"
19:16:29.612 [main] DEBUG org.apache.http.wire -  >> "Accept-Encoding: gzip,deflate[\r][\n]"
19:16:29.612 [main] DEBUG org.apache.http.wire -  >> "[\r][\n]"
19:16:29.612 [main] DEBUG org.apache.http.headers - >> DELETE /jsonrpc.php HTTP/1.1
19:16:29.612 [main] DEBUG org.apache.http.headers - >> Accept: */*
19:16:29.612 [main] DEBUG org.apache.http.headers - >> Content-Type: text/plain; charset=ISO-8859-1
19:16:29.612 [main] DEBUG org.apache.http.headers - >> Content-Length: 73
19:16:29.612 [main] DEBUG org.apache.http.headers - >> Host: localhost:81
19:16:29.612 [main] DEBUG org.apache.http.headers - >> Connection: Keep-Alive
19:16:29.612 [main] DEBUG org.apache.http.headers - >> User-Agent: Apache-HttpClient/4.5.13 (Java/17)
19:16:29.612 [main] DEBUG org.apache.http.headers - >> Accept-Encoding: gzip,deflate
19:16:29.612 [main] DEBUG org.apache.http.wire -  >> "{"jsonrpc":"2.0","method":"removeUser","id":234,"params":{"user_id":399}}"
19:16:29.629 [main] DEBUG org.apache.http.wire -  << "HTTP/1.1 401 Unauthorized[\r][\n]"
19:16:29.629 [main] DEBUG org.apache.http.wire -  << "Server: nginx[\r][\n]"
19:16:29.629 [main] DEBUG org.apache.http.wire -  << "Date: Wed, 26 Jul 2023 16:16:29 GMT[\r][\n]"
19:16:29.629 [main] DEBUG org.apache.http.wire -  << "Content-Type: application/json[\r][\n]"
19:16:29.629 [main] DEBUG org.apache.http.wire -  << "Transfer-Encoding: chunked[\r][\n]"
19:16:29.629 [main] DEBUG org.apache.http.wire -  << "Connection: keep-alive[\r][\n]"
19:16:29.629 [main] DEBUG org.apache.http.wire -  << "WWW-Authenticate: Basic realm="JsonRPC"[\r][\n]"
19:16:29.629 [main] DEBUG org.apache.http.wire -  << "[\r][\n]"
19:16:29.629 [main] DEBUG org.apache.http.impl.conn.DefaultClientConnection - Receiving response: HTTP/1.1 401 Unauthorized
19:16:29.629 [main] DEBUG org.apache.http.headers - << HTTP/1.1 401 Unauthorized
19:16:29.629 [main] DEBUG org.apache.http.headers - << Server: nginx
19:16:29.629 [main] DEBUG org.apache.http.headers - << Date: Wed, 26 Jul 2023 16:16:29 GMT
19:16:29.629 [main] DEBUG org.apache.http.headers - << Content-Type: application/json
19:16:29.629 [main] DEBUG org.apache.http.headers - << Transfer-Encoding: chunked
19:16:29.629 [main] DEBUG org.apache.http.headers - << Connection: keep-alive
19:16:29.629 [main] DEBUG org.apache.http.headers - << WWW-Authenticate: Basic realm="JsonRPC"
19:16:29.629 [main] DEBUG org.apache.http.impl.client.DefaultHttpClient - Connection can be kept alive indefinitely
19:16:29.629 [main] DEBUG org.apache.http.impl.client.DefaultHttpClient - Authentication required
19:16:29.629 [main] DEBUG org.apache.http.impl.client.DefaultHttpClient - localhost:81 requested authentication
19:16:29.630 [main] DEBUG org.apache.http.impl.client.TargetAuthenticationStrategy - Authentication schemes in the order of preference: [Negotiate, Kerberos, NTLM, CredSSP, Digest, Basic]
19:16:29.630 [main] DEBUG org.apache.http.impl.client.TargetAuthenticationStrategy - Challenge for Negotiate authentication scheme not available
19:16:29.630 [main] DEBUG org.apache.http.impl.client.TargetAuthenticationStrategy - Challenge for Kerberos authentication scheme not available
19:16:29.630 [main] DEBUG org.apache.http.impl.client.TargetAuthenticationStrategy - Challenge for NTLM authentication scheme not available
19:16:29.630 [main] DEBUG org.apache.http.impl.client.TargetAuthenticationStrategy - Challenge for CredSSP authentication scheme not available
19:16:29.630 [main] DEBUG org.apache.http.impl.client.TargetAuthenticationStrategy - Challenge for Digest authentication scheme not available
19:16:29.630 [main] DEBUG org.apache.http.impl.client.DefaultHttpClient - Selected authentication options: [BASIC [complete=true]]
19:16:29.630 [main] DEBUG org.apache.http.wire -  << "49[\r][\n]"
19:16:29.630 [main] DEBUG org.apache.http.wire -  << "{"jsonrpc":"2.0","error":{"code":401,"message":"Unauthorized"},"id":null}"
19:16:29.630 [main] DEBUG org.apache.http.wire -  << "[\r][\n]"
19:16:29.630 [main] DEBUG org.apache.http.wire -  << "0[\r][\n]"
19:16:29.630 [main] DEBUG org.apache.http.wire -  << "[\r][\n]"
19:16:29.630 [main] DEBUG org.apache.http.client.protocol.RequestAddCookies - CookieSpec selected: ignoreCookies
19:16:29.630 [main] DEBUG org.apache.http.client.protocol.RequestAuthCache - Auth cache not set in the context
19:16:29.630 [main] DEBUG org.apache.http.client.protocol.RequestTargetAuthentication - Target auth state: CHALLENGED
19:16:29.630 [main] DEBUG org.apache.http.client.protocol.RequestTargetAuthentication - Generating response to an authentication challenge using basic scheme
19:16:29.630 [main] DEBUG org.apache.http.client.protocol.RequestProxyAuthentication - Proxy auth state: UNCHALLENGED
19:16:29.630 [main] DEBUG org.apache.http.impl.client.DefaultHttpClient - Attempt 2 to execute request
19:16:29.630 [main] DEBUG org.apache.http.impl.conn.DefaultClientConnection - Sending request: DELETE /jsonrpc.php HTTP/1.1
19:16:29.630 [main] DEBUG org.apache.http.wire -  >> "DELETE /jsonrpc.php HTTP/1.1[\r][\n]"
19:16:29.630 [main] DEBUG org.apache.http.wire -  >> "Accept: */*[\r][\n]"
19:16:29.630 [main] DEBUG org.apache.http.wire -  >> "Content-Type: text/plain; charset=ISO-8859-1[\r][\n]"
19:16:29.630 [main] DEBUG org.apache.http.wire -  >> "Content-Length: 73[\r][\n]"
19:16:29.630 [main] DEBUG org.apache.http.wire -  >> "Host: localhost:81[\r][\n]"
19:16:29.630 [main] DEBUG org.apache.http.wire -  >> "Connection: Keep-Alive[\r][\n]"
19:16:29.630 [main] DEBUG org.apache.http.wire -  >> "User-Agent: Apache-HttpClient/4.5.13 (Java/17)[\r][\n]"
19:16:29.630 [main] DEBUG org.apache.http.wire -  >> "Authorization: Basic YWRtaW46YWRtaW4=[\r][\n]"
19:16:29.630 [main] DEBUG org.apache.http.wire -  >> "Accept-Encoding: gzip,deflate[\r][\n]"
19:16:29.630 [main] DEBUG org.apache.http.wire -  >> "[\r][\n]"
19:16:29.630 [main] DEBUG org.apache.http.headers - >> DELETE /jsonrpc.php HTTP/1.1
19:16:29.630 [main] DEBUG org.apache.http.headers - >> Accept: */*
19:16:29.630 [main] DEBUG org.apache.http.headers - >> Content-Type: text/plain; charset=ISO-8859-1
19:16:29.630 [main] DEBUG org.apache.http.headers - >> Content-Length: 73
19:16:29.630 [main] DEBUG org.apache.http.headers - >> Host: localhost:81
19:16:29.630 [main] DEBUG org.apache.http.headers - >> Connection: Keep-Alive
19:16:29.630 [main] DEBUG org.apache.http.headers - >> User-Agent: Apache-HttpClient/4.5.13 (Java/17)
19:16:29.630 [main] DEBUG org.apache.http.headers - >> Authorization: Basic YWRtaW46YWRtaW4=
19:16:29.630 [main] DEBUG org.apache.http.headers - >> Accept-Encoding: gzip,deflate
19:16:29.630 [main] DEBUG org.apache.http.wire -  >> "{"jsonrpc":"2.0","method":"removeUser","id":234,"params":{"user_id":399}}"
19:16:29.811 [main] DEBUG org.apache.http.wire -  << "HTTP/1.1 200 OK[\r][\n]"
19:16:29.811 [main] DEBUG org.apache.http.wire -  << "Server: nginx[\r][\n]"
19:16:29.811 [main] DEBUG org.apache.http.wire -  << "Date: Wed, 26 Jul 2023 16:16:29 GMT[\r][\n]"
19:16:29.811 [main] DEBUG org.apache.http.wire -  << "Content-Type: application/json[\r][\n]"
19:16:29.811 [main] DEBUG org.apache.http.wire -  << "Transfer-Encoding: chunked[\r][\n]"
19:16:29.811 [main] DEBUG org.apache.http.wire -  << "Connection: keep-alive[\r][\n]"
19:16:29.811 [main] DEBUG org.apache.http.wire -  << "Vary: Accept-Encoding[\r][\n]"
19:16:29.811 [main] DEBUG org.apache.http.wire -  << "Content-Encoding: gzip[\r][\n]"
19:16:29.811 [main] DEBUG org.apache.http.wire -  << "[\r][\n]"
19:16:29.811 [main] DEBUG org.apache.http.impl.conn.DefaultClientConnection - Receiving response: HTTP/1.1 200 OK
19:16:29.811 [main] DEBUG org.apache.http.headers - << HTTP/1.1 200 OK
19:16:29.811 [main] DEBUG org.apache.http.headers - << Server: nginx
19:16:29.811 [main] DEBUG org.apache.http.headers - << Date: Wed, 26 Jul 2023 16:16:29 GMT
19:16:29.811 [main] DEBUG org.apache.http.headers - << Content-Type: application/json
19:16:29.811 [main] DEBUG org.apache.http.headers - << Transfer-Encoding: chunked
19:16:29.811 [main] DEBUG org.apache.http.headers - << Connection: keep-alive
19:16:29.811 [main] DEBUG org.apache.http.headers - << Vary: Accept-Encoding
19:16:29.811 [main] DEBUG org.apache.http.headers - << Content-Encoding: gzip
19:16:29.812 [main] DEBUG org.apache.http.impl.client.DefaultHttpClient - Connection can be kept alive indefinitely
19:16:29.812 [main] DEBUG org.apache.http.impl.client.DefaultHttpClient - Authentication succeeded
19:16:29.812 [main] DEBUG org.apache.http.impl.client.TargetAuthenticationStrategy - Caching 'basic' auth scheme for http://localhost:81
19:16:29.812 [main] DEBUG io.restassured.internal.RestAssuredHttpBuilder - Parsing response as: application/json
19:16:29.812 [main] DEBUG org.apache.http.wire -  << "3c[\r][\n]"
19:16:29.812 [main] DEBUG org.apache.http.wire -  << "[0x1f][0x8b][0x8][0x0][0x0][0x0][0x0][0x0][0x0][0x3][0xab]V[0xca]*[0xce][0xcf]+*HV[0xb2]R2[0xd2]3P[0xd2]Q*J-.[0xcd])Q[0xb2]*)*M[0xd5]Q[0xca]LQ[0xb2]226[0xa9][0x5][0x0]q~[0x7][0xe8]([0x0][0x0][0x0]"
19:16:29.812 [main] DEBUG org.apache.http.wire -  << "[\r][\n]"
19:16:29.812 [main] DEBUG org.apache.http.wire -  << "0[\r][\n]"
19:16:29.812 [main] DEBUG org.apache.http.wire -  << "[\r][\n]"
19:16:29.812 [main] DEBUG io.restassured.internal.RestAssuredHttpBuilder - Parsed data to instance of: class org.apache.http.conn.EofSensorInputStream
19:16:29.813 [main] DEBUG org.apache.http.impl.conn.BasicClientConnectionManager - Releasing connection org.apache.http.impl.conn.ManagedClientConnectionImpl@70fda9bf
19:16:29.813 [main] DEBUG org.apache.http.impl.conn.BasicClientConnectionManager - Connection can be kept alive indefinitely
{
    "jsonrpc": "2.0",
    "result": true,
    "id": 234
}
{
    "jsonrpc": "2.0",
    "result": true,
    "id": 234
}
Request method:	POST
Request URI:	http://localhost:81/jsonrpc.php
Proxy:			<none>
Request params:	<none>
Query params:	<none>
Form params:	<none>
Path params:	<none>
Headers:		Accept=*/*
				Content-Type=text/plain; charset=ISO-8859-1
Cookies:		<none>
Multiparts:		<none>
Body:
{"jsonrpc":"2.0","method":"createUser","id":123123,"params":{"username":"kyryloAPITestLogin","password":"kyryloAPITestPassword","name":"kyrylo","email":"kyryloAPITest@mail.com","role":"app-manager"}}
19:16:29.839 [main] DEBUG org.apache.http.impl.conn.BasicClientConnectionManager - Get connection for route {}->http://localhost:81
19:16:29.839 [main] DEBUG org.apache.http.impl.conn.DefaultClientConnectionOperator - Connecting to localhost:81
19:16:29.841 [main] DEBUG org.apache.http.client.protocol.RequestAddCookies - CookieSpec selected: ignoreCookies
19:16:29.841 [main] DEBUG org.apache.http.client.protocol.RequestAuthCache - Auth cache not set in the context
19:16:29.841 [main] DEBUG org.apache.http.client.protocol.RequestTargetAuthentication - Target auth state: UNCHALLENGED
19:16:29.841 [main] DEBUG org.apache.http.client.protocol.RequestProxyAuthentication - Proxy auth state: UNCHALLENGED
19:16:29.841 [main] DEBUG org.apache.http.impl.client.DefaultHttpClient - Attempt 1 to execute request
19:16:29.841 [main] DEBUG org.apache.http.impl.conn.DefaultClientConnection - Sending request: POST /jsonrpc.php HTTP/1.1
19:16:29.841 [main] DEBUG org.apache.http.wire -  >> "POST /jsonrpc.php HTTP/1.1[\r][\n]"
19:16:29.841 [main] DEBUG org.apache.http.wire -  >> "Accept: */*[\r][\n]"
19:16:29.841 [main] DEBUG org.apache.http.wire -  >> "Content-Type: text/plain; charset=ISO-8859-1[\r][\n]"
19:16:29.841 [main] DEBUG org.apache.http.wire -  >> "Content-Length: 199[\r][\n]"
19:16:29.841 [main] DEBUG org.apache.http.wire -  >> "Host: localhost:81[\r][\n]"
19:16:29.841 [main] DEBUG org.apache.http.wire -  >> "Connection: Keep-Alive[\r][\n]"
19:16:29.841 [main] DEBUG org.apache.http.wire -  >> "User-Agent: Apache-HttpClient/4.5.13 (Java/17)[\r][\n]"
19:16:29.841 [main] DEBUG org.apache.http.wire -  >> "Accept-Encoding: gzip,deflate[\r][\n]"
19:16:29.841 [main] DEBUG org.apache.http.wire -  >> "[\r][\n]"
19:16:29.841 [main] DEBUG org.apache.http.headers - >> POST /jsonrpc.php HTTP/1.1
19:16:29.841 [main] DEBUG org.apache.http.headers - >> Accept: */*
19:16:29.841 [main] DEBUG org.apache.http.headers - >> Content-Type: text/plain; charset=ISO-8859-1
19:16:29.841 [main] DEBUG org.apache.http.headers - >> Content-Length: 199
19:16:29.841 [main] DEBUG org.apache.http.headers - >> Host: localhost:81
19:16:29.841 [main] DEBUG org.apache.http.headers - >> Connection: Keep-Alive
19:16:29.841 [main] DEBUG org.apache.http.headers - >> User-Agent: Apache-HttpClient/4.5.13 (Java/17)
19:16:29.841 [main] DEBUG org.apache.http.headers - >> Accept-Encoding: gzip,deflate
19:16:29.841 [main] DEBUG org.apache.http.wire -  >> "{"jsonrpc":"2.0","method":"createUser","id":123123,"params":{"username":"kyryloAPITestLogin","password":"kyryloAPITestPassword","name":"kyrylo","email":"kyryloAPITest@mail.com","role":"app-manager"}}"
19:16:29.852 [main] DEBUG org.apache.http.wire -  << "HTTP/1.1 401 Unauthorized[\r][\n]"
19:16:29.852 [main] DEBUG org.apache.http.wire -  << "Server: nginx[\r][\n]"
19:16:29.852 [main] DEBUG org.apache.http.wire -  << "Date: Wed, 26 Jul 2023 16:16:29 GMT[\r][\n]"
19:16:29.852 [main] DEBUG org.apache.http.wire -  << "Content-Type: application/json[\r][\n]"
19:16:29.852 [main] DEBUG org.apache.http.wire -  << "Transfer-Encoding: chunked[\r][\n]"
19:16:29.852 [main] DEBUG org.apache.http.wire -  << "Connection: keep-alive[\r][\n]"
19:16:29.852 [main] DEBUG org.apache.http.wire -  << "WWW-Authenticate: Basic realm="JsonRPC"[\r][\n]"
19:16:29.852 [main] DEBUG org.apache.http.wire -  << "[\r][\n]"
19:16:29.852 [main] DEBUG org.apache.http.impl.conn.DefaultClientConnection - Receiving response: HTTP/1.1 401 Unauthorized
19:16:29.852 [main] DEBUG org.apache.http.headers - << HTTP/1.1 401 Unauthorized
19:16:29.852 [main] DEBUG org.apache.http.headers - << Server: nginx
19:16:29.852 [main] DEBUG org.apache.http.headers - << Date: Wed, 26 Jul 2023 16:16:29 GMT
19:16:29.852 [main] DEBUG org.apache.http.headers - << Content-Type: application/json
19:16:29.852 [main] DEBUG org.apache.http.headers - << Transfer-Encoding: chunked
19:16:29.852 [main] DEBUG org.apache.http.headers - << Connection: keep-alive
19:16:29.852 [main] DEBUG org.apache.http.headers - << WWW-Authenticate: Basic realm="JsonRPC"
19:16:29.853 [main] DEBUG org.apache.http.impl.client.DefaultHttpClient - Connection can be kept alive indefinitely
19:16:29.853 [main] DEBUG org.apache.http.impl.client.DefaultHttpClient - Authentication required
19:16:29.853 [main] DEBUG org.apache.http.impl.client.DefaultHttpClient - localhost:81 requested authentication
19:16:29.853 [main] DEBUG org.apache.http.impl.client.TargetAuthenticationStrategy - Authentication schemes in the order of preference: [Negotiate, Kerberos, NTLM, CredSSP, Digest, Basic]
19:16:29.853 [main] DEBUG org.apache.http.impl.client.TargetAuthenticationStrategy - Challenge for Negotiate authentication scheme not available
19:16:29.853 [main] DEBUG org.apache.http.impl.client.TargetAuthenticationStrategy - Challenge for Kerberos authentication scheme not available
19:16:29.853 [main] DEBUG org.apache.http.impl.client.TargetAuthenticationStrategy - Challenge for NTLM authentication scheme not available
19:16:29.853 [main] DEBUG org.apache.http.impl.client.TargetAuthenticationStrategy - Challenge for CredSSP authentication scheme not available
19:16:29.853 [main] DEBUG org.apache.http.impl.client.TargetAuthenticationStrategy - Challenge for Digest authentication scheme not available
19:16:29.853 [main] DEBUG org.apache.http.impl.client.DefaultHttpClient - Selected authentication options: [BASIC [complete=true]]
19:16:29.853 [main] DEBUG org.apache.http.wire -  << "49[\r][\n]"
19:16:29.853 [main] DEBUG org.apache.http.wire -  << "{"jsonrpc":"2.0","error":{"code":401,"message":"Unauthorized"},"id":null}"
19:16:29.853 [main] DEBUG org.apache.http.wire -  << "[\r][\n]"
19:16:29.853 [main] DEBUG org.apache.http.wire -  << "0[\r][\n]"
19:16:29.853 [main] DEBUG org.apache.http.wire -  << "[\r][\n]"
19:16:29.853 [main] DEBUG org.apache.http.client.protocol.RequestAddCookies - CookieSpec selected: ignoreCookies
19:16:29.853 [main] DEBUG org.apache.http.client.protocol.RequestAuthCache - Auth cache not set in the context
19:16:29.853 [main] DEBUG org.apache.http.client.protocol.RequestTargetAuthentication - Target auth state: CHALLENGED
19:16:29.853 [main] DEBUG org.apache.http.client.protocol.RequestTargetAuthentication - Generating response to an authentication challenge using basic scheme
19:16:29.854 [main] DEBUG org.apache.http.client.protocol.RequestProxyAuthentication - Proxy auth state: UNCHALLENGED
19:16:29.854 [main] DEBUG org.apache.http.impl.client.DefaultHttpClient - Attempt 2 to execute request
19:16:29.854 [main] DEBUG org.apache.http.impl.conn.DefaultClientConnection - Sending request: POST /jsonrpc.php HTTP/1.1
19:16:29.854 [main] DEBUG org.apache.http.wire -  >> "POST /jsonrpc.php HTTP/1.1[\r][\n]"
19:16:29.854 [main] DEBUG org.apache.http.wire -  >> "Accept: */*[\r][\n]"
19:16:29.854 [main] DEBUG org.apache.http.wire -  >> "Content-Type: text/plain; charset=ISO-8859-1[\r][\n]"
19:16:29.854 [main] DEBUG org.apache.http.wire -  >> "Content-Length: 199[\r][\n]"
19:16:29.854 [main] DEBUG org.apache.http.wire -  >> "Host: localhost:81[\r][\n]"
19:16:29.854 [main] DEBUG org.apache.http.wire -  >> "Connection: Keep-Alive[\r][\n]"
19:16:29.854 [main] DEBUG org.apache.http.wire -  >> "User-Agent: Apache-HttpClient/4.5.13 (Java/17)[\r][\n]"
19:16:29.854 [main] DEBUG org.apache.http.wire -  >> "Authorization: Basic YWRtaW46YWRtaW4=[\r][\n]"
19:16:29.854 [main] DEBUG org.apache.http.wire -  >> "Accept-Encoding: gzip,deflate[\r][\n]"
19:16:29.854 [main] DEBUG org.apache.http.wire -  >> "[\r][\n]"
19:16:29.854 [main] DEBUG org.apache.http.headers - >> POST /jsonrpc.php HTTP/1.1
19:16:29.855 [main] DEBUG org.apache.http.headers - >> Accept: */*
19:16:29.855 [main] DEBUG org.apache.http.headers - >> Content-Type: text/plain; charset=ISO-8859-1
19:16:29.855 [main] DEBUG org.apache.http.headers - >> Content-Length: 199
19:16:29.855 [main] DEBUG org.apache.http.headers - >> Host: localhost:81
19:16:29.855 [main] DEBUG org.apache.http.headers - >> Connection: Keep-Alive
19:16:29.855 [main] DEBUG org.apache.http.headers - >> User-Agent: Apache-HttpClient/4.5.13 (Java/17)
19:16:29.855 [main] DEBUG org.apache.http.headers - >> Authorization: Basic YWRtaW46YWRtaW4=
19:16:29.855 [main] DEBUG org.apache.http.headers - >> Accept-Encoding: gzip,deflate
19:16:29.855 [main] DEBUG org.apache.http.wire -  >> "{"jsonrpc":"2.0","method":"createUser","id":123123,"params":{"username":"kyryloAPITestLogin","password":"kyryloAPITestPassword","name":"kyrylo","email":"kyryloAPITest@mail.com","role":"app-manager"}}"
19:16:29.860 [AsyncHttpClient-1-1] DEBUG org.asynchttpclient.netty.channel.DefaultChannelPool - Entry count for : http://localhost:46308 : 1
19:16:29.860 [AsyncHttpClient-1-1] DEBUG org.asynchttpclient.netty.channel.DefaultChannelPool - Entry count for : http://localhost:53139 : 1
19:16:29.860 [AsyncHttpClient-1-1] DEBUG org.asynchttpclient.netty.channel.DefaultChannelPool - Adding Candidate expired Channel [id: 0x64270606, L:/127.0.0.1:53146 ! R:localhost/127.0.0.1:53139] isIdleTimeoutExpired=false isRemotelyClosed=true isTtlExpired=false
19:16:29.860 [AsyncHttpClient-1-1] DEBUG org.asynchttpclient.netty.channel.DefaultChannelPool - Closing Idle Channel [id: 0x64270606, L:/127.0.0.1:53146 ! R:localhost/127.0.0.1:53139]
19:16:29.860 [AsyncHttpClient-1-1] DEBUG org.asynchttpclient.netty.channel.DefaultChannelPool - Closed 1 connections out of 2 in 0 ms
19:16:30.046 [main] DEBUG org.apache.http.wire -  << "HTTP/1.1 200 OK[\r][\n]"
19:16:30.046 [main] DEBUG org.apache.http.wire -  << "Server: nginx[\r][\n]"
19:16:30.046 [main] DEBUG org.apache.http.wire -  << "Date: Wed, 26 Jul 2023 16:16:30 GMT[\r][\n]"
19:16:30.046 [main] DEBUG org.apache.http.wire -  << "Content-Type: application/json[\r][\n]"
19:16:30.046 [main] DEBUG org.apache.http.wire -  << "Transfer-Encoding: chunked[\r][\n]"
19:16:30.046 [main] DEBUG org.apache.http.wire -  << "Connection: keep-alive[\r][\n]"
19:16:30.046 [main] DEBUG org.apache.http.wire -  << "Vary: Accept-Encoding[\r][\n]"
19:16:30.046 [main] DEBUG org.apache.http.wire -  << "Content-Encoding: gzip[\r][\n]"
19:16:30.046 [main] DEBUG org.apache.http.wire -  << "[\r][\n]"
19:16:30.046 [main] DEBUG org.apache.http.impl.conn.DefaultClientConnection - Receiving response: HTTP/1.1 200 OK
19:16:30.046 [main] DEBUG org.apache.http.headers - << HTTP/1.1 200 OK
19:16:30.046 [main] DEBUG org.apache.http.headers - << Server: nginx
19:16:30.046 [main] DEBUG org.apache.http.headers - << Date: Wed, 26 Jul 2023 16:16:30 GMT
19:16:30.046 [main] DEBUG org.apache.http.headers - << Content-Type: application/json
19:16:30.046 [main] DEBUG org.apache.http.headers - << Transfer-Encoding: chunked
19:16:30.046 [main] DEBUG org.apache.http.headers - << Connection: keep-alive
19:16:30.046 [main] DEBUG org.apache.http.headers - << Vary: Accept-Encoding
19:16:30.046 [main] DEBUG org.apache.http.headers - << Content-Encoding: gzip
19:16:30.046 [main] DEBUG org.apache.http.impl.client.DefaultHttpClient - Connection can be kept alive indefinitely
19:16:30.046 [main] DEBUG org.apache.http.impl.client.DefaultHttpClient - Authentication succeeded
19:16:30.046 [main] DEBUG org.apache.http.impl.client.TargetAuthenticationStrategy - Caching 'basic' auth scheme for http://localhost:81
19:16:30.047 [main] DEBUG io.restassured.internal.RestAssuredHttpBuilder - Parsing response as: application/json
19:16:30.047 [main] DEBUG org.apache.http.wire -  << "3c[\r][\n]"
19:16:30.047 [main] DEBUG org.apache.http.wire -  << "[0x1f][0x8b][0x8][0x0][0x0][0x0][0x0][0x0][0x0][0x3][0xab]V[0xca]*[0xce][0xcf]+*HV[0xb2]R2[0xd2]3P[0xd2]Q*J-.[0xcd])Q[0xb2]210[0xd0]Q[0xca]LQ[0xb2]242[0x6][0xa2]Z[0x0]/@[0xf1][0xc]*[0x0][0x0][0x0]"
19:16:30.047 [main] DEBUG org.apache.http.wire -  << "[\r][\n]"
19:16:30.047 [main] DEBUG org.apache.http.wire -  << "0[\r][\n]"
19:16:30.047 [main] DEBUG org.apache.http.wire -  << "[\r][\n]"
19:16:30.047 [main] DEBUG io.restassured.internal.RestAssuredHttpBuilder - Parsed data to instance of: class org.apache.http.conn.EofSensorInputStream
19:16:30.047 [main] DEBUG org.apache.http.impl.conn.BasicClientConnectionManager - Releasing connection org.apache.http.impl.conn.ManagedClientConnectionImpl@5d6bed7b
19:16:30.047 [main] DEBUG org.apache.http.impl.conn.BasicClientConnectionManager - Connection can be kept alive indefinitely
{
    "jsonrpc": "2.0",
    "result": 400,
    "id": 123123
}
{
    "jsonrpc": "2.0",
    "result": 400,
    "id": 123123
}
19:16:30.053 [Forwarding getTitle on session e8683a75d94856c8e35463f995703f28 to remote] DEBUG org.asynchttpclient.netty.request.NettyRequestSender - Using pooled Channel '[id: 0x749921ed, L:/127.0.0.1:53138 - R:localhost/127.0.0.1:46308]' for 'GET' to 'http://localhost:46308/session/e8683a75d94856c8e35463f995703f28/title'
19:16:30.053 [Forwarding getTitle on session e8683a75d94856c8e35463f995703f28 to remote] DEBUG org.asynchttpclient.netty.request.NettyRequestSender - Using open Channel [id: 0x749921ed, L:/127.0.0.1:53138 - R:localhost/127.0.0.1:46308] for GET '/session/e8683a75d94856c8e35463f995703f28/title'
19:16:30.054 [AsyncHttpClient-1-17] DEBUG org.asynchttpclient.netty.handler.HttpHandler - 

Request DefaultFullHttpRequest(decodeResult: success, version: HTTP/1.1, content: EmptyByteBufBE)
GET /session/e8683a75d94856c8e35463f995703f28/title HTTP/1.1
User-Agent: selenium/4.9.1 (java windows)
Cache-Control: no-cache
Content-Type: application/json; charset=utf-8
host: localhost:46308
accept: */*

Response DefaultHttpResponse(decodeResult: success, version: HTTP/1.1)
HTTP/1.1 404 Not Found
Content-Length: 831
Content-Type: application/json; charset=utf-8
cache-control: no-cache

19:16:30.054 [AsyncHttpClient-1-17] DEBUG org.asynchttpclient.netty.channel.ChannelManager - Adding key: http://localhost:46308 for channel [id: 0x749921ed, L:/127.0.0.1:53138 - R:localhost/127.0.0.1:46308]
19:16:30.056 [main] DEBUG com.codeborne.selenide.drivercommands.BrowserHealthChecker - Browser session is not found
org.openqa.selenium.NoSuchSessionException: invalid session id
Build info: version: '4.9.1', revision: 'eb2032df7f'
System info: os.name: 'Windows 10', os.arch: 'amd64', os.version: '10.0', java.version: '17'
Driver info: org.openqa.selenium.chrome.ChromeDriver
Command: [e8683a75d94856c8e35463f995703f28, getTitle {}]
Capabilities {acceptInsecureCerts: true, browserName: chrome, browserVersion: 114.0.5735.248, chrome: {chromedriverVersion: 114.0.5735.90 (386bc09e8f4f..., userDataDir: C:\Users\KFA24~1.SHM\AppDat...}, goog:chromeOptions: {debuggerAddress: localhost:53139}, networkConnectionEnabled: false, pageLoadStrategy: normal, platformName: windows, proxy: Proxy(), se:cdp: ws://localhost:53139/devtoo..., se:cdpVersion: 114.0.5735.248, setWindowRect: true, strictFileInteractability: false, timeouts: {implicit: 0, pageLoad: 300000, script: 30000}, unhandledPromptBehavior: accept, webauthn:extension:credBlob: true, webauthn:extension:largeBlob: true, webauthn:extension:minPinLength: true, webauthn:extension:prf: true, webauthn:virtualAuthenticators: true}
Session ID: e8683a75d94856c8e35463f995703f28
	at java.base/jdk.internal.reflect.NativeConstructorAccessorImpl.newInstance0(Native Method)
	at java.base/jdk.internal.reflect.NativeConstructorAccessorImpl.newInstance(NativeConstructorAccessorImpl.java:77)
	at java.base/jdk.internal.reflect.DelegatingConstructorAccessorImpl.newInstance(DelegatingConstructorAccessorImpl.java:45)
	at java.base/java.lang.reflect.Constructor.newInstanceWithCaller(Constructor.java:499)
	at java.base/java.lang.reflect.Constructor.newInstance(Constructor.java:480)
	at org.openqa.selenium.remote.codec.w3c.W3CHttpResponseCodec.createException(W3CHttpResponseCodec.java:200)
	at org.openqa.selenium.remote.codec.w3c.W3CHttpResponseCodec.decode(W3CHttpResponseCodec.java:133)
	at org.openqa.selenium.remote.codec.w3c.W3CHttpResponseCodec.decode(W3CHttpResponseCodec.java:53)
	at org.openqa.selenium.remote.HttpCommandExecutor.execute(HttpCommandExecutor.java:193)
	at org.openqa.selenium.remote.service.DriverCommandExecutor.invokeExecute(DriverCommandExecutor.java:183)
	at org.openqa.selenium.remote.service.DriverCommandExecutor.execute(DriverCommandExecutor.java:158)
	at org.openqa.selenium.remote.RemoteWebDriver.execute(RemoteWebDriver.java:543)
	at org.openqa.selenium.remote.RemoteWebDriver.execute(RemoteWebDriver.java:598)
	at org.openqa.selenium.remote.RemoteWebDriver.execute(RemoteWebDriver.java:602)
	at org.openqa.selenium.remote.RemoteWebDriver.getTitle(RemoteWebDriver.java:302)
	at com.codeborne.selenide.drivercommands.BrowserHealthChecker.isBrowserStillOpen(BrowserHealthChecker.java:19)
	at com.codeborne.selenide.impl.WebDriverThreadLocalContainer.getAndCheckWebDriver(WebDriverThreadLocalContainer.java:158)
	at com.codeborne.selenide.WebDriverRunner.getAndCheckWebDriver(WebDriverRunner.java:130)
	at com.codeborne.selenide.impl.StaticDriver.getAndCheckWebDriver(StaticDriver.java:65)
	at com.codeborne.selenide.SelenideDriver.getAndCheckWebDriver(SelenideDriver.java:220)
	at com.codeborne.selenide.drivercommands.Navigator.lambda$navigateTo$0(Navigator.java:72)
	at com.codeborne.selenide.logevents.SelenideLogger.lambda$run$0(SelenideLogger.java:105)
	at com.codeborne.selenide.logevents.SelenideLogger.wrap(SelenideLogger.java:133)
	at com.codeborne.selenide.logevents.SelenideLogger.run(SelenideLogger.java:104)
	at com.codeborne.selenide.drivercommands.Navigator.navigateTo(Navigator.java:70)
	at com.codeborne.selenide.drivercommands.Navigator.open(Navigator.java:32)
	at com.codeborne.selenide.SelenideDriver.open(SelenideDriver.java:101)
	at com.codeborne.selenide.Selenide.open(Selenide.java:53)
	at UI.tests.BaseUITest.setUp(BaseUITest.java:27)
	at java.base/jdk.internal.reflect.NativeMethodAccessorImpl.invoke0(Native Method)
	at java.base/jdk.internal.reflect.NativeMethodAccessorImpl.invoke(NativeMethodAccessorImpl.java:77)
	at java.base/jdk.internal.reflect.DelegatingMethodAccessorImpl.invoke(DelegatingMethodAccessorImpl.java:43)
	at java.base/java.lang.reflect.Method.invoke(Method.java:568)
	at org.testng.internal.invokers.MethodInvocationHelper.invokeMethod(MethodInvocationHelper.java:139)
	at org.testng.internal.invokers.MethodInvocationHelper.invokeMethodConsideringTimeout(MethodInvocationHelper.java:69)
	at org.testng.internal.invokers.ConfigInvoker.invokeConfigurationMethod(ConfigInvoker.java:361)
	at org.testng.internal.invokers.ConfigInvoker.invokeConfigurations(ConfigInvoker.java:296)
	at org.testng.internal.invokers.TestInvoker.runConfigMethods(TestInvoker.java:823)
	at org.testng.internal.invokers.TestInvoker.invokeMethod(TestInvoker.java:590)
	at org.testng.internal.invokers.TestInvoker.invokeTestMethod(TestInvoker.java:221)
	at org.testng.internal.invokers.MethodRunner.runInSequence(MethodRunner.java:50)
	at org.testng.internal.invokers.TestInvoker$MethodInvocationAgent.invoke(TestInvoker.java:969)
	at org.testng.internal.invokers.TestInvoker.invokeTestMethods(TestInvoker.java:194)
	at org.testng.internal.invokers.TestMethodWorker.invokeTestMethods(TestMethodWorker.java:148)
	at org.testng.internal.invokers.TestMethodWorker.run(TestMethodWorker.java:128)
	at java.base/java.util.ArrayList.forEach(ArrayList.java:1511)
	at org.testng.TestRunner.privateRun(TestRunner.java:829)
	at org.testng.TestRunner.run(TestRunner.java:602)
	at org.testng.SuiteRunner.runTest(SuiteRunner.java:437)
	at org.testng.SuiteRunner.runSequentially(SuiteRunner.java:431)
	at org.testng.SuiteRunner.privateRun(SuiteRunner.java:391)
	at org.testng.SuiteRunner.run(SuiteRunner.java:330)
	at org.testng.SuiteRunnerWorker.runSuite(SuiteRunnerWorker.java:52)
	at org.testng.SuiteRunnerWorker.run(SuiteRunnerWorker.java:95)
	at org.testng.TestNG.runSuitesSequentially(TestNG.java:1256)
	at org.testng.TestNG.runSuitesLocally(TestNG.java:1176)
	at org.testng.TestNG.runSuites(TestNG.java:1099)
	at org.testng.TestNG.run(TestNG.java:1067)
	at org.apache.maven.surefire.testng.TestNGExecutor.run(TestNGExecutor.java:324)
	at org.apache.maven.surefire.testng.TestNGXmlTestSuite.execute(TestNGXmlTestSuite.java:74)
	at org.apache.maven.surefire.testng.TestNGProvider.invoke(TestNGProvider.java:123)
	at org.apache.maven.surefire.booter.ForkedBooter.runSuitesInProcess(ForkedBooter.java:456)
	at org.apache.maven.surefire.booter.ForkedBooter.execute(ForkedBooter.java:169)
	at org.apache.maven.surefire.booter.ForkedBooter.run(ForkedBooter.java:595)
	at org.apache.maven.surefire.booter.ForkedBooter.main(ForkedBooter.java:581)
19:16:30.056 [main] INFO com.codeborne.selenide.impl.WebDriverThreadLocalContainer - Webdriver has been closed meanwhile. Let's re-create it.
19:16:30.056 [main] INFO com.codeborne.selenide.impl.FileHelper - Deleted empty folder: C:\Users\k.shmana\Desktop\r_d\Kanboard\build\downloads\1690388186717_17176_1
19:16:30.056 [main] INFO com.codeborne.selenide.drivercommands.CloseDriverCommand - Close webdriver: 1 -> ChromeDriver: chrome on windows (e8683a75d94856c8e35463f995703f28)...
19:16:30.057 [Driver Command Executor] DEBUG org.asynchttpclient.netty.request.NettyRequestSender - Using pooled Channel '[id: 0x749921ed, L:/127.0.0.1:53138 - R:localhost/127.0.0.1:46308]' for 'DELETE' to 'http://localhost:46308/session/e8683a75d94856c8e35463f995703f28'
19:16:30.057 [Driver Command Executor] DEBUG org.asynchttpclient.netty.request.NettyRequestSender - Using open Channel [id: 0x749921ed, L:/127.0.0.1:53138 - R:localhost/127.0.0.1:46308] for DELETE '/session/e8683a75d94856c8e35463f995703f28'
19:16:30.058 [AsyncHttpClient-1-17] DEBUG org.asynchttpclient.netty.handler.HttpHandler - 

Request DefaultFullHttpRequest(decodeResult: success, version: HTTP/1.1, content: EmptyByteBufBE)
DELETE /session/e8683a75d94856c8e35463f995703f28 HTTP/1.1
User-Agent: selenium/4.9.1 (java windows)
Content-Type: application/json; charset=utf-8
host: localhost:46308
accept: */*

Response DefaultHttpResponse(decodeResult: success, version: HTTP/1.1)
HTTP/1.1 200 OK
Content-Length: 14
Content-Type: application/json; charset=utf-8
cache-control: no-cache

19:16:30.058 [AsyncHttpClient-1-17] DEBUG org.asynchttpclient.netty.channel.ChannelManager - Adding key: http://localhost:46308 for channel [id: 0x749921ed, L:/127.0.0.1:53138 - R:localhost/127.0.0.1:46308]
19:16:30.060 [AsyncHttpClient-1-17] DEBUG org.asynchttpclient.netty.handler.HttpHandler - Channel Closed: [id: 0x749921ed, L:/127.0.0.1:53138 ! R:localhost/127.0.0.1:46308] with attribute DISCARD
19:16:30.125 [main] INFO com.codeborne.selenide.drivercommands.CloseDriverCommand - Closed webdriver 1 in 69 ms
19:16:30.125 [main] INFO com.codeborne.selenide.drivercommands.DisposablesRegistry - Unregister WebDriverInstance[config=StaticConfig,webDriver=ChromeDriver: chrome on windows (null),proxy=null,downloadsFolder=C:\Users\k.shmana\Desktop\r_d\Kanboard\build\downloads\1690388186717_17176_1] in 1 [size=0]
19:16:30.125 [main] DEBUG com.codeborne.selenide.drivercommands.CreateDriverCommand - Creating webdriver in thread 1 (ip: 192.168.1.2, host: N-KV-TYCH1O-F81)...
19:16:30.127 [main] INFO com.codeborne.selenide.impl.FileHelper - Creating folder: C:\Users\k.shmana\Desktop\r_d\Kanboard\build\downloads\1690388190125_17176_1
19:16:30.127 [main] DEBUG com.codeborne.selenide.webdriver.WebDriverFactory - browser=chrome
19:16:30.127 [main] DEBUG com.codeborne.selenide.webdriver.WebDriverFactory - browser.version=null
19:16:30.127 [main] DEBUG com.codeborne.selenide.webdriver.WebDriverFactory - remote=null
19:16:30.127 [main] DEBUG com.codeborne.selenide.webdriver.WebDriverFactory - browserSize=1366x768
19:16:30.127 [main] DEBUG com.codeborne.selenide.webdriver.WebDriverFactory - downloadsFolder=C:\Users\k.shmana\Desktop\r_d\Kanboard\build\downloads\1690388190125_17176_1
19:16:30.127 [Finalizer] DEBUG org.apache.http.impl.conn.DefaultClientConnection - Connection 0.0.0.0:53024<->127.0.0.1:81 closed
19:16:30.127 [Finalizer] DEBUG org.apache.http.impl.conn.DefaultClientConnection - Connection 0.0.0.0:53023<->127.0.0.1:81 closed
19:16:30.128 [Finalizer] DEBUG org.apache.http.impl.conn.DefaultClientConnection - Connection 0.0.0.0:53022<->127.0.0.1:81 closed
19:16:30.128 [Finalizer] DEBUG org.apache.http.impl.conn.DefaultClientConnection - Connection 0.0.0.0:53021<->127.0.0.1:81 closed
19:16:30.128 [main] DEBUG com.codeborne.selenide.webdriver.AbstractChromiumDriverFactory - Using chromium preferences: {credentials_enable_service=false, safebrowsing.enabled=true, plugins.always_open_pdf_externally=true, profile.default_content_setting_values.automatic_downloads=1, download.default_directory=C:\Users\k.shmana\Desktop\r_d\Kanboard\build\downloads\1690388190125_17176_1}
19:16:30.128 [Finalizer] DEBUG org.apache.http.impl.conn.DefaultClientConnection - Connection 0.0.0.0:53059<->127.0.0.1:81 closed
19:16:30.128 [Finalizer] DEBUG org.apache.http.impl.conn.DefaultClientConnection - Connection 0.0.0.0:53057<->127.0.0.1:81 closed
19:16:30.129 [Finalizer] DEBUG org.apache.http.impl.conn.DefaultClientConnection - Connection 0.0.0.0:53056<->127.0.0.1:81 closed
19:16:30.129 [Finalizer] DEBUG org.apache.http.impl.conn.DefaultClientConnection - Connection 0.0.0.0:53055<->127.0.0.1:81 closed
19:16:30.129 [Finalizer] DEBUG org.apache.http.impl.conn.DefaultClientConnection - Connection 0.0.0.0:53156<->127.0.0.1:81 closed
19:16:30.129 [Finalizer] DEBUG org.apache.http.impl.conn.DefaultClientConnection - Connection 0.0.0.0:53155<->127.0.0.1:81 closed
19:16:30.129 [main] DEBUG com.codeborne.selenide.webdriver.ChromeDriverFactory - Chrome options: Capabilities {acceptInsecureCerts: true, browserName: chrome, goog:chromeOptions: {args: [--remote-allow-origins=*, --proxy-bypass-list=<-loopb..., --disable-dev-shm-usage, --window-size=1366,768], excludeSwitches: [enable-automation, load-extension], extensions: [], prefs: {credentials_enable_service: false, download.default_directory: C:\Users\k.shmana\Desktop\r..., plugins.always_open_pdf_externally: true, profile.default_content_setting_values.automatic_downloads: 1, safebrowsing.enabled: true}}, pageLoadStrategy: normal, unhandledPromptBehavior: accept}
19:16:30.130 [Finalizer] DEBUG org.apache.http.impl.conn.DefaultClientConnection - Connection 0.0.0.0:53133<->127.0.0.1:81 closed
19:16:30.130 [Finalizer] DEBUG org.apache.http.impl.conn.DefaultClientConnection - Connection 0.0.0.0:53132<->127.0.0.1:81 closed
19:16:30.130 [Finalizer] DEBUG org.apache.http.impl.conn.DefaultClientConnection - Connection 0.0.0.0:53084<->127.0.0.1:81 closed
19:16:30.130 [Finalizer] DEBUG org.apache.http.impl.conn.DefaultClientConnection - Connection 0.0.0.0:53083<->127.0.0.1:81 closed
19:16:30.130 [Finalizer] DEBUG org.apache.http.impl.conn.DefaultClientConnection - Connection 0.0.0.0:53082<->127.0.0.1:81 closed
19:16:30.130 [Finalizer] DEBUG org.apache.http.impl.conn.DefaultClientConnection - Connection 0.0.0.0:53108<->127.0.0.1:81 closed
19:16:30.130 [Finalizer] DEBUG org.apache.http.impl.conn.DefaultClientConnection - Connection 0.0.0.0:53107<->127.0.0.1:81 closed
19:16:30.137 [main] INFO com.codeborne.selenide.webdriver.SelenideNettyClientFactory - Changed readTimeout from PT3M to PT1M30S
19:16:30.257 [AsyncHttpClient-1-4] DEBUG org.asynchttpclient.netty.channel.NettyConnectListener - Using new Channel '[id: 0xa31153b1, L:/127.0.0.1:53161 - R:localhost/127.0.0.1:3334]' for 'POST' to '/session'
19:16:30.959 [AsyncHttpClient-1-1] DEBUG org.asynchttpclient.netty.channel.DefaultChannelPool - Entry count for : http://localhost:46308 : 1
19:16:30.961 [AsyncHttpClient-1-1] DEBUG org.asynchttpclient.netty.channel.DefaultChannelPool - Adding Candidate expired Channel [id: 0x749921ed, L:/127.0.0.1:53138 ! R:localhost/127.0.0.1:46308] isIdleTimeoutExpired=false isRemotelyClosed=true isTtlExpired=false
19:16:30.961 [AsyncHttpClient-1-1] DEBUG org.asynchttpclient.netty.channel.DefaultChannelPool - Closing Idle Channel [id: 0x749921ed, L:/127.0.0.1:53138 ! R:localhost/127.0.0.1:46308]
19:16:30.961 [AsyncHttpClient-1-1] DEBUG org.asynchttpclient.netty.channel.DefaultChannelPool - Closed 1 connections out of 1 in 0 ms
19:16:31.712 [AsyncHttpClient-1-4] DEBUG org.asynchttpclient.netty.handler.HttpHandler - 

Request DefaultHttpRequest(decodeResult: success, version: HTTP/1.1)
POST /session HTTP/1.1
User-Agent: selenium/4.9.1 (java windows)
Content-Length: 996
Content-Type: application/json; charset=utf-8
host: localhost:3334
accept: */*

Response DefaultHttpResponse(decodeResult: success, version: HTTP/1.1)
HTTP/1.1 200 OK
Content-Length: 853
Content-Type: application/json; charset=utf-8
cache-control: no-cache

19:16:31.712 [AsyncHttpClient-1-4] DEBUG org.asynchttpclient.netty.channel.ChannelManager - Adding key: http://localhost:3334 for channel [id: 0xa31153b1, L:/127.0.0.1:53161 - R:localhost/127.0.0.1:3334]
19:16:31.719 [main] INFO com.codeborne.selenide.webdriver.SelenideNettyClientFactory - Changed readTimeout from PT3M to PT1M30S
19:16:31.722 [AsyncHttpClient-1-5] DEBUG org.asynchttpclient.netty.channel.NettyConnectListener - Using new Channel '[id: 0x1a7904e4, L:/127.0.0.1:53169 - R:localhost/127.0.0.1:53162]' for 'GET' to '/json/version'
19:16:31.723 [AsyncHttpClient-1-5] DEBUG org.asynchttpclient.netty.handler.HttpHandler - 

Request DefaultFullHttpRequest(decodeResult: success, version: HTTP/1.1, content: EmptyByteBufBE)
GET /json/version HTTP/1.1
User-Agent: selenium/4.9.1 (java windows)
host: localhost:53162
accept: */*

Response DefaultHttpResponse(decodeResult: success, version: HTTP/1.1)
HTTP/1.1 200 OK
Content-Security-Policy: frame-ancestors 'none'
Content-Length: 424
Content-Type: application/json; charset=UTF-8

19:16:31.723 [AsyncHttpClient-1-5] DEBUG org.asynchttpclient.netty.channel.ChannelManager - Adding key: http://localhost:53162 for channel [id: 0x1a7904e4, L:/127.0.0.1:53169 - R:localhost/127.0.0.1:53162]
19:16:31.724 [main] INFO com.codeborne.selenide.webdriver.SelenideNettyClientFactory - Changed readTimeout from PT3M to PT1M30S
19:16:31.727 [AsyncHttpClient-1-6] DEBUG org.asynchttpclient.netty.channel.NettyConnectListener - Using new Channel '[id: 0x49c6fc53, L:/127.0.0.1:53170 - R:localhost/127.0.0.1:53162]' for 'GET' to '/devtools/browser/4c96f326-426f-4bdd-a8cf-9e82956fa29f'
19:16:31.728 [AsyncHttpClient-1-6] DEBUG org.asynchttpclient.netty.handler.WebSocketHandler - 

Request DefaultFullHttpRequest(decodeResult: success, version: HTTP/1.1, content: EmptyByteBufBE)
GET /devtools/browser/4c96f326-426f-4bdd-a8cf-9e82956fa29f HTTP/1.1
upgrade: websocket
connection: upgrade
sec-websocket-key: +YKDg/n4eIRDLV9cflXJKw==
sec-websocket-version: 13
origin: http://localhost:53162
host: localhost:53162
accept: */*
user-agent: AHC/2.1

Response DefaultHttpResponse(decodeResult: success, version: HTTP/1.1)
HTTP/1.1 101 WebSocket Protocol Handshake
Upgrade: WebSocket
Connection: Upgrade
Sec-WebSocket-Accept: euv/RDUQPjOGfSKbjqpJxdeIH0Y=

19:16:31.734 [Forwarding setTimeout on session 957ab7dd5fd4f415e5875cf3b9c261a6 to remote] DEBUG org.asynchttpclient.netty.request.NettyRequestSender - Using pooled Channel '[id: 0xa31153b1, L:/127.0.0.1:53161 - R:localhost/127.0.0.1:3334]' for 'POST' to 'http://localhost:3334/session/957ab7dd5fd4f415e5875cf3b9c261a6/timeouts'
19:16:31.734 [Forwarding setTimeout on session 957ab7dd5fd4f415e5875cf3b9c261a6 to remote] DEBUG org.asynchttpclient.netty.request.NettyRequestSender - Using open Channel [id: 0xa31153b1, L:/127.0.0.1:53161 - R:localhost/127.0.0.1:3334] for POST '/session/957ab7dd5fd4f415e5875cf3b9c261a6/timeouts'
19:16:31.737 [AsyncHttpClient-1-4] DEBUG org.asynchttpclient.netty.handler.HttpHandler - 

Request DefaultHttpRequest(decodeResult: success, version: HTTP/1.1)
POST /session/957ab7dd5fd4f415e5875cf3b9c261a6/timeouts HTTP/1.1
User-Agent: selenium/4.9.1 (java windows)
Content-Length: 23
Content-Type: application/json; charset=utf-8
host: localhost:3334
accept: */*

Response DefaultHttpResponse(decodeResult: success, version: HTTP/1.1)
HTTP/1.1 200 OK
Content-Length: 14
Content-Type: application/json; charset=utf-8
cache-control: no-cache

19:16:31.737 [AsyncHttpClient-1-4] DEBUG org.asynchttpclient.netty.channel.ChannelManager - Adding key: http://localhost:3334 for channel [id: 0xa31153b1, L:/127.0.0.1:53161 - R:localhost/127.0.0.1:3334]
19:16:31.738 [main] INFO com.codeborne.selenide.webdriver.WebDriverFactory - BrowserName=chrome Version=114.0.5735.248 Platform=windows
19:16:31.738 [main] INFO com.codeborne.selenide.webdriver.WebDriverFactory - Selenide v. 6.15.0
19:16:31.738 [main] INFO com.codeborne.selenide.webdriver.WebDriverFactory - Selenium WebDriver v. 4.9.1 build revision: eb2032df7f
19:16:31.738 [main] INFO com.codeborne.selenide.drivercommands.CreateDriverCommand - Created webdriver in thread 1: ChromeDriver -> ChromeDriver: chrome on windows (957ab7dd5fd4f415e5875cf3b9c261a6)
19:16:31.738 [main] INFO com.codeborne.selenide.drivercommands.DisposablesRegistry - Register WebDriverInstance[config=StaticConfig,webDriver=ChromeDriver: chrome on windows (957ab7dd5fd4f415e5875cf3b9c261a6),proxy=null,downloadsFolder=C:\Users\k.shmana\Desktop\r_d\Kanboard\build\downloads\1690388190125_17176_1] in 1 [size=1]
19:16:31.739 [Forwarding get on session 957ab7dd5fd4f415e5875cf3b9c261a6 to remote] DEBUG org.asynchttpclient.netty.request.NettyRequestSender - Using pooled Channel '[id: 0xa31153b1, L:/127.0.0.1:53161 - R:localhost/127.0.0.1:3334]' for 'POST' to 'http://localhost:3334/session/957ab7dd5fd4f415e5875cf3b9c261a6/url'
19:16:31.739 [Forwarding get on session 957ab7dd5fd4f415e5875cf3b9c261a6 to remote] DEBUG org.asynchttpclient.netty.request.NettyRequestSender - Using open Channel [id: 0xa31153b1, L:/127.0.0.1:53161 - R:localhost/127.0.0.1:3334] for POST '/session/957ab7dd5fd4f415e5875cf3b9c261a6/url'
19:16:32.062 [AsyncHttpClient-1-1] DEBUG org.asynchttpclient.netty.channel.DefaultChannelPool - Entry count for : http://localhost:53162 : 1
19:16:32.266 [AsyncHttpClient-1-4] DEBUG org.asynchttpclient.netty.handler.HttpHandler - 

Request DefaultHttpRequest(decodeResult: success, version: HTTP/1.1)
POST /session/957ab7dd5fd4f415e5875cf3b9c261a6/url HTTP/1.1
User-Agent: selenium/4.9.1 (java windows)
Content-Length: 55
Content-Type: application/json; charset=utf-8
host: localhost:3334
accept: */*

Response DefaultHttpResponse(decodeResult: success, version: HTTP/1.1)
HTTP/1.1 200 OK
Content-Length: 14
Content-Type: application/json; charset=utf-8
cache-control: no-cache

19:16:32.267 [AsyncHttpClient-1-4] DEBUG org.asynchttpclient.netty.channel.ChannelManager - Adding key: http://localhost:3334 for channel [id: 0xa31153b1, L:/127.0.0.1:53161 - R:localhost/127.0.0.1:3334]
19:16:32.278 [Forwarding findElement on session 957ab7dd5fd4f415e5875cf3b9c261a6 to remote] DEBUG org.asynchttpclient.netty.request.NettyRequestSender - Using pooled Channel '[id: 0xa31153b1, L:/127.0.0.1:53161 - R:localhost/127.0.0.1:3334]' for 'POST' to 'http://localhost:3334/session/957ab7dd5fd4f415e5875cf3b9c261a6/element'
19:16:32.278 [Forwarding findElement on session 957ab7dd5fd4f415e5875cf3b9c261a6 to remote] DEBUG org.asynchttpclient.netty.request.NettyRequestSender - Using open Channel [id: 0xa31153b1, L:/127.0.0.1:53161 - R:localhost/127.0.0.1:3334] for POST '/session/957ab7dd5fd4f415e5875cf3b9c261a6/element'
19:16:32.305 [AsyncHttpClient-1-4] DEBUG org.asynchttpclient.netty.handler.HttpHandler - 

Request DefaultHttpRequest(decodeResult: success, version: HTTP/1.1)
POST /session/957ab7dd5fd4f415e5875cf3b9c261a6/element HTTP/1.1
User-Agent: selenium/4.9.1 (java windows)
Content-Length: 75
Content-Type: application/json; charset=utf-8
host: localhost:3334
accept: */*

Response DefaultHttpResponse(decodeResult: success, version: HTTP/1.1)
HTTP/1.1 200 OK
Content-Length: 94
Content-Type: application/json; charset=utf-8
cache-control: no-cache

19:16:32.305 [AsyncHttpClient-1-4] DEBUG org.asynchttpclient.netty.channel.ChannelManager - Adding key: http://localhost:3334 for channel [id: 0xa31153b1, L:/127.0.0.1:53161 - R:localhost/127.0.0.1:3334]
19:16:32.308 [Forwarding sendKeysToElement on session 957ab7dd5fd4f415e5875cf3b9c261a6 to remote] DEBUG org.asynchttpclient.netty.request.NettyRequestSender - Using pooled Channel '[id: 0xa31153b1, L:/127.0.0.1:53161 - R:localhost/127.0.0.1:3334]' for 'POST' to 'http://localhost:3334/session/957ab7dd5fd4f415e5875cf3b9c261a6/element/93463B1168DF7A62DABD7A8717B0B69D_element_2/value'
19:16:32.308 [Forwarding sendKeysToElement on session 957ab7dd5fd4f415e5875cf3b9c261a6 to remote] DEBUG org.asynchttpclient.netty.request.NettyRequestSender - Using open Channel [id: 0xa31153b1, L:/127.0.0.1:53161 - R:localhost/127.0.0.1:3334] for POST '/session/957ab7dd5fd4f415e5875cf3b9c261a6/element/93463B1168DF7A62DABD7A8717B0B69D_element_2/value'
19:16:32.638 [AsyncHttpClient-1-4] DEBUG org.asynchttpclient.netty.handler.HttpHandler - 

Request DefaultHttpRequest(decodeResult: success, version: HTTP/1.1)
POST /session/957ab7dd5fd4f415e5875cf3b9c261a6/element/93463B1168DF7A62DABD7A8717B0B69D_element_2/value HTTP/1.1
User-Agent: selenium/4.9.1 (java windows)
Content-Length: 117
Content-Type: application/json; charset=utf-8
host: localhost:3334
accept: */*

Response DefaultHttpResponse(decodeResult: success, version: HTTP/1.1)
HTTP/1.1 200 OK
Content-Length: 14
Content-Type: application/json; charset=utf-8
cache-control: no-cache

19:16:32.638 [AsyncHttpClient-1-4] DEBUG org.asynchttpclient.netty.channel.ChannelManager - Adding key: http://localhost:3334 for channel [id: 0xa31153b1, L:/127.0.0.1:53161 - R:localhost/127.0.0.1:3334]
19:16:32.639 [Forwarding findElement on session 957ab7dd5fd4f415e5875cf3b9c261a6 to remote] DEBUG org.asynchttpclient.netty.request.NettyRequestSender - Using pooled Channel '[id: 0xa31153b1, L:/127.0.0.1:53161 - R:localhost/127.0.0.1:3334]' for 'POST' to 'http://localhost:3334/session/957ab7dd5fd4f415e5875cf3b9c261a6/element'
19:16:32.639 [Forwarding findElement on session 957ab7dd5fd4f415e5875cf3b9c261a6 to remote] DEBUG org.asynchttpclient.netty.request.NettyRequestSender - Using open Channel [id: 0xa31153b1, L:/127.0.0.1:53161 - R:localhost/127.0.0.1:3334] for POST '/session/957ab7dd5fd4f415e5875cf3b9c261a6/element'
19:16:32.680 [AsyncHttpClient-1-4] DEBUG org.asynchttpclient.netty.handler.HttpHandler - 

Request DefaultHttpRequest(decodeResult: success, version: HTTP/1.1)
POST /session/957ab7dd5fd4f415e5875cf3b9c261a6/element HTTP/1.1
User-Agent: selenium/4.9.1 (java windows)
Content-Length: 75
Content-Type: application/json; charset=utf-8
host: localhost:3334
accept: */*

Response DefaultHttpResponse(decodeResult: success, version: HTTP/1.1)
HTTP/1.1 200 OK
Content-Length: 94
Content-Type: application/json; charset=utf-8
cache-control: no-cache

19:16:32.680 [AsyncHttpClient-1-4] DEBUG org.asynchttpclient.netty.channel.ChannelManager - Adding key: http://localhost:3334 for channel [id: 0xa31153b1, L:/127.0.0.1:53161 - R:localhost/127.0.0.1:3334]
19:16:32.682 [Forwarding sendKeysToElement on session 957ab7dd5fd4f415e5875cf3b9c261a6 to remote] DEBUG org.asynchttpclient.netty.request.NettyRequestSender - Using pooled Channel '[id: 0xa31153b1, L:/127.0.0.1:53161 - R:localhost/127.0.0.1:3334]' for 'POST' to 'http://localhost:3334/session/957ab7dd5fd4f415e5875cf3b9c261a6/element/93463B1168DF7A62DABD7A8717B0B69D_element_3/value'
19:16:32.682 [Forwarding sendKeysToElement on session 957ab7dd5fd4f415e5875cf3b9c261a6 to remote] DEBUG org.asynchttpclient.netty.request.NettyRequestSender - Using open Channel [id: 0xa31153b1, L:/127.0.0.1:53161 - R:localhost/127.0.0.1:3334] for POST '/session/957ab7dd5fd4f415e5875cf3b9c261a6/element/93463B1168DF7A62DABD7A8717B0B69D_element_3/value'
19:16:32.851 [AsyncHttpClient-1-4] DEBUG org.asynchttpclient.netty.handler.HttpHandler - 

Request DefaultHttpRequest(decodeResult: success, version: HTTP/1.1)
POST /session/957ab7dd5fd4f415e5875cf3b9c261a6/element/93463B1168DF7A62DABD7A8717B0B69D_element_3/value HTTP/1.1
User-Agent: selenium/4.9.1 (java windows)
Content-Length: 297
Content-Type: application/json; charset=utf-8
host: localhost:3334
accept: */*

Response DefaultHttpResponse(decodeResult: success, version: HTTP/1.1)
HTTP/1.1 200 OK
Content-Length: 14
Content-Type: application/json; charset=utf-8
cache-control: no-cache

19:16:32.852 [AsyncHttpClient-1-4] DEBUG org.asynchttpclient.netty.channel.ChannelManager - Adding key: http://localhost:3334 for channel [id: 0xa31153b1, L:/127.0.0.1:53161 - R:localhost/127.0.0.1:3334]
19:16:32.853 [Forwarding findElement on session 957ab7dd5fd4f415e5875cf3b9c261a6 to remote] DEBUG org.asynchttpclient.netty.request.NettyRequestSender - Using pooled Channel '[id: 0xa31153b1, L:/127.0.0.1:53161 - R:localhost/127.0.0.1:3334]' for 'POST' to 'http://localhost:3334/session/957ab7dd5fd4f415e5875cf3b9c261a6/element'
19:16:32.853 [Forwarding findElement on session 957ab7dd5fd4f415e5875cf3b9c261a6 to remote] DEBUG org.asynchttpclient.netty.request.NettyRequestSender - Using open Channel [id: 0xa31153b1, L:/127.0.0.1:53161 - R:localhost/127.0.0.1:3334] for POST '/session/957ab7dd5fd4f415e5875cf3b9c261a6/element'
19:16:32.878 [AsyncHttpClient-1-4] DEBUG org.asynchttpclient.netty.handler.HttpHandler - 

Request DefaultHttpRequest(decodeResult: success, version: HTTP/1.1)
POST /session/957ab7dd5fd4f415e5875cf3b9c261a6/element HTTP/1.1
User-Agent: selenium/4.9.1 (java windows)
Content-Length: 73
Content-Type: application/json; charset=utf-8
host: localhost:3334
accept: */*

Response DefaultHttpResponse(decodeResult: success, version: HTTP/1.1)
HTTP/1.1 200 OK
Content-Length: 94
Content-Type: application/json; charset=utf-8
cache-control: no-cache

19:16:32.878 [AsyncHttpClient-1-4] DEBUG org.asynchttpclient.netty.channel.ChannelManager - Adding key: http://localhost:3334 for channel [id: 0xa31153b1, L:/127.0.0.1:53161 - R:localhost/127.0.0.1:3334]
19:16:32.881 [Forwarding isElementDisplayed on session 957ab7dd5fd4f415e5875cf3b9c261a6 to remote] DEBUG org.asynchttpclient.netty.request.NettyRequestSender - Using pooled Channel '[id: 0xa31153b1, L:/127.0.0.1:53161 - R:localhost/127.0.0.1:3334]' for 'POST' to 'http://localhost:3334/session/957ab7dd5fd4f415e5875cf3b9c261a6/execute/sync'
19:16:32.881 [Forwarding isElementDisplayed on session 957ab7dd5fd4f415e5875cf3b9c261a6 to remote] DEBUG org.asynchttpclient.netty.request.NettyRequestSender - Using open Channel [id: 0xa31153b1, L:/127.0.0.1:53161 - R:localhost/127.0.0.1:3334] for POST '/session/957ab7dd5fd4f415e5875cf3b9c261a6/execute/sync'
19:16:32.903 [AsyncHttpClient-1-4] DEBUG org.asynchttpclient.netty.handler.HttpHandler - 

Request DefaultHttpRequest(decodeResult: success, version: HTTP/1.1)
POST /session/957ab7dd5fd4f415e5875cf3b9c261a6/execute/sync HTTP/1.1
User-Agent: selenium/4.9.1 (java windows)
Content-Length: 48813
Content-Type: application/json; charset=utf-8
host: localhost:3334
accept: */*

Response DefaultHttpResponse(decodeResult: success, version: HTTP/1.1)
HTTP/1.1 200 OK
Content-Length: 14
Content-Type: application/json; charset=utf-8
cache-control: no-cache

19:16:32.904 [AsyncHttpClient-1-4] DEBUG org.asynchttpclient.netty.channel.ChannelManager - Adding key: http://localhost:3334 for channel [id: 0xa31153b1, L:/127.0.0.1:53161 - R:localhost/127.0.0.1:3334]
19:16:32.905 [Forwarding isElementEnabled on session 957ab7dd5fd4f415e5875cf3b9c261a6 to remote] DEBUG org.asynchttpclient.netty.request.NettyRequestSender - Using pooled Channel '[id: 0xa31153b1, L:/127.0.0.1:53161 - R:localhost/127.0.0.1:3334]' for 'GET' to 'http://localhost:3334/session/957ab7dd5fd4f415e5875cf3b9c261a6/element/93463B1168DF7A62DABD7A8717B0B69D_element_5/enabled'
19:16:32.905 [Forwarding isElementEnabled on session 957ab7dd5fd4f415e5875cf3b9c261a6 to remote] DEBUG org.asynchttpclient.netty.request.NettyRequestSender - Using open Channel [id: 0xa31153b1, L:/127.0.0.1:53161 - R:localhost/127.0.0.1:3334] for GET '/session/957ab7dd5fd4f415e5875cf3b9c261a6/element/93463B1168DF7A62DABD7A8717B0B69D_element_5/enabled'
19:16:32.915 [AsyncHttpClient-1-4] DEBUG org.asynchttpclient.netty.handler.HttpHandler - 

Request DefaultFullHttpRequest(decodeResult: success, version: HTTP/1.1, content: EmptyByteBufBE)
GET /session/957ab7dd5fd4f415e5875cf3b9c261a6/element/93463B1168DF7A62DABD7A8717B0B69D_element_5/enabled HTTP/1.1
User-Agent: selenium/4.9.1 (java windows)
Cache-Control: no-cache
Content-Type: application/json; charset=utf-8
host: localhost:3334
accept: */*

Response DefaultHttpResponse(decodeResult: success, version: HTTP/1.1)
HTTP/1.1 200 OK
Content-Length: 14
Content-Type: application/json; charset=utf-8
cache-control: no-cache

19:16:32.915 [AsyncHttpClient-1-4] DEBUG org.asynchttpclient.netty.channel.ChannelManager - Adding key: http://localhost:3334 for channel [id: 0xa31153b1, L:/127.0.0.1:53161 - R:localhost/127.0.0.1:3334]
19:16:32.916 [Forwarding clickElement on session 957ab7dd5fd4f415e5875cf3b9c261a6 to remote] DEBUG org.asynchttpclient.netty.request.NettyRequestSender - Using pooled Channel '[id: 0xa31153b1, L:/127.0.0.1:53161 - R:localhost/127.0.0.1:3334]' for 'POST' to 'http://localhost:3334/session/957ab7dd5fd4f415e5875cf3b9c261a6/element/93463B1168DF7A62DABD7A8717B0B69D_element_5/click'
19:16:32.916 [Forwarding clickElement on session 957ab7dd5fd4f415e5875cf3b9c261a6 to remote] DEBUG org.asynchttpclient.netty.request.NettyRequestSender - Using open Channel [id: 0xa31153b1, L:/127.0.0.1:53161 - R:localhost/127.0.0.1:3334] for POST '/session/957ab7dd5fd4f415e5875cf3b9c261a6/element/93463B1168DF7A62DABD7A8717B0B69D_element_5/click'
19:16:33.131 [AsyncHttpClient-1-4] DEBUG org.asynchttpclient.netty.handler.HttpHandler - 

Request DefaultHttpRequest(decodeResult: success, version: HTTP/1.1)
POST /session/957ab7dd5fd4f415e5875cf3b9c261a6/element/93463B1168DF7A62DABD7A8717B0B69D_element_5/click HTTP/1.1
User-Agent: selenium/4.9.1 (java windows)
Content-Length: 56
Content-Type: application/json; charset=utf-8
host: localhost:3334
accept: */*

Response DefaultHttpResponse(decodeResult: success, version: HTTP/1.1)
HTTP/1.1 200 OK
Content-Length: 14
Content-Type: application/json; charset=utf-8
cache-control: no-cache

19:16:33.131 [AsyncHttpClient-1-4] DEBUG org.asynchttpclient.netty.channel.ChannelManager - Adding key: http://localhost:3334 for channel [id: 0xa31153b1, L:/127.0.0.1:53161 - R:localhost/127.0.0.1:3334]
19:16:33.134 [Forwarding findElement on session 957ab7dd5fd4f415e5875cf3b9c261a6 to remote] DEBUG org.asynchttpclient.netty.request.NettyRequestSender - Using pooled Channel '[id: 0xa31153b1, L:/127.0.0.1:53161 - R:localhost/127.0.0.1:3334]' for 'POST' to 'http://localhost:3334/session/957ab7dd5fd4f415e5875cf3b9c261a6/element'
19:16:33.134 [Forwarding findElement on session 957ab7dd5fd4f415e5875cf3b9c261a6 to remote] DEBUG org.asynchttpclient.netty.request.NettyRequestSender - Using open Channel [id: 0xa31153b1, L:/127.0.0.1:53161 - R:localhost/127.0.0.1:3334] for POST '/session/957ab7dd5fd4f415e5875cf3b9c261a6/element'
19:16:33.154 [AsyncHttpClient-1-4] DEBUG org.asynchttpclient.netty.handler.HttpHandler - 

Request DefaultHttpRequest(decodeResult: success, version: HTTP/1.1)
POST /session/957ab7dd5fd4f415e5875cf3b9c261a6/element HTTP/1.1
User-Agent: selenium/4.9.1 (java windows)
Content-Length: 78
Content-Type: application/json; charset=utf-8
host: localhost:3334
accept: */*

Response DefaultHttpResponse(decodeResult: success, version: HTTP/1.1)
HTTP/1.1 200 OK
Content-Length: 94
Content-Type: application/json; charset=utf-8
cache-control: no-cache

19:16:33.154 [AsyncHttpClient-1-4] DEBUG org.asynchttpclient.netty.channel.ChannelManager - Adding key: http://localhost:3334 for channel [id: 0xa31153b1, L:/127.0.0.1:53161 - R:localhost/127.0.0.1:3334]
19:16:33.157 [Forwarding getElementTagName on session 957ab7dd5fd4f415e5875cf3b9c261a6 to remote] DEBUG org.asynchttpclient.netty.request.NettyRequestSender - Using pooled Channel '[id: 0xa31153b1, L:/127.0.0.1:53161 - R:localhost/127.0.0.1:3334]' for 'GET' to 'http://localhost:3334/session/957ab7dd5fd4f415e5875cf3b9c261a6/element/E9DBAA05ED63C8A920148B2236E6D79B_element_8/name'
19:16:33.157 [Forwarding getElementTagName on session 957ab7dd5fd4f415e5875cf3b9c261a6 to remote] DEBUG org.asynchttpclient.netty.request.NettyRequestSender - Using open Channel [id: 0xa31153b1, L:/127.0.0.1:53161 - R:localhost/127.0.0.1:3334] for GET '/session/957ab7dd5fd4f415e5875cf3b9c261a6/element/E9DBAA05ED63C8A920148B2236E6D79B_element_8/name'
19:16:33.161 [AsyncHttpClient-1-1] DEBUG org.asynchttpclient.netty.channel.DefaultChannelPool - Entry count for : http://localhost:53162 : 1
19:16:33.164 [AsyncHttpClient-1-4] DEBUG org.asynchttpclient.netty.handler.HttpHandler - 

Request DefaultFullHttpRequest(decodeResult: success, version: HTTP/1.1, content: EmptyByteBufBE)
GET /session/957ab7dd5fd4f415e5875cf3b9c261a6/element/E9DBAA05ED63C8A920148B2236E6D79B_element_8/name HTTP/1.1
User-Agent: selenium/4.9.1 (java windows)
Cache-Control: no-cache
Content-Type: application/json; charset=utf-8
host: localhost:3334
accept: */*

Response DefaultHttpResponse(decodeResult: success, version: HTTP/1.1)
HTTP/1.1 200 OK
Content-Length: 13
Content-Type: application/json; charset=utf-8
cache-control: no-cache

19:16:33.164 [AsyncHttpClient-1-4] DEBUG org.asynchttpclient.netty.channel.ChannelManager - Adding key: http://localhost:3334 for channel [id: 0xa31153b1, L:/127.0.0.1:53161 - R:localhost/127.0.0.1:3334]
19:16:33.165 [Forwarding getElementText on session 957ab7dd5fd4f415e5875cf3b9c261a6 to remote] DEBUG org.asynchttpclient.netty.request.NettyRequestSender - Using pooled Channel '[id: 0xa31153b1, L:/127.0.0.1:53161 - R:localhost/127.0.0.1:3334]' for 'GET' to 'http://localhost:3334/session/957ab7dd5fd4f415e5875cf3b9c261a6/element/E9DBAA05ED63C8A920148B2236E6D79B_element_8/text'
19:16:33.165 [Forwarding getElementText on session 957ab7dd5fd4f415e5875cf3b9c261a6 to remote] DEBUG org.asynchttpclient.netty.request.NettyRequestSender - Using open Channel [id: 0xa31153b1, L:/127.0.0.1:53161 - R:localhost/127.0.0.1:3334] for GET '/session/957ab7dd5fd4f415e5875cf3b9c261a6/element/E9DBAA05ED63C8A920148B2236E6D79B_element_8/text'
19:16:33.189 [AsyncHttpClient-1-4] DEBUG org.asynchttpclient.netty.handler.HttpHandler - 

Request DefaultFullHttpRequest(decodeResult: success, version: HTTP/1.1, content: EmptyByteBufBE)
GET /session/957ab7dd5fd4f415e5875cf3b9c261a6/element/E9DBAA05ED63C8A920148B2236E6D79B_element_8/text HTTP/1.1
User-Agent: selenium/4.9.1 (java windows)
Cache-Control: no-cache
Content-Type: application/json; charset=utf-8
host: localhost:3334
accept: */*

Response DefaultHttpResponse(decodeResult: success, version: HTTP/1.1)
HTTP/1.1 200 OK
Content-Length: 36
Content-Type: application/json; charset=utf-8
cache-control: no-cache

19:16:33.190 [AsyncHttpClient-1-4] DEBUG org.asynchttpclient.netty.channel.ChannelManager - Adding key: http://localhost:3334 for channel [id: 0xa31153b1, L:/127.0.0.1:53161 - R:localhost/127.0.0.1:3334]
]]></system-out>
    <system-err><![CDATA[июл. 26, 2023 7:16:29 PM org.openqa.selenium.remote.http.WebSocket$Listener onError
WARNING: Connection reset
java.net.SocketException: Connection reset
	at java.base/sun.nio.ch.SocketChannelImpl.throwConnectionReset(SocketChannelImpl.java:394)
	at java.base/sun.nio.ch.SocketChannelImpl.read(SocketChannelImpl.java:426)
	at io.netty.buffer.PooledByteBuf.setBytes(PooledByteBuf.java:256)
	at io.netty.buffer.AbstractByteBuf.writeBytes(AbstractByteBuf.java:1132)
	at io.netty.channel.socket.nio.NioSocketChannel.doReadBytes(NioSocketChannel.java:357)
	at io.netty.channel.nio.AbstractNioByteChannel$NioByteUnsafe.read(AbstractNioByteChannel.java:151)
	at io.netty.channel.nio.NioEventLoop.processSelectedKey(NioEventLoop.java:788)
	at io.netty.channel.nio.NioEventLoop.processSelectedKeysOptimized(NioEventLoop.java:724)
	at io.netty.channel.nio.NioEventLoop.processSelectedKeys(NioEventLoop.java:650)
	at io.netty.channel.nio.NioEventLoop.run(NioEventLoop.java:562)
	at io.netty.util.concurrent.SingleThreadEventExecutor$4.run(SingleThreadEventExecutor.java:997)
	at io.netty.util.internal.ThreadExecutorMap$2.run(ThreadExecutorMap.java:74)
	at io.netty.util.concurrent.FastThreadLocalRunnable.run(FastThreadLocalRunnable.java:30)
	at java.base/java.lang.Thread.run(Thread.java:833)

Starting ChromeDriver 114.0.5735.90 (386bc09e8f4f2e025eddae123f36f6263096ae49-refs/branch-heads/5735@{#1052}) on port 3334
Only local connections are allowed.
Please see https://chromedriver.chromium.org/security-considerations for suggestions on keeping ChromeDriver safe.
ChromeDriver was started successfully.
июл. 26, 2023 7:16:31 PM org.openqa.selenium.devtools.CdpVersionFinder findNearestMatch
WARNING: Unable to find an exact match for CDP version 114, so returning the closest version found: 113
]]></system-err>
  </testcase>
</testsuite>