<?xml version="1.0" encoding="UTF-8"?>
<testsuite xmlns:xsi="http://www.w3.org/2001/XMLSchema-instance" xsi:noNamespaceSchemaLocation="https://maven.apache.org/surefire/maven-surefire-plugin/xsd/surefire-test-report-3.0.xsd" version="3.0" name="TestSuite" time="9.753" tests="6" errors="0" skipped="0" failures="0">
  <properties>
    <property name="java.specification.version" value="17"/>
    <property name="sun.cpu.isalist" value="amd64"/>
    <property name="sun.jnu.encoding" value="Cp1251"/>
    <property name="java.class.path" value="C:\Users\k.shmana\Desktop\r_d\Kanboard\target\test-classes;C:\Users\k.shmana\Desktop\r_d\Kanboard\target\classes;C:\Users\k.shmana\.m2\repository\org\testng\testng\7.7.1\testng-7.7.1.jar;C:\Users\k.shmana\.m2\repository\com\beust\jcommander\1.82\jcommander-1.82.jar;C:\Users\k.shmana\.m2\repository\org\webjars\jquery\3.6.1\jquery-3.6.1.jar;C:\Users\k.shmana\.m2\repository\io\qameta\allure\allure-testng\2.22.0\allure-testng-2.22.0.jar;C:\Users\k.shmana\.m2\repository\io\qameta\allure\allure-java-commons\2.22.0\allure-java-commons-2.22.0.jar;C:\Users\k.shmana\.m2\repository\io\qameta\allure\allure-model\2.22.0\allure-model-2.22.0.jar;C:\Users\k.shmana\.m2\repository\io\qameta\allure\allure-test-filter\2.22.0\allure-test-filter-2.22.0.jar;C:\Users\k.shmana\.m2\repository\org\seleniumhq\selenium\selenium-java\4.9.1\selenium-java-4.9.1.jar;C:\Users\k.shmana\.m2\repository\org\seleniumhq\selenium\selenium-api\4.9.1\selenium-api-4.9.1.jar;C:\Users\k.shmana\.m2\repository\org\seleniumhq\selenium\selenium-devtools-v111\4.9.1\selenium-devtools-v111-4.9.1.jar;C:\Users\k.shmana\.m2\repository\org\seleniumhq\selenium\selenium-devtools-v112\4.9.1\selenium-devtools-v112-4.9.1.jar;C:\Users\k.shmana\.m2\repository\org\seleniumhq\selenium\selenium-devtools-v113\4.9.1\selenium-devtools-v113-4.9.1.jar;C:\Users\k.shmana\.m2\repository\org\seleniumhq\selenium\selenium-devtools-v85\4.9.1\selenium-devtools-v85-4.9.1.jar;C:\Users\k.shmana\.m2\repository\org\seleniumhq\selenium\selenium-edge-driver\4.9.1\selenium-edge-driver-4.9.1.jar;C:\Users\k.shmana\.m2\repository\org\seleniumhq\selenium\selenium-ie-driver\4.9.1\selenium-ie-driver-4.9.1.jar;C:\Users\k.shmana\.m2\repository\org\seleniumhq\selenium\selenium-remote-driver\4.9.1\selenium-remote-driver-4.9.1.jar;C:\Users\k.shmana\.m2\repository\io\netty\netty-buffer\4.1.91.Final\netty-buffer-4.1.91.Final.jar;C:\Users\k.shmana\.m2\repository\io\netty\netty-codec-http\4.1.91.Final\netty-codec-http-4.1.91.Final.jar;C:\Users\k.shmana\.m2\repository\io\netty\netty-codec\4.1.91.Final\netty-codec-4.1.91.Final.jar;C:\Users\k.shmana\.m2\repository\io\netty\netty-handler\4.1.91.Final\netty-handler-4.1.91.Final.jar;C:\Users\k.shmana\.m2\repository\io\netty\netty-common\4.1.91.Final\netty-common-4.1.91.Final.jar;C:\Users\k.shmana\.m2\repository\io\netty\netty-transport-classes-epoll\4.1.91.Final\netty-transport-classes-epoll-4.1.91.Final.jar;C:\Users\k.shmana\.m2\repository\io\netty\netty-transport-classes-kqueue\4.1.91.Final\netty-transport-classes-kqueue-4.1.91.Final.jar;C:\Users\k.shmana\.m2\repository\io\netty\netty-transport-native-epoll\4.1.91.Final\netty-transport-native-epoll-4.1.91.Final.jar;C:\Users\k.shmana\.m2\repository\io\netty\netty-transport-native-kqueue\4.1.91.Final\netty-transport-native-kqueue-4.1.91.Final.jar;C:\Users\k.shmana\.m2\repository\io\netty\netty-transport-native-unix-common\4.1.91.Final\netty-transport-native-unix-common-4.1.91.Final.jar;C:\Users\k.shmana\.m2\repository\io\netty\netty-transport\4.1.91.Final\netty-transport-4.1.91.Final.jar;C:\Users\k.shmana\.m2\repository\io\netty\netty-resolver\4.1.91.Final\netty-resolver-4.1.91.Final.jar;C:\Users\k.shmana\.m2\repository\io\opentelemetry\opentelemetry-api\1.25.0\opentelemetry-api-1.25.0.jar;C:\Users\k.shmana\.m2\repository\io\opentelemetry\opentelemetry-context\1.25.0\opentelemetry-context-1.25.0.jar;C:\Users\k.shmana\.m2\repository\io\opentelemetry\opentelemetry-exporter-logging\1.25.0\opentelemetry-exporter-logging-1.25.0.jar;C:\Users\k.shmana\.m2\repository\io\opentelemetry\opentelemetry-sdk-metrics\1.25.0\opentelemetry-sdk-metrics-1.25.0.jar;C:\Users\k.shmana\.m2\repository\io\opentelemetry\opentelemetry-sdk-logs\1.25.0-alpha\opentelemetry-sdk-logs-1.25.0-alpha.jar;C:\Users\k.shmana\.m2\repository\io\opentelemetry\opentelemetry-api-logs\1.25.0-alpha\opentelemetry-api-logs-1.25.0-alpha.jar;C:\Users\k.shmana\.m2\repository\io\opentelemetry\opentelemetry-api-events\1.25.0-alpha\opentelemetry-api-events-1.25.0-alpha.jar;C:\Users\k.shmana\.m2\repository\io\opentelemetry\opentelemetry-sdk-common\1.25.0\opentelemetry-sdk-common-1.25.0.jar;C:\Users\k.shmana\.m2\repository\io\opentelemetry\opentelemetry-sdk-extension-autoconfigure-spi\1.25.0\opentelemetry-sdk-extension-autoconfigure-spi-1.25.0.jar;C:\Users\k.shmana\.m2\repository\io\opentelemetry\opentelemetry-sdk-extension-autoconfigure\1.25.0-alpha\opentelemetry-sdk-extension-autoconfigure-1.25.0-alpha.jar;C:\Users\k.shmana\.m2\repository\io\opentelemetry\opentelemetry-sdk-trace\1.25.0\opentelemetry-sdk-trace-1.25.0.jar;C:\Users\k.shmana\.m2\repository\io\opentelemetry\opentelemetry-sdk\1.25.0\opentelemetry-sdk-1.25.0.jar;C:\Users\k.shmana\.m2\repository\io\opentelemetry\opentelemetry-semconv\1.25.0-alpha\opentelemetry-semconv-1.25.0-alpha.jar;C:\Users\k.shmana\.m2\repository\io\ous\jtoml\2.0.0\jtoml-2.0.0.jar;C:\Users\k.shmana\.m2\repository\net\bytebuddy\byte-buddy\1.14.4\byte-buddy-1.14.4.jar;C:\Users\k.shmana\.m2\repository\org\apache\commons\commons-exec\1.3\commons-exec-1.3.jar;C:\Users\k.shmana\.m2\repository\org\asynchttpclient\async-http-client\2.12.3\async-http-client-2.12.3.jar;C:\Users\k.shmana\.m2\repository\org\asynchttpclient\async-http-client-netty-utils\2.12.3\async-http-client-netty-utils-2.12.3.jar;C:\Users\k.shmana\.m2\repository\io\netty\netty-codec-socks\4.1.60.Final\netty-codec-socks-4.1.60.Final.jar;C:\Users\k.shmana\.m2\repository\io\netty\netty-handler-proxy\4.1.60.Final\netty-handler-proxy-4.1.60.Final.jar;C:\Users\k.shmana\.m2\repository\io\netty\netty-transport-native-epoll\4.1.60.Final\netty-transport-native-epoll-4.1.60.Final-linux-x86_64.jar;C:\Users\k.shmana\.m2\repository\io\netty\netty-transport-native-kqueue\4.1.60.Final\netty-transport-native-kqueue-4.1.60.Final-osx-x86_64.jar;C:\Users\k.shmana\.m2\repository\org\reactivestreams\reactive-streams\1.0.3\reactive-streams-1.0.3.jar;C:\Users\k.shmana\.m2\repository\com\typesafe\netty\netty-reactive-streams\2.0.4\netty-reactive-streams-2.0.4.jar;C:\Users\k.shmana\.m2\repository\com\sun\activation\jakarta.activation\1.2.2\jakarta.activation-1.2.2.jar;C:\Users\k.shmana\.m2\repository\org\seleniumhq\selenium\selenium-safari-driver\4.9.1\selenium-safari-driver-4.9.1.jar;C:\Users\k.shmana\.m2\repository\org\seleniumhq\selenium\selenium-support\4.9.1\selenium-support-4.9.1.jar;C:\Users\k.shmana\.m2\repository\io\github\bonigarcia\webdrivermanager\5.3.3\webdrivermanager-5.3.3.jar;C:\Users\k.shmana\.m2\repository\com\google\code\gson\gson\2.10.1\gson-2.10.1.jar;C:\Users\k.shmana\.m2\repository\com\github\docker-java\docker-java\3.3.0\docker-java-3.3.0.jar;C:\Users\k.shmana\.m2\repository\com\github\docker-java\docker-java-core\3.3.0\docker-java-core-3.3.0.jar;C:\Users\k.shmana\.m2\repository\com\github\docker-java\docker-java-api\3.3.0\docker-java-api-3.3.0.jar;C:\Users\k.shmana\.m2\repository\org\bouncycastle\bcpkix-jdk15on\1.64\bcpkix-jdk15on-1.64.jar;C:\Users\k.shmana\.m2\repository\org\bouncycastle\bcprov-jdk15on\1.64\bcprov-jdk15on-1.64.jar;C:\Users\k.shmana\.m2\repository\org\slf4j\jcl-over-slf4j\1.7.30\jcl-over-slf4j-1.7.30.jar;C:\Users\k.shmana\.m2\repository\com\github\docker-java\docker-java-transport-httpclient5\3.3.0\docker-java-transport-httpclient5-3.3.0.jar;C:\Users\k.shmana\.m2\repository\com\github\docker-java\docker-java-transport\3.3.0\docker-java-transport-3.3.0.jar;C:\Users\k.shmana\.m2\repository\net\java\dev\jna\jna\5.12.1\jna-5.12.1.jar;C:\Users\k.shmana\.m2\repository\org\brotli\dec\0.1.2\dec-0.1.2.jar;C:\Users\k.shmana\.m2\repository\org\apache\commons\commons-lang3\3.12.0\commons-lang3-3.12.0.jar;C:\Users\k.shmana\.m2\repository\org\apache\httpcomponents\client5\httpclient5\5.2.1\httpclient5-5.2.1.jar;C:\Users\k.shmana\.m2\repository\org\apache\httpcomponents\core5\httpcore5\5.2\httpcore5-5.2.jar;C:\Users\k.shmana\.m2\repository\org\apache\httpcomponents\core5\httpcore5-h2\5.2\httpcore5-h2-5.2.jar;C:\Users\k.shmana\.m2\repository\com\github\javafaker\javafaker\1.0.2\javafaker-1.0.2.jar;C:\Users\k.shmana\.m2\repository\org\yaml\snakeyaml\1.23\snakeyaml-1.23-android.jar;C:\Users\k.shmana\.m2\repository\com\github\mifmif\generex\1.0.2\generex-1.0.2.jar;C:\Users\k.shmana\.m2\repository\dk\brics\automaton\automaton\1.11-8\automaton-1.11-8.jar;C:\Users\k.shmana\.m2\repository\com\codeborne\selenide\6.16.1\selenide-6.16.1.jar;C:\Users\k.shmana\.m2\repository\com\codeborne\selenide-core\6.16.1\selenide-core-6.16.1.jar;C:\Users\k.shmana\.m2\repository\org\opentest4j\opentest4j\1.3.0\opentest4j-1.3.0.jar;C:\Users\k.shmana\.m2\repository\org\apache\commons\commons-compress\1.23.0\commons-compress-1.23.0.jar;C:\Users\k.shmana\.m2\repository\com\google\guava\guava\32.1.1-jre\guava-32.1.1-jre.jar;C:\Users\k.shmana\.m2\repository\com\google\guava\failureaccess\1.0.1\failureaccess-1.0.1.jar;C:\Users\k.shmana\.m2\repository\com\google\guava\listenablefuture\9999.0-empty-to-avoid-conflict-with-guava\listenablefuture-9999.0-empty-to-avoid-conflict-with-guava.jar;C:\Users\k.shmana\.m2\repository\com\google\code\findbugs\jsr305\3.0.2\jsr305-3.0.2.jar;C:\Users\k.shmana\.m2\repository\org\checkerframework\checker-qual\3.33.0\checker-qual-3.33.0.jar;C:\Users\k.shmana\.m2\repository\com\google\errorprone\error_prone_annotations\2.18.0\error_prone_annotations-2.18.0.jar;C:\Users\k.shmana\.m2\repository\com\google\j2objc\j2objc-annotations\2.8\j2objc-annotations-2.8.jar;C:\Users\k.shmana\.m2\repository\commons-io\commons-io\2.13.0\commons-io-2.13.0.jar;C:\Users\k.shmana\.m2\repository\org\json\json\20220320\json-20220320.jar;C:\Users\k.shmana\.m2\repository\com\fasterxml\jackson\core\jackson-databind\2.15.2\jackson-databind-2.15.2.jar;C:\Users\k.shmana\.m2\repository\com\fasterxml\jackson\core\jackson-annotations\2.15.2\jackson-annotations-2.15.2.jar;C:\Users\k.shmana\.m2\repository\com\fasterxml\jackson\core\jackson-core\2.15.2\jackson-core-2.15.2.jar;C:\Users\k.shmana\.m2\repository\io\rest-assured\rest-assured\5.3.0\rest-assured-5.3.0.jar;C:\Users\k.shmana\.m2\repository\org\apache\groovy\groovy\4.0.6\groovy-4.0.6.jar;C:\Users\k.shmana\.m2\repository\org\apache\groovy\groovy-xml\4.0.6\groovy-xml-4.0.6.jar;C:\Users\k.shmana\.m2\repository\org\apache\httpcomponents\httpclient\4.5.13\httpclient-4.5.13.jar;C:\Users\k.shmana\.m2\repository\org\apache\httpcomponents\httpcore\4.4.13\httpcore-4.4.13.jar;C:\Users\k.shmana\.m2\repository\commons-logging\commons-logging\1.2\commons-logging-1.2.jar;C:\Users\k.shmana\.m2\repository\commons-codec\commons-codec\1.11\commons-codec-1.11.jar;C:\Users\k.shmana\.m2\repository\org\apache\httpcomponents\httpmime\4.5.13\httpmime-4.5.13.jar;C:\Users\k.shmana\.m2\repository\org\hamcrest\hamcrest\2.1\hamcrest-2.1.jar;C:\Users\k.shmana\.m2\repository\org\ccil\cowan\tagsoup\tagsoup\1.2.1\tagsoup-1.2.1.jar;C:\Users\k.shmana\.m2\repository\io\rest-assured\json-path\5.3.0\json-path-5.3.0.jar;C:\Users\k.shmana\.m2\repository\org\apache\groovy\groovy-json\4.0.6\groovy-json-4.0.6.jar;C:\Users\k.shmana\.m2\repository\io\rest-assured\rest-assured-common\5.3.0\rest-assured-common-5.3.0.jar;C:\Users\k.shmana\.m2\repository\io\rest-assured\xml-path\5.3.0\xml-path-5.3.0.jar;C:\Users\k.shmana\.m2\repository\io\rest-assured\json-schema-validator\5.3.0\json-schema-validator-5.3.0.jar;C:\Users\k.shmana\.m2\repository\com\github\java-json-tools\json-schema-validator\2.2.14\json-schema-validator-2.2.14.jar;C:\Users\k.shmana\.m2\repository\com\github\java-json-tools\jackson-coreutils-equivalence\1.0\jackson-coreutils-equivalence-1.0.jar;C:\Users\k.shmana\.m2\repository\com\github\java-json-tools\jackson-coreutils\2.0\jackson-coreutils-2.0.jar;C:\Users\k.shmana\.m2\repository\com\github\java-json-tools\msg-simple\1.2\msg-simple-1.2.jar;C:\Users\k.shmana\.m2\repository\com\github\java-json-tools\btf\1.3\btf-1.3.jar;C:\Users\k.shmana\.m2\repository\com\github\java-json-tools\json-schema-core\1.2.14\json-schema-core-1.2.14.jar;C:\Users\k.shmana\.m2\repository\com\github\java-json-tools\uri-template\0.10\uri-template-0.10.jar;C:\Users\k.shmana\.m2\repository\org\mozilla\rhino\1.7.7.2\rhino-1.7.7.2.jar;C:\Users\k.shmana\.m2\repository\com\sun\mail\mailapi\1.6.2\mailapi-1.6.2.jar;C:\Users\k.shmana\.m2\repository\joda-time\joda-time\2.10.5\joda-time-2.10.5.jar;C:\Users\k.shmana\.m2\repository\com\googlecode\libphonenumber\libphonenumber\8.11.1\libphonenumber-8.11.1.jar;C:\Users\k.shmana\.m2\repository\net\sf\jopt-simple\jopt-simple\5.0.4\jopt-simple-5.0.4.jar;C:\Users\k.shmana\.m2\repository\org\projectlombok\lombok\1.18.28\lombok-1.18.28.jar;C:\Users\k.shmana\.m2\repository\com\fasterxml\jackson\datatype\jackson-datatype-jsr310\2.15.2\jackson-datatype-jsr310-2.15.2.jar;C:\Users\k.shmana\.m2\repository\org\slf4j\slf4j-api\1.7.36\slf4j-api-1.7.36.jar;C:\Users\k.shmana\.m2\repository\ch\qos\logback\logback-classic\1.2.6\logback-classic-1.2.6.jar;C:\Users\k.shmana\.m2\repository\ch\qos\logback\logback-core\1.2.6\logback-core-1.2.6.jar;C:\Users\k.shmana\.m2\repository\org\apache\logging\log4j\log4j-api\2.17.1\log4j-api-2.17.1.jar;C:\Users\k.shmana\.m2\repository\org\apache\logging\log4j\log4j-core\2.17.1\log4j-core-2.17.1.jar;C:\Users\k.shmana\.m2\repository\com\opencsv\opencsv\5.7.1\opencsv-5.7.1.jar;C:\Users\k.shmana\.m2\repository\org\apache\commons\commons-text\1.10.0\commons-text-1.10.0.jar;C:\Users\k.shmana\.m2\repository\commons-beanutils\commons-beanutils\1.9.4\commons-beanutils-1.9.4.jar;C:\Users\k.shmana\.m2\repository\commons-collections\commons-collections\3.2.2\commons-collections-3.2.2.jar;C:\Users\k.shmana\.m2\repository\org\apache\commons\commons-collections4\4.4\commons-collections4-4.4.jar;C:\Users\k.shmana\.m2\repository\org\seleniumhq\selenium\selenium-chrome-driver\4.10.0\selenium-chrome-driver-4.10.0.jar;C:\Users\k.shmana\.m2\repository\com\google\auto\service\auto-service-annotations\1.0.1\auto-service-annotations-1.0.1.jar;C:\Users\k.shmana\.m2\repository\com\google\auto\service\auto-service\1.0.1\auto-service-1.0.1.jar;C:\Users\k.shmana\.m2\repository\com\google\auto\auto-common\1.2\auto-common-1.2.jar;C:\Users\k.shmana\.m2\repository\org\seleniumhq\selenium\selenium-chromium-driver\4.10.0\selenium-chromium-driver-4.10.0.jar;C:\Users\k.shmana\.m2\repository\org\seleniumhq\selenium\selenium-json\4.10.0\selenium-json-4.10.0.jar;C:\Users\k.shmana\.m2\repository\org\seleniumhq\selenium\selenium-manager\4.10.0\selenium-manager-4.10.0.jar;C:\Users\k.shmana\.m2\repository\org\seleniumhq\selenium\selenium-firefox-driver\4.10.0\selenium-firefox-driver-4.10.0.jar;C:\Users\k.shmana\.m2\repository\org\seleniumhq\selenium\selenium-http\4.10.0\selenium-http-4.10.0.jar;C:\Users\k.shmana\.m2\repository\dev\failsafe\failsafe\3.3.1\failsafe-3.3.1.jar;"/>
    <property name="java.vm.vendor" value="Oracle Corporation"/>
    <property name="sun.arch.data.model" value="64"/>
    <property name="user.variant" value=""/>
    <property name="java.vendor.url" value="https://java.oracle.com/"/>
    <property name="user.timezone" value="Europe/Kiev"/>
    <property name="os.name" value="Windows 10"/>
    <property name="java.vm.specification.version" value="17"/>
    <property name="sun.java.launcher" value="SUN_STANDARD"/>
    <property name="user.country" value="RU"/>
    <property name="sun.boot.library.path" value="C:\Program Files\Java\jdk-17\bin"/>
    <property name="sun.java.command" value="C:\Users\k.shmana\AppData\Local\Temp\surefire12978437053748348963\surefirebooter-20230726224110255_3.jar C:\Users\k.shmana\AppData\Local\Temp\surefire12978437053748348963 2023-07-26T22-41-10_022-jvmRun1 surefire-20230726224110255_1tmp surefire_0-20230726224110255_2tmp"/>
    <property name="jdk.debug" value="release"/>
    <property name="surefire.test.class.path" value="C:\Users\k.shmana\Desktop\r_d\Kanboard\target\test-classes;C:\Users\k.shmana\Desktop\r_d\Kanboard\target\classes;C:\Users\k.shmana\.m2\repository\org\testng\testng\7.7.1\testng-7.7.1.jar;C:\Users\k.shmana\.m2\repository\com\beust\jcommander\1.82\jcommander-1.82.jar;C:\Users\k.shmana\.m2\repository\org\webjars\jquery\3.6.1\jquery-3.6.1.jar;C:\Users\k.shmana\.m2\repository\io\qameta\allure\allure-testng\2.22.0\allure-testng-2.22.0.jar;C:\Users\k.shmana\.m2\repository\io\qameta\allure\allure-java-commons\2.22.0\allure-java-commons-2.22.0.jar;C:\Users\k.shmana\.m2\repository\io\qameta\allure\allure-model\2.22.0\allure-model-2.22.0.jar;C:\Users\k.shmana\.m2\repository\io\qameta\allure\allure-test-filter\2.22.0\allure-test-filter-2.22.0.jar;C:\Users\k.shmana\.m2\repository\org\seleniumhq\selenium\selenium-java\4.9.1\selenium-java-4.9.1.jar;C:\Users\k.shmana\.m2\repository\org\seleniumhq\selenium\selenium-api\4.9.1\selenium-api-4.9.1.jar;C:\Users\k.shmana\.m2\repository\org\seleniumhq\selenium\selenium-devtools-v111\4.9.1\selenium-devtools-v111-4.9.1.jar;C:\Users\k.shmana\.m2\repository\org\seleniumhq\selenium\selenium-devtools-v112\4.9.1\selenium-devtools-v112-4.9.1.jar;C:\Users\k.shmana\.m2\repository\org\seleniumhq\selenium\selenium-devtools-v113\4.9.1\selenium-devtools-v113-4.9.1.jar;C:\Users\k.shmana\.m2\repository\org\seleniumhq\selenium\selenium-devtools-v85\4.9.1\selenium-devtools-v85-4.9.1.jar;C:\Users\k.shmana\.m2\repository\org\seleniumhq\selenium\selenium-edge-driver\4.9.1\selenium-edge-driver-4.9.1.jar;C:\Users\k.shmana\.m2\repository\org\seleniumhq\selenium\selenium-ie-driver\4.9.1\selenium-ie-driver-4.9.1.jar;C:\Users\k.shmana\.m2\repository\org\seleniumhq\selenium\selenium-remote-driver\4.9.1\selenium-remote-driver-4.9.1.jar;C:\Users\k.shmana\.m2\repository\io\netty\netty-buffer\4.1.91.Final\netty-buffer-4.1.91.Final.jar;C:\Users\k.shmana\.m2\repository\io\netty\netty-codec-http\4.1.91.Final\netty-codec-http-4.1.91.Final.jar;C:\Users\k.shmana\.m2\repository\io\netty\netty-codec\4.1.91.Final\netty-codec-4.1.91.Final.jar;C:\Users\k.shmana\.m2\repository\io\netty\netty-handler\4.1.91.Final\netty-handler-4.1.91.Final.jar;C:\Users\k.shmana\.m2\repository\io\netty\netty-common\4.1.91.Final\netty-common-4.1.91.Final.jar;C:\Users\k.shmana\.m2\repository\io\netty\netty-transport-classes-epoll\4.1.91.Final\netty-transport-classes-epoll-4.1.91.Final.jar;C:\Users\k.shmana\.m2\repository\io\netty\netty-transport-classes-kqueue\4.1.91.Final\netty-transport-classes-kqueue-4.1.91.Final.jar;C:\Users\k.shmana\.m2\repository\io\netty\netty-transport-native-epoll\4.1.91.Final\netty-transport-native-epoll-4.1.91.Final.jar;C:\Users\k.shmana\.m2\repository\io\netty\netty-transport-native-kqueue\4.1.91.Final\netty-transport-native-kqueue-4.1.91.Final.jar;C:\Users\k.shmana\.m2\repository\io\netty\netty-transport-native-unix-common\4.1.91.Final\netty-transport-native-unix-common-4.1.91.Final.jar;C:\Users\k.shmana\.m2\repository\io\netty\netty-transport\4.1.91.Final\netty-transport-4.1.91.Final.jar;C:\Users\k.shmana\.m2\repository\io\netty\netty-resolver\4.1.91.Final\netty-resolver-4.1.91.Final.jar;C:\Users\k.shmana\.m2\repository\io\opentelemetry\opentelemetry-api\1.25.0\opentelemetry-api-1.25.0.jar;C:\Users\k.shmana\.m2\repository\io\opentelemetry\opentelemetry-context\1.25.0\opentelemetry-context-1.25.0.jar;C:\Users\k.shmana\.m2\repository\io\opentelemetry\opentelemetry-exporter-logging\1.25.0\opentelemetry-exporter-logging-1.25.0.jar;C:\Users\k.shmana\.m2\repository\io\opentelemetry\opentelemetry-sdk-metrics\1.25.0\opentelemetry-sdk-metrics-1.25.0.jar;C:\Users\k.shmana\.m2\repository\io\opentelemetry\opentelemetry-sdk-logs\1.25.0-alpha\opentelemetry-sdk-logs-1.25.0-alpha.jar;C:\Users\k.shmana\.m2\repository\io\opentelemetry\opentelemetry-api-logs\1.25.0-alpha\opentelemetry-api-logs-1.25.0-alpha.jar;C:\Users\k.shmana\.m2\repository\io\opentelemetry\opentelemetry-api-events\1.25.0-alpha\opentelemetry-api-events-1.25.0-alpha.jar;C:\Users\k.shmana\.m2\repository\io\opentelemetry\opentelemetry-sdk-common\1.25.0\opentelemetry-sdk-common-1.25.0.jar;C:\Users\k.shmana\.m2\repository\io\opentelemetry\opentelemetry-sdk-extension-autoconfigure-spi\1.25.0\opentelemetry-sdk-extension-autoconfigure-spi-1.25.0.jar;C:\Users\k.shmana\.m2\repository\io\opentelemetry\opentelemetry-sdk-extension-autoconfigure\1.25.0-alpha\opentelemetry-sdk-extension-autoconfigure-1.25.0-alpha.jar;C:\Users\k.shmana\.m2\repository\io\opentelemetry\opentelemetry-sdk-trace\1.25.0\opentelemetry-sdk-trace-1.25.0.jar;C:\Users\k.shmana\.m2\repository\io\opentelemetry\opentelemetry-sdk\1.25.0\opentelemetry-sdk-1.25.0.jar;C:\Users\k.shmana\.m2\repository\io\opentelemetry\opentelemetry-semconv\1.25.0-alpha\opentelemetry-semconv-1.25.0-alpha.jar;C:\Users\k.shmana\.m2\repository\io\ous\jtoml\2.0.0\jtoml-2.0.0.jar;C:\Users\k.shmana\.m2\repository\net\bytebuddy\byte-buddy\1.14.4\byte-buddy-1.14.4.jar;C:\Users\k.shmana\.m2\repository\org\apache\commons\commons-exec\1.3\commons-exec-1.3.jar;C:\Users\k.shmana\.m2\repository\org\asynchttpclient\async-http-client\2.12.3\async-http-client-2.12.3.jar;C:\Users\k.shmana\.m2\repository\org\asynchttpclient\async-http-client-netty-utils\2.12.3\async-http-client-netty-utils-2.12.3.jar;C:\Users\k.shmana\.m2\repository\io\netty\netty-codec-socks\4.1.60.Final\netty-codec-socks-4.1.60.Final.jar;C:\Users\k.shmana\.m2\repository\io\netty\netty-handler-proxy\4.1.60.Final\netty-handler-proxy-4.1.60.Final.jar;C:\Users\k.shmana\.m2\repository\io\netty\netty-transport-native-epoll\4.1.60.Final\netty-transport-native-epoll-4.1.60.Final-linux-x86_64.jar;C:\Users\k.shmana\.m2\repository\io\netty\netty-transport-native-kqueue\4.1.60.Final\netty-transport-native-kqueue-4.1.60.Final-osx-x86_64.jar;C:\Users\k.shmana\.m2\repository\org\reactivestreams\reactive-streams\1.0.3\reactive-streams-1.0.3.jar;C:\Users\k.shmana\.m2\repository\com\typesafe\netty\netty-reactive-streams\2.0.4\netty-reactive-streams-2.0.4.jar;C:\Users\k.shmana\.m2\repository\com\sun\activation\jakarta.activation\1.2.2\jakarta.activation-1.2.2.jar;C:\Users\k.shmana\.m2\repository\org\seleniumhq\selenium\selenium-safari-driver\4.9.1\selenium-safari-driver-4.9.1.jar;C:\Users\k.shmana\.m2\repository\org\seleniumhq\selenium\selenium-support\4.9.1\selenium-support-4.9.1.jar;C:\Users\k.shmana\.m2\repository\io\github\bonigarcia\webdrivermanager\5.3.3\webdrivermanager-5.3.3.jar;C:\Users\k.shmana\.m2\repository\com\google\code\gson\gson\2.10.1\gson-2.10.1.jar;C:\Users\k.shmana\.m2\repository\com\github\docker-java\docker-java\3.3.0\docker-java-3.3.0.jar;C:\Users\k.shmana\.m2\repository\com\github\docker-java\docker-java-core\3.3.0\docker-java-core-3.3.0.jar;C:\Users\k.shmana\.m2\repository\com\github\docker-java\docker-java-api\3.3.0\docker-java-api-3.3.0.jar;C:\Users\k.shmana\.m2\repository\org\bouncycastle\bcpkix-jdk15on\1.64\bcpkix-jdk15on-1.64.jar;C:\Users\k.shmana\.m2\repository\org\bouncycastle\bcprov-jdk15on\1.64\bcprov-jdk15on-1.64.jar;C:\Users\k.shmana\.m2\repository\org\slf4j\jcl-over-slf4j\1.7.30\jcl-over-slf4j-1.7.30.jar;C:\Users\k.shmana\.m2\repository\com\github\docker-java\docker-java-transport-httpclient5\3.3.0\docker-java-transport-httpclient5-3.3.0.jar;C:\Users\k.shmana\.m2\repository\com\github\docker-java\docker-java-transport\3.3.0\docker-java-transport-3.3.0.jar;C:\Users\k.shmana\.m2\repository\net\java\dev\jna\jna\5.12.1\jna-5.12.1.jar;C:\Users\k.shmana\.m2\repository\org\brotli\dec\0.1.2\dec-0.1.2.jar;C:\Users\k.shmana\.m2\repository\org\apache\commons\commons-lang3\3.12.0\commons-lang3-3.12.0.jar;C:\Users\k.shmana\.m2\repository\org\apache\httpcomponents\client5\httpclient5\5.2.1\httpclient5-5.2.1.jar;C:\Users\k.shmana\.m2\repository\org\apache\httpcomponents\core5\httpcore5\5.2\httpcore5-5.2.jar;C:\Users\k.shmana\.m2\repository\org\apache\httpcomponents\core5\httpcore5-h2\5.2\httpcore5-h2-5.2.jar;C:\Users\k.shmana\.m2\repository\com\github\javafaker\javafaker\1.0.2\javafaker-1.0.2.jar;C:\Users\k.shmana\.m2\repository\org\yaml\snakeyaml\1.23\snakeyaml-1.23-android.jar;C:\Users\k.shmana\.m2\repository\com\github\mifmif\generex\1.0.2\generex-1.0.2.jar;C:\Users\k.shmana\.m2\repository\dk\brics\automaton\automaton\1.11-8\automaton-1.11-8.jar;C:\Users\k.shmana\.m2\repository\com\codeborne\selenide\6.16.1\selenide-6.16.1.jar;C:\Users\k.shmana\.m2\repository\com\codeborne\selenide-core\6.16.1\selenide-core-6.16.1.jar;C:\Users\k.shmana\.m2\repository\org\opentest4j\opentest4j\1.3.0\opentest4j-1.3.0.jar;C:\Users\k.shmana\.m2\repository\org\apache\commons\commons-compress\1.23.0\commons-compress-1.23.0.jar;C:\Users\k.shmana\.m2\repository\com\google\guava\guava\32.1.1-jre\guava-32.1.1-jre.jar;C:\Users\k.shmana\.m2\repository\com\google\guava\failureaccess\1.0.1\failureaccess-1.0.1.jar;C:\Users\k.shmana\.m2\repository\com\google\guava\listenablefuture\9999.0-empty-to-avoid-conflict-with-guava\listenablefuture-9999.0-empty-to-avoid-conflict-with-guava.jar;C:\Users\k.shmana\.m2\repository\com\google\code\findbugs\jsr305\3.0.2\jsr305-3.0.2.jar;C:\Users\k.shmana\.m2\repository\org\checkerframework\checker-qual\3.33.0\checker-qual-3.33.0.jar;C:\Users\k.shmana\.m2\repository\com\google\errorprone\error_prone_annotations\2.18.0\error_prone_annotations-2.18.0.jar;C:\Users\k.shmana\.m2\repository\com\google\j2objc\j2objc-annotations\2.8\j2objc-annotations-2.8.jar;C:\Users\k.shmana\.m2\repository\commons-io\commons-io\2.13.0\commons-io-2.13.0.jar;C:\Users\k.shmana\.m2\repository\org\json\json\20220320\json-20220320.jar;C:\Users\k.shmana\.m2\repository\com\fasterxml\jackson\core\jackson-databind\2.15.2\jackson-databind-2.15.2.jar;C:\Users\k.shmana\.m2\repository\com\fasterxml\jackson\core\jackson-annotations\2.15.2\jackson-annotations-2.15.2.jar;C:\Users\k.shmana\.m2\repository\com\fasterxml\jackson\core\jackson-core\2.15.2\jackson-core-2.15.2.jar;C:\Users\k.shmana\.m2\repository\io\rest-assured\rest-assured\5.3.0\rest-assured-5.3.0.jar;C:\Users\k.shmana\.m2\repository\org\apache\groovy\groovy\4.0.6\groovy-4.0.6.jar;C:\Users\k.shmana\.m2\repository\org\apache\groovy\groovy-xml\4.0.6\groovy-xml-4.0.6.jar;C:\Users\k.shmana\.m2\repository\org\apache\httpcomponents\httpclient\4.5.13\httpclient-4.5.13.jar;C:\Users\k.shmana\.m2\repository\org\apache\httpcomponents\httpcore\4.4.13\httpcore-4.4.13.jar;C:\Users\k.shmana\.m2\repository\commons-logging\commons-logging\1.2\commons-logging-1.2.jar;C:\Users\k.shmana\.m2\repository\commons-codec\commons-codec\1.11\commons-codec-1.11.jar;C:\Users\k.shmana\.m2\repository\org\apache\httpcomponents\httpmime\4.5.13\httpmime-4.5.13.jar;C:\Users\k.shmana\.m2\repository\org\hamcrest\hamcrest\2.1\hamcrest-2.1.jar;C:\Users\k.shmana\.m2\repository\org\ccil\cowan\tagsoup\tagsoup\1.2.1\tagsoup-1.2.1.jar;C:\Users\k.shmana\.m2\repository\io\rest-assured\json-path\5.3.0\json-path-5.3.0.jar;C:\Users\k.shmana\.m2\repository\org\apache\groovy\groovy-json\4.0.6\groovy-json-4.0.6.jar;C:\Users\k.shmana\.m2\repository\io\rest-assured\rest-assured-common\5.3.0\rest-assured-common-5.3.0.jar;C:\Users\k.shmana\.m2\repository\io\rest-assured\xml-path\5.3.0\xml-path-5.3.0.jar;C:\Users\k.shmana\.m2\repository\io\rest-assured\json-schema-validator\5.3.0\json-schema-validator-5.3.0.jar;C:\Users\k.shmana\.m2\repository\com\github\java-json-tools\json-schema-validator\2.2.14\json-schema-validator-2.2.14.jar;C:\Users\k.shmana\.m2\repository\com\github\java-json-tools\jackson-coreutils-equivalence\1.0\jackson-coreutils-equivalence-1.0.jar;C:\Users\k.shmana\.m2\repository\com\github\java-json-tools\jackson-coreutils\2.0\jackson-coreutils-2.0.jar;C:\Users\k.shmana\.m2\repository\com\github\java-json-tools\msg-simple\1.2\msg-simple-1.2.jar;C:\Users\k.shmana\.m2\repository\com\github\java-json-tools\btf\1.3\btf-1.3.jar;C:\Users\k.shmana\.m2\repository\com\github\java-json-tools\json-schema-core\1.2.14\json-schema-core-1.2.14.jar;C:\Users\k.shmana\.m2\repository\com\github\java-json-tools\uri-template\0.10\uri-template-0.10.jar;C:\Users\k.shmana\.m2\repository\org\mozilla\rhino\1.7.7.2\rhino-1.7.7.2.jar;C:\Users\k.shmana\.m2\repository\com\sun\mail\mailapi\1.6.2\mailapi-1.6.2.jar;C:\Users\k.shmana\.m2\repository\joda-time\joda-time\2.10.5\joda-time-2.10.5.jar;C:\Users\k.shmana\.m2\repository\com\googlecode\libphonenumber\libphonenumber\8.11.1\libphonenumber-8.11.1.jar;C:\Users\k.shmana\.m2\repository\net\sf\jopt-simple\jopt-simple\5.0.4\jopt-simple-5.0.4.jar;C:\Users\k.shmana\.m2\repository\org\projectlombok\lombok\1.18.28\lombok-1.18.28.jar;C:\Users\k.shmana\.m2\repository\com\fasterxml\jackson\datatype\jackson-datatype-jsr310\2.15.2\jackson-datatype-jsr310-2.15.2.jar;C:\Users\k.shmana\.m2\repository\org\slf4j\slf4j-api\1.7.36\slf4j-api-1.7.36.jar;C:\Users\k.shmana\.m2\repository\ch\qos\logback\logback-classic\1.2.6\logback-classic-1.2.6.jar;C:\Users\k.shmana\.m2\repository\ch\qos\logback\logback-core\1.2.6\logback-core-1.2.6.jar;C:\Users\k.shmana\.m2\repository\org\apache\logging\log4j\log4j-api\2.17.1\log4j-api-2.17.1.jar;C:\Users\k.shmana\.m2\repository\org\apache\logging\log4j\log4j-core\2.17.1\log4j-core-2.17.1.jar;C:\Users\k.shmana\.m2\repository\com\opencsv\opencsv\5.7.1\opencsv-5.7.1.jar;C:\Users\k.shmana\.m2\repository\org\apache\commons\commons-text\1.10.0\commons-text-1.10.0.jar;C:\Users\k.shmana\.m2\repository\commons-beanutils\commons-beanutils\1.9.4\commons-beanutils-1.9.4.jar;C:\Users\k.shmana\.m2\repository\commons-collections\commons-collections\3.2.2\commons-collections-3.2.2.jar;C:\Users\k.shmana\.m2\repository\org\apache\commons\commons-collections4\4.4\commons-collections4-4.4.jar;C:\Users\k.shmana\.m2\repository\org\seleniumhq\selenium\selenium-chrome-driver\4.10.0\selenium-chrome-driver-4.10.0.jar;C:\Users\k.shmana\.m2\repository\com\google\auto\service\auto-service-annotations\1.0.1\auto-service-annotations-1.0.1.jar;C:\Users\k.shmana\.m2\repository\com\google\auto\service\auto-service\1.0.1\auto-service-1.0.1.jar;C:\Users\k.shmana\.m2\repository\com\google\auto\auto-common\1.2\auto-common-1.2.jar;C:\Users\k.shmana\.m2\repository\org\seleniumhq\selenium\selenium-chromium-driver\4.10.0\selenium-chromium-driver-4.10.0.jar;C:\Users\k.shmana\.m2\repository\org\seleniumhq\selenium\selenium-json\4.10.0\selenium-json-4.10.0.jar;C:\Users\k.shmana\.m2\repository\org\seleniumhq\selenium\selenium-manager\4.10.0\selenium-manager-4.10.0.jar;C:\Users\k.shmana\.m2\repository\org\seleniumhq\selenium\selenium-firefox-driver\4.10.0\selenium-firefox-driver-4.10.0.jar;C:\Users\k.shmana\.m2\repository\org\seleniumhq\selenium\selenium-http\4.10.0\selenium-http-4.10.0.jar;C:\Users\k.shmana\.m2\repository\dev\failsafe\failsafe\3.3.1\failsafe-3.3.1.jar;"/>
    <property name="allure.results.directory" value="target/allure-results"/>
    <property name="sun.cpu.endian" value="little"/>
    <property name="user.home" value="C:\Users\k.shmana"/>
    <property name="user.language" value="ru"/>
    <property name="java.specification.vendor" value="Oracle Corporation"/>
    <property name="java.version.date" value="2021-09-14"/>
    <property name="java.home" value="C:\Program Files\Java\jdk-17"/>
    <property name="file.separator" value="\"/>
    <property name="basedir" value="C:\Users\k.shmana\Desktop\r_d\Kanboard"/>
    <property name="java.vm.compressedOopsMode" value="32-bit"/>
    <property name="line.separator" value="&#10;"/>
    <property name="java.vm.specification.vendor" value="Oracle Corporation"/>
    <property name="java.specification.name" value="Java Platform API Specification"/>
    <property name="surefire.real.class.path" value="C:\Users\k.shmana\AppData\Local\Temp\surefire12978437053748348963\surefirebooter-20230726224110255_3.jar"/>
    <property name="user.script" value=""/>
    <property name="sun.management.compiler" value="HotSpot 64-Bit Tiered Compilers"/>
    <property name="java.runtime.version" value="17+35-LTS-2724"/>
    <property name="user.name" value="k.shmana"/>
    <property name="path.separator" value=";"/>
    <property name="os.version" value="10.0"/>
    <property name="java.runtime.name" value="Java(TM) SE Runtime Environment"/>
    <property name="file.encoding" value="Cp1251"/>
    <property name="browser" value=""/>
    <property name="java.vm.name" value="Java HotSpot(TM) 64-Bit Server VM"/>
    <property name="localRepository" value="C:\Users\k.shmana\.m2\repository"/>
    <property name="java.vendor.url.bug" value="https://bugreport.java.com/bugreport/"/>
    <property name="java.io.tmpdir" value="C:\Users\KFA24~1.SHM\AppData\Local\Temp\"/>
    <property name="java.version" value="17"/>
    <property name="user.dir" value="C:\Users\k.shmana\Desktop\r_d\Kanboard"/>
    <property name="os.arch" value="amd64"/>
    <property name="java.vm.specification.name" value="Java Virtual Machine Specification"/>
    <property name="sun.os.patch.level" value=""/>
    <property name="native.encoding" value="Cp1251"/>
    <property name="java.library.path" value="C:\Program Files\Java\jdk-17\bin;C:\Windows\Sun\Java\bin;C:\Windows\system32;C:\Windows;C:\Program Files\Common Files\Oracle\Java\javapath;C:\Program Files (x86)\Common Files\Oracle\Java\javapath;C:\Windows\system32;C:\Windows;C:\Windows\System32\Wbem;C:\Windows\System32\WindowsPowerShell\v1.0\;C:\Windows\System32\OpenSSH\;C:\Program Files\Microsoft\Web Platform Installer\;C:\Program Files (x86)\Microsoft ASP.NET\ASP.NET Web Pages\v1.0\;C:\Program Files (x86)\Windows Kits\8.0\Windows Performance Toolkit\;C:\Program Files\Microsoft SQL Server\110\Tools\Binn\;C:\Program Files (x86)\Microsoft SQL Server\Client SDK\ODBC\110\Tools\Binn\;C:\Program Files (x86)\Microsoft SQL Server\120\Tools\Binn\ManagementStudio\;C:\Program Files (x86)\Microsoft SQL Server\120\Tools\Binn\;C:\Program Files (x86)\Microsoft SQL Server\120\DTS\Binn\;C:\Program Files\Git\cmd;C:\Program Files\Java\jdk-17\bin;C:\Program Files\apache-maven-3.8.3\bin;C:\strawberry\c\bin;C:\strawberry\perl\bin;C:\Program Files\allure-2.21.0\bin;;C:\Program Files\Docker\Docker\resources\bin;C:\Program Files\MySQL\MySQL Shell 8.0\bin\;C:\Users\k.shmana\AppData\Local\Microsoft\WindowsApps;;C:\Program Files\JetBrains\IntelliJ IDEA Community Edition 2021.2.2\bin;;."/>
    <property name="java.vm.info" value="mixed mode, sharing"/>
    <property name="java.vendor" value="Oracle Corporation"/>
    <property name="java.vm.version" value="17+35-LTS-2724"/>
    <property name="sun.io.unicode.encoding" value="UnicodeLittle"/>
    <property name="java.class.version" value="61.0"/>
  </properties>
  <testcase name="createUserValid" classname="API.tests.CreateUserTest" time="3.258">
    <system-out><![CDATA[22:41:11.698 [main] DEBUG org.testng.TestNG - suiteXmlPath: "C:\Users\k.shmana\Desktop\r_d\Kanboard\src\test\resources\API_TESTS.xml"
22:41:11.739 [main] WARN org.testng.xml.TestNGContentHandler - It is strongly recommended to add "<!DOCTYPE suite SYSTEM "https://testng.org/testng-1.0.dtd" >" at the top of the suite file [C:\Users\k.shmana\Desktop\r_d\Kanboard\src\test\resources\API_TESTS.XML] otherwise TestNG may fail or not work as expected.
22:41:13.304 [main] WARN org.testng.internal.Configuration - Detected a static method [API.tests.BaseTest.createUser()]. Static configuration methods can cause  unexpected behavior.
22:41:13.310 [main] WARN org.testng.internal.Configuration - Detected a static method [API.tests.BaseTest.createUser()]. Static configuration methods can cause  unexpected behavior.
Request method:	POST
Request URI:	http://localhost:81/jsonrpc.php
Proxy:			<none>
Request params:	<none>
Query params:	<none>
Form params:	<none>
Path params:	<none>
Headers:		Accept=*/*
				Content-Type=text/plain; charset=ISO-8859-1
Cookies:		<none>
Multiparts:		<none>
Body:
{"jsonrpc":"2.0","method":"createUser","id":123123,"params":{"username":"kyryloAPITestLogin","password":"kyryloAPITestPassword","name":"kyrylo","email":"kyryloAPITest@mail.com","role":"app-manager"}}
22:41:16.976 [main] DEBUG org.apache.http.impl.conn.BasicClientConnectionManager - Get connection for route {}->http://localhost:81
22:41:16.999 [main] DEBUG org.apache.http.impl.conn.DefaultClientConnectionOperator - Connecting to localhost:81
22:41:17.038 [main] DEBUG org.apache.http.client.protocol.RequestAddCookies - CookieSpec selected: ignoreCookies
22:41:17.041 [main] DEBUG org.apache.http.client.protocol.RequestAuthCache - Auth cache not set in the context
22:41:17.042 [main] DEBUG org.apache.http.client.protocol.RequestTargetAuthentication - Target auth state: UNCHALLENGED
22:41:17.042 [main] DEBUG org.apache.http.client.protocol.RequestProxyAuthentication - Proxy auth state: UNCHALLENGED
22:41:17.044 [main] DEBUG org.apache.http.impl.client.DefaultHttpClient - Attempt 1 to execute request
22:41:17.044 [main] DEBUG org.apache.http.impl.conn.DefaultClientConnection - Sending request: POST /jsonrpc.php HTTP/1.1
22:41:17.044 [main] DEBUG org.apache.http.wire -  >> "POST /jsonrpc.php HTTP/1.1[\r][\n]"
22:41:17.046 [main] DEBUG org.apache.http.wire -  >> "Accept: */*[\r][\n]"
22:41:17.046 [main] DEBUG org.apache.http.wire -  >> "Content-Type: text/plain; charset=ISO-8859-1[\r][\n]"
22:41:17.047 [main] DEBUG org.apache.http.wire -  >> "Content-Length: 199[\r][\n]"
22:41:17.047 [main] DEBUG org.apache.http.wire -  >> "Host: localhost:81[\r][\n]"
22:41:17.047 [main] DEBUG org.apache.http.wire -  >> "Connection: Keep-Alive[\r][\n]"
22:41:17.047 [main] DEBUG org.apache.http.wire -  >> "User-Agent: Apache-HttpClient/4.5.13 (Java/17)[\r][\n]"
22:41:17.047 [main] DEBUG org.apache.http.wire -  >> "Accept-Encoding: gzip,deflate[\r][\n]"
22:41:17.047 [main] DEBUG org.apache.http.wire -  >> "[\r][\n]"
22:41:17.047 [main] DEBUG org.apache.http.headers - >> POST /jsonrpc.php HTTP/1.1
22:41:17.047 [main] DEBUG org.apache.http.headers - >> Accept: */*
22:41:17.047 [main] DEBUG org.apache.http.headers - >> Content-Type: text/plain; charset=ISO-8859-1
22:41:17.047 [main] DEBUG org.apache.http.headers - >> Content-Length: 199
22:41:17.047 [main] DEBUG org.apache.http.headers - >> Host: localhost:81
22:41:17.047 [main] DEBUG org.apache.http.headers - >> Connection: Keep-Alive
22:41:17.047 [main] DEBUG org.apache.http.headers - >> User-Agent: Apache-HttpClient/4.5.13 (Java/17)
22:41:17.048 [main] DEBUG org.apache.http.headers - >> Accept-Encoding: gzip,deflate
22:41:17.048 [main] DEBUG org.apache.http.wire -  >> "{"jsonrpc":"2.0","method":"createUser","id":123123,"params":{"username":"kyryloAPITestLogin","password":"kyryloAPITestPassword","name":"kyrylo","email":"kyryloAPITest@mail.com","role":"app-manager"}}"
22:41:17.062 [main] DEBUG org.apache.http.wire -  << "HTTP/1.1 401 Unauthorized[\r][\n]"
22:41:17.066 [main] DEBUG org.apache.http.wire -  << "Server: nginx[\r][\n]"
22:41:17.066 [main] DEBUG org.apache.http.wire -  << "Date: Wed, 26 Jul 2023 19:41:17 GMT[\r][\n]"
22:41:17.066 [main] DEBUG org.apache.http.wire -  << "Content-Type: application/json[\r][\n]"
22:41:17.066 [main] DEBUG org.apache.http.wire -  << "Transfer-Encoding: chunked[\r][\n]"
22:41:17.066 [main] DEBUG org.apache.http.wire -  << "Connection: keep-alive[\r][\n]"
22:41:17.066 [main] DEBUG org.apache.http.wire -  << "WWW-Authenticate: Basic realm="JsonRPC"[\r][\n]"
22:41:17.066 [main] DEBUG org.apache.http.wire -  << "[\r][\n]"
22:41:17.067 [main] DEBUG org.apache.http.impl.conn.DefaultClientConnection - Receiving response: HTTP/1.1 401 Unauthorized
22:41:17.067 [main] DEBUG org.apache.http.headers - << HTTP/1.1 401 Unauthorized
22:41:17.068 [main] DEBUG org.apache.http.headers - << Server: nginx
22:41:17.068 [main] DEBUG org.apache.http.headers - << Date: Wed, 26 Jul 2023 19:41:17 GMT
22:41:17.068 [main] DEBUG org.apache.http.headers - << Content-Type: application/json
22:41:17.068 [main] DEBUG org.apache.http.headers - << Transfer-Encoding: chunked
22:41:17.068 [main] DEBUG org.apache.http.headers - << Connection: keep-alive
22:41:17.068 [main] DEBUG org.apache.http.headers - << WWW-Authenticate: Basic realm="JsonRPC"
22:41:17.080 [main] DEBUG org.apache.http.impl.client.DefaultHttpClient - Connection can be kept alive indefinitely
22:41:17.081 [main] DEBUG org.apache.http.impl.client.DefaultHttpClient - Authentication required
22:41:17.083 [main] DEBUG org.apache.http.impl.client.DefaultHttpClient - localhost:81 requested authentication
22:41:17.083 [main] DEBUG org.apache.http.impl.client.TargetAuthenticationStrategy - Authentication schemes in the order of preference: [Negotiate, Kerberos, NTLM, CredSSP, Digest, Basic]
22:41:17.083 [main] DEBUG org.apache.http.impl.client.TargetAuthenticationStrategy - Challenge for Negotiate authentication scheme not available
22:41:17.083 [main] DEBUG org.apache.http.impl.client.TargetAuthenticationStrategy - Challenge for Kerberos authentication scheme not available
22:41:17.083 [main] DEBUG org.apache.http.impl.client.TargetAuthenticationStrategy - Challenge for NTLM authentication scheme not available
22:41:17.083 [main] DEBUG org.apache.http.impl.client.TargetAuthenticationStrategy - Challenge for CredSSP authentication scheme not available
22:41:17.083 [main] DEBUG org.apache.http.impl.client.TargetAuthenticationStrategy - Challenge for Digest authentication scheme not available
22:41:17.089 [main] DEBUG org.apache.http.impl.client.DefaultHttpClient - Selected authentication options: [BASIC [complete=true]]
22:41:17.090 [main] DEBUG org.apache.http.wire -  << "49[\r][\n]"
22:41:17.090 [main] DEBUG org.apache.http.wire -  << "{"jsonrpc":"2.0","error":{"code":401,"message":"Unauthorized"},"id":null}"
22:41:17.091 [main] DEBUG org.apache.http.wire -  << "[\r][\n]"
22:41:17.091 [main] DEBUG org.apache.http.wire -  << "0[\r][\n]"
22:41:17.091 [main] DEBUG org.apache.http.wire -  << "[\r][\n]"
22:41:17.091 [main] DEBUG org.apache.http.client.protocol.RequestAddCookies - CookieSpec selected: ignoreCookies
22:41:17.091 [main] DEBUG org.apache.http.client.protocol.RequestAuthCache - Auth cache not set in the context
22:41:17.091 [main] DEBUG org.apache.http.client.protocol.RequestTargetAuthentication - Target auth state: CHALLENGED
22:41:17.092 [main] DEBUG org.apache.http.client.protocol.RequestTargetAuthentication - Generating response to an authentication challenge using basic scheme
22:41:17.103 [main] DEBUG org.apache.http.client.protocol.RequestProxyAuthentication - Proxy auth state: UNCHALLENGED
22:41:17.103 [main] DEBUG org.apache.http.impl.client.DefaultHttpClient - Attempt 2 to execute request
22:41:17.103 [main] DEBUG org.apache.http.impl.conn.DefaultClientConnection - Sending request: POST /jsonrpc.php HTTP/1.1
22:41:17.103 [main] DEBUG org.apache.http.wire -  >> "POST /jsonrpc.php HTTP/1.1[\r][\n]"
22:41:17.103 [main] DEBUG org.apache.http.wire -  >> "Accept: */*[\r][\n]"
22:41:17.103 [main] DEBUG org.apache.http.wire -  >> "Content-Type: text/plain; charset=ISO-8859-1[\r][\n]"
22:41:17.103 [main] DEBUG org.apache.http.wire -  >> "Content-Length: 199[\r][\n]"
22:41:17.103 [main] DEBUG org.apache.http.wire -  >> "Host: localhost:81[\r][\n]"
22:41:17.103 [main] DEBUG org.apache.http.wire -  >> "Connection: Keep-Alive[\r][\n]"
22:41:17.103 [main] DEBUG org.apache.http.wire -  >> "User-Agent: Apache-HttpClient/4.5.13 (Java/17)[\r][\n]"
22:41:17.104 [main] DEBUG org.apache.http.wire -  >> "Authorization: Basic YWRtaW46YWRtaW4=[\r][\n]"
22:41:17.104 [main] DEBUG org.apache.http.wire -  >> "Accept-Encoding: gzip,deflate[\r][\n]"
22:41:17.104 [main] DEBUG org.apache.http.wire -  >> "[\r][\n]"
22:41:17.104 [main] DEBUG org.apache.http.headers - >> POST /jsonrpc.php HTTP/1.1
22:41:17.104 [main] DEBUG org.apache.http.headers - >> Accept: */*
22:41:17.104 [main] DEBUG org.apache.http.headers - >> Content-Type: text/plain; charset=ISO-8859-1
22:41:17.104 [main] DEBUG org.apache.http.headers - >> Content-Length: 199
22:41:17.104 [main] DEBUG org.apache.http.headers - >> Host: localhost:81
22:41:17.105 [main] DEBUG org.apache.http.headers - >> Connection: Keep-Alive
22:41:17.105 [main] DEBUG org.apache.http.headers - >> User-Agent: Apache-HttpClient/4.5.13 (Java/17)
22:41:17.105 [main] DEBUG org.apache.http.headers - >> Authorization: Basic YWRtaW46YWRtaW4=
22:41:17.105 [main] DEBUG org.apache.http.headers - >> Accept-Encoding: gzip,deflate
22:41:17.105 [main] DEBUG org.apache.http.wire -  >> "{"jsonrpc":"2.0","method":"createUser","id":123123,"params":{"username":"kyryloAPITestLogin","password":"kyryloAPITestPassword","name":"kyrylo","email":"kyryloAPITest@mail.com","role":"app-manager"}}"
22:41:17.338 [main] DEBUG org.apache.http.wire -  << "HTTP/1.1 200 OK[\r][\n]"
22:41:17.339 [main] DEBUG org.apache.http.wire -  << "Server: nginx[\r][\n]"
22:41:17.339 [main] DEBUG org.apache.http.wire -  << "Date: Wed, 26 Jul 2023 19:41:17 GMT[\r][\n]"
22:41:17.339 [main] DEBUG org.apache.http.wire -  << "Content-Type: application/json[\r][\n]"
22:41:17.339 [main] DEBUG org.apache.http.wire -  << "Transfer-Encoding: chunked[\r][\n]"
22:41:17.339 [main] DEBUG org.apache.http.wire -  << "Connection: keep-alive[\r][\n]"
22:41:17.339 [main] DEBUG org.apache.http.wire -  << "Vary: Accept-Encoding[\r][\n]"
22:41:17.339 [main] DEBUG org.apache.http.wire -  << "Content-Encoding: gzip[\r][\n]"
22:41:17.339 [main] DEBUG org.apache.http.wire -  << "[\r][\n]"
22:41:17.339 [main] DEBUG org.apache.http.impl.conn.DefaultClientConnection - Receiving response: HTTP/1.1 200 OK
22:41:17.339 [main] DEBUG org.apache.http.headers - << HTTP/1.1 200 OK
22:41:17.339 [main] DEBUG org.apache.http.headers - << Server: nginx
22:41:17.339 [main] DEBUG org.apache.http.headers - << Date: Wed, 26 Jul 2023 19:41:17 GMT
22:41:17.339 [main] DEBUG org.apache.http.headers - << Content-Type: application/json
22:41:17.339 [main] DEBUG org.apache.http.headers - << Transfer-Encoding: chunked
22:41:17.339 [main] DEBUG org.apache.http.headers - << Connection: keep-alive
22:41:17.339 [main] DEBUG org.apache.http.headers - << Vary: Accept-Encoding
22:41:17.339 [main] DEBUG org.apache.http.headers - << Content-Encoding: gzip
22:41:17.340 [main] DEBUG org.apache.http.impl.client.DefaultHttpClient - Connection can be kept alive indefinitely
22:41:17.340 [main] DEBUG org.apache.http.impl.client.DefaultHttpClient - Authentication succeeded
22:41:17.342 [main] DEBUG org.apache.http.impl.client.TargetAuthenticationStrategy - Caching 'basic' auth scheme for http://localhost:81
22:41:17.356 [main] DEBUG io.restassured.internal.RestAssuredHttpBuilder - Parsing response as: application/json
22:41:17.357 [main] DEBUG org.apache.http.wire -  << "3c[\r][\n]"
22:41:17.357 [main] DEBUG org.apache.http.wire -  << "[0x1f][0x8b][0x8][0x0][0x0][0x0][0x0][0x0][0x0][0x3][0xab]V[0xca]*[0xce][0xcf]+*HV[0xb2]R2[0xd2]3P[0xd2]Q*J-.[0xcd])Q[0xb2]2[0xb5]0[0xd4]Q[0xca]LQ[0xb2]242[0x6][0xa2]Z[0x0]O[0xfc][0x1f][0xf0]*[0x0][0x0][0x0]"
22:41:17.357 [main] DEBUG org.apache.http.wire -  << "[\r][\n]"
22:41:17.357 [main] DEBUG org.apache.http.wire -  << "0[\r][\n]"
22:41:17.358 [main] DEBUG org.apache.http.wire -  << "[\r][\n]"
22:41:17.358 [main] DEBUG io.restassured.internal.RestAssuredHttpBuilder - Parsed data to instance of: class org.apache.http.conn.EofSensorInputStream
22:41:17.489 [main] DEBUG org.apache.http.impl.conn.BasicClientConnectionManager - Releasing connection org.apache.http.impl.conn.ManagedClientConnectionImpl@1755aee6
22:41:17.489 [main] DEBUG org.apache.http.impl.conn.BasicClientConnectionManager - Connection can be kept alive indefinitely
{
    "jsonrpc": "2.0",
    "result": 581,
    "id": 123123
}
{
    "jsonrpc": "2.0",
    "result": 581,
    "id": 123123
}
Request method:	GET
Request URI:	http://localhost:81/jsonrpc.php
Proxy:			<none>
Request params:	<none>
Query params:	<none>
Form params:	<none>
Path params:	<none>
Headers:		Accept=*/*
				Content-Type=text/plain; charset=ISO-8859-1
Cookies:		<none>
Multiparts:		<none>
Body:
{"jsonrpc":"2.0","method":"getUser","id":123,"params":{"user_id":581}}
22:41:17.690 [main] DEBUG org.apache.http.impl.conn.BasicClientConnectionManager - Get connection for route {}->http://localhost:81
22:41:17.690 [main] DEBUG org.apache.http.impl.conn.DefaultClientConnectionOperator - Connecting to localhost:81
22:41:17.692 [main] DEBUG org.apache.http.client.protocol.RequestAddCookies - CookieSpec selected: ignoreCookies
22:41:17.692 [main] DEBUG org.apache.http.client.protocol.RequestAuthCache - Auth cache not set in the context
22:41:17.692 [main] DEBUG org.apache.http.client.protocol.RequestTargetAuthentication - Target auth state: UNCHALLENGED
22:41:17.692 [main] DEBUG org.apache.http.client.protocol.RequestProxyAuthentication - Proxy auth state: UNCHALLENGED
22:41:17.692 [main] DEBUG org.apache.http.impl.client.DefaultHttpClient - Attempt 1 to execute request
22:41:17.692 [main] DEBUG org.apache.http.impl.conn.DefaultClientConnection - Sending request: GET /jsonrpc.php HTTP/1.1
22:41:17.692 [main] DEBUG org.apache.http.wire -  >> "GET /jsonrpc.php HTTP/1.1[\r][\n]"
22:41:17.693 [main] DEBUG org.apache.http.wire -  >> "Accept: */*[\r][\n]"
22:41:17.693 [main] DEBUG org.apache.http.wire -  >> "Content-Type: text/plain; charset=ISO-8859-1[\r][\n]"
22:41:17.693 [main] DEBUG org.apache.http.wire -  >> "Content-Length: 70[\r][\n]"
22:41:17.693 [main] DEBUG org.apache.http.wire -  >> "Host: localhost:81[\r][\n]"
22:41:17.693 [main] DEBUG org.apache.http.wire -  >> "Connection: Keep-Alive[\r][\n]"
22:41:17.693 [main] DEBUG org.apache.http.wire -  >> "User-Agent: Apache-HttpClient/4.5.13 (Java/17)[\r][\n]"
22:41:17.693 [main] DEBUG org.apache.http.wire -  >> "Accept-Encoding: gzip,deflate[\r][\n]"
22:41:17.693 [main] DEBUG org.apache.http.wire -  >> "[\r][\n]"
22:41:17.693 [main] DEBUG org.apache.http.headers - >> GET /jsonrpc.php HTTP/1.1
22:41:17.693 [main] DEBUG org.apache.http.headers - >> Accept: */*
22:41:17.693 [main] DEBUG org.apache.http.headers - >> Content-Type: text/plain; charset=ISO-8859-1
22:41:17.693 [main] DEBUG org.apache.http.headers - >> Content-Length: 70
22:41:17.693 [main] DEBUG org.apache.http.headers - >> Host: localhost:81
22:41:17.693 [main] DEBUG org.apache.http.headers - >> Connection: Keep-Alive
22:41:17.693 [main] DEBUG org.apache.http.headers - >> User-Agent: Apache-HttpClient/4.5.13 (Java/17)
22:41:17.693 [main] DEBUG org.apache.http.headers - >> Accept-Encoding: gzip,deflate
22:41:17.694 [main] DEBUG org.apache.http.wire -  >> "{"jsonrpc":"2.0","method":"getUser","id":123,"params":{"user_id":581}}"
22:41:17.702 [main] DEBUG org.apache.http.wire -  << "HTTP/1.1 401 Unauthorized[\r][\n]"
22:41:17.702 [main] DEBUG org.apache.http.wire -  << "Server: nginx[\r][\n]"
22:41:17.702 [main] DEBUG org.apache.http.wire -  << "Date: Wed, 26 Jul 2023 19:41:17 GMT[\r][\n]"
22:41:17.703 [main] DEBUG org.apache.http.wire -  << "Content-Type: application/json[\r][\n]"
22:41:17.703 [main] DEBUG org.apache.http.wire -  << "Transfer-Encoding: chunked[\r][\n]"
22:41:17.703 [main] DEBUG org.apache.http.wire -  << "Connection: keep-alive[\r][\n]"
22:41:17.703 [main] DEBUG org.apache.http.wire -  << "WWW-Authenticate: Basic realm="JsonRPC"[\r][\n]"
22:41:17.703 [main] DEBUG org.apache.http.wire -  << "[\r][\n]"
22:41:17.703 [main] DEBUG org.apache.http.impl.conn.DefaultClientConnection - Receiving response: HTTP/1.1 401 Unauthorized
22:41:17.703 [main] DEBUG org.apache.http.headers - << HTTP/1.1 401 Unauthorized
22:41:17.703 [main] DEBUG org.apache.http.headers - << Server: nginx
22:41:17.703 [main] DEBUG org.apache.http.headers - << Date: Wed, 26 Jul 2023 19:41:17 GMT
22:41:17.703 [main] DEBUG org.apache.http.headers - << Content-Type: application/json
22:41:17.703 [main] DEBUG org.apache.http.headers - << Transfer-Encoding: chunked
22:41:17.703 [main] DEBUG org.apache.http.headers - << Connection: keep-alive
22:41:17.703 [main] DEBUG org.apache.http.headers - << WWW-Authenticate: Basic realm="JsonRPC"
22:41:17.704 [main] DEBUG org.apache.http.impl.client.DefaultHttpClient - Connection can be kept alive indefinitely
22:41:17.704 [main] DEBUG org.apache.http.impl.client.DefaultHttpClient - Authentication required
22:41:17.704 [main] DEBUG org.apache.http.impl.client.DefaultHttpClient - localhost:81 requested authentication
22:41:17.704 [main] DEBUG org.apache.http.impl.client.TargetAuthenticationStrategy - Authentication schemes in the order of preference: [Negotiate, Kerberos, NTLM, CredSSP, Digest, Basic]
22:41:17.704 [main] DEBUG org.apache.http.impl.client.TargetAuthenticationStrategy - Challenge for Negotiate authentication scheme not available
22:41:17.704 [main] DEBUG org.apache.http.impl.client.TargetAuthenticationStrategy - Challenge for Kerberos authentication scheme not available
22:41:17.704 [main] DEBUG org.apache.http.impl.client.TargetAuthenticationStrategy - Challenge for NTLM authentication scheme not available
22:41:17.704 [main] DEBUG org.apache.http.impl.client.TargetAuthenticationStrategy - Challenge for CredSSP authentication scheme not available
22:41:17.704 [main] DEBUG org.apache.http.impl.client.TargetAuthenticationStrategy - Challenge for Digest authentication scheme not available
22:41:17.704 [main] DEBUG org.apache.http.impl.client.DefaultHttpClient - Selected authentication options: [BASIC [complete=true]]
22:41:17.704 [main] DEBUG org.apache.http.wire -  << "49[\r][\n]"
22:41:17.704 [main] DEBUG org.apache.http.wire -  << "{"jsonrpc":"2.0","error":{"code":401,"message":"Unauthorized"},"id":null}"
22:41:17.704 [main] DEBUG org.apache.http.wire -  << "[\r][\n]"
22:41:17.704 [main] DEBUG org.apache.http.wire -  << "0[\r][\n]"
22:41:17.704 [main] DEBUG org.apache.http.wire -  << "[\r][\n]"
22:41:17.704 [main] DEBUG org.apache.http.client.protocol.RequestAddCookies - CookieSpec selected: ignoreCookies
22:41:17.705 [main] DEBUG org.apache.http.client.protocol.RequestAuthCache - Auth cache not set in the context
22:41:17.705 [main] DEBUG org.apache.http.client.protocol.RequestTargetAuthentication - Target auth state: CHALLENGED
22:41:17.705 [main] DEBUG org.apache.http.client.protocol.RequestTargetAuthentication - Generating response to an authentication challenge using basic scheme
22:41:17.705 [main] DEBUG org.apache.http.client.protocol.RequestProxyAuthentication - Proxy auth state: UNCHALLENGED
22:41:17.705 [main] DEBUG org.apache.http.impl.client.DefaultHttpClient - Attempt 2 to execute request
22:41:17.705 [main] DEBUG org.apache.http.impl.conn.DefaultClientConnection - Sending request: GET /jsonrpc.php HTTP/1.1
22:41:17.705 [main] DEBUG org.apache.http.wire -  >> "GET /jsonrpc.php HTTP/1.1[\r][\n]"
22:41:17.705 [main] DEBUG org.apache.http.wire -  >> "Accept: */*[\r][\n]"
22:41:17.705 [main] DEBUG org.apache.http.wire -  >> "Content-Type: text/plain; charset=ISO-8859-1[\r][\n]"
22:41:17.705 [main] DEBUG org.apache.http.wire -  >> "Content-Length: 70[\r][\n]"
22:41:17.705 [main] DEBUG org.apache.http.wire -  >> "Host: localhost:81[\r][\n]"
22:41:17.705 [main] DEBUG org.apache.http.wire -  >> "Connection: Keep-Alive[\r][\n]"
22:41:17.705 [main] DEBUG org.apache.http.wire -  >> "User-Agent: Apache-HttpClient/4.5.13 (Java/17)[\r][\n]"
22:41:17.705 [main] DEBUG org.apache.http.wire -  >> "Authorization: Basic YWRtaW46YWRtaW4=[\r][\n]"
22:41:17.705 [main] DEBUG org.apache.http.wire -  >> "Accept-Encoding: gzip,deflate[\r][\n]"
22:41:17.705 [main] DEBUG org.apache.http.wire -  >> "[\r][\n]"
22:41:17.705 [main] DEBUG org.apache.http.headers - >> GET /jsonrpc.php HTTP/1.1
22:41:17.705 [main] DEBUG org.apache.http.headers - >> Accept: */*
22:41:17.705 [main] DEBUG org.apache.http.headers - >> Content-Type: text/plain; charset=ISO-8859-1
22:41:17.705 [main] DEBUG org.apache.http.headers - >> Content-Length: 70
22:41:17.705 [main] DEBUG org.apache.http.headers - >> Host: localhost:81
22:41:17.705 [main] DEBUG org.apache.http.headers - >> Connection: Keep-Alive
22:41:17.706 [main] DEBUG org.apache.http.headers - >> User-Agent: Apache-HttpClient/4.5.13 (Java/17)
22:41:17.706 [main] DEBUG org.apache.http.headers - >> Authorization: Basic YWRtaW46YWRtaW4=
22:41:17.706 [main] DEBUG org.apache.http.headers - >> Accept-Encoding: gzip,deflate
22:41:17.706 [main] DEBUG org.apache.http.wire -  >> "{"jsonrpc":"2.0","method":"getUser","id":123,"params":{"user_id":581}}"
22:41:17.814 [main] DEBUG org.apache.http.wire -  << "HTTP/1.1 200 OK[\r][\n]"
22:41:17.814 [main] DEBUG org.apache.http.wire -  << "Server: nginx[\r][\n]"
22:41:17.814 [main] DEBUG org.apache.http.wire -  << "Date: Wed, 26 Jul 2023 19:41:17 GMT[\r][\n]"
22:41:17.815 [main] DEBUG org.apache.http.wire -  << "Content-Type: application/json[\r][\n]"
22:41:17.815 [main] DEBUG org.apache.http.wire -  << "Transfer-Encoding: chunked[\r][\n]"
22:41:17.815 [main] DEBUG org.apache.http.wire -  << "Connection: keep-alive[\r][\n]"
22:41:17.815 [main] DEBUG org.apache.http.wire -  << "Vary: Accept-Encoding[\r][\n]"
22:41:17.815 [main] DEBUG org.apache.http.wire -  << "Content-Encoding: gzip[\r][\n]"
22:41:17.815 [main] DEBUG org.apache.http.wire -  << "[\r][\n]"
22:41:17.815 [main] DEBUG org.apache.http.impl.conn.DefaultClientConnection - Receiving response: HTTP/1.1 200 OK
22:41:17.815 [main] DEBUG org.apache.http.headers - << HTTP/1.1 200 OK
22:41:17.815 [main] DEBUG org.apache.http.headers - << Server: nginx
22:41:17.815 [main] DEBUG org.apache.http.headers - << Date: Wed, 26 Jul 2023 19:41:17 GMT
22:41:17.815 [main] DEBUG org.apache.http.headers - << Content-Type: application/json
22:41:17.815 [main] DEBUG org.apache.http.headers - << Transfer-Encoding: chunked
22:41:17.815 [main] DEBUG org.apache.http.headers - << Connection: keep-alive
22:41:17.815 [main] DEBUG org.apache.http.headers - << Vary: Accept-Encoding
22:41:17.815 [main] DEBUG org.apache.http.headers - << Content-Encoding: gzip
22:41:17.815 [main] DEBUG org.apache.http.impl.client.DefaultHttpClient - Connection can be kept alive indefinitely
22:41:17.815 [main] DEBUG org.apache.http.impl.client.DefaultHttpClient - Authentication succeeded
22:41:17.815 [main] DEBUG org.apache.http.impl.client.TargetAuthenticationStrategy - Caching 'basic' auth scheme for http://localhost:81
22:41:17.815 [main] DEBUG io.restassured.internal.RestAssuredHttpBuilder - Parsing response as: application/json
22:41:17.816 [main] DEBUG org.apache.http.wire -  << "16c[\r][\n]"
22:41:17.816 [main] DEBUG org.apache.http.wire -  << "[0x1f][0x8b][0x8][0x0][0x0][0x0][0x0][0x0][0x0][0x3]][0x91]OO[0x2]1[0x10][0xc5][0xbf]K[0xc3][0x11]Wv[0x5]5[0x9c]$&[0x1a][0x83][0x6][0xe][0xe8][0xb5][0x19][0xba][0xdd][0xa5][0xec]l[0xa7]i[0xbb][0xfc][0x91][0xf8][0xdd][0x9d]e[0x85][0x80][0x97]&[0x9d][0xbe][0x99][0xf7]{[0xd3][0x83]X[0x7][0xb2][0xde])1[0x16]Y2[0x10]}[0xe1]uh0[0x8a][0xf1]A[0x98]\[0x8c]G[0x8f]i_4A{[0xb][0xb5]fM[0xb5][0xf7]{[0xa4][0xc9][0xfc]m[0xa1]C|[0xa7][0xd2]Xnq[0x10][0xc2][0x96]<[0xcb]E/[0xdb][0xf7][0xd2]A[0xef]#[0x1d][0xed]l5[0xbd]O[0xa6][0x9b][[0x9c][0xe]S[0xa3][0xd2][0xcd]<[0x89][0xf3]|=[0xfd][0x1c][0xa6]8[0xf8]Z[0xd9][0x85]R[0xf][0x13][0x97][0xe1][0xec][0x85][0x96]#=y[0x9e][0xbd][0xf2]$[0x13]$[0xe6][0xe0]d[0xeb]([0xc6][0x83][0xbe][0xb8][0xb2]e[0x81][0xae][0xc1][0xe0][0x8e][0xa7][0xb6][0x98]([0xaa]YP[0x12][0x95][0xa8]e[0xcb]n[0x1b]D.[0x98][0xb8]j[0x96][0x17][0x5]K[0xd1][0x14]FA4d[0x83][0xd4][0x16][0x96][0xa8]Y[0xcd]f[0xd1][0xd4][0xfa][0x9b],[0xe7][0xec]Z[0x11]l[0xd9]@y[0xbe][0xe7]&[0xb4]b[0x89]mnY[0x90][0xaf][0xbb][0xb6]-[0x15][0xa0]"y[0xc9][0xa7][0xd9]@<[0x8d];[0xd7][0x83]V^[0xf3]N[0xbb][0xb1][0x91]*m9[0x3][0xd3]^[0xb3][0x14][0x6]c[0x9b]{[0xc8][0xf]KYp([0x9d]wfG[0x1f]$UI[0xbd]s[0xc6][0x1f][0xd9]e[0xce]N[0x17])[0x11].Sz[0xc2][0xf6][0xbf][0xc0][0xb9][0x9b][0x1a],[0x87][0xf0][0xdd]z[0x8f][0x88][0xfc][0xc2][0xdf][\n]"
22:41:17.816 [main] DEBUG org.apache.http.wire -  << "[0x8c][\n]"
22:41:17.816 [main] DEBUG org.apache.http.wire -  << "^:[0x88][0xab][0xd3][0x18]p[0x86][0x15]J[0x87] [0xff](;[0xe4][0x13]Y{[0xfb][0xe1]9[0xbc][0xaf]4[0xbb][0xfb][0xf9][0x5][0xa5][0xb3]M[0x8]>[0x2][0x0][0x0]"
22:41:17.816 [main] DEBUG org.apache.http.wire -  << "[\r][\n]"
22:41:17.816 [main] DEBUG org.apache.http.wire -  << "0[\r][\n]"
22:41:17.816 [main] DEBUG org.apache.http.wire -  << "[\r][\n]"
22:41:17.816 [main] DEBUG io.restassured.internal.RestAssuredHttpBuilder - Parsed data to instance of: class org.apache.http.conn.EofSensorInputStream
22:41:17.817 [main] DEBUG org.apache.http.impl.conn.BasicClientConnectionManager - Releasing connection org.apache.http.impl.conn.ManagedClientConnectionImpl@501b296a
22:41:17.817 [main] DEBUG org.apache.http.impl.conn.BasicClientConnectionManager - Connection can be kept alive indefinitely
{
    "jsonrpc": "2.0",
    "result": {
        "id": 581,
        "username": "kyryloAPITestLogin",
        "password": "$2y$10$M15xnkK6.Kv/lK41ic1vP.tPdjKU41l0VhnTcc7Ap2lOFob5eACOG",
        "is_ldap_user": 0,
        "name": "kyrylo",
        "email": "kyryloAPITest@mail.com",
        "google_id": null,
        "github_id": null,
        "notifications_enabled": 0,
        "timezone": null,
        "language": null,
        "disable_login_form": 0,
        "twofactor_activated": 0,
        "twofactor_secret": null,
        "token": "",
        "notifications_filter": 4,
        "nb_failed_login": 0,
        "lock_expiration_date": null,
        "gitlab_id": null,
        "role": "app-manager",
        "is_active": 1,
        "avatar_path": null,
        "api_access_token": null,
        "filter": null
    },
    "id": 123
}
{
    "jsonrpc": "2.0",
    "result": {
        "id": 581,
        "username": "kyryloAPITestLogin",
        "password": "$2y$10$M15xnkK6.Kv/lK41ic1vP.tPdjKU41l0VhnTcc7Ap2lOFob5eACOG",
        "is_ldap_user": 0,
        "name": "kyrylo",
        "email": "kyryloAPITest@mail.com",
        "google_id": null,
        "github_id": null,
        "notifications_enabled": 0,
        "timezone": null,
        "language": null,
        "disable_login_form": 0,
        "twofactor_activated": 0,
        "twofactor_secret": null,
        "token": "",
        "notifications_filter": 4,
        "nb_failed_login": 0,
        "lock_expiration_date": null,
        "gitlab_id": null,
        "role": "app-manager",
        "is_active": 1,
        "avatar_path": null,
        "api_access_token": null,
        "filter": null
    },
    "id": 123
}
]]></system-out>
  </testcase>
  <testcase name="deleteUserTest" classname="API.tests.DeleteUserTest" time="0.31">
    <system-out><![CDATA[Request method:	DELETE
Request URI:	http://localhost:81/jsonrpc.php
Proxy:			<none>
Request params:	<none>
Query params:	<none>
Form params:	<none>
Path params:	<none>
Headers:		Accept=*/*
				Content-Type=text/plain; charset=ISO-8859-1
Cookies:		<none>
Multiparts:		<none>
Body:
{"jsonrpc":"2.0","method":"removeUser","id":234,"params":{"user_id":581}}
22:41:17.875 [main] DEBUG org.apache.http.impl.conn.BasicClientConnectionManager - Get connection for route {}->http://localhost:81
22:41:17.875 [main] DEBUG org.apache.http.impl.conn.DefaultClientConnectionOperator - Connecting to localhost:81
22:41:17.877 [main] DEBUG org.apache.http.client.protocol.RequestAddCookies - CookieSpec selected: ignoreCookies
22:41:17.877 [main] DEBUG org.apache.http.client.protocol.RequestAuthCache - Auth cache not set in the context
22:41:17.877 [main] DEBUG org.apache.http.client.protocol.RequestTargetAuthentication - Target auth state: UNCHALLENGED
22:41:17.877 [main] DEBUG org.apache.http.client.protocol.RequestProxyAuthentication - Proxy auth state: UNCHALLENGED
22:41:17.877 [main] DEBUG org.apache.http.impl.client.DefaultHttpClient - Attempt 1 to execute request
22:41:17.877 [main] DEBUG org.apache.http.impl.conn.DefaultClientConnection - Sending request: DELETE /jsonrpc.php HTTP/1.1
22:41:17.878 [main] DEBUG org.apache.http.wire -  >> "DELETE /jsonrpc.php HTTP/1.1[\r][\n]"
22:41:17.878 [main] DEBUG org.apache.http.wire -  >> "Accept: */*[\r][\n]"
22:41:17.878 [main] DEBUG org.apache.http.wire -  >> "Content-Type: text/plain; charset=ISO-8859-1[\r][\n]"
22:41:17.878 [main] DEBUG org.apache.http.wire -  >> "Content-Length: 73[\r][\n]"
22:41:17.878 [main] DEBUG org.apache.http.wire -  >> "Host: localhost:81[\r][\n]"
22:41:17.878 [main] DEBUG org.apache.http.wire -  >> "Connection: Keep-Alive[\r][\n]"
22:41:17.878 [main] DEBUG org.apache.http.wire -  >> "User-Agent: Apache-HttpClient/4.5.13 (Java/17)[\r][\n]"
22:41:17.878 [main] DEBUG org.apache.http.wire -  >> "Accept-Encoding: gzip,deflate[\r][\n]"
22:41:17.878 [main] DEBUG org.apache.http.wire -  >> "[\r][\n]"
22:41:17.878 [main] DEBUG org.apache.http.headers - >> DELETE /jsonrpc.php HTTP/1.1
22:41:17.878 [main] DEBUG org.apache.http.headers - >> Accept: */*
22:41:17.878 [main] DEBUG org.apache.http.headers - >> Content-Type: text/plain; charset=ISO-8859-1
22:41:17.878 [main] DEBUG org.apache.http.headers - >> Content-Length: 73
22:41:17.878 [main] DEBUG org.apache.http.headers - >> Host: localhost:81
22:41:17.878 [main] DEBUG org.apache.http.headers - >> Connection: Keep-Alive
22:41:17.879 [main] DEBUG org.apache.http.headers - >> User-Agent: Apache-HttpClient/4.5.13 (Java/17)
22:41:17.879 [main] DEBUG org.apache.http.headers - >> Accept-Encoding: gzip,deflate
22:41:17.879 [main] DEBUG org.apache.http.wire -  >> "{"jsonrpc":"2.0","method":"removeUser","id":234,"params":{"user_id":581}}"
22:41:17.887 [main] DEBUG org.apache.http.wire -  << "HTTP/1.1 401 Unauthorized[\r][\n]"
22:41:17.887 [main] DEBUG org.apache.http.wire -  << "Server: nginx[\r][\n]"
22:41:17.887 [main] DEBUG org.apache.http.wire -  << "Date: Wed, 26 Jul 2023 19:41:17 GMT[\r][\n]"
22:41:17.887 [main] DEBUG org.apache.http.wire -  << "Content-Type: application/json[\r][\n]"
22:41:17.887 [main] DEBUG org.apache.http.wire -  << "Transfer-Encoding: chunked[\r][\n]"
22:41:17.888 [main] DEBUG org.apache.http.wire -  << "Connection: keep-alive[\r][\n]"
22:41:17.888 [main] DEBUG org.apache.http.wire -  << "WWW-Authenticate: Basic realm="JsonRPC"[\r][\n]"
22:41:17.888 [main] DEBUG org.apache.http.wire -  << "[\r][\n]"
22:41:17.888 [main] DEBUG org.apache.http.impl.conn.DefaultClientConnection - Receiving response: HTTP/1.1 401 Unauthorized
22:41:17.888 [main] DEBUG org.apache.http.headers - << HTTP/1.1 401 Unauthorized
22:41:17.888 [main] DEBUG org.apache.http.headers - << Server: nginx
22:41:17.888 [main] DEBUG org.apache.http.headers - << Date: Wed, 26 Jul 2023 19:41:17 GMT
22:41:17.888 [main] DEBUG org.apache.http.headers - << Content-Type: application/json
22:41:17.888 [main] DEBUG org.apache.http.headers - << Transfer-Encoding: chunked
22:41:17.888 [main] DEBUG org.apache.http.headers - << Connection: keep-alive
22:41:17.888 [main] DEBUG org.apache.http.headers - << WWW-Authenticate: Basic realm="JsonRPC"
22:41:17.888 [main] DEBUG org.apache.http.impl.client.DefaultHttpClient - Connection can be kept alive indefinitely
22:41:17.888 [main] DEBUG org.apache.http.impl.client.DefaultHttpClient - Authentication required
22:41:17.888 [main] DEBUG org.apache.http.impl.client.DefaultHttpClient - localhost:81 requested authentication
22:41:17.888 [main] DEBUG org.apache.http.impl.client.TargetAuthenticationStrategy - Authentication schemes in the order of preference: [Negotiate, Kerberos, NTLM, CredSSP, Digest, Basic]
22:41:17.888 [main] DEBUG org.apache.http.impl.client.TargetAuthenticationStrategy - Challenge for Negotiate authentication scheme not available
22:41:17.888 [main] DEBUG org.apache.http.impl.client.TargetAuthenticationStrategy - Challenge for Kerberos authentication scheme not available
22:41:17.888 [main] DEBUG org.apache.http.impl.client.TargetAuthenticationStrategy - Challenge for NTLM authentication scheme not available
22:41:17.888 [main] DEBUG org.apache.http.impl.client.TargetAuthenticationStrategy - Challenge for CredSSP authentication scheme not available
22:41:17.888 [main] DEBUG org.apache.http.impl.client.TargetAuthenticationStrategy - Challenge for Digest authentication scheme not available
22:41:17.889 [main] DEBUG org.apache.http.impl.client.DefaultHttpClient - Selected authentication options: [BASIC [complete=true]]
22:41:17.889 [main] DEBUG org.apache.http.wire -  << "49[\r][\n]"
22:41:17.889 [main] DEBUG org.apache.http.wire -  << "{"jsonrpc":"2.0","error":{"code":401,"message":"Unauthorized"},"id":null}"
22:41:17.889 [main] DEBUG org.apache.http.wire -  << "[\r][\n]"
22:41:17.889 [main] DEBUG org.apache.http.wire -  << "0[\r][\n]"
22:41:17.889 [main] DEBUG org.apache.http.wire -  << "[\r][\n]"
22:41:17.889 [main] DEBUG org.apache.http.client.protocol.RequestAddCookies - CookieSpec selected: ignoreCookies
22:41:17.890 [main] DEBUG org.apache.http.client.protocol.RequestAuthCache - Auth cache not set in the context
22:41:17.890 [main] DEBUG org.apache.http.client.protocol.RequestTargetAuthentication - Target auth state: CHALLENGED
22:41:17.890 [main] DEBUG org.apache.http.client.protocol.RequestTargetAuthentication - Generating response to an authentication challenge using basic scheme
22:41:17.890 [main] DEBUG org.apache.http.client.protocol.RequestProxyAuthentication - Proxy auth state: UNCHALLENGED
22:41:17.890 [main] DEBUG org.apache.http.impl.client.DefaultHttpClient - Attempt 2 to execute request
22:41:17.890 [main] DEBUG org.apache.http.impl.conn.DefaultClientConnection - Sending request: DELETE /jsonrpc.php HTTP/1.1
22:41:17.890 [main] DEBUG org.apache.http.wire -  >> "DELETE /jsonrpc.php HTTP/1.1[\r][\n]"
22:41:17.890 [main] DEBUG org.apache.http.wire -  >> "Accept: */*[\r][\n]"
22:41:17.890 [main] DEBUG org.apache.http.wire -  >> "Content-Type: text/plain; charset=ISO-8859-1[\r][\n]"
22:41:17.890 [main] DEBUG org.apache.http.wire -  >> "Content-Length: 73[\r][\n]"
22:41:17.890 [main] DEBUG org.apache.http.wire -  >> "Host: localhost:81[\r][\n]"
22:41:17.890 [main] DEBUG org.apache.http.wire -  >> "Connection: Keep-Alive[\r][\n]"
22:41:17.890 [main] DEBUG org.apache.http.wire -  >> "User-Agent: Apache-HttpClient/4.5.13 (Java/17)[\r][\n]"
22:41:17.890 [main] DEBUG org.apache.http.wire -  >> "Authorization: Basic YWRtaW46YWRtaW4=[\r][\n]"
22:41:17.890 [main] DEBUG org.apache.http.wire -  >> "Accept-Encoding: gzip,deflate[\r][\n]"
22:41:17.890 [main] DEBUG org.apache.http.wire -  >> "[\r][\n]"
22:41:17.890 [main] DEBUG org.apache.http.headers - >> DELETE /jsonrpc.php HTTP/1.1
22:41:17.890 [main] DEBUG org.apache.http.headers - >> Accept: */*
22:41:17.890 [main] DEBUG org.apache.http.headers - >> Content-Type: text/plain; charset=ISO-8859-1
22:41:17.890 [main] DEBUG org.apache.http.headers - >> Content-Length: 73
22:41:17.890 [main] DEBUG org.apache.http.headers - >> Host: localhost:81
22:41:17.890 [main] DEBUG org.apache.http.headers - >> Connection: Keep-Alive
22:41:17.891 [main] DEBUG org.apache.http.headers - >> User-Agent: Apache-HttpClient/4.5.13 (Java/17)
22:41:17.891 [main] DEBUG org.apache.http.headers - >> Authorization: Basic YWRtaW46YWRtaW4=
22:41:17.891 [main] DEBUG org.apache.http.headers - >> Accept-Encoding: gzip,deflate
22:41:17.891 [main] DEBUG org.apache.http.wire -  >> "{"jsonrpc":"2.0","method":"removeUser","id":234,"params":{"user_id":581}}"
22:41:17.982 [main] DEBUG org.apache.http.wire -  << "HTTP/1.1 200 OK[\r][\n]"
22:41:17.983 [main] DEBUG org.apache.http.wire -  << "Server: nginx[\r][\n]"
22:41:17.983 [main] DEBUG org.apache.http.wire -  << "Date: Wed, 26 Jul 2023 19:41:17 GMT[\r][\n]"
22:41:17.983 [main] DEBUG org.apache.http.wire -  << "Content-Type: application/json[\r][\n]"
22:41:17.983 [main] DEBUG org.apache.http.wire -  << "Transfer-Encoding: chunked[\r][\n]"
22:41:17.983 [main] DEBUG org.apache.http.wire -  << "Connection: keep-alive[\r][\n]"
22:41:17.983 [main] DEBUG org.apache.http.wire -  << "Vary: Accept-Encoding[\r][\n]"
22:41:17.983 [main] DEBUG org.apache.http.wire -  << "Content-Encoding: gzip[\r][\n]"
22:41:17.983 [main] DEBUG org.apache.http.wire -  << "[\r][\n]"
22:41:17.983 [main] DEBUG org.apache.http.impl.conn.DefaultClientConnection - Receiving response: HTTP/1.1 200 OK
22:41:17.983 [main] DEBUG org.apache.http.headers - << HTTP/1.1 200 OK
22:41:17.983 [main] DEBUG org.apache.http.headers - << Server: nginx
22:41:17.983 [main] DEBUG org.apache.http.headers - << Date: Wed, 26 Jul 2023 19:41:17 GMT
22:41:17.983 [main] DEBUG org.apache.http.headers - << Content-Type: application/json
22:41:17.983 [main] DEBUG org.apache.http.headers - << Transfer-Encoding: chunked
22:41:17.983 [main] DEBUG org.apache.http.headers - << Connection: keep-alive
22:41:17.983 [main] DEBUG org.apache.http.headers - << Vary: Accept-Encoding
22:41:17.983 [main] DEBUG org.apache.http.headers - << Content-Encoding: gzip
22:41:17.983 [main] DEBUG org.apache.http.impl.client.DefaultHttpClient - Connection can be kept alive indefinitely
22:41:17.983 [main] DEBUG org.apache.http.impl.client.DefaultHttpClient - Authentication succeeded
22:41:17.983 [main] DEBUG org.apache.http.impl.client.TargetAuthenticationStrategy - Caching 'basic' auth scheme for http://localhost:81
22:41:17.983 [main] DEBUG io.restassured.internal.RestAssuredHttpBuilder - Parsing response as: application/json
22:41:17.983 [main] DEBUG org.apache.http.wire -  << "3c[\r][\n]"
22:41:17.983 [main] DEBUG org.apache.http.wire -  << "[0x1f][0x8b][0x8][0x0][0x0][0x0][0x0][0x0][0x0][0x3][0xab]V[0xca]*[0xce][0xcf]+*HV[0xb2]R2[0xd2]3P[0xd2]Q*J-.[0xcd])Q[0xb2]*)*M[0xd5]Q[0xca]LQ[0xb2]226[0xa9][0x5][0x0]q~[0x7][0xe8]([0x0][0x0][0x0]"
22:41:17.983 [main] DEBUG org.apache.http.wire -  << "[\r][\n]"
22:41:17.983 [main] DEBUG org.apache.http.wire -  << "0[\r][\n]"
22:41:17.983 [main] DEBUG org.apache.http.wire -  << "[\r][\n]"
22:41:17.983 [main] DEBUG io.restassured.internal.RestAssuredHttpBuilder - Parsed data to instance of: class org.apache.http.conn.EofSensorInputStream
22:41:17.984 [main] DEBUG org.apache.http.impl.conn.BasicClientConnectionManager - Releasing connection org.apache.http.impl.conn.ManagedClientConnectionImpl@34114276
22:41:17.985 [main] DEBUG org.apache.http.impl.conn.BasicClientConnectionManager - Connection can be kept alive indefinitely
{
    "jsonrpc": "2.0",
    "result": true,
    "id": 234
}
{
    "jsonrpc": "2.0",
    "result": true,
    "id": 234
}
Request method:	POST
Request URI:	http://localhost:81/jsonrpc.php
Proxy:			<none>
Request params:	<none>
Query params:	<none>
Form params:	<none>
Path params:	<none>
Headers:		Accept=*/*
				Content-Type=text/plain; charset=ISO-8859-1
Cookies:		<none>
Multiparts:		<none>
Body:
{"jsonrpc":"2.0","method":"createUser","id":123123,"params":{"username":"kyryloAPITestLogin","password":"kyryloAPITestPassword","name":"kyrylo","email":"kyryloAPITest@mail.com","role":"app-manager"}}
22:41:18.010 [main] DEBUG org.apache.http.impl.conn.BasicClientConnectionManager - Get connection for route {}->http://localhost:81
22:41:18.010 [main] DEBUG org.apache.http.impl.conn.DefaultClientConnectionOperator - Connecting to localhost:81
22:41:18.012 [main] DEBUG org.apache.http.client.protocol.RequestAddCookies - CookieSpec selected: ignoreCookies
22:41:18.012 [main] DEBUG org.apache.http.client.protocol.RequestAuthCache - Auth cache not set in the context
22:41:18.012 [main] DEBUG org.apache.http.client.protocol.RequestTargetAuthentication - Target auth state: UNCHALLENGED
22:41:18.012 [main] DEBUG org.apache.http.client.protocol.RequestProxyAuthentication - Proxy auth state: UNCHALLENGED
22:41:18.012 [main] DEBUG org.apache.http.impl.client.DefaultHttpClient - Attempt 1 to execute request
22:41:18.012 [main] DEBUG org.apache.http.impl.conn.DefaultClientConnection - Sending request: POST /jsonrpc.php HTTP/1.1
22:41:18.013 [main] DEBUG org.apache.http.wire -  >> "POST /jsonrpc.php HTTP/1.1[\r][\n]"
22:41:18.013 [main] DEBUG org.apache.http.wire -  >> "Accept: */*[\r][\n]"
22:41:18.013 [main] DEBUG org.apache.http.wire -  >> "Content-Type: text/plain; charset=ISO-8859-1[\r][\n]"
22:41:18.013 [main] DEBUG org.apache.http.wire -  >> "Content-Length: 199[\r][\n]"
22:41:18.013 [main] DEBUG org.apache.http.wire -  >> "Host: localhost:81[\r][\n]"
22:41:18.013 [main] DEBUG org.apache.http.wire -  >> "Connection: Keep-Alive[\r][\n]"
22:41:18.013 [main] DEBUG org.apache.http.wire -  >> "User-Agent: Apache-HttpClient/4.5.13 (Java/17)[\r][\n]"
22:41:18.013 [main] DEBUG org.apache.http.wire -  >> "Accept-Encoding: gzip,deflate[\r][\n]"
22:41:18.013 [main] DEBUG org.apache.http.wire -  >> "[\r][\n]"
22:41:18.013 [main] DEBUG org.apache.http.headers - >> POST /jsonrpc.php HTTP/1.1
22:41:18.013 [main] DEBUG org.apache.http.headers - >> Accept: */*
22:41:18.013 [main] DEBUG org.apache.http.headers - >> Content-Type: text/plain; charset=ISO-8859-1
22:41:18.013 [main] DEBUG org.apache.http.headers - >> Content-Length: 199
22:41:18.013 [main] DEBUG org.apache.http.headers - >> Host: localhost:81
22:41:18.013 [main] DEBUG org.apache.http.headers - >> Connection: Keep-Alive
22:41:18.013 [main] DEBUG org.apache.http.headers - >> User-Agent: Apache-HttpClient/4.5.13 (Java/17)
22:41:18.013 [main] DEBUG org.apache.http.headers - >> Accept-Encoding: gzip,deflate
22:41:18.013 [main] DEBUG org.apache.http.wire -  >> "{"jsonrpc":"2.0","method":"createUser","id":123123,"params":{"username":"kyryloAPITestLogin","password":"kyryloAPITestPassword","name":"kyrylo","email":"kyryloAPITest@mail.com","role":"app-manager"}}"
22:41:18.022 [main] DEBUG org.apache.http.wire -  << "HTTP/1.1 401 Unauthorized[\r][\n]"
22:41:18.022 [main] DEBUG org.apache.http.wire -  << "Server: nginx[\r][\n]"
22:41:18.022 [main] DEBUG org.apache.http.wire -  << "Date: Wed, 26 Jul 2023 19:41:18 GMT[\r][\n]"
22:41:18.022 [main] DEBUG org.apache.http.wire -  << "Content-Type: application/json[\r][\n]"
22:41:18.022 [main] DEBUG org.apache.http.wire -  << "Transfer-Encoding: chunked[\r][\n]"
22:41:18.022 [main] DEBUG org.apache.http.wire -  << "Connection: keep-alive[\r][\n]"
22:41:18.022 [main] DEBUG org.apache.http.wire -  << "WWW-Authenticate: Basic realm="JsonRPC"[\r][\n]"
22:41:18.022 [main] DEBUG org.apache.http.wire -  << "[\r][\n]"
22:41:18.022 [main] DEBUG org.apache.http.impl.conn.DefaultClientConnection - Receiving response: HTTP/1.1 401 Unauthorized
22:41:18.022 [main] DEBUG org.apache.http.headers - << HTTP/1.1 401 Unauthorized
22:41:18.022 [main] DEBUG org.apache.http.headers - << Server: nginx
22:41:18.022 [main] DEBUG org.apache.http.headers - << Date: Wed, 26 Jul 2023 19:41:18 GMT
22:41:18.022 [main] DEBUG org.apache.http.headers - << Content-Type: application/json
22:41:18.022 [main] DEBUG org.apache.http.headers - << Transfer-Encoding: chunked
22:41:18.022 [main] DEBUG org.apache.http.headers - << Connection: keep-alive
22:41:18.022 [main] DEBUG org.apache.http.headers - << WWW-Authenticate: Basic realm="JsonRPC"
22:41:18.022 [main] DEBUG org.apache.http.impl.client.DefaultHttpClient - Connection can be kept alive indefinitely
22:41:18.023 [main] DEBUG org.apache.http.impl.client.DefaultHttpClient - Authentication required
22:41:18.023 [main] DEBUG org.apache.http.impl.client.DefaultHttpClient - localhost:81 requested authentication
22:41:18.023 [main] DEBUG org.apache.http.impl.client.TargetAuthenticationStrategy - Authentication schemes in the order of preference: [Negotiate, Kerberos, NTLM, CredSSP, Digest, Basic]
22:41:18.023 [main] DEBUG org.apache.http.impl.client.TargetAuthenticationStrategy - Challenge for Negotiate authentication scheme not available
22:41:18.023 [main] DEBUG org.apache.http.impl.client.TargetAuthenticationStrategy - Challenge for Kerberos authentication scheme not available
22:41:18.023 [main] DEBUG org.apache.http.impl.client.TargetAuthenticationStrategy - Challenge for NTLM authentication scheme not available
22:41:18.023 [main] DEBUG org.apache.http.impl.client.TargetAuthenticationStrategy - Challenge for CredSSP authentication scheme not available
22:41:18.023 [main] DEBUG org.apache.http.impl.client.TargetAuthenticationStrategy - Challenge for Digest authentication scheme not available
22:41:18.023 [main] DEBUG org.apache.http.impl.client.DefaultHttpClient - Selected authentication options: [BASIC [complete=true]]
22:41:18.023 [main] DEBUG org.apache.http.wire -  << "49[\r][\n]"
22:41:18.023 [main] DEBUG org.apache.http.wire -  << "{"jsonrpc":"2.0","error":{"code":401,"message":"Unauthorized"},"id":null}"
22:41:18.023 [main] DEBUG org.apache.http.wire -  << "[\r][\n]"
22:41:18.023 [main] DEBUG org.apache.http.wire -  << "0[\r][\n]"
22:41:18.023 [main] DEBUG org.apache.http.wire -  << "[\r][\n]"
22:41:18.023 [main] DEBUG org.apache.http.client.protocol.RequestAddCookies - CookieSpec selected: ignoreCookies
22:41:18.023 [main] DEBUG org.apache.http.client.protocol.RequestAuthCache - Auth cache not set in the context
22:41:18.023 [main] DEBUG org.apache.http.client.protocol.RequestTargetAuthentication - Target auth state: CHALLENGED
22:41:18.023 [main] DEBUG org.apache.http.client.protocol.RequestTargetAuthentication - Generating response to an authentication challenge using basic scheme
22:41:18.023 [main] DEBUG org.apache.http.client.protocol.RequestProxyAuthentication - Proxy auth state: UNCHALLENGED
22:41:18.023 [main] DEBUG org.apache.http.impl.client.DefaultHttpClient - Attempt 2 to execute request
22:41:18.023 [main] DEBUG org.apache.http.impl.conn.DefaultClientConnection - Sending request: POST /jsonrpc.php HTTP/1.1
22:41:18.023 [main] DEBUG org.apache.http.wire -  >> "POST /jsonrpc.php HTTP/1.1[\r][\n]"
22:41:18.023 [main] DEBUG org.apache.http.wire -  >> "Accept: */*[\r][\n]"
22:41:18.023 [main] DEBUG org.apache.http.wire -  >> "Content-Type: text/plain; charset=ISO-8859-1[\r][\n]"
22:41:18.023 [main] DEBUG org.apache.http.wire -  >> "Content-Length: 199[\r][\n]"
22:41:18.023 [main] DEBUG org.apache.http.wire -  >> "Host: localhost:81[\r][\n]"
22:41:18.023 [main] DEBUG org.apache.http.wire -  >> "Connection: Keep-Alive[\r][\n]"
22:41:18.024 [main] DEBUG org.apache.http.wire -  >> "User-Agent: Apache-HttpClient/4.5.13 (Java/17)[\r][\n]"
22:41:18.024 [main] DEBUG org.apache.http.wire -  >> "Authorization: Basic YWRtaW46YWRtaW4=[\r][\n]"
22:41:18.024 [main] DEBUG org.apache.http.wire -  >> "Accept-Encoding: gzip,deflate[\r][\n]"
22:41:18.024 [main] DEBUG org.apache.http.wire -  >> "[\r][\n]"
22:41:18.024 [main] DEBUG org.apache.http.headers - >> POST /jsonrpc.php HTTP/1.1
22:41:18.024 [main] DEBUG org.apache.http.headers - >> Accept: */*
22:41:18.024 [main] DEBUG org.apache.http.headers - >> Content-Type: text/plain; charset=ISO-8859-1
22:41:18.024 [main] DEBUG org.apache.http.headers - >> Content-Length: 199
22:41:18.024 [main] DEBUG org.apache.http.headers - >> Host: localhost:81
22:41:18.024 [main] DEBUG org.apache.http.headers - >> Connection: Keep-Alive
22:41:18.024 [main] DEBUG org.apache.http.headers - >> User-Agent: Apache-HttpClient/4.5.13 (Java/17)
22:41:18.024 [main] DEBUG org.apache.http.headers - >> Authorization: Basic YWRtaW46YWRtaW4=
22:41:18.024 [main] DEBUG org.apache.http.headers - >> Accept-Encoding: gzip,deflate
22:41:18.024 [main] DEBUG org.apache.http.wire -  >> "{"jsonrpc":"2.0","method":"createUser","id":123123,"params":{"username":"kyryloAPITestLogin","password":"kyryloAPITestPassword","name":"kyrylo","email":"kyryloAPITest@mail.com","role":"app-manager"}}"
22:41:18.171 [main] DEBUG org.apache.http.wire -  << "HTTP/1.1 200 OK[\r][\n]"
22:41:18.171 [main] DEBUG org.apache.http.wire -  << "Server: nginx[\r][\n]"
22:41:18.171 [main] DEBUG org.apache.http.wire -  << "Date: Wed, 26 Jul 2023 19:41:18 GMT[\r][\n]"
22:41:18.171 [main] DEBUG org.apache.http.wire -  << "Content-Type: application/json[\r][\n]"
22:41:18.172 [main] DEBUG org.apache.http.wire -  << "Transfer-Encoding: chunked[\r][\n]"
22:41:18.172 [main] DEBUG org.apache.http.wire -  << "Connection: keep-alive[\r][\n]"
22:41:18.172 [main] DEBUG org.apache.http.wire -  << "Vary: Accept-Encoding[\r][\n]"
22:41:18.172 [main] DEBUG org.apache.http.wire -  << "Content-Encoding: gzip[\r][\n]"
22:41:18.172 [main] DEBUG org.apache.http.wire -  << "[\r][\n]"
22:41:18.172 [main] DEBUG org.apache.http.impl.conn.DefaultClientConnection - Receiving response: HTTP/1.1 200 OK
22:41:18.172 [main] DEBUG org.apache.http.headers - << HTTP/1.1 200 OK
22:41:18.172 [main] DEBUG org.apache.http.headers - << Server: nginx
22:41:18.172 [main] DEBUG org.apache.http.headers - << Date: Wed, 26 Jul 2023 19:41:18 GMT
22:41:18.172 [main] DEBUG org.apache.http.headers - << Content-Type: application/json
22:41:18.172 [main] DEBUG org.apache.http.headers - << Transfer-Encoding: chunked
22:41:18.172 [main] DEBUG org.apache.http.headers - << Connection: keep-alive
22:41:18.172 [main] DEBUG org.apache.http.headers - << Vary: Accept-Encoding
22:41:18.172 [main] DEBUG org.apache.http.headers - << Content-Encoding: gzip
22:41:18.172 [main] DEBUG org.apache.http.impl.client.DefaultHttpClient - Connection can be kept alive indefinitely
22:41:18.172 [main] DEBUG org.apache.http.impl.client.DefaultHttpClient - Authentication succeeded
22:41:18.172 [main] DEBUG org.apache.http.impl.client.TargetAuthenticationStrategy - Caching 'basic' auth scheme for http://localhost:81
22:41:18.172 [main] DEBUG io.restassured.internal.RestAssuredHttpBuilder - Parsing response as: application/json
22:41:18.172 [main] DEBUG org.apache.http.wire -  << "3c[\r][\n]"
22:41:18.172 [main] DEBUG org.apache.http.wire -  << "[0x1f][0x8b][0x8][0x0][0x0][0x0][0x0][0x0][0x0][0x3][0xab]V[0xca]*[0xce][0xcf]+*HV[0xb2]R2[0xd2]3P[0xd2]Q*J-.[0xcd])Q[0xb2]2[0xb5]0[0xd2]Q[0xca]LQ[0xb2]242[0x6][0xa2]Z[0x0][0x94][0xd9]~[0x8c]*[0x0][0x0][0x0]"
22:41:18.172 [main] DEBUG org.apache.http.wire -  << "[\r][\n]"
22:41:18.172 [main] DEBUG org.apache.http.wire -  << "0[\r][\n]"
22:41:18.172 [main] DEBUG org.apache.http.wire -  << "[\r][\n]"
22:41:18.172 [main] DEBUG io.restassured.internal.RestAssuredHttpBuilder - Parsed data to instance of: class org.apache.http.conn.EofSensorInputStream
22:41:18.173 [main] DEBUG org.apache.http.impl.conn.BasicClientConnectionManager - Releasing connection org.apache.http.impl.conn.ManagedClientConnectionImpl@63c88994
22:41:18.173 [main] DEBUG org.apache.http.impl.conn.BasicClientConnectionManager - Connection can be kept alive indefinitely
{
    "jsonrpc": "2.0",
    "result": 582,
    "id": 123123
}
{
    "jsonrpc": "2.0",
    "result": 582,
    "id": 123123
}
Request method:	DELETE
Request URI:	http://localhost:81/jsonrpc.php
Proxy:			<none>
Request params:	<none>
Query params:	<none>
Form params:	<none>
Path params:	<none>
Headers:		Accept=*/*
				Content-Type=text/plain; charset=ISO-8859-1
Cookies:		<none>
Multiparts:		<none>
Body:
{"jsonrpc":"2.0","method":"removeUser","id":234,"params":{"user_id":582}}
22:41:18.190 [main] DEBUG org.apache.http.impl.conn.BasicClientConnectionManager - Get connection for route {}->http://localhost:81
22:41:18.190 [main] DEBUG org.apache.http.impl.conn.DefaultClientConnectionOperator - Connecting to localhost:81
22:41:18.191 [main] DEBUG org.apache.http.client.protocol.RequestAddCookies - CookieSpec selected: ignoreCookies
22:41:18.191 [main] DEBUG org.apache.http.client.protocol.RequestAuthCache - Auth cache not set in the context
22:41:18.191 [main] DEBUG org.apache.http.client.protocol.RequestTargetAuthentication - Target auth state: UNCHALLENGED
22:41:18.191 [main] DEBUG org.apache.http.client.protocol.RequestProxyAuthentication - Proxy auth state: UNCHALLENGED
22:41:18.191 [main] DEBUG org.apache.http.impl.client.DefaultHttpClient - Attempt 1 to execute request
22:41:18.191 [main] DEBUG org.apache.http.impl.conn.DefaultClientConnection - Sending request: DELETE /jsonrpc.php HTTP/1.1
22:41:18.192 [main] DEBUG org.apache.http.wire -  >> "DELETE /jsonrpc.php HTTP/1.1[\r][\n]"
22:41:18.192 [main] DEBUG org.apache.http.wire -  >> "Accept: */*[\r][\n]"
22:41:18.192 [main] DEBUG org.apache.http.wire -  >> "Content-Type: text/plain; charset=ISO-8859-1[\r][\n]"
22:41:18.192 [main] DEBUG org.apache.http.wire -  >> "Content-Length: 73[\r][\n]"
22:41:18.192 [main] DEBUG org.apache.http.wire -  >> "Host: localhost:81[\r][\n]"
22:41:18.192 [main] DEBUG org.apache.http.wire -  >> "Connection: Keep-Alive[\r][\n]"
22:41:18.192 [main] DEBUG org.apache.http.wire -  >> "User-Agent: Apache-HttpClient/4.5.13 (Java/17)[\r][\n]"
22:41:18.192 [main] DEBUG org.apache.http.wire -  >> "Accept-Encoding: gzip,deflate[\r][\n]"
22:41:18.192 [main] DEBUG org.apache.http.wire -  >> "[\r][\n]"
22:41:18.192 [main] DEBUG org.apache.http.headers - >> DELETE /jsonrpc.php HTTP/1.1
22:41:18.192 [main] DEBUG org.apache.http.headers - >> Accept: */*
22:41:18.192 [main] DEBUG org.apache.http.headers - >> Content-Type: text/plain; charset=ISO-8859-1
22:41:18.192 [main] DEBUG org.apache.http.headers - >> Content-Length: 73
22:41:18.192 [main] DEBUG org.apache.http.headers - >> Host: localhost:81
22:41:18.192 [main] DEBUG org.apache.http.headers - >> Connection: Keep-Alive
22:41:18.192 [main] DEBUG org.apache.http.headers - >> User-Agent: Apache-HttpClient/4.5.13 (Java/17)
22:41:18.192 [main] DEBUG org.apache.http.headers - >> Accept-Encoding: gzip,deflate
22:41:18.192 [main] DEBUG org.apache.http.wire -  >> "{"jsonrpc":"2.0","method":"removeUser","id":234,"params":{"user_id":582}}"
22:41:18.199 [main] DEBUG org.apache.http.wire -  << "HTTP/1.1 401 Unauthorized[\r][\n]"
22:41:18.199 [main] DEBUG org.apache.http.wire -  << "Server: nginx[\r][\n]"
22:41:18.199 [main] DEBUG org.apache.http.wire -  << "Date: Wed, 26 Jul 2023 19:41:18 GMT[\r][\n]"
22:41:18.199 [main] DEBUG org.apache.http.wire -  << "Content-Type: application/json[\r][\n]"
22:41:18.199 [main] DEBUG org.apache.http.wire -  << "Transfer-Encoding: chunked[\r][\n]"
22:41:18.199 [main] DEBUG org.apache.http.wire -  << "Connection: keep-alive[\r][\n]"
22:41:18.199 [main] DEBUG org.apache.http.wire -  << "WWW-Authenticate: Basic realm="JsonRPC"[\r][\n]"
22:41:18.199 [main] DEBUG org.apache.http.wire -  << "[\r][\n]"
22:41:18.199 [main] DEBUG org.apache.http.impl.conn.DefaultClientConnection - Receiving response: HTTP/1.1 401 Unauthorized
22:41:18.199 [main] DEBUG org.apache.http.headers - << HTTP/1.1 401 Unauthorized
22:41:18.199 [main] DEBUG org.apache.http.headers - << Server: nginx
22:41:18.199 [main] DEBUG org.apache.http.headers - << Date: Wed, 26 Jul 2023 19:41:18 GMT
22:41:18.199 [main] DEBUG org.apache.http.headers - << Content-Type: application/json
22:41:18.199 [main] DEBUG org.apache.http.headers - << Transfer-Encoding: chunked
22:41:18.199 [main] DEBUG org.apache.http.headers - << Connection: keep-alive
22:41:18.199 [main] DEBUG org.apache.http.headers - << WWW-Authenticate: Basic realm="JsonRPC"
22:41:18.200 [main] DEBUG org.apache.http.impl.client.DefaultHttpClient - Connection can be kept alive indefinitely
22:41:18.200 [main] DEBUG org.apache.http.impl.client.DefaultHttpClient - Authentication required
22:41:18.200 [main] DEBUG org.apache.http.impl.client.DefaultHttpClient - localhost:81 requested authentication
22:41:18.200 [main] DEBUG org.apache.http.impl.client.TargetAuthenticationStrategy - Authentication schemes in the order of preference: [Negotiate, Kerberos, NTLM, CredSSP, Digest, Basic]
22:41:18.200 [main] DEBUG org.apache.http.impl.client.TargetAuthenticationStrategy - Challenge for Negotiate authentication scheme not available
22:41:18.200 [main] DEBUG org.apache.http.impl.client.TargetAuthenticationStrategy - Challenge for Kerberos authentication scheme not available
22:41:18.200 [main] DEBUG org.apache.http.impl.client.TargetAuthenticationStrategy - Challenge for NTLM authentication scheme not available
22:41:18.200 [main] DEBUG org.apache.http.impl.client.TargetAuthenticationStrategy - Challenge for CredSSP authentication scheme not available
22:41:18.200 [main] DEBUG org.apache.http.impl.client.TargetAuthenticationStrategy - Challenge for Digest authentication scheme not available
22:41:18.200 [main] DEBUG org.apache.http.impl.client.DefaultHttpClient - Selected authentication options: [BASIC [complete=true]]
22:41:18.200 [main] DEBUG org.apache.http.wire -  << "49[\r][\n]"
22:41:18.200 [main] DEBUG org.apache.http.wire -  << "{"jsonrpc":"2.0","error":{"code":401,"message":"Unauthorized"},"id":null}"
22:41:18.200 [main] DEBUG org.apache.http.wire -  << "[\r][\n]"
22:41:18.200 [main] DEBUG org.apache.http.wire -  << "0[\r][\n]"
22:41:18.200 [main] DEBUG org.apache.http.wire -  << "[\r][\n]"
22:41:18.200 [main] DEBUG org.apache.http.client.protocol.RequestAddCookies - CookieSpec selected: ignoreCookies
22:41:18.200 [main] DEBUG org.apache.http.client.protocol.RequestAuthCache - Auth cache not set in the context
22:41:18.200 [main] DEBUG org.apache.http.client.protocol.RequestTargetAuthentication - Target auth state: CHALLENGED
22:41:18.200 [main] DEBUG org.apache.http.client.protocol.RequestTargetAuthentication - Generating response to an authentication challenge using basic scheme
22:41:18.201 [main] DEBUG org.apache.http.client.protocol.RequestProxyAuthentication - Proxy auth state: UNCHALLENGED
22:41:18.201 [main] DEBUG org.apache.http.impl.client.DefaultHttpClient - Attempt 2 to execute request
22:41:18.201 [main] DEBUG org.apache.http.impl.conn.DefaultClientConnection - Sending request: DELETE /jsonrpc.php HTTP/1.1
22:41:18.201 [main] DEBUG org.apache.http.wire -  >> "DELETE /jsonrpc.php HTTP/1.1[\r][\n]"
22:41:18.201 [main] DEBUG org.apache.http.wire -  >> "Accept: */*[\r][\n]"
22:41:18.201 [main] DEBUG org.apache.http.wire -  >> "Content-Type: text/plain; charset=ISO-8859-1[\r][\n]"
22:41:18.201 [main] DEBUG org.apache.http.wire -  >> "Content-Length: 73[\r][\n]"
22:41:18.201 [main] DEBUG org.apache.http.wire -  >> "Host: localhost:81[\r][\n]"
22:41:18.201 [main] DEBUG org.apache.http.wire -  >> "Connection: Keep-Alive[\r][\n]"
22:41:18.201 [main] DEBUG org.apache.http.wire -  >> "User-Agent: Apache-HttpClient/4.5.13 (Java/17)[\r][\n]"
22:41:18.201 [main] DEBUG org.apache.http.wire -  >> "Authorization: Basic YWRtaW46YWRtaW4=[\r][\n]"
22:41:18.201 [main] DEBUG org.apache.http.wire -  >> "Accept-Encoding: gzip,deflate[\r][\n]"
22:41:18.201 [main] DEBUG org.apache.http.wire -  >> "[\r][\n]"
22:41:18.201 [main] DEBUG org.apache.http.headers - >> DELETE /jsonrpc.php HTTP/1.1
22:41:18.201 [main] DEBUG org.apache.http.headers - >> Accept: */*
22:41:18.201 [main] DEBUG org.apache.http.headers - >> Content-Type: text/plain; charset=ISO-8859-1
22:41:18.201 [main] DEBUG org.apache.http.headers - >> Content-Length: 73
22:41:18.201 [main] DEBUG org.apache.http.headers - >> Host: localhost:81
22:41:18.201 [main] DEBUG org.apache.http.headers - >> Connection: Keep-Alive
22:41:18.201 [main] DEBUG org.apache.http.headers - >> User-Agent: Apache-HttpClient/4.5.13 (Java/17)
22:41:18.201 [main] DEBUG org.apache.http.headers - >> Authorization: Basic YWRtaW46YWRtaW4=
22:41:18.201 [main] DEBUG org.apache.http.headers - >> Accept-Encoding: gzip,deflate
22:41:18.202 [main] DEBUG org.apache.http.wire -  >> "{"jsonrpc":"2.0","method":"removeUser","id":234,"params":{"user_id":582}}"
22:41:18.298 [main] DEBUG org.apache.http.wire -  << "HTTP/1.1 200 OK[\r][\n]"
22:41:18.298 [main] DEBUG org.apache.http.wire -  << "Server: nginx[\r][\n]"
22:41:18.298 [main] DEBUG org.apache.http.wire -  << "Date: Wed, 26 Jul 2023 19:41:18 GMT[\r][\n]"
22:41:18.298 [main] DEBUG org.apache.http.wire -  << "Content-Type: application/json[\r][\n]"
22:41:18.298 [main] DEBUG org.apache.http.wire -  << "Transfer-Encoding: chunked[\r][\n]"
22:41:18.298 [main] DEBUG org.apache.http.wire -  << "Connection: keep-alive[\r][\n]"
22:41:18.298 [main] DEBUG org.apache.http.wire -  << "Vary: Accept-Encoding[\r][\n]"
22:41:18.298 [main] DEBUG org.apache.http.wire -  << "Content-Encoding: gzip[\r][\n]"
22:41:18.298 [main] DEBUG org.apache.http.wire -  << "[\r][\n]"
22:41:18.298 [main] DEBUG org.apache.http.impl.conn.DefaultClientConnection - Receiving response: HTTP/1.1 200 OK
22:41:18.298 [main] DEBUG org.apache.http.headers - << HTTP/1.1 200 OK
22:41:18.298 [main] DEBUG org.apache.http.headers - << Server: nginx
22:41:18.298 [main] DEBUG org.apache.http.headers - << Date: Wed, 26 Jul 2023 19:41:18 GMT
22:41:18.298 [main] DEBUG org.apache.http.headers - << Content-Type: application/json
22:41:18.298 [main] DEBUG org.apache.http.headers - << Transfer-Encoding: chunked
22:41:18.298 [main] DEBUG org.apache.http.headers - << Connection: keep-alive
22:41:18.298 [main] DEBUG org.apache.http.headers - << Vary: Accept-Encoding
22:41:18.298 [main] DEBUG org.apache.http.headers - << Content-Encoding: gzip
22:41:18.298 [main] DEBUG org.apache.http.impl.client.DefaultHttpClient - Connection can be kept alive indefinitely
22:41:18.298 [main] DEBUG org.apache.http.impl.client.DefaultHttpClient - Authentication succeeded
22:41:18.298 [main] DEBUG org.apache.http.impl.client.TargetAuthenticationStrategy - Caching 'basic' auth scheme for http://localhost:81
22:41:18.298 [main] DEBUG io.restassured.internal.RestAssuredHttpBuilder - Parsing response as: application/json
22:41:18.298 [main] DEBUG org.apache.http.wire -  << "3c[\r][\n]"
22:41:18.298 [main] DEBUG org.apache.http.wire -  << "[0x1f][0x8b][0x8][0x0][0x0][0x0][0x0][0x0][0x0][0x3][0xab]V[0xca]*[0xce][0xcf]+*HV[0xb2]R2[0xd2]3P[0xd2]Q*J-.[0xcd])Q[0xb2]*)*M[0xd5]Q[0xca]LQ[0xb2]226[0xa9][0x5][0x0]q~[0x7][0xe8]([0x0][0x0][0x0]"
22:41:18.298 [main] DEBUG org.apache.http.wire -  << "[\r][\n]"
22:41:18.298 [main] DEBUG org.apache.http.wire -  << "0[\r][\n]"
22:41:18.298 [main] DEBUG org.apache.http.wire -  << "[\r][\n]"
22:41:18.298 [main] DEBUG io.restassured.internal.RestAssuredHttpBuilder - Parsed data to instance of: class org.apache.http.conn.EofSensorInputStream
22:41:18.299 [main] DEBUG org.apache.http.impl.conn.BasicClientConnectionManager - Releasing connection org.apache.http.impl.conn.ManagedClientConnectionImpl@6e5fba90
22:41:18.299 [main] DEBUG org.apache.http.impl.conn.BasicClientConnectionManager - Connection can be kept alive indefinitely
{
    "jsonrpc": "2.0",
    "result": true,
    "id": 234
}
{
    "jsonrpc": "2.0",
    "result": true,
    "id": 234
}
]]></system-out>
  </testcase>
  <testcase name="createProjectValid" classname="API.tests.ProjectTest" time="0.309">
    <system-out><![CDATA[Request method:	POST
Request URI:	http://localhost:81/jsonrpc.php
Proxy:			<none>
Request params:	<none>
Query params:	<none>
Form params:	<none>
Path params:	<none>
Headers:		Accept=*/*
				Content-Type=text/plain; charset=ISO-8859-1
Cookies:		<none>
Multiparts:		<none>
Body:
{"jsonrpc":"2.0","method":"createUser","id":123123,"params":{"username":"kyryloAPITestLogin","password":"kyryloAPITestPassword","name":"kyrylo","email":"kyryloAPITest@mail.com","role":"app-manager"}}
22:41:18.315 [main] DEBUG org.apache.http.impl.conn.BasicClientConnectionManager - Get connection for route {}->http://localhost:81
22:41:18.315 [main] DEBUG org.apache.http.impl.conn.DefaultClientConnectionOperator - Connecting to localhost:81
22:41:18.316 [main] DEBUG org.apache.http.client.protocol.RequestAddCookies - CookieSpec selected: ignoreCookies
22:41:18.316 [main] DEBUG org.apache.http.client.protocol.RequestAuthCache - Auth cache not set in the context
22:41:18.316 [main] DEBUG org.apache.http.client.protocol.RequestTargetAuthentication - Target auth state: UNCHALLENGED
22:41:18.316 [main] DEBUG org.apache.http.client.protocol.RequestProxyAuthentication - Proxy auth state: UNCHALLENGED
22:41:18.316 [main] DEBUG org.apache.http.impl.client.DefaultHttpClient - Attempt 1 to execute request
22:41:18.316 [main] DEBUG org.apache.http.impl.conn.DefaultClientConnection - Sending request: POST /jsonrpc.php HTTP/1.1
22:41:18.316 [main] DEBUG org.apache.http.wire -  >> "POST /jsonrpc.php HTTP/1.1[\r][\n]"
22:41:18.316 [main] DEBUG org.apache.http.wire -  >> "Accept: */*[\r][\n]"
22:41:18.316 [main] DEBUG org.apache.http.wire -  >> "Content-Type: text/plain; charset=ISO-8859-1[\r][\n]"
22:41:18.316 [main] DEBUG org.apache.http.wire -  >> "Content-Length: 199[\r][\n]"
22:41:18.316 [main] DEBUG org.apache.http.wire -  >> "Host: localhost:81[\r][\n]"
22:41:18.316 [main] DEBUG org.apache.http.wire -  >> "Connection: Keep-Alive[\r][\n]"
22:41:18.316 [main] DEBUG org.apache.http.wire -  >> "User-Agent: Apache-HttpClient/4.5.13 (Java/17)[\r][\n]"
22:41:18.316 [main] DEBUG org.apache.http.wire -  >> "Accept-Encoding: gzip,deflate[\r][\n]"
22:41:18.316 [main] DEBUG org.apache.http.wire -  >> "[\r][\n]"
22:41:18.316 [main] DEBUG org.apache.http.headers - >> POST /jsonrpc.php HTTP/1.1
22:41:18.316 [main] DEBUG org.apache.http.headers - >> Accept: */*
22:41:18.316 [main] DEBUG org.apache.http.headers - >> Content-Type: text/plain; charset=ISO-8859-1
22:41:18.316 [main] DEBUG org.apache.http.headers - >> Content-Length: 199
22:41:18.316 [main] DEBUG org.apache.http.headers - >> Host: localhost:81
22:41:18.316 [main] DEBUG org.apache.http.headers - >> Connection: Keep-Alive
22:41:18.316 [main] DEBUG org.apache.http.headers - >> User-Agent: Apache-HttpClient/4.5.13 (Java/17)
22:41:18.316 [main] DEBUG org.apache.http.headers - >> Accept-Encoding: gzip,deflate
22:41:18.317 [main] DEBUG org.apache.http.wire -  >> "{"jsonrpc":"2.0","method":"createUser","id":123123,"params":{"username":"kyryloAPITestLogin","password":"kyryloAPITestPassword","name":"kyrylo","email":"kyryloAPITest@mail.com","role":"app-manager"}}"
22:41:18.323 [main] DEBUG org.apache.http.wire -  << "HTTP/1.1 401 Unauthorized[\r][\n]"
22:41:18.323 [main] DEBUG org.apache.http.wire -  << "Server: nginx[\r][\n]"
22:41:18.323 [main] DEBUG org.apache.http.wire -  << "Date: Wed, 26 Jul 2023 19:41:18 GMT[\r][\n]"
22:41:18.323 [main] DEBUG org.apache.http.wire -  << "Content-Type: application/json[\r][\n]"
22:41:18.324 [main] DEBUG org.apache.http.wire -  << "Transfer-Encoding: chunked[\r][\n]"
22:41:18.324 [main] DEBUG org.apache.http.wire -  << "Connection: keep-alive[\r][\n]"
22:41:18.324 [main] DEBUG org.apache.http.wire -  << "WWW-Authenticate: Basic realm="JsonRPC"[\r][\n]"
22:41:18.324 [main] DEBUG org.apache.http.wire -  << "[\r][\n]"
22:41:18.324 [main] DEBUG org.apache.http.impl.conn.DefaultClientConnection - Receiving response: HTTP/1.1 401 Unauthorized
22:41:18.324 [main] DEBUG org.apache.http.headers - << HTTP/1.1 401 Unauthorized
22:41:18.324 [main] DEBUG org.apache.http.headers - << Server: nginx
22:41:18.324 [main] DEBUG org.apache.http.headers - << Date: Wed, 26 Jul 2023 19:41:18 GMT
22:41:18.324 [main] DEBUG org.apache.http.headers - << Content-Type: application/json
22:41:18.324 [main] DEBUG org.apache.http.headers - << Transfer-Encoding: chunked
22:41:18.324 [main] DEBUG org.apache.http.headers - << Connection: keep-alive
22:41:18.324 [main] DEBUG org.apache.http.headers - << WWW-Authenticate: Basic realm="JsonRPC"
22:41:18.324 [main] DEBUG org.apache.http.impl.client.DefaultHttpClient - Connection can be kept alive indefinitely
22:41:18.324 [main] DEBUG org.apache.http.impl.client.DefaultHttpClient - Authentication required
22:41:18.324 [main] DEBUG org.apache.http.impl.client.DefaultHttpClient - localhost:81 requested authentication
22:41:18.324 [main] DEBUG org.apache.http.impl.client.TargetAuthenticationStrategy - Authentication schemes in the order of preference: [Negotiate, Kerberos, NTLM, CredSSP, Digest, Basic]
22:41:18.324 [main] DEBUG org.apache.http.impl.client.TargetAuthenticationStrategy - Challenge for Negotiate authentication scheme not available
22:41:18.324 [main] DEBUG org.apache.http.impl.client.TargetAuthenticationStrategy - Challenge for Kerberos authentication scheme not available
22:41:18.324 [main] DEBUG org.apache.http.impl.client.TargetAuthenticationStrategy - Challenge for NTLM authentication scheme not available
22:41:18.324 [main] DEBUG org.apache.http.impl.client.TargetAuthenticationStrategy - Challenge for CredSSP authentication scheme not available
22:41:18.324 [main] DEBUG org.apache.http.impl.client.TargetAuthenticationStrategy - Challenge for Digest authentication scheme not available
22:41:18.324 [main] DEBUG org.apache.http.impl.client.DefaultHttpClient - Selected authentication options: [BASIC [complete=true]]
22:41:18.324 [main] DEBUG org.apache.http.wire -  << "49[\r][\n]"
22:41:18.324 [main] DEBUG org.apache.http.wire -  << "{"jsonrpc":"2.0","error":{"code":401,"message":"Unauthorized"},"id":null}"
22:41:18.324 [main] DEBUG org.apache.http.wire -  << "[\r][\n]"
22:41:18.324 [main] DEBUG org.apache.http.wire -  << "0[\r][\n]"
22:41:18.324 [main] DEBUG org.apache.http.wire -  << "[\r][\n]"
22:41:18.324 [main] DEBUG org.apache.http.client.protocol.RequestAddCookies - CookieSpec selected: ignoreCookies
22:41:18.324 [main] DEBUG org.apache.http.client.protocol.RequestAuthCache - Auth cache not set in the context
22:41:18.324 [main] DEBUG org.apache.http.client.protocol.RequestTargetAuthentication - Target auth state: CHALLENGED
22:41:18.324 [main] DEBUG org.apache.http.client.protocol.RequestTargetAuthentication - Generating response to an authentication challenge using basic scheme
22:41:18.324 [main] DEBUG org.apache.http.client.protocol.RequestProxyAuthentication - Proxy auth state: UNCHALLENGED
22:41:18.324 [main] DEBUG org.apache.http.impl.client.DefaultHttpClient - Attempt 2 to execute request
22:41:18.324 [main] DEBUG org.apache.http.impl.conn.DefaultClientConnection - Sending request: POST /jsonrpc.php HTTP/1.1
22:41:18.324 [main] DEBUG org.apache.http.wire -  >> "POST /jsonrpc.php HTTP/1.1[\r][\n]"
22:41:18.324 [main] DEBUG org.apache.http.wire -  >> "Accept: */*[\r][\n]"
22:41:18.324 [main] DEBUG org.apache.http.wire -  >> "Content-Type: text/plain; charset=ISO-8859-1[\r][\n]"
22:41:18.324 [main] DEBUG org.apache.http.wire -  >> "Content-Length: 199[\r][\n]"
22:41:18.325 [main] DEBUG org.apache.http.wire -  >> "Host: localhost:81[\r][\n]"
22:41:18.325 [main] DEBUG org.apache.http.wire -  >> "Connection: Keep-Alive[\r][\n]"
22:41:18.325 [main] DEBUG org.apache.http.wire -  >> "User-Agent: Apache-HttpClient/4.5.13 (Java/17)[\r][\n]"
22:41:18.325 [main] DEBUG org.apache.http.wire -  >> "Authorization: Basic YWRtaW46YWRtaW4=[\r][\n]"
22:41:18.325 [main] DEBUG org.apache.http.wire -  >> "Accept-Encoding: gzip,deflate[\r][\n]"
22:41:18.325 [main] DEBUG org.apache.http.wire -  >> "[\r][\n]"
22:41:18.325 [main] DEBUG org.apache.http.headers - >> POST /jsonrpc.php HTTP/1.1
22:41:18.325 [main] DEBUG org.apache.http.headers - >> Accept: */*
22:41:18.325 [main] DEBUG org.apache.http.headers - >> Content-Type: text/plain; charset=ISO-8859-1
22:41:18.325 [main] DEBUG org.apache.http.headers - >> Content-Length: 199
22:41:18.325 [main] DEBUG org.apache.http.headers - >> Host: localhost:81
22:41:18.325 [main] DEBUG org.apache.http.headers - >> Connection: Keep-Alive
22:41:18.325 [main] DEBUG org.apache.http.headers - >> User-Agent: Apache-HttpClient/4.5.13 (Java/17)
22:41:18.325 [main] DEBUG org.apache.http.headers - >> Authorization: Basic YWRtaW46YWRtaW4=
22:41:18.325 [main] DEBUG org.apache.http.headers - >> Accept-Encoding: gzip,deflate
22:41:18.325 [main] DEBUG org.apache.http.wire -  >> "{"jsonrpc":"2.0","method":"createUser","id":123123,"params":{"username":"kyryloAPITestLogin","password":"kyryloAPITestPassword","name":"kyrylo","email":"kyryloAPITest@mail.com","role":"app-manager"}}"
22:41:18.476 [main] DEBUG org.apache.http.wire -  << "HTTP/1.1 200 OK[\r][\n]"
22:41:18.476 [main] DEBUG org.apache.http.wire -  << "Server: nginx[\r][\n]"
22:41:18.476 [main] DEBUG org.apache.http.wire -  << "Date: Wed, 26 Jul 2023 19:41:18 GMT[\r][\n]"
22:41:18.476 [main] DEBUG org.apache.http.wire -  << "Content-Type: application/json[\r][\n]"
22:41:18.476 [main] DEBUG org.apache.http.wire -  << "Transfer-Encoding: chunked[\r][\n]"
22:41:18.476 [main] DEBUG org.apache.http.wire -  << "Connection: keep-alive[\r][\n]"
22:41:18.476 [main] DEBUG org.apache.http.wire -  << "Vary: Accept-Encoding[\r][\n]"
22:41:18.476 [main] DEBUG org.apache.http.wire -  << "Content-Encoding: gzip[\r][\n]"
22:41:18.476 [main] DEBUG org.apache.http.wire -  << "[\r][\n]"
22:41:18.476 [main] DEBUG org.apache.http.impl.conn.DefaultClientConnection - Receiving response: HTTP/1.1 200 OK
22:41:18.476 [main] DEBUG org.apache.http.headers - << HTTP/1.1 200 OK
22:41:18.476 [main] DEBUG org.apache.http.headers - << Server: nginx
22:41:18.476 [main] DEBUG org.apache.http.headers - << Date: Wed, 26 Jul 2023 19:41:18 GMT
22:41:18.476 [main] DEBUG org.apache.http.headers - << Content-Type: application/json
22:41:18.476 [main] DEBUG org.apache.http.headers - << Transfer-Encoding: chunked
22:41:18.476 [main] DEBUG org.apache.http.headers - << Connection: keep-alive
22:41:18.476 [main] DEBUG org.apache.http.headers - << Vary: Accept-Encoding
22:41:18.476 [main] DEBUG org.apache.http.headers - << Content-Encoding: gzip
22:41:18.476 [main] DEBUG org.apache.http.impl.client.DefaultHttpClient - Connection can be kept alive indefinitely
22:41:18.476 [main] DEBUG org.apache.http.impl.client.DefaultHttpClient - Authentication succeeded
22:41:18.476 [main] DEBUG org.apache.http.impl.client.TargetAuthenticationStrategy - Caching 'basic' auth scheme for http://localhost:81
22:41:18.476 [main] DEBUG io.restassured.internal.RestAssuredHttpBuilder - Parsing response as: application/json
22:41:18.476 [main] DEBUG org.apache.http.wire -  << "3c[\r][\n]"
22:41:18.476 [main] DEBUG org.apache.http.wire -  << "[0x1f][0x8b][0x8][0x0][0x0][0x0][0x0][0x0][0x0][0x3][0xab]V[0xca]*[0xce][0xcf]+*HV[0xb2]R2[0xd2]3P[0xd2]Q*J-.[0xcd])Q[0xb2]2[0xb5]0[0xd6]Q[0xca]LQ[0xb2]242[0x6][0xa2]Z[0x0][0xe2]8q[0x11]*[0x0][0x0][0x0]"
22:41:18.476 [main] DEBUG org.apache.http.wire -  << "[\r][\n]"
22:41:18.476 [main] DEBUG org.apache.http.wire -  << "0[\r][\n]"
22:41:18.476 [main] DEBUG org.apache.http.wire -  << "[\r][\n]"
22:41:18.476 [main] DEBUG io.restassured.internal.RestAssuredHttpBuilder - Parsed data to instance of: class org.apache.http.conn.EofSensorInputStream
22:41:18.477 [main] DEBUG org.apache.http.impl.conn.BasicClientConnectionManager - Releasing connection org.apache.http.impl.conn.ManagedClientConnectionImpl@1e041848
22:41:18.477 [main] DEBUG org.apache.http.impl.conn.BasicClientConnectionManager - Connection can be kept alive indefinitely
{
    "jsonrpc": "2.0",
    "result": 583,
    "id": 123123
}
{
    "jsonrpc": "2.0",
    "result": 583,
    "id": 123123
}
Request method:	POST
Request URI:	http://localhost:81/jsonrpc.php
Proxy:			<none>
Request params:	<none>
Query params:	<none>
Form params:	<none>
Path params:	<none>
Headers:		Accept=*/*
				Content-Type=text/plain; charset=ISO-8859-1
Cookies:		<none>
Multiparts:		<none>
Body:
{"jsonrpc":"2.0","method":"createProject","id":345,"params":{"name":"API_Project","description":"API_Project Description","owner_id":583}}
22:41:18.499 [main] DEBUG org.apache.http.impl.conn.BasicClientConnectionManager - Get connection for route {}->http://localhost:81
22:41:18.499 [main] DEBUG org.apache.http.impl.conn.DefaultClientConnectionOperator - Connecting to localhost:81
22:41:18.500 [main] DEBUG org.apache.http.client.protocol.RequestAddCookies - CookieSpec selected: ignoreCookies
22:41:18.500 [main] DEBUG org.apache.http.client.protocol.RequestAuthCache - Auth cache not set in the context
22:41:18.500 [main] DEBUG org.apache.http.client.protocol.RequestTargetAuthentication - Target auth state: UNCHALLENGED
22:41:18.500 [main] DEBUG org.apache.http.client.protocol.RequestProxyAuthentication - Proxy auth state: UNCHALLENGED
22:41:18.500 [main] DEBUG org.apache.http.impl.client.DefaultHttpClient - Attempt 1 to execute request
22:41:18.500 [main] DEBUG org.apache.http.impl.conn.DefaultClientConnection - Sending request: POST /jsonrpc.php HTTP/1.1
22:41:18.500 [main] DEBUG org.apache.http.wire -  >> "POST /jsonrpc.php HTTP/1.1[\r][\n]"
22:41:18.500 [main] DEBUG org.apache.http.wire -  >> "Accept: */*[\r][\n]"
22:41:18.500 [main] DEBUG org.apache.http.wire -  >> "Content-Type: text/plain; charset=ISO-8859-1[\r][\n]"
22:41:18.500 [main] DEBUG org.apache.http.wire -  >> "Content-Length: 138[\r][\n]"
22:41:18.500 [main] DEBUG org.apache.http.wire -  >> "Host: localhost:81[\r][\n]"
22:41:18.500 [main] DEBUG org.apache.http.wire -  >> "Connection: Keep-Alive[\r][\n]"
22:41:18.500 [main] DEBUG org.apache.http.wire -  >> "User-Agent: Apache-HttpClient/4.5.13 (Java/17)[\r][\n]"
22:41:18.500 [main] DEBUG org.apache.http.wire -  >> "Accept-Encoding: gzip,deflate[\r][\n]"
22:41:18.500 [main] DEBUG org.apache.http.wire -  >> "[\r][\n]"
22:41:18.500 [main] DEBUG org.apache.http.headers - >> POST /jsonrpc.php HTTP/1.1
22:41:18.500 [main] DEBUG org.apache.http.headers - >> Accept: */*
22:41:18.500 [main] DEBUG org.apache.http.headers - >> Content-Type: text/plain; charset=ISO-8859-1
22:41:18.500 [main] DEBUG org.apache.http.headers - >> Content-Length: 138
22:41:18.500 [main] DEBUG org.apache.http.headers - >> Host: localhost:81
22:41:18.500 [main] DEBUG org.apache.http.headers - >> Connection: Keep-Alive
22:41:18.500 [main] DEBUG org.apache.http.headers - >> User-Agent: Apache-HttpClient/4.5.13 (Java/17)
22:41:18.500 [main] DEBUG org.apache.http.headers - >> Accept-Encoding: gzip,deflate
22:41:18.500 [main] DEBUG org.apache.http.wire -  >> "{"jsonrpc":"2.0","method":"createProject","id":345,"params":{"name":"API_Project","description":"API_Project Description","owner_id":583}}"
22:41:18.508 [main] DEBUG org.apache.http.wire -  << "HTTP/1.1 401 Unauthorized[\r][\n]"
22:41:18.508 [main] DEBUG org.apache.http.wire -  << "Server: nginx[\r][\n]"
22:41:18.508 [main] DEBUG org.apache.http.wire -  << "Date: Wed, 26 Jul 2023 19:41:18 GMT[\r][\n]"
22:41:18.508 [main] DEBUG org.apache.http.wire -  << "Content-Type: application/json[\r][\n]"
22:41:18.508 [main] DEBUG org.apache.http.wire -  << "Transfer-Encoding: chunked[\r][\n]"
22:41:18.508 [main] DEBUG org.apache.http.wire -  << "Connection: keep-alive[\r][\n]"
22:41:18.508 [main] DEBUG org.apache.http.wire -  << "WWW-Authenticate: Basic realm="JsonRPC"[\r][\n]"
22:41:18.508 [main] DEBUG org.apache.http.wire -  << "[\r][\n]"
22:41:18.508 [main] DEBUG org.apache.http.impl.conn.DefaultClientConnection - Receiving response: HTTP/1.1 401 Unauthorized
22:41:18.508 [main] DEBUG org.apache.http.headers - << HTTP/1.1 401 Unauthorized
22:41:18.508 [main] DEBUG org.apache.http.headers - << Server: nginx
22:41:18.508 [main] DEBUG org.apache.http.headers - << Date: Wed, 26 Jul 2023 19:41:18 GMT
22:41:18.508 [main] DEBUG org.apache.http.headers - << Content-Type: application/json
22:41:18.508 [main] DEBUG org.apache.http.headers - << Transfer-Encoding: chunked
22:41:18.508 [main] DEBUG org.apache.http.headers - << Connection: keep-alive
22:41:18.508 [main] DEBUG org.apache.http.headers - << WWW-Authenticate: Basic realm="JsonRPC"
22:41:18.508 [main] DEBUG org.apache.http.impl.client.DefaultHttpClient - Connection can be kept alive indefinitely
22:41:18.508 [main] DEBUG org.apache.http.impl.client.DefaultHttpClient - Authentication required
22:41:18.508 [main] DEBUG org.apache.http.impl.client.DefaultHttpClient - localhost:81 requested authentication
22:41:18.508 [main] DEBUG org.apache.http.impl.client.TargetAuthenticationStrategy - Authentication schemes in the order of preference: [Negotiate, Kerberos, NTLM, CredSSP, Digest, Basic]
22:41:18.508 [main] DEBUG org.apache.http.impl.client.TargetAuthenticationStrategy - Challenge for Negotiate authentication scheme not available
22:41:18.508 [main] DEBUG org.apache.http.impl.client.TargetAuthenticationStrategy - Challenge for Kerberos authentication scheme not available
22:41:18.508 [main] DEBUG org.apache.http.impl.client.TargetAuthenticationStrategy - Challenge for NTLM authentication scheme not available
22:41:18.508 [main] DEBUG org.apache.http.impl.client.TargetAuthenticationStrategy - Challenge for CredSSP authentication scheme not available
22:41:18.508 [main] DEBUG org.apache.http.impl.client.TargetAuthenticationStrategy - Challenge for Digest authentication scheme not available
22:41:18.508 [main] DEBUG org.apache.http.impl.client.DefaultHttpClient - Selected authentication options: [BASIC [complete=true]]
22:41:18.508 [main] DEBUG org.apache.http.wire -  << "49[\r][\n]"
22:41:18.508 [main] DEBUG org.apache.http.wire -  << "{"jsonrpc":"2.0","error":{"code":401,"message":"Unauthorized"},"id":null}"
22:41:18.508 [main] DEBUG org.apache.http.wire -  << "[\r][\n]"
22:41:18.508 [main] DEBUG org.apache.http.wire -  << "0[\r][\n]"
22:41:18.508 [main] DEBUG org.apache.http.wire -  << "[\r][\n]"
22:41:18.508 [main] DEBUG org.apache.http.client.protocol.RequestAddCookies - CookieSpec selected: ignoreCookies
22:41:18.508 [main] DEBUG org.apache.http.client.protocol.RequestAuthCache - Auth cache not set in the context
22:41:18.508 [main] DEBUG org.apache.http.client.protocol.RequestTargetAuthentication - Target auth state: CHALLENGED
22:41:18.508 [main] DEBUG org.apache.http.client.protocol.RequestTargetAuthentication - Generating response to an authentication challenge using basic scheme
22:41:18.508 [main] DEBUG org.apache.http.client.protocol.RequestProxyAuthentication - Proxy auth state: UNCHALLENGED
22:41:18.508 [main] DEBUG org.apache.http.impl.client.DefaultHttpClient - Attempt 2 to execute request
22:41:18.509 [main] DEBUG org.apache.http.impl.conn.DefaultClientConnection - Sending request: POST /jsonrpc.php HTTP/1.1
22:41:18.509 [main] DEBUG org.apache.http.wire -  >> "POST /jsonrpc.php HTTP/1.1[\r][\n]"
22:41:18.509 [main] DEBUG org.apache.http.wire -  >> "Accept: */*[\r][\n]"
22:41:18.509 [main] DEBUG org.apache.http.wire -  >> "Content-Type: text/plain; charset=ISO-8859-1[\r][\n]"
22:41:18.509 [main] DEBUG org.apache.http.wire -  >> "Content-Length: 138[\r][\n]"
22:41:18.509 [main] DEBUG org.apache.http.wire -  >> "Host: localhost:81[\r][\n]"
22:41:18.509 [main] DEBUG org.apache.http.wire -  >> "Connection: Keep-Alive[\r][\n]"
22:41:18.509 [main] DEBUG org.apache.http.wire -  >> "User-Agent: Apache-HttpClient/4.5.13 (Java/17)[\r][\n]"
22:41:18.509 [main] DEBUG org.apache.http.wire -  >> "Authorization: Basic a3lyeWxvQVBJVGVzdExvZ2luOmt5cnlsb0FQSVRlc3RQYXNzd29yZA==[\r][\n]"
22:41:18.509 [main] DEBUG org.apache.http.wire -  >> "Accept-Encoding: gzip,deflate[\r][\n]"
22:41:18.509 [main] DEBUG org.apache.http.wire -  >> "[\r][\n]"
22:41:18.509 [main] DEBUG org.apache.http.headers - >> POST /jsonrpc.php HTTP/1.1
22:41:18.509 [main] DEBUG org.apache.http.headers - >> Accept: */*
22:41:18.509 [main] DEBUG org.apache.http.headers - >> Content-Type: text/plain; charset=ISO-8859-1
22:41:18.509 [main] DEBUG org.apache.http.headers - >> Content-Length: 138
22:41:18.509 [main] DEBUG org.apache.http.headers - >> Host: localhost:81
22:41:18.509 [main] DEBUG org.apache.http.headers - >> Connection: Keep-Alive
22:41:18.509 [main] DEBUG org.apache.http.headers - >> User-Agent: Apache-HttpClient/4.5.13 (Java/17)
22:41:18.509 [main] DEBUG org.apache.http.headers - >> Authorization: Basic a3lyeWxvQVBJVGVzdExvZ2luOmt5cnlsb0FQSVRlc3RQYXNzd29yZA==
22:41:18.509 [main] DEBUG org.apache.http.headers - >> Accept-Encoding: gzip,deflate
22:41:18.509 [main] DEBUG org.apache.http.wire -  >> "{"jsonrpc":"2.0","method":"createProject","id":345,"params":{"name":"API_Project","description":"API_Project Description","owner_id":583}}"
22:41:18.611 [main] DEBUG org.apache.http.wire -  << "HTTP/1.1 200 OK[\r][\n]"
22:41:18.611 [main] DEBUG org.apache.http.wire -  << "Server: nginx[\r][\n]"
22:41:18.611 [main] DEBUG org.apache.http.wire -  << "Date: Wed, 26 Jul 2023 19:41:18 GMT[\r][\n]"
22:41:18.611 [main] DEBUG org.apache.http.wire -  << "Content-Type: application/json[\r][\n]"
22:41:18.611 [main] DEBUG org.apache.http.wire -  << "Transfer-Encoding: chunked[\r][\n]"
22:41:18.611 [main] DEBUG org.apache.http.wire -  << "Connection: keep-alive[\r][\n]"
22:41:18.611 [main] DEBUG org.apache.http.wire -  << "Vary: Accept-Encoding[\r][\n]"
22:41:18.611 [main] DEBUG org.apache.http.wire -  << "Content-Encoding: gzip[\r][\n]"
22:41:18.611 [main] DEBUG org.apache.http.wire -  << "[\r][\n]"
22:41:18.612 [main] DEBUG org.apache.http.impl.conn.DefaultClientConnection - Receiving response: HTTP/1.1 200 OK
22:41:18.612 [main] DEBUG org.apache.http.headers - << HTTP/1.1 200 OK
22:41:18.612 [main] DEBUG org.apache.http.headers - << Server: nginx
22:41:18.612 [main] DEBUG org.apache.http.headers - << Date: Wed, 26 Jul 2023 19:41:18 GMT
22:41:18.612 [main] DEBUG org.apache.http.headers - << Content-Type: application/json
22:41:18.612 [main] DEBUG org.apache.http.headers - << Transfer-Encoding: chunked
22:41:18.612 [main] DEBUG org.apache.http.headers - << Connection: keep-alive
22:41:18.612 [main] DEBUG org.apache.http.headers - << Vary: Accept-Encoding
22:41:18.612 [main] DEBUG org.apache.http.headers - << Content-Encoding: gzip
22:41:18.612 [main] DEBUG org.apache.http.impl.client.DefaultHttpClient - Connection can be kept alive indefinitely
22:41:18.612 [main] DEBUG org.apache.http.impl.client.DefaultHttpClient - Authentication succeeded
22:41:18.612 [main] DEBUG org.apache.http.impl.client.TargetAuthenticationStrategy - Caching 'basic' auth scheme for http://localhost:81
22:41:18.612 [main] DEBUG io.restassured.internal.RestAssuredHttpBuilder - Parsing response as: application/json
22:41:18.612 [main] DEBUG org.apache.http.wire -  << "39[\r][\n]"
22:41:18.612 [main] DEBUG org.apache.http.wire -  << "[0x1f][0x8b][0x8][0x0][0x0][0x0][0x0][0x0][0x0][0x3][0xab]V[0xca]*[0xce][0xcf]+*HV[0xb2]R2[0xd2]3P[0xd2]Q*J-.[0xcd])Q[0xb2]2[0xb6]0[0xd7]Q[0xca]L[0x1]2LLk[0x1]kJM2'[0x0][0x0][0x0]"
22:41:18.612 [main] DEBUG org.apache.http.wire -  << "[\r][\n]"
22:41:18.612 [main] DEBUG org.apache.http.wire -  << "0[\r][\n]"
22:41:18.612 [main] DEBUG org.apache.http.wire -  << "[\r][\n]"
22:41:18.612 [main] DEBUG io.restassured.internal.RestAssuredHttpBuilder - Parsed data to instance of: class org.apache.http.conn.EofSensorInputStream
22:41:18.613 [main] DEBUG org.apache.http.impl.conn.BasicClientConnectionManager - Releasing connection org.apache.http.impl.conn.ManagedClientConnectionImpl@6f12b637
22:41:18.613 [main] DEBUG org.apache.http.impl.conn.BasicClientConnectionManager - Connection can be kept alive indefinitely
{
    "jsonrpc": "2.0",
    "result": 387,
    "id": 345
}
{
    "jsonrpc": "2.0",
    "result": 387,
    "id": 345
}
Request method:	GET
Request URI:	http://localhost:81/jsonrpc.php
Proxy:			<none>
Request params:	<none>
Query params:	<none>
Form params:	<none>
Path params:	<none>
Headers:		Accept=*/*
				Content-Type=text/plain; charset=ISO-8859-1
Cookies:		<none>
Multiparts:		<none>
Body:
{"jsonrpc":"2.0","method":"getProjectById","id":456,"params":{"project_id":387}}
22:41:18.642 [main] DEBUG org.apache.http.impl.conn.BasicClientConnectionManager - Get connection for route {}->http://localhost:81
22:41:18.643 [main] DEBUG org.apache.http.impl.conn.DefaultClientConnectionOperator - Connecting to localhost:81
22:41:18.644 [main] DEBUG org.apache.http.client.protocol.RequestAddCookies - CookieSpec selected: ignoreCookies
22:41:18.644 [main] DEBUG org.apache.http.client.protocol.RequestAuthCache - Auth cache not set in the context
22:41:18.644 [main] DEBUG org.apache.http.client.protocol.RequestTargetAuthentication - Target auth state: UNCHALLENGED
22:41:18.644 [main] DEBUG org.apache.http.client.protocol.RequestProxyAuthentication - Proxy auth state: UNCHALLENGED
22:41:18.644 [main] DEBUG org.apache.http.impl.client.DefaultHttpClient - Attempt 1 to execute request
22:41:18.644 [main] DEBUG org.apache.http.impl.conn.DefaultClientConnection - Sending request: GET /jsonrpc.php HTTP/1.1
22:41:18.644 [main] DEBUG org.apache.http.wire -  >> "GET /jsonrpc.php HTTP/1.1[\r][\n]"
22:41:18.644 [main] DEBUG org.apache.http.wire -  >> "Accept: */*[\r][\n]"
22:41:18.644 [main] DEBUG org.apache.http.wire -  >> "Content-Type: text/plain; charset=ISO-8859-1[\r][\n]"
22:41:18.644 [main] DEBUG org.apache.http.wire -  >> "Content-Length: 80[\r][\n]"
22:41:18.644 [main] DEBUG org.apache.http.wire -  >> "Host: localhost:81[\r][\n]"
22:41:18.644 [main] DEBUG org.apache.http.wire -  >> "Connection: Keep-Alive[\r][\n]"
22:41:18.644 [main] DEBUG org.apache.http.wire -  >> "User-Agent: Apache-HttpClient/4.5.13 (Java/17)[\r][\n]"
22:41:18.644 [main] DEBUG org.apache.http.wire -  >> "Accept-Encoding: gzip,deflate[\r][\n]"
22:41:18.644 [main] DEBUG org.apache.http.wire -  >> "[\r][\n]"
22:41:18.644 [main] DEBUG org.apache.http.headers - >> GET /jsonrpc.php HTTP/1.1
22:41:18.644 [main] DEBUG org.apache.http.headers - >> Accept: */*
22:41:18.644 [main] DEBUG org.apache.http.headers - >> Content-Type: text/plain; charset=ISO-8859-1
22:41:18.644 [main] DEBUG org.apache.http.headers - >> Content-Length: 80
22:41:18.644 [main] DEBUG org.apache.http.headers - >> Host: localhost:81
22:41:18.644 [main] DEBUG org.apache.http.headers - >> Connection: Keep-Alive
22:41:18.644 [main] DEBUG org.apache.http.headers - >> User-Agent: Apache-HttpClient/4.5.13 (Java/17)
22:41:18.644 [main] DEBUG org.apache.http.headers - >> Accept-Encoding: gzip,deflate
22:41:18.644 [main] DEBUG org.apache.http.wire -  >> "{"jsonrpc":"2.0","method":"getProjectById","id":456,"params":{"project_id":387}}"
22:41:18.653 [main] DEBUG org.apache.http.wire -  << "HTTP/1.1 401 Unauthorized[\r][\n]"
22:41:18.653 [main] DEBUG org.apache.http.wire -  << "Server: nginx[\r][\n]"
22:41:18.653 [main] DEBUG org.apache.http.wire -  << "Date: Wed, 26 Jul 2023 19:41:18 GMT[\r][\n]"
22:41:18.653 [main] DEBUG org.apache.http.wire -  << "Content-Type: application/json[\r][\n]"
22:41:18.653 [main] DEBUG org.apache.http.wire -  << "Transfer-Encoding: chunked[\r][\n]"
22:41:18.653 [main] DEBUG org.apache.http.wire -  << "Connection: keep-alive[\r][\n]"
22:41:18.653 [main] DEBUG org.apache.http.wire -  << "WWW-Authenticate: Basic realm="JsonRPC"[\r][\n]"
22:41:18.653 [main] DEBUG org.apache.http.wire -  << "[\r][\n]"
22:41:18.653 [main] DEBUG org.apache.http.impl.conn.DefaultClientConnection - Receiving response: HTTP/1.1 401 Unauthorized
22:41:18.653 [main] DEBUG org.apache.http.headers - << HTTP/1.1 401 Unauthorized
22:41:18.653 [main] DEBUG org.apache.http.headers - << Server: nginx
22:41:18.653 [main] DEBUG org.apache.http.headers - << Date: Wed, 26 Jul 2023 19:41:18 GMT
22:41:18.653 [main] DEBUG org.apache.http.headers - << Content-Type: application/json
22:41:18.653 [main] DEBUG org.apache.http.headers - << Transfer-Encoding: chunked
22:41:18.653 [main] DEBUG org.apache.http.headers - << Connection: keep-alive
22:41:18.653 [main] DEBUG org.apache.http.headers - << WWW-Authenticate: Basic realm="JsonRPC"
22:41:18.653 [main] DEBUG org.apache.http.impl.client.DefaultHttpClient - Connection can be kept alive indefinitely
22:41:18.653 [main] DEBUG org.apache.http.impl.client.DefaultHttpClient - Authentication required
22:41:18.653 [main] DEBUG org.apache.http.impl.client.DefaultHttpClient - localhost:81 requested authentication
22:41:18.653 [main] DEBUG org.apache.http.impl.client.TargetAuthenticationStrategy - Authentication schemes in the order of preference: [Negotiate, Kerberos, NTLM, CredSSP, Digest, Basic]
22:41:18.653 [main] DEBUG org.apache.http.impl.client.TargetAuthenticationStrategy - Challenge for Negotiate authentication scheme not available
22:41:18.653 [main] DEBUG org.apache.http.impl.client.TargetAuthenticationStrategy - Challenge for Kerberos authentication scheme not available
22:41:18.653 [main] DEBUG org.apache.http.impl.client.TargetAuthenticationStrategy - Challenge for NTLM authentication scheme not available
22:41:18.653 [main] DEBUG org.apache.http.impl.client.TargetAuthenticationStrategy - Challenge for CredSSP authentication scheme not available
22:41:18.653 [main] DEBUG org.apache.http.impl.client.TargetAuthenticationStrategy - Challenge for Digest authentication scheme not available
22:41:18.653 [main] DEBUG org.apache.http.impl.client.DefaultHttpClient - Selected authentication options: [BASIC [complete=true]]
22:41:18.653 [main] DEBUG org.apache.http.wire -  << "49[\r][\n]"
22:41:18.653 [main] DEBUG org.apache.http.wire -  << "{"jsonrpc":"2.0","error":{"code":401,"message":"Unauthorized"},"id":null}"
22:41:18.653 [main] DEBUG org.apache.http.wire -  << "[\r][\n]"
22:41:18.653 [main] DEBUG org.apache.http.wire -  << "0[\r][\n]"
22:41:18.653 [main] DEBUG org.apache.http.wire -  << "[\r][\n]"
22:41:18.654 [main] DEBUG org.apache.http.client.protocol.RequestAddCookies - CookieSpec selected: ignoreCookies
22:41:18.654 [main] DEBUG org.apache.http.client.protocol.RequestAuthCache - Auth cache not set in the context
22:41:18.654 [main] DEBUG org.apache.http.client.protocol.RequestTargetAuthentication - Target auth state: CHALLENGED
22:41:18.654 [main] DEBUG org.apache.http.client.protocol.RequestTargetAuthentication - Generating response to an authentication challenge using basic scheme
22:41:18.654 [main] DEBUG org.apache.http.client.protocol.RequestProxyAuthentication - Proxy auth state: UNCHALLENGED
22:41:18.654 [main] DEBUG org.apache.http.impl.client.DefaultHttpClient - Attempt 2 to execute request
22:41:18.654 [main] DEBUG org.apache.http.impl.conn.DefaultClientConnection - Sending request: GET /jsonrpc.php HTTP/1.1
22:41:18.654 [main] DEBUG org.apache.http.wire -  >> "GET /jsonrpc.php HTTP/1.1[\r][\n]"
22:41:18.654 [main] DEBUG org.apache.http.wire -  >> "Accept: */*[\r][\n]"
22:41:18.654 [main] DEBUG org.apache.http.wire -  >> "Content-Type: text/plain; charset=ISO-8859-1[\r][\n]"
22:41:18.654 [main] DEBUG org.apache.http.wire -  >> "Content-Length: 80[\r][\n]"
22:41:18.654 [main] DEBUG org.apache.http.wire -  >> "Host: localhost:81[\r][\n]"
22:41:18.654 [main] DEBUG org.apache.http.wire -  >> "Connection: Keep-Alive[\r][\n]"
22:41:18.654 [main] DEBUG org.apache.http.wire -  >> "User-Agent: Apache-HttpClient/4.5.13 (Java/17)[\r][\n]"
22:41:18.654 [main] DEBUG org.apache.http.wire -  >> "Authorization: Basic a3lyeWxvQVBJVGVzdExvZ2luOmt5cnlsb0FQSVRlc3RQYXNzd29yZA==[\r][\n]"
22:41:18.654 [main] DEBUG org.apache.http.wire -  >> "Accept-Encoding: gzip,deflate[\r][\n]"
22:41:18.654 [main] DEBUG org.apache.http.wire -  >> "[\r][\n]"
22:41:18.654 [main] DEBUG org.apache.http.headers - >> GET /jsonrpc.php HTTP/1.1
22:41:18.654 [main] DEBUG org.apache.http.headers - >> Accept: */*
22:41:18.654 [main] DEBUG org.apache.http.headers - >> Content-Type: text/plain; charset=ISO-8859-1
22:41:18.654 [main] DEBUG org.apache.http.headers - >> Content-Length: 80
22:41:18.654 [main] DEBUG org.apache.http.headers - >> Host: localhost:81
22:41:18.654 [main] DEBUG org.apache.http.headers - >> Connection: Keep-Alive
22:41:18.654 [main] DEBUG org.apache.http.headers - >> User-Agent: Apache-HttpClient/4.5.13 (Java/17)
22:41:18.654 [main] DEBUG org.apache.http.headers - >> Authorization: Basic a3lyeWxvQVBJVGVzdExvZ2luOmt5cnlsb0FQSVRlc3RQYXNzd29yZA==
22:41:18.654 [main] DEBUG org.apache.http.headers - >> Accept-Encoding: gzip,deflate
22:41:18.654 [main] DEBUG org.apache.http.wire -  >> "{"jsonrpc":"2.0","method":"getProjectById","id":456,"params":{"project_id":387}}"
22:41:18.765 [main] DEBUG org.apache.http.wire -  << "HTTP/1.1 200 OK[\r][\n]"
22:41:18.765 [main] DEBUG org.apache.http.wire -  << "Server: nginx[\r][\n]"
22:41:18.765 [main] DEBUG org.apache.http.wire -  << "Date: Wed, 26 Jul 2023 19:41:18 GMT[\r][\n]"
22:41:18.765 [main] DEBUG org.apache.http.wire -  << "Content-Type: application/json[\r][\n]"
22:41:18.765 [main] DEBUG org.apache.http.wire -  << "Transfer-Encoding: chunked[\r][\n]"
22:41:18.765 [main] DEBUG org.apache.http.wire -  << "Connection: keep-alive[\r][\n]"
22:41:18.765 [main] DEBUG org.apache.http.wire -  << "Vary: Accept-Encoding[\r][\n]"
22:41:18.765 [main] DEBUG org.apache.http.wire -  << "Content-Encoding: gzip[\r][\n]"
22:41:18.765 [main] DEBUG org.apache.http.wire -  << "[\r][\n]"
22:41:18.766 [main] DEBUG org.apache.http.impl.conn.DefaultClientConnection - Receiving response: HTTP/1.1 200 OK
22:41:18.766 [main] DEBUG org.apache.http.headers - << HTTP/1.1 200 OK
22:41:18.766 [main] DEBUG org.apache.http.headers - << Server: nginx
22:41:18.766 [main] DEBUG org.apache.http.headers - << Date: Wed, 26 Jul 2023 19:41:18 GMT
22:41:18.766 [main] DEBUG org.apache.http.headers - << Content-Type: application/json
22:41:18.766 [main] DEBUG org.apache.http.headers - << Transfer-Encoding: chunked
22:41:18.766 [main] DEBUG org.apache.http.headers - << Connection: keep-alive
22:41:18.766 [main] DEBUG org.apache.http.headers - << Vary: Accept-Encoding
22:41:18.766 [main] DEBUG org.apache.http.headers - << Content-Encoding: gzip
22:41:18.766 [main] DEBUG org.apache.http.impl.client.DefaultHttpClient - Connection can be kept alive indefinitely
22:41:18.766 [main] DEBUG org.apache.http.impl.client.DefaultHttpClient - Authentication succeeded
22:41:18.766 [main] DEBUG org.apache.http.impl.client.TargetAuthenticationStrategy - Caching 'basic' auth scheme for http://localhost:81
22:41:18.766 [main] DEBUG io.restassured.internal.RestAssuredHttpBuilder - Parsing response as: application/json
22:41:18.766 [main] DEBUG org.apache.http.wire -  << "133[\r][\n]"
22:41:18.766 [main] DEBUG org.apache.http.wire -  << "[0x1f][0x8b][0x8][0x0][0x0][0x0][0x0][0x0][0x0][0x3]eQ[0xcb]n[0xc3]0[0xc][0xfb][0x95]A[0xe7]`I[0xd7][0xe7]r[0x1b][0xb0][0xcb]n[0xfd][0x3]C[0x89][0xd5]V[0xad]c[0x7][0xb6][0xd2]b([0xfa][0xef][0x93]][0xa0][0xeb][0xb0]#E[0x8a][0x94][0xe9]+[0x1c]S[0xf0]q[0xec][0xa1][0x85][0xb7][0xd7][0x6]*[0x88][0x94]&'[0xd0]^[0x81]-[0xb4][0xf3][0xcd][0xba][0x2][0x8f][0x3])[0xff][0xb1][0xfd]2[0xdb][0x18][0x8e][0xd4][0x8b][0xea]8[0x19][0xec][0x85][0xcf][0xca][0xcc]*[0x90]p"[0xaf][0x1a]%[0x1c]&1C[0xb0][0xbc]cR[0x87][0xd9][0xea][0xbd]Y4[0xcd]b[0xbd]);[0xe3][0xd4]9[0xd6][0xb4][0xe6][0x8e]"[0x9f]Q[0xd4]B[0xa1][0xa5][0xd4]G[0x1e][0x85]C6z[\n]"
22:41:18.766 [main] DEBUG org.apache.http.wire -  << "{[0xf9]|bt[0xcd][0x92][0x97]l[0x1e][0xef]yI0[0x8a][0xb1][0xc5]&c[0xf2][0xf6][0x9][0x85][0x8b][0xa7]h[0xf2]S[0x96][0x9b]y[0x5][0x1a][0x18]"[0xcb][0xb7][0xb1][0xb4][0xc3][0xf2]NM~[0xc][0x8b][0xd5][0xdf][0x91][0xba]i[0xb][0xea]: ;h[0xfd][0xe4]\^ [0xdd]gO[0xd6][0x94][0xb9]IS[0x97]kI[0xf][0x81]f[0xa6][0xb][0xf][0xe]=[0x19][0xc1]t2[0x8e][0x7][0xce][0xbc][0xc6][0xfd][0xe2][0x2][0xc9]c[0xe7][0xc8][0xec]][0xe8][0xd0][0xa9]x[0xaf]*mt[0x8a][0x1a]w[0x85].`[0xd4][0xb][0xe0] 2[0xb6]u[0xed]B[0x8f][0xee][0x10][0x92][0xd4][0x85][0xa8][0xf5]r[0xe5][0x9c][0xf4][0xec][0xff][0x9a]</[0x92][0xdb]-[0xf7][0x6][0xed]b[0xb9][0xba][0xfd][0x0][0xd3]%[0xe1]F[0xf3][0x1][0x0][0x0]"
22:41:18.766 [main] DEBUG org.apache.http.wire -  << "[\r][\n]"
22:41:18.766 [main] DEBUG org.apache.http.wire -  << "0[\r][\n]"
22:41:18.766 [main] DEBUG org.apache.http.wire -  << "[\r][\n]"
22:41:18.766 [main] DEBUG io.restassured.internal.RestAssuredHttpBuilder - Parsed data to instance of: class org.apache.http.conn.EofSensorInputStream
22:41:18.768 [main] DEBUG org.apache.http.impl.conn.BasicClientConnectionManager - Releasing connection org.apache.http.impl.conn.ManagedClientConnectionImpl@4c5c0306
22:41:18.768 [main] DEBUG org.apache.http.impl.conn.BasicClientConnectionManager - Connection can be kept alive indefinitely
{
    "jsonrpc": "2.0",
    "result": {
        "id": 387,
        "name": "API_Project",
        "is_active": 1,
        "token": "",
        "last_modified": 1690400478,
        "is_public": 0,
        "is_private": 0,
        "description": "API_Project Description",
        "identifier": "",
        "start_date": "",
        "end_date": "",
        "owner_id": 583,
        "priority_default": 0,
        "priority_start": 0,
        "priority_end": 3,
        "email": null,
        "predefined_email_subjects": null,
        "per_swimlane_task_limits": 0,
        "task_limit": 0,
        "enable_global_tags": 1,
        "url": {
            "board": "http://localhost/board/387",
            "list": "http://localhost/list/387"
        }
    },
    "id": 456
}
{
    "jsonrpc": "2.0",
    "result": {
        "id": 387,
        "name": "API_Project",
        "is_active": 1,
        "token": "",
        "last_modified": 1690400478,
        "is_public": 0,
        "is_private": 0,
        "description": "API_Project Description",
        "identifier": "",
        "start_date": "",
        "end_date": "",
        "owner_id": 583,
        "priority_default": 0,
        "priority_start": 0,
        "priority_end": 3,
        "email": null,
        "predefined_email_subjects": null,
        "per_swimlane_task_limits": 0,
        "task_limit": 0,
        "enable_global_tags": 1,
        "url": {
            "board": "http://localhost/board/387",
            "list": "http://localhost/list/387"
        }
    },
    "id": 456
}
]]></system-out>
  </testcase>
  <testcase name="deleteProjectValid" classname="API.tests.ProjectTest" time="0.24">
    <system-out><![CDATA[Request method:	DELETE
Request URI:	http://localhost:81/jsonrpc.php
Proxy:			<none>
Request params:	<none>
Query params:	<none>
Form params:	<none>
Path params:	<none>
Headers:		Accept=*/*
				Content-Type=text/plain; charset=ISO-8859-1
Cookies:		<none>
Multiparts:		<none>
Body:
{"jsonrpc":"2.0","method":"removeUser","id":234,"params":{"user_id":583}}
22:41:18.808 [main] DEBUG org.apache.http.impl.conn.BasicClientConnectionManager - Get connection for route {}->http://localhost:81
22:41:18.808 [main] DEBUG org.apache.http.impl.conn.DefaultClientConnectionOperator - Connecting to localhost:81
22:41:18.812 [main] DEBUG org.apache.http.client.protocol.RequestAddCookies - CookieSpec selected: ignoreCookies
22:41:18.812 [main] DEBUG org.apache.http.client.protocol.RequestAuthCache - Auth cache not set in the context
22:41:18.812 [main] DEBUG org.apache.http.client.protocol.RequestTargetAuthentication - Target auth state: UNCHALLENGED
22:41:18.812 [main] DEBUG org.apache.http.client.protocol.RequestProxyAuthentication - Proxy auth state: UNCHALLENGED
22:41:18.812 [main] DEBUG org.apache.http.impl.client.DefaultHttpClient - Attempt 1 to execute request
22:41:18.812 [main] DEBUG org.apache.http.impl.conn.DefaultClientConnection - Sending request: DELETE /jsonrpc.php HTTP/1.1
22:41:18.812 [main] DEBUG org.apache.http.wire -  >> "DELETE /jsonrpc.php HTTP/1.1[\r][\n]"
22:41:18.812 [main] DEBUG org.apache.http.wire -  >> "Accept: */*[\r][\n]"
22:41:18.812 [main] DEBUG org.apache.http.wire -  >> "Content-Type: text/plain; charset=ISO-8859-1[\r][\n]"
22:41:18.812 [main] DEBUG org.apache.http.wire -  >> "Content-Length: 73[\r][\n]"
22:41:18.812 [main] DEBUG org.apache.http.wire -  >> "Host: localhost:81[\r][\n]"
22:41:18.812 [main] DEBUG org.apache.http.wire -  >> "Connection: Keep-Alive[\r][\n]"
22:41:18.812 [main] DEBUG org.apache.http.wire -  >> "User-Agent: Apache-HttpClient/4.5.13 (Java/17)[\r][\n]"
22:41:18.812 [main] DEBUG org.apache.http.wire -  >> "Accept-Encoding: gzip,deflate[\r][\n]"
22:41:18.812 [main] DEBUG org.apache.http.wire -  >> "[\r][\n]"
22:41:18.812 [main] DEBUG org.apache.http.headers - >> DELETE /jsonrpc.php HTTP/1.1
22:41:18.812 [main] DEBUG org.apache.http.headers - >> Accept: */*
22:41:18.812 [main] DEBUG org.apache.http.headers - >> Content-Type: text/plain; charset=ISO-8859-1
22:41:18.812 [main] DEBUG org.apache.http.headers - >> Content-Length: 73
22:41:18.812 [main] DEBUG org.apache.http.headers - >> Host: localhost:81
22:41:18.812 [main] DEBUG org.apache.http.headers - >> Connection: Keep-Alive
22:41:18.812 [main] DEBUG org.apache.http.headers - >> User-Agent: Apache-HttpClient/4.5.13 (Java/17)
22:41:18.812 [main] DEBUG org.apache.http.headers - >> Accept-Encoding: gzip,deflate
22:41:18.812 [main] DEBUG org.apache.http.wire -  >> "{"jsonrpc":"2.0","method":"removeUser","id":234,"params":{"user_id":583}}"
22:41:18.822 [main] DEBUG org.apache.http.wire -  << "HTTP/1.1 401 Unauthorized[\r][\n]"
22:41:18.822 [main] DEBUG org.apache.http.wire -  << "Server: nginx[\r][\n]"
22:41:18.822 [main] DEBUG org.apache.http.wire -  << "Date: Wed, 26 Jul 2023 19:41:18 GMT[\r][\n]"
22:41:18.822 [main] DEBUG org.apache.http.wire -  << "Content-Type: application/json[\r][\n]"
22:41:18.822 [main] DEBUG org.apache.http.wire -  << "Transfer-Encoding: chunked[\r][\n]"
22:41:18.822 [main] DEBUG org.apache.http.wire -  << "Connection: keep-alive[\r][\n]"
22:41:18.822 [main] DEBUG org.apache.http.wire -  << "WWW-Authenticate: Basic realm="JsonRPC"[\r][\n]"
22:41:18.822 [main] DEBUG org.apache.http.wire -  << "[\r][\n]"
22:41:18.822 [main] DEBUG org.apache.http.impl.conn.DefaultClientConnection - Receiving response: HTTP/1.1 401 Unauthorized
22:41:18.822 [main] DEBUG org.apache.http.headers - << HTTP/1.1 401 Unauthorized
22:41:18.822 [main] DEBUG org.apache.http.headers - << Server: nginx
22:41:18.822 [main] DEBUG org.apache.http.headers - << Date: Wed, 26 Jul 2023 19:41:18 GMT
22:41:18.822 [main] DEBUG org.apache.http.headers - << Content-Type: application/json
22:41:18.822 [main] DEBUG org.apache.http.headers - << Transfer-Encoding: chunked
22:41:18.822 [main] DEBUG org.apache.http.headers - << Connection: keep-alive
22:41:18.822 [main] DEBUG org.apache.http.headers - << WWW-Authenticate: Basic realm="JsonRPC"
22:41:18.822 [main] DEBUG org.apache.http.impl.client.DefaultHttpClient - Connection can be kept alive indefinitely
22:41:18.822 [main] DEBUG org.apache.http.impl.client.DefaultHttpClient - Authentication required
22:41:18.822 [main] DEBUG org.apache.http.impl.client.DefaultHttpClient - localhost:81 requested authentication
22:41:18.823 [main] DEBUG org.apache.http.impl.client.TargetAuthenticationStrategy - Authentication schemes in the order of preference: [Negotiate, Kerberos, NTLM, CredSSP, Digest, Basic]
22:41:18.823 [main] DEBUG org.apache.http.impl.client.TargetAuthenticationStrategy - Challenge for Negotiate authentication scheme not available
22:41:18.823 [main] DEBUG org.apache.http.impl.client.TargetAuthenticationStrategy - Challenge for Kerberos authentication scheme not available
22:41:18.823 [main] DEBUG org.apache.http.impl.client.TargetAuthenticationStrategy - Challenge for NTLM authentication scheme not available
22:41:18.823 [main] DEBUG org.apache.http.impl.client.TargetAuthenticationStrategy - Challenge for CredSSP authentication scheme not available
22:41:18.823 [main] DEBUG org.apache.http.impl.client.TargetAuthenticationStrategy - Challenge for Digest authentication scheme not available
22:41:18.823 [main] DEBUG org.apache.http.impl.client.DefaultHttpClient - Selected authentication options: [BASIC [complete=true]]
22:41:18.823 [main] DEBUG org.apache.http.wire -  << "49[\r][\n]"
22:41:18.823 [main] DEBUG org.apache.http.wire -  << "{"jsonrpc":"2.0","error":{"code":401,"message":"Unauthorized"},"id":null}"
22:41:18.823 [main] DEBUG org.apache.http.wire -  << "[\r][\n]"
22:41:18.823 [main] DEBUG org.apache.http.wire -  << "0[\r][\n]"
22:41:18.823 [main] DEBUG org.apache.http.wire -  << "[\r][\n]"
22:41:18.823 [main] DEBUG org.apache.http.client.protocol.RequestAddCookies - CookieSpec selected: ignoreCookies
22:41:18.823 [main] DEBUG org.apache.http.client.protocol.RequestAuthCache - Auth cache not set in the context
22:41:18.823 [main] DEBUG org.apache.http.client.protocol.RequestTargetAuthentication - Target auth state: CHALLENGED
22:41:18.823 [main] DEBUG org.apache.http.client.protocol.RequestTargetAuthentication - Generating response to an authentication challenge using basic scheme
22:41:18.823 [main] DEBUG org.apache.http.client.protocol.RequestProxyAuthentication - Proxy auth state: UNCHALLENGED
22:41:18.823 [main] DEBUG org.apache.http.impl.client.DefaultHttpClient - Attempt 2 to execute request
22:41:18.823 [main] DEBUG org.apache.http.impl.conn.DefaultClientConnection - Sending request: DELETE /jsonrpc.php HTTP/1.1
22:41:18.823 [main] DEBUG org.apache.http.wire -  >> "DELETE /jsonrpc.php HTTP/1.1[\r][\n]"
22:41:18.823 [main] DEBUG org.apache.http.wire -  >> "Accept: */*[\r][\n]"
22:41:18.823 [main] DEBUG org.apache.http.wire -  >> "Content-Type: text/plain; charset=ISO-8859-1[\r][\n]"
22:41:18.823 [main] DEBUG org.apache.http.wire -  >> "Content-Length: 73[\r][\n]"
22:41:18.823 [main] DEBUG org.apache.http.wire -  >> "Host: localhost:81[\r][\n]"
22:41:18.823 [main] DEBUG org.apache.http.wire -  >> "Connection: Keep-Alive[\r][\n]"
22:41:18.823 [main] DEBUG org.apache.http.wire -  >> "User-Agent: Apache-HttpClient/4.5.13 (Java/17)[\r][\n]"
22:41:18.823 [main] DEBUG org.apache.http.wire -  >> "Authorization: Basic YWRtaW46YWRtaW4=[\r][\n]"
22:41:18.823 [main] DEBUG org.apache.http.wire -  >> "Accept-Encoding: gzip,deflate[\r][\n]"
22:41:18.823 [main] DEBUG org.apache.http.wire -  >> "[\r][\n]"
22:41:18.823 [main] DEBUG org.apache.http.headers - >> DELETE /jsonrpc.php HTTP/1.1
22:41:18.823 [main] DEBUG org.apache.http.headers - >> Accept: */*
22:41:18.823 [main] DEBUG org.apache.http.headers - >> Content-Type: text/plain; charset=ISO-8859-1
22:41:18.823 [main] DEBUG org.apache.http.headers - >> Content-Length: 73
22:41:18.823 [main] DEBUG org.apache.http.headers - >> Host: localhost:81
22:41:18.823 [main] DEBUG org.apache.http.headers - >> Connection: Keep-Alive
22:41:18.823 [main] DEBUG org.apache.http.headers - >> User-Agent: Apache-HttpClient/4.5.13 (Java/17)
22:41:18.823 [main] DEBUG org.apache.http.headers - >> Authorization: Basic YWRtaW46YWRtaW4=
22:41:18.823 [main] DEBUG org.apache.http.headers - >> Accept-Encoding: gzip,deflate
22:41:18.823 [main] DEBUG org.apache.http.wire -  >> "{"jsonrpc":"2.0","method":"removeUser","id":234,"params":{"user_id":583}}"
22:41:18.984 [main] DEBUG org.apache.http.wire -  << "HTTP/1.1 200 OK[\r][\n]"
22:41:18.984 [main] DEBUG org.apache.http.wire -  << "Server: nginx[\r][\n]"
22:41:18.984 [main] DEBUG org.apache.http.wire -  << "Date: Wed, 26 Jul 2023 19:41:18 GMT[\r][\n]"
22:41:18.984 [main] DEBUG org.apache.http.wire -  << "Content-Type: application/json[\r][\n]"
22:41:18.984 [main] DEBUG org.apache.http.wire -  << "Transfer-Encoding: chunked[\r][\n]"
22:41:18.984 [main] DEBUG org.apache.http.wire -  << "Connection: keep-alive[\r][\n]"
22:41:18.984 [main] DEBUG org.apache.http.wire -  << "Vary: Accept-Encoding[\r][\n]"
22:41:18.984 [main] DEBUG org.apache.http.wire -  << "Content-Encoding: gzip[\r][\n]"
22:41:18.984 [main] DEBUG org.apache.http.wire -  << "[\r][\n]"
22:41:18.984 [main] DEBUG org.apache.http.impl.conn.DefaultClientConnection - Receiving response: HTTP/1.1 200 OK
22:41:18.984 [main] DEBUG org.apache.http.headers - << HTTP/1.1 200 OK
22:41:18.984 [main] DEBUG org.apache.http.headers - << Server: nginx
22:41:18.984 [main] DEBUG org.apache.http.headers - << Date: Wed, 26 Jul 2023 19:41:18 GMT
22:41:18.984 [main] DEBUG org.apache.http.headers - << Content-Type: application/json
22:41:18.984 [main] DEBUG org.apache.http.headers - << Transfer-Encoding: chunked
22:41:18.984 [main] DEBUG org.apache.http.headers - << Connection: keep-alive
22:41:18.984 [main] DEBUG org.apache.http.headers - << Vary: Accept-Encoding
22:41:18.984 [main] DEBUG org.apache.http.headers - << Content-Encoding: gzip
22:41:18.985 [main] DEBUG org.apache.http.impl.client.DefaultHttpClient - Connection can be kept alive indefinitely
22:41:18.985 [main] DEBUG org.apache.http.impl.client.DefaultHttpClient - Authentication succeeded
22:41:18.985 [main] DEBUG org.apache.http.impl.client.TargetAuthenticationStrategy - Caching 'basic' auth scheme for http://localhost:81
22:41:18.985 [main] DEBUG io.restassured.internal.RestAssuredHttpBuilder - Parsing response as: application/json
22:41:18.985 [main] DEBUG org.apache.http.wire -  << "3c[\r][\n]"
22:41:18.985 [main] DEBUG org.apache.http.wire -  << "[0x1f][0x8b][0x8][0x0][0x0][0x0][0x0][0x0][0x0][0x3][0xab]V[0xca]*[0xce][0xcf]+*HV[0xb2]R2[0xd2]3P[0xd2]Q*J-.[0xcd])Q[0xb2]*)*M[0xd5]Q[0xca]LQ[0xb2]226[0xa9][0x5][0x0]q~[0x7][0xe8]([0x0][0x0][0x0]"
22:41:18.985 [main] DEBUG org.apache.http.wire -  << "[\r][\n]"
22:41:18.985 [main] DEBUG org.apache.http.wire -  << "0[\r][\n]"
22:41:18.985 [main] DEBUG org.apache.http.wire -  << "[\r][\n]"
22:41:18.985 [main] DEBUG io.restassured.internal.RestAssuredHttpBuilder - Parsed data to instance of: class org.apache.http.conn.EofSensorInputStream
22:41:18.986 [main] DEBUG org.apache.http.impl.conn.BasicClientConnectionManager - Releasing connection org.apache.http.impl.conn.ManagedClientConnectionImpl@2ad80cf6
22:41:18.986 [main] DEBUG org.apache.http.impl.conn.BasicClientConnectionManager - Connection can be kept alive indefinitely
{
    "jsonrpc": "2.0",
    "result": true,
    "id": 234
}
{
    "jsonrpc": "2.0",
    "result": true,
    "id": 234
}
Request method:	POST
Request URI:	http://localhost:81/jsonrpc.php
Proxy:			<none>
Request params:	<none>
Query params:	<none>
Form params:	<none>
Path params:	<none>
Headers:		Accept=*/*
				Content-Type=text/plain; charset=ISO-8859-1
Cookies:		<none>
Multiparts:		<none>
Body:
{"jsonrpc":"2.0","method":"createUser","id":123123,"params":{"username":"kyryloAPITestLogin","password":"kyryloAPITestPassword","name":"kyrylo","email":"kyryloAPITest@mail.com","role":"app-manager"}}
22:41:19.001 [main] DEBUG org.apache.http.impl.conn.BasicClientConnectionManager - Get connection for route {}->http://localhost:81
22:41:19.002 [main] DEBUG org.apache.http.impl.conn.DefaultClientConnectionOperator - Connecting to localhost:81
22:41:19.003 [main] DEBUG org.apache.http.client.protocol.RequestAddCookies - CookieSpec selected: ignoreCookies
22:41:19.003 [main] DEBUG org.apache.http.client.protocol.RequestAuthCache - Auth cache not set in the context
22:41:19.003 [main] DEBUG org.apache.http.client.protocol.RequestTargetAuthentication - Target auth state: UNCHALLENGED
22:41:19.003 [main] DEBUG org.apache.http.client.protocol.RequestProxyAuthentication - Proxy auth state: UNCHALLENGED
22:41:19.003 [main] DEBUG org.apache.http.impl.client.DefaultHttpClient - Attempt 1 to execute request
22:41:19.003 [main] DEBUG org.apache.http.impl.conn.DefaultClientConnection - Sending request: POST /jsonrpc.php HTTP/1.1
22:41:19.003 [main] DEBUG org.apache.http.wire -  >> "POST /jsonrpc.php HTTP/1.1[\r][\n]"
22:41:19.003 [main] DEBUG org.apache.http.wire -  >> "Accept: */*[\r][\n]"
22:41:19.004 [main] DEBUG org.apache.http.wire -  >> "Content-Type: text/plain; charset=ISO-8859-1[\r][\n]"
22:41:19.004 [main] DEBUG org.apache.http.wire -  >> "Content-Length: 199[\r][\n]"
22:41:19.004 [main] DEBUG org.apache.http.wire -  >> "Host: localhost:81[\r][\n]"
22:41:19.004 [main] DEBUG org.apache.http.wire -  >> "Connection: Keep-Alive[\r][\n]"
22:41:19.004 [main] DEBUG org.apache.http.wire -  >> "User-Agent: Apache-HttpClient/4.5.13 (Java/17)[\r][\n]"
22:41:19.004 [main] DEBUG org.apache.http.wire -  >> "Accept-Encoding: gzip,deflate[\r][\n]"
22:41:19.004 [main] DEBUG org.apache.http.wire -  >> "[\r][\n]"
22:41:19.004 [main] DEBUG org.apache.http.headers - >> POST /jsonrpc.php HTTP/1.1
22:41:19.004 [main] DEBUG org.apache.http.headers - >> Accept: */*
22:41:19.004 [main] DEBUG org.apache.http.headers - >> Content-Type: text/plain; charset=ISO-8859-1
22:41:19.004 [main] DEBUG org.apache.http.headers - >> Content-Length: 199
22:41:19.004 [main] DEBUG org.apache.http.headers - >> Host: localhost:81
22:41:19.004 [main] DEBUG org.apache.http.headers - >> Connection: Keep-Alive
22:41:19.004 [main] DEBUG org.apache.http.headers - >> User-Agent: Apache-HttpClient/4.5.13 (Java/17)
22:41:19.004 [main] DEBUG org.apache.http.headers - >> Accept-Encoding: gzip,deflate
22:41:19.004 [main] DEBUG org.apache.http.wire -  >> "{"jsonrpc":"2.0","method":"createUser","id":123123,"params":{"username":"kyryloAPITestLogin","password":"kyryloAPITestPassword","name":"kyrylo","email":"kyryloAPITest@mail.com","role":"app-manager"}}"
22:41:19.011 [main] DEBUG org.apache.http.wire -  << "HTTP/1.1 401 Unauthorized[\r][\n]"
22:41:19.011 [main] DEBUG org.apache.http.wire -  << "Server: nginx[\r][\n]"
22:41:19.011 [main] DEBUG org.apache.http.wire -  << "Date: Wed, 26 Jul 2023 19:41:19 GMT[\r][\n]"
22:41:19.011 [main] DEBUG org.apache.http.wire -  << "Content-Type: application/json[\r][\n]"
22:41:19.011 [main] DEBUG org.apache.http.wire -  << "Transfer-Encoding: chunked[\r][\n]"
22:41:19.011 [main] DEBUG org.apache.http.wire -  << "Connection: keep-alive[\r][\n]"
22:41:19.011 [main] DEBUG org.apache.http.wire -  << "WWW-Authenticate: Basic realm="JsonRPC"[\r][\n]"
22:41:19.011 [main] DEBUG org.apache.http.wire -  << "[\r][\n]"
22:41:19.011 [main] DEBUG org.apache.http.impl.conn.DefaultClientConnection - Receiving response: HTTP/1.1 401 Unauthorized
22:41:19.011 [main] DEBUG org.apache.http.headers - << HTTP/1.1 401 Unauthorized
22:41:19.011 [main] DEBUG org.apache.http.headers - << Server: nginx
22:41:19.011 [main] DEBUG org.apache.http.headers - << Date: Wed, 26 Jul 2023 19:41:19 GMT
22:41:19.011 [main] DEBUG org.apache.http.headers - << Content-Type: application/json
22:41:19.011 [main] DEBUG org.apache.http.headers - << Transfer-Encoding: chunked
22:41:19.011 [main] DEBUG org.apache.http.headers - << Connection: keep-alive
22:41:19.011 [main] DEBUG org.apache.http.headers - << WWW-Authenticate: Basic realm="JsonRPC"
22:41:19.011 [main] DEBUG org.apache.http.impl.client.DefaultHttpClient - Connection can be kept alive indefinitely
22:41:19.011 [main] DEBUG org.apache.http.impl.client.DefaultHttpClient - Authentication required
22:41:19.011 [main] DEBUG org.apache.http.impl.client.DefaultHttpClient - localhost:81 requested authentication
22:41:19.011 [main] DEBUG org.apache.http.impl.client.TargetAuthenticationStrategy - Authentication schemes in the order of preference: [Negotiate, Kerberos, NTLM, CredSSP, Digest, Basic]
22:41:19.011 [main] DEBUG org.apache.http.impl.client.TargetAuthenticationStrategy - Challenge for Negotiate authentication scheme not available
22:41:19.011 [main] DEBUG org.apache.http.impl.client.TargetAuthenticationStrategy - Challenge for Kerberos authentication scheme not available
22:41:19.011 [main] DEBUG org.apache.http.impl.client.TargetAuthenticationStrategy - Challenge for NTLM authentication scheme not available
22:41:19.011 [main] DEBUG org.apache.http.impl.client.TargetAuthenticationStrategy - Challenge for CredSSP authentication scheme not available
22:41:19.011 [main] DEBUG org.apache.http.impl.client.TargetAuthenticationStrategy - Challenge for Digest authentication scheme not available
22:41:19.011 [main] DEBUG org.apache.http.impl.client.DefaultHttpClient - Selected authentication options: [BASIC [complete=true]]
22:41:19.011 [main] DEBUG org.apache.http.wire -  << "49[\r][\n]"
22:41:19.011 [main] DEBUG org.apache.http.wire -  << "{"jsonrpc":"2.0","error":{"code":401,"message":"Unauthorized"},"id":null}"
22:41:19.012 [main] DEBUG org.apache.http.wire -  << "[\r][\n]"
22:41:19.012 [main] DEBUG org.apache.http.wire -  << "0[\r][\n]"
22:41:19.012 [main] DEBUG org.apache.http.wire -  << "[\r][\n]"
22:41:19.012 [main] DEBUG org.apache.http.client.protocol.RequestAddCookies - CookieSpec selected: ignoreCookies
22:41:19.012 [main] DEBUG org.apache.http.client.protocol.RequestAuthCache - Auth cache not set in the context
22:41:19.012 [main] DEBUG org.apache.http.client.protocol.RequestTargetAuthentication - Target auth state: CHALLENGED
22:41:19.012 [main] DEBUG org.apache.http.client.protocol.RequestTargetAuthentication - Generating response to an authentication challenge using basic scheme
22:41:19.012 [main] DEBUG org.apache.http.client.protocol.RequestProxyAuthentication - Proxy auth state: UNCHALLENGED
22:41:19.012 [main] DEBUG org.apache.http.impl.client.DefaultHttpClient - Attempt 2 to execute request
22:41:19.012 [main] DEBUG org.apache.http.impl.conn.DefaultClientConnection - Sending request: POST /jsonrpc.php HTTP/1.1
22:41:19.012 [main] DEBUG org.apache.http.wire -  >> "POST /jsonrpc.php HTTP/1.1[\r][\n]"
22:41:19.012 [main] DEBUG org.apache.http.wire -  >> "Accept: */*[\r][\n]"
22:41:19.012 [main] DEBUG org.apache.http.wire -  >> "Content-Type: text/plain; charset=ISO-8859-1[\r][\n]"
22:41:19.012 [main] DEBUG org.apache.http.wire -  >> "Content-Length: 199[\r][\n]"
22:41:19.012 [main] DEBUG org.apache.http.wire -  >> "Host: localhost:81[\r][\n]"
22:41:19.012 [main] DEBUG org.apache.http.wire -  >> "Connection: Keep-Alive[\r][\n]"
22:41:19.012 [main] DEBUG org.apache.http.wire -  >> "User-Agent: Apache-HttpClient/4.5.13 (Java/17)[\r][\n]"
22:41:19.012 [main] DEBUG org.apache.http.wire -  >> "Authorization: Basic YWRtaW46YWRtaW4=[\r][\n]"
22:41:19.012 [main] DEBUG org.apache.http.wire -  >> "Accept-Encoding: gzip,deflate[\r][\n]"
22:41:19.012 [main] DEBUG org.apache.http.wire -  >> "[\r][\n]"
22:41:19.012 [main] DEBUG org.apache.http.headers - >> POST /jsonrpc.php HTTP/1.1
22:41:19.012 [main] DEBUG org.apache.http.headers - >> Accept: */*
22:41:19.012 [main] DEBUG org.apache.http.headers - >> Content-Type: text/plain; charset=ISO-8859-1
22:41:19.012 [main] DEBUG org.apache.http.headers - >> Content-Length: 199
22:41:19.012 [main] DEBUG org.apache.http.headers - >> Host: localhost:81
22:41:19.012 [main] DEBUG org.apache.http.headers - >> Connection: Keep-Alive
22:41:19.012 [main] DEBUG org.apache.http.headers - >> User-Agent: Apache-HttpClient/4.5.13 (Java/17)
22:41:19.012 [main] DEBUG org.apache.http.headers - >> Authorization: Basic YWRtaW46YWRtaW4=
22:41:19.012 [main] DEBUG org.apache.http.headers - >> Accept-Encoding: gzip,deflate
22:41:19.012 [main] DEBUG org.apache.http.wire -  >> "{"jsonrpc":"2.0","method":"createUser","id":123123,"params":{"username":"kyryloAPITestLogin","password":"kyryloAPITestPassword","name":"kyrylo","email":"kyryloAPITest@mail.com","role":"app-manager"}}"
22:41:19.176 [main] DEBUG org.apache.http.wire -  << "HTTP/1.1 200 OK[\r][\n]"
22:41:19.176 [main] DEBUG org.apache.http.wire -  << "Server: nginx[\r][\n]"
22:41:19.176 [main] DEBUG org.apache.http.wire -  << "Date: Wed, 26 Jul 2023 19:41:19 GMT[\r][\n]"
22:41:19.176 [main] DEBUG org.apache.http.wire -  << "Content-Type: application/json[\r][\n]"
22:41:19.176 [main] DEBUG org.apache.http.wire -  << "Transfer-Encoding: chunked[\r][\n]"
22:41:19.176 [main] DEBUG org.apache.http.wire -  << "Connection: keep-alive[\r][\n]"
22:41:19.176 [main] DEBUG org.apache.http.wire -  << "Vary: Accept-Encoding[\r][\n]"
22:41:19.176 [main] DEBUG org.apache.http.wire -  << "Content-Encoding: gzip[\r][\n]"
22:41:19.176 [main] DEBUG org.apache.http.wire -  << "[\r][\n]"
22:41:19.176 [main] DEBUG org.apache.http.impl.conn.DefaultClientConnection - Receiving response: HTTP/1.1 200 OK
22:41:19.176 [main] DEBUG org.apache.http.headers - << HTTP/1.1 200 OK
22:41:19.176 [main] DEBUG org.apache.http.headers - << Server: nginx
22:41:19.176 [main] DEBUG org.apache.http.headers - << Date: Wed, 26 Jul 2023 19:41:19 GMT
22:41:19.176 [main] DEBUG org.apache.http.headers - << Content-Type: application/json
22:41:19.176 [main] DEBUG org.apache.http.headers - << Transfer-Encoding: chunked
22:41:19.176 [main] DEBUG org.apache.http.headers - << Connection: keep-alive
22:41:19.176 [main] DEBUG org.apache.http.headers - << Vary: Accept-Encoding
22:41:19.176 [main] DEBUG org.apache.http.headers - << Content-Encoding: gzip
22:41:19.176 [main] DEBUG org.apache.http.impl.client.DefaultHttpClient - Connection can be kept alive indefinitely
22:41:19.176 [main] DEBUG org.apache.http.impl.client.DefaultHttpClient - Authentication succeeded
22:41:19.176 [main] DEBUG org.apache.http.impl.client.TargetAuthenticationStrategy - Caching 'basic' auth scheme for http://localhost:81
22:41:19.176 [main] DEBUG io.restassured.internal.RestAssuredHttpBuilder - Parsing response as: application/json
22:41:19.176 [main] DEBUG org.apache.http.wire -  << "3c[\r][\n]"
22:41:19.176 [main] DEBUG org.apache.http.wire -  << "[0x1f][0x8b][0x8][0x0][0x0][0x0][0x0][0x0][0x0][0x3][0xab]V[0xca]*[0xce][0xcf]+*HV[0xb2]R2[0xd2]3P[0xd2]Q*J-.[0xcd])Q[0xb2]2[0xb5]0[0xd1]Q[0xca]LQ[0xb2]242[0x6][0xa2]Z[0x0]"[0x92][0xbc]t*[0x0][0x0][0x0]"
22:41:19.176 [main] DEBUG org.apache.http.wire -  << "[\r][\n]"
22:41:19.176 [main] DEBUG org.apache.http.wire -  << "0[\r][\n]"
22:41:19.176 [main] DEBUG org.apache.http.wire -  << "[\r][\n]"
22:41:19.176 [main] DEBUG io.restassured.internal.RestAssuredHttpBuilder - Parsed data to instance of: class org.apache.http.conn.EofSensorInputStream
22:41:19.177 [main] DEBUG org.apache.http.impl.conn.BasicClientConnectionManager - Releasing connection org.apache.http.impl.conn.ManagedClientConnectionImpl@1390a415
22:41:19.177 [main] DEBUG org.apache.http.impl.conn.BasicClientConnectionManager - Connection can be kept alive indefinitely
{
    "jsonrpc": "2.0",
    "result": 584,
    "id": 123123
}
{
    "jsonrpc": "2.0",
    "result": 584,
    "id": 123123
}
Request method:	POST
Request URI:	http://localhost:81/jsonrpc.php
Proxy:			<none>
Request params:	<none>
Query params:	<none>
Form params:	<none>
Path params:	<none>
Headers:		Accept=*/*
				Content-Type=text/plain; charset=ISO-8859-1
Cookies:		<none>
Multiparts:		<none>
Body:
{"jsonrpc":"2.0","method":"createProject","id":345,"params":{"name":"API_Project","description":"API_Project Description","owner_id":584}}
22:41:19.190 [main] DEBUG org.apache.http.impl.conn.BasicClientConnectionManager - Get connection for route {}->http://localhost:81
22:41:19.190 [main] DEBUG org.apache.http.impl.conn.DefaultClientConnectionOperator - Connecting to localhost:81
22:41:19.192 [main] DEBUG org.apache.http.client.protocol.RequestAddCookies - CookieSpec selected: ignoreCookies
22:41:19.192 [main] DEBUG org.apache.http.client.protocol.RequestAuthCache - Auth cache not set in the context
22:41:19.192 [main] DEBUG org.apache.http.client.protocol.RequestTargetAuthentication - Target auth state: UNCHALLENGED
22:41:19.192 [main] DEBUG org.apache.http.client.protocol.RequestProxyAuthentication - Proxy auth state: UNCHALLENGED
22:41:19.192 [main] DEBUG org.apache.http.impl.client.DefaultHttpClient - Attempt 1 to execute request
22:41:19.192 [main] DEBUG org.apache.http.impl.conn.DefaultClientConnection - Sending request: POST /jsonrpc.php HTTP/1.1
22:41:19.192 [main] DEBUG org.apache.http.wire -  >> "POST /jsonrpc.php HTTP/1.1[\r][\n]"
22:41:19.192 [main] DEBUG org.apache.http.wire -  >> "Accept: */*[\r][\n]"
22:41:19.192 [main] DEBUG org.apache.http.wire -  >> "Content-Type: text/plain; charset=ISO-8859-1[\r][\n]"
22:41:19.192 [main] DEBUG org.apache.http.wire -  >> "Content-Length: 138[\r][\n]"
22:41:19.192 [main] DEBUG org.apache.http.wire -  >> "Host: localhost:81[\r][\n]"
22:41:19.192 [main] DEBUG org.apache.http.wire -  >> "Connection: Keep-Alive[\r][\n]"
22:41:19.192 [main] DEBUG org.apache.http.wire -  >> "User-Agent: Apache-HttpClient/4.5.13 (Java/17)[\r][\n]"
22:41:19.192 [main] DEBUG org.apache.http.wire -  >> "Accept-Encoding: gzip,deflate[\r][\n]"
22:41:19.192 [main] DEBUG org.apache.http.wire -  >> "[\r][\n]"
22:41:19.192 [main] DEBUG org.apache.http.headers - >> POST /jsonrpc.php HTTP/1.1
22:41:19.192 [main] DEBUG org.apache.http.headers - >> Accept: */*
22:41:19.192 [main] DEBUG org.apache.http.headers - >> Content-Type: text/plain; charset=ISO-8859-1
22:41:19.192 [main] DEBUG org.apache.http.headers - >> Content-Length: 138
22:41:19.192 [main] DEBUG org.apache.http.headers - >> Host: localhost:81
22:41:19.192 [main] DEBUG org.apache.http.headers - >> Connection: Keep-Alive
22:41:19.192 [main] DEBUG org.apache.http.headers - >> User-Agent: Apache-HttpClient/4.5.13 (Java/17)
22:41:19.192 [main] DEBUG org.apache.http.headers - >> Accept-Encoding: gzip,deflate
22:41:19.192 [main] DEBUG org.apache.http.wire -  >> "{"jsonrpc":"2.0","method":"createProject","id":345,"params":{"name":"API_Project","description":"API_Project Description","owner_id":584}}"
22:41:19.198 [main] DEBUG org.apache.http.wire -  << "HTTP/1.1 401 Unauthorized[\r][\n]"
22:41:19.198 [main] DEBUG org.apache.http.wire -  << "Server: nginx[\r][\n]"
22:41:19.198 [main] DEBUG org.apache.http.wire -  << "Date: Wed, 26 Jul 2023 19:41:19 GMT[\r][\n]"
22:41:19.198 [main] DEBUG org.apache.http.wire -  << "Content-Type: application/json[\r][\n]"
22:41:19.198 [main] DEBUG org.apache.http.wire -  << "Transfer-Encoding: chunked[\r][\n]"
22:41:19.198 [main] DEBUG org.apache.http.wire -  << "Connection: keep-alive[\r][\n]"
22:41:19.198 [main] DEBUG org.apache.http.wire -  << "WWW-Authenticate: Basic realm="JsonRPC"[\r][\n]"
22:41:19.198 [main] DEBUG org.apache.http.wire -  << "[\r][\n]"
22:41:19.198 [main] DEBUG org.apache.http.impl.conn.DefaultClientConnection - Receiving response: HTTP/1.1 401 Unauthorized
22:41:19.199 [main] DEBUG org.apache.http.headers - << HTTP/1.1 401 Unauthorized
22:41:19.199 [main] DEBUG org.apache.http.headers - << Server: nginx
22:41:19.199 [main] DEBUG org.apache.http.headers - << Date: Wed, 26 Jul 2023 19:41:19 GMT
22:41:19.199 [main] DEBUG org.apache.http.headers - << Content-Type: application/json
22:41:19.199 [main] DEBUG org.apache.http.headers - << Transfer-Encoding: chunked
22:41:19.199 [main] DEBUG org.apache.http.headers - << Connection: keep-alive
22:41:19.199 [main] DEBUG org.apache.http.headers - << WWW-Authenticate: Basic realm="JsonRPC"
22:41:19.199 [main] DEBUG org.apache.http.impl.client.DefaultHttpClient - Connection can be kept alive indefinitely
22:41:19.199 [main] DEBUG org.apache.http.impl.client.DefaultHttpClient - Authentication required
22:41:19.199 [main] DEBUG org.apache.http.impl.client.DefaultHttpClient - localhost:81 requested authentication
22:41:19.199 [main] DEBUG org.apache.http.impl.client.TargetAuthenticationStrategy - Authentication schemes in the order of preference: [Negotiate, Kerberos, NTLM, CredSSP, Digest, Basic]
22:41:19.199 [main] DEBUG org.apache.http.impl.client.TargetAuthenticationStrategy - Challenge for Negotiate authentication scheme not available
22:41:19.199 [main] DEBUG org.apache.http.impl.client.TargetAuthenticationStrategy - Challenge for Kerberos authentication scheme not available
22:41:19.199 [main] DEBUG org.apache.http.impl.client.TargetAuthenticationStrategy - Challenge for NTLM authentication scheme not available
22:41:19.199 [main] DEBUG org.apache.http.impl.client.TargetAuthenticationStrategy - Challenge for CredSSP authentication scheme not available
22:41:19.199 [main] DEBUG org.apache.http.impl.client.TargetAuthenticationStrategy - Challenge for Digest authentication scheme not available
22:41:19.199 [main] DEBUG org.apache.http.impl.client.DefaultHttpClient - Selected authentication options: [BASIC [complete=true]]
22:41:19.199 [main] DEBUG org.apache.http.wire -  << "49[\r][\n]"
22:41:19.199 [main] DEBUG org.apache.http.wire -  << "{"jsonrpc":"2.0","error":{"code":401,"message":"Unauthorized"},"id":null}"
22:41:19.199 [main] DEBUG org.apache.http.wire -  << "[\r][\n]"
22:41:19.199 [main] DEBUG org.apache.http.wire -  << "0[\r][\n]"
22:41:19.199 [main] DEBUG org.apache.http.wire -  << "[\r][\n]"
22:41:19.199 [main] DEBUG org.apache.http.client.protocol.RequestAddCookies - CookieSpec selected: ignoreCookies
22:41:19.199 [main] DEBUG org.apache.http.client.protocol.RequestAuthCache - Auth cache not set in the context
22:41:19.199 [main] DEBUG org.apache.http.client.protocol.RequestTargetAuthentication - Target auth state: CHALLENGED
22:41:19.199 [main] DEBUG org.apache.http.client.protocol.RequestTargetAuthentication - Generating response to an authentication challenge using basic scheme
22:41:19.199 [main] DEBUG org.apache.http.client.protocol.RequestProxyAuthentication - Proxy auth state: UNCHALLENGED
22:41:19.199 [main] DEBUG org.apache.http.impl.client.DefaultHttpClient - Attempt 2 to execute request
22:41:19.199 [main] DEBUG org.apache.http.impl.conn.DefaultClientConnection - Sending request: POST /jsonrpc.php HTTP/1.1
22:41:19.199 [main] DEBUG org.apache.http.wire -  >> "POST /jsonrpc.php HTTP/1.1[\r][\n]"
22:41:19.199 [main] DEBUG org.apache.http.wire -  >> "Accept: */*[\r][\n]"
22:41:19.199 [main] DEBUG org.apache.http.wire -  >> "Content-Type: text/plain; charset=ISO-8859-1[\r][\n]"
22:41:19.199 [main] DEBUG org.apache.http.wire -  >> "Content-Length: 138[\r][\n]"
22:41:19.199 [main] DEBUG org.apache.http.wire -  >> "Host: localhost:81[\r][\n]"
22:41:19.199 [main] DEBUG org.apache.http.wire -  >> "Connection: Keep-Alive[\r][\n]"
22:41:19.199 [main] DEBUG org.apache.http.wire -  >> "User-Agent: Apache-HttpClient/4.5.13 (Java/17)[\r][\n]"
22:41:19.199 [main] DEBUG org.apache.http.wire -  >> "Authorization: Basic a3lyeWxvQVBJVGVzdExvZ2luOmt5cnlsb0FQSVRlc3RQYXNzd29yZA==[\r][\n]"
22:41:19.199 [main] DEBUG org.apache.http.wire -  >> "Accept-Encoding: gzip,deflate[\r][\n]"
22:41:19.199 [main] DEBUG org.apache.http.wire -  >> "[\r][\n]"
22:41:19.199 [main] DEBUG org.apache.http.headers - >> POST /jsonrpc.php HTTP/1.1
22:41:19.199 [main] DEBUG org.apache.http.headers - >> Accept: */*
22:41:19.199 [main] DEBUG org.apache.http.headers - >> Content-Type: text/plain; charset=ISO-8859-1
22:41:19.199 [main] DEBUG org.apache.http.headers - >> Content-Length: 138
22:41:19.199 [main] DEBUG org.apache.http.headers - >> Host: localhost:81
22:41:19.199 [main] DEBUG org.apache.http.headers - >> Connection: Keep-Alive
22:41:19.199 [main] DEBUG org.apache.http.headers - >> User-Agent: Apache-HttpClient/4.5.13 (Java/17)
22:41:19.199 [main] DEBUG org.apache.http.headers - >> Authorization: Basic a3lyeWxvQVBJVGVzdExvZ2luOmt5cnlsb0FQSVRlc3RQYXNzd29yZA==
22:41:19.199 [main] DEBUG org.apache.http.headers - >> Accept-Encoding: gzip,deflate
22:41:19.199 [main] DEBUG org.apache.http.wire -  >> "{"jsonrpc":"2.0","method":"createProject","id":345,"params":{"name":"API_Project","description":"API_Project Description","owner_id":584}}"
22:41:19.303 [main] DEBUG org.apache.http.wire -  << "HTTP/1.1 200 OK[\r][\n]"
22:41:19.303 [main] DEBUG org.apache.http.wire -  << "Server: nginx[\r][\n]"
22:41:19.303 [main] DEBUG org.apache.http.wire -  << "Date: Wed, 26 Jul 2023 19:41:19 GMT[\r][\n]"
22:41:19.303 [main] DEBUG org.apache.http.wire -  << "Content-Type: application/json[\r][\n]"
22:41:19.303 [main] DEBUG org.apache.http.wire -  << "Transfer-Encoding: chunked[\r][\n]"
22:41:19.303 [main] DEBUG org.apache.http.wire -  << "Connection: keep-alive[\r][\n]"
22:41:19.303 [main] DEBUG org.apache.http.wire -  << "Vary: Accept-Encoding[\r][\n]"
22:41:19.303 [main] DEBUG org.apache.http.wire -  << "Content-Encoding: gzip[\r][\n]"
22:41:19.303 [main] DEBUG org.apache.http.wire -  << "[\r][\n]"
22:41:19.303 [main] DEBUG org.apache.http.impl.conn.DefaultClientConnection - Receiving response: HTTP/1.1 200 OK
22:41:19.303 [main] DEBUG org.apache.http.headers - << HTTP/1.1 200 OK
22:41:19.303 [main] DEBUG org.apache.http.headers - << Server: nginx
22:41:19.303 [main] DEBUG org.apache.http.headers - << Date: Wed, 26 Jul 2023 19:41:19 GMT
22:41:19.303 [main] DEBUG org.apache.http.headers - << Content-Type: application/json
22:41:19.303 [main] DEBUG org.apache.http.headers - << Transfer-Encoding: chunked
22:41:19.303 [main] DEBUG org.apache.http.headers - << Connection: keep-alive
22:41:19.303 [main] DEBUG org.apache.http.headers - << Vary: Accept-Encoding
22:41:19.303 [main] DEBUG org.apache.http.headers - << Content-Encoding: gzip
22:41:19.304 [main] DEBUG org.apache.http.impl.client.DefaultHttpClient - Connection can be kept alive indefinitely
22:41:19.304 [main] DEBUG org.apache.http.impl.client.DefaultHttpClient - Authentication succeeded
22:41:19.304 [main] DEBUG org.apache.http.impl.client.TargetAuthenticationStrategy - Caching 'basic' auth scheme for http://localhost:81
22:41:19.304 [main] DEBUG io.restassured.internal.RestAssuredHttpBuilder - Parsing response as: application/json
22:41:19.304 [main] DEBUG org.apache.http.wire -  << "39[\r][\n]"
22:41:19.304 [main] DEBUG org.apache.http.wire -  << "[0x1f][0x8b][0x8][0x0][0x0][0x0][0x0][0x0][0x0][0x3][0xab]V[0xca]*[0xce][0xcf]+*HV[0xb2]R2[0xd2]3P[0xd2]Q*J-.[0xcd])Q[0xb2]2[0xb6][0xb0][0xd0]Q[0xca]L[0x1]2LLk[0x1][0xad][0xbe][0xb5][0xa1]'[0x0][0x0][0x0]"
22:41:19.304 [main] DEBUG org.apache.http.wire -  << "[\r][\n]"
22:41:19.304 [main] DEBUG org.apache.http.wire -  << "0[\r][\n]"
22:41:19.304 [main] DEBUG org.apache.http.wire -  << "[\r][\n]"
22:41:19.304 [main] DEBUG io.restassured.internal.RestAssuredHttpBuilder - Parsed data to instance of: class org.apache.http.conn.EofSensorInputStream
22:41:19.305 [main] DEBUG org.apache.http.impl.conn.BasicClientConnectionManager - Releasing connection org.apache.http.impl.conn.ManagedClientConnectionImpl@6fa2d0b2
22:41:19.305 [main] DEBUG org.apache.http.impl.conn.BasicClientConnectionManager - Connection can be kept alive indefinitely
{
    "jsonrpc": "2.0",
    "result": 388,
    "id": 345
}
{
    "jsonrpc": "2.0",
    "result": 388,
    "id": 345
}
Request method:	DELETE
Request URI:	http://localhost:81/jsonrpc.php
Proxy:			<none>
Request params:	<none>
Query params:	<none>
Form params:	<none>
Path params:	<none>
Headers:		Accept=*/*
				Content-Type=text/plain; charset=ISO-8859-1
Cookies:		<none>
Multiparts:		<none>
Body:
{"jsonrpc":"2.0","method":"removeProject","id":567,"params":{"project_id":388}}
22:41:19.321 [main] DEBUG org.apache.http.impl.conn.BasicClientConnectionManager - Get connection for route {}->http://localhost:81
22:41:19.321 [main] DEBUG org.apache.http.impl.conn.DefaultClientConnectionOperator - Connecting to localhost:81
22:41:19.323 [main] DEBUG org.apache.http.client.protocol.RequestAddCookies - CookieSpec selected: ignoreCookies
22:41:19.323 [main] DEBUG org.apache.http.client.protocol.RequestAuthCache - Auth cache not set in the context
22:41:19.323 [main] DEBUG org.apache.http.client.protocol.RequestTargetAuthentication - Target auth state: UNCHALLENGED
22:41:19.323 [main] DEBUG org.apache.http.client.protocol.RequestProxyAuthentication - Proxy auth state: UNCHALLENGED
22:41:19.323 [main] DEBUG org.apache.http.impl.client.DefaultHttpClient - Attempt 1 to execute request
22:41:19.323 [main] DEBUG org.apache.http.impl.conn.DefaultClientConnection - Sending request: DELETE /jsonrpc.php HTTP/1.1
22:41:19.323 [main] DEBUG org.apache.http.wire -  >> "DELETE /jsonrpc.php HTTP/1.1[\r][\n]"
22:41:19.323 [main] DEBUG org.apache.http.wire -  >> "Accept: */*[\r][\n]"
22:41:19.323 [main] DEBUG org.apache.http.wire -  >> "Content-Type: text/plain; charset=ISO-8859-1[\r][\n]"
22:41:19.323 [main] DEBUG org.apache.http.wire -  >> "Content-Length: 79[\r][\n]"
22:41:19.323 [main] DEBUG org.apache.http.wire -  >> "Host: localhost:81[\r][\n]"
22:41:19.323 [main] DEBUG org.apache.http.wire -  >> "Connection: Keep-Alive[\r][\n]"
22:41:19.323 [main] DEBUG org.apache.http.wire -  >> "User-Agent: Apache-HttpClient/4.5.13 (Java/17)[\r][\n]"
22:41:19.323 [main] DEBUG org.apache.http.wire -  >> "Accept-Encoding: gzip,deflate[\r][\n]"
22:41:19.323 [main] DEBUG org.apache.http.wire -  >> "[\r][\n]"
22:41:19.323 [main] DEBUG org.apache.http.headers - >> DELETE /jsonrpc.php HTTP/1.1
22:41:19.323 [main] DEBUG org.apache.http.headers - >> Accept: */*
22:41:19.323 [main] DEBUG org.apache.http.headers - >> Content-Type: text/plain; charset=ISO-8859-1
22:41:19.323 [main] DEBUG org.apache.http.headers - >> Content-Length: 79
22:41:19.323 [main] DEBUG org.apache.http.headers - >> Host: localhost:81
22:41:19.323 [main] DEBUG org.apache.http.headers - >> Connection: Keep-Alive
22:41:19.323 [main] DEBUG org.apache.http.headers - >> User-Agent: Apache-HttpClient/4.5.13 (Java/17)
22:41:19.323 [main] DEBUG org.apache.http.headers - >> Accept-Encoding: gzip,deflate
22:41:19.323 [main] DEBUG org.apache.http.wire -  >> "{"jsonrpc":"2.0","method":"removeProject","id":567,"params":{"project_id":388}}"
22:41:19.334 [main] DEBUG org.apache.http.wire -  << "HTTP/1.1 401 Unauthorized[\r][\n]"
22:41:19.334 [main] DEBUG org.apache.http.wire -  << "Server: nginx[\r][\n]"
22:41:19.334 [main] DEBUG org.apache.http.wire -  << "Date: Wed, 26 Jul 2023 19:41:19 GMT[\r][\n]"
22:41:19.334 [main] DEBUG org.apache.http.wire -  << "Content-Type: application/json[\r][\n]"
22:41:19.334 [main] DEBUG org.apache.http.wire -  << "Transfer-Encoding: chunked[\r][\n]"
22:41:19.334 [main] DEBUG org.apache.http.wire -  << "Connection: keep-alive[\r][\n]"
22:41:19.334 [main] DEBUG org.apache.http.wire -  << "WWW-Authenticate: Basic realm="JsonRPC"[\r][\n]"
22:41:19.334 [main] DEBUG org.apache.http.wire -  << "[\r][\n]"
22:41:19.334 [main] DEBUG org.apache.http.impl.conn.DefaultClientConnection - Receiving response: HTTP/1.1 401 Unauthorized
22:41:19.334 [main] DEBUG org.apache.http.headers - << HTTP/1.1 401 Unauthorized
22:41:19.334 [main] DEBUG org.apache.http.headers - << Server: nginx
22:41:19.334 [main] DEBUG org.apache.http.headers - << Date: Wed, 26 Jul 2023 19:41:19 GMT
22:41:19.334 [main] DEBUG org.apache.http.headers - << Content-Type: application/json
22:41:19.334 [main] DEBUG org.apache.http.headers - << Transfer-Encoding: chunked
22:41:19.334 [main] DEBUG org.apache.http.headers - << Connection: keep-alive
22:41:19.334 [main] DEBUG org.apache.http.headers - << WWW-Authenticate: Basic realm="JsonRPC"
22:41:19.334 [main] DEBUG org.apache.http.impl.client.DefaultHttpClient - Connection can be kept alive indefinitely
22:41:19.334 [main] DEBUG org.apache.http.impl.client.DefaultHttpClient - Authentication required
22:41:19.334 [main] DEBUG org.apache.http.impl.client.DefaultHttpClient - localhost:81 requested authentication
22:41:19.334 [main] DEBUG org.apache.http.impl.client.TargetAuthenticationStrategy - Authentication schemes in the order of preference: [Negotiate, Kerberos, NTLM, CredSSP, Digest, Basic]
22:41:19.334 [main] DEBUG org.apache.http.impl.client.TargetAuthenticationStrategy - Challenge for Negotiate authentication scheme not available
22:41:19.334 [main] DEBUG org.apache.http.impl.client.TargetAuthenticationStrategy - Challenge for Kerberos authentication scheme not available
22:41:19.334 [main] DEBUG org.apache.http.impl.client.TargetAuthenticationStrategy - Challenge for NTLM authentication scheme not available
22:41:19.334 [main] DEBUG org.apache.http.impl.client.TargetAuthenticationStrategy - Challenge for CredSSP authentication scheme not available
22:41:19.334 [main] DEBUG org.apache.http.impl.client.TargetAuthenticationStrategy - Challenge for Digest authentication scheme not available
22:41:19.334 [main] DEBUG org.apache.http.impl.client.DefaultHttpClient - Selected authentication options: [BASIC [complete=true]]
22:41:19.335 [main] DEBUG org.apache.http.wire -  << "49[\r][\n]"
22:41:19.335 [main] DEBUG org.apache.http.wire -  << "{"jsonrpc":"2.0","error":{"code":401,"message":"Unauthorized"},"id":null}"
22:41:19.335 [main] DEBUG org.apache.http.wire -  << "[\r][\n]"
22:41:19.335 [main] DEBUG org.apache.http.wire -  << "0[\r][\n]"
22:41:19.335 [main] DEBUG org.apache.http.wire -  << "[\r][\n]"
22:41:19.335 [main] DEBUG org.apache.http.client.protocol.RequestAddCookies - CookieSpec selected: ignoreCookies
22:41:19.335 [main] DEBUG org.apache.http.client.protocol.RequestAuthCache - Auth cache not set in the context
22:41:19.335 [main] DEBUG org.apache.http.client.protocol.RequestTargetAuthentication - Target auth state: CHALLENGED
22:41:19.335 [main] DEBUG org.apache.http.client.protocol.RequestTargetAuthentication - Generating response to an authentication challenge using basic scheme
22:41:19.335 [main] DEBUG org.apache.http.client.protocol.RequestProxyAuthentication - Proxy auth state: UNCHALLENGED
22:41:19.335 [main] DEBUG org.apache.http.impl.client.DefaultHttpClient - Attempt 2 to execute request
22:41:19.335 [main] DEBUG org.apache.http.impl.conn.DefaultClientConnection - Sending request: DELETE /jsonrpc.php HTTP/1.1
22:41:19.335 [main] DEBUG org.apache.http.wire -  >> "DELETE /jsonrpc.php HTTP/1.1[\r][\n]"
22:41:19.335 [main] DEBUG org.apache.http.wire -  >> "Accept: */*[\r][\n]"
22:41:19.335 [main] DEBUG org.apache.http.wire -  >> "Content-Type: text/plain; charset=ISO-8859-1[\r][\n]"
22:41:19.335 [main] DEBUG org.apache.http.wire -  >> "Content-Length: 79[\r][\n]"
22:41:19.335 [main] DEBUG org.apache.http.wire -  >> "Host: localhost:81[\r][\n]"
22:41:19.335 [main] DEBUG org.apache.http.wire -  >> "Connection: Keep-Alive[\r][\n]"
22:41:19.335 [main] DEBUG org.apache.http.wire -  >> "User-Agent: Apache-HttpClient/4.5.13 (Java/17)[\r][\n]"
22:41:19.335 [main] DEBUG org.apache.http.wire -  >> "Authorization: Basic a3lyeWxvQVBJVGVzdExvZ2luOmt5cnlsb0FQSVRlc3RQYXNzd29yZA==[\r][\n]"
22:41:19.335 [main] DEBUG org.apache.http.wire -  >> "Accept-Encoding: gzip,deflate[\r][\n]"
22:41:19.335 [main] DEBUG org.apache.http.wire -  >> "[\r][\n]"
22:41:19.335 [main] DEBUG org.apache.http.headers - >> DELETE /jsonrpc.php HTTP/1.1
22:41:19.335 [main] DEBUG org.apache.http.headers - >> Accept: */*
22:41:19.335 [main] DEBUG org.apache.http.headers - >> Content-Type: text/plain; charset=ISO-8859-1
22:41:19.335 [main] DEBUG org.apache.http.headers - >> Content-Length: 79
22:41:19.335 [main] DEBUG org.apache.http.headers - >> Host: localhost:81
22:41:19.335 [main] DEBUG org.apache.http.headers - >> Connection: Keep-Alive
22:41:19.335 [main] DEBUG org.apache.http.headers - >> User-Agent: Apache-HttpClient/4.5.13 (Java/17)
22:41:19.335 [main] DEBUG org.apache.http.headers - >> Authorization: Basic a3lyeWxvQVBJVGVzdExvZ2luOmt5cnlsb0FQSVRlc3RQYXNzd29yZA==
22:41:19.335 [main] DEBUG org.apache.http.headers - >> Accept-Encoding: gzip,deflate
22:41:19.335 [main] DEBUG org.apache.http.wire -  >> "{"jsonrpc":"2.0","method":"removeProject","id":567,"params":{"project_id":388}}"
22:41:19.412 [main] DEBUG org.apache.http.wire -  << "HTTP/1.1 200 OK[\r][\n]"
22:41:19.412 [main] DEBUG org.apache.http.wire -  << "Server: nginx[\r][\n]"
22:41:19.412 [main] DEBUG org.apache.http.wire -  << "Date: Wed, 26 Jul 2023 19:41:19 GMT[\r][\n]"
22:41:19.412 [main] DEBUG org.apache.http.wire -  << "Content-Type: application/json[\r][\n]"
22:41:19.412 [main] DEBUG org.apache.http.wire -  << "Transfer-Encoding: chunked[\r][\n]"
22:41:19.412 [main] DEBUG org.apache.http.wire -  << "Connection: keep-alive[\r][\n]"
22:41:19.412 [main] DEBUG org.apache.http.wire -  << "Vary: Accept-Encoding[\r][\n]"
22:41:19.412 [main] DEBUG org.apache.http.wire -  << "Content-Encoding: gzip[\r][\n]"
22:41:19.412 [main] DEBUG org.apache.http.wire -  << "[\r][\n]"
22:41:19.412 [main] DEBUG org.apache.http.impl.conn.DefaultClientConnection - Receiving response: HTTP/1.1 200 OK
22:41:19.412 [main] DEBUG org.apache.http.headers - << HTTP/1.1 200 OK
22:41:19.412 [main] DEBUG org.apache.http.headers - << Server: nginx
22:41:19.412 [main] DEBUG org.apache.http.headers - << Date: Wed, 26 Jul 2023 19:41:19 GMT
22:41:19.412 [main] DEBUG org.apache.http.headers - << Content-Type: application/json
22:41:19.412 [main] DEBUG org.apache.http.headers - << Transfer-Encoding: chunked
22:41:19.412 [main] DEBUG org.apache.http.headers - << Connection: keep-alive
22:41:19.412 [main] DEBUG org.apache.http.headers - << Vary: Accept-Encoding
22:41:19.412 [main] DEBUG org.apache.http.headers - << Content-Encoding: gzip
22:41:19.412 [main] DEBUG org.apache.http.impl.client.DefaultHttpClient - Connection can be kept alive indefinitely
22:41:19.412 [main] DEBUG org.apache.http.impl.client.DefaultHttpClient - Authentication succeeded
22:41:19.412 [main] DEBUG org.apache.http.impl.client.TargetAuthenticationStrategy - Caching 'basic' auth scheme for http://localhost:81
22:41:19.412 [main] DEBUG io.restassured.internal.RestAssuredHttpBuilder - Parsing response as: application/json
22:41:19.412 [main] DEBUG org.apache.http.wire -  << "3c[\r][\n]"
22:41:19.412 [main] DEBUG org.apache.http.wire -  << "[0x1f][0x8b][0x8][0x0][0x0][0x0][0x0][0x0][0x0][0x3][0xab]V[0xca]*[0xce][0xcf]+*HV[0xb2]R2[0xd2]3P[0xd2]Q*J-.[0xcd])Q[0xb2]*)*M[0xd5]Q[0xca]LQ[0xb2]253[0xaf][0x5][0x0][0xe0][0xd7]6X([0x0][0x0][0x0]"
22:41:19.412 [main] DEBUG org.apache.http.wire -  << "[\r][\n]"
22:41:19.412 [main] DEBUG org.apache.http.wire -  << "0[\r][\n]"
22:41:19.412 [main] DEBUG org.apache.http.wire -  << "[\r][\n]"
22:41:19.412 [main] DEBUG io.restassured.internal.RestAssuredHttpBuilder - Parsed data to instance of: class org.apache.http.conn.EofSensorInputStream
22:41:19.413 [main] DEBUG org.apache.http.impl.conn.BasicClientConnectionManager - Releasing connection org.apache.http.impl.conn.ManagedClientConnectionImpl@2f03fdc0
22:41:19.413 [main] DEBUG org.apache.http.impl.conn.BasicClientConnectionManager - Connection can be kept alive indefinitely
{
    "jsonrpc": "2.0",
    "result": true,
    "id": 567
}
{
    "jsonrpc": "2.0",
    "result": true,
    "id": 567
}
]]></system-out>
  </testcase>
  <testcase name="createTaskValid" classname="API.tests.TaskTest" time="0.431">
    <system-out><![CDATA[Request method:	DELETE
Request URI:	http://localhost:81/jsonrpc.php
Proxy:			<none>
Request params:	<none>
Query params:	<none>
Form params:	<none>
Path params:	<none>
Headers:		Accept=*/*
				Content-Type=text/plain; charset=ISO-8859-1
Cookies:		<none>
Multiparts:		<none>
Body:
{"jsonrpc":"2.0","method":"removeUser","id":234,"params":{"user_id":584}}
22:41:19.429 [main] DEBUG org.apache.http.impl.conn.BasicClientConnectionManager - Get connection for route {}->http://localhost:81
22:41:19.429 [main] DEBUG org.apache.http.impl.conn.DefaultClientConnectionOperator - Connecting to localhost:81
22:41:19.430 [main] DEBUG org.apache.http.client.protocol.RequestAddCookies - CookieSpec selected: ignoreCookies
22:41:19.430 [main] DEBUG org.apache.http.client.protocol.RequestAuthCache - Auth cache not set in the context
22:41:19.430 [main] DEBUG org.apache.http.client.protocol.RequestTargetAuthentication - Target auth state: UNCHALLENGED
22:41:19.430 [main] DEBUG org.apache.http.client.protocol.RequestProxyAuthentication - Proxy auth state: UNCHALLENGED
22:41:19.430 [main] DEBUG org.apache.http.impl.client.DefaultHttpClient - Attempt 1 to execute request
22:41:19.430 [main] DEBUG org.apache.http.impl.conn.DefaultClientConnection - Sending request: DELETE /jsonrpc.php HTTP/1.1
22:41:19.430 [main] DEBUG org.apache.http.wire -  >> "DELETE /jsonrpc.php HTTP/1.1[\r][\n]"
22:41:19.430 [main] DEBUG org.apache.http.wire -  >> "Accept: */*[\r][\n]"
22:41:19.430 [main] DEBUG org.apache.http.wire -  >> "Content-Type: text/plain; charset=ISO-8859-1[\r][\n]"
22:41:19.430 [main] DEBUG org.apache.http.wire -  >> "Content-Length: 73[\r][\n]"
22:41:19.430 [main] DEBUG org.apache.http.wire -  >> "Host: localhost:81[\r][\n]"
22:41:19.430 [main] DEBUG org.apache.http.wire -  >> "Connection: Keep-Alive[\r][\n]"
22:41:19.430 [main] DEBUG org.apache.http.wire -  >> "User-Agent: Apache-HttpClient/4.5.13 (Java/17)[\r][\n]"
22:41:19.430 [main] DEBUG org.apache.http.wire -  >> "Accept-Encoding: gzip,deflate[\r][\n]"
22:41:19.430 [main] DEBUG org.apache.http.wire -  >> "[\r][\n]"
22:41:19.430 [main] DEBUG org.apache.http.headers - >> DELETE /jsonrpc.php HTTP/1.1
22:41:19.430 [main] DEBUG org.apache.http.headers - >> Accept: */*
22:41:19.430 [main] DEBUG org.apache.http.headers - >> Content-Type: text/plain; charset=ISO-8859-1
22:41:19.430 [main] DEBUG org.apache.http.headers - >> Content-Length: 73
22:41:19.430 [main] DEBUG org.apache.http.headers - >> Host: localhost:81
22:41:19.430 [main] DEBUG org.apache.http.headers - >> Connection: Keep-Alive
22:41:19.430 [main] DEBUG org.apache.http.headers - >> User-Agent: Apache-HttpClient/4.5.13 (Java/17)
22:41:19.430 [main] DEBUG org.apache.http.headers - >> Accept-Encoding: gzip,deflate
22:41:19.430 [main] DEBUG org.apache.http.wire -  >> "{"jsonrpc":"2.0","method":"removeUser","id":234,"params":{"user_id":584}}"
22:41:19.439 [main] DEBUG org.apache.http.wire -  << "HTTP/1.1 401 Unauthorized[\r][\n]"
22:41:19.439 [main] DEBUG org.apache.http.wire -  << "Server: nginx[\r][\n]"
22:41:19.439 [main] DEBUG org.apache.http.wire -  << "Date: Wed, 26 Jul 2023 19:41:19 GMT[\r][\n]"
22:41:19.439 [main] DEBUG org.apache.http.wire -  << "Content-Type: application/json[\r][\n]"
22:41:19.439 [main] DEBUG org.apache.http.wire -  << "Transfer-Encoding: chunked[\r][\n]"
22:41:19.439 [main] DEBUG org.apache.http.wire -  << "Connection: keep-alive[\r][\n]"
22:41:19.439 [main] DEBUG org.apache.http.wire -  << "WWW-Authenticate: Basic realm="JsonRPC"[\r][\n]"
22:41:19.439 [main] DEBUG org.apache.http.wire -  << "[\r][\n]"
22:41:19.439 [main] DEBUG org.apache.http.impl.conn.DefaultClientConnection - Receiving response: HTTP/1.1 401 Unauthorized
22:41:19.439 [main] DEBUG org.apache.http.headers - << HTTP/1.1 401 Unauthorized
22:41:19.439 [main] DEBUG org.apache.http.headers - << Server: nginx
22:41:19.439 [main] DEBUG org.apache.http.headers - << Date: Wed, 26 Jul 2023 19:41:19 GMT
22:41:19.439 [main] DEBUG org.apache.http.headers - << Content-Type: application/json
22:41:19.439 [main] DEBUG org.apache.http.headers - << Transfer-Encoding: chunked
22:41:19.439 [main] DEBUG org.apache.http.headers - << Connection: keep-alive
22:41:19.439 [main] DEBUG org.apache.http.headers - << WWW-Authenticate: Basic realm="JsonRPC"
22:41:19.439 [main] DEBUG org.apache.http.impl.client.DefaultHttpClient - Connection can be kept alive indefinitely
22:41:19.439 [main] DEBUG org.apache.http.impl.client.DefaultHttpClient - Authentication required
22:41:19.439 [main] DEBUG org.apache.http.impl.client.DefaultHttpClient - localhost:81 requested authentication
22:41:19.439 [main] DEBUG org.apache.http.impl.client.TargetAuthenticationStrategy - Authentication schemes in the order of preference: [Negotiate, Kerberos, NTLM, CredSSP, Digest, Basic]
22:41:19.439 [main] DEBUG org.apache.http.impl.client.TargetAuthenticationStrategy - Challenge for Negotiate authentication scheme not available
22:41:19.439 [main] DEBUG org.apache.http.impl.client.TargetAuthenticationStrategy - Challenge for Kerberos authentication scheme not available
22:41:19.439 [main] DEBUG org.apache.http.impl.client.TargetAuthenticationStrategy - Challenge for NTLM authentication scheme not available
22:41:19.439 [main] DEBUG org.apache.http.impl.client.TargetAuthenticationStrategy - Challenge for CredSSP authentication scheme not available
22:41:19.439 [main] DEBUG org.apache.http.impl.client.TargetAuthenticationStrategy - Challenge for Digest authentication scheme not available
22:41:19.439 [main] DEBUG org.apache.http.impl.client.DefaultHttpClient - Selected authentication options: [BASIC [complete=true]]
22:41:19.439 [main] DEBUG org.apache.http.wire -  << "49[\r][\n]"
22:41:19.439 [main] DEBUG org.apache.http.wire -  << "{"jsonrpc":"2.0","error":{"code":401,"message":"Unauthorized"},"id":null}"
22:41:19.439 [main] DEBUG org.apache.http.wire -  << "[\r][\n]"
22:41:19.439 [main] DEBUG org.apache.http.wire -  << "0[\r][\n]"
22:41:19.439 [main] DEBUG org.apache.http.wire -  << "[\r][\n]"
22:41:19.439 [main] DEBUG org.apache.http.client.protocol.RequestAddCookies - CookieSpec selected: ignoreCookies
22:41:19.439 [main] DEBUG org.apache.http.client.protocol.RequestAuthCache - Auth cache not set in the context
22:41:19.439 [main] DEBUG org.apache.http.client.protocol.RequestTargetAuthentication - Target auth state: CHALLENGED
22:41:19.439 [main] DEBUG org.apache.http.client.protocol.RequestTargetAuthentication - Generating response to an authentication challenge using basic scheme
22:41:19.439 [main] DEBUG org.apache.http.client.protocol.RequestProxyAuthentication - Proxy auth state: UNCHALLENGED
22:41:19.439 [main] DEBUG org.apache.http.impl.client.DefaultHttpClient - Attempt 2 to execute request
22:41:19.439 [main] DEBUG org.apache.http.impl.conn.DefaultClientConnection - Sending request: DELETE /jsonrpc.php HTTP/1.1
22:41:19.440 [main] DEBUG org.apache.http.wire -  >> "DELETE /jsonrpc.php HTTP/1.1[\r][\n]"
22:41:19.440 [main] DEBUG org.apache.http.wire -  >> "Accept: */*[\r][\n]"
22:41:19.440 [main] DEBUG org.apache.http.wire -  >> "Content-Type: text/plain; charset=ISO-8859-1[\r][\n]"
22:41:19.440 [main] DEBUG org.apache.http.wire -  >> "Content-Length: 73[\r][\n]"
22:41:19.440 [main] DEBUG org.apache.http.wire -  >> "Host: localhost:81[\r][\n]"
22:41:19.440 [main] DEBUG org.apache.http.wire -  >> "Connection: Keep-Alive[\r][\n]"
22:41:19.440 [main] DEBUG org.apache.http.wire -  >> "User-Agent: Apache-HttpClient/4.5.13 (Java/17)[\r][\n]"
22:41:19.440 [main] DEBUG org.apache.http.wire -  >> "Authorization: Basic YWRtaW46YWRtaW4=[\r][\n]"
22:41:19.440 [main] DEBUG org.apache.http.wire -  >> "Accept-Encoding: gzip,deflate[\r][\n]"
22:41:19.440 [main] DEBUG org.apache.http.wire -  >> "[\r][\n]"
22:41:19.440 [main] DEBUG org.apache.http.headers - >> DELETE /jsonrpc.php HTTP/1.1
22:41:19.440 [main] DEBUG org.apache.http.headers - >> Accept: */*
22:41:19.440 [main] DEBUG org.apache.http.headers - >> Content-Type: text/plain; charset=ISO-8859-1
22:41:19.440 [main] DEBUG org.apache.http.headers - >> Content-Length: 73
22:41:19.440 [main] DEBUG org.apache.http.headers - >> Host: localhost:81
22:41:19.440 [main] DEBUG org.apache.http.headers - >> Connection: Keep-Alive
22:41:19.440 [main] DEBUG org.apache.http.headers - >> User-Agent: Apache-HttpClient/4.5.13 (Java/17)
22:41:19.440 [main] DEBUG org.apache.http.headers - >> Authorization: Basic YWRtaW46YWRtaW4=
22:41:19.440 [main] DEBUG org.apache.http.headers - >> Accept-Encoding: gzip,deflate
22:41:19.440 [main] DEBUG org.apache.http.wire -  >> "{"jsonrpc":"2.0","method":"removeUser","id":234,"params":{"user_id":584}}"
22:41:19.539 [main] DEBUG org.apache.http.wire -  << "HTTP/1.1 200 OK[\r][\n]"
22:41:19.539 [main] DEBUG org.apache.http.wire -  << "Server: nginx[\r][\n]"
22:41:19.539 [main] DEBUG org.apache.http.wire -  << "Date: Wed, 26 Jul 2023 19:41:19 GMT[\r][\n]"
22:41:19.539 [main] DEBUG org.apache.http.wire -  << "Content-Type: application/json[\r][\n]"
22:41:19.539 [main] DEBUG org.apache.http.wire -  << "Transfer-Encoding: chunked[\r][\n]"
22:41:19.539 [main] DEBUG org.apache.http.wire -  << "Connection: keep-alive[\r][\n]"
22:41:19.539 [main] DEBUG org.apache.http.wire -  << "Vary: Accept-Encoding[\r][\n]"
22:41:19.539 [main] DEBUG org.apache.http.wire -  << "Content-Encoding: gzip[\r][\n]"
22:41:19.539 [main] DEBUG org.apache.http.wire -  << "[\r][\n]"
22:41:19.539 [main] DEBUG org.apache.http.impl.conn.DefaultClientConnection - Receiving response: HTTP/1.1 200 OK
22:41:19.539 [main] DEBUG org.apache.http.headers - << HTTP/1.1 200 OK
22:41:19.539 [main] DEBUG org.apache.http.headers - << Server: nginx
22:41:19.539 [main] DEBUG org.apache.http.headers - << Date: Wed, 26 Jul 2023 19:41:19 GMT
22:41:19.539 [main] DEBUG org.apache.http.headers - << Content-Type: application/json
22:41:19.539 [main] DEBUG org.apache.http.headers - << Transfer-Encoding: chunked
22:41:19.539 [main] DEBUG org.apache.http.headers - << Connection: keep-alive
22:41:19.539 [main] DEBUG org.apache.http.headers - << Vary: Accept-Encoding
22:41:19.539 [main] DEBUG org.apache.http.headers - << Content-Encoding: gzip
22:41:19.539 [main] DEBUG org.apache.http.impl.client.DefaultHttpClient - Connection can be kept alive indefinitely
22:41:19.539 [main] DEBUG org.apache.http.impl.client.DefaultHttpClient - Authentication succeeded
22:41:19.539 [main] DEBUG org.apache.http.impl.client.TargetAuthenticationStrategy - Caching 'basic' auth scheme for http://localhost:81
22:41:19.539 [main] DEBUG io.restassured.internal.RestAssuredHttpBuilder - Parsing response as: application/json
22:41:19.539 [main] DEBUG org.apache.http.wire -  << "3c[\r][\n]"
22:41:19.539 [main] DEBUG org.apache.http.wire -  << "[0x1f][0x8b][0x8][0x0][0x0][0x0][0x0][0x0][0x0][0x3][0xab]V[0xca]*[0xce][0xcf]+*HV[0xb2]R2[0xd2]3P[0xd2]Q*J-.[0xcd])Q[0xb2]*)*M[0xd5]Q[0xca]LQ[0xb2]226[0xa9][0x5][0x0]q~[0x7][0xe8]([0x0][0x0][0x0]"
22:41:19.539 [main] DEBUG org.apache.http.wire -  << "[\r][\n]"
22:41:19.539 [main] DEBUG org.apache.http.wire -  << "0[\r][\n]"
22:41:19.539 [main] DEBUG org.apache.http.wire -  << "[\r][\n]"
22:41:19.539 [main] DEBUG io.restassured.internal.RestAssuredHttpBuilder - Parsed data to instance of: class org.apache.http.conn.EofSensorInputStream
22:41:19.539 [main] DEBUG org.apache.http.impl.conn.BasicClientConnectionManager - Releasing connection org.apache.http.impl.conn.ManagedClientConnectionImpl@70ccb3bf
22:41:19.539 [main] DEBUG org.apache.http.impl.conn.BasicClientConnectionManager - Connection can be kept alive indefinitely
{
    "jsonrpc": "2.0",
    "result": true,
    "id": 234
}
{
    "jsonrpc": "2.0",
    "result": true,
    "id": 234
}
Request method:	POST
Request URI:	http://localhost:81/jsonrpc.php
Proxy:			<none>
Request params:	<none>
Query params:	<none>
Form params:	<none>
Path params:	<none>
Headers:		Accept=*/*
				Content-Type=text/plain; charset=ISO-8859-1
Cookies:		<none>
Multiparts:		<none>
Body:
{"jsonrpc":"2.0","method":"createUser","id":123123,"params":{"username":"kyryloAPITestLogin","password":"kyryloAPITestPassword","name":"kyrylo","email":"kyryloAPITest@mail.com","role":"app-manager"}}
22:41:19.552 [main] DEBUG org.apache.http.impl.conn.BasicClientConnectionManager - Get connection for route {}->http://localhost:81
22:41:19.552 [main] DEBUG org.apache.http.impl.conn.DefaultClientConnectionOperator - Connecting to localhost:81
22:41:19.553 [main] DEBUG org.apache.http.client.protocol.RequestAddCookies - CookieSpec selected: ignoreCookies
22:41:19.553 [main] DEBUG org.apache.http.client.protocol.RequestAuthCache - Auth cache not set in the context
22:41:19.553 [main] DEBUG org.apache.http.client.protocol.RequestTargetAuthentication - Target auth state: UNCHALLENGED
22:41:19.553 [main] DEBUG org.apache.http.client.protocol.RequestProxyAuthentication - Proxy auth state: UNCHALLENGED
22:41:19.553 [main] DEBUG org.apache.http.impl.client.DefaultHttpClient - Attempt 1 to execute request
22:41:19.553 [main] DEBUG org.apache.http.impl.conn.DefaultClientConnection - Sending request: POST /jsonrpc.php HTTP/1.1
22:41:19.553 [main] DEBUG org.apache.http.wire -  >> "POST /jsonrpc.php HTTP/1.1[\r][\n]"
22:41:19.553 [main] DEBUG org.apache.http.wire -  >> "Accept: */*[\r][\n]"
22:41:19.553 [main] DEBUG org.apache.http.wire -  >> "Content-Type: text/plain; charset=ISO-8859-1[\r][\n]"
22:41:19.553 [main] DEBUG org.apache.http.wire -  >> "Content-Length: 199[\r][\n]"
22:41:19.553 [main] DEBUG org.apache.http.wire -  >> "Host: localhost:81[\r][\n]"
22:41:19.553 [main] DEBUG org.apache.http.wire -  >> "Connection: Keep-Alive[\r][\n]"
22:41:19.553 [main] DEBUG org.apache.http.wire -  >> "User-Agent: Apache-HttpClient/4.5.13 (Java/17)[\r][\n]"
22:41:19.553 [main] DEBUG org.apache.http.wire -  >> "Accept-Encoding: gzip,deflate[\r][\n]"
22:41:19.553 [main] DEBUG org.apache.http.wire -  >> "[\r][\n]"
22:41:19.553 [main] DEBUG org.apache.http.headers - >> POST /jsonrpc.php HTTP/1.1
22:41:19.553 [main] DEBUG org.apache.http.headers - >> Accept: */*
22:41:19.553 [main] DEBUG org.apache.http.headers - >> Content-Type: text/plain; charset=ISO-8859-1
22:41:19.553 [main] DEBUG org.apache.http.headers - >> Content-Length: 199
22:41:19.553 [main] DEBUG org.apache.http.headers - >> Host: localhost:81
22:41:19.553 [main] DEBUG org.apache.http.headers - >> Connection: Keep-Alive
22:41:19.553 [main] DEBUG org.apache.http.headers - >> User-Agent: Apache-HttpClient/4.5.13 (Java/17)
22:41:19.553 [main] DEBUG org.apache.http.headers - >> Accept-Encoding: gzip,deflate
22:41:19.553 [main] DEBUG org.apache.http.wire -  >> "{"jsonrpc":"2.0","method":"createUser","id":123123,"params":{"username":"kyryloAPITestLogin","password":"kyryloAPITestPassword","name":"kyrylo","email":"kyryloAPITest@mail.com","role":"app-manager"}}"
22:41:19.560 [main] DEBUG org.apache.http.wire -  << "HTTP/1.1 401 Unauthorized[\r][\n]"
22:41:19.560 [main] DEBUG org.apache.http.wire -  << "Server: nginx[\r][\n]"
22:41:19.560 [main] DEBUG org.apache.http.wire -  << "Date: Wed, 26 Jul 2023 19:41:19 GMT[\r][\n]"
22:41:19.560 [main] DEBUG org.apache.http.wire -  << "Content-Type: application/json[\r][\n]"
22:41:19.560 [main] DEBUG org.apache.http.wire -  << "Transfer-Encoding: chunked[\r][\n]"
22:41:19.560 [main] DEBUG org.apache.http.wire -  << "Connection: keep-alive[\r][\n]"
22:41:19.560 [main] DEBUG org.apache.http.wire -  << "WWW-Authenticate: Basic realm="JsonRPC"[\r][\n]"
22:41:19.560 [main] DEBUG org.apache.http.wire -  << "[\r][\n]"
22:41:19.560 [main] DEBUG org.apache.http.impl.conn.DefaultClientConnection - Receiving response: HTTP/1.1 401 Unauthorized
22:41:19.560 [main] DEBUG org.apache.http.headers - << HTTP/1.1 401 Unauthorized
22:41:19.560 [main] DEBUG org.apache.http.headers - << Server: nginx
22:41:19.560 [main] DEBUG org.apache.http.headers - << Date: Wed, 26 Jul 2023 19:41:19 GMT
22:41:19.560 [main] DEBUG org.apache.http.headers - << Content-Type: application/json
22:41:19.560 [main] DEBUG org.apache.http.headers - << Transfer-Encoding: chunked
22:41:19.560 [main] DEBUG org.apache.http.headers - << Connection: keep-alive
22:41:19.560 [main] DEBUG org.apache.http.headers - << WWW-Authenticate: Basic realm="JsonRPC"
22:41:19.560 [main] DEBUG org.apache.http.impl.client.DefaultHttpClient - Connection can be kept alive indefinitely
22:41:19.560 [main] DEBUG org.apache.http.impl.client.DefaultHttpClient - Authentication required
22:41:19.560 [main] DEBUG org.apache.http.impl.client.DefaultHttpClient - localhost:81 requested authentication
22:41:19.560 [main] DEBUG org.apache.http.impl.client.TargetAuthenticationStrategy - Authentication schemes in the order of preference: [Negotiate, Kerberos, NTLM, CredSSP, Digest, Basic]
22:41:19.560 [main] DEBUG org.apache.http.impl.client.TargetAuthenticationStrategy - Challenge for Negotiate authentication scheme not available
22:41:19.560 [main] DEBUG org.apache.http.impl.client.TargetAuthenticationStrategy - Challenge for Kerberos authentication scheme not available
22:41:19.560 [main] DEBUG org.apache.http.impl.client.TargetAuthenticationStrategy - Challenge for NTLM authentication scheme not available
22:41:19.560 [main] DEBUG org.apache.http.impl.client.TargetAuthenticationStrategy - Challenge for CredSSP authentication scheme not available
22:41:19.560 [main] DEBUG org.apache.http.impl.client.TargetAuthenticationStrategy - Challenge for Digest authentication scheme not available
22:41:19.560 [main] DEBUG org.apache.http.impl.client.DefaultHttpClient - Selected authentication options: [BASIC [complete=true]]
22:41:19.560 [main] DEBUG org.apache.http.wire -  << "49[\r][\n]"
22:41:19.560 [main] DEBUG org.apache.http.wire -  << "{"jsonrpc":"2.0","error":{"code":401,"message":"Unauthorized"},"id":null}"
22:41:19.560 [main] DEBUG org.apache.http.wire -  << "[\r][\n]"
22:41:19.560 [main] DEBUG org.apache.http.wire -  << "0[\r][\n]"
22:41:19.560 [main] DEBUG org.apache.http.wire -  << "[\r][\n]"
22:41:19.560 [main] DEBUG org.apache.http.client.protocol.RequestAddCookies - CookieSpec selected: ignoreCookies
22:41:19.561 [main] DEBUG org.apache.http.client.protocol.RequestAuthCache - Auth cache not set in the context
22:41:19.561 [main] DEBUG org.apache.http.client.protocol.RequestTargetAuthentication - Target auth state: CHALLENGED
22:41:19.561 [main] DEBUG org.apache.http.client.protocol.RequestTargetAuthentication - Generating response to an authentication challenge using basic scheme
22:41:19.561 [main] DEBUG org.apache.http.client.protocol.RequestProxyAuthentication - Proxy auth state: UNCHALLENGED
22:41:19.561 [main] DEBUG org.apache.http.impl.client.DefaultHttpClient - Attempt 2 to execute request
22:41:19.561 [main] DEBUG org.apache.http.impl.conn.DefaultClientConnection - Sending request: POST /jsonrpc.php HTTP/1.1
22:41:19.561 [main] DEBUG org.apache.http.wire -  >> "POST /jsonrpc.php HTTP/1.1[\r][\n]"
22:41:19.561 [main] DEBUG org.apache.http.wire -  >> "Accept: */*[\r][\n]"
22:41:19.561 [main] DEBUG org.apache.http.wire -  >> "Content-Type: text/plain; charset=ISO-8859-1[\r][\n]"
22:41:19.561 [main] DEBUG org.apache.http.wire -  >> "Content-Length: 199[\r][\n]"
22:41:19.561 [main] DEBUG org.apache.http.wire -  >> "Host: localhost:81[\r][\n]"
22:41:19.561 [main] DEBUG org.apache.http.wire -  >> "Connection: Keep-Alive[\r][\n]"
22:41:19.561 [main] DEBUG org.apache.http.wire -  >> "User-Agent: Apache-HttpClient/4.5.13 (Java/17)[\r][\n]"
22:41:19.561 [main] DEBUG org.apache.http.wire -  >> "Authorization: Basic YWRtaW46YWRtaW4=[\r][\n]"
22:41:19.561 [main] DEBUG org.apache.http.wire -  >> "Accept-Encoding: gzip,deflate[\r][\n]"
22:41:19.561 [main] DEBUG org.apache.http.wire -  >> "[\r][\n]"
22:41:19.561 [main] DEBUG org.apache.http.headers - >> POST /jsonrpc.php HTTP/1.1
22:41:19.561 [main] DEBUG org.apache.http.headers - >> Accept: */*
22:41:19.561 [main] DEBUG org.apache.http.headers - >> Content-Type: text/plain; charset=ISO-8859-1
22:41:19.561 [main] DEBUG org.apache.http.headers - >> Content-Length: 199
22:41:19.561 [main] DEBUG org.apache.http.headers - >> Host: localhost:81
22:41:19.561 [main] DEBUG org.apache.http.headers - >> Connection: Keep-Alive
22:41:19.561 [main] DEBUG org.apache.http.headers - >> User-Agent: Apache-HttpClient/4.5.13 (Java/17)
22:41:19.561 [main] DEBUG org.apache.http.headers - >> Authorization: Basic YWRtaW46YWRtaW4=
22:41:19.561 [main] DEBUG org.apache.http.headers - >> Accept-Encoding: gzip,deflate
22:41:19.561 [main] DEBUG org.apache.http.wire -  >> "{"jsonrpc":"2.0","method":"createUser","id":123123,"params":{"username":"kyryloAPITestLogin","password":"kyryloAPITestPassword","name":"kyrylo","email":"kyryloAPITest@mail.com","role":"app-manager"}}"
22:41:19.710 [main] DEBUG org.apache.http.wire -  << "HTTP/1.1 200 OK[\r][\n]"
22:41:19.710 [main] DEBUG org.apache.http.wire -  << "Server: nginx[\r][\n]"
22:41:19.710 [main] DEBUG org.apache.http.wire -  << "Date: Wed, 26 Jul 2023 19:41:19 GMT[\r][\n]"
22:41:19.710 [main] DEBUG org.apache.http.wire -  << "Content-Type: application/json[\r][\n]"
22:41:19.710 [main] DEBUG org.apache.http.wire -  << "Transfer-Encoding: chunked[\r][\n]"
22:41:19.710 [main] DEBUG org.apache.http.wire -  << "Connection: keep-alive[\r][\n]"
22:41:19.710 [main] DEBUG org.apache.http.wire -  << "Vary: Accept-Encoding[\r][\n]"
22:41:19.710 [main] DEBUG org.apache.http.wire -  << "Content-Encoding: gzip[\r][\n]"
22:41:19.710 [main] DEBUG org.apache.http.wire -  << "[\r][\n]"
22:41:19.710 [main] DEBUG org.apache.http.impl.conn.DefaultClientConnection - Receiving response: HTTP/1.1 200 OK
22:41:19.710 [main] DEBUG org.apache.http.headers - << HTTP/1.1 200 OK
22:41:19.710 [main] DEBUG org.apache.http.headers - << Server: nginx
22:41:19.710 [main] DEBUG org.apache.http.headers - << Date: Wed, 26 Jul 2023 19:41:19 GMT
22:41:19.710 [main] DEBUG org.apache.http.headers - << Content-Type: application/json
22:41:19.710 [main] DEBUG org.apache.http.headers - << Transfer-Encoding: chunked
22:41:19.710 [main] DEBUG org.apache.http.headers - << Connection: keep-alive
22:41:19.710 [main] DEBUG org.apache.http.headers - << Vary: Accept-Encoding
22:41:19.710 [main] DEBUG org.apache.http.headers - << Content-Encoding: gzip
22:41:19.710 [main] DEBUG org.apache.http.impl.client.DefaultHttpClient - Connection can be kept alive indefinitely
22:41:19.710 [main] DEBUG org.apache.http.impl.client.DefaultHttpClient - Authentication succeeded
22:41:19.710 [main] DEBUG org.apache.http.impl.client.TargetAuthenticationStrategy - Caching 'basic' auth scheme for http://localhost:81
22:41:19.710 [main] DEBUG io.restassured.internal.RestAssuredHttpBuilder - Parsing response as: application/json
22:41:19.710 [main] DEBUG org.apache.http.wire -  << "3c[\r][\n]"
22:41:19.710 [main] DEBUG org.apache.http.wire -  << "[0x1f][0x8b][0x8][0x0][0x0][0x0][0x0][0x0][0x0][0x3][0xab]V[0xca]*[0xce][0xcf]+*HV[0xb2]R2[0xd2]3P[0xd2]Q*J-.[0xcd])Q[0xb2]2[0xb5]0[0xd5]Q[0xca]LQ[0xb2]242[0x6][0xa2]Z[0x0]Ts[0xb3][0xe9]*[0x0][0x0][0x0]"
22:41:19.710 [main] DEBUG org.apache.http.wire -  << "[\r][\n]"
22:41:19.710 [main] DEBUG org.apache.http.wire -  << "0[\r][\n]"
22:41:19.710 [main] DEBUG org.apache.http.wire -  << "[\r][\n]"
22:41:19.710 [main] DEBUG io.restassured.internal.RestAssuredHttpBuilder - Parsed data to instance of: class org.apache.http.conn.EofSensorInputStream
22:41:19.711 [main] DEBUG org.apache.http.impl.conn.BasicClientConnectionManager - Releasing connection org.apache.http.impl.conn.ManagedClientConnectionImpl@7a6b214c
22:41:19.711 [main] DEBUG org.apache.http.impl.conn.BasicClientConnectionManager - Connection can be kept alive indefinitely
{
    "jsonrpc": "2.0",
    "result": 585,
    "id": 123123
}
{
    "jsonrpc": "2.0",
    "result": 585,
    "id": 123123
}
Request method:	POST
Request URI:	http://localhost:81/jsonrpc.php
Proxy:			<none>
Request params:	<none>
Query params:	<none>
Form params:	<none>
Path params:	<none>
Headers:		Accept=*/*
				Content-Type=text/plain; charset=ISO-8859-1
Cookies:		<none>
Multiparts:		<none>
Body:
{"jsonrpc":"2.0","method":"createProject","id":345,"params":{"name":"API_Project","description":"API_Project Description","owner_id":585}}
22:41:19.725 [main] DEBUG org.apache.http.impl.conn.BasicClientConnectionManager - Get connection for route {}->http://localhost:81
22:41:19.725 [main] DEBUG org.apache.http.impl.conn.DefaultClientConnectionOperator - Connecting to localhost:81
22:41:19.726 [main] DEBUG org.apache.http.client.protocol.RequestAddCookies - CookieSpec selected: ignoreCookies
22:41:19.726 [main] DEBUG org.apache.http.client.protocol.RequestAuthCache - Auth cache not set in the context
22:41:19.726 [main] DEBUG org.apache.http.client.protocol.RequestTargetAuthentication - Target auth state: UNCHALLENGED
22:41:19.726 [main] DEBUG org.apache.http.client.protocol.RequestProxyAuthentication - Proxy auth state: UNCHALLENGED
22:41:19.726 [main] DEBUG org.apache.http.impl.client.DefaultHttpClient - Attempt 1 to execute request
22:41:19.726 [main] DEBUG org.apache.http.impl.conn.DefaultClientConnection - Sending request: POST /jsonrpc.php HTTP/1.1
22:41:19.726 [main] DEBUG org.apache.http.wire -  >> "POST /jsonrpc.php HTTP/1.1[\r][\n]"
22:41:19.726 [main] DEBUG org.apache.http.wire -  >> "Accept: */*[\r][\n]"
22:41:19.726 [main] DEBUG org.apache.http.wire -  >> "Content-Type: text/plain; charset=ISO-8859-1[\r][\n]"
22:41:19.726 [main] DEBUG org.apache.http.wire -  >> "Content-Length: 138[\r][\n]"
22:41:19.726 [main] DEBUG org.apache.http.wire -  >> "Host: localhost:81[\r][\n]"
22:41:19.726 [main] DEBUG org.apache.http.wire -  >> "Connection: Keep-Alive[\r][\n]"
22:41:19.726 [main] DEBUG org.apache.http.wire -  >> "User-Agent: Apache-HttpClient/4.5.13 (Java/17)[\r][\n]"
22:41:19.726 [main] DEBUG org.apache.http.wire -  >> "Accept-Encoding: gzip,deflate[\r][\n]"
22:41:19.726 [main] DEBUG org.apache.http.wire -  >> "[\r][\n]"
22:41:19.726 [main] DEBUG org.apache.http.headers - >> POST /jsonrpc.php HTTP/1.1
22:41:19.726 [main] DEBUG org.apache.http.headers - >> Accept: */*
22:41:19.726 [main] DEBUG org.apache.http.headers - >> Content-Type: text/plain; charset=ISO-8859-1
22:41:19.726 [main] DEBUG org.apache.http.headers - >> Content-Length: 138
22:41:19.726 [main] DEBUG org.apache.http.headers - >> Host: localhost:81
22:41:19.726 [main] DEBUG org.apache.http.headers - >> Connection: Keep-Alive
22:41:19.726 [main] DEBUG org.apache.http.headers - >> User-Agent: Apache-HttpClient/4.5.13 (Java/17)
22:41:19.726 [main] DEBUG org.apache.http.headers - >> Accept-Encoding: gzip,deflate
22:41:19.726 [main] DEBUG org.apache.http.wire -  >> "{"jsonrpc":"2.0","method":"createProject","id":345,"params":{"name":"API_Project","description":"API_Project Description","owner_id":585}}"
22:41:19.733 [main] DEBUG org.apache.http.wire -  << "HTTP/1.1 401 Unauthorized[\r][\n]"
22:41:19.733 [main] DEBUG org.apache.http.wire -  << "Server: nginx[\r][\n]"
22:41:19.733 [main] DEBUG org.apache.http.wire -  << "Date: Wed, 26 Jul 2023 19:41:19 GMT[\r][\n]"
22:41:19.733 [main] DEBUG org.apache.http.wire -  << "Content-Type: application/json[\r][\n]"
22:41:19.733 [main] DEBUG org.apache.http.wire -  << "Transfer-Encoding: chunked[\r][\n]"
22:41:19.733 [main] DEBUG org.apache.http.wire -  << "Connection: keep-alive[\r][\n]"
22:41:19.733 [main] DEBUG org.apache.http.wire -  << "WWW-Authenticate: Basic realm="JsonRPC"[\r][\n]"
22:41:19.733 [main] DEBUG org.apache.http.wire -  << "[\r][\n]"
22:41:19.733 [main] DEBUG org.apache.http.impl.conn.DefaultClientConnection - Receiving response: HTTP/1.1 401 Unauthorized
22:41:19.733 [main] DEBUG org.apache.http.headers - << HTTP/1.1 401 Unauthorized
22:41:19.733 [main] DEBUG org.apache.http.headers - << Server: nginx
22:41:19.733 [main] DEBUG org.apache.http.headers - << Date: Wed, 26 Jul 2023 19:41:19 GMT
22:41:19.733 [main] DEBUG org.apache.http.headers - << Content-Type: application/json
22:41:19.733 [main] DEBUG org.apache.http.headers - << Transfer-Encoding: chunked
22:41:19.733 [main] DEBUG org.apache.http.headers - << Connection: keep-alive
22:41:19.733 [main] DEBUG org.apache.http.headers - << WWW-Authenticate: Basic realm="JsonRPC"
22:41:19.733 [main] DEBUG org.apache.http.impl.client.DefaultHttpClient - Connection can be kept alive indefinitely
22:41:19.733 [main] DEBUG org.apache.http.impl.client.DefaultHttpClient - Authentication required
22:41:19.733 [main] DEBUG org.apache.http.impl.client.DefaultHttpClient - localhost:81 requested authentication
22:41:19.733 [main] DEBUG org.apache.http.impl.client.TargetAuthenticationStrategy - Authentication schemes in the order of preference: [Negotiate, Kerberos, NTLM, CredSSP, Digest, Basic]
22:41:19.733 [main] DEBUG org.apache.http.impl.client.TargetAuthenticationStrategy - Challenge for Negotiate authentication scheme not available
22:41:19.733 [main] DEBUG org.apache.http.impl.client.TargetAuthenticationStrategy - Challenge for Kerberos authentication scheme not available
22:41:19.733 [main] DEBUG org.apache.http.impl.client.TargetAuthenticationStrategy - Challenge for NTLM authentication scheme not available
22:41:19.733 [main] DEBUG org.apache.http.impl.client.TargetAuthenticationStrategy - Challenge for CredSSP authentication scheme not available
22:41:19.733 [main] DEBUG org.apache.http.impl.client.TargetAuthenticationStrategy - Challenge for Digest authentication scheme not available
22:41:19.733 [main] DEBUG org.apache.http.impl.client.DefaultHttpClient - Selected authentication options: [BASIC [complete=true]]
22:41:19.733 [main] DEBUG org.apache.http.wire -  << "49[\r][\n]"
22:41:19.733 [main] DEBUG org.apache.http.wire -  << "{"jsonrpc":"2.0","error":{"code":401,"message":"Unauthorized"},"id":null}"
22:41:19.733 [main] DEBUG org.apache.http.wire -  << "[\r][\n]"
22:41:19.733 [main] DEBUG org.apache.http.wire -  << "0[\r][\n]"
22:41:19.733 [main] DEBUG org.apache.http.wire -  << "[\r][\n]"
22:41:19.734 [main] DEBUG org.apache.http.client.protocol.RequestAddCookies - CookieSpec selected: ignoreCookies
22:41:19.734 [main] DEBUG org.apache.http.client.protocol.RequestAuthCache - Auth cache not set in the context
22:41:19.734 [main] DEBUG org.apache.http.client.protocol.RequestTargetAuthentication - Target auth state: CHALLENGED
22:41:19.734 [main] DEBUG org.apache.http.client.protocol.RequestTargetAuthentication - Generating response to an authentication challenge using basic scheme
22:41:19.734 [main] DEBUG org.apache.http.client.protocol.RequestProxyAuthentication - Proxy auth state: UNCHALLENGED
22:41:19.734 [main] DEBUG org.apache.http.impl.client.DefaultHttpClient - Attempt 2 to execute request
22:41:19.734 [main] DEBUG org.apache.http.impl.conn.DefaultClientConnection - Sending request: POST /jsonrpc.php HTTP/1.1
22:41:19.734 [main] DEBUG org.apache.http.wire -  >> "POST /jsonrpc.php HTTP/1.1[\r][\n]"
22:41:19.734 [main] DEBUG org.apache.http.wire -  >> "Accept: */*[\r][\n]"
22:41:19.734 [main] DEBUG org.apache.http.wire -  >> "Content-Type: text/plain; charset=ISO-8859-1[\r][\n]"
22:41:19.734 [main] DEBUG org.apache.http.wire -  >> "Content-Length: 138[\r][\n]"
22:41:19.734 [main] DEBUG org.apache.http.wire -  >> "Host: localhost:81[\r][\n]"
22:41:19.734 [main] DEBUG org.apache.http.wire -  >> "Connection: Keep-Alive[\r][\n]"
22:41:19.734 [main] DEBUG org.apache.http.wire -  >> "User-Agent: Apache-HttpClient/4.5.13 (Java/17)[\r][\n]"
22:41:19.734 [main] DEBUG org.apache.http.wire -  >> "Authorization: Basic a3lyeWxvQVBJVGVzdExvZ2luOmt5cnlsb0FQSVRlc3RQYXNzd29yZA==[\r][\n]"
22:41:19.734 [main] DEBUG org.apache.http.wire -  >> "Accept-Encoding: gzip,deflate[\r][\n]"
22:41:19.734 [main] DEBUG org.apache.http.wire -  >> "[\r][\n]"
22:41:19.734 [main] DEBUG org.apache.http.headers - >> POST /jsonrpc.php HTTP/1.1
22:41:19.734 [main] DEBUG org.apache.http.headers - >> Accept: */*
22:41:19.734 [main] DEBUG org.apache.http.headers - >> Content-Type: text/plain; charset=ISO-8859-1
22:41:19.734 [main] DEBUG org.apache.http.headers - >> Content-Length: 138
22:41:19.734 [main] DEBUG org.apache.http.headers - >> Host: localhost:81
22:41:19.734 [main] DEBUG org.apache.http.headers - >> Connection: Keep-Alive
22:41:19.734 [main] DEBUG org.apache.http.headers - >> User-Agent: Apache-HttpClient/4.5.13 (Java/17)
22:41:19.734 [main] DEBUG org.apache.http.headers - >> Authorization: Basic a3lyeWxvQVBJVGVzdExvZ2luOmt5cnlsb0FQSVRlc3RQYXNzd29yZA==
22:41:19.734 [main] DEBUG org.apache.http.headers - >> Accept-Encoding: gzip,deflate
22:41:19.734 [main] DEBUG org.apache.http.wire -  >> "{"jsonrpc":"2.0","method":"createProject","id":345,"params":{"name":"API_Project","description":"API_Project Description","owner_id":585}}"
22:41:19.825 [main] DEBUG org.apache.http.wire -  << "HTTP/1.1 200 OK[\r][\n]"
22:41:19.825 [main] DEBUG org.apache.http.wire -  << "Server: nginx[\r][\n]"
22:41:19.825 [main] DEBUG org.apache.http.wire -  << "Date: Wed, 26 Jul 2023 19:41:19 GMT[\r][\n]"
22:41:19.825 [main] DEBUG org.apache.http.wire -  << "Content-Type: application/json[\r][\n]"
22:41:19.825 [main] DEBUG org.apache.http.wire -  << "Transfer-Encoding: chunked[\r][\n]"
22:41:19.825 [main] DEBUG org.apache.http.wire -  << "Connection: keep-alive[\r][\n]"
22:41:19.825 [main] DEBUG org.apache.http.wire -  << "Vary: Accept-Encoding[\r][\n]"
22:41:19.825 [main] DEBUG org.apache.http.wire -  << "Content-Encoding: gzip[\r][\n]"
22:41:19.825 [main] DEBUG org.apache.http.wire -  << "[\r][\n]"
22:41:19.825 [main] DEBUG org.apache.http.impl.conn.DefaultClientConnection - Receiving response: HTTP/1.1 200 OK
22:41:19.825 [main] DEBUG org.apache.http.headers - << HTTP/1.1 200 OK
22:41:19.825 [main] DEBUG org.apache.http.headers - << Server: nginx
22:41:19.825 [main] DEBUG org.apache.http.headers - << Date: Wed, 26 Jul 2023 19:41:19 GMT
22:41:19.825 [main] DEBUG org.apache.http.headers - << Content-Type: application/json
22:41:19.825 [main] DEBUG org.apache.http.headers - << Transfer-Encoding: chunked
22:41:19.825 [main] DEBUG org.apache.http.headers - << Connection: keep-alive
22:41:19.825 [main] DEBUG org.apache.http.headers - << Vary: Accept-Encoding
22:41:19.825 [main] DEBUG org.apache.http.headers - << Content-Encoding: gzip
22:41:19.825 [main] DEBUG org.apache.http.impl.client.DefaultHttpClient - Connection can be kept alive indefinitely
22:41:19.825 [main] DEBUG org.apache.http.impl.client.DefaultHttpClient - Authentication succeeded
22:41:19.825 [main] DEBUG org.apache.http.impl.client.TargetAuthenticationStrategy - Caching 'basic' auth scheme for http://localhost:81
22:41:19.826 [main] DEBUG io.restassured.internal.RestAssuredHttpBuilder - Parsing response as: application/json
22:41:19.826 [main] DEBUG org.apache.http.wire -  << "39[\r][\n]"
22:41:19.826 [main] DEBUG org.apache.http.wire -  << "[0x1f][0x8b][0x8][0x0][0x0][0x0][0x0][0x0][0x0][0x3][0xab]V[0xca]*[0xce][0xcf]+*HV[0xb2]R2[0xd2]3P[0xd2]Q*J-.[0xcd])Q[0xb2]2[0xb6][0xb0][0xd4]Q[0xca]L[0x1]2LLk[0x1]ma;`'[0x0][0x0][0x0]"
22:41:19.826 [main] DEBUG org.apache.http.wire -  << "[\r][\n]"
22:41:19.826 [main] DEBUG org.apache.http.wire -  << "0[\r][\n]"
22:41:19.826 [main] DEBUG org.apache.http.wire -  << "[\r][\n]"
22:41:19.826 [main] DEBUG io.restassured.internal.RestAssuredHttpBuilder - Parsed data to instance of: class org.apache.http.conn.EofSensorInputStream
22:41:19.826 [main] DEBUG org.apache.http.impl.conn.BasicClientConnectionManager - Releasing connection org.apache.http.impl.conn.ManagedClientConnectionImpl@5dd12c19
22:41:19.826 [main] DEBUG org.apache.http.impl.conn.BasicClientConnectionManager - Connection can be kept alive indefinitely
{
    "jsonrpc": "2.0",
    "result": 389,
    "id": 345
}
{
    "jsonrpc": "2.0",
    "result": 389,
    "id": 345
}
Request method:	POST
Request URI:	http://localhost:81/jsonrpc.php
Proxy:			<none>
Request params:	<none>
Query params:	<none>
Form params:	<none>
Path params:	<none>
Headers:		Accept=*/*
				Content-Type=text/plain; charset=ISO-8859-1
Cookies:		<none>
Multiparts:		<none>
Body:
{"jsonrpc":"2.0","method":"createTask","id":678,"params":{"title":"API_TASK","description":"API_DESCRIPTION","color_id":"green","owner_id":585,"column_id":54,"priority":1,"project_id":389}}
22:41:19.864 [main] DEBUG org.apache.http.impl.conn.BasicClientConnectionManager - Get connection for route {}->http://localhost:81
22:41:19.864 [main] DEBUG org.apache.http.impl.conn.DefaultClientConnectionOperator - Connecting to localhost:81
22:41:19.865 [main] DEBUG org.apache.http.client.protocol.RequestAddCookies - CookieSpec selected: ignoreCookies
22:41:19.865 [main] DEBUG org.apache.http.client.protocol.RequestAuthCache - Auth cache not set in the context
22:41:19.865 [main] DEBUG org.apache.http.client.protocol.RequestTargetAuthentication - Target auth state: UNCHALLENGED
22:41:19.865 [main] DEBUG org.apache.http.client.protocol.RequestProxyAuthentication - Proxy auth state: UNCHALLENGED
22:41:19.865 [main] DEBUG org.apache.http.impl.client.DefaultHttpClient - Attempt 1 to execute request
22:41:19.865 [main] DEBUG org.apache.http.impl.conn.DefaultClientConnection - Sending request: POST /jsonrpc.php HTTP/1.1
22:41:19.865 [main] DEBUG org.apache.http.wire -  >> "POST /jsonrpc.php HTTP/1.1[\r][\n]"
22:41:19.865 [main] DEBUG org.apache.http.wire -  >> "Accept: */*[\r][\n]"
22:41:19.865 [main] DEBUG org.apache.http.wire -  >> "Content-Type: text/plain; charset=ISO-8859-1[\r][\n]"
22:41:19.865 [main] DEBUG org.apache.http.wire -  >> "Content-Length: 189[\r][\n]"
22:41:19.865 [main] DEBUG org.apache.http.wire -  >> "Host: localhost:81[\r][\n]"
22:41:19.865 [main] DEBUG org.apache.http.wire -  >> "Connection: Keep-Alive[\r][\n]"
22:41:19.866 [main] DEBUG org.apache.http.wire -  >> "User-Agent: Apache-HttpClient/4.5.13 (Java/17)[\r][\n]"
22:41:19.866 [main] DEBUG org.apache.http.wire -  >> "Accept-Encoding: gzip,deflate[\r][\n]"
22:41:19.866 [main] DEBUG org.apache.http.wire -  >> "[\r][\n]"
22:41:19.866 [main] DEBUG org.apache.http.headers - >> POST /jsonrpc.php HTTP/1.1
22:41:19.866 [main] DEBUG org.apache.http.headers - >> Accept: */*
22:41:19.866 [main] DEBUG org.apache.http.headers - >> Content-Type: text/plain; charset=ISO-8859-1
22:41:19.866 [main] DEBUG org.apache.http.headers - >> Content-Length: 189
22:41:19.866 [main] DEBUG org.apache.http.headers - >> Host: localhost:81
22:41:19.866 [main] DEBUG org.apache.http.headers - >> Connection: Keep-Alive
22:41:19.866 [main] DEBUG org.apache.http.headers - >> User-Agent: Apache-HttpClient/4.5.13 (Java/17)
22:41:19.866 [main] DEBUG org.apache.http.headers - >> Accept-Encoding: gzip,deflate
22:41:19.866 [main] DEBUG org.apache.http.wire -  >> "{"jsonrpc":"2.0","method":"createTask","id":678,"params":{"title":"API_TASK","description":"API_DESCRIPTION","color_id":"green","owner_id":585,"column_id":54,"priority":1,"project_id":389}}"
22:41:19.875 [main] DEBUG org.apache.http.wire -  << "HTTP/1.1 401 Unauthorized[\r][\n]"
22:41:19.875 [main] DEBUG org.apache.http.wire -  << "Server: nginx[\r][\n]"
22:41:19.875 [main] DEBUG org.apache.http.wire -  << "Date: Wed, 26 Jul 2023 19:41:19 GMT[\r][\n]"
22:41:19.875 [main] DEBUG org.apache.http.wire -  << "Content-Type: application/json[\r][\n]"
22:41:19.875 [main] DEBUG org.apache.http.wire -  << "Transfer-Encoding: chunked[\r][\n]"
22:41:19.875 [main] DEBUG org.apache.http.wire -  << "Connection: keep-alive[\r][\n]"
22:41:19.875 [main] DEBUG org.apache.http.wire -  << "WWW-Authenticate: Basic realm="JsonRPC"[\r][\n]"
22:41:19.875 [main] DEBUG org.apache.http.wire -  << "[\r][\n]"
22:41:19.875 [main] DEBUG org.apache.http.impl.conn.DefaultClientConnection - Receiving response: HTTP/1.1 401 Unauthorized
22:41:19.875 [main] DEBUG org.apache.http.headers - << HTTP/1.1 401 Unauthorized
22:41:19.875 [main] DEBUG org.apache.http.headers - << Server: nginx
22:41:19.875 [main] DEBUG org.apache.http.headers - << Date: Wed, 26 Jul 2023 19:41:19 GMT
22:41:19.875 [main] DEBUG org.apache.http.headers - << Content-Type: application/json
22:41:19.875 [main] DEBUG org.apache.http.headers - << Transfer-Encoding: chunked
22:41:19.875 [main] DEBUG org.apache.http.headers - << Connection: keep-alive
22:41:19.875 [main] DEBUG org.apache.http.headers - << WWW-Authenticate: Basic realm="JsonRPC"
22:41:19.875 [main] DEBUG org.apache.http.impl.client.DefaultHttpClient - Connection can be kept alive indefinitely
22:41:19.875 [main] DEBUG org.apache.http.impl.client.DefaultHttpClient - Authentication required
22:41:19.875 [main] DEBUG org.apache.http.impl.client.DefaultHttpClient - localhost:81 requested authentication
22:41:19.875 [main] DEBUG org.apache.http.impl.client.TargetAuthenticationStrategy - Authentication schemes in the order of preference: [Negotiate, Kerberos, NTLM, CredSSP, Digest, Basic]
22:41:19.875 [main] DEBUG org.apache.http.impl.client.TargetAuthenticationStrategy - Challenge for Negotiate authentication scheme not available
22:41:19.875 [main] DEBUG org.apache.http.impl.client.TargetAuthenticationStrategy - Challenge for Kerberos authentication scheme not available
22:41:19.875 [main] DEBUG org.apache.http.impl.client.TargetAuthenticationStrategy - Challenge for NTLM authentication scheme not available
22:41:19.875 [main] DEBUG org.apache.http.impl.client.TargetAuthenticationStrategy - Challenge for CredSSP authentication scheme not available
22:41:19.876 [main] DEBUG org.apache.http.impl.client.TargetAuthenticationStrategy - Challenge for Digest authentication scheme not available
22:41:19.876 [main] DEBUG org.apache.http.impl.client.DefaultHttpClient - Selected authentication options: [BASIC [complete=true]]
22:41:19.876 [main] DEBUG org.apache.http.wire -  << "49[\r][\n]"
22:41:19.876 [main] DEBUG org.apache.http.wire -  << "{"jsonrpc":"2.0","error":{"code":401,"message":"Unauthorized"},"id":null}"
22:41:19.876 [main] DEBUG org.apache.http.wire -  << "[\r][\n]"
22:41:19.876 [main] DEBUG org.apache.http.wire -  << "0[\r][\n]"
22:41:19.876 [main] DEBUG org.apache.http.wire -  << "[\r][\n]"
22:41:19.876 [main] DEBUG org.apache.http.client.protocol.RequestAddCookies - CookieSpec selected: ignoreCookies
22:41:19.876 [main] DEBUG org.apache.http.client.protocol.RequestAuthCache - Auth cache not set in the context
22:41:19.876 [main] DEBUG org.apache.http.client.protocol.RequestTargetAuthentication - Target auth state: CHALLENGED
22:41:19.876 [main] DEBUG org.apache.http.client.protocol.RequestTargetAuthentication - Generating response to an authentication challenge using basic scheme
22:41:19.876 [main] DEBUG org.apache.http.client.protocol.RequestProxyAuthentication - Proxy auth state: UNCHALLENGED
22:41:19.876 [main] DEBUG org.apache.http.impl.client.DefaultHttpClient - Attempt 2 to execute request
22:41:19.876 [main] DEBUG org.apache.http.impl.conn.DefaultClientConnection - Sending request: POST /jsonrpc.php HTTP/1.1
22:41:19.876 [main] DEBUG org.apache.http.wire -  >> "POST /jsonrpc.php HTTP/1.1[\r][\n]"
22:41:19.876 [main] DEBUG org.apache.http.wire -  >> "Accept: */*[\r][\n]"
22:41:19.876 [main] DEBUG org.apache.http.wire -  >> "Content-Type: text/plain; charset=ISO-8859-1[\r][\n]"
22:41:19.876 [main] DEBUG org.apache.http.wire -  >> "Content-Length: 189[\r][\n]"
22:41:19.876 [main] DEBUG org.apache.http.wire -  >> "Host: localhost:81[\r][\n]"
22:41:19.876 [main] DEBUG org.apache.http.wire -  >> "Connection: Keep-Alive[\r][\n]"
22:41:19.876 [main] DEBUG org.apache.http.wire -  >> "User-Agent: Apache-HttpClient/4.5.13 (Java/17)[\r][\n]"
22:41:19.876 [main] DEBUG org.apache.http.wire -  >> "Authorization: Basic a3lyeWxvQVBJVGVzdExvZ2luOmt5cnlsb0FQSVRlc3RQYXNzd29yZA==[\r][\n]"
22:41:19.876 [main] DEBUG org.apache.http.wire -  >> "Accept-Encoding: gzip,deflate[\r][\n]"
22:41:19.876 [main] DEBUG org.apache.http.wire -  >> "[\r][\n]"
22:41:19.876 [main] DEBUG org.apache.http.headers - >> POST /jsonrpc.php HTTP/1.1
22:41:19.876 [main] DEBUG org.apache.http.headers - >> Accept: */*
22:41:19.876 [main] DEBUG org.apache.http.headers - >> Content-Type: text/plain; charset=ISO-8859-1
22:41:19.876 [main] DEBUG org.apache.http.headers - >> Content-Length: 189
22:41:19.876 [main] DEBUG org.apache.http.headers - >> Host: localhost:81
22:41:19.876 [main] DEBUG org.apache.http.headers - >> Connection: Keep-Alive
22:41:19.876 [main] DEBUG org.apache.http.headers - >> User-Agent: Apache-HttpClient/4.5.13 (Java/17)
22:41:19.876 [main] DEBUG org.apache.http.headers - >> Authorization: Basic a3lyeWxvQVBJVGVzdExvZ2luOmt5cnlsb0FQSVRlc3RQYXNzd29yZA==
22:41:19.876 [main] DEBUG org.apache.http.headers - >> Accept-Encoding: gzip,deflate
22:41:19.876 [main] DEBUG org.apache.http.wire -  >> "{"jsonrpc":"2.0","method":"createTask","id":678,"params":{"title":"API_TASK","description":"API_DESCRIPTION","color_id":"green","owner_id":585,"column_id":54,"priority":1,"project_id":389}}"
22:41:19.994 [main] DEBUG org.apache.http.wire -  << "HTTP/1.1 200 OK[\r][\n]"
22:41:19.994 [main] DEBUG org.apache.http.wire -  << "Server: nginx[\r][\n]"
22:41:19.994 [main] DEBUG org.apache.http.wire -  << "Date: Wed, 26 Jul 2023 19:41:19 GMT[\r][\n]"
22:41:19.994 [main] DEBUG org.apache.http.wire -  << "Content-Type: application/json[\r][\n]"
22:41:19.994 [main] DEBUG org.apache.http.wire -  << "Transfer-Encoding: chunked[\r][\n]"
22:41:19.994 [main] DEBUG org.apache.http.wire -  << "Connection: keep-alive[\r][\n]"
22:41:19.994 [main] DEBUG org.apache.http.wire -  << "Vary: Accept-Encoding[\r][\n]"
22:41:19.994 [main] DEBUG org.apache.http.wire -  << "Content-Encoding: gzip[\r][\n]"
22:41:19.994 [main] DEBUG org.apache.http.wire -  << "[\r][\n]"
22:41:19.994 [main] DEBUG org.apache.http.impl.conn.DefaultClientConnection - Receiving response: HTTP/1.1 200 OK
22:41:19.994 [main] DEBUG org.apache.http.headers - << HTTP/1.1 200 OK
22:41:19.994 [main] DEBUG org.apache.http.headers - << Server: nginx
22:41:19.994 [main] DEBUG org.apache.http.headers - << Date: Wed, 26 Jul 2023 19:41:19 GMT
22:41:19.994 [main] DEBUG org.apache.http.headers - << Content-Type: application/json
22:41:19.994 [main] DEBUG org.apache.http.headers - << Transfer-Encoding: chunked
22:41:19.994 [main] DEBUG org.apache.http.headers - << Connection: keep-alive
22:41:19.994 [main] DEBUG org.apache.http.headers - << Vary: Accept-Encoding
22:41:19.994 [main] DEBUG org.apache.http.headers - << Content-Encoding: gzip
22:41:19.994 [main] DEBUG org.apache.http.impl.client.DefaultHttpClient - Connection can be kept alive indefinitely
22:41:19.994 [main] DEBUG org.apache.http.impl.client.DefaultHttpClient - Authentication succeeded
22:41:19.994 [main] DEBUG org.apache.http.impl.client.TargetAuthenticationStrategy - Caching 'basic' auth scheme for http://localhost:81
22:41:19.995 [main] DEBUG io.restassured.internal.RestAssuredHttpBuilder - Parsing response as: application/json
22:41:19.996 [main] DEBUG org.apache.http.wire -  << "3b[\r][\n]"
22:41:19.996 [main] DEBUG org.apache.http.wire -  << "[0x1f][0x8b][0x8][0x0][0x0][0x0][0x0][0x0][0x0][0x3][0xab]V[0xca]*[0xce][0xcf]+*HV[0xb2]R2[0xd2]3P[0xd2]Q*J-.[0xcd])Q[0xb2]225[0xd4]Q[0xca]LQ[0xb2]23[0xb7][0xa8][0x5][0x0]eh[0xf7][0x19]'[0x0][0x0][0x0]"
22:41:19.996 [main] DEBUG org.apache.http.wire -  << "[\r][\n]"
22:41:19.996 [main] DEBUG org.apache.http.wire -  << "0[\r][\n]"
22:41:19.996 [main] DEBUG org.apache.http.wire -  << "[\r][\n]"
22:41:19.996 [main] DEBUG io.restassured.internal.RestAssuredHttpBuilder - Parsed data to instance of: class org.apache.http.conn.EofSensorInputStream
22:41:19.998 [main] DEBUG org.apache.http.impl.conn.BasicClientConnectionManager - Releasing connection org.apache.http.impl.conn.ManagedClientConnectionImpl@5039c2cf
22:41:19.998 [main] DEBUG org.apache.http.impl.conn.BasicClientConnectionManager - Connection can be kept alive indefinitely
{
    "jsonrpc": "2.0",
    "result": 251,
    "id": 678
}
{
    "jsonrpc": "2.0",
    "result": 251,
    "id": 678
}
Request method:	GET
Request URI:	http://localhost:81/jsonrpc.php
Proxy:			<none>
Request params:	<none>
Query params:	<none>
Form params:	<none>
Path params:	<none>
Headers:		Accept=*/*
				Content-Type=text/plain; charset=ISO-8859-1
Cookies:		<none>
Multiparts:		<none>
Body:
{"jsonrpc":"2.0","method":"getTask","id":789,"params":{"task_id":251}}
22:41:20.022 [main] DEBUG org.apache.http.impl.conn.BasicClientConnectionManager - Get connection for route {}->http://localhost:81
22:41:20.022 [main] DEBUG org.apache.http.impl.conn.DefaultClientConnectionOperator - Connecting to localhost:81
22:41:20.023 [main] DEBUG org.apache.http.client.protocol.RequestAddCookies - CookieSpec selected: ignoreCookies
22:41:20.023 [main] DEBUG org.apache.http.client.protocol.RequestAuthCache - Auth cache not set in the context
22:41:20.023 [main] DEBUG org.apache.http.client.protocol.RequestTargetAuthentication - Target auth state: UNCHALLENGED
22:41:20.023 [main] DEBUG org.apache.http.client.protocol.RequestProxyAuthentication - Proxy auth state: UNCHALLENGED
22:41:20.023 [main] DEBUG org.apache.http.impl.client.DefaultHttpClient - Attempt 1 to execute request
22:41:20.023 [main] DEBUG org.apache.http.impl.conn.DefaultClientConnection - Sending request: GET /jsonrpc.php HTTP/1.1
22:41:20.023 [main] DEBUG org.apache.http.wire -  >> "GET /jsonrpc.php HTTP/1.1[\r][\n]"
22:41:20.023 [main] DEBUG org.apache.http.wire -  >> "Accept: */*[\r][\n]"
22:41:20.023 [main] DEBUG org.apache.http.wire -  >> "Content-Type: text/plain; charset=ISO-8859-1[\r][\n]"
22:41:20.023 [main] DEBUG org.apache.http.wire -  >> "Content-Length: 70[\r][\n]"
22:41:20.023 [main] DEBUG org.apache.http.wire -  >> "Host: localhost:81[\r][\n]"
22:41:20.023 [main] DEBUG org.apache.http.wire -  >> "Connection: Keep-Alive[\r][\n]"
22:41:20.023 [main] DEBUG org.apache.http.wire -  >> "User-Agent: Apache-HttpClient/4.5.13 (Java/17)[\r][\n]"
22:41:20.023 [main] DEBUG org.apache.http.wire -  >> "Accept-Encoding: gzip,deflate[\r][\n]"
22:41:20.023 [main] DEBUG org.apache.http.wire -  >> "[\r][\n]"
22:41:20.023 [main] DEBUG org.apache.http.headers - >> GET /jsonrpc.php HTTP/1.1
22:41:20.023 [main] DEBUG org.apache.http.headers - >> Accept: */*
22:41:20.023 [main] DEBUG org.apache.http.headers - >> Content-Type: text/plain; charset=ISO-8859-1
22:41:20.023 [main] DEBUG org.apache.http.headers - >> Content-Length: 70
22:41:20.023 [main] DEBUG org.apache.http.headers - >> Host: localhost:81
22:41:20.023 [main] DEBUG org.apache.http.headers - >> Connection: Keep-Alive
22:41:20.023 [main] DEBUG org.apache.http.headers - >> User-Agent: Apache-HttpClient/4.5.13 (Java/17)
22:41:20.023 [main] DEBUG org.apache.http.headers - >> Accept-Encoding: gzip,deflate
22:41:20.023 [main] DEBUG org.apache.http.wire -  >> "{"jsonrpc":"2.0","method":"getTask","id":789,"params":{"task_id":251}}"
22:41:20.032 [main] DEBUG org.apache.http.wire -  << "HTTP/1.1 401 Unauthorized[\r][\n]"
22:41:20.032 [main] DEBUG org.apache.http.wire -  << "Server: nginx[\r][\n]"
22:41:20.032 [main] DEBUG org.apache.http.wire -  << "Date: Wed, 26 Jul 2023 19:41:20 GMT[\r][\n]"
22:41:20.033 [main] DEBUG org.apache.http.wire -  << "Content-Type: application/json[\r][\n]"
22:41:20.033 [main] DEBUG org.apache.http.wire -  << "Transfer-Encoding: chunked[\r][\n]"
22:41:20.033 [main] DEBUG org.apache.http.wire -  << "Connection: keep-alive[\r][\n]"
22:41:20.033 [main] DEBUG org.apache.http.wire -  << "WWW-Authenticate: Basic realm="JsonRPC"[\r][\n]"
22:41:20.033 [main] DEBUG org.apache.http.wire -  << "[\r][\n]"
22:41:20.033 [main] DEBUG org.apache.http.impl.conn.DefaultClientConnection - Receiving response: HTTP/1.1 401 Unauthorized
22:41:20.033 [main] DEBUG org.apache.http.headers - << HTTP/1.1 401 Unauthorized
22:41:20.033 [main] DEBUG org.apache.http.headers - << Server: nginx
22:41:20.033 [main] DEBUG org.apache.http.headers - << Date: Wed, 26 Jul 2023 19:41:20 GMT
22:41:20.033 [main] DEBUG org.apache.http.headers - << Content-Type: application/json
22:41:20.033 [main] DEBUG org.apache.http.headers - << Transfer-Encoding: chunked
22:41:20.033 [main] DEBUG org.apache.http.headers - << Connection: keep-alive
22:41:20.033 [main] DEBUG org.apache.http.headers - << WWW-Authenticate: Basic realm="JsonRPC"
22:41:20.033 [main] DEBUG org.apache.http.impl.client.DefaultHttpClient - Connection can be kept alive indefinitely
22:41:20.033 [main] DEBUG org.apache.http.impl.client.DefaultHttpClient - Authentication required
22:41:20.033 [main] DEBUG org.apache.http.impl.client.DefaultHttpClient - localhost:81 requested authentication
22:41:20.033 [main] DEBUG org.apache.http.impl.client.TargetAuthenticationStrategy - Authentication schemes in the order of preference: [Negotiate, Kerberos, NTLM, CredSSP, Digest, Basic]
22:41:20.033 [main] DEBUG org.apache.http.impl.client.TargetAuthenticationStrategy - Challenge for Negotiate authentication scheme not available
22:41:20.033 [main] DEBUG org.apache.http.impl.client.TargetAuthenticationStrategy - Challenge for Kerberos authentication scheme not available
22:41:20.033 [main] DEBUG org.apache.http.impl.client.TargetAuthenticationStrategy - Challenge for NTLM authentication scheme not available
22:41:20.033 [main] DEBUG org.apache.http.impl.client.TargetAuthenticationStrategy - Challenge for CredSSP authentication scheme not available
22:41:20.033 [main] DEBUG org.apache.http.impl.client.TargetAuthenticationStrategy - Challenge for Digest authentication scheme not available
22:41:20.033 [main] DEBUG org.apache.http.impl.client.DefaultHttpClient - Selected authentication options: [BASIC [complete=true]]
22:41:20.033 [main] DEBUG org.apache.http.wire -  << "49[\r][\n]"
22:41:20.033 [main] DEBUG org.apache.http.wire -  << "{"jsonrpc":"2.0","error":{"code":401,"message":"Unauthorized"},"id":null}"
22:41:20.033 [main] DEBUG org.apache.http.wire -  << "[\r][\n]"
22:41:20.033 [main] DEBUG org.apache.http.wire -  << "0[\r][\n]"
22:41:20.033 [main] DEBUG org.apache.http.wire -  << "[\r][\n]"
22:41:20.033 [main] DEBUG org.apache.http.client.protocol.RequestAddCookies - CookieSpec selected: ignoreCookies
22:41:20.033 [main] DEBUG org.apache.http.client.protocol.RequestAuthCache - Auth cache not set in the context
22:41:20.033 [main] DEBUG org.apache.http.client.protocol.RequestTargetAuthentication - Target auth state: CHALLENGED
22:41:20.033 [main] DEBUG org.apache.http.client.protocol.RequestTargetAuthentication - Generating response to an authentication challenge using basic scheme
22:41:20.033 [main] DEBUG org.apache.http.client.protocol.RequestProxyAuthentication - Proxy auth state: UNCHALLENGED
22:41:20.033 [main] DEBUG org.apache.http.impl.client.DefaultHttpClient - Attempt 2 to execute request
22:41:20.033 [main] DEBUG org.apache.http.impl.conn.DefaultClientConnection - Sending request: GET /jsonrpc.php HTTP/1.1
22:41:20.033 [main] DEBUG org.apache.http.wire -  >> "GET /jsonrpc.php HTTP/1.1[\r][\n]"
22:41:20.033 [main] DEBUG org.apache.http.wire -  >> "Accept: */*[\r][\n]"
22:41:20.033 [main] DEBUG org.apache.http.wire -  >> "Content-Type: text/plain; charset=ISO-8859-1[\r][\n]"
22:41:20.033 [main] DEBUG org.apache.http.wire -  >> "Content-Length: 70[\r][\n]"
22:41:20.033 [main] DEBUG org.apache.http.wire -  >> "Host: localhost:81[\r][\n]"
22:41:20.033 [main] DEBUG org.apache.http.wire -  >> "Connection: Keep-Alive[\r][\n]"
22:41:20.033 [main] DEBUG org.apache.http.wire -  >> "User-Agent: Apache-HttpClient/4.5.13 (Java/17)[\r][\n]"
22:41:20.033 [main] DEBUG org.apache.http.wire -  >> "Authorization: Basic a3lyeWxvQVBJVGVzdExvZ2luOmt5cnlsb0FQSVRlc3RQYXNzd29yZA==[\r][\n]"
22:41:20.033 [main] DEBUG org.apache.http.wire -  >> "Accept-Encoding: gzip,deflate[\r][\n]"
22:41:20.033 [main] DEBUG org.apache.http.wire -  >> "[\r][\n]"
22:41:20.033 [main] DEBUG org.apache.http.headers - >> GET /jsonrpc.php HTTP/1.1
22:41:20.033 [main] DEBUG org.apache.http.headers - >> Accept: */*
22:41:20.033 [main] DEBUG org.apache.http.headers - >> Content-Type: text/plain; charset=ISO-8859-1
22:41:20.033 [main] DEBUG org.apache.http.headers - >> Content-Length: 70
22:41:20.033 [main] DEBUG org.apache.http.headers - >> Host: localhost:81
22:41:20.033 [main] DEBUG org.apache.http.headers - >> Connection: Keep-Alive
22:41:20.033 [main] DEBUG org.apache.http.headers - >> User-Agent: Apache-HttpClient/4.5.13 (Java/17)
22:41:20.033 [main] DEBUG org.apache.http.headers - >> Authorization: Basic a3lyeWxvQVBJVGVzdExvZ2luOmt5cnlsb0FQSVRlc3RQYXNzd29yZA==
22:41:20.033 [main] DEBUG org.apache.http.headers - >> Accept-Encoding: gzip,deflate
22:41:20.033 [main] DEBUG org.apache.http.wire -  >> "{"jsonrpc":"2.0","method":"getTask","id":789,"params":{"task_id":251}}"
22:41:20.129 [main] DEBUG org.apache.http.wire -  << "HTTP/1.1 200 OK[\r][\n]"
22:41:20.129 [main] DEBUG org.apache.http.wire -  << "Server: nginx[\r][\n]"
22:41:20.129 [main] DEBUG org.apache.http.wire -  << "Date: Wed, 26 Jul 2023 19:41:20 GMT[\r][\n]"
22:41:20.129 [main] DEBUG org.apache.http.wire -  << "Content-Type: application/json[\r][\n]"
22:41:20.129 [main] DEBUG org.apache.http.wire -  << "Transfer-Encoding: chunked[\r][\n]"
22:41:20.129 [main] DEBUG org.apache.http.wire -  << "Connection: keep-alive[\r][\n]"
22:41:20.129 [main] DEBUG org.apache.http.wire -  << "Vary: Accept-Encoding[\r][\n]"
22:41:20.129 [main] DEBUG org.apache.http.wire -  << "Content-Encoding: gzip[\r][\n]"
22:41:20.129 [main] DEBUG org.apache.http.wire -  << "[\r][\n]"
22:41:20.129 [main] DEBUG org.apache.http.impl.conn.DefaultClientConnection - Receiving response: HTTP/1.1 200 OK
22:41:20.129 [main] DEBUG org.apache.http.headers - << HTTP/1.1 200 OK
22:41:20.129 [main] DEBUG org.apache.http.headers - << Server: nginx
22:41:20.129 [main] DEBUG org.apache.http.headers - << Date: Wed, 26 Jul 2023 19:41:20 GMT
22:41:20.129 [main] DEBUG org.apache.http.headers - << Content-Type: application/json
22:41:20.129 [main] DEBUG org.apache.http.headers - << Transfer-Encoding: chunked
22:41:20.129 [main] DEBUG org.apache.http.headers - << Connection: keep-alive
22:41:20.129 [main] DEBUG org.apache.http.headers - << Vary: Accept-Encoding
22:41:20.129 [main] DEBUG org.apache.http.headers - << Content-Encoding: gzip
22:41:20.130 [main] DEBUG org.apache.http.impl.client.DefaultHttpClient - Connection can be kept alive indefinitely
22:41:20.130 [main] DEBUG org.apache.http.impl.client.DefaultHttpClient - Authentication succeeded
22:41:20.130 [main] DEBUG org.apache.http.impl.client.TargetAuthenticationStrategy - Caching 'basic' auth scheme for http://localhost:81
22:41:20.130 [main] DEBUG io.restassured.internal.RestAssuredHttpBuilder - Parsing response as: application/json
22:41:20.130 [main] DEBUG org.apache.http.wire -  << "1b5[\r][\n]"
22:41:20.130 [main] DEBUG org.apache.http.wire -  << "[0x1f][0x8b][0x8][0x0][0x0][0x0][0x0][0x0][0x0][0x3]eR]O[0xc3]0[0xc][0xfc]+(O U[0xac][0x1d][0x1d][0xfb]xC[0x80][0xd0][0x84][0x4][0x8]x[0xaf][0xb2][0xd4][0xeb][0x2]iR9[0xce][0x0][0xa1][0xfd]w[0x9c][0xb4][0x1b][0x13][0xbc][0xb4][0xea][0xd9][0xbe][0xf3]][0xfd]-[0xde][0xbc][0xb3][0xd8])[0xb1][0x10][0xe3][0xf3]\d[0x2][0xc1][0x7]Cb[0xf1]-t-[0x16][0xe3]I[0x91][0x9][0xd2]d[0x80][0x1b][0xae][0x9e][0x96][0xd5][0xeb][0xd5][0xcb]=w[0xd5][0xe0][0x15][0xea][0x8e][0xb4][0xb3]C[0xe1][0xe6][0xf6][0xe5][0xfa]y[0xf9][0xf4][0xba]||[0x88]uIP)[0x4][0xd9]w[0x14][0x97][0xf3][0xbc][0xcc][0xf3]r:[0xdf][0x97]\[0xdb][0x19] `[0x9][0x1b][0x8c][0x19][0xd0]:[0xb0]L[0x9e][0x9][0xe5][0x8c][0xc3]*[0xea][0x8b][0x6][0x1],[0x13]v[0xe8][0xde]@Q[0x2]/fL[0xc3]=[0xa1][0xb5][0xe9]{Rf[0xc2]}X[0xe8]G&[0xb3][0x9][0xb7];[0xaf][0x7][0xe9]Lx[0xe5][0xb0]'[0xd6][0xbe][0x92][0x8a][0xf4][0x96][0xbf][0xd8][0x97][0xe2]%[0x1b][0x87]_i,[0xca][0xc6]}[0x7][0xe1][0xc4][0x92]\[0xb4][0xae][0xd6]k[0xcd][0xbd][0xff][0x9c] [0xac][0x1][0xc1][0xaa][0x98][0xcd][0xde][0xb3]'[0x89][0xc9][0x16][0xf3][0x91]n[0xa1][0xf2][0x1d]X[0x8e][0xb3]w[0x99][0x10][0xf0][0xfc]b[0xe6][0x83]w[0xff][0xa1][#-[0xfc][0x9a][0x1b][0x84][0xb7][0xb1][0xe7]8;[0x4][0x15]0IV,D[0xc1]'[0x9d]#[0x94]P7[\r][0xe0]_x[0xcd][0xae][0xdd]?4n[0xb3]F[0xd9][0xf6][0xd9][0x1c][0xb1][0xac][0xa4][0x87][0xb8][0xc2]_[0xbc][0x93][0xac]}0s4[0xa0]6[0xda][0x1c][0xec]t[0xa8][0x1d]j[0xfa]J[0x19][0xc3]'[0x1]Zi*[0xfe][0x81][][0xc7][0xd5][0xfa]([0xe][0x85][0x80]z[0x8f][0x5]4[0x1c][0xe5][0x86][0xa8][[0x8c]F[0xc6])i6[0xce][0xd3][0x88][0xa4][0x1f][0xf1]%r[0xc6][0xe9]2[0xe2]q[0xda][0xb4][0xb6][0xb8][0x1b][0xce]c%[0xd5]{[0x83].[0xd8]x3[0xd8][0xac]N[0xb][0xbe][0x91][0x93]qY[0xf2]#[0xbf]8[0xe3][0xc9][0x95][0xc3][0xa4][0x9e][0xaa][0xd3][0x88][0x8f][0xa7][0xd9]IQpq[0xb7][0xe3][0xcb][0xe0][0xc1][0xe9]l[0xbe][0xfb][0x1][0xaa][0xf]d[0xf1][0x11][0x3][0x0][0x0]"
22:41:20.130 [main] DEBUG org.apache.http.wire -  << "[\r][\n]"
22:41:20.130 [main] DEBUG org.apache.http.wire -  << "0[\r][\n]"
22:41:20.130 [main] DEBUG org.apache.http.wire -  << "[\r][\n]"
22:41:20.130 [main] DEBUG io.restassured.internal.RestAssuredHttpBuilder - Parsed data to instance of: class org.apache.http.conn.EofSensorInputStream
22:41:20.131 [main] DEBUG org.apache.http.impl.conn.BasicClientConnectionManager - Releasing connection org.apache.http.impl.conn.ManagedClientConnectionImpl@689eab53
22:41:20.131 [main] DEBUG org.apache.http.impl.conn.BasicClientConnectionManager - Connection can be kept alive indefinitely
{
    "jsonrpc": "2.0",
    "result": {
        "id": 251,
        "title": "API_TASK",
        "description": "API_DESCRIPTION",
        "date_creation": 1690400479,
        "date_completed": null,
        "date_due": 0,
        "color_id": "green",
        "project_id": 389,
        "column_id": 54,
        "owner_id": 585,
        "position": 1,
        "score": 0,
        "is_active": 1,
        "category_id": 0,
        "creator_id": 585,
        "date_modification": 1690400479,
        "reference": "",
        "date_started": 0,
        "time_spent": null,
        "time_estimated": null,
        "swimlane_id": 389,
        "date_moved": 1690400479,
        "recurrence_status": 0,
        "recurrence_trigger": 0,
        "recurrence_factor": 0,
        "recurrence_timeframe": 0,
        "recurrence_basedate": 0,
        "recurrence_parent": null,
        "recurrence_child": null,
        "priority": 1,
        "external_provider": null,
        "external_uri": null,
        "url": "http://localhost/task/251",
        "color": {
            "name": "Green",
            "background": "rgb(189, 244, 203)",
            "border": "rgb(74, 227, 113)"
        }
    },
    "id": 789
}
{
    "jsonrpc": "2.0",
    "result": {
        "id": 251,
        "title": "API_TASK",
        "description": "API_DESCRIPTION",
        "date_creation": 1690400479,
        "date_completed": null,
        "date_due": 0,
        "color_id": "green",
        "project_id": 389,
        "column_id": 54,
        "owner_id": 585,
        "position": 1,
        "score": 0,
        "is_active": 1,
        "category_id": 0,
        "creator_id": 585,
        "date_modification": 1690400479,
        "reference": "",
        "date_started": 0,
        "time_spent": null,
        "time_estimated": null,
        "swimlane_id": 389,
        "date_moved": 1690400479,
        "recurrence_status": 0,
        "recurrence_trigger": 0,
        "recurrence_factor": 0,
        "recurrence_timeframe": 0,
        "recurrence_basedate": 0,
        "recurrence_parent": null,
        "recurrence_child": null,
        "priority": 1,
        "external_provider": null,
        "external_uri": null,
        "url": "http://localhost/task/251",
        "color": {
            "name": "Green",
            "background": "rgb(189, 244, 203)",
            "border": "rgb(74, 227, 113)"
        }
    },
    "id": 789
}
]]></system-out>
  </testcase>
  <testcase name="deleteTaskValid" classname="API.tests.TaskTest" time="0.388">
    <system-out><![CDATA[Request method:	DELETE
Request URI:	http://localhost:81/jsonrpc.php
Proxy:			<none>
Request params:	<none>
Query params:	<none>
Form params:	<none>
Path params:	<none>
Headers:		Accept=*/*
				Content-Type=text/plain; charset=ISO-8859-1
Cookies:		<none>
Multiparts:		<none>
Body:
{"jsonrpc":"2.0","method":"removeUser","id":234,"params":{"user_id":585}}
22:41:20.154 [main] DEBUG org.apache.http.impl.conn.BasicClientConnectionManager - Get connection for route {}->http://localhost:81
22:41:20.154 [main] DEBUG org.apache.http.impl.conn.DefaultClientConnectionOperator - Connecting to localhost:81
22:41:20.155 [main] DEBUG org.apache.http.client.protocol.RequestAddCookies - CookieSpec selected: ignoreCookies
22:41:20.155 [main] DEBUG org.apache.http.client.protocol.RequestAuthCache - Auth cache not set in the context
22:41:20.155 [main] DEBUG org.apache.http.client.protocol.RequestTargetAuthentication - Target auth state: UNCHALLENGED
22:41:20.155 [main] DEBUG org.apache.http.client.protocol.RequestProxyAuthentication - Proxy auth state: UNCHALLENGED
22:41:20.155 [main] DEBUG org.apache.http.impl.client.DefaultHttpClient - Attempt 1 to execute request
22:41:20.155 [main] DEBUG org.apache.http.impl.conn.DefaultClientConnection - Sending request: DELETE /jsonrpc.php HTTP/1.1
22:41:20.155 [main] DEBUG org.apache.http.wire -  >> "DELETE /jsonrpc.php HTTP/1.1[\r][\n]"
22:41:20.155 [main] DEBUG org.apache.http.wire -  >> "Accept: */*[\r][\n]"
22:41:20.155 [main] DEBUG org.apache.http.wire -  >> "Content-Type: text/plain; charset=ISO-8859-1[\r][\n]"
22:41:20.155 [main] DEBUG org.apache.http.wire -  >> "Content-Length: 73[\r][\n]"
22:41:20.155 [main] DEBUG org.apache.http.wire -  >> "Host: localhost:81[\r][\n]"
22:41:20.155 [main] DEBUG org.apache.http.wire -  >> "Connection: Keep-Alive[\r][\n]"
22:41:20.155 [main] DEBUG org.apache.http.wire -  >> "User-Agent: Apache-HttpClient/4.5.13 (Java/17)[\r][\n]"
22:41:20.155 [main] DEBUG org.apache.http.wire -  >> "Accept-Encoding: gzip,deflate[\r][\n]"
22:41:20.155 [main] DEBUG org.apache.http.wire -  >> "[\r][\n]"
22:41:20.155 [main] DEBUG org.apache.http.headers - >> DELETE /jsonrpc.php HTTP/1.1
22:41:20.155 [main] DEBUG org.apache.http.headers - >> Accept: */*
22:41:20.155 [main] DEBUG org.apache.http.headers - >> Content-Type: text/plain; charset=ISO-8859-1
22:41:20.155 [main] DEBUG org.apache.http.headers - >> Content-Length: 73
22:41:20.155 [main] DEBUG org.apache.http.headers - >> Host: localhost:81
22:41:20.155 [main] DEBUG org.apache.http.headers - >> Connection: Keep-Alive
22:41:20.155 [main] DEBUG org.apache.http.headers - >> User-Agent: Apache-HttpClient/4.5.13 (Java/17)
22:41:20.155 [main] DEBUG org.apache.http.headers - >> Accept-Encoding: gzip,deflate
22:41:20.156 [main] DEBUG org.apache.http.wire -  >> "{"jsonrpc":"2.0","method":"removeUser","id":234,"params":{"user_id":585}}"
22:41:20.163 [main] DEBUG org.apache.http.wire -  << "HTTP/1.1 401 Unauthorized[\r][\n]"
22:41:20.163 [main] DEBUG org.apache.http.wire -  << "Server: nginx[\r][\n]"
22:41:20.163 [main] DEBUG org.apache.http.wire -  << "Date: Wed, 26 Jul 2023 19:41:20 GMT[\r][\n]"
22:41:20.163 [main] DEBUG org.apache.http.wire -  << "Content-Type: application/json[\r][\n]"
22:41:20.163 [main] DEBUG org.apache.http.wire -  << "Transfer-Encoding: chunked[\r][\n]"
22:41:20.163 [main] DEBUG org.apache.http.wire -  << "Connection: keep-alive[\r][\n]"
22:41:20.163 [main] DEBUG org.apache.http.wire -  << "WWW-Authenticate: Basic realm="JsonRPC"[\r][\n]"
22:41:20.163 [main] DEBUG org.apache.http.wire -  << "[\r][\n]"
22:41:20.163 [main] DEBUG org.apache.http.impl.conn.DefaultClientConnection - Receiving response: HTTP/1.1 401 Unauthorized
22:41:20.163 [main] DEBUG org.apache.http.headers - << HTTP/1.1 401 Unauthorized
22:41:20.163 [main] DEBUG org.apache.http.headers - << Server: nginx
22:41:20.163 [main] DEBUG org.apache.http.headers - << Date: Wed, 26 Jul 2023 19:41:20 GMT
22:41:20.163 [main] DEBUG org.apache.http.headers - << Content-Type: application/json
22:41:20.163 [main] DEBUG org.apache.http.headers - << Transfer-Encoding: chunked
22:41:20.163 [main] DEBUG org.apache.http.headers - << Connection: keep-alive
22:41:20.163 [main] DEBUG org.apache.http.headers - << WWW-Authenticate: Basic realm="JsonRPC"
22:41:20.163 [main] DEBUG org.apache.http.impl.client.DefaultHttpClient - Connection can be kept alive indefinitely
22:41:20.163 [main] DEBUG org.apache.http.impl.client.DefaultHttpClient - Authentication required
22:41:20.163 [main] DEBUG org.apache.http.impl.client.DefaultHttpClient - localhost:81 requested authentication
22:41:20.163 [main] DEBUG org.apache.http.impl.client.TargetAuthenticationStrategy - Authentication schemes in the order of preference: [Negotiate, Kerberos, NTLM, CredSSP, Digest, Basic]
22:41:20.163 [main] DEBUG org.apache.http.impl.client.TargetAuthenticationStrategy - Challenge for Negotiate authentication scheme not available
22:41:20.163 [main] DEBUG org.apache.http.impl.client.TargetAuthenticationStrategy - Challenge for Kerberos authentication scheme not available
22:41:20.163 [main] DEBUG org.apache.http.impl.client.TargetAuthenticationStrategy - Challenge for NTLM authentication scheme not available
22:41:20.163 [main] DEBUG org.apache.http.impl.client.TargetAuthenticationStrategy - Challenge for CredSSP authentication scheme not available
22:41:20.163 [main] DEBUG org.apache.http.impl.client.TargetAuthenticationStrategy - Challenge for Digest authentication scheme not available
22:41:20.163 [main] DEBUG org.apache.http.impl.client.DefaultHttpClient - Selected authentication options: [BASIC [complete=true]]
22:41:20.163 [main] DEBUG org.apache.http.wire -  << "49[\r][\n]"
22:41:20.163 [main] DEBUG org.apache.http.wire -  << "{"jsonrpc":"2.0","error":{"code":401,"message":"Unauthorized"},"id":null}"
22:41:20.163 [main] DEBUG org.apache.http.wire -  << "[\r][\n]"
22:41:20.163 [main] DEBUG org.apache.http.wire -  << "0[\r][\n]"
22:41:20.163 [main] DEBUG org.apache.http.wire -  << "[\r][\n]"
22:41:20.163 [main] DEBUG org.apache.http.client.protocol.RequestAddCookies - CookieSpec selected: ignoreCookies
22:41:20.163 [main] DEBUG org.apache.http.client.protocol.RequestAuthCache - Auth cache not set in the context
22:41:20.163 [main] DEBUG org.apache.http.client.protocol.RequestTargetAuthentication - Target auth state: CHALLENGED
22:41:20.163 [main] DEBUG org.apache.http.client.protocol.RequestTargetAuthentication - Generating response to an authentication challenge using basic scheme
22:41:20.163 [main] DEBUG org.apache.http.client.protocol.RequestProxyAuthentication - Proxy auth state: UNCHALLENGED
22:41:20.163 [main] DEBUG org.apache.http.impl.client.DefaultHttpClient - Attempt 2 to execute request
22:41:20.163 [main] DEBUG org.apache.http.impl.conn.DefaultClientConnection - Sending request: DELETE /jsonrpc.php HTTP/1.1
22:41:20.163 [main] DEBUG org.apache.http.wire -  >> "DELETE /jsonrpc.php HTTP/1.1[\r][\n]"
22:41:20.163 [main] DEBUG org.apache.http.wire -  >> "Accept: */*[\r][\n]"
22:41:20.163 [main] DEBUG org.apache.http.wire -  >> "Content-Type: text/plain; charset=ISO-8859-1[\r][\n]"
22:41:20.163 [main] DEBUG org.apache.http.wire -  >> "Content-Length: 73[\r][\n]"
22:41:20.163 [main] DEBUG org.apache.http.wire -  >> "Host: localhost:81[\r][\n]"
22:41:20.163 [main] DEBUG org.apache.http.wire -  >> "Connection: Keep-Alive[\r][\n]"
22:41:20.163 [main] DEBUG org.apache.http.wire -  >> "User-Agent: Apache-HttpClient/4.5.13 (Java/17)[\r][\n]"
22:41:20.163 [main] DEBUG org.apache.http.wire -  >> "Authorization: Basic YWRtaW46YWRtaW4=[\r][\n]"
22:41:20.163 [main] DEBUG org.apache.http.wire -  >> "Accept-Encoding: gzip,deflate[\r][\n]"
22:41:20.163 [main] DEBUG org.apache.http.wire -  >> "[\r][\n]"
22:41:20.163 [main] DEBUG org.apache.http.headers - >> DELETE /jsonrpc.php HTTP/1.1
22:41:20.163 [main] DEBUG org.apache.http.headers - >> Accept: */*
22:41:20.164 [main] DEBUG org.apache.http.headers - >> Content-Type: text/plain; charset=ISO-8859-1
22:41:20.164 [main] DEBUG org.apache.http.headers - >> Content-Length: 73
22:41:20.164 [main] DEBUG org.apache.http.headers - >> Host: localhost:81
22:41:20.164 [main] DEBUG org.apache.http.headers - >> Connection: Keep-Alive
22:41:20.164 [main] DEBUG org.apache.http.headers - >> User-Agent: Apache-HttpClient/4.5.13 (Java/17)
22:41:20.164 [main] DEBUG org.apache.http.headers - >> Authorization: Basic YWRtaW46YWRtaW4=
22:41:20.164 [main] DEBUG org.apache.http.headers - >> Accept-Encoding: gzip,deflate
22:41:20.164 [main] DEBUG org.apache.http.wire -  >> "{"jsonrpc":"2.0","method":"removeUser","id":234,"params":{"user_id":585}}"
22:41:20.263 [main] DEBUG org.apache.http.wire -  << "HTTP/1.1 200 OK[\r][\n]"
22:41:20.263 [main] DEBUG org.apache.http.wire -  << "Server: nginx[\r][\n]"
22:41:20.263 [main] DEBUG org.apache.http.wire -  << "Date: Wed, 26 Jul 2023 19:41:20 GMT[\r][\n]"
22:41:20.263 [main] DEBUG org.apache.http.wire -  << "Content-Type: application/json[\r][\n]"
22:41:20.263 [main] DEBUG org.apache.http.wire -  << "Transfer-Encoding: chunked[\r][\n]"
22:41:20.263 [main] DEBUG org.apache.http.wire -  << "Connection: keep-alive[\r][\n]"
22:41:20.263 [main] DEBUG org.apache.http.wire -  << "Vary: Accept-Encoding[\r][\n]"
22:41:20.263 [main] DEBUG org.apache.http.wire -  << "Content-Encoding: gzip[\r][\n]"
22:41:20.263 [main] DEBUG org.apache.http.wire -  << "[\r][\n]"
22:41:20.263 [main] DEBUG org.apache.http.impl.conn.DefaultClientConnection - Receiving response: HTTP/1.1 200 OK
22:41:20.263 [main] DEBUG org.apache.http.headers - << HTTP/1.1 200 OK
22:41:20.263 [main] DEBUG org.apache.http.headers - << Server: nginx
22:41:20.263 [main] DEBUG org.apache.http.headers - << Date: Wed, 26 Jul 2023 19:41:20 GMT
22:41:20.263 [main] DEBUG org.apache.http.headers - << Content-Type: application/json
22:41:20.263 [main] DEBUG org.apache.http.headers - << Transfer-Encoding: chunked
22:41:20.263 [main] DEBUG org.apache.http.headers - << Connection: keep-alive
22:41:20.263 [main] DEBUG org.apache.http.headers - << Vary: Accept-Encoding
22:41:20.263 [main] DEBUG org.apache.http.headers - << Content-Encoding: gzip
22:41:20.263 [main] DEBUG org.apache.http.impl.client.DefaultHttpClient - Connection can be kept alive indefinitely
22:41:20.263 [main] DEBUG org.apache.http.impl.client.DefaultHttpClient - Authentication succeeded
22:41:20.263 [main] DEBUG org.apache.http.impl.client.TargetAuthenticationStrategy - Caching 'basic' auth scheme for http://localhost:81
22:41:20.263 [main] DEBUG io.restassured.internal.RestAssuredHttpBuilder - Parsing response as: application/json
22:41:20.263 [main] DEBUG org.apache.http.wire -  << "3c[\r][\n]"
22:41:20.264 [main] DEBUG org.apache.http.wire -  << "[0x1f][0x8b][0x8][0x0][0x0][0x0][0x0][0x0][0x0][0x3][0xab]V[0xca]*[0xce][0xcf]+*HV[0xb2]R2[0xd2]3P[0xd2]Q*J-.[0xcd])Q[0xb2]*)*M[0xd5]Q[0xca]LQ[0xb2]226[0xa9][0x5][0x0]q~[0x7][0xe8]([0x0][0x0][0x0]"
22:41:20.264 [main] DEBUG org.apache.http.wire -  << "[\r][\n]"
22:41:20.264 [main] DEBUG org.apache.http.wire -  << "0[\r][\n]"
22:41:20.264 [main] DEBUG org.apache.http.wire -  << "[\r][\n]"
22:41:20.264 [main] DEBUG io.restassured.internal.RestAssuredHttpBuilder - Parsed data to instance of: class org.apache.http.conn.EofSensorInputStream
22:41:20.264 [main] DEBUG org.apache.http.impl.conn.BasicClientConnectionManager - Releasing connection org.apache.http.impl.conn.ManagedClientConnectionImpl@5ed88e31
22:41:20.264 [main] DEBUG org.apache.http.impl.conn.BasicClientConnectionManager - Connection can be kept alive indefinitely
{
    "jsonrpc": "2.0",
    "result": true,
    "id": 234
}
{
    "jsonrpc": "2.0",
    "result": true,
    "id": 234
}
Request method:	POST
Request URI:	http://localhost:81/jsonrpc.php
Proxy:			<none>
Request params:	<none>
Query params:	<none>
Form params:	<none>
Path params:	<none>
Headers:		Accept=*/*
				Content-Type=text/plain; charset=ISO-8859-1
Cookies:		<none>
Multiparts:		<none>
Body:
{"jsonrpc":"2.0","method":"createUser","id":123123,"params":{"username":"kyryloAPITestLogin","password":"kyryloAPITestPassword","name":"kyrylo","email":"kyryloAPITest@mail.com","role":"app-manager"}}
22:41:20.276 [main] DEBUG org.apache.http.impl.conn.BasicClientConnectionManager - Get connection for route {}->http://localhost:81
22:41:20.276 [main] DEBUG org.apache.http.impl.conn.DefaultClientConnectionOperator - Connecting to localhost:81
22:41:20.278 [main] DEBUG org.apache.http.client.protocol.RequestAddCookies - CookieSpec selected: ignoreCookies
22:41:20.278 [main] DEBUG org.apache.http.client.protocol.RequestAuthCache - Auth cache not set in the context
22:41:20.278 [main] DEBUG org.apache.http.client.protocol.RequestTargetAuthentication - Target auth state: UNCHALLENGED
22:41:20.278 [main] DEBUG org.apache.http.client.protocol.RequestProxyAuthentication - Proxy auth state: UNCHALLENGED
22:41:20.278 [main] DEBUG org.apache.http.impl.client.DefaultHttpClient - Attempt 1 to execute request
22:41:20.278 [main] DEBUG org.apache.http.impl.conn.DefaultClientConnection - Sending request: POST /jsonrpc.php HTTP/1.1
22:41:20.278 [main] DEBUG org.apache.http.wire -  >> "POST /jsonrpc.php HTTP/1.1[\r][\n]"
22:41:20.278 [main] DEBUG org.apache.http.wire -  >> "Accept: */*[\r][\n]"
22:41:20.278 [main] DEBUG org.apache.http.wire -  >> "Content-Type: text/plain; charset=ISO-8859-1[\r][\n]"
22:41:20.278 [main] DEBUG org.apache.http.wire -  >> "Content-Length: 199[\r][\n]"
22:41:20.278 [main] DEBUG org.apache.http.wire -  >> "Host: localhost:81[\r][\n]"
22:41:20.278 [main] DEBUG org.apache.http.wire -  >> "Connection: Keep-Alive[\r][\n]"
22:41:20.278 [main] DEBUG org.apache.http.wire -  >> "User-Agent: Apache-HttpClient/4.5.13 (Java/17)[\r][\n]"
22:41:20.278 [main] DEBUG org.apache.http.wire -  >> "Accept-Encoding: gzip,deflate[\r][\n]"
22:41:20.278 [main] DEBUG org.apache.http.wire -  >> "[\r][\n]"
22:41:20.278 [main] DEBUG org.apache.http.headers - >> POST /jsonrpc.php HTTP/1.1
22:41:20.278 [main] DEBUG org.apache.http.headers - >> Accept: */*
22:41:20.278 [main] DEBUG org.apache.http.headers - >> Content-Type: text/plain; charset=ISO-8859-1
22:41:20.278 [main] DEBUG org.apache.http.headers - >> Content-Length: 199
22:41:20.278 [main] DEBUG org.apache.http.headers - >> Host: localhost:81
22:41:20.278 [main] DEBUG org.apache.http.headers - >> Connection: Keep-Alive
22:41:20.278 [main] DEBUG org.apache.http.headers - >> User-Agent: Apache-HttpClient/4.5.13 (Java/17)
22:41:20.278 [main] DEBUG org.apache.http.headers - >> Accept-Encoding: gzip,deflate
22:41:20.278 [main] DEBUG org.apache.http.wire -  >> "{"jsonrpc":"2.0","method":"createUser","id":123123,"params":{"username":"kyryloAPITestLogin","password":"kyryloAPITestPassword","name":"kyrylo","email":"kyryloAPITest@mail.com","role":"app-manager"}}"
22:41:20.285 [main] DEBUG org.apache.http.wire -  << "HTTP/1.1 401 Unauthorized[\r][\n]"
22:41:20.285 [main] DEBUG org.apache.http.wire -  << "Server: nginx[\r][\n]"
22:41:20.285 [main] DEBUG org.apache.http.wire -  << "Date: Wed, 26 Jul 2023 19:41:20 GMT[\r][\n]"
22:41:20.285 [main] DEBUG org.apache.http.wire -  << "Content-Type: application/json[\r][\n]"
22:41:20.285 [main] DEBUG org.apache.http.wire -  << "Transfer-Encoding: chunked[\r][\n]"
22:41:20.285 [main] DEBUG org.apache.http.wire -  << "Connection: keep-alive[\r][\n]"
22:41:20.285 [main] DEBUG org.apache.http.wire -  << "WWW-Authenticate: Basic realm="JsonRPC"[\r][\n]"
22:41:20.285 [main] DEBUG org.apache.http.wire -  << "[\r][\n]"
22:41:20.286 [main] DEBUG org.apache.http.impl.conn.DefaultClientConnection - Receiving response: HTTP/1.1 401 Unauthorized
22:41:20.286 [main] DEBUG org.apache.http.headers - << HTTP/1.1 401 Unauthorized
22:41:20.286 [main] DEBUG org.apache.http.headers - << Server: nginx
22:41:20.286 [main] DEBUG org.apache.http.headers - << Date: Wed, 26 Jul 2023 19:41:20 GMT
22:41:20.286 [main] DEBUG org.apache.http.headers - << Content-Type: application/json
22:41:20.286 [main] DEBUG org.apache.http.headers - << Transfer-Encoding: chunked
22:41:20.286 [main] DEBUG org.apache.http.headers - << Connection: keep-alive
22:41:20.286 [main] DEBUG org.apache.http.headers - << WWW-Authenticate: Basic realm="JsonRPC"
22:41:20.286 [main] DEBUG org.apache.http.impl.client.DefaultHttpClient - Connection can be kept alive indefinitely
22:41:20.286 [main] DEBUG org.apache.http.impl.client.DefaultHttpClient - Authentication required
22:41:20.286 [main] DEBUG org.apache.http.impl.client.DefaultHttpClient - localhost:81 requested authentication
22:41:20.286 [main] DEBUG org.apache.http.impl.client.TargetAuthenticationStrategy - Authentication schemes in the order of preference: [Negotiate, Kerberos, NTLM, CredSSP, Digest, Basic]
22:41:20.286 [main] DEBUG org.apache.http.impl.client.TargetAuthenticationStrategy - Challenge for Negotiate authentication scheme not available
22:41:20.286 [main] DEBUG org.apache.http.impl.client.TargetAuthenticationStrategy - Challenge for Kerberos authentication scheme not available
22:41:20.286 [main] DEBUG org.apache.http.impl.client.TargetAuthenticationStrategy - Challenge for NTLM authentication scheme not available
22:41:20.286 [main] DEBUG org.apache.http.impl.client.TargetAuthenticationStrategy - Challenge for CredSSP authentication scheme not available
22:41:20.286 [main] DEBUG org.apache.http.impl.client.TargetAuthenticationStrategy - Challenge for Digest authentication scheme not available
22:41:20.286 [main] DEBUG org.apache.http.impl.client.DefaultHttpClient - Selected authentication options: [BASIC [complete=true]]
22:41:20.286 [main] DEBUG org.apache.http.wire -  << "49[\r][\n]"
22:41:20.286 [main] DEBUG org.apache.http.wire -  << "{"jsonrpc":"2.0","error":{"code":401,"message":"Unauthorized"},"id":null}"
22:41:20.286 [main] DEBUG org.apache.http.wire -  << "[\r][\n]"
22:41:20.286 [main] DEBUG org.apache.http.wire -  << "0[\r][\n]"
22:41:20.286 [main] DEBUG org.apache.http.wire -  << "[\r][\n]"
22:41:20.286 [main] DEBUG org.apache.http.client.protocol.RequestAddCookies - CookieSpec selected: ignoreCookies
22:41:20.286 [main] DEBUG org.apache.http.client.protocol.RequestAuthCache - Auth cache not set in the context
22:41:20.286 [main] DEBUG org.apache.http.client.protocol.RequestTargetAuthentication - Target auth state: CHALLENGED
22:41:20.286 [main] DEBUG org.apache.http.client.protocol.RequestTargetAuthentication - Generating response to an authentication challenge using basic scheme
22:41:20.286 [main] DEBUG org.apache.http.client.protocol.RequestProxyAuthentication - Proxy auth state: UNCHALLENGED
22:41:20.286 [main] DEBUG org.apache.http.impl.client.DefaultHttpClient - Attempt 2 to execute request
22:41:20.286 [main] DEBUG org.apache.http.impl.conn.DefaultClientConnection - Sending request: POST /jsonrpc.php HTTP/1.1
22:41:20.286 [main] DEBUG org.apache.http.wire -  >> "POST /jsonrpc.php HTTP/1.1[\r][\n]"
22:41:20.286 [main] DEBUG org.apache.http.wire -  >> "Accept: */*[\r][\n]"
22:41:20.286 [main] DEBUG org.apache.http.wire -  >> "Content-Type: text/plain; charset=ISO-8859-1[\r][\n]"
22:41:20.286 [main] DEBUG org.apache.http.wire -  >> "Content-Length: 199[\r][\n]"
22:41:20.286 [main] DEBUG org.apache.http.wire -  >> "Host: localhost:81[\r][\n]"
22:41:20.286 [main] DEBUG org.apache.http.wire -  >> "Connection: Keep-Alive[\r][\n]"
22:41:20.286 [main] DEBUG org.apache.http.wire -  >> "User-Agent: Apache-HttpClient/4.5.13 (Java/17)[\r][\n]"
22:41:20.286 [main] DEBUG org.apache.http.wire -  >> "Authorization: Basic YWRtaW46YWRtaW4=[\r][\n]"
22:41:20.286 [main] DEBUG org.apache.http.wire -  >> "Accept-Encoding: gzip,deflate[\r][\n]"
22:41:20.286 [main] DEBUG org.apache.http.wire -  >> "[\r][\n]"
22:41:20.286 [main] DEBUG org.apache.http.headers - >> POST /jsonrpc.php HTTP/1.1
22:41:20.286 [main] DEBUG org.apache.http.headers - >> Accept: */*
22:41:20.286 [main] DEBUG org.apache.http.headers - >> Content-Type: text/plain; charset=ISO-8859-1
22:41:20.286 [main] DEBUG org.apache.http.headers - >> Content-Length: 199
22:41:20.286 [main] DEBUG org.apache.http.headers - >> Host: localhost:81
22:41:20.286 [main] DEBUG org.apache.http.headers - >> Connection: Keep-Alive
22:41:20.286 [main] DEBUG org.apache.http.headers - >> User-Agent: Apache-HttpClient/4.5.13 (Java/17)
22:41:20.286 [main] DEBUG org.apache.http.headers - >> Authorization: Basic YWRtaW46YWRtaW4=
22:41:20.286 [main] DEBUG org.apache.http.headers - >> Accept-Encoding: gzip,deflate
22:41:20.286 [main] DEBUG org.apache.http.wire -  >> "{"jsonrpc":"2.0","method":"createUser","id":123123,"params":{"username":"kyryloAPITestLogin","password":"kyryloAPITestPassword","name":"kyrylo","email":"kyryloAPITest@mail.com","role":"app-manager"}}"
22:41:20.445 [main] DEBUG org.apache.http.wire -  << "HTTP/1.1 200 OK[\r][\n]"
22:41:20.445 [main] DEBUG org.apache.http.wire -  << "Server: nginx[\r][\n]"
22:41:20.445 [main] DEBUG org.apache.http.wire -  << "Date: Wed, 26 Jul 2023 19:41:20 GMT[\r][\n]"
22:41:20.445 [main] DEBUG org.apache.http.wire -  << "Content-Type: application/json[\r][\n]"
22:41:20.445 [main] DEBUG org.apache.http.wire -  << "Transfer-Encoding: chunked[\r][\n]"
22:41:20.445 [main] DEBUG org.apache.http.wire -  << "Connection: keep-alive[\r][\n]"
22:41:20.445 [main] DEBUG org.apache.http.wire -  << "Vary: Accept-Encoding[\r][\n]"
22:41:20.445 [main] DEBUG org.apache.http.wire -  << "Content-Encoding: gzip[\r][\n]"
22:41:20.445 [main] DEBUG org.apache.http.wire -  << "[\r][\n]"
22:41:20.445 [main] DEBUG org.apache.http.impl.conn.DefaultClientConnection - Receiving response: HTTP/1.1 200 OK
22:41:20.445 [main] DEBUG org.apache.http.headers - << HTTP/1.1 200 OK
22:41:20.445 [main] DEBUG org.apache.http.headers - << Server: nginx
22:41:20.445 [main] DEBUG org.apache.http.headers - << Date: Wed, 26 Jul 2023 19:41:20 GMT
22:41:20.445 [main] DEBUG org.apache.http.headers - << Content-Type: application/json
22:41:20.445 [main] DEBUG org.apache.http.headers - << Transfer-Encoding: chunked
22:41:20.445 [main] DEBUG org.apache.http.headers - << Connection: keep-alive
22:41:20.445 [main] DEBUG org.apache.http.headers - << Vary: Accept-Encoding
22:41:20.445 [main] DEBUG org.apache.http.headers - << Content-Encoding: gzip
22:41:20.446 [main] DEBUG org.apache.http.impl.client.DefaultHttpClient - Connection can be kept alive indefinitely
22:41:20.446 [main] DEBUG org.apache.http.impl.client.DefaultHttpClient - Authentication succeeded
22:41:20.446 [main] DEBUG org.apache.http.impl.client.TargetAuthenticationStrategy - Caching 'basic' auth scheme for http://localhost:81
22:41:20.446 [main] DEBUG io.restassured.internal.RestAssuredHttpBuilder - Parsing response as: application/json
22:41:20.446 [main] DEBUG org.apache.http.wire -  << "3c[\r][\n]"
22:41:20.446 [main] DEBUG org.apache.http.wire -  << "[0x1f][0x8b][0x8][0x0][0x0][0x0][0x0][0x0][0x0][0x3][0xab]V[0xca]*[0xce][0xcf]+*HV[0xb2]R2[0xd2]3P[0xd2]Q*J-.[0xcd])Q[0xb2]2[0xb5]0[0xd3]Q[0xca]LQ[0xb2]242[0x6][0xa2]Z[0x0][0x8f]V[0xd2][0x95]*[0x0][0x0][0x0]"
22:41:20.446 [main] DEBUG org.apache.http.wire -  << "[\r][\n]"
22:41:20.446 [main] DEBUG org.apache.http.wire -  << "0[\r][\n]"
22:41:20.446 [main] DEBUG org.apache.http.wire -  << "[\r][\n]"
22:41:20.446 [main] DEBUG io.restassured.internal.RestAssuredHttpBuilder - Parsed data to instance of: class org.apache.http.conn.EofSensorInputStream
22:41:20.446 [main] DEBUG org.apache.http.impl.conn.BasicClientConnectionManager - Releasing connection org.apache.http.impl.conn.ManagedClientConnectionImpl@7e5c8c80
22:41:20.446 [main] DEBUG org.apache.http.impl.conn.BasicClientConnectionManager - Connection can be kept alive indefinitely
{
    "jsonrpc": "2.0",
    "result": 586,
    "id": 123123
}
{
    "jsonrpc": "2.0",
    "result": 586,
    "id": 123123
}
Request method:	POST
Request URI:	http://localhost:81/jsonrpc.php
Proxy:			<none>
Request params:	<none>
Query params:	<none>
Form params:	<none>
Path params:	<none>
Headers:		Accept=*/*
				Content-Type=text/plain; charset=ISO-8859-1
Cookies:		<none>
Multiparts:		<none>
Body:
{"jsonrpc":"2.0","method":"createProject","id":345,"params":{"name":"API_Project","description":"API_Project Description","owner_id":586}}
22:41:20.458 [main] DEBUG org.apache.http.impl.conn.BasicClientConnectionManager - Get connection for route {}->http://localhost:81
22:41:20.458 [main] DEBUG org.apache.http.impl.conn.DefaultClientConnectionOperator - Connecting to localhost:81
22:41:20.460 [main] DEBUG org.apache.http.client.protocol.RequestAddCookies - CookieSpec selected: ignoreCookies
22:41:20.460 [main] DEBUG org.apache.http.client.protocol.RequestAuthCache - Auth cache not set in the context
22:41:20.460 [main] DEBUG org.apache.http.client.protocol.RequestTargetAuthentication - Target auth state: UNCHALLENGED
22:41:20.460 [main] DEBUG org.apache.http.client.protocol.RequestProxyAuthentication - Proxy auth state: UNCHALLENGED
22:41:20.460 [main] DEBUG org.apache.http.impl.client.DefaultHttpClient - Attempt 1 to execute request
22:41:20.460 [main] DEBUG org.apache.http.impl.conn.DefaultClientConnection - Sending request: POST /jsonrpc.php HTTP/1.1
22:41:20.460 [main] DEBUG org.apache.http.wire -  >> "POST /jsonrpc.php HTTP/1.1[\r][\n]"
22:41:20.460 [main] DEBUG org.apache.http.wire -  >> "Accept: */*[\r][\n]"
22:41:20.460 [main] DEBUG org.apache.http.wire -  >> "Content-Type: text/plain; charset=ISO-8859-1[\r][\n]"
22:41:20.460 [main] DEBUG org.apache.http.wire -  >> "Content-Length: 138[\r][\n]"
22:41:20.460 [main] DEBUG org.apache.http.wire -  >> "Host: localhost:81[\r][\n]"
22:41:20.460 [main] DEBUG org.apache.http.wire -  >> "Connection: Keep-Alive[\r][\n]"
22:41:20.460 [main] DEBUG org.apache.http.wire -  >> "User-Agent: Apache-HttpClient/4.5.13 (Java/17)[\r][\n]"
22:41:20.460 [main] DEBUG org.apache.http.wire -  >> "Accept-Encoding: gzip,deflate[\r][\n]"
22:41:20.460 [main] DEBUG org.apache.http.wire -  >> "[\r][\n]"
22:41:20.460 [main] DEBUG org.apache.http.headers - >> POST /jsonrpc.php HTTP/1.1
22:41:20.460 [main] DEBUG org.apache.http.headers - >> Accept: */*
22:41:20.460 [main] DEBUG org.apache.http.headers - >> Content-Type: text/plain; charset=ISO-8859-1
22:41:20.460 [main] DEBUG org.apache.http.headers - >> Content-Length: 138
22:41:20.460 [main] DEBUG org.apache.http.headers - >> Host: localhost:81
22:41:20.460 [main] DEBUG org.apache.http.headers - >> Connection: Keep-Alive
22:41:20.460 [main] DEBUG org.apache.http.headers - >> User-Agent: Apache-HttpClient/4.5.13 (Java/17)
22:41:20.460 [main] DEBUG org.apache.http.headers - >> Accept-Encoding: gzip,deflate
22:41:20.460 [main] DEBUG org.apache.http.wire -  >> "{"jsonrpc":"2.0","method":"createProject","id":345,"params":{"name":"API_Project","description":"API_Project Description","owner_id":586}}"
22:41:20.466 [main] DEBUG org.apache.http.wire -  << "HTTP/1.1 401 Unauthorized[\r][\n]"
22:41:20.467 [main] DEBUG org.apache.http.wire -  << "Server: nginx[\r][\n]"
22:41:20.467 [main] DEBUG org.apache.http.wire -  << "Date: Wed, 26 Jul 2023 19:41:20 GMT[\r][\n]"
22:41:20.467 [main] DEBUG org.apache.http.wire -  << "Content-Type: application/json[\r][\n]"
22:41:20.467 [main] DEBUG org.apache.http.wire -  << "Transfer-Encoding: chunked[\r][\n]"
22:41:20.467 [main] DEBUG org.apache.http.wire -  << "Connection: keep-alive[\r][\n]"
22:41:20.467 [main] DEBUG org.apache.http.wire -  << "WWW-Authenticate: Basic realm="JsonRPC"[\r][\n]"
22:41:20.467 [main] DEBUG org.apache.http.wire -  << "[\r][\n]"
22:41:20.467 [main] DEBUG org.apache.http.impl.conn.DefaultClientConnection - Receiving response: HTTP/1.1 401 Unauthorized
22:41:20.467 [main] DEBUG org.apache.http.headers - << HTTP/1.1 401 Unauthorized
22:41:20.467 [main] DEBUG org.apache.http.headers - << Server: nginx
22:41:20.467 [main] DEBUG org.apache.http.headers - << Date: Wed, 26 Jul 2023 19:41:20 GMT
22:41:20.467 [main] DEBUG org.apache.http.headers - << Content-Type: application/json
22:41:20.467 [main] DEBUG org.apache.http.headers - << Transfer-Encoding: chunked
22:41:20.467 [main] DEBUG org.apache.http.headers - << Connection: keep-alive
22:41:20.467 [main] DEBUG org.apache.http.headers - << WWW-Authenticate: Basic realm="JsonRPC"
22:41:20.467 [main] DEBUG org.apache.http.impl.client.DefaultHttpClient - Connection can be kept alive indefinitely
22:41:20.467 [main] DEBUG org.apache.http.impl.client.DefaultHttpClient - Authentication required
22:41:20.467 [main] DEBUG org.apache.http.impl.client.DefaultHttpClient - localhost:81 requested authentication
22:41:20.467 [main] DEBUG org.apache.http.impl.client.TargetAuthenticationStrategy - Authentication schemes in the order of preference: [Negotiate, Kerberos, NTLM, CredSSP, Digest, Basic]
22:41:20.467 [main] DEBUG org.apache.http.impl.client.TargetAuthenticationStrategy - Challenge for Negotiate authentication scheme not available
22:41:20.467 [main] DEBUG org.apache.http.impl.client.TargetAuthenticationStrategy - Challenge for Kerberos authentication scheme not available
22:41:20.467 [main] DEBUG org.apache.http.impl.client.TargetAuthenticationStrategy - Challenge for NTLM authentication scheme not available
22:41:20.467 [main] DEBUG org.apache.http.impl.client.TargetAuthenticationStrategy - Challenge for CredSSP authentication scheme not available
22:41:20.467 [main] DEBUG org.apache.http.impl.client.TargetAuthenticationStrategy - Challenge for Digest authentication scheme not available
22:41:20.467 [main] DEBUG org.apache.http.impl.client.DefaultHttpClient - Selected authentication options: [BASIC [complete=true]]
22:41:20.467 [main] DEBUG org.apache.http.wire -  << "49[\r][\n]"
22:41:20.467 [main] DEBUG org.apache.http.wire -  << "{"jsonrpc":"2.0","error":{"code":401,"message":"Unauthorized"},"id":null}"
22:41:20.467 [main] DEBUG org.apache.http.wire -  << "[\r][\n]"
22:41:20.467 [main] DEBUG org.apache.http.wire -  << "0[\r][\n]"
22:41:20.467 [main] DEBUG org.apache.http.wire -  << "[\r][\n]"
22:41:20.467 [main] DEBUG org.apache.http.client.protocol.RequestAddCookies - CookieSpec selected: ignoreCookies
22:41:20.467 [main] DEBUG org.apache.http.client.protocol.RequestAuthCache - Auth cache not set in the context
22:41:20.467 [main] DEBUG org.apache.http.client.protocol.RequestTargetAuthentication - Target auth state: CHALLENGED
22:41:20.467 [main] DEBUG org.apache.http.client.protocol.RequestTargetAuthentication - Generating response to an authentication challenge using basic scheme
22:41:20.467 [main] DEBUG org.apache.http.client.protocol.RequestProxyAuthentication - Proxy auth state: UNCHALLENGED
22:41:20.467 [main] DEBUG org.apache.http.impl.client.DefaultHttpClient - Attempt 2 to execute request
22:41:20.467 [main] DEBUG org.apache.http.impl.conn.DefaultClientConnection - Sending request: POST /jsonrpc.php HTTP/1.1
22:41:20.467 [main] DEBUG org.apache.http.wire -  >> "POST /jsonrpc.php HTTP/1.1[\r][\n]"
22:41:20.467 [main] DEBUG org.apache.http.wire -  >> "Accept: */*[\r][\n]"
22:41:20.467 [main] DEBUG org.apache.http.wire -  >> "Content-Type: text/plain; charset=ISO-8859-1[\r][\n]"
22:41:20.467 [main] DEBUG org.apache.http.wire -  >> "Content-Length: 138[\r][\n]"
22:41:20.467 [main] DEBUG org.apache.http.wire -  >> "Host: localhost:81[\r][\n]"
22:41:20.467 [main] DEBUG org.apache.http.wire -  >> "Connection: Keep-Alive[\r][\n]"
22:41:20.467 [main] DEBUG org.apache.http.wire -  >> "User-Agent: Apache-HttpClient/4.5.13 (Java/17)[\r][\n]"
22:41:20.467 [main] DEBUG org.apache.http.wire -  >> "Authorization: Basic a3lyeWxvQVBJVGVzdExvZ2luOmt5cnlsb0FQSVRlc3RQYXNzd29yZA==[\r][\n]"
22:41:20.467 [main] DEBUG org.apache.http.wire -  >> "Accept-Encoding: gzip,deflate[\r][\n]"
22:41:20.467 [main] DEBUG org.apache.http.wire -  >> "[\r][\n]"
22:41:20.467 [main] DEBUG org.apache.http.headers - >> POST /jsonrpc.php HTTP/1.1
22:41:20.467 [main] DEBUG org.apache.http.headers - >> Accept: */*
22:41:20.467 [main] DEBUG org.apache.http.headers - >> Content-Type: text/plain; charset=ISO-8859-1
22:41:20.467 [main] DEBUG org.apache.http.headers - >> Content-Length: 138
22:41:20.467 [main] DEBUG org.apache.http.headers - >> Host: localhost:81
22:41:20.467 [main] DEBUG org.apache.http.headers - >> Connection: Keep-Alive
22:41:20.467 [main] DEBUG org.apache.http.headers - >> User-Agent: Apache-HttpClient/4.5.13 (Java/17)
22:41:20.467 [main] DEBUG org.apache.http.headers - >> Authorization: Basic a3lyeWxvQVBJVGVzdExvZ2luOmt5cnlsb0FQSVRlc3RQYXNzd29yZA==
22:41:20.467 [main] DEBUG org.apache.http.headers - >> Accept-Encoding: gzip,deflate
22:41:20.467 [main] DEBUG org.apache.http.wire -  >> "{"jsonrpc":"2.0","method":"createProject","id":345,"params":{"name":"API_Project","description":"API_Project Description","owner_id":586}}"
22:41:20.563 [main] DEBUG org.apache.http.wire -  << "HTTP/1.1 200 OK[\r][\n]"
22:41:20.563 [main] DEBUG org.apache.http.wire -  << "Server: nginx[\r][\n]"
22:41:20.563 [main] DEBUG org.apache.http.wire -  << "Date: Wed, 26 Jul 2023 19:41:20 GMT[\r][\n]"
22:41:20.563 [main] DEBUG org.apache.http.wire -  << "Content-Type: application/json[\r][\n]"
22:41:20.563 [main] DEBUG org.apache.http.wire -  << "Transfer-Encoding: chunked[\r][\n]"
22:41:20.563 [main] DEBUG org.apache.http.wire -  << "Connection: keep-alive[\r][\n]"
22:41:20.563 [main] DEBUG org.apache.http.wire -  << "Vary: Accept-Encoding[\r][\n]"
22:41:20.563 [main] DEBUG org.apache.http.wire -  << "Content-Encoding: gzip[\r][\n]"
22:41:20.563 [main] DEBUG org.apache.http.wire -  << "[\r][\n]"
22:41:20.563 [main] DEBUG org.apache.http.impl.conn.DefaultClientConnection - Receiving response: HTTP/1.1 200 OK
22:41:20.563 [main] DEBUG org.apache.http.headers - << HTTP/1.1 200 OK
22:41:20.563 [main] DEBUG org.apache.http.headers - << Server: nginx
22:41:20.563 [main] DEBUG org.apache.http.headers - << Date: Wed, 26 Jul 2023 19:41:20 GMT
22:41:20.563 [main] DEBUG org.apache.http.headers - << Content-Type: application/json
22:41:20.563 [main] DEBUG org.apache.http.headers - << Transfer-Encoding: chunked
22:41:20.563 [main] DEBUG org.apache.http.headers - << Connection: keep-alive
22:41:20.563 [main] DEBUG org.apache.http.headers - << Vary: Accept-Encoding
22:41:20.563 [main] DEBUG org.apache.http.headers - << Content-Encoding: gzip
22:41:20.564 [main] DEBUG org.apache.http.impl.client.DefaultHttpClient - Connection can be kept alive indefinitely
22:41:20.564 [main] DEBUG org.apache.http.impl.client.DefaultHttpClient - Authentication succeeded
22:41:20.564 [main] DEBUG org.apache.http.impl.client.TargetAuthenticationStrategy - Caching 'basic' auth scheme for http://localhost:81
22:41:20.564 [main] DEBUG io.restassured.internal.RestAssuredHttpBuilder - Parsing response as: application/json
22:41:20.564 [main] DEBUG org.apache.http.wire -  << "39[\r][\n]"
22:41:20.564 [main] DEBUG org.apache.http.wire -  << "[0x1f][0x8b][0x8][0x0][0x0][0x0][0x0][0x0][0x0][0x3][0xab]V[0xca]*[0xce][0xcf]+*HV[0xb2]R2[0xd2]3P[0xd2]Q*J-.[0xcd])Q[0xb2]2[0xb6]4[0xd0]Q[0xca]L[0x1]2LLk[0x1][0x87][0x13][0xd3][0x80]'[0x0][0x0][0x0]"
22:41:20.564 [main] DEBUG org.apache.http.wire -  << "[\r][\n]"
22:41:20.564 [main] DEBUG org.apache.http.wire -  << "0[\r][\n]"
22:41:20.564 [main] DEBUG org.apache.http.wire -  << "[\r][\n]"
22:41:20.564 [main] DEBUG io.restassured.internal.RestAssuredHttpBuilder - Parsed data to instance of: class org.apache.http.conn.EofSensorInputStream
22:41:20.564 [main] DEBUG org.apache.http.impl.conn.BasicClientConnectionManager - Releasing connection org.apache.http.impl.conn.ManagedClientConnectionImpl@20608ef4
22:41:20.564 [main] DEBUG org.apache.http.impl.conn.BasicClientConnectionManager - Connection can be kept alive indefinitely
{
    "jsonrpc": "2.0",
    "result": 390,
    "id": 345
}
{
    "jsonrpc": "2.0",
    "result": 390,
    "id": 345
}
Request method:	POST
Request URI:	http://localhost:81/jsonrpc.php
Proxy:			<none>
Request params:	<none>
Query params:	<none>
Form params:	<none>
Path params:	<none>
Headers:		Accept=*/*
				Content-Type=text/plain; charset=ISO-8859-1
Cookies:		<none>
Multiparts:		<none>
Body:
{"jsonrpc":"2.0","method":"createTask","id":678,"params":{"title":"API_TASK","description":"API_DESCRIPTION","color_id":"green","owner_id":586,"column_id":54,"priority":1,"project_id":390}}
22:41:20.574 [main] DEBUG org.apache.http.impl.conn.BasicClientConnectionManager - Get connection for route {}->http://localhost:81
22:41:20.574 [main] DEBUG org.apache.http.impl.conn.DefaultClientConnectionOperator - Connecting to localhost:81
22:41:20.575 [main] DEBUG org.apache.http.client.protocol.RequestAddCookies - CookieSpec selected: ignoreCookies
22:41:20.575 [main] DEBUG org.apache.http.client.protocol.RequestAuthCache - Auth cache not set in the context
22:41:20.575 [main] DEBUG org.apache.http.client.protocol.RequestTargetAuthentication - Target auth state: UNCHALLENGED
22:41:20.575 [main] DEBUG org.apache.http.client.protocol.RequestProxyAuthentication - Proxy auth state: UNCHALLENGED
22:41:20.575 [main] DEBUG org.apache.http.impl.client.DefaultHttpClient - Attempt 1 to execute request
22:41:20.575 [main] DEBUG org.apache.http.impl.conn.DefaultClientConnection - Sending request: POST /jsonrpc.php HTTP/1.1
22:41:20.575 [main] DEBUG org.apache.http.wire -  >> "POST /jsonrpc.php HTTP/1.1[\r][\n]"
22:41:20.575 [main] DEBUG org.apache.http.wire -  >> "Accept: */*[\r][\n]"
22:41:20.575 [main] DEBUG org.apache.http.wire -  >> "Content-Type: text/plain; charset=ISO-8859-1[\r][\n]"
22:41:20.575 [main] DEBUG org.apache.http.wire -  >> "Content-Length: 189[\r][\n]"
22:41:20.575 [main] DEBUG org.apache.http.wire -  >> "Host: localhost:81[\r][\n]"
22:41:20.575 [main] DEBUG org.apache.http.wire -  >> "Connection: Keep-Alive[\r][\n]"
22:41:20.575 [main] DEBUG org.apache.http.wire -  >> "User-Agent: Apache-HttpClient/4.5.13 (Java/17)[\r][\n]"
22:41:20.575 [main] DEBUG org.apache.http.wire -  >> "Accept-Encoding: gzip,deflate[\r][\n]"
22:41:20.575 [main] DEBUG org.apache.http.wire -  >> "[\r][\n]"
22:41:20.575 [main] DEBUG org.apache.http.headers - >> POST /jsonrpc.php HTTP/1.1
22:41:20.575 [main] DEBUG org.apache.http.headers - >> Accept: */*
22:41:20.575 [main] DEBUG org.apache.http.headers - >> Content-Type: text/plain; charset=ISO-8859-1
22:41:20.575 [main] DEBUG org.apache.http.headers - >> Content-Length: 189
22:41:20.575 [main] DEBUG org.apache.http.headers - >> Host: localhost:81
22:41:20.575 [main] DEBUG org.apache.http.headers - >> Connection: Keep-Alive
22:41:20.575 [main] DEBUG org.apache.http.headers - >> User-Agent: Apache-HttpClient/4.5.13 (Java/17)
22:41:20.575 [main] DEBUG org.apache.http.headers - >> Accept-Encoding: gzip,deflate
22:41:20.576 [main] DEBUG org.apache.http.wire -  >> "{"jsonrpc":"2.0","method":"createTask","id":678,"params":{"title":"API_TASK","description":"API_DESCRIPTION","color_id":"green","owner_id":586,"column_id":54,"priority":1,"project_id":390}}"
22:41:20.584 [main] DEBUG org.apache.http.wire -  << "HTTP/1.1 401 Unauthorized[\r][\n]"
22:41:20.584 [main] DEBUG org.apache.http.wire -  << "Server: nginx[\r][\n]"
22:41:20.584 [main] DEBUG org.apache.http.wire -  << "Date: Wed, 26 Jul 2023 19:41:20 GMT[\r][\n]"
22:41:20.584 [main] DEBUG org.apache.http.wire -  << "Content-Type: application/json[\r][\n]"
22:41:20.584 [main] DEBUG org.apache.http.wire -  << "Transfer-Encoding: chunked[\r][\n]"
22:41:20.585 [main] DEBUG org.apache.http.wire -  << "Connection: keep-alive[\r][\n]"
22:41:20.585 [main] DEBUG org.apache.http.wire -  << "WWW-Authenticate: Basic realm="JsonRPC"[\r][\n]"
22:41:20.585 [main] DEBUG org.apache.http.wire -  << "[\r][\n]"
22:41:20.585 [main] DEBUG org.apache.http.impl.conn.DefaultClientConnection - Receiving response: HTTP/1.1 401 Unauthorized
22:41:20.585 [main] DEBUG org.apache.http.headers - << HTTP/1.1 401 Unauthorized
22:41:20.585 [main] DEBUG org.apache.http.headers - << Server: nginx
22:41:20.585 [main] DEBUG org.apache.http.headers - << Date: Wed, 26 Jul 2023 19:41:20 GMT
22:41:20.585 [main] DEBUG org.apache.http.headers - << Content-Type: application/json
22:41:20.585 [main] DEBUG org.apache.http.headers - << Transfer-Encoding: chunked
22:41:20.585 [main] DEBUG org.apache.http.headers - << Connection: keep-alive
22:41:20.585 [main] DEBUG org.apache.http.headers - << WWW-Authenticate: Basic realm="JsonRPC"
22:41:20.585 [main] DEBUG org.apache.http.impl.client.DefaultHttpClient - Connection can be kept alive indefinitely
22:41:20.585 [main] DEBUG org.apache.http.impl.client.DefaultHttpClient - Authentication required
22:41:20.585 [main] DEBUG org.apache.http.impl.client.DefaultHttpClient - localhost:81 requested authentication
22:41:20.585 [main] DEBUG org.apache.http.impl.client.TargetAuthenticationStrategy - Authentication schemes in the order of preference: [Negotiate, Kerberos, NTLM, CredSSP, Digest, Basic]
22:41:20.585 [main] DEBUG org.apache.http.impl.client.TargetAuthenticationStrategy - Challenge for Negotiate authentication scheme not available
22:41:20.585 [main] DEBUG org.apache.http.impl.client.TargetAuthenticationStrategy - Challenge for Kerberos authentication scheme not available
22:41:20.585 [main] DEBUG org.apache.http.impl.client.TargetAuthenticationStrategy - Challenge for NTLM authentication scheme not available
22:41:20.585 [main] DEBUG org.apache.http.impl.client.TargetAuthenticationStrategy - Challenge for CredSSP authentication scheme not available
22:41:20.585 [main] DEBUG org.apache.http.impl.client.TargetAuthenticationStrategy - Challenge for Digest authentication scheme not available
22:41:20.585 [main] DEBUG org.apache.http.impl.client.DefaultHttpClient - Selected authentication options: [BASIC [complete=true]]
22:41:20.585 [main] DEBUG org.apache.http.wire -  << "49[\r][\n]"
22:41:20.585 [main] DEBUG org.apache.http.wire -  << "{"jsonrpc":"2.0","error":{"code":401,"message":"Unauthorized"},"id":null}"
22:41:20.585 [main] DEBUG org.apache.http.wire -  << "[\r][\n]"
22:41:20.585 [main] DEBUG org.apache.http.wire -  << "0[\r][\n]"
22:41:20.585 [main] DEBUG org.apache.http.wire -  << "[\r][\n]"
22:41:20.585 [main] DEBUG org.apache.http.client.protocol.RequestAddCookies - CookieSpec selected: ignoreCookies
22:41:20.585 [main] DEBUG org.apache.http.client.protocol.RequestAuthCache - Auth cache not set in the context
22:41:20.585 [main] DEBUG org.apache.http.client.protocol.RequestTargetAuthentication - Target auth state: CHALLENGED
22:41:20.585 [main] DEBUG org.apache.http.client.protocol.RequestTargetAuthentication - Generating response to an authentication challenge using basic scheme
22:41:20.585 [main] DEBUG org.apache.http.client.protocol.RequestProxyAuthentication - Proxy auth state: UNCHALLENGED
22:41:20.585 [main] DEBUG org.apache.http.impl.client.DefaultHttpClient - Attempt 2 to execute request
22:41:20.585 [main] DEBUG org.apache.http.impl.conn.DefaultClientConnection - Sending request: POST /jsonrpc.php HTTP/1.1
22:41:20.585 [main] DEBUG org.apache.http.wire -  >> "POST /jsonrpc.php HTTP/1.1[\r][\n]"
22:41:20.585 [main] DEBUG org.apache.http.wire -  >> "Accept: */*[\r][\n]"
22:41:20.585 [main] DEBUG org.apache.http.wire -  >> "Content-Type: text/plain; charset=ISO-8859-1[\r][\n]"
22:41:20.585 [main] DEBUG org.apache.http.wire -  >> "Content-Length: 189[\r][\n]"
22:41:20.585 [main] DEBUG org.apache.http.wire -  >> "Host: localhost:81[\r][\n]"
22:41:20.585 [main] DEBUG org.apache.http.wire -  >> "Connection: Keep-Alive[\r][\n]"
22:41:20.585 [main] DEBUG org.apache.http.wire -  >> "User-Agent: Apache-HttpClient/4.5.13 (Java/17)[\r][\n]"
22:41:20.585 [main] DEBUG org.apache.http.wire -  >> "Authorization: Basic a3lyeWxvQVBJVGVzdExvZ2luOmt5cnlsb0FQSVRlc3RQYXNzd29yZA==[\r][\n]"
22:41:20.585 [main] DEBUG org.apache.http.wire -  >> "Accept-Encoding: gzip,deflate[\r][\n]"
22:41:20.585 [main] DEBUG org.apache.http.wire -  >> "[\r][\n]"
22:41:20.585 [main] DEBUG org.apache.http.headers - >> POST /jsonrpc.php HTTP/1.1
22:41:20.585 [main] DEBUG org.apache.http.headers - >> Accept: */*
22:41:20.585 [main] DEBUG org.apache.http.headers - >> Content-Type: text/plain; charset=ISO-8859-1
22:41:20.585 [main] DEBUG org.apache.http.headers - >> Content-Length: 189
22:41:20.585 [main] DEBUG org.apache.http.headers - >> Host: localhost:81
22:41:20.585 [main] DEBUG org.apache.http.headers - >> Connection: Keep-Alive
22:41:20.585 [main] DEBUG org.apache.http.headers - >> User-Agent: Apache-HttpClient/4.5.13 (Java/17)
22:41:20.585 [main] DEBUG org.apache.http.headers - >> Authorization: Basic a3lyeWxvQVBJVGVzdExvZ2luOmt5cnlsb0FQSVRlc3RQYXNzd29yZA==
22:41:20.585 [main] DEBUG org.apache.http.headers - >> Accept-Encoding: gzip,deflate
22:41:20.585 [main] DEBUG org.apache.http.wire -  >> "{"jsonrpc":"2.0","method":"createTask","id":678,"params":{"title":"API_TASK","description":"API_DESCRIPTION","color_id":"green","owner_id":586,"column_id":54,"priority":1,"project_id":390}}"
22:41:20.702 [main] DEBUG org.apache.http.wire -  << "HTTP/1.1 200 OK[\r][\n]"
22:41:20.703 [main] DEBUG org.apache.http.wire -  << "Server: nginx[\r][\n]"
22:41:20.703 [main] DEBUG org.apache.http.wire -  << "Date: Wed, 26 Jul 2023 19:41:20 GMT[\r][\n]"
22:41:20.703 [main] DEBUG org.apache.http.wire -  << "Content-Type: application/json[\r][\n]"
22:41:20.703 [main] DEBUG org.apache.http.wire -  << "Transfer-Encoding: chunked[\r][\n]"
22:41:20.703 [main] DEBUG org.apache.http.wire -  << "Connection: keep-alive[\r][\n]"
22:41:20.703 [main] DEBUG org.apache.http.wire -  << "Vary: Accept-Encoding[\r][\n]"
22:41:20.703 [main] DEBUG org.apache.http.wire -  << "Content-Encoding: gzip[\r][\n]"
22:41:20.703 [main] DEBUG org.apache.http.wire -  << "[\r][\n]"
22:41:20.703 [main] DEBUG org.apache.http.impl.conn.DefaultClientConnection - Receiving response: HTTP/1.1 200 OK
22:41:20.703 [main] DEBUG org.apache.http.headers - << HTTP/1.1 200 OK
22:41:20.703 [main] DEBUG org.apache.http.headers - << Server: nginx
22:41:20.703 [main] DEBUG org.apache.http.headers - << Date: Wed, 26 Jul 2023 19:41:20 GMT
22:41:20.703 [main] DEBUG org.apache.http.headers - << Content-Type: application/json
22:41:20.703 [main] DEBUG org.apache.http.headers - << Transfer-Encoding: chunked
22:41:20.703 [main] DEBUG org.apache.http.headers - << Connection: keep-alive
22:41:20.703 [main] DEBUG org.apache.http.headers - << Vary: Accept-Encoding
22:41:20.703 [main] DEBUG org.apache.http.headers - << Content-Encoding: gzip
22:41:20.703 [main] DEBUG org.apache.http.impl.client.DefaultHttpClient - Connection can be kept alive indefinitely
22:41:20.703 [main] DEBUG org.apache.http.impl.client.DefaultHttpClient - Authentication succeeded
22:41:20.703 [main] DEBUG org.apache.http.impl.client.TargetAuthenticationStrategy - Caching 'basic' auth scheme for http://localhost:81
22:41:20.703 [main] DEBUG io.restassured.internal.RestAssuredHttpBuilder - Parsing response as: application/json
22:41:20.703 [main] DEBUG org.apache.http.wire -  << "3b[\r][\n]"
22:41:20.703 [main] DEBUG org.apache.http.wire -  << "[0x1f][0x8b][0x8][0x0][0x0][0x0][0x0][0x0][0x0][0x3][0xab]V[0xca]*[0xce][0xcf]+*HV[0xb2]R2[0xd2]3P[0xd2]Q*J-.[0xcd])Q[0xb2]225[0xd2]Q[0xca]LQ[0xb2]23[0xb7][0xa8][0x5][0x0]d[0xe][0x15][0x80]'[0x0][0x0][0x0]"
22:41:20.703 [main] DEBUG org.apache.http.wire -  << "[\r][\n]"
22:41:20.703 [main] DEBUG org.apache.http.wire -  << "0[\r][\n]"
22:41:20.703 [main] DEBUG org.apache.http.wire -  << "[\r][\n]"
22:41:20.703 [main] DEBUG io.restassured.internal.RestAssuredHttpBuilder - Parsed data to instance of: class org.apache.http.conn.EofSensorInputStream
22:41:20.704 [main] DEBUG org.apache.http.impl.conn.BasicClientConnectionManager - Releasing connection org.apache.http.impl.conn.ManagedClientConnectionImpl@7c31e01f
22:41:20.704 [main] DEBUG org.apache.http.impl.conn.BasicClientConnectionManager - Connection can be kept alive indefinitely
{
    "jsonrpc": "2.0",
    "result": 252,
    "id": 678
}
{
    "jsonrpc": "2.0",
    "result": 252,
    "id": 678
}
Request method:	DELETE
Request URI:	http://localhost:81/jsonrpc.php
Proxy:			<none>
Request params:	<none>
Query params:	<none>
Form params:	<none>
Path params:	<none>
Headers:		Accept=*/*
				Content-Type=text/plain; charset=ISO-8859-1
Cookies:		<none>
Multiparts:		<none>
Body:
{"jsonrpc":"2.0","method":"removeTask","id":890,"params":{"task_id":252}}
22:41:20.721 [main] DEBUG org.apache.http.impl.conn.BasicClientConnectionManager - Get connection for route {}->http://localhost:81
22:41:20.721 [main] DEBUG org.apache.http.impl.conn.DefaultClientConnectionOperator - Connecting to localhost:81
22:41:20.722 [main] DEBUG org.apache.http.client.protocol.RequestAddCookies - CookieSpec selected: ignoreCookies
22:41:20.722 [main] DEBUG org.apache.http.client.protocol.RequestAuthCache - Auth cache not set in the context
22:41:20.722 [main] DEBUG org.apache.http.client.protocol.RequestTargetAuthentication - Target auth state: UNCHALLENGED
22:41:20.722 [main] DEBUG org.apache.http.client.protocol.RequestProxyAuthentication - Proxy auth state: UNCHALLENGED
22:41:20.722 [main] DEBUG org.apache.http.impl.client.DefaultHttpClient - Attempt 1 to execute request
22:41:20.722 [main] DEBUG org.apache.http.impl.conn.DefaultClientConnection - Sending request: DELETE /jsonrpc.php HTTP/1.1
22:41:20.722 [main] DEBUG org.apache.http.wire -  >> "DELETE /jsonrpc.php HTTP/1.1[\r][\n]"
22:41:20.722 [main] DEBUG org.apache.http.wire -  >> "Accept: */*[\r][\n]"
22:41:20.722 [main] DEBUG org.apache.http.wire -  >> "Content-Type: text/plain; charset=ISO-8859-1[\r][\n]"
22:41:20.722 [main] DEBUG org.apache.http.wire -  >> "Content-Length: 73[\r][\n]"
22:41:20.722 [main] DEBUG org.apache.http.wire -  >> "Host: localhost:81[\r][\n]"
22:41:20.722 [main] DEBUG org.apache.http.wire -  >> "Connection: Keep-Alive[\r][\n]"
22:41:20.722 [main] DEBUG org.apache.http.wire -  >> "User-Agent: Apache-HttpClient/4.5.13 (Java/17)[\r][\n]"
22:41:20.722 [main] DEBUG org.apache.http.wire -  >> "Accept-Encoding: gzip,deflate[\r][\n]"
22:41:20.722 [main] DEBUG org.apache.http.wire -  >> "[\r][\n]"
22:41:20.722 [main] DEBUG org.apache.http.headers - >> DELETE /jsonrpc.php HTTP/1.1
22:41:20.722 [main] DEBUG org.apache.http.headers - >> Accept: */*
22:41:20.722 [main] DEBUG org.apache.http.headers - >> Content-Type: text/plain; charset=ISO-8859-1
22:41:20.722 [main] DEBUG org.apache.http.headers - >> Content-Length: 73
22:41:20.722 [main] DEBUG org.apache.http.headers - >> Host: localhost:81
22:41:20.722 [main] DEBUG org.apache.http.headers - >> Connection: Keep-Alive
22:41:20.722 [main] DEBUG org.apache.http.headers - >> User-Agent: Apache-HttpClient/4.5.13 (Java/17)
22:41:20.722 [main] DEBUG org.apache.http.headers - >> Accept-Encoding: gzip,deflate
22:41:20.722 [main] DEBUG org.apache.http.wire -  >> "{"jsonrpc":"2.0","method":"removeTask","id":890,"params":{"task_id":252}}"
22:41:20.729 [main] DEBUG org.apache.http.wire -  << "HTTP/1.1 401 Unauthorized[\r][\n]"
22:41:20.729 [main] DEBUG org.apache.http.wire -  << "Server: nginx[\r][\n]"
22:41:20.729 [main] DEBUG org.apache.http.wire -  << "Date: Wed, 26 Jul 2023 19:41:20 GMT[\r][\n]"
22:41:20.729 [main] DEBUG org.apache.http.wire -  << "Content-Type: application/json[\r][\n]"
22:41:20.729 [main] DEBUG org.apache.http.wire -  << "Transfer-Encoding: chunked[\r][\n]"
22:41:20.729 [main] DEBUG org.apache.http.wire -  << "Connection: keep-alive[\r][\n]"
22:41:20.729 [main] DEBUG org.apache.http.wire -  << "WWW-Authenticate: Basic realm="JsonRPC"[\r][\n]"
22:41:20.729 [main] DEBUG org.apache.http.wire -  << "[\r][\n]"
22:41:20.729 [main] DEBUG org.apache.http.impl.conn.DefaultClientConnection - Receiving response: HTTP/1.1 401 Unauthorized
22:41:20.729 [main] DEBUG org.apache.http.headers - << HTTP/1.1 401 Unauthorized
22:41:20.729 [main] DEBUG org.apache.http.headers - << Server: nginx
22:41:20.729 [main] DEBUG org.apache.http.headers - << Date: Wed, 26 Jul 2023 19:41:20 GMT
22:41:20.729 [main] DEBUG org.apache.http.headers - << Content-Type: application/json
22:41:20.729 [main] DEBUG org.apache.http.headers - << Transfer-Encoding: chunked
22:41:20.729 [main] DEBUG org.apache.http.headers - << Connection: keep-alive
22:41:20.729 [main] DEBUG org.apache.http.headers - << WWW-Authenticate: Basic realm="JsonRPC"
22:41:20.729 [main] DEBUG org.apache.http.impl.client.DefaultHttpClient - Connection can be kept alive indefinitely
22:41:20.729 [main] DEBUG org.apache.http.impl.client.DefaultHttpClient - Authentication required
22:41:20.729 [main] DEBUG org.apache.http.impl.client.DefaultHttpClient - localhost:81 requested authentication
22:41:20.729 [main] DEBUG org.apache.http.impl.client.TargetAuthenticationStrategy - Authentication schemes in the order of preference: [Negotiate, Kerberos, NTLM, CredSSP, Digest, Basic]
22:41:20.729 [main] DEBUG org.apache.http.impl.client.TargetAuthenticationStrategy - Challenge for Negotiate authentication scheme not available
22:41:20.729 [main] DEBUG org.apache.http.impl.client.TargetAuthenticationStrategy - Challenge for Kerberos authentication scheme not available
22:41:20.729 [main] DEBUG org.apache.http.impl.client.TargetAuthenticationStrategy - Challenge for NTLM authentication scheme not available
22:41:20.729 [main] DEBUG org.apache.http.impl.client.TargetAuthenticationStrategy - Challenge for CredSSP authentication scheme not available
22:41:20.729 [main] DEBUG org.apache.http.impl.client.TargetAuthenticationStrategy - Challenge for Digest authentication scheme not available
22:41:20.729 [main] DEBUG org.apache.http.impl.client.DefaultHttpClient - Selected authentication options: [BASIC [complete=true]]
22:41:20.729 [main] DEBUG org.apache.http.wire -  << "49[\r][\n]"
22:41:20.729 [main] DEBUG org.apache.http.wire -  << "{"jsonrpc":"2.0","error":{"code":401,"message":"Unauthorized"},"id":null}"
22:41:20.729 [main] DEBUG org.apache.http.wire -  << "[\r][\n]"
22:41:20.729 [main] DEBUG org.apache.http.wire -  << "0[\r][\n]"
22:41:20.729 [main] DEBUG org.apache.http.wire -  << "[\r][\n]"
22:41:20.729 [main] DEBUG org.apache.http.client.protocol.RequestAddCookies - CookieSpec selected: ignoreCookies
22:41:20.730 [main] DEBUG org.apache.http.client.protocol.RequestAuthCache - Auth cache not set in the context
22:41:20.730 [main] DEBUG org.apache.http.client.protocol.RequestTargetAuthentication - Target auth state: CHALLENGED
22:41:20.730 [main] DEBUG org.apache.http.client.protocol.RequestTargetAuthentication - Generating response to an authentication challenge using basic scheme
22:41:20.730 [main] DEBUG org.apache.http.client.protocol.RequestProxyAuthentication - Proxy auth state: UNCHALLENGED
22:41:20.730 [main] DEBUG org.apache.http.impl.client.DefaultHttpClient - Attempt 2 to execute request
22:41:20.730 [main] DEBUG org.apache.http.impl.conn.DefaultClientConnection - Sending request: DELETE /jsonrpc.php HTTP/1.1
22:41:20.730 [main] DEBUG org.apache.http.wire -  >> "DELETE /jsonrpc.php HTTP/1.1[\r][\n]"
22:41:20.730 [main] DEBUG org.apache.http.wire -  >> "Accept: */*[\r][\n]"
22:41:20.730 [main] DEBUG org.apache.http.wire -  >> "Content-Type: text/plain; charset=ISO-8859-1[\r][\n]"
22:41:20.730 [main] DEBUG org.apache.http.wire -  >> "Content-Length: 73[\r][\n]"
22:41:20.730 [main] DEBUG org.apache.http.wire -  >> "Host: localhost:81[\r][\n]"
22:41:20.730 [main] DEBUG org.apache.http.wire -  >> "Connection: Keep-Alive[\r][\n]"
22:41:20.730 [main] DEBUG org.apache.http.wire -  >> "User-Agent: Apache-HttpClient/4.5.13 (Java/17)[\r][\n]"
22:41:20.730 [main] DEBUG org.apache.http.wire -  >> "Authorization: Basic a3lyeWxvQVBJVGVzdExvZ2luOmt5cnlsb0FQSVRlc3RQYXNzd29yZA==[\r][\n]"
22:41:20.730 [main] DEBUG org.apache.http.wire -  >> "Accept-Encoding: gzip,deflate[\r][\n]"
22:41:20.730 [main] DEBUG org.apache.http.wire -  >> "[\r][\n]"
22:41:20.730 [main] DEBUG org.apache.http.headers - >> DELETE /jsonrpc.php HTTP/1.1
22:41:20.730 [main] DEBUG org.apache.http.headers - >> Accept: */*
22:41:20.730 [main] DEBUG org.apache.http.headers - >> Content-Type: text/plain; charset=ISO-8859-1
22:41:20.730 [main] DEBUG org.apache.http.headers - >> Content-Length: 73
22:41:20.730 [main] DEBUG org.apache.http.headers - >> Host: localhost:81
22:41:20.730 [main] DEBUG org.apache.http.headers - >> Connection: Keep-Alive
22:41:20.730 [main] DEBUG org.apache.http.headers - >> User-Agent: Apache-HttpClient/4.5.13 (Java/17)
22:41:20.730 [main] DEBUG org.apache.http.headers - >> Authorization: Basic a3lyeWxvQVBJVGVzdExvZ2luOmt5cnlsb0FQSVRlc3RQYXNzd29yZA==
22:41:20.730 [main] DEBUG org.apache.http.headers - >> Accept-Encoding: gzip,deflate
22:41:20.730 [main] DEBUG org.apache.http.wire -  >> "{"jsonrpc":"2.0","method":"removeTask","id":890,"params":{"task_id":252}}"
22:41:20.836 [main] DEBUG org.apache.http.wire -  << "HTTP/1.1 200 OK[\r][\n]"
22:41:20.836 [main] DEBUG org.apache.http.wire -  << "Server: nginx[\r][\n]"
22:41:20.836 [main] DEBUG org.apache.http.wire -  << "Date: Wed, 26 Jul 2023 19:41:20 GMT[\r][\n]"
22:41:20.836 [main] DEBUG org.apache.http.wire -  << "Content-Type: application/json[\r][\n]"
22:41:20.836 [main] DEBUG org.apache.http.wire -  << "Transfer-Encoding: chunked[\r][\n]"
22:41:20.836 [main] DEBUG org.apache.http.wire -  << "Connection: keep-alive[\r][\n]"
22:41:20.836 [main] DEBUG org.apache.http.wire -  << "Vary: Accept-Encoding[\r][\n]"
22:41:20.836 [main] DEBUG org.apache.http.wire -  << "Content-Encoding: gzip[\r][\n]"
22:41:20.836 [main] DEBUG org.apache.http.wire -  << "[\r][\n]"
22:41:20.836 [main] DEBUG org.apache.http.impl.conn.DefaultClientConnection - Receiving response: HTTP/1.1 200 OK
22:41:20.836 [main] DEBUG org.apache.http.headers - << HTTP/1.1 200 OK
22:41:20.836 [main] DEBUG org.apache.http.headers - << Server: nginx
22:41:20.836 [main] DEBUG org.apache.http.headers - << Date: Wed, 26 Jul 2023 19:41:20 GMT
22:41:20.836 [main] DEBUG org.apache.http.headers - << Content-Type: application/json
22:41:20.836 [main] DEBUG org.apache.http.headers - << Transfer-Encoding: chunked
22:41:20.836 [main] DEBUG org.apache.http.headers - << Connection: keep-alive
22:41:20.836 [main] DEBUG org.apache.http.headers - << Vary: Accept-Encoding
22:41:20.836 [main] DEBUG org.apache.http.headers - << Content-Encoding: gzip
22:41:20.836 [main] DEBUG org.apache.http.impl.client.DefaultHttpClient - Connection can be kept alive indefinitely
22:41:20.836 [main] DEBUG org.apache.http.impl.client.DefaultHttpClient - Authentication succeeded
22:41:20.836 [main] DEBUG org.apache.http.impl.client.TargetAuthenticationStrategy - Caching 'basic' auth scheme for http://localhost:81
22:41:20.837 [main] DEBUG io.restassured.internal.RestAssuredHttpBuilder - Parsing response as: application/json
22:41:20.837 [main] DEBUG org.apache.http.wire -  << "3c[\r][\n]"
22:41:20.837 [main] DEBUG org.apache.http.wire -  << "[0x1f][0x8b][0x8][0x0][0x0][0x0][0x0][0x0][0x0][0x3][0xab]V[0xca]*[0xce][0xcf]+*HV[0xb2]R2[0xd2]3P[0xd2]Q*J-.[0xcd])Q[0xb2]*)*M[0xd5]Q[0xca]LQ[0xb2][0xb2][0xb0]4[0xa8][0x5][0x0][0xc7][0xde]A[0xee]([0x0][0x0][0x0]"
22:41:20.837 [main] DEBUG org.apache.http.wire -  << "[\r][\n]"
22:41:20.837 [main] DEBUG org.apache.http.wire -  << "0[\r][\n]"
22:41:20.837 [main] DEBUG org.apache.http.wire -  << "[\r][\n]"
22:41:20.837 [main] DEBUG io.restassured.internal.RestAssuredHttpBuilder - Parsed data to instance of: class org.apache.http.conn.EofSensorInputStream
22:41:20.837 [main] DEBUG org.apache.http.impl.conn.BasicClientConnectionManager - Releasing connection org.apache.http.impl.conn.ManagedClientConnectionImpl@62977afb
22:41:20.837 [main] DEBUG org.apache.http.impl.conn.BasicClientConnectionManager - Connection can be kept alive indefinitely
{
    "jsonrpc": "2.0",
    "result": true,
    "id": 890
}
{
    "jsonrpc": "2.0",
    "result": true,
    "id": 890
}
]]></system-out>
  </testcase>
</testsuite>