<?xml version="1.0" encoding="UTF-8"?>
<!-- Generated by org.testng.reporters.JUnitReportReporter -->
<testsuite hostname="n-kv-tych1o-f81" failures="0" tests="3" name="UI.tests.LogInTest" time="11.373" errors="0" timestamp="2023-07-26T19:16:34 EEST" skipped="0">
  <testcase classname="UI.tests.LogInTest" name="loginWithIncorrectUsername" time="3.818"/>
  <system-out/>
  <testcase classname="UI.tests.LogInTest" name="loginWithIncorrectPassword" time="4.154"/>
  <system-out/>
  <testcase classname="UI.tests.LogInTest" name="loginWithCorrectCredentialAdmin" time="3.401"/>
  <system-out/>
</testsuite> <!-- UI.tests.LogInTest -->
