<?xml version="1.0" encoding="UTF-8"?>
<!-- Generated by org.testng.reporters.JUnitReportReporter -->
<testsuite hostname="n-kv-tych1o-f81" failures="0" tests="3" name="UI.tests.LogInTest" time="7.683" errors="0" timestamp="2023-07-25T17:42:19 EEST" skipped="0">
  <testcase classname="UI.tests.LogInTest" name="loginWithIncorrectPassword" time="2.471"/>
  <system-out/>
  <testcase classname="UI.tests.LogInTest" name="loginWithIncorrectUsername" time="2.377"/>
  <system-out/>
  <testcase classname="UI.tests.LogInTest" name="loginWithCorrectCredentialAdmin" time="2.835"/>
  <system-out/>
</testsuite> <!-- UI.tests.LogInTest -->
