<?xml version="1.0" encoding="UTF-8"?>
<!-- Generated by org.testng.reporters.JUnitReportReporter -->
<testsuite hostname="n-kv-tych1o-f81" failures="0" tests="3" name="COMBINED.TaskTest" time="25.791" errors="0" timestamp="2023-07-26T19:16:34 EEST" skipped="0">
  <testcase classname="COMBINED.TaskTest" name="closeTaskValidData" time="8.576"/>
  <system-out/>
  <testcase classname="COMBINED.TaskTest" name="createTaskValidData" time="9.596"/>
  <system-out/>
  <testcase classname="COMBINED.TaskTest" name="AddCommentToTaskValidData" time="7.619"/>
  <system-out/>
</testsuite> <!-- COMBINED.TaskTest -->
