<?xml version="1.0" encoding="UTF-8"?>
<!-- Generated by org.testng.reporters.JUnitReportReporter -->
<testsuite hostname="n-kv-tych1o-f81" failures="0" tests="2" name="API.tests.TaskTest" time="1.860" errors="0" timestamp="2023-07-25T17:42:19 EEST" skipped="0">
  <testcase classname="API.tests.TaskTest" name="createTaskValid" time="1.063"/>
  <system-out/>
  <testcase classname="API.tests.TaskTest" name="deleteTaskValid" time="0.797"/>
  <system-out/>
</testsuite> <!-- API.tests.TaskTest -->
