<?xml version="1.0" encoding="UTF-8"?>
<!-- Generated by org.testng.reporters.JUnitReportReporter -->
<testsuite hostname="n-kv-tych1o-f81" failures="0" tests="1" name="API.tests.DeleteUserTest" time="0.306" errors="0" timestamp="2023-07-26T22:41:21 EEST" skipped="0">
  <testcase classname="API.tests.DeleteUserTest" name="deleteUserTest" time="0.306"/>
  <system-out/>
</testsuite> <!-- API.tests.DeleteUserTest -->
