<?xml version="1.0" encoding="UTF-8"?>
<!-- Generated by org.testng.reporters.JUnitReportReporter -->
<testsuite hostname="n-kv-tych1o-f81" failures="0" tests="2" name="API.tests.ProjectTest" time="1.342" errors="0" timestamp="2023-07-26T19:16:34 EEST" skipped="0">
  <testcase classname="API.tests.ProjectTest" name="deleteProjectValid" time="0.733"/>
  <system-out/>
  <testcase classname="API.tests.ProjectTest" name="createProjectValid" time="0.609"/>
  <system-out/>
</testsuite> <!-- API.tests.ProjectTest -->
