<?xml version="1.0" encoding="UTF-8"?>
<!-- Generated by org.testng.reporters.JUnitReportReporter -->
<testsuite hostname="n-kv-tych1o-f81" failures="0" tests="2" name="API.tests.TaskTest" time="1.431" errors="0" timestamp="2023-07-26T22:41:21 EEST" skipped="0">
  <testcase classname="API.tests.TaskTest" name="deleteTaskValid" time="0.682"/>
  <system-out/>
  <testcase classname="API.tests.TaskTest" name="createTaskValid" time="0.749"/>
  <system-out/>
</testsuite> <!-- API.tests.TaskTest -->
