<?xml version="1.0" encoding="UTF-8"?>
<!-- Generated by org.testng.reporters.JUnitReportReporter -->
<testsuite hostname="n-kv-tych1o-f81" failures="0" tests="1" name="UI.tests.ProjectTest" time="6.264" errors="0" timestamp="2023-07-26T19:16:34 EEST" skipped="0">
  <testcase classname="UI.tests.ProjectTest" name="createProjectUI" time="6.264"/>
  <system-out/>
</testsuite> <!-- UI.tests.ProjectTest -->
