<?xml version="1.0" encoding="UTF-8"?>
<!-- Generated by org.testng.reporters.JUnitReportReporter -->
<testsuite hostname="n-kv-tych1o-f81" failures="0" tests="3" name="COMBINED.TaskTest" time="22.076" errors="0" timestamp="2023-07-25T17:42:19 EEST" skipped="0">
  <testcase classname="COMBINED.TaskTest" name="createTaskValidData" time="6.954"/>
  <system-out/>
  <testcase classname="COMBINED.TaskTest" name="AddCommentToTaskValidData" time="8.200"/>
  <system-out/>
  <testcase classname="COMBINED.TaskTest" name="closeTaskValidData" time="6.922"/>
  <system-out/>
</testsuite> <!-- COMBINED.TaskTest -->
