<?xml version="1.0" encoding="UTF-8"?>
<!-- Generated by org.testng.reporters.JUnitReportReporter -->
<testsuite hostname="n-kv-tych1o-f81" failures="0" tests="1" name="API.tests.CreateUserTest" time="4.352" errors="0" timestamp="2023-07-26T19:16:34 EEST" skipped="0">
  <testcase classname="API.tests.CreateUserTest" name="createUserValid" time="4.352"/>
  <system-out/>
</testsuite> <!-- API.tests.CreateUserTest -->
