<?xml version="1.0" encoding="UTF-8"?>
<!-- Generated by org.testng.reporters.JUnitReportReporter -->
<testsuite hostname="n-kv-tych1o-f81" failures="0" tests="2" name="API.tests.TaskTest" time="1.450" errors="0" timestamp="2023-07-26T19:16:34 EEST" skipped="0">
  <testcase classname="API.tests.TaskTest" name="createTaskValid" time="0.706"/>
  <system-out/>
  <testcase classname="API.tests.TaskTest" name="deleteTaskValid" time="0.744"/>
  <system-out/>
</testsuite> <!-- API.tests.TaskTest -->
